INFO:root:2654:Starting Step 1
INFO:root:2686:Current state [[[[1, 2, 3, 4, 5, 6, 7, 8, 9], [1, 2, 3, 4, 5, 6, 7, 8, 9], [1, 2, 3, 4, 5, 6, 7, 8, 9], [1, 2, 3, 4, 5, 6, 7, 8, 9], [9], [4], [1, 2, 3, 4, 5, 6, 7, 8, 9], [6], [1, 2, 3, 4, 5, 6, 7, 8, 9]], [[7], [1], [1, 2, 3, 4, 5, 6, 7, 8, 9], [5], [1, 2, 3, 4, 5, 6, 7, 8, 9], [2], [1, 2, 3, 4, 5, 6, 7, 8, 9], [1, 2, 3, 4, 5, 6, 7, 8, 9], [1, 2, 3, 4, 5, 6, 7, 8, 9]], [[1, 2, 3, 4, 5, 6, 7, 8, 9], [1, 2, 3, 4, 5, 6, 7, 8, 9], [1, 2, 3, 4, 5, 6, 7, 8, 9], [1, 2, 3, 4, 5, 6, 7, 8, 9], [1, 2, 3, 4, 5, 6, 7, 8, 9], [1, 2, 3, 4, 5, 6, 7, 8, 9], [1, 2, 3, 4, 5, 6, 7, 8, 9], [2], [1, 2, 3, 4, 5, 6, 7, 8, 9]], [[1], [1, 2, 3, 4, 5, 6, 7, 8, 9], [8], [1, 2, 3, 4, 5, 6, 7, 8, 9], [1, 2, 3, 4, 5, 6, 7, 8, 9], [1, 2, 3, 4, 5, 6, 7, 8, 9], [3], [5], [2]], [[2], [1, 2, 3, 4, 5, 6, 7, 8, 9], [1, 2, 3, 4, 5, 6, 7, 8, 9], [1, 2, 3, 4, 5, 6, 7, 8, 9], [1, 2, 3, 4, 5, 6, 7, 8, 9], [1, 2, 3, 4, 5, 6, 7, 8, 9], [1, 2, 3, 4, 5, 6, 7, 8, 9], [1, 2, 3, 4, 5, 6, 7, 8, 9], [8]], [[9], [4], [5], [1, 2, 3, 4, 5, 6, 7, 8, 9], [1, 2, 3, 4, 5, 6, 7, 8, 9], [1, 2, 3, 4, 5, 6, 7, 8, 9], [7], [1, 2, 3, 4, 5, 6, 7, 8, 9], [6]], [[1, 2, 3, 4, 5, 6, 7, 8, 9], [2], [1, 2, 3, 4, 5, 6, 7, 8, 9], [1, 2, 3, 4, 5, 6, 7, 8, 9], [1, 2, 3, 4, 5, 6, 7, 8, 9], [1, 2, 3, 4, 5, 6, 7, 8, 9], [1, 2, 3, 4, 5, 6, 7, 8, 9], [1, 2, 3, 4, 5, 6, 7, 8, 9], [1, 2, 3, 4, 5, 6, 7, 8, 9]], [[1, 2, 3, 4, 5, 6, 7, 8, 9], [1, 2, 3, 4, 5, 6, 7, 8, 9], [1, 2, 3, 4, 5, 6, 7, 8, 9], [7], [1, 2, 3, 4, 5, 6, 7, 8, 9], [5], [1, 2, 3, 4, 5, 6, 7, 8, 9], [3], [1]], [[1, 2, 3, 4, 5, 6, 7, 8, 9], [7], [1, 2, 3, 4, 5, 6, 7, 8, 9], [4], [8], [1, 2, 3, 4, 5, 6, 7, 8, 9], [1, 2, 3, 4, 5, 6, 7, 8, 9], [1, 2, 3, 4, 5, 6, 7, 8, 9], [1, 2, 3, 4, 5, 6, 7, 8, 9]]]]
INFO:root:2686:Doing checkSmall1
INFO:root:2686:Getting tiny MUSes, distance 1, for 701 puzlits, 1 repeats
INFO:root:2744:Chunked 701 in [44, 44, 44, 44, 44, 44, 44, 44, 44, 44, 44, 44, 44, 43, 43, 43]
INFO:root:2943:XX found first (3, 3) is not 7 1
INFO:root:2943:XX found first (6, 8) is not 2 1
INFO:root:2944:XX found first (5, 9) is not 3 1
INFO:root:2944:XX found first (1, 9) is not 1 1
INFO:root:2944:XX found first (3, 6) is not 2 1
INFO:root:2944:XX found first (1, 7) is not 2 1
INFO:root:2944:XX found first (6, 7) is not 9 1
INFO:root:2944:XX found first (8, 4) is not 8 1
INFO:root:2944:XX found first (3, 8) is not 7 1
INFO:root:2944:XX found first (6, 7) is not 1 1
INFO:root:2944:XX found first (6, 5) is not 7 1
INFO:root:2944:XX found first (6, 5) is not 9 1
INFO:root:2944:XX found first (7, 2) is not 1 1
INFO:root:2944:XX found first (1, 7) is not 7 1
INFO:root:2944:XX found first (6, 1) is not 7 1
INFO:root:2944:XX found first (4, 1) is not 9 1
INFO:root:2944:XX found first (6, 2) is not 6 1
INFO:root:2944:XX found first (6, 9) is not 5 1
INFO:root:2944:XX found first (6, 3) is not 6 1
INFO:root:2944:XX found first (8, 6) is not 4 1
INFO:root:2944:XX found first (2, 8) is not 3 1
INFO:root:2944:XX found first (2, 5) is not 1 1
INFO:root:2944:XX found first (1, 7) is not 3 1
INFO:root:2944:XX found first (8, 8) is not 7 1
INFO:root:2944:XX found first (2, 7) is not 5 1
INFO:root:2944:XX found first (9, 9) is not 6 1
INFO:root:2944:XX found first (2, 4) is not 4 1
INFO:root:2945:XX found first (3, 2) is not 2 1
INFO:root:2945:XX found first (7, 4) is not 4 1
INFO:root:2945:XX found first (8, 6) is not 3 1
INFO:root:2945:XX found first (8, 3) is not 1 1
INFO:root:2945:XX found first (2, 4) is not 6 1
INFO:root:2945:XX found first (7, 2) is not 5 1
INFO:root:2945:XX found first (9, 7) is not 1 1
INFO:root:2945:XX found first (7, 9) is not 6 1
INFO:root:2945:XX found first (6, 7) is not 6 1
INFO:root:2945:XX found first (2, 9) is not 6 1
INFO:root:2945:XX found first (2, 7) is not 7 1
INFO:root:2945:XX found first (4, 2) is not 8 1
INFO:root:2945:XX found first (4, 8) is not 4 1
INFO:root:2945:XX found first (5, 8) is not 7 1
INFO:root:2945:XX found first (6, 7) is not 4 1
INFO:root:2945:XX found first (5, 6) is not 8 1
INFO:root:2945:XX found first (8, 2) is not 5 1
INFO:root:2945:XX found first (4, 4) is not 2 1
INFO:root:2945:XX found first (9, 5) is not 2 1
INFO:root:2945:XX found first (7, 9) is not 2 1
INFO:root:2945:XX found first (3, 7) is not 3 1
INFO:root:2945:XX found first (6, 1) is not 8 1
INFO:root:2946:XX found first (5, 7) is not 3 1
INFO:root:2946:XX found first (8, 4) is not 5 1
INFO:root:2946:XX found first (3, 4) is not 7 1
INFO:root:2946:XX found first (7, 5) is not 2 1
INFO:root:2946:XX found first (5, 7) is not 8 1
INFO:root:2946:XX found first (3, 1) is not 2 1
INFO:root:2946:XX found first (3, 9) is not 1 1
INFO:root:2946:XX found first (6, 5) is not 6 1
INFO:root:2946:XX found first (2, 5) is not 4 1
INFO:root:2946:XX found first (9, 8) is not 4 1
INFO:root:2946:XX found first (5, 4) is not 5 1
INFO:root:2946:XX found first (5, 8) is not 8 1
INFO:root:2946:XX found first (2, 1) is not 4 1
INFO:root:2946:XX found first (1, 8) is not 9 1
INFO:root:2946:XX found first (6, 8) is not 9 1
INFO:root:2946:XX found first (7, 5) is not 9 1
INFO:root:2946:XX found first (3, 6) is not 4 1
INFO:root:2946:XX found first (5, 5) is not 9 1
INFO:root:2946:XX found first (7, 4) is not 2 1
INFO:root:2946:XX found first (8, 9) is not 7 1
INFO:root:2946:XX found first (8, 8) is not 8 1
INFO:root:2946:XX found first (6, 4) is not 4 1
INFO:root:2946:XX found first (5, 7) is not 6 1
INFO:root:2946:XX found first (8, 8) is not 6 1
INFO:root:2946:XX found first (2, 1) is not 1 1
INFO:root:2947:XX found first (1, 4) is not 7 1
INFO:root:2947:XX found first (3, 7) is not 2 1
INFO:root:2947:XX found first (4, 8) is not 6 1
INFO:root:2947:XX found first (6, 8) is not 4 1
INFO:root:2947:XX found first (3, 5) is not 2 1
INFO:root:2947:XX found first (1, 6) is not 6 1
INFO:root:2947:XX found first (4, 6) is not 8 1
INFO:root:2947:XX found first (5, 2) is not 8 1
INFO:root:2947:XX found first (9, 1) is not 4 1
INFO:root:2947:XX found first (8, 1) is not 3 1
INFO:root:2947:XX found first (3, 6) is not 5 1
INFO:root:2947:XX found first (8, 8) is not 1 1
INFO:root:2947:XX found first (2, 6) is not 4 1
INFO:root:2947:XX found first (4, 8) is not 7 1
INFO:root:2947:XX found first (9, 7) is not 3 1
INFO:root:2947:XX found first (4, 1) is not 2 1
INFO:root:2947:XX found first (9, 3) is not 8 1
INFO:root:2947:XX found first (2, 5) is not 2 1
INFO:root:2947:XX found first (8, 8) is not 5 1
INFO:root:2947:XX found first (1, 9) is not 2 1
INFO:root:2947:XX found first (5, 6) is not 2 1
INFO:root:2947:XX found first (1, 8) is not 7 1
INFO:root:2947:XX found first (5, 9) is not 2 1
INFO:root:2947:XX found first (6, 4) is not 7 1
INFO:root:2947:XX found first (6, 3) is not 7 1
INFO:root:2947:XX found first (7, 7) is not 7 1
INFO:root:2948:XX found first (8, 5) is not 9 1
INFO:root:2948:XX found first (1, 2) is not 1 1
INFO:root:2948:XX found first (2, 9) is not 1 1
INFO:root:2948:XX found first (2, 6) is not 7 1
INFO:root:2948:XX found first (2, 1) is not 3 1
INFO:root:2948:XX found first (8, 5) is not 8 1
INFO:root:2948:XX found first (4, 8) is not 2 1
INFO:root:2948:XX found first (7, 7) is not 2 1
INFO:root:2948:XX found first (1, 2) is not 6 1
INFO:root:2948:XX found first (8, 1) is not 2 1
INFO:root:2948:XX found first (8, 1) is not 1 1
INFO:root:2948:XX found first (6, 9) is not 2 1
INFO:root:2948:XX found first (2, 3) is not 1 1
INFO:root:2948:XX found first (9, 8) is not 6 1
INFO:root:2948:XX found first (6, 9) is not 9 1
INFO:root:2948:XX found first (9, 5) is not 9 1
INFO:root:2948:XX found first (6, 4) is not 6 1
INFO:root:2948:XX found first (8, 2) is not 7 1
INFO:root:2948:XX found first (5, 5) is not 2 1
INFO:root:2948:XX found first (4, 5) is not 9 1
INFO:root:2948:XX found first (9, 4) is not 3 1
INFO:root:2948:XX found first (7, 5) is not 5 1
INFO:root:2948:XX found first (2, 8) is not 2 1
INFO:root:2948:XX found first (1, 9) is not 8 1
INFO:root:2948:XX found first (4, 1) is not 6 1
INFO:root:2949:XX found first (3, 9) is not 2 1
INFO:root:2949:XX found first (5, 2) is not 9 1
INFO:root:2949:XX found first (4, 7) is not 2 1
INFO:root:2949:XX found first (8, 1) is not 9 1
INFO:root:2949:XX found first (7, 4) is not 5 1
INFO:root:2949:XX found first (5, 1) is not 1 1
INFO:root:2949:XX found first (4, 1) is not 5 1
INFO:root:2949:XX found first (8, 8) is not 4 1
INFO:root:2949:XX found first (1, 1) is not 7 1
INFO:root:2949:XX found first (8, 7) is not 5 1
INFO:root:2949:XX found first (1, 2) is not 4 1
INFO:root:2949:XX found first (8, 5) is not 5 1
INFO:root:2949:XX found first (1, 4) is not 9 1
INFO:root:2949:XX found first (2, 4) is not 3 1
INFO:root:2949:XX found first (9, 3) is not 2 1
INFO:root:2949:XX found first (8, 5) is not 1 1
INFO:root:2949:XX found first (7, 9) is not 1 1
INFO:root:2949:XX found first (9, 6) is not 2 1
INFO:root:2949:XX found first (4, 1) is not 3 1
INFO:root:2949:XX found first (9, 1) is not 7 1
INFO:root:2949:XX found first (5, 4) is not 4 1
INFO:root:2949:XX found first (5, 7) is not 2 1
INFO:root:2949:XX found first (9, 9) is not 7 1
INFO:root:2949:XX found first (6, 5) is not 5 1
INFO:root:2949:XX found first (1, 3) is not 1 1
INFO:root:2950:XX found first (8, 3) is not 3 1
INFO:root:2950:XX found first (5, 3) is not 4 1
INFO:root:2950:XX found first (5, 1) is not 5 1
INFO:root:2950:XX found first (3, 3) is not 8 1
INFO:root:2950:XX found first (2, 6) is not 3 1
INFO:root:2950:XX found first (4, 7) is not 8 1
INFO:root:2950:XX found first (7, 4) is not 7 1
INFO:root:2950:XX found first (5, 4) is not 2 1
INFO:root:2950:XX found first (2, 9) is not 8 1
INFO:root:2950:XX found first (1, 3) is not 8 1
INFO:root:2950:XX found first (7, 1) is not 7 1
INFO:root:2950:XX found first (1, 8) is not 2 1
INFO:root:2950:XX found first (9, 5) is not 7 1
INFO:root:2950:XX found first (7, 8) is not 5 1
INFO:root:2950:XX found first (9, 2) is not 2 1
INFO:root:2950:XX found first (7, 5) is not 4 1
INFO:root:2950:XX found first (7, 4) is not 8 1
INFO:root:2950:XX found first (8, 9) is not 4 1
INFO:root:2950:XX found first (4, 9) is not 9 1
INFO:root:2950:XX found first (4, 4) is not 1 1
INFO:root:2950:XX found first (5, 4) is not 8 1
INFO:root:2950:XX found first (4, 2) is not 5 1
INFO:root:2950:XX found first (9, 8) is not 5 1
INFO:root:2950:XX found first (4, 7) is not 7 1
INFO:root:2951:XX found first (8, 9) is not 6 1
INFO:root:2951:XX found first (6, 4) is not 9 1
INFO:root:2951:XX found first (6, 1) is not 3 1
INFO:root:2951:XX found first (9, 4) is not 2 1
INFO:root:2951:XX found first (9, 4) is not 1 1
INFO:root:2951:XX found first (3, 3) is not 1 1
INFO:root:2951:XX found first (4, 4) is not 5 1
INFO:root:2951:XX found first (5, 4) is not 7 1
INFO:root:2951:XX found first (3, 4) is not 9 1
INFO:root:2951:XX found first (7, 2) is not 8 1
INFO:root:2951:XX found first (6, 9) is not 7 1
INFO:root:2951:XX found first (9, 4) is not 8 1
INFO:root:2951:XX found first (2, 6) is not 8 1
INFO:root:2951:XX found first (7, 3) is not 5 1
INFO:root:2951:XX found first (3, 4) is not 2 1
INFO:root:2951:XX found first (3, 8) is not 3 1
INFO:root:2951:XX found first (1, 5) is not 4 1
INFO:root:2951:XX found first (7, 6) is not 2 1
INFO:root:2951:XX found first (2, 4) is not 8 1
INFO:root:2951:XX found first (8, 7) is not 1 1
INFO:root:2951:XX found first (8, 8) is not 9 1
INFO:root:2951:XX found first (7, 8) is not 2 1
INFO:root:2951:XX found first (7, 6) is not 8 1
INFO:root:2951:XX found first (6, 3) is not 2 1
INFO:root:2951:XX found first (1, 7) is not 9 1
INFO:root:2952:XX found first (8, 2) is not 4 1
INFO:root:2952:XX found first (9, 1) is not 8 1
INFO:root:2952:XX found first (8, 3) is not 2 1
INFO:root:2952:XX found first (6, 6) is not 5 1
INFO:root:2952:XX found first (4, 2) is not 9 1
INFO:root:2952:XX found first (6, 2) is not 7 1
INFO:root:2952:XX found first (7, 1) is not 2 1
INFO:root:2952:XX found first (8, 4) is not 3 1
INFO:root:2952:XX found first (9, 8) is not 7 1
INFO:root:2952:XX found first (4, 5) is not 8 1
INFO:root:2952:XX found first (5, 8) is not 6 1
INFO:root:2952:XX found first (4, 6) is not 3 1
INFO:root:2952:XX found first (3, 8) is not 9 1
INFO:root:2952:XX found first (4, 5) is not 1 1
INFO:root:2952:XX found first (2, 4) is not 7 1
INFO:root:2952:XX found first (8, 6) is not 2 1
INFO:root:2952:XX found first (9, 2) is not 4 1
INFO:root:2952:XX found first (1, 5) is not 7 1
INFO:root:2952:XX found first (9, 7) is not 7 1
INFO:root:2952:XX found first (3, 5) is not 4 1
INFO:root:2952:XX found first (6, 6) is not 6 1
INFO:root:2952:XX found first (2, 7) is not 3 1
INFO:root:2952:XX found first (3, 7) is not 6 1
INFO:root:2952:XX found first (1, 6) is not 8 1
INFO:root:2952:XX found first (8, 9) is not 5 1
INFO:root:2953:XX found first (2, 3) is not 2 1
INFO:root:2953:XX found first (5, 9) is not 1 1
INFO:root:2953:XX found first (9, 5) is not 4 1
INFO:root:2953:XX found first (3, 4) is not 4 1
INFO:root:2953:XX found first (2, 6) is not 5 1
INFO:root:2953:XX found first (9, 5) is not 6 1
INFO:root:2953:XX found first (1, 5) is not 3 1
INFO:root:2953:XX found first (7, 8) is not 1 1
INFO:root:2953:XX found first (8, 4) is not 4 1
INFO:root:2953:XX found first (1, 6) is not 9 1
INFO:root:2953:XX found first (5, 3) is not 9 1
INFO:root:2953:XX found first (7, 3) is not 7 1
INFO:root:2953:XX found first (4, 3) is not 3 1
INFO:root:2953:XX found first (2, 7) is not 6 1
INFO:root:2953:XX found first (8, 6) is not 9 1
INFO:root:2953:XX found first (2, 5) is not 5 1
INFO:root:2953:XX found first (2, 1) is not 5 1
INFO:root:2953:XX found first (2, 2) is not 3 1
INFO:root:2953:XX found first (8, 7) is not 3 1
INFO:root:2953:XX found first (6, 8) is not 3 1
INFO:root:2953:XX found first (7, 6) is not 7 1
INFO:root:2953:XX found first (6, 9) is not 1 1
INFO:root:2953:XX found first (8, 9) is not 8 1
INFO:root:2953:XX found first (6, 7) is not 2 1
INFO:root:2953:XX found first (1, 8) is not 4 1
INFO:root:2954:XX found first (1, 9) is not 4 1
INFO:root:2954:XX found first (4, 8) is not 3 1
INFO:root:2954:XX found first (6, 2) is not 2 1
INFO:root:2954:XX found first (2, 6) is not 6 1
INFO:root:2954:XX found first (5, 8) is not 3 1
INFO:root:2954:XX found first (1, 4) is not 2 1
INFO:root:2954:XX found first (3, 2) is not 4 1
INFO:root:2954:XX found first (3, 5) is not 9 1
INFO:root:2954:XX found first (9, 6) is not 4 1
INFO:root:2954:XX found first (4, 3) is not 4 1
INFO:root:2954:XX found first (2, 8) is not 6 1
INFO:root:2954:XX found first (3, 8) is not 5 1
INFO:root:2954:XX found first (2, 1) is not 2 1
INFO:root:2954:XX found first (6, 2) is not 5 1
INFO:root:2954:XX found first (5, 2) is not 2 1
INFO:root:2954:XX found first (1, 1) is not 4 1
INFO:root:2954:XX found first (5, 7) is not 5 1
INFO:root:2954:XX found first (5, 9) is not 5 1
INFO:root:2954:XX found first (4, 3) is not 9 1
INFO:root:2954:XX found first (4, 3) is not 5 1
INFO:root:2954:XX found first (2, 2) is not 2 1
INFO:root:2954:XX found first (9, 3) is not 7 1
INFO:root:2954:XX found first (3, 8) is not 6 1
INFO:root:2954:XX found first (5, 3) is not 5 1
INFO:root:2954:XX found first (2, 9) is not 5 1
INFO:root:2954:XX found first (5, 1) is not 7 1
INFO:root:2955:XX found first (6, 4) is not 5 1
INFO:root:2955:XX found first (3, 7) is not 7 1
INFO:root:2955:XX found first (5, 1) is not 9 1
INFO:root:2955:XX found first (6, 3) is not 3 1
INFO:root:2955:XX found first (1, 6) is not 2 1
INFO:root:2955:XX found first (4, 7) is not 5 1
INFO:root:2955:XX found first (9, 9) is not 3 1
INFO:root:2955:XX found first (2, 4) is not 1 1
INFO:root:2955:XX found first (9, 9) is not 4 1
INFO:root:2955:XX found first (9, 2) is not 9 1
INFO:root:2955:XX found first (4, 4) is not 8 1
INFO:root:2955:XX found first (9, 7) is not 8 1
INFO:root:2955:XX found first (2, 3) is not 8 1
INFO:root:2955:XX found first (7, 7) is not 3 1
INFO:root:2955:XX found first (9, 2) is not 1 1
INFO:root:2955:XX found first (9, 7) is not 4 1
INFO:root:2955:XX found first (6, 9) is not 4 1
INFO:root:2955:XX found first (3, 1) is not 7 1
INFO:root:2955:XX found first (2, 2) is not 9 1
INFO:root:2955:XX found first (8, 1) is not 7 1
INFO:root:2955:XX found first (6, 1) is not 6 1
INFO:root:2955:XX found first (4, 3) is not 7 1
INFO:root:2955:XX found first (8, 5) is not 3 1
INFO:root:2955:XX found first (5, 6) is not 5 1
INFO:root:2955:XX found first (8, 2) is not 2 1
INFO:root:2956:XX found first (4, 4) is not 4 1
INFO:root:2956:XX found first (4, 2) is not 3 1
INFO:root:2956:XX found first (1, 3) is not 7 1
INFO:root:2956:XX found first (8, 9) is not 2 1
INFO:root:2956:XX found first (8, 6) is not 8 1
INFO:root:2956:XX found first (2, 3) is not 5 1
INFO:root:2956:XX found first (5, 9) is not 4 1
INFO:root:2956:XX found first (4, 4) is not 7 1
INFO:root:2956:XX found first (6, 7) is not 5 1
INFO:root:2956:XX found first (2, 5) is not 8 1
INFO:root:2956:XX found first (1, 8) is not 1 1
INFO:root:2956:XX found first (8, 4) is not 2 1
INFO:root:2956:XX found first (4, 1) is not 7 1
INFO:root:2956:XX found first (5, 2) is not 5 1
INFO:root:2956:XX found first (6, 5) is not 4 1
INFO:root:2956:XX found first (2, 2) is not 8 1
INFO:root:2956:XX found first (4, 7) is not 1 1
INFO:root:2956:XX found first (6, 1) is not 5 1
INFO:root:2956:XX found first (7, 3) is not 2 1
INFO:root:2956:XX found first (4, 2) is not 1 1
INFO:root:2956:XX found first (9, 1) is not 9 1
INFO:root:2956:XX found first (8, 1) is not 5 1
INFO:root:2956:XX found first (6, 7) is not 8 1
INFO:root:2956:XX found first (5, 7) is not 7 1
INFO:root:2957:XX found first (9, 8) is not 2 1
INFO:root:2957:XX found first (6, 9) is not 8 1
INFO:root:2957:XX found first (2, 8) is not 1 1
INFO:root:2957:XX found first (7, 5) is not 7 1
INFO:root:2957:XX found first (1, 8) is not 5 1
INFO:root:2957:XX found first (9, 8) is not 8 1
INFO:root:2957:XX found first (8, 7) is not 7 1
INFO:root:2957:XX found first (8, 6) is not 7 1
INFO:root:2957:XX found first (7, 2) is not 3 1
INFO:root:2957:XX found first (7, 2) is not 6 1
INFO:root:2957:XX found first (1, 5) is not 2 1
INFO:root:2957:XX found first (5, 2) is not 7 1
INFO:root:2957:XX found first (3, 8) is not 1 1
INFO:root:2957:XX found first (1, 2) is not 7 1
INFO:root:2957:XX found first (4, 7) is not 4 1
INFO:root:2957:XX found first (5, 8) is not 2 1
INFO:root:2957:XX found first (6, 3) is not 4 1
INFO:root:2957:XX found first (8, 6) is not 1 1
INFO:root:2957:XX found first (2, 3) is not 7 1
INFO:root:2957:XX found first (6, 3) is not 8 1
INFO:root:2957:XX found first (5, 3) is not 1 1
INFO:root:2957:XX found first (6, 8) is not 5 1
INFO:root:2957:XX found first (9, 4) is not 7 1
INFO:root:2957:XX found first (4, 7) is not 9 1
INFO:root:2957:XX found first (6, 8) is not 7 1
INFO:root:2958:XX found first (5, 6) is not 4 1
INFO:root:2958:XX found first (2, 1) is not 8 1
INFO:root:2958:XX found first (4, 8) is not 1 1
INFO:root:2958:XX found first (3, 1) is not 1 1
INFO:root:2958:XX found first (9, 2) is not 6 1
INFO:root:2958:XX found first (6, 1) is not 4 1
INFO:root:2958:XX found first (1, 6) is not 3 1
INFO:root:2958:XX found first (8, 2) is not 1 1
INFO:root:2958:XX found first (8, 4) is not 9 1
INFO:root:2958:XX found first (6, 6) is not 7 1
INFO:root:2958:XX found first (8, 3) is not 7 1
INFO:root:2958:XX found first (1, 3) is not 6 1
INFO:root:2958:XX found first (8, 5) is not 7 1
INFO:root:2958:XX found first (1, 6) is not 5 1
INFO:root:2958:XX found first (4, 8) is not 8 1
INFO:root:2958:XX found first (4, 9) is not 3 1
INFO:root:2958:XX found first (9, 4) is not 9 1
INFO:root:2958:XX found first (5, 9) is not 6 1
INFO:root:2958:XX found first (2, 2) is not 4 1
INFO:root:2958:XX found first (3, 6) is not 9 1
INFO:root:2958:XX found first (7, 6) is not 4 1
INFO:root:2958:XX found first (2, 9) is not 2 1
INFO:root:2958:XX found first (6, 3) is not 9 1
INFO:root:2958:XX found first (1, 1) is not 1 1
INFO:root:2958:XX found first (2, 7) is not 1 1
INFO:root:2959:XX found first (1, 2) is not 2 1
INFO:root:2959:XX found first (4, 9) is not 5 1
INFO:root:2959:XX found first (1, 9) is not 9 1
INFO:root:2959:XX found first (2, 5) is not 9 1
INFO:root:2959:XX found first (4, 3) is not 1 1
INFO:root:2959:XX found first (3, 1) is not 9 1
INFO:root:2959:XX found first (9, 4) is not 5 1
INFO:root:2959:XX found first (8, 4) is not 1 1
INFO:root:2959:XX found first (3, 5) is not 8 1
INFO:root:2959:XX found first (3, 3) is not 2 1
INFO:root:2959:XX found first (9, 9) is not 1 1
INFO:root:2959:XX found first (7, 8) is not 6 1
INFO:root:2959:XX found first (3, 2) is not 1 1
INFO:root:2959:XX found first (5, 2) is not 1 1
INFO:root:2959:XX found first (5, 5) is not 8 1
INFO:root:2959:XX found first (9, 5) is not 5 1
INFO:root:2959:XX found first (9, 9) is not 2 1
INFO:root:2959:XX found first (4, 9) is not 6 1
INFO:root:2959:XX found first (9, 5) is not 3 1
INFO:root:2959:XX found first (2, 5) is not 7 1
INFO:root:2959:XX found first (6, 2) is not 3 1
INFO:root:2959:XX found first (2, 9) is not 7 1
INFO:root:2959:XX found first (8, 6) is not 6 1
INFO:root:2959:XX found first (9, 2) is not 8 1
INFO:root:2960:XX found first (1, 3) is not 5 1
INFO:root:2960:XX found first (9, 1) is not 2 1
INFO:root:2960:XX found first (5, 1) is not 3 1
INFO:root:2960:XX found first (2, 4) is not 2 1
INFO:root:2960:XX found first (2, 1) is not 9 1
INFO:root:2960:XX found first (9, 5) is not 1 1
INFO:root:2960:XX found first (6, 2) is not 9 1
INFO:root:2960:XX found first (4, 8) is not 9 1
INFO:root:2960:XX found first (5, 3) is not 2 1
INFO:root:2960:XX found first (2, 1) is not 6 1
INFO:root:2960:XX found first (3, 9) is not 6 1
INFO:root:2960:XX found first (2, 6) is not 9 1
INFO:root:2960:XX found first (1, 7) is not 6 1
INFO:root:2960:XX found first (1, 8) is not 8 1
INFO:root:2960:XX found first (4, 5) is not 2 1
INFO:root:2960:XX found first (6, 7) is not 3 1
INFO:root:2960:XX found first (1, 1) is not 2 1
INFO:root:2960:XX found first (7, 9) is not 8 1
INFO:root:2960:XX found first (4, 6) is not 5 1
INFO:root:2960:XX found first (3, 9) is not 8 1
INFO:root:2960:XX found first (9, 2) is not 3 1
INFO:root:2960:XX found first (4, 2) is not 7 1
INFO:root:2960:XX found first (7, 5) is not 8 1
INFO:root:2960:XX found first (3, 2) is not 7 1
INFO:root:2960:XX found first (6, 8) is not 8 1
INFO:root:2960:XX found first (7, 8) is not 3 1
INFO:root:2961:XX found first (2, 2) is not 6 1
INFO:root:2961:XX found first (8, 3) is not 8 1
INFO:root:2961:XX found first (1, 7) is not 4 1
INFO:root:2961:XX found first (8, 8) is not 2 1
INFO:root:2961:XX found first (4, 9) is not 8 1
INFO:root:2961:XX found first (9, 8) is not 3 1
INFO:root:2961:XX found first (7, 2) is not 7 1
INFO:root:2961:XX found first (4, 3) is not 6 1
INFO:root:2961:XX found first (2, 6) is not 1 1
INFO:root:2961:XX found first (3, 8) is not 4 1
INFO:root:2961:XX found first (9, 6) is not 7 1
INFO:root:2961:XX found first (7, 1) is not 1 1
INFO:root:2961:XX found first (1, 1) is not 6 1
INFO:root:2961:XX found first (4, 3) is not 2 1
INFO:root:2961:XX found first (4, 6) is not 4 1
INFO:root:2961:XX found first (6, 2) is not 8 1
INFO:root:2961:XX found first (5, 3) is not 8 1
INFO:root:2961:XX found first (9, 3) is not 5 1
INFO:root:2961:XX found first (5, 2) is not 4 1
INFO:root:2961:XX found first (3, 4) is not 5 1
INFO:root:2961:XX found first (4, 2) is not 2 1
INFO:root:2961:XX found first (6, 8) is not 6 1
INFO:root:2961:XX found first (7, 3) is not 8 1
INFO:root:2961:XX found first (6, 2) is not 1 1
INFO:root:2961:XX found first (2, 2) is not 5 1
INFO:root:2962:XX found first (9, 2) is not 5 1
INFO:root:2962:XX found first (4, 6) is not 2 1
INFO:root:2962:XX found first (8, 4) is not 6 1
INFO:root:2962:XX found first (4, 2) is not 4 1
INFO:root:2962:XX found first (4, 9) is not 7 1
INFO:root:2962:XX found first (9, 9) is not 8 1
INFO:root:2962:XX found first (1, 5) is not 5 1
INFO:root:2962:XX found first (5, 9) is not 7 1
INFO:root:2962:XX found first (3, 8) is not 8 1
INFO:root:2962:XX found first (2, 7) is not 2 1
INFO:root:2962:XX found first (3, 5) is not 5 1
INFO:root:2962:XX found first (4, 7) is not 6 1
INFO:root:2962:XX found first (1, 5) is not 8 1
INFO:root:2962:XX found first (6, 5) is not 8 1
INFO:root:2962:XX found first (2, 4) is not 9 1
INFO:root:2962:XX found first (8, 2) is not 3 1
INFO:root:2962:XX found first (4, 9) is not 1 1
INFO:root:2962:XX found first (5, 1) is not 6 1
INFO:root:2962:XX found first (5, 1) is not 8 1
INFO:root:2962:XX found first (1, 9) is not 6 1
INFO:root:2962:XX found first (1, 3) is not 4 1
INFO:root:2962:XX found first (8, 9) is not 3 1
INFO:root:2962:XX found first (6, 1) is not 2 1
INFO:root:2962:XX found first (2, 8) is not 5 1
INFO:root:2963:XX found first (7, 9) is not 3 1
INFO:root:2963:XX found first (7, 2) is not 4 1
INFO:root:2963:XX found first (1, 5) is not 1 1
INFO:root:2963:XX found first (7, 1) is not 9 1
INFO:root:2963:XX found first (4, 5) is not 3 1
INFO:root:2963:XX found first (6, 9) is not 3 1
INFO:root:2963:XX found first (8, 5) is not 4 1
INFO:root:2963:XX found first (3, 3) is not 5 1
INFO:root:2963:XX found first (4, 9) is not 4 1
INFO:root:2963:XX found first (7, 6) is not 5 1
INFO:root:2963:XX found first (8, 9) is not 9 1
INFO:root:2963:XX found first (6, 6) is not 9 1
INFO:root:2963:XX found first (2, 2) is not 7 1
INFO:root:2963:XX found first (1, 3) is not 9 1
INFO:root:2963:XX found first (1, 8) is not 3 1
INFO:root:2963:XX found first (9, 6) is not 5 1
INFO:root:2963:XX found first (6, 6) is not 4 1
INFO:root:2963:XX found first (1, 1) is not 9 1
INFO:root:2963:XX found first (9, 6) is not 8 1
INFO:root:2963:XX found first (1, 6) is not 7 1
INFO:root:2963:XX found first (8, 3) is not 5 1
INFO:root:2963:XX found first (9, 4) is not 6 1
INFO:root:2963:XX found first (5, 8) is not 5 1
INFO:root:2963:XX found first (1, 6) is not 1 1
INFO:root:2963:XX found first (9, 8) is not 1 1
INFO:root:2964:XX found first (5, 9) is not 9 1
INFO:root:2964:XX found first (1, 4) is not 6 1
INFO:root:2964:XX found first (6, 6) is not 2 1
INFO:root:2964:XX found first (4, 1) is not 4 1
INFO:root:2964:XX found first (4, 5) is not 5 1
INFO:root:2964:XX found first (1, 4) is not 4 1
INFO:root:2964:XX found first (4, 4) is not 3 1
INFO:root:2964:XX found first (9, 3) is not 4 1
INFO:root:2964:XX found first (7, 2) is not 9 1
INFO:root:2964:XX found first (1, 5) is not 6 1
INFO:root:2964:XX found first (1, 2) is not 9 1
INFO:root:2964:XX found first (7, 7) is not 1 1
INFO:root:2964:XX found first (1, 4) is not 5 1
INFO:root:2964:XX found first (4, 6) is not 1 1
INFO:root:2964:XX found first (5, 1) is not 4 1
INFO:root:2964:XX found first (6, 3) is not 1 1
INFO:root:2964:XX found first (6, 1) is not 1 1
INFO:root:2964:XX found first (2, 8) is not 7 1
INFO:root:2964:XX found first (4, 1) is not 8 1
INFO:root:2964:XX found first (9, 1) is not 1 1
INFO:root:2977:Early exit from checkSmall1
INFO:root:3040:Starting Step 2
INFO:root:3546:Current state [[[[3, 5, 8], [3, 5, 8], [2, 3], [1, 3, 8], [9], [4], [1, 5, 8], [6], [3, 5, 7]], [[7], [1], [3, 4, 6, 9], [5], [3, 6], [2], [4, 8, 9], [4, 8, 9], [3, 4, 9]], [[3, 4, 5, 6, 8], [3, 5, 6, 8, 9], [3, 4, 6, 9], [1, 3, 6, 8], [1, 3, 6, 7], [1, 3, 6, 7, 8], [1, 4, 5, 8, 9], [2], [3, 4, 5, 7, 9]], [[1], [6], [8], [6, 9], [4, 6, 7], [6, 7, 9], [3], [5], [2]], [[2], [3, 6], [3, 6, 7], [1, 3, 6, 9], [1, 3, 4, 5, 6, 7], [1, 3, 6, 7, 9], [1, 4, 9], [1, 4, 9], [8]], [[9], [4], [5], [1, 2, 3, 8], [1, 2, 3], [1, 3, 8], [7], [1], [6]], [[3, 4, 5, 6, 8], [2], [1, 3, 4, 6, 9], [1, 3, 6, 9], [1, 3, 6], [1, 3, 6, 9], [4, 5, 6, 8, 9], [4, 7, 8, 9], [4, 5, 7, 9]], [[4, 6, 8], [6, 8, 9], [4, 6, 9], [7], [2, 6], [5], [2, 4, 6, 8, 9], [3], [1]], [[3, 5, 6], [7], [1, 3, 6, 9], [4], [8], [1, 3, 6, 9], [2, 5, 6, 9], [9], [5, 9]]]]
INFO:root:3546:Doing checkSmall1
INFO:root:3546:Getting tiny MUSes, distance 1, for 183 puzlits, 1 repeats
INFO:root:3582:Chunked 183 in [12, 12, 12, 12, 12, 12, 12, 11, 11, 11, 11, 11, 11, 11, 11, 11]
INFO:root:3625:XX found first (5, 3) is 7 1
INFO:root:3625:XX found first (4, 2) is 6 1
INFO:root:3625:XX found first (6, 8) is 1 1
INFO:root:3625:XX found first (1, 9) is 7 1
INFO:root:3625:XX found first (8, 5) is 2 1
INFO:root:3626:XX found first (1, 3) is 2 1
INFO:root:3626:XX found first (9, 7) is 2 1
INFO:root:3626:XX found first (7, 8) is 7 1
INFO:root:3626:XX found first (5, 5) is 5 1
INFO:root:3626:XX found first (9, 8) is 9 1
INFO:root:3626:XX found first (4, 5) is 4 1
INFO:root:3626:XX found first (6, 4) is 2 1
INFO:root:3638:Early exit from checkSmall1
INFO:root:3675:Starting Step 3
INFO:root:4194:Current state [[[[3, 5, 8], [3, 5, 8], [2], [1, 3, 8], [9], [4], [1, 5, 8], [6], [7]], [[7], [1], [3, 4, 6, 9], [5], [3, 6], [2], [4, 8, 9], [4, 8, 9], [3, 4, 9]], [[3, 4, 5, 6, 8], [3, 5, 6, 8, 9], [3, 4, 6, 9], [1, 3, 6, 8], [1, 3, 6, 7], [1, 3, 6, 7, 8], [1, 4, 5, 8, 9], [2], [3, 4, 5, 7, 9]], [[1], [6], [8], [6, 9], [4], [6, 7, 9], [3], [5], [2]], [[2], [3, 6], [7], [1, 3, 6, 9], [5], [1, 3, 6, 7, 9], [1, 4, 9], [1, 4, 9], [8]], [[9], [4], [5], [2], [1, 2, 3], [1, 3, 8], [7], [1], [6]], [[3, 4, 5, 6, 8], [2], [1, 3, 4, 6, 9], [1, 3, 6, 9], [1, 3, 6], [1, 3, 6, 9], [4, 5, 6, 8, 9], [7], [4, 5, 7, 9]], [[4, 6, 8], [6, 8, 9], [4, 6, 9], [7], [2], [5], [2, 4, 6, 8, 9], [3], [1]], [[3, 5, 6], [7], [1, 3, 6, 9], [4], [8], [1, 3, 6, 9], [2], [9], [5, 9]]]]
INFO:root:4194:Doing checkSmall1
INFO:root:4194:Getting tiny MUSes, distance 1, for 171 puzlits, 1 repeats
INFO:root:4229:Chunked 171 in [11, 11, 11, 11, 11, 11, 11, 11, 11, 11, 11, 10, 10, 10, 10, 10]
INFO:root:4289:XX found first (5, 5) is not 1 1
INFO:root:4289:XX found first (9, 7) is not 5 1
INFO:root:4290:XX found first (5, 7) is not 1 1
INFO:root:4290:XX found first (1, 9) is not 5 1
INFO:root:4290:XX found first (1, 9) is not 3 1
INFO:root:4290:XX found first (8, 7) is not 2 1
INFO:root:4290:XX found first (5, 5) is not 3 1
INFO:root:4290:XX found first (6, 5) is not 2 1
INFO:root:4290:XX found first (6, 5) is not 1 1
INFO:root:4290:XX found first (3, 9) is not 7 1
INFO:root:4290:XX found first (5, 6) is not 7 1
INFO:root:4290:XX found first (4, 5) is not 7 1
INFO:root:4290:XX found first (6, 4) is not 8 1
INFO:root:4290:XX found first (7, 9) is not 9 1
INFO:root:4290:XX found first (8, 7) is not 9 1
INFO:root:4290:XX found first (5, 8) is not 9 1
INFO:root:4290:XX found first (5, 5) is not 6 1
INFO:root:4290:XX found first (5, 5) is not 7 1
INFO:root:4290:XX found first (4, 6) is not 6 1
INFO:root:4290:XX found first (7, 7) is not 9 1
INFO:root:4290:XX found first (5, 3) is not 6 1
INFO:root:4290:XX found first (5, 3) is not 3 1
INFO:root:4290:XX found first (6, 6) is not 1 1
INFO:root:4290:XX found first (8, 2) is not 6 1
INFO:root:4290:XX found first (6, 4) is not 3 1
INFO:root:4290:XX found first (2, 8) is not 9 1
INFO:root:4291:XX found first (5, 8) is not 1 1
INFO:root:4291:XX found first (9, 7) is not 6 1
INFO:root:4291:XX found first (9, 7) is not 9 1
INFO:root:4291:XX found first (4, 4) is not 6 1
INFO:root:4291:XX found first (6, 4) is not 1 1
INFO:root:4291:XX found first (7, 8) is not 4 1
INFO:root:4291:XX found first (7, 8) is not 8 1
INFO:root:4291:XX found first (7, 8) is not 9 1
INFO:root:4291:XX found first (9, 3) is not 9 1
INFO:root:4291:XX found first (5, 2) is not 6 1
INFO:root:4291:XX found first (9, 9) is not 9 1
INFO:root:4291:XX found first (4, 5) is not 6 1
INFO:root:4291:XX found first (1, 3) is not 3 1
INFO:root:4291:XX found first (7, 9) is not 7 1
INFO:root:4291:XX found first (5, 5) is not 4 1
INFO:root:4291:XX found first (3, 2) is not 6 1
INFO:root:4291:XX found first (9, 6) is not 9 1
INFO:root:4291:XX found first (8, 5) is not 6 1
INFO:root:4304:Early exit from checkSmall1
INFO:root:4316:Starting Step 4
INFO:root:4874:Current state [[[[3, 5, 8], [3, 5, 8], [2], [1, 3, 8], [9], [4], [1, 5, 8], [6], [7]], [[7], [1], [3, 4, 6, 9], [5], [3, 6], [2], [4, 8, 9], [4, 8], [3, 4, 9]], [[3, 4, 5, 6, 8], [3, 5, 8, 9], [3, 4, 6, 9], [1, 3, 6, 8], [1, 3, 6, 7], [1, 3, 6, 7, 8], [1, 4, 5, 8, 9], [2], [3, 4, 5, 9]], [[1], [6], [8], [9], [4], [7, 9], [3], [5], [2]], [[2], [3], [7], [1, 3, 6, 9], [5], [1, 3, 6, 9], [4, 9], [4], [8]], [[9], [4], [5], [2], [3], [3, 8], [7], [1], [6]], [[3, 4, 5, 6, 8], [2], [1, 3, 4, 6, 9], [1, 3, 6, 9], [1, 3, 6], [1, 3, 6, 9], [4, 5, 6, 8], [7], [4, 5]], [[4, 6, 8], [8, 9], [4, 6, 9], [7], [2], [5], [4, 6, 8], [3], [1]], [[3, 5, 6], [7], [1, 3, 6], [4], [8], [1, 3, 6], [2], [9], [5]]]]
INFO:root:4874:Doing checkSmall1
INFO:root:4874:Getting tiny MUSes, distance 1, for 127 puzlits, 1 repeats
INFO:root:4909:Chunked 127 in [8, 8, 8, 8, 8, 8, 8, 8, 8, 8, 8, 8, 8, 8, 8, 7]
INFO:root:4936:XX found first (9, 9) is 5 1
INFO:root:4936:XX found first (4, 6) is 7 1
INFO:root:4936:XX found first (6, 6) is 8 1
INFO:root:4936:XX found first (4, 4) is 9 1
INFO:root:4936:XX found first (2, 8) is 8 1
INFO:root:4936:XX found first (3, 5) is 7 1
INFO:root:4936:XX found first (5, 8) is 4 1
INFO:root:4936:XX found first (6, 5) is 3 1
INFO:root:4936:XX found first (5, 2) is 3 1
INFO:root:4937:XX found first (5, 7) is 9 1
INFO:root:4948:Early exit from checkSmall1
INFO:root:4986:Starting Step 5
INFO:root:5546:Current state [[[[3, 5, 8], [3, 5, 8], [2], [1, 3, 8], [9], [4], [1, 5, 8], [6], [7]], [[7], [1], [3, 4, 6, 9], [5], [3, 6], [2], [4, 8, 9], [8], [3, 4, 9]], [[3, 4, 5, 6, 8], [3, 5, 8, 9], [3, 4, 6, 9], [1, 3, 6, 8], [7], [1, 3, 6, 7, 8], [1, 4, 5, 8, 9], [2], [3, 4, 5, 9]], [[1], [6], [8], [9], [4], [7], [3], [5], [2]], [[2], [3], [7], [1, 3, 6, 9], [5], [1, 3, 6, 9], [9], [4], [8]], [[9], [4], [5], [2], [3], [8], [7], [1], [6]], [[3, 4, 5, 6, 8], [2], [1, 3, 4, 6, 9], [1, 3, 6, 9], [1, 3, 6], [1, 3, 6, 9], [4, 5, 6, 8], [7], [4, 5]], [[4, 6, 8], [8, 9], [4, 6, 9], [7], [2], [5], [4, 6, 8], [3], [1]], [[3, 5, 6], [7], [1, 3, 6], [4], [8], [1, 3, 6], [2], [9], [5]]]]
INFO:root:5546:Doing checkSmall1
INFO:root:5546:Getting tiny MUSes, distance 1, for 117 puzlits, 1 repeats
INFO:root:5581:Chunked 117 in [8, 8, 8, 8, 8, 7, 7, 7, 7, 7, 7, 7, 7, 7, 7, 7]
INFO:root:5624:XX found first (7, 9) is not 5 1
INFO:root:5624:XX found first (3, 7) is not 8 1
INFO:root:5624:XX found first (6, 6) is not 3 1
INFO:root:5624:XX found first (2, 7) is not 9 1
INFO:root:5624:XX found first (3, 5) is not 3 1
INFO:root:5624:XX found first (7, 7) is not 5 1
INFO:root:5624:XX found first (3, 7) is not 9 1
INFO:root:5624:XX found first (3, 6) is not 7 1
INFO:root:5624:XX found first (5, 6) is not 3 1
INFO:root:5624:XX found first (3, 5) is not 1 1
INFO:root:5624:XX found first (5, 6) is not 9 1
INFO:root:5625:XX found first (3, 6) is not 8 1
INFO:root:5625:XX found first (9, 1) is not 5 1
INFO:root:5625:XX found first (4, 6) is not 9 1
INFO:root:5625:XX found first (2, 8) is not 4 1
INFO:root:5625:XX found first (1, 7) is not 8 1
INFO:root:5625:XX found first (2, 5) is not 3 1
INFO:root:5625:XX found first (7, 5) is not 3 1
INFO:root:5625:XX found first (3, 2) is not 3 1
INFO:root:5625:XX found first (5, 4) is not 3 1
INFO:root:5625:XX found first (2, 7) is not 8 1
INFO:root:5625:XX found first (3, 5) is not 6 1
INFO:root:5625:XX found first (3, 9) is not 5 1
INFO:root:5625:XX found first (5, 4) is not 9 1
INFO:root:5625:XX found first (1, 2) is not 3 1
INFO:root:5625:XX found first (7, 4) is not 9 1
INFO:root:5625:XX found first (5, 7) is not 4 1
INFO:root:5637:Early exit from checkSmall1
INFO:root:5648:Starting Step 6
INFO:root:6226:Current state [[[[3, 5, 8], [5, 8], [2], [1, 3, 8], [9], [4], [1, 5], [6], [7]], [[7], [1], [3, 4, 6, 9], [5], [6], [2], [4], [8], [3, 4, 9]], [[3, 4, 5, 6, 8], [5, 8, 9], [3, 4, 6, 9], [1, 3, 6, 8], [7], [1, 3, 6], [1, 4, 5], [2], [3, 4, 9]], [[1], [6], [8], [9], [4], [7], [3], [5], [2]], [[2], [3], [7], [1, 6], [5], [1, 6], [9], [4], [8]], [[9], [4], [5], [2], [3], [8], [7], [1], [6]], [[3, 4, 5, 6, 8], [2], [1, 3, 4, 6, 9], [1, 3, 6], [1, 6], [1, 3, 6, 9], [4, 6, 8], [7], [4]], [[4, 6, 8], [8, 9], [4, 6, 9], [7], [2], [5], [4, 6, 8], [3], [1]], [[3, 6], [7], [1, 3, 6], [4], [8], [1, 3, 6], [2], [9], [5]]]]
INFO:root:6226:Doing checkSmall1
INFO:root:6226:Getting tiny MUSes, distance 1, for 90 puzlits, 1 repeats
INFO:root:6261:Chunked 90 in [6, 6, 6, 6, 6, 6, 6, 6, 6, 6, 5, 5, 5, 5, 5, 5]
INFO:root:6285:XX found first (7, 5) is 1 1
INFO:root:6285:XX found first (2, 7) is 4 1
INFO:root:6285:XX found first (7, 1) is 5 1
INFO:root:6285:XX found first (7, 9) is 4 1
INFO:root:6285:XX found first (2, 5) is 6 1
INFO:root:6285:XX found first (7, 6) is 9 1
INFO:root:6297:Early exit from checkSmall1
INFO:root:6323:Starting Step 7
INFO:root:6907:Current state [[[[3, 5, 8], [5, 8], [2], [1, 3, 8], [9], [4], [1, 5], [6], [7]], [[7], [1], [3, 4, 6, 9], [5], [6], [2], [4], [8], [3, 4, 9]], [[3, 4, 5, 6, 8], [5, 8, 9], [3, 4, 6, 9], [1, 3, 6, 8], [7], [1, 3, 6], [1, 4, 5], [2], [3, 4, 9]], [[1], [6], [8], [9], [4], [7], [3], [5], [2]], [[2], [3], [7], [1, 6], [5], [1, 6], [9], [4], [8]], [[9], [4], [5], [2], [3], [8], [7], [1], [6]], [[5], [2], [1, 3, 4, 6, 9], [1, 3, 6], [1], [9], [4, 6, 8], [7], [4]], [[4, 6, 8], [8, 9], [4, 6, 9], [7], [2], [5], [4, 6, 8], [3], [1]], [[3, 6], [7], [1, 3, 6], [4], [8], [1, 3, 6], [2], [9], [5]]]]
INFO:root:6907:Doing checkSmall1
INFO:root:6907:Getting tiny MUSes, distance 1, for 84 puzlits, 1 repeats
INFO:root:6942:Chunked 84 in [6, 6, 6, 6, 5, 5, 5, 5, 5, 5, 5, 5, 5, 5, 5, 5]
INFO:root:6977:XX found first (7, 1) is not 4 1
INFO:root:6977:XX found first (7, 1) is not 8 1
INFO:root:6977:XX found first (7, 7) is not 4 1
INFO:root:6977:XX found first (3, 4) is not 6 1
INFO:root:6977:XX found first (7, 5) is not 6 1
INFO:root:6978:XX found first (7, 1) is not 3 1
INFO:root:6978:XX found first (3, 7) is not 4 1
INFO:root:6978:XX found first (7, 3) is not 1 1
INFO:root:6978:XX found first (7, 6) is not 1 1
INFO:root:6978:XX found first (2, 3) is not 6 1
INFO:root:6978:XX found first (3, 6) is not 6 1
INFO:root:6978:XX found first (1, 1) is not 5 1
INFO:root:6978:XX found first (9, 6) is not 1 1
INFO:root:6978:XX found first (2, 3) is not 4 1
INFO:root:6978:XX found first (7, 3) is not 4 1
INFO:root:6978:XX found first (7, 1) is not 6 1
INFO:root:6978:XX found first (3, 1) is not 5 1
INFO:root:6978:XX found first (7, 4) is not 1 1
INFO:root:6978:XX found first (7, 6) is not 3 1
INFO:root:6978:XX found first (3, 9) is not 4 1
INFO:root:6978:XX found first (2, 9) is not 4 1
INFO:root:6978:XX found first (7, 6) is not 6 1
INFO:root:6978:XX found first (8, 7) is not 4 1
INFO:root:6978:XX found first (7, 3) is not 9 1
INFO:root:6990:Early exit from checkSmall1
INFO:root:7000:Starting Step 8
INFO:root:7595:Current state [[[[3, 8], [5, 8], [2], [1, 3, 8], [9], [4], [1, 5], [6], [7]], [[7], [1], [3, 9], [5], [6], [2], [4], [8], [3, 9]], [[3, 4, 6, 8], [5, 8, 9], [3, 4, 6, 9], [1, 3, 8], [7], [1, 3], [1, 5], [2], [3, 9]], [[1], [6], [8], [9], [4], [7], [3], [5], [2]], [[2], [3], [7], [1, 6], [5], [1, 6], [9], [4], [8]], [[9], [4], [5], [2], [3], [8], [7], [1], [6]], [[5], [2], [3, 6], [3, 6], [1], [9], [6, 8], [7], [4]], [[4, 6, 8], [8, 9], [4, 6, 9], [7], [2], [5], [6, 8], [3], [1]], [[3, 6], [7], [1, 3, 6], [4], [8], [3, 6], [2], [9], [5]]]]
INFO:root:7595:Doing checkSmall1
INFO:root:7595:Getting tiny MUSes, distance 1, for 60 puzlits, 1 repeats
INFO:root:7630:Chunked 60 in [4, 4, 4, 4, 4, 4, 4, 4, 4, 4, 4, 4, 3, 3, 3, 3]
INFO:root:7648:XX found first (9, 3) is 1 1
INFO:root:7648:XX found first (7, 7) is 8 1
INFO:root:7660:Early exit from checkSmall1
INFO:root:7676:Starting Step 9
INFO:root:8271:Current state [[[[3, 8], [5, 8], [2], [1, 3, 8], [9], [4], [1, 5], [6], [7]], [[7], [1], [3, 9], [5], [6], [2], [4], [8], [3, 9]], [[3, 4, 6, 8], [5, 8, 9], [3, 4, 6, 9], [1, 3, 8], [7], [1, 3], [1, 5], [2], [3, 9]], [[1], [6], [8], [9], [4], [7], [3], [5], [2]], [[2], [3], [7], [1, 6], [5], [1, 6], [9], [4], [8]], [[9], [4], [5], [2], [3], [8], [7], [1], [6]], [[5], [2], [3, 6], [3, 6], [1], [9], [8], [7], [4]], [[4, 6, 8], [8, 9], [4, 6, 9], [7], [2], [5], [6, 8], [3], [1]], [[3, 6], [7], [1], [4], [8], [3, 6], [2], [9], [5]]]]
INFO:root:8271:Doing checkSmall1
INFO:root:8271:Getting tiny MUSes, distance 1, for 58 puzlits, 1 repeats
INFO:root:8306:Chunked 58 in [4, 4, 4, 4, 4, 4, 4, 4, 4, 4, 3, 3, 3, 3, 3, 3]
INFO:root:8328:XX found first (7, 7) is not 6 1
INFO:root:8328:XX found first (8, 7) is not 8 1
INFO:root:8328:XX found first (9, 3) is not 3 1
INFO:root:8328:XX found first (9, 3) is not 6 1
INFO:root:8340:Early exit from checkSmall1
INFO:root:8349:Starting Step 10
INFO:root:8951:Current state [[[[3, 8], [5, 8], [2], [1, 3, 8], [9], [4], [1, 5], [6], [7]], [[7], [1], [3, 9], [5], [6], [2], [4], [8], [3, 9]], [[3, 4, 6, 8], [5, 8, 9], [3, 4, 6, 9], [1, 3, 8], [7], [1, 3], [1, 5], [2], [3, 9]], [[1], [6], [8], [9], [4], [7], [3], [5], [2]], [[2], [3], [7], [1, 6], [5], [1, 6], [9], [4], [8]], [[9], [4], [5], [2], [3], [8], [7], [1], [6]], [[5], [2], [3, 6], [3, 6], [1], [9], [8], [7], [4]], [[4, 6, 8], [8, 9], [4, 6, 9], [7], [2], [5], [6], [3], [1]], [[3, 6], [7], [1], [4], [8], [3, 6], [2], [9], [5]]]]
INFO:root:8951:Doing checkSmall1
INFO:root:8951:Getting tiny MUSes, distance 1, for 54 puzlits, 1 repeats
INFO:root:8986:Chunked 54 in [4, 4, 4, 4, 4, 4, 3, 3, 3, 3, 3, 3, 3, 3, 3, 3]
INFO:root:9005:XX found first (8, 7) is 6 1
INFO:root:9017:Early exit from checkSmall1
INFO:root:9028:Starting Step 11
INFO:root:9632:Current state [[[[3, 8], [5, 8], [2], [1, 3, 8], [9], [4], [1, 5], [6], [7]], [[7], [1], [3, 9], [5], [6], [2], [4], [8], [3, 9]], [[3, 4, 6, 8], [5, 8, 9], [3, 4, 6, 9], [1, 3, 8], [7], [1, 3], [1, 5], [2], [3, 9]], [[1], [6], [8], [9], [4], [7], [3], [5], [2]], [[2], [3], [7], [1, 6], [5], [1, 6], [9], [4], [8]], [[9], [4], [5], [2], [3], [8], [7], [1], [6]], [[5], [2], [3, 6], [3, 6], [1], [9], [8], [7], [4]], [[4, 6, 8], [8, 9], [4, 6, 9], [7], [2], [5], [6], [3], [1]], [[3, 6], [7], [1], [4], [8], [3, 6], [2], [9], [5]]]]
INFO:root:9632:Doing checkSmall1
INFO:root:9632:Getting tiny MUSes, distance 1, for 53 puzlits, 1 repeats
INFO:root:9667:Chunked 53 in [4, 4, 4, 4, 4, 3, 3, 3, 3, 3, 3, 3, 3, 3, 3, 3]
INFO:root:9685:XX found first (8, 1) is not 6 1
INFO:root:9685:XX found first (8, 3) is not 6 1
INFO:root:9697:Early exit from checkSmall1
INFO:root:9705:Starting Step 12
INFO:root:10312:Current state [[[[3, 8], [5, 8], [2], [1, 3, 8], [9], [4], [1, 5], [6], [7]], [[7], [1], [3, 9], [5], [6], [2], [4], [8], [3, 9]], [[3, 4, 6, 8], [5, 8, 9], [3, 4, 6, 9], [1, 3, 8], [7], [1, 3], [1, 5], [2], [3, 9]], [[1], [6], [8], [9], [4], [7], [3], [5], [2]], [[2], [3], [7], [1, 6], [5], [1, 6], [9], [4], [8]], [[9], [4], [5], [2], [3], [8], [7], [1], [6]], [[5], [2], [3, 6], [3, 6], [1], [9], [8], [7], [4]], [[4, 8], [8, 9], [4, 9], [7], [2], [5], [6], [3], [1]], [[3, 6], [7], [1], [4], [8], [3, 6], [2], [9], [5]]]]
INFO:root:10312:Doing checkSmall1
INFO:root:10312:Getting tiny MUSes, distance 1, for 51 puzlits, 1 repeats
INFO:root:10346:Chunked 51 in [4, 4, 4, 3, 3, 3, 3, 3, 3, 3, 3, 3, 3, 3, 3, 3]
INFO:root:10408:Considering 100 * 51 jobs for minsize=3
INFO:root:10418:Chunked 5100 in [319, 319, 319, 319, 319, 319, 319, 319, 319, 319, 319, 319, 318, 318, 318, 318]
INFO:root:2847918:Considering 100 * 51 jobs for minsize=4
INFO:root:2847927:Chunked 5100 in [319, 319, 319, 319, 319, 319, 319, 319, 319, 319, 319, 319, 318, 318, 318, 318]
INFO:root:5964877:Considering 100 * 51 jobs for minsize=5
INFO:root:5964886:Chunked 5100 in [319, 319, 319, 319, 319, 319, 319, 319, 319, 319, 319, 319, 318, 318, 318, 318]
INFO:root:9296573:Considering 100 * 51 jobs for minsize=6
INFO:root:9296583:Chunked 5100 in [319, 319, 319, 319, 319, 319, 319, 319, 319, 319, 319, 319, 318, 318, 318, 318]
INFO:root:12885414:!! Found smaller !!!! 5 6
INFO:root:12885414:XX found first (9, 1) is not 3 5
INFO:root:12885414:!! Found smaller !!!! 5 6
INFO:root:12885414:XX found first (3, 3) is not 3 5
INFO:root:12885414:!! Found smaller !!!! 5 6
INFO:root:12885414:XX add new best (3, 3) is not 3 5 5
INFO:root:12885415:!! Found smaller !!!! 5 6
INFO:root:12885415:XX found first (3, 3) is not 9 5
INFO:root:12885415:!! Found smaller !!!! 5 6
INFO:root:12885415:XX found first (3, 1) is not 3 5
INFO:root:12885415:!! Found smaller !!!! 5 6
INFO:root:12885415:XX found first (2, 3) is not 3 5
INFO:root:12885415:!! Found smaller !!!! 5 6
INFO:root:12885415:XX found first (7, 4) is not 3 5
INFO:root:12885415:!! Found smaller !!!! 5 6
INFO:root:12885415:XX add new best (3, 3) is not 3 5 5
INFO:root:12885415:!! Found smaller !!!! 5 6
INFO:root:12885415:XX add new best (3, 3) is not 3 5 5
INFO:root:12885415:!! Found smaller !!!! 5 6
INFO:root:12885415:XX found first (3, 6) is not 3 5
INFO:root:12885415:!! Found smaller !!!! 5 6
INFO:root:12885415:XX add new best (3, 1) is not 3 5 5
INFO:root:12885415:!! Found smaller !!!! 5 6
INFO:root:12885416:XX add new best (3, 1) is not 3 5 5
INFO:root:12885416:!! Found smaller !!!! 5 6
INFO:root:12885416:XX found first (9, 6) is 3 5
INFO:root:12885416:!! Found smaller !!!! 5 6
INFO:root:12885416:XX add new best (3, 6) is not 3 5 5
INFO:root:12885416:!! Found smaller !!!! 5 6
INFO:root:12885416:XX add new best (3, 3) is not 9 5 5
INFO:root:12885416:!! Found smaller !!!! 5 6
INFO:root:12885416:XX add new best (2, 3) is not 3 5 5
INFO:root:12885416:!! Found smaller !!!! 5 6
INFO:root:12885416:XX add new best (9, 1) is not 3 5 5
INFO:root:12885416:!! Found smaller !!!! 5 6
INFO:root:12885416:XX found first (7, 3) is 3 5
INFO:root:12885416:!! Found smaller !!!! 5 6
INFO:root:12885416:XX add new best (3, 3) is not 3 5 5
INFO:root:12885416:!! Found smaller !!!! 5 6
INFO:root:12885417:XX add new best (3, 3) is not 3 5 5
INFO:root:12885417:!! Found smaller !!!! 5 6
INFO:root:12885417:XX add new best (3, 3) is not 9 5 5
INFO:root:12885417:!! Found smaller !!!! 5 6
INFO:root:12885417:XX add new best (9, 1) is not 3 5 5
INFO:root:12885417:!! Found smaller !!!! 5 6
INFO:root:12885417:XX add new best (9, 6) is 3 5 5
INFO:root:12885417:!! Found smaller !!!! 5 6
INFO:root:12885417:XX add new best (7, 4) is not 3 5 5
INFO:root:12885417:!! Found smaller !!!! 5 6
INFO:root:12885417:XX found first (3, 1) is not 8 5
INFO:root:12885417:!! Found smaller !!!! 5 6
INFO:root:12885417:XX add new best (2, 3) is not 3 5 5
INFO:root:12885417:!! Found smaller !!!! 5 6
INFO:root:12885417:XX add new best (2, 3) is not 3 5 5
INFO:root:12885417:!! Found smaller !!!! 5 6
INFO:root:12885418:XX add new best (9, 1) is not 3 5 5
INFO:root:12885418:!! Found smaller !!!! 5 6
INFO:root:12885418:XX add new best (9, 1) is not 3 5 5
INFO:root:12885418:!! Found smaller !!!! 5 6
INFO:root:12885418:XX add new best (3, 3) is not 9 5 5
INFO:root:12885418:!! Found smaller !!!! 5 6
INFO:root:12885418:XX add new best (2, 3) is not 3 5 5
INFO:root:12885418:!! Found smaller !!!! 5 6
INFO:root:12885418:XX add new best (7, 4) is not 3 5 5
INFO:root:12885418:!! Found smaller !!!! 5 6
INFO:root:12885418:XX add new best (7, 4) is not 3 5 5
INFO:root:12885418:!! Found smaller !!!! 5 6
INFO:root:12885418:XX add new best (3, 1) is not 3 5 5
INFO:root:12885418:!! Found smaller !!!! 5 6
INFO:root:12885418:XX add new best (3, 6) is not 3 5 5
INFO:root:12885419:!! Found smaller !!!! 5 6
INFO:root:12885419:XX add new best (3, 1) is not 8 5 5
INFO:root:12885419:!! Found smaller !!!! 5 6
INFO:root:12885419:XX add new best (3, 1) is not 8 5 5
INFO:root:12885419:!! Found smaller !!!! 5 6
INFO:root:12885419:XX add new best (3, 3) is not 3 5 5
INFO:root:12885419:!! Found smaller !!!! 5 6
INFO:root:12885419:XX add new best (3, 1) is not 3 5 5
INFO:root:12885419:!! Found smaller !!!! 5 6
INFO:root:12885419:XX add new best (9, 6) is 3 5 5
INFO:root:12885419:!! Found smaller !!!! 5 6
INFO:root:12885419:XX add new best (9, 1) is not 3 5 5
INFO:root:12885419:!! Found smaller !!!! 5 6
INFO:root:12885419:XX add new best (7, 4) is not 3 5 5
INFO:root:12885419:!! Found smaller !!!! 5 6
INFO:root:12885419:XX add new best (9, 1) is not 3 5 5
INFO:root:12885419:!! Found smaller !!!! 5 6
INFO:root:12885420:XX add new best (3, 3) is not 9 5 5
INFO:root:12885420:!! Found smaller !!!! 5 6
INFO:root:12885420:XX add new best (3, 1) is not 8 5 5
INFO:root:12885420:!! Found smaller !!!! 5 6
INFO:root:12885420:XX add new best (9, 1) is not 3 5 5
INFO:root:12885420:!! Found smaller !!!! 5 6
INFO:root:12885420:XX add new best (3, 3) is not 3 5 5
INFO:root:12885420:!! Found smaller !!!! 5 6
INFO:root:12885420:XX add new best (3, 3) is not 3 5 5
INFO:root:12885420:!! Found smaller !!!! 5 6
INFO:root:12885420:XX add new best (9, 1) is not 3 5 5
INFO:root:12885420:!! Found smaller !!!! 5 6
INFO:root:12885420:XX add new best (3, 1) is not 3 5 5
INFO:root:12885420:!! Found smaller !!!! 5 6
INFO:root:12885420:XX add new best (9, 6) is 3 5 5
INFO:root:12885420:!! Found smaller !!!! 5 6
INFO:root:12885421:XX add new best (3, 3) is not 3 5 5
INFO:root:12885421:!! Found smaller !!!! 5 6
INFO:root:12885421:XX add new best (3, 3) is not 9 5 5
INFO:root:12885421:!! Found smaller !!!! 5 6
INFO:root:12885421:XX add new best (9, 1) is not 3 5 5
INFO:root:12885421:!! Found smaller !!!! 5 6
INFO:root:12885421:XX add new best (3, 3) is not 9 5 5
INFO:root:12885421:!! Found smaller !!!! 5 6
INFO:root:12885421:XX add new best (2, 3) is not 3 5 5
INFO:root:12885421:!! Found smaller !!!! 5 6
INFO:root:12885421:XX add new best (3, 3) is not 3 5 5
INFO:root:12885421:!! Found smaller !!!! 5 6
INFO:root:12885421:XX add new best (3, 1) is not 3 5 5
INFO:root:12885421:!! Found smaller !!!! 5 6
INFO:root:12885421:XX add new best (3, 1) is not 8 5 5
INFO:root:12885421:!! Found smaller !!!! 5 6
INFO:root:12885422:XX add new best (3, 1) is not 8 5 5
INFO:root:12885422:!! Found smaller !!!! 5 6
INFO:root:12885422:XX add new best (3, 3) is not 3 5 5
INFO:root:12885422:!! Found smaller !!!! 5 6
INFO:root:12885422:XX add new best (3, 1) is not 3 5 5
INFO:root:12885422:!! Found smaller !!!! 5 6
INFO:root:12885422:XX add new best (2, 3) is not 3 5 5
INFO:root:12885422:!! Found smaller !!!! 5 6
INFO:root:12885422:XX add new best (3, 3) is not 3 5 5
INFO:root:12885422:!! Found smaller !!!! 5 6
INFO:root:12885422:XX add new best (9, 6) is 3 5 5
INFO:root:12885422:!! Found smaller !!!! 5 6
INFO:root:12885422:XX add new best (9, 1) is not 3 5 5
INFO:root:12885422:!! Found smaller !!!! 5 6
INFO:root:12885422:XX add new best (3, 3) is not 3 5 5
INFO:root:12885422:!! Found smaller !!!! 5 6
INFO:root:12885423:XX add new best (7, 4) is not 3 5 5
INFO:root:12885423:!! Found smaller !!!! 5 6
INFO:root:12885423:XX add new best (9, 1) is not 3 5 5
INFO:root:12885423:!! Found smaller !!!! 5 6
INFO:root:12885423:XX add new best (3, 3) is not 3 5 5
INFO:root:12885423:!! Found smaller !!!! 5 6
INFO:root:12885423:XX add new best (3, 6) is not 3 5 5
INFO:root:12885423:!! Found smaller !!!! 5 6
INFO:root:12885423:XX add new best (7, 3) is 3 5 5
INFO:root:12885423:!! Found smaller !!!! 5 6
INFO:root:12885423:XX add new best (3, 1) is not 3 5 5
INFO:root:12885423:!! Found smaller !!!! 5 6
INFO:root:12885423:XX add new best (3, 6) is not 3 5 5
INFO:root:12885423:!! Found smaller !!!! 5 6
INFO:root:12885423:XX add new best (3, 1) is not 3 5 5
INFO:root:12885424:!! Found smaller !!!! 5 6
INFO:root:12885424:XX add new best (3, 1) is not 8 5 5
INFO:root:12885424:!! Found smaller !!!! 5 6
INFO:root:12885424:XX add new best (2, 3) is not 3 5 5
INFO:root:12885424:!! Found smaller !!!! 5 6
INFO:root:12885424:XX add new best (3, 6) is not 3 5 5
INFO:root:12885424:!! Found smaller !!!! 5 6
INFO:root:12885424:XX add new best (9, 6) is 3 5 5
INFO:root:12885424:!! Found smaller !!!! 5 6
INFO:root:12885424:XX add new best (2, 3) is not 3 5 5
INFO:root:12885424:!! Found smaller !!!! 5 6
INFO:root:12885424:XX add new best (3, 3) is not 9 5 5
INFO:root:12885424:!! Found smaller !!!! 5 6
INFO:root:12885424:XX add new best (7, 4) is not 3 5 5
INFO:root:12885424:!! Found smaller !!!! 5 6
INFO:root:12885424:XX add new best (7, 3) is 3 5 5
INFO:root:12885425:!! Found smaller !!!! 5 6
INFO:root:12885425:XX add new best (3, 3) is not 9 5 5
INFO:root:12885425:!! Found smaller !!!! 5 6
INFO:root:12885425:XX add new best (3, 1) is not 8 5 5
INFO:root:12885425:!! Found smaller !!!! 5 6
INFO:root:12885425:XX add new best (3, 3) is not 9 5 5
INFO:root:12885425:!! Found smaller !!!! 5 6
INFO:root:12885425:XX add new best (3, 3) is not 3 5 5
INFO:root:12885425:!! Found smaller !!!! 5 6
INFO:root:12885425:XX add new best (3, 3) is not 9 5 5
INFO:root:12885425:!! Found smaller !!!! 5 6
INFO:root:12885425:XX add new best (3, 1) is not 8 5 5
INFO:root:12885425:!! Found smaller !!!! 5 6
INFO:root:12885425:XX add new best (3, 1) is not 3 5 5
INFO:root:12885425:!! Found smaller !!!! 5 6
INFO:root:12885425:XX add new best (3, 3) is not 9 5 5
INFO:root:12885426:!! Found smaller !!!! 5 6
INFO:root:12885426:XX add new best (3, 1) is not 3 5 5
INFO:root:12885426:!! Found smaller !!!! 5 6
INFO:root:12885426:XX add new best (3, 3) is not 9 5 5
INFO:root:12885426:!! Found smaller !!!! 5 6
INFO:root:12885426:XX add new best (3, 1) is not 8 5 5
INFO:root:12885426:!! Found smaller !!!! 5 6
INFO:root:12885426:XX add new best (7, 3) is 3 5 5
INFO:root:12885426:!! Found smaller !!!! 5 6
INFO:root:12885426:XX add new best (9, 1) is not 3 5 5
INFO:root:12885426:!! Found smaller !!!! 5 6
INFO:root:12885426:XX add new best (3, 3) is not 9 5 5
INFO:root:12885426:!! Found smaller !!!! 5 6
INFO:root:12885426:XX add new best (3, 3) is not 3 5 5
INFO:root:12885426:!! Found smaller !!!! 5 6
INFO:root:12885427:XX add new best (7, 3) is 3 5 5
INFO:root:12885427:!! Found smaller !!!! 5 6
INFO:root:12885427:XX add new best (7, 4) is not 3 5 5
INFO:root:12885427:!! Found smaller !!!! 5 6
INFO:root:12885427:XX add new best (3, 1) is not 3 5 5
INFO:root:12885427:!! Found smaller !!!! 5 6
INFO:root:12885427:XX add new best (9, 6) is 3 5 5
INFO:root:12885427:!! Found smaller !!!! 5 6
INFO:root:12885427:XX add new best (3, 3) is not 3 5 5
INFO:root:12885427:!! Found smaller !!!! 5 6
INFO:root:12885427:XX add new best (3, 6) is not 3 5 5
INFO:root:12885427:!! Found smaller !!!! 5 6
INFO:root:12885427:XX add new best (3, 1) is not 8 5 5
INFO:root:12885427:!! Found smaller !!!! 5 6
INFO:root:12885427:XX add new best (9, 6) is 3 5 5
INFO:root:12885427:!! Found smaller !!!! 5 6
INFO:root:12885427:XX add new best (3, 3) is not 3 5 5
INFO:root:12885428:!! Found smaller !!!! 5 6
INFO:root:12885428:XX add new best (9, 1) is not 3 5 5
INFO:root:12885428:!! Found smaller !!!! 5 6
INFO:root:12885428:XX add new best (7, 4) is not 3 5 5
INFO:root:12885428:!! Found smaller !!!! 5 6
INFO:root:12885428:XX add new best (3, 3) is not 3 5 5
INFO:root:12885428:!! Found smaller !!!! 5 6
INFO:root:12885428:XX add new best (9, 6) is 3 5 5
INFO:root:12885428:!! Found smaller !!!! 5 6
INFO:root:12885428:XX add new best (3, 1) is not 3 5 5
INFO:root:12885428:!! Found smaller !!!! 5 6
INFO:root:12885428:XX add new best (3, 1) is not 3 5 5
INFO:root:12885428:!! Found smaller !!!! 5 6
INFO:root:12885428:XX add new best (9, 1) is not 3 5 5
INFO:root:12885428:!! Found smaller !!!! 5 6
INFO:root:12885428:XX add new best (3, 3) is not 3 5 5
INFO:root:12885429:!! Found smaller !!!! 5 6
INFO:root:12885429:XX add new best (3, 3) is not 3 5 5
INFO:root:12885429:!! Found smaller !!!! 5 6
INFO:root:12885429:XX add new best (3, 3) is not 3 5 5
INFO:root:12886004:Minimal choices : 10 [(2, 3) is not 3, (3, 1) is not 3, (3, 1) is not 8, (3, 3) is not 3, (3, 3) is not 9, (3, 6) is not 3, (7, 3) is 3, (7, 4) is not 3, (9, 1) is not 3, (9, 6) is 3]
INFO:root:12886009:Starting Step 13
INFO:root:12886625:Current state [[[[3, 8], [5, 8], [2], [1, 3, 8], [9], [4], [1, 5], [6], [7]], [[7], [1], [9], [5], [6], [2], [4], [8], [3, 9]], [[3, 4, 6, 8], [5, 8, 9], [3, 4, 6, 9], [1, 3, 8], [7], [1, 3], [1, 5], [2], [3, 9]], [[1], [6], [8], [9], [4], [7], [3], [5], [2]], [[2], [3], [7], [1, 6], [5], [1, 6], [9], [4], [8]], [[9], [4], [5], [2], [3], [8], [7], [1], [6]], [[5], [2], [3, 6], [3, 6], [1], [9], [8], [7], [4]], [[4, 8], [8, 9], [4, 9], [7], [2], [5], [6], [3], [1]], [[3, 6], [7], [1], [4], [8], [3, 6], [2], [9], [5]]]]
INFO:root:12886625:Doing checkSmall1
INFO:root:12886625:Getting tiny MUSes, distance 1, for 50 puzlits, 1 repeats
INFO:root:12886667:Chunked 50 in [4, 4, 3, 3, 3, 3, 3, 3, 3, 3, 3, 3, 3, 3, 3, 3]
INFO:root:12886684:XX found first (2, 9) is 3 1
INFO:root:12886684:XX found first (2, 3) is 9 1
INFO:root:12886697:Early exit from checkSmall1
INFO:root:12886711:Starting Step 14
INFO:root:12887316:Current state [[[[3, 8], [5, 8], [2], [1, 3, 8], [9], [4], [1, 5], [6], [7]], [[7], [1], [9], [5], [6], [2], [4], [8], [3]], [[3, 4, 6, 8], [5, 8, 9], [3, 4, 6, 9], [1, 3, 8], [7], [1, 3], [1, 5], [2], [3, 9]], [[1], [6], [8], [9], [4], [7], [3], [5], [2]], [[2], [3], [7], [1, 6], [5], [1, 6], [9], [4], [8]], [[9], [4], [5], [2], [3], [8], [7], [1], [6]], [[5], [2], [3, 6], [3, 6], [1], [9], [8], [7], [4]], [[4, 8], [8, 9], [4, 9], [7], [2], [5], [6], [3], [1]], [[3, 6], [7], [1], [4], [8], [3, 6], [2], [9], [5]]]]
INFO:root:12887316:Doing checkSmall1
INFO:root:12887316:Getting tiny MUSes, distance 1, for 48 puzlits, 1 repeats
INFO:root:12887352:Chunked 48 in [3, 3, 3, 3, 3, 3, 3, 3, 3, 3, 3, 3, 3, 3, 3, 3]
INFO:root:12887370:XX found first (3, 9) is not 3 1
INFO:root:12887370:XX found first (3, 2) is not 9 1
INFO:root:12887370:XX found first (3, 3) is not 9 1
INFO:root:12887370:XX found first (8, 3) is not 9 1
INFO:root:12887370:XX found first (2, 9) is not 9 1
INFO:root:12887383:Early exit from checkSmall1
INFO:root:12887392:Starting Step 15
INFO:root:12888001:Current state [[[[3, 8], [5, 8], [2], [1, 3, 8], [9], [4], [1, 5], [6], [7]], [[7], [1], [9], [5], [6], [2], [4], [8], [3]], [[3, 4, 6, 8], [5, 8], [3, 4, 6], [1, 3, 8], [7], [1, 3], [1, 5], [2], [9]], [[1], [6], [8], [9], [4], [7], [3], [5], [2]], [[2], [3], [7], [1, 6], [5], [1, 6], [9], [4], [8]], [[9], [4], [5], [2], [3], [8], [7], [1], [6]], [[5], [2], [3, 6], [3, 6], [1], [9], [8], [7], [4]], [[4, 8], [8, 9], [4], [7], [2], [5], [6], [3], [1]], [[3, 6], [7], [1], [4], [8], [3, 6], [2], [9], [5]]]]
INFO:root:12888001:Doing checkSmall1
INFO:root:12888001:Getting tiny MUSes, distance 1, for 43 puzlits, 1 repeats
INFO:root:12888038:Chunked 43 in [3, 3, 3, 3, 3, 3, 3, 3, 3, 3, 3, 2, 2, 2, 2, 2]
INFO:root:12888053:XX found first (8, 3) is 4 1
INFO:root:12888053:XX found first (8, 2) is 9 1
INFO:root:12888053:XX found first (3, 9) is 9 1
INFO:root:12888065:Early exit from checkSmall1
INFO:root:12888085:Starting Step 16
INFO:root:12888694:Current state [[[[3, 8], [5, 8], [2], [1, 3, 8], [9], [4], [1, 5], [6], [7]], [[7], [1], [9], [5], [6], [2], [4], [8], [3]], [[3, 4, 6, 8], [5, 8], [3, 4, 6], [1, 3, 8], [7], [1, 3], [1, 5], [2], [9]], [[1], [6], [8], [9], [4], [7], [3], [5], [2]], [[2], [3], [7], [1, 6], [5], [1, 6], [9], [4], [8]], [[9], [4], [5], [2], [3], [8], [7], [1], [6]], [[5], [2], [3, 6], [3, 6], [1], [9], [8], [7], [4]], [[4, 8], [9], [4], [7], [2], [5], [6], [3], [1]], [[3, 6], [7], [1], [4], [8], [3, 6], [2], [9], [5]]]]
INFO:root:12888694:Doing checkSmall1
INFO:root:12888694:Getting tiny MUSes, distance 1, for 40 puzlits, 1 repeats
INFO:root:12888730:Chunked 40 in [3, 3, 3, 3, 3, 3, 3, 3, 2, 2, 2, 2, 2, 2, 2, 2]
INFO:root:12888747:XX found first (8, 1) is not 4 1
INFO:root:12888747:XX found first (8, 2) is not 8 1
INFO:root:12888747:XX found first (3, 3) is not 4 1
INFO:root:12888760:Early exit from checkSmall1
INFO:root:12888768:Starting Step 17
INFO:root:12889376:Current state [[[[3, 8], [5, 8], [2], [1, 3, 8], [9], [4], [1, 5], [6], [7]], [[7], [1], [9], [5], [6], [2], [4], [8], [3]], [[3, 4, 6, 8], [5, 8], [3, 6], [1, 3, 8], [7], [1, 3], [1, 5], [2], [9]], [[1], [6], [8], [9], [4], [7], [3], [5], [2]], [[2], [3], [7], [1, 6], [5], [1, 6], [9], [4], [8]], [[9], [4], [5], [2], [3], [8], [7], [1], [6]], [[5], [2], [3, 6], [3, 6], [1], [9], [8], [7], [4]], [[8], [9], [4], [7], [2], [5], [6], [3], [1]], [[3, 6], [7], [1], [4], [8], [3, 6], [2], [9], [5]]]]
INFO:root:12889376:Doing checkSmall1
INFO:root:12889376:Getting tiny MUSes, distance 1, for 37 puzlits, 1 repeats
INFO:root:12889412:Chunked 37 in [3, 3, 3, 3, 3, 2, 2, 2, 2, 2, 2, 2, 2, 2, 2, 2]
INFO:root:12889426:XX found first (3, 1) is 4 1
INFO:root:12889426:XX found first (8, 1) is 8 1
INFO:root:12889438:Early exit from checkSmall1
INFO:root:12889454:Starting Step 18
INFO:root:12890075:Current state [[[[3, 8], [5, 8], [2], [1, 3, 8], [9], [4], [1, 5], [6], [7]], [[7], [1], [9], [5], [6], [2], [4], [8], [3]], [[4], [5, 8], [3, 6], [1, 3, 8], [7], [1, 3], [1, 5], [2], [9]], [[1], [6], [8], [9], [4], [7], [3], [5], [2]], [[2], [3], [7], [1, 6], [5], [1, 6], [9], [4], [8]], [[9], [4], [5], [2], [3], [8], [7], [1], [6]], [[5], [2], [3, 6], [3, 6], [1], [9], [8], [7], [4]], [[8], [9], [4], [7], [2], [5], [6], [3], [1]], [[3, 6], [7], [1], [4], [8], [3, 6], [2], [9], [5]]]]
INFO:root:12890075:Doing checkSmall1
INFO:root:12890076:Getting tiny MUSes, distance 1, for 35 puzlits, 1 repeats
INFO:root:12890112:Chunked 35 in [3, 3, 3, 2, 2, 2, 2, 2, 2, 2, 2, 2, 2, 2, 2, 2]
INFO:root:12890131:XX found first (3, 1) is not 3 1
INFO:root:12890132:XX found first (1, 1) is not 8 1
INFO:root:12890132:XX found first (3, 1) is not 6 1
INFO:root:12890132:XX found first (3, 1) is not 8 1
INFO:root:12890144:Early exit from checkSmall1
INFO:root:12890153:Starting Step 19
INFO:root:12890764:Current state [[[[3], [5, 8], [2], [1, 3, 8], [9], [4], [1, 5], [6], [7]], [[7], [1], [9], [5], [6], [2], [4], [8], [3]], [[4], [5, 8], [3, 6], [1, 3, 8], [7], [1, 3], [1, 5], [2], [9]], [[1], [6], [8], [9], [4], [7], [3], [5], [2]], [[2], [3], [7], [1, 6], [5], [1, 6], [9], [4], [8]], [[9], [4], [5], [2], [3], [8], [7], [1], [6]], [[5], [2], [3, 6], [3, 6], [1], [9], [8], [7], [4]], [[8], [9], [4], [7], [2], [5], [6], [3], [1]], [[3, 6], [7], [1], [4], [8], [3, 6], [2], [9], [5]]]]
INFO:root:12890764:Doing checkSmall1
INFO:root:12890764:Getting tiny MUSes, distance 1, for 31 puzlits, 1 repeats
INFO:root:12890800:Chunked 31 in [2, 2, 2, 2, 2, 2, 2, 2, 2, 2, 2, 2, 2, 2, 2, 1]
INFO:root:12890816:XX found first (1, 1) is 3 1
INFO:root:12890816:XX found first (3, 3) is 6 1
INFO:root:12890817:XX found first (9, 1) is 6 1
INFO:root:12890829:Early exit from checkSmall1
INFO:root:12890846:Starting Step 20
INFO:root:12891462:Current state [[[[3], [5, 8], [2], [1, 3, 8], [9], [4], [1, 5], [6], [7]], [[7], [1], [9], [5], [6], [2], [4], [8], [3]], [[4], [5, 8], [6], [1, 3, 8], [7], [1, 3], [1, 5], [2], [9]], [[1], [6], [8], [9], [4], [7], [3], [5], [2]], [[2], [3], [7], [1, 6], [5], [1, 6], [9], [4], [8]], [[9], [4], [5], [2], [3], [8], [7], [1], [6]], [[5], [2], [3, 6], [3, 6], [1], [9], [8], [7], [4]], [[8], [9], [4], [7], [2], [5], [6], [3], [1]], [[6], [7], [1], [4], [8], [3, 6], [2], [9], [5]]]]
INFO:root:12891462:Doing checkSmall1
INFO:root:12891462:Getting tiny MUSes, distance 1, for 28 puzlits, 1 repeats
INFO:root:12891498:Chunked 28 in [2, 2, 2, 2, 2, 2, 2, 2, 2, 2, 2, 2, 1, 1, 1, 1]
INFO:root:12891514:XX found first (9, 1) is not 3 1
INFO:root:12891514:XX found first (3, 3) is not 3 1
INFO:root:12891514:XX found first (7, 3) is not 6 1
INFO:root:12891514:XX found first (9, 6) is not 6 1
INFO:root:12891514:XX found first (1, 4) is not 3 1
INFO:root:12891527:Early exit from checkSmall1
INFO:root:12891536:Starting Step 21
INFO:root:12892160:Current state [[[[3], [5, 8], [2], [1, 8], [9], [4], [1, 5], [6], [7]], [[7], [1], [9], [5], [6], [2], [4], [8], [3]], [[4], [5, 8], [6], [1, 3, 8], [7], [1, 3], [1, 5], [2], [9]], [[1], [6], [8], [9], [4], [7], [3], [5], [2]], [[2], [3], [7], [1, 6], [5], [1, 6], [9], [4], [8]], [[9], [4], [5], [2], [3], [8], [7], [1], [6]], [[5], [2], [3], [3, 6], [1], [9], [8], [7], [4]], [[8], [9], [4], [7], [2], [5], [6], [3], [1]], [[6], [7], [1], [4], [8], [3], [2], [9], [5]]]]
INFO:root:12892160:Doing checkSmall1
INFO:root:12892160:Getting tiny MUSes, distance 1, for 23 puzlits, 1 repeats
INFO:root:12892197:Chunked 23 in [2, 2, 2, 2, 2, 2, 2, 1, 1, 1, 1, 1, 1, 1, 1, 1]
INFO:root:12892210:XX found first (9, 6) is 3 1
INFO:root:12892210:XX found first (7, 3) is 3 1
INFO:root:12892210:XX found first (7, 4) is 6 1
INFO:root:12892210:XX found first (5, 6) is 6 1
INFO:root:12892222:Early exit from checkSmall1
INFO:root:12892247:Starting Step 22
INFO:root:12892863:Current state [[[[3], [5, 8], [2], [1, 8], [9], [4], [1, 5], [6], [7]], [[7], [1], [9], [5], [6], [2], [4], [8], [3]], [[4], [5, 8], [6], [1, 3, 8], [7], [1, 3], [1, 5], [2], [9]], [[1], [6], [8], [9], [4], [7], [3], [5], [2]], [[2], [3], [7], [1, 6], [5], [6], [9], [4], [8]], [[9], [4], [5], [2], [3], [8], [7], [1], [6]], [[5], [2], [3], [6], [1], [9], [8], [7], [4]], [[8], [9], [4], [7], [2], [5], [6], [3], [1]], [[6], [7], [1], [4], [8], [3], [2], [9], [5]]]]
INFO:root:12892863:Doing checkSmall1
INFO:root:12892863:Getting tiny MUSes, distance 1, for 19 puzlits, 1 repeats
INFO:root:12892899:Chunked 19 in [2, 2, 2, 1, 1, 1, 1, 1, 1, 1, 1, 1, 1, 1, 1, 1]
INFO:root:12892914:XX found first (5, 4) is not 6 1
INFO:root:12892914:XX found first (3, 6) is not 3 1
INFO:root:12892914:XX found first (7, 4) is not 3 1
INFO:root:12892914:XX found first (5, 6) is not 1 1
INFO:root:12892927:Early exit from checkSmall1
INFO:root:12892935:Starting Step 23
INFO:root:12893563:Current state [[[[3], [5, 8], [2], [1, 8], [9], [4], [1, 5], [6], [7]], [[7], [1], [9], [5], [6], [2], [4], [8], [3]], [[4], [5, 8], [6], [1, 3, 8], [7], [1], [1, 5], [2], [9]], [[1], [6], [8], [9], [4], [7], [3], [5], [2]], [[2], [3], [7], [1], [5], [6], [9], [4], [8]], [[9], [4], [5], [2], [3], [8], [7], [1], [6]], [[5], [2], [3], [6], [1], [9], [8], [7], [4]], [[8], [9], [4], [7], [2], [5], [6], [3], [1]], [[6], [7], [1], [4], [8], [3], [2], [9], [5]]]]
INFO:root:12893563:Doing checkSmall1
INFO:root:12893563:Getting tiny MUSes, distance 1, for 15 puzlits, 1 repeats
INFO:root:12893600:Chunked 15 in [1, 1, 1, 1, 1, 1, 1, 1, 1, 1, 1, 1, 1, 1, 1, 0]
INFO:root:12893614:XX found first (3, 4) is 3 1
INFO:root:12893614:XX found first (3, 6) is 1 1
INFO:root:12893614:XX found first (5, 4) is 1 1
INFO:root:12893627:Early exit from checkSmall1
INFO:root:12893646:Starting Step 24
INFO:root:12894270:Current state [[[[3], [5, 8], [2], [1, 8], [9], [4], [1, 5], [6], [7]], [[7], [1], [9], [5], [6], [2], [4], [8], [3]], [[4], [5, 8], [6], [3], [7], [1], [1, 5], [2], [9]], [[1], [6], [8], [9], [4], [7], [3], [5], [2]], [[2], [3], [7], [1], [5], [6], [9], [4], [8]], [[9], [4], [5], [2], [3], [8], [7], [1], [6]], [[5], [2], [3], [6], [1], [9], [8], [7], [4]], [[8], [9], [4], [7], [2], [5], [6], [3], [1]], [[6], [7], [1], [4], [8], [3], [2], [9], [5]]]]
INFO:root:12894270:Doing checkSmall1
INFO:root:12894270:Getting tiny MUSes, distance 1, for 12 puzlits, 1 repeats
INFO:root:12894306:Chunked 12 in [1, 1, 1, 1, 1, 1, 1, 1, 1, 1, 1, 1, 0, 0, 0, 0]
INFO:root:12894319:XX found first (3, 7) is not 1 1
INFO:root:12894319:XX found first (3, 4) is not 8 1
INFO:root:12894319:XX found first (3, 4) is not 1 1
INFO:root:12894319:XX found first (1, 4) is not 1 1
INFO:root:12894332:Early exit from checkSmall1
INFO:root:12894341:Starting Step 25
INFO:root:12894965:Current state [[[[3], [5, 8], [2], [8], [9], [4], [1, 5], [6], [7]], [[7], [1], [9], [5], [6], [2], [4], [8], [3]], [[4], [5, 8], [6], [3], [7], [1], [5], [2], [9]], [[1], [6], [8], [9], [4], [7], [3], [5], [2]], [[2], [3], [7], [1], [5], [6], [9], [4], [8]], [[9], [4], [5], [2], [3], [8], [7], [1], [6]], [[5], [2], [3], [6], [1], [9], [8], [7], [4]], [[8], [9], [4], [7], [2], [5], [6], [3], [1]], [[6], [7], [1], [4], [8], [3], [2], [9], [5]]]]
INFO:root:12894965:Doing checkSmall1
INFO:root:12894965:Getting tiny MUSes, distance 1, for 8 puzlits, 1 repeats
INFO:root:12895001:Chunked 8 in [1, 1, 1, 1, 1, 1, 1, 1, 0, 0, 0, 0, 0, 0, 0, 0]
INFO:root:12895010:XX found first (3, 7) is 5 1
INFO:root:12895011:XX found first (3, 2) is 8 1
INFO:root:12895011:XX found first (1, 4) is 8 1
INFO:root:12895011:XX found first (1, 7) is 1 1
INFO:root:12895024:Early exit from checkSmall1
INFO:root:12895043:Starting Step 26
INFO:root:12895679:Current state [[[[3], [5, 8], [2], [8], [9], [4], [1], [6], [7]], [[7], [1], [9], [5], [6], [2], [4], [8], [3]], [[4], [8], [6], [3], [7], [1], [5], [2], [9]], [[1], [6], [8], [9], [4], [7], [3], [5], [2]], [[2], [3], [7], [1], [5], [6], [9], [4], [8]], [[9], [4], [5], [2], [3], [8], [7], [1], [6]], [[5], [2], [3], [6], [1], [9], [8], [7], [4]], [[8], [9], [4], [7], [2], [5], [6], [3], [1]], [[6], [7], [1], [4], [8], [3], [2], [9], [5]]]]
INFO:root:12895679:Doing checkSmall1
INFO:root:12895679:Getting tiny MUSes, distance 1, for 4 puzlits, 1 repeats
INFO:root:12895715:Chunked 4 in [1, 1, 1, 1, 0, 0, 0, 0, 0, 0, 0, 0, 0, 0, 0, 0]
INFO:root:12895725:XX found first (1, 2) is not 8 1
INFO:root:12895725:XX found first (1, 7) is not 5 1
INFO:root:12895725:XX found first (3, 2) is not 5 1
INFO:root:12895738:Early exit from checkSmall1
INFO:root:12895747:Starting Step 27
INFO:root:12896376:Current state [[[[3], [5], [2], [8], [9], [4], [1], [6], [7]], [[7], [1], [9], [5], [6], [2], [4], [8], [3]], [[4], [8], [6], [3], [7], [1], [5], [2], [9]], [[1], [6], [8], [9], [4], [7], [3], [5], [2]], [[2], [3], [7], [1], [5], [6], [9], [4], [8]], [[9], [4], [5], [2], [3], [8], [7], [1], [6]], [[5], [2], [3], [6], [1], [9], [8], [7], [4]], [[8], [9], [4], [7], [2], [5], [6], [3], [1]], [[6], [7], [1], [4], [8], [3], [2], [9], [5]]]]
INFO:root:12896376:Doing checkSmall1
INFO:root:12896376:Getting tiny MUSes, distance 1, for 1 puzlits, 1 repeats
INFO:root:12896412:Chunked 1 in [1, 0, 0, 0, 0, 0, 0, 0, 0, 0, 0, 0, 0, 0, 0, 0]
INFO:root:12896420:XX found first (1, 2) is 5 1
INFO:root:12896433:Early exit from checkSmall1
INFO:root:12896443:Total Solver Calls 122107401
INFO:root:12896443:Trace: [(5, [(2, 3) is not 3])]
INFO:root:12896443:Trace Quality: [(5, 1)]
INFO:root:12896443:Trace Sorted: [(5, 1)]
INFO:root:12896444:Finished
INFO:root:12896444:Full Trace [(5, [(2, 3) is not 3])]

real	214m56.819s
user	3301m32.579s
sys	7m3.618s
