INFO:root:6563:Starting Step 1
INFO:root:6591:Current state [[[[1, 2, 3, 4, 5, 6, 7, 8, 9], [7], [1, 2, 3, 4, 5, 6, 7, 8, 9], [1, 2, 3, 4, 5, 6, 7, 8, 9], [1, 2, 3, 4, 5, 6, 7, 8, 9], [3], [1, 2, 3, 4, 5, 6, 7, 8, 9], [6], [1, 2, 3, 4, 5, 6, 7, 8, 9]], [[1, 2, 3, 4, 5, 6, 7, 8, 9], [1, 2, 3, 4, 5, 6, 7, 8, 9], [1, 2, 3, 4, 5, 6, 7, 8, 9], [1], [1, 2, 3, 4, 5, 6, 7, 8, 9], [2], [1, 2, 3, 4, 5, 6, 7, 8, 9], [1, 2, 3, 4, 5, 6, 7, 8, 9], [1, 2, 3, 4, 5, 6, 7, 8, 9]], [[1, 2, 3, 4, 5, 6, 7, 8, 9], [1, 2, 3, 4, 5, 6, 7, 8, 9], [5], [1, 2, 3, 4, 5, 6, 7, 8, 9], [1, 2, 3, 4, 5, 6, 7, 8, 9], [1, 2, 3, 4, 5, 6, 7, 8, 9], [7], [1, 2, 3, 4, 5, 6, 7, 8, 9], [9]], [[1, 2, 3, 4, 5, 6, 7, 8, 9], [1, 2, 3, 4, 5, 6, 7, 8, 9], [7], [2], [1, 2, 3, 4, 5, 6, 7, 8, 9], [1, 2, 3, 4, 5, 6, 7, 8, 9], [1, 2, 3, 4, 5, 6, 7, 8, 9], [1, 2, 3, 4, 5, 6, 7, 8, 9], [1]], [[1, 2, 3, 4, 5, 6, 7, 8, 9], [1, 2, 3, 4, 5, 6, 7, 8, 9], [6], [1, 2, 3, 4, 5, 6, 7, 8, 9], [1], [1, 2, 3, 4, 5, 6, 7, 8, 9], [8], [4], [1, 2, 3, 4, 5, 6, 7, 8, 9]], [[8], [1, 2, 3, 4, 5, 6, 7, 8, 9], [1, 2, 3, 4, 5, 6, 7, 8, 9], [1, 2, 3, 4, 5, 6, 7, 8, 9], [1, 2, 3, 4, 5, 6, 7, 8, 9], [1, 2, 3, 4, 5, 6, 7, 8, 9], [5], [1, 2, 3, 4, 5, 6, 7, 8, 9], [1, 2, 3, 4, 5, 6, 7, 8, 9]], [[7], [1, 2, 3, 4, 5, 6, 7, 8, 9], [4], [1, 2, 3, 4, 5, 6, 7, 8, 9], [1, 2, 3, 4, 5, 6, 7, 8, 9], [1, 2, 3, 4, 5, 6, 7, 8, 9], [9], [1, 2, 3, 4, 5, 6, 7, 8, 9], [1, 2, 3, 4, 5, 6, 7, 8, 9]], [[1, 2, 3, 4, 5, 6, 7, 8, 9], [1, 2, 3, 4, 5, 6, 7, 8, 9], [1, 2, 3, 4, 5, 6, 7, 8, 9], [7], [1, 2, 3, 4, 5, 6, 7, 8, 9], [8], [1, 2, 3, 4, 5, 6, 7, 8, 9], [1, 2, 3, 4, 5, 6, 7, 8, 9], [1, 2, 3, 4, 5, 6, 7, 8, 9]], [[1, 2, 3, 4, 5, 6, 7, 8, 9], [9], [1, 2, 3, 4, 5, 6, 7, 8, 9], [6], [1, 2, 3, 4, 5, 6, 7, 8, 9], [1, 2, 3, 4, 5, 6, 7, 8, 9], [1, 2, 3, 4, 5, 6, 7, 8, 9], [5], [1, 2, 3, 4, 5, 6, 7, 8, 9]]]]
INFO:root:6592:Doing checkSmall1
INFO:root:6592:Getting tiny MUSes, distance 1, for 704 puzlits, 1 repeats
INFO:root:6646:Chunked 704 in [44, 44, 44, 44, 44, 44, 44, 44, 44, 44, 44, 44, 44, 44, 44, 44]
INFO:root:6891:XX found first (3, 6) is not 3 1
INFO:root:6891:XX found first (3, 6) is not 7 1
INFO:root:6891:XX found first (3, 7) is not 1 1
INFO:root:6891:XX found first (8, 3) is not 5 1
INFO:root:6891:XX found first (5, 8) is not 7 1
INFO:root:6892:XX found first (1, 7) is not 3 1
INFO:root:6892:XX found first (8, 1) is not 9 1
INFO:root:6892:XX found first (6, 9) is not 4 1
INFO:root:6892:XX found first (7, 9) is not 4 1
INFO:root:6892:XX found first (6, 6) is not 8 1
INFO:root:6892:XX found first (7, 7) is not 8 1
INFO:root:6892:XX found first (8, 4) is not 9 1
INFO:root:6892:XX found first (1, 7) is not 7 1
INFO:root:6892:XX found first (8, 6) is not 7 1
INFO:root:6892:XX found first (4, 4) is not 1 1
INFO:root:6892:XX found first (9, 8) is not 8 1
INFO:root:6892:XX found first (3, 4) is not 6 1
INFO:root:6892:XX found first (9, 6) is not 8 1
INFO:root:6892:XX found first (1, 9) is not 1 1
INFO:root:6892:XX found first (5, 8) is not 9 1
INFO:root:6892:XX found first (4, 8) is not 5 1
INFO:root:6892:XX found first (2, 8) is not 1 1
INFO:root:6892:XX found first (1, 9) is not 3 1
INFO:root:6892:XX found first (2, 5) is not 2 1
INFO:root:6892:XX found first (7, 7) is not 7 1
INFO:root:6892:XX found first (8, 7) is not 5 1
INFO:root:6892:XX found first (7, 4) is not 7 1
INFO:root:6892:XX found first (2, 7) is not 5 1
INFO:root:6892:XX found first (2, 9) is not 9 1
INFO:root:6892:XX found first (6, 4) is not 7 1
INFO:root:6892:XX found first (5, 3) is not 9 1
INFO:root:6893:XX found first (8, 4) is not 1 1
INFO:root:6893:XX found first (8, 7) is not 9 1
INFO:root:6893:XX found first (4, 7) is not 2 1
INFO:root:6893:XX found first (9, 6) is not 9 1
INFO:root:6893:XX found first (7, 9) is not 1 1
INFO:root:6893:XX found first (8, 8) is not 5 1
INFO:root:6893:XX found first (5, 7) is not 7 1
INFO:root:6893:XX found first (6, 5) is not 1 1
INFO:root:6893:XX found first (4, 8) is not 1 1
INFO:root:6893:XX found first (6, 6) is not 1 1
INFO:root:6893:XX found first (7, 5) is not 1 1
INFO:root:6893:XX found first (2, 4) is not 4 1
INFO:root:6893:XX found first (2, 7) is not 7 1
INFO:root:6893:XX found first (3, 5) is not 1 1
INFO:root:6893:XX found first (5, 3) is not 8 1
INFO:root:6893:XX found first (4, 3) is not 9 1
INFO:root:6893:XX found first (7, 6) is not 6 1
INFO:root:6893:XX found first (3, 5) is not 2 1
INFO:root:6893:XX found first (2, 8) is not 2 1
INFO:root:6893:XX found first (4, 9) is not 7 1
INFO:root:6893:XX found first (6, 5) is not 5 1
INFO:root:6893:XX found first (8, 6) is not 4 1
INFO:root:6894:XX found first (1, 7) is not 5 1
INFO:root:6894:XX found first (3, 3) is not 8 1
INFO:root:6894:XX found first (6, 2) is not 6 1
INFO:root:6894:XX found first (5, 6) is not 2 1
INFO:root:6894:XX found first (7, 4) is not 6 1
INFO:root:6894:XX found first (1, 8) is not 9 1
INFO:root:6894:XX found first (3, 1) is not 9 1
INFO:root:6894:XX found first (8, 4) is not 6 1
INFO:root:6894:XX found first (3, 6) is not 1 1
INFO:root:6894:XX found first (6, 7) is not 8 1
INFO:root:6894:XX found first (8, 1) is not 4 1
INFO:root:6894:XX found first (2, 4) is not 3 1
INFO:root:6894:XX found first (5, 3) is not 1 1
INFO:root:6894:XX found first (9, 9) is not 9 1
INFO:root:6894:XX found first (2, 7) is not 6 1
INFO:root:6894:XX found first (5, 7) is not 1 1
INFO:root:6894:XX found first (2, 4) is not 8 1
INFO:root:6894:XX found first (6, 4) is not 5 1
INFO:root:6894:XX found first (8, 8) is not 6 1
INFO:root:6894:XX found first (5, 6) is not 1 1
INFO:root:6894:XX found first (2, 1) is not 1 1
INFO:root:6894:XX found first (6, 1) is not 9 1
INFO:root:6894:XX found first (8, 4) is not 8 1
INFO:root:6894:XX found first (3, 7) is not 8 1
INFO:root:6894:XX found first (3, 9) is not 6 1
INFO:root:6894:XX found first (3, 6) is not 2 1
INFO:root:6895:XX found first (5, 6) is not 6 1
INFO:root:6895:XX found first (8, 6) is not 5 1
INFO:root:6895:XX found first (5, 5) is not 5 1
INFO:root:6895:XX found first (1, 6) is not 6 1
INFO:root:6895:XX found first (7, 5) is not 7 1
INFO:root:6895:XX found first (6, 7) is not 7 1
INFO:root:6895:XX found first (5, 7) is not 2 1
INFO:root:6895:XX found first (6, 4) is not 1 1
INFO:root:6895:XX found first (3, 6) is not 9 1
INFO:root:6895:XX found first (8, 6) is not 2 1
INFO:root:6895:XX found first (9, 2) is not 8 1
INFO:root:6895:XX found first (2, 6) is not 1 1
INFO:root:6895:XX found first (6, 7) is not 6 1
INFO:root:6895:XX found first (3, 8) is not 9 1
INFO:root:6895:XX found first (2, 4) is not 9 1
INFO:root:6895:XX found first (8, 9) is not 9 1
INFO:root:6895:XX found first (4, 7) is not 7 1
INFO:root:6895:XX found first (1, 8) is not 7 1
INFO:root:6895:XX found first (9, 7) is not 5 1
INFO:root:6895:XX found first (4, 1) is not 8 1
INFO:root:6895:XX found first (5, 4) is not 6 1
INFO:root:6895:XX found first (9, 8) is not 7 1
INFO:root:6895:XX found first (6, 4) is not 2 1
INFO:root:6895:XX found first (3, 8) is not 6 1
INFO:root:6895:XX found first (9, 4) is not 1 1
INFO:root:6896:XX found first (8, 6) is not 1 1
INFO:root:6896:XX found first (5, 2) is not 6 1
INFO:root:6896:XX found first (1, 2) is not 1 1
INFO:root:6896:XX found first (2, 6) is not 5 1
INFO:root:6896:XX found first (8, 8) is not 7 1
INFO:root:6896:XX found first (9, 8) is not 2 1
INFO:root:6896:XX found first (9, 1) is not 4 1
INFO:root:6896:XX found first (6, 1) is not 7 1
INFO:root:6896:XX found first (1, 2) is not 6 1
INFO:root:6896:XX found first (3, 3) is not 6 1
INFO:root:6896:XX found first (3, 7) is not 4 1
INFO:root:6896:XX found first (6, 7) is not 4 1
INFO:root:6896:XX found first (1, 4) is not 2 1
INFO:root:6896:XX found first (9, 8) is not 6 1
INFO:root:6896:XX found first (6, 8) is not 8 1
INFO:root:6896:XX found first (7, 1) is not 3 1
INFO:root:6896:XX found first (7, 5) is not 8 1
INFO:root:6896:XX found first (5, 8) is not 3 1
INFO:root:6896:XX found first (4, 6) is not 7 1
INFO:root:6896:XX found first (9, 9) is not 5 1
INFO:root:6896:XX found first (7, 8) is not 4 1
INFO:root:6896:XX found first (5, 5) is not 4 1
INFO:root:6896:XX found first (5, 3) is not 3 1
INFO:root:6896:XX found first (5, 5) is not 2 1
INFO:root:6896:XX found first (8, 3) is not 9 1
INFO:root:6897:XX found first (3, 5) is not 5 1
INFO:root:6897:XX found first (7, 5) is not 9 1
INFO:root:6897:XX found first (8, 2) is not 4 1
INFO:root:6897:XX found first (2, 7) is not 9 1
INFO:root:6897:XX found first (3, 4) is not 9 1
INFO:root:6897:XX found first (4, 1) is not 1 1
INFO:root:6897:XX found first (5, 4) is not 7 1
INFO:root:6897:XX found first (9, 9) is not 6 1
INFO:root:6897:XX found first (8, 8) is not 8 1
INFO:root:6897:XX found first (9, 1) is not 7 1
INFO:root:6897:XX found first (1, 1) is not 7 1
INFO:root:6897:XX found first (5, 4) is not 4 1
INFO:root:6897:XX found first (1, 2) is not 4 1
INFO:root:6897:XX found first (8, 5) is not 6 1
INFO:root:6897:XX found first (1, 5) is not 1 1
INFO:root:6897:XX found first (2, 4) is not 2 1
INFO:root:6897:XX found first (7, 9) is not 5 1
INFO:root:6897:XX found first (2, 3) is not 4 1
INFO:root:6897:XX found first (7, 8) is not 9 1
INFO:root:6897:XX found first (6, 2) is not 5 1
INFO:root:6897:XX found first (7, 7) is not 1 1
INFO:root:6897:XX found first (3, 7) is not 2 1
INFO:root:6897:XX found first (9, 1) is not 5 1
INFO:root:6897:XX found first (7, 3) is not 7 1
INFO:root:6897:XX found first (5, 4) is not 8 1
INFO:root:6898:XX found first (7, 1) is not 9 1
INFO:root:6898:XX found first (9, 6) is not 5 1
INFO:root:6898:XX found first (7, 8) is not 6 1
INFO:root:6898:XX found first (3, 4) is not 7 1
INFO:root:6898:XX found first (3, 3) is not 7 1
INFO:root:6898:XX found first (5, 5) is not 8 1
INFO:root:6898:XX found first (8, 2) is not 8 1
INFO:root:6898:XX found first (4, 1) is not 2 1
INFO:root:6898:XX found first (3, 9) is not 1 1
INFO:root:6898:XX found first (2, 9) is not 6 1
INFO:root:6898:XX found first (7, 8) is not 5 1
INFO:root:6898:XX found first (4, 6) is not 8 1
INFO:root:6898:XX found first (1, 8) is not 2 1
INFO:root:6898:XX found first (6, 7) is not 2 1
INFO:root:6898:XX found first (1, 3) is not 3 1
INFO:root:6898:XX found first (4, 2) is not 7 1
INFO:root:6898:XX found first (6, 3) is not 5 1
INFO:root:6898:XX found first (9, 2) is not 4 1
INFO:root:6898:XX found first (6, 7) is not 9 1
INFO:root:6898:XX found first (4, 4) is not 5 1
INFO:root:6898:XX found first (9, 5) is not 7 1
INFO:root:6898:XX found first (5, 9) is not 6 1
INFO:root:6898:XX found first (9, 8) is not 4 1
INFO:root:6898:XX found first (7, 3) is not 3 1
INFO:root:6898:XX found first (8, 3) is not 6 1
INFO:root:6898:XX found first (7, 3) is not 5 1
INFO:root:6899:XX found first (9, 6) is not 6 1
INFO:root:6899:XX found first (9, 5) is not 8 1
INFO:root:6899:XX found first (7, 2) is not 7 1
INFO:root:6899:XX found first (7, 4) is not 9 1
INFO:root:6899:XX found first (8, 5) is not 7 1
INFO:root:6899:XX found first (1, 7) is not 8 1
INFO:root:6899:XX found first (9, 4) is not 8 1
INFO:root:6899:XX found first (7, 7) is not 6 1
INFO:root:6899:XX found first (2, 6) is not 6 1
INFO:root:6899:XX found first (5, 4) is not 1 1
INFO:root:6899:XX found first (3, 4) is not 1 1
INFO:root:6899:XX found first (4, 8) is not 4 1
INFO:root:6899:XX found first (1, 2) is not 5 1
INFO:root:6899:XX found first (2, 8) is not 9 1
INFO:root:6899:XX found first (2, 4) is not 6 1
INFO:root:6899:XX found first (2, 9) is not 7 1
INFO:root:6899:XX found first (2, 3) is not 2 1
INFO:root:6899:XX found first (3, 6) is not 5 1
INFO:root:6899:XX found first (5, 7) is not 5 1
INFO:root:6899:XX found first (9, 3) is not 5 1
INFO:root:6899:XX found first (5, 5) is not 9 1
INFO:root:6899:XX found first (1, 2) is not 3 1
INFO:root:6899:XX found first (7, 3) is not 2 1
INFO:root:6899:XX found first (2, 8) is not 6 1
INFO:root:6899:XX found first (6, 3) is not 7 1
INFO:root:6900:XX found first (1, 7) is not 9 1
INFO:root:6900:XX found first (5, 8) is not 8 1
INFO:root:6900:XX found first (9, 1) is not 8 1
INFO:root:6900:XX found first (6, 5) is not 8 1
INFO:root:6900:XX found first (4, 2) is not 8 1
INFO:root:6900:XX found first (9, 7) is not 8 1
INFO:root:6900:XX found first (7, 1) is not 8 1
INFO:root:6900:XX found first (7, 7) is not 5 1
INFO:root:6900:XX found first (7, 1) is not 5 1
INFO:root:6900:XX found first (8, 4) is not 4 1
INFO:root:6900:XX found first (4, 9) is not 8 1
INFO:root:6900:XX found first (5, 9) is not 4 1
INFO:root:6900:XX found first (4, 6) is not 3 1
INFO:root:6900:XX found first (2, 3) is not 7 1
INFO:root:6900:XX found first (1, 3) is not 4 1
INFO:root:6900:XX found first (4, 5) is not 1 1
INFO:root:6900:XX found first (2, 4) is not 5 1
INFO:root:6900:XX found first (8, 6) is not 3 1
INFO:root:6900:XX found first (7, 3) is not 9 1
INFO:root:6900:XX found first (9, 7) is not 6 1
INFO:root:6900:XX found first (3, 5) is not 3 1
INFO:root:6900:XX found first (2, 7) is not 1 1
INFO:root:6900:XX found first (3, 7) is not 5 1
INFO:root:6900:XX found first (1, 6) is not 8 1
INFO:root:6900:XX found first (8, 9) is not 5 1
INFO:root:6901:XX found first (2, 2) is not 9 1
INFO:root:6901:XX found first (5, 5) is not 6 1
INFO:root:6901:XX found first (8, 9) is not 8 1
INFO:root:6901:XX found first (3, 4) is not 3 1
INFO:root:6901:XX found first (2, 6) is not 3 1
INFO:root:6901:XX found first (9, 5) is not 6 1
INFO:root:6901:XX found first (8, 7) is not 8 1
INFO:root:6901:XX found first (4, 4) is not 6 1
INFO:root:6901:XX found first (2, 9) is not 1 1
INFO:root:6901:XX found first (1, 6) is not 9 1
INFO:root:6901:XX found first (5, 3) is not 7 1
INFO:root:6901:XX found first (5, 4) is not 2 1
INFO:root:6901:XX found first (7, 4) is not 2 1
INFO:root:6901:XX found first (4, 3) is not 2 1
INFO:root:6901:XX found first (2, 5) is not 3 1
INFO:root:6901:XX found first (2, 1) is not 5 1
INFO:root:6901:XX found first (2, 2) is not 1 1
INFO:root:6901:XX found first (2, 5) is not 1 1
INFO:root:6901:XX found first (1, 2) is not 9 1
INFO:root:6901:XX found first (7, 6) is not 7 1
INFO:root:6901:XX found first (6, 9) is not 5 1
INFO:root:6901:XX found first (6, 7) is not 3 1
INFO:root:6901:XX found first (6, 6) is not 3 1
INFO:root:6901:XX found first (1, 8) is not 4 1
INFO:root:6901:XX found first (1, 1) is not 8 1
INFO:root:6901:XX found first (4, 8) is not 2 1
INFO:root:6902:XX found first (7, 6) is not 9 1
INFO:root:6902:XX found first (2, 6) is not 4 1
INFO:root:6902:XX found first (1, 4) is not 3 1
INFO:root:6902:XX found first (9, 6) is not 3 1
INFO:root:6902:XX found first (4, 3) is not 3 1
INFO:root:6902:XX found first (2, 8) is not 4 1
INFO:root:6902:XX found first (3, 8) is not 4 1
INFO:root:6902:XX found first (2, 1) is not 2 1
INFO:root:6902:XX found first (3, 4) is not 5 1
INFO:root:6902:XX found first (5, 1) is not 8 1
INFO:root:6902:XX found first (7, 9) is not 9 1
INFO:root:6902:XX found first (5, 7) is not 9 1
INFO:root:6902:XX found first (5, 7) is not 4 1
INFO:root:6902:XX found first (5, 7) is not 3 1
INFO:root:6902:XX found first (9, 3) is not 9 1
INFO:root:6902:XX found first (6, 1) is not 3 1
INFO:root:6902:XX found first (4, 3) is not 8 1
INFO:root:6902:XX found first (4, 3) is not 4 1
INFO:root:6902:XX found first (9, 3) is not 7 1
INFO:root:6902:XX found first (3, 8) is not 5 1
INFO:root:6902:XX found first (5, 3) is not 2 1
INFO:root:6902:XX found first (1, 1) is not 5 1
INFO:root:6902:XX found first (5, 1) is not 4 1
INFO:root:6902:XX found first (3, 7) is not 6 1
INFO:root:6902:XX found first (5, 1) is not 6 1
INFO:root:6903:XX found first (6, 3) is not 8 1
INFO:root:6903:XX found first (1, 6) is not 2 1
INFO:root:6903:XX found first (3, 3) is not 2 1
INFO:root:6903:XX found first (4, 7) is not 4 1
INFO:root:6903:XX found first (6, 3) is not 4 1
INFO:root:6903:XX found first (4, 4) is not 8 1
INFO:root:6903:XX found first (9, 7) is not 7 1
INFO:root:6903:XX found first (2, 3) is not 6 1
INFO:root:6903:XX found first (7, 7) is not 3 1
INFO:root:6903:XX found first (9, 2) is not 1 1
INFO:root:6903:XX found first (3, 3) is not 9 1
INFO:root:6903:XX found first (6, 9) is not 8 1
INFO:root:6903:XX found first (3, 1) is not 5 1
INFO:root:6903:XX found first (2, 2) is not 7 1
INFO:root:6903:XX found first (4, 5) is not 7 1
INFO:root:6903:XX found first (8, 1) is not 8 1
INFO:root:6903:XX found first (6, 1) is not 6 1
INFO:root:6903:XX found first (4, 3) is not 6 1
INFO:root:6903:XX found first (5, 6) is not 4 1
INFO:root:6903:XX found first (4, 4) is not 4 1
INFO:root:6903:XX found first (4, 2) is not 2 1
INFO:root:6903:XX found first (8, 9) is not 1 1
INFO:root:6903:XX found first (8, 6) is not 9 1
INFO:root:6903:XX found first (5, 9) is not 5 1
INFO:root:6903:XX found first (4, 4) is not 7 1
INFO:root:6904:XX found first (6, 8) is not 1 1
INFO:root:6904:XX found first (4, 4) is not 9 1
INFO:root:6904:XX found first (1, 8) is not 1 1
INFO:root:6904:XX found first (8, 4) is not 3 1
INFO:root:6904:XX found first (4, 1) is not 6 1
INFO:root:6904:XX found first (3, 9) is not 8 1
INFO:root:6904:XX found first (5, 9) is not 1 1
INFO:root:6904:XX found first (6, 5) is not 2 1
INFO:root:6904:XX found first (4, 7) is not 1 1
INFO:root:6904:XX found first (6, 1) is not 5 1
INFO:root:6904:XX found first (8, 8) is not 4 1
INFO:root:6904:XX found first (9, 1) is not 9 1
INFO:root:6904:XX found first (5, 7) is not 6 1
INFO:root:6904:XX found first (9, 8) is not 1 1
INFO:root:6904:XX found first (7, 1) is not 2 1
INFO:root:6904:XX found first (2, 7) is not 8 1
INFO:root:6904:XX found first (7, 6) is not 2 1
INFO:root:6904:XX found first (3, 2) is not 7 1
INFO:root:6904:XX found first (3, 7) is not 9 1
INFO:root:6904:XX found first (1, 8) is not 5 1
INFO:root:6904:XX found first (9, 4) is not 3 1
INFO:root:6904:XX found first (7, 3) is not 8 1
INFO:root:6904:XX found first (3, 5) is not 9 1
INFO:root:6904:XX found first (7, 1) is not 4 1
INFO:root:6904:XX found first (9, 8) is not 3 1
INFO:root:6905:XX found first (7, 2) is not 9 1
INFO:root:6905:XX found first (1, 5) is not 3 1
INFO:root:6905:XX found first (5, 2) is not 4 1
INFO:root:6905:XX found first (2, 9) is not 2 1
INFO:root:6905:XX found first (1, 2) is not 8 1
INFO:root:6905:XX found first (8, 2) is not 9 1
INFO:root:6905:XX found first (5, 8) is not 2 1
INFO:root:6905:XX found first (8, 7) is not 7 1
INFO:root:6905:XX found first (2, 3) is not 5 1
INFO:root:6905:XX found first (6, 3) is not 6 1
INFO:root:6905:XX found first (5, 2) is not 7 1
INFO:root:6905:XX found first (8, 1) is not 7 1
INFO:root:6905:XX found first (4, 7) is not 8 1
INFO:root:6905:XX found first (6, 8) is not 5 1
INFO:root:6905:XX found first (5, 8) is not 5 1
INFO:root:6905:XX found first (6, 4) is not 6 1
INFO:root:6905:XX found first (5, 6) is not 3 1
INFO:root:6905:XX found first (2, 3) is not 1 1
INFO:root:6905:XX found first (2, 1) is not 7 1
INFO:root:6905:XX found first (4, 7) is not 9 1
INFO:root:6905:XX found first (5, 3) is not 4 1
INFO:root:6905:XX found first (9, 2) is not 6 1
INFO:root:6905:XX found first (6, 1) is not 4 1
INFO:root:6905:XX found first (1, 6) is not 4 1
INFO:root:6906:XX found first (9, 2) is not 2 1
INFO:root:6906:XX found first (8, 5) is not 1 1
INFO:root:6906:XX found first (7, 5) is not 4 1
INFO:root:6906:XX found first (6, 6) is not 5 1
INFO:root:6906:XX found first (9, 6) is not 2 1
INFO:root:6906:XX found first (1, 3) is not 7 1
INFO:root:6906:XX found first (8, 5) is not 8 1
INFO:root:6906:XX found first (1, 6) is not 5 1
INFO:root:6906:XX found first (4, 8) is not 6 1
INFO:root:6906:XX found first (9, 4) is not 9 1
INFO:root:6906:XX found first (2, 2) is not 2 1
INFO:root:6906:XX found first (3, 6) is not 8 1
INFO:root:6906:XX found first (7, 6) is not 4 1
INFO:root:6906:XX found first (2, 6) is not 8 1
INFO:root:6906:XX found first (1, 2) is not 2 1
INFO:root:6906:XX found first (9, 5) is not 9 1
INFO:root:6906:XX found first (8, 2) is not 7 1
INFO:root:6906:XX found first (4, 9) is not 3 1
INFO:root:6906:XX found first (1, 9) is not 9 1
INFO:root:6906:XX found first (4, 2) is not 9 1
INFO:root:6906:XX found first (3, 1) is not 7 1
INFO:root:6906:XX found first (9, 4) is not 4 1
INFO:root:6906:XX found first (8, 4) is not 2 1
INFO:root:6906:XX found first (3, 5) is not 7 1
INFO:root:6906:XX found first (3, 2) is not 9 1
INFO:root:6907:XX found first (9, 9) is not 1 1
INFO:root:6907:XX found first (7, 8) is not 7 1
INFO:root:6907:XX found first (3, 1) is not 8 1
INFO:root:6907:XX found first (5, 1) is not 7 1
INFO:root:6907:XX found first (5, 5) is not 7 1
INFO:root:6907:XX found first (9, 5) is not 5 1
INFO:root:6907:XX found first (5, 2) is not 9 1
INFO:root:6907:XX found first (7, 4) is not 8 1
INFO:root:6907:XX found first (4, 9) is not 4 1
INFO:root:6907:XX found first (9, 1) is not 6 1
INFO:root:6907:XX found first (3, 3) is not 1 1
INFO:root:6907:XX found first (8, 6) is not 6 1
INFO:root:6907:XX found first (7, 4) is not 1 1
INFO:root:6907:XX found first (1, 9) is not 7 1
INFO:root:6907:XX found first (9, 2) is not 7 1
INFO:root:6907:XX found first (1, 3) is not 6 1
INFO:root:6907:XX found first (5, 5) is not 3 1
INFO:root:6907:XX found first (4, 9) is not 9 1
INFO:root:6907:XX found first (9, 4) is not 7 1
INFO:root:6907:XX found first (2, 1) is not 8 1
INFO:root:6907:XX found first (9, 5) is not 1 1
INFO:root:6907:XX found first (5, 8) is not 1 1
INFO:root:6907:XX found first (7, 4) is not 4 1
INFO:root:6907:XX found first (6, 2) is not 8 1
INFO:root:6907:XX found first (4, 8) is not 7 1
INFO:root:6908:XX found first (5, 2) is not 8 1
INFO:root:6908:XX found first (3, 9) is not 5 1
INFO:root:6908:XX found first (2, 6) is not 7 1
INFO:root:6908:XX found first (1, 7) is not 6 1
INFO:root:6908:XX found first (1, 8) is not 8 1
INFO:root:6908:XX found first (4, 5) is not 2 1
INFO:root:6908:XX found first (6, 7) is not 1 1
INFO:root:6908:XX found first (9, 8) is not 9 1
INFO:root:6908:XX found first (7, 9) is not 7 1
INFO:root:6908:XX found first (9, 3) is not 6 1
INFO:root:6908:XX found first (3, 9) is not 7 1
INFO:root:6908:XX found first (9, 2) is not 3 1
INFO:root:6908:XX found first (4, 2) is not 6 1
INFO:root:6908:XX found first (7, 5) is not 6 1
INFO:root:6908:XX found first (3, 9) is not 4 1
INFO:root:6908:XX found first (3, 2) is not 5 1
INFO:root:6908:XX found first (6, 8) is not 6 1
INFO:root:6908:XX found first (8, 3) is not 7 1
INFO:root:6908:XX found first (7, 1) is not 1 1
INFO:root:6908:XX found first (4, 9) is not 6 1
INFO:root:6908:XX found first (9, 3) is not 4 1
INFO:root:6908:XX found first (7, 2) is not 4 1
INFO:root:6908:XX found first (4, 3) is not 5 1
INFO:root:6908:XX found first (9, 4) is not 5 1
INFO:root:6908:XX found first (1, 1) is not 6 1
INFO:root:6908:XX found first (5, 6) is not 8 1
INFO:root:6909:XX found first (4, 3) is not 1 1
INFO:root:6909:XX found first (6, 2) is not 7 1
INFO:root:6909:XX found first (5, 3) is not 5 1
INFO:root:6909:XX found first (7, 3) is not 1 1
INFO:root:6909:XX found first (5, 2) is not 1 1
INFO:root:6909:XX found first (4, 2) is not 1 1
INFO:root:6909:XX found first (6, 8) is not 4 1
INFO:root:6909:XX found first (7, 3) is not 6 1
INFO:root:6909:XX found first (9, 2) is not 5 1
INFO:root:6909:XX found first (6, 4) is not 8 1
INFO:root:6909:XX found first (4, 6) is not 2 1
INFO:root:6909:XX found first (8, 4) is not 5 1
INFO:root:6909:XX found first (4, 9) is not 5 1
INFO:root:6909:XX found first (1, 5) is not 6 1
INFO:root:6909:XX found first (5, 9) is not 8 1
INFO:root:6909:XX found first (3, 8) is not 7 1
INFO:root:6909:XX found first (2, 6) is not 9 1
INFO:root:6909:XX found first (3, 3) is not 4 1
INFO:root:6909:XX found first (3, 4) is not 2 1
INFO:root:6909:XX found first (7, 7) is not 2 1
INFO:root:6909:XX found first (4, 7) is not 5 1
INFO:root:6909:XX found first (2, 4) is not 7 1
INFO:root:6909:XX found first (4, 8) is not 8 1
INFO:root:6909:XX found first (1, 9) is not 6 1
INFO:root:6909:XX found first (2, 7) is not 2 1
INFO:root:6910:XX found first (3, 7) is not 3 1
INFO:root:6910:XX found first (2, 8) is not 7 1
INFO:root:6910:XX found first (7, 7) is not 4 1
INFO:root:6910:XX found first (1, 3) is not 5 1
INFO:root:6910:XX found first (8, 8) is not 9 1
INFO:root:6910:XX found first (6, 1) is not 2 1
INFO:root:6910:XX found first (1, 5) is not 2 1
INFO:root:6910:XX found first (3, 9) is not 2 1
INFO:root:6910:XX found first (7, 1) is not 6 1
INFO:root:6910:XX found first (6, 9) is not 1 1
INFO:root:6910:XX found first (3, 3) is not 3 1
INFO:root:6910:XX found first (4, 9) is not 2 1
INFO:root:6910:XX found first (7, 6) is not 3 1
INFO:root:6910:XX found first (2, 2) is not 5 1
INFO:root:6910:XX found first (1, 4) is not 1 1
INFO:root:6910:XX found first (1, 8) is not 3 1
INFO:root:6910:XX found first (6, 6) is not 2 1
INFO:root:6910:XX found first (9, 6) is not 7 1
INFO:root:6910:XX found first (8, 3) is not 8 1
INFO:root:6910:XX found first (1, 6) is not 7 1
INFO:root:6910:XX found first (8, 3) is not 4 1
INFO:root:6910:XX found first (9, 4) is not 2 1
INFO:root:6910:XX found first (5, 8) is not 6 1
INFO:root:6910:XX found first (1, 6) is not 1 1
INFO:root:6910:XX found first (1, 1) is not 3 1
INFO:root:6911:XX found first (9, 7) is not 9 1
INFO:root:6911:XX found first (5, 9) is not 9 1
INFO:root:6911:XX found first (1, 4) is not 7 1
INFO:root:6911:XX found first (3, 9) is not 3 1
INFO:root:6911:XX found first (4, 4) is not 3 1
INFO:root:6911:XX found first (1, 5) is not 7 1
INFO:root:6911:XX found first (7, 6) is not 8 1
INFO:root:6911:XX found first (6, 9) is not 9 1
INFO:root:6911:XX found first (1, 4) is not 6 1
INFO:root:6911:XX found first (4, 6) is not 1 1
INFO:root:6911:XX found first (5, 1) is not 1 1
INFO:root:6911:XX found first (6, 2) is not 9 1
INFO:root:6911:XX found first (6, 1) is not 1 1
INFO:root:6911:XX found first (2, 8) is not 5 1
INFO:root:6911:XX found first (4, 1) is not 7 1
INFO:root:6911:XX found first (8, 9) is not 7 1
INFO:root:6923:Early exit from checkSmall1
INFO:root:6989:Starting Step 2
INFO:root:7476:Current state [[[[1, 2, 4, 9], [7], [1, 2, 8, 9], [4, 5, 8, 9], [4, 5, 8, 9], [3], [1, 2, 4], [6], [2, 4, 5, 8]], [[3, 4, 6, 9], [3, 4, 6, 8], [3, 8, 9], [1], [4, 5, 6, 7, 8, 9], [2], [3, 4], [3, 8], [3, 4, 5, 8]], [[1, 2, 3, 4, 6], [1, 2, 3, 4, 6, 8], [5], [4, 8], [4, 6, 8], [4, 6], [7], [1, 2, 3, 8], [9]], [[3, 4, 5, 9], [3, 4, 5], [7], [2], [3, 4, 5, 6, 8, 9], [4, 5, 6, 9], [3, 6], [3, 9], [1]], [[2, 3, 5, 9], [2, 3, 5], [6], [3, 5, 9], [1], [5, 7, 9], [8], [4], [2, 3, 7]], [[8], [1, 2, 3, 4], [1, 2, 3, 9], [3, 4, 9], [3, 4, 6, 7, 9], [4, 6, 7, 9], [5], [2, 3, 7, 9], [2, 3, 6, 7]], [[7], [1, 2, 3, 5, 6, 8], [4], [3, 5], [2, 3, 5], [1, 5], [9], [1, 2, 3, 8], [2, 3, 6, 8]], [[1, 2, 3, 5, 6], [1, 2, 3, 5, 6], [1, 2, 3], [7], [2, 3, 4, 5, 9], [8], [1, 2, 3, 4, 6], [1, 2, 3], [2, 3, 4, 6]], [[1, 2, 3], [9], [1, 2, 3, 8], [6], [2, 3, 4], [1, 4], [1, 2, 3, 4], [5], [2, 3, 4, 7, 8]]]]
INFO:root:7476:Doing checkSmall1
INFO:root:7476:Getting tiny MUSes, distance 1, for 207 puzlits, 1 repeats
INFO:root:7512:Chunked 207 in [13, 13, 13, 13, 13, 13, 13, 13, 13, 13, 13, 13, 13, 13, 13, 12]
INFO:root:7558:XX found first (6, 8) is 7 1
INFO:root:7558:XX found first (4, 5) is 8 1
INFO:root:7558:XX found first (8, 5) is 9 1
INFO:root:7558:XX found first (9, 9) is 7 1
INFO:root:7558:XX found first (2, 5) is 7 1
INFO:root:7570:Early exit from checkSmall1
INFO:root:7591:Starting Step 3
INFO:root:8081:Current state [[[[1, 2, 4, 9], [7], [1, 2, 8, 9], [4, 5, 8, 9], [4, 5, 8, 9], [3], [1, 2, 4], [6], [2, 4, 5, 8]], [[3, 4, 6, 9], [3, 4, 6, 8], [3, 8, 9], [1], [7], [2], [3, 4], [3, 8], [3, 4, 5, 8]], [[1, 2, 3, 4, 6], [1, 2, 3, 4, 6, 8], [5], [4, 8], [4, 6, 8], [4, 6], [7], [1, 2, 3, 8], [9]], [[3, 4, 5, 9], [3, 4, 5], [7], [2], [8], [4, 5, 6, 9], [3, 6], [3, 9], [1]], [[2, 3, 5, 9], [2, 3, 5], [6], [3, 5, 9], [1], [5, 7, 9], [8], [4], [2, 3, 7]], [[8], [1, 2, 3, 4], [1, 2, 3, 9], [3, 4, 9], [3, 4, 6, 7, 9], [4, 6, 7, 9], [5], [7], [2, 3, 6, 7]], [[7], [1, 2, 3, 5, 6, 8], [4], [3, 5], [2, 3, 5], [1, 5], [9], [1, 2, 3, 8], [2, 3, 6, 8]], [[1, 2, 3, 5, 6], [1, 2, 3, 5, 6], [1, 2, 3], [7], [9], [8], [1, 2, 3, 4, 6], [1, 2, 3], [2, 3, 4, 6]], [[1, 2, 3], [9], [1, 2, 3, 8], [6], [2, 3, 4], [1, 4], [1, 2, 3, 4], [5], [7]]]]
INFO:root:8081:Doing checkSmall1
INFO:root:8081:Getting tiny MUSes, distance 1, for 202 puzlits, 1 repeats
INFO:root:8116:Chunked 202 in [13, 13, 13, 13, 13, 13, 13, 13, 13, 13, 12, 12, 12, 12, 12, 12]
INFO:root:8166:XX found first (6, 5) is not 9 1
INFO:root:8167:XX found first (2, 5) is not 6 1
INFO:root:8167:XX found first (4, 5) is not 5 1
INFO:root:8167:XX found first (2, 5) is not 5 1
INFO:root:8167:XX found first (9, 9) is not 3 1
INFO:root:8167:XX found first (1, 5) is not 8 1
INFO:root:8167:XX found first (6, 6) is not 7 1
INFO:root:8167:XX found first (5, 9) is not 7 1
INFO:root:8167:XX found first (9, 9) is not 2 1
INFO:root:8167:XX found first (6, 9) is not 7 1
INFO:root:8167:XX found first (1, 5) is not 9 1
INFO:root:8167:XX found first (4, 5) is not 6 1
INFO:root:8167:XX found first (9, 9) is not 4 1
INFO:root:8167:XX found first (4, 5) is not 9 1
INFO:root:8167:XX found first (8, 5) is not 2 1
INFO:root:8167:XX found first (8, 5) is not 5 1
INFO:root:8167:XX found first (6, 8) is not 3 1
INFO:root:8167:XX found first (6, 8) is not 9 1
INFO:root:8167:XX found first (4, 5) is not 4 1
INFO:root:8168:XX found first (4, 5) is not 3 1
INFO:root:8168:XX found first (6, 5) is not 7 1
INFO:root:8168:XX found first (6, 8) is not 2 1
INFO:root:8168:XX found first (3, 5) is not 8 1
INFO:root:8168:XX found first (2, 5) is not 9 1
INFO:root:8168:XX found first (2, 5) is not 4 1
INFO:root:8168:XX found first (9, 9) is not 8 1
INFO:root:8168:XX found first (8, 5) is not 4 1
INFO:root:8168:XX found first (8, 5) is not 3 1
INFO:root:8168:XX found first (2, 5) is not 8 1
INFO:root:8180:Early exit from checkSmall1
INFO:root:8191:Starting Step 4
INFO:root:8703:Current state [[[[1, 2, 4, 9], [7], [1, 2, 8, 9], [4, 5, 8, 9], [4, 5], [3], [1, 2, 4], [6], [2, 4, 5, 8]], [[3, 4, 6, 9], [3, 4, 6, 8], [3, 8, 9], [1], [7], [2], [3, 4], [3, 8], [3, 4, 5, 8]], [[1, 2, 3, 4, 6], [1, 2, 3, 4, 6, 8], [5], [4, 8], [4, 6], [4, 6], [7], [1, 2, 3, 8], [9]], [[3, 4, 5, 9], [3, 4, 5], [7], [2], [8], [4, 5, 6, 9], [3, 6], [3, 9], [1]], [[2, 3, 5, 9], [2, 3, 5], [6], [3, 5, 9], [1], [5, 7, 9], [8], [4], [2, 3]], [[8], [1, 2, 3, 4], [1, 2, 3, 9], [3, 4, 9], [3, 4, 6], [4, 6, 9], [5], [7], [2, 3, 6]], [[7], [1, 2, 3, 5, 6, 8], [4], [3, 5], [2, 3, 5], [1, 5], [9], [1, 2, 3, 8], [2, 3, 6, 8]], [[1, 2, 3, 5, 6], [1, 2, 3, 5, 6], [1, 2, 3], [7], [9], [8], [1, 2, 3, 4, 6], [1, 2, 3], [2, 3, 4, 6]], [[1, 2, 3], [9], [1, 2, 3, 8], [6], [2, 3, 4], [1, 4], [1, 2, 3, 4], [5], [7]]]]
INFO:root:8703:Doing checkSmall1
INFO:root:8703:Getting tiny MUSes, distance 1, for 173 puzlits, 1 repeats
INFO:root:8738:Chunked 173 in [11, 11, 11, 11, 11, 11, 11, 11, 11, 11, 11, 11, 11, 10, 10, 10]
INFO:root:8770:XX found first (1, 4) is 9 1
INFO:root:8770:XX found first (2, 9) is 5 1
INFO:root:8770:XX found first (5, 6) is 7 1
INFO:root:8770:XX found first (9, 3) is 8 1
INFO:root:8770:XX found first (4, 8) is 9 1
INFO:root:8782:Early exit from checkSmall1
INFO:root:8803:Starting Step 5
INFO:root:9327:Current state [[[[1, 2, 4, 9], [7], [1, 2, 8, 9], [9], [4, 5], [3], [1, 2, 4], [6], [2, 4, 5, 8]], [[3, 4, 6, 9], [3, 4, 6, 8], [3, 8, 9], [1], [7], [2], [3, 4], [3, 8], [5]], [[1, 2, 3, 4, 6], [1, 2, 3, 4, 6, 8], [5], [4, 8], [4, 6], [4, 6], [7], [1, 2, 3, 8], [9]], [[3, 4, 5, 9], [3, 4, 5], [7], [2], [8], [4, 5, 6, 9], [3, 6], [9], [1]], [[2, 3, 5, 9], [2, 3, 5], [6], [3, 5, 9], [1], [7], [8], [4], [2, 3]], [[8], [1, 2, 3, 4], [1, 2, 3, 9], [3, 4, 9], [3, 4, 6], [4, 6, 9], [5], [7], [2, 3, 6]], [[7], [1, 2, 3, 5, 6, 8], [4], [3, 5], [2, 3, 5], [1, 5], [9], [1, 2, 3, 8], [2, 3, 6, 8]], [[1, 2, 3, 5, 6], [1, 2, 3, 5, 6], [1, 2, 3], [7], [9], [8], [1, 2, 3, 4, 6], [1, 2, 3], [2, 3, 4, 6]], [[1, 2, 3], [9], [8], [6], [2, 3, 4], [1, 4], [1, 2, 3, 4], [5], [7]]]]
INFO:root:9327:Doing checkSmall1
INFO:root:9327:Getting tiny MUSes, distance 1, for 168 puzlits, 1 repeats
INFO:root:9363:Chunked 168 in [11, 11, 11, 11, 11, 11, 11, 11, 10, 10, 10, 10, 10, 10, 10, 10]
INFO:root:9403:XX found first (5, 6) is not 9 1
INFO:root:9403:XX found first (1, 4) is not 8 1
INFO:root:9403:XX found first (4, 6) is not 9 1
INFO:root:9403:XX found first (9, 3) is not 2 1
INFO:root:9403:XX found first (2, 9) is not 3 1
INFO:root:9403:XX found first (1, 4) is not 4 1
INFO:root:9403:XX found first (5, 4) is not 9 1
INFO:root:9403:XX found first (6, 4) is not 9 1
INFO:root:9403:XX found first (7, 2) is not 8 1
INFO:root:9403:XX found first (9, 3) is not 1 1
INFO:root:9403:XX found first (9, 3) is not 3 1
INFO:root:9403:XX found first (2, 9) is not 4 1
INFO:root:9403:XX found first (1, 1) is not 9 1
INFO:root:9404:XX found first (1, 9) is not 5 1
INFO:root:9404:XX found first (2, 3) is not 8 1
INFO:root:9404:XX found first (4, 8) is not 3 1
INFO:root:9404:XX found first (1, 3) is not 9 1
INFO:root:9404:XX found first (1, 4) is not 5 1
INFO:root:9404:XX found first (1, 3) is not 8 1
INFO:root:9404:XX found first (4, 1) is not 9 1
INFO:root:9404:XX found first (2, 9) is not 8 1
INFO:root:9404:XX found first (5, 6) is not 5 1
INFO:root:9416:Early exit from checkSmall1
INFO:root:9425:Starting Step 6
INFO:root:9967:Current state [[[[1, 2, 4], [7], [1, 2], [9], [4, 5], [3], [1, 2, 4], [6], [2, 4, 8]], [[3, 4, 6, 9], [3, 4, 6, 8], [3, 9], [1], [7], [2], [3, 4], [3, 8], [5]], [[1, 2, 3, 4, 6], [1, 2, 3, 4, 6, 8], [5], [4, 8], [4, 6], [4, 6], [7], [1, 2, 3, 8], [9]], [[3, 4, 5], [3, 4, 5], [7], [2], [8], [4, 5, 6], [3, 6], [9], [1]], [[2, 3, 5, 9], [2, 3, 5], [6], [3, 5], [1], [7], [8], [4], [2, 3]], [[8], [1, 2, 3, 4], [1, 2, 3, 9], [3, 4], [3, 4, 6], [4, 6, 9], [5], [7], [2, 3, 6]], [[7], [1, 2, 3, 5, 6], [4], [3, 5], [2, 3, 5], [1, 5], [9], [1, 2, 3, 8], [2, 3, 6, 8]], [[1, 2, 3, 5, 6], [1, 2, 3, 5, 6], [1, 2, 3], [7], [9], [8], [1, 2, 3, 4, 6], [1, 2, 3], [2, 3, 4, 6]], [[1, 2, 3], [9], [8], [6], [2, 3, 4], [1, 4], [1, 2, 3, 4], [5], [7]]]]
INFO:root:9967:Doing checkSmall1
INFO:root:9968:Getting tiny MUSes, distance 1, for 146 puzlits, 1 repeats
INFO:root:10003:Chunked 146 in [10, 10, 9, 9, 9, 9, 9, 9, 9, 9, 9, 9, 9, 9, 9, 9]
INFO:root:10035:XX found first (5, 1) is 9 1
INFO:root:10035:XX found first (6, 6) is 9 1
INFO:root:10035:XX found first (1, 5) is 5 1
INFO:root:10035:XX found first (1, 9) is 8 1
INFO:root:10035:XX found first (3, 4) is 8 1
INFO:root:10047:Early exit from checkSmall1
INFO:root:10067:Starting Step 7
INFO:root:10602:Current state [[[[1, 2, 4], [7], [1, 2], [9], [5], [3], [1, 2, 4], [6], [8]], [[3, 4, 6, 9], [3, 4, 6, 8], [3, 9], [1], [7], [2], [3, 4], [3, 8], [5]], [[1, 2, 3, 4, 6], [1, 2, 3, 4, 6, 8], [5], [8], [4, 6], [4, 6], [7], [1, 2, 3, 8], [9]], [[3, 4, 5], [3, 4, 5], [7], [2], [8], [4, 5, 6], [3, 6], [9], [1]], [[9], [2, 3, 5], [6], [3, 5], [1], [7], [8], [4], [2, 3]], [[8], [1, 2, 3, 4], [1, 2, 3, 9], [3, 4], [3, 4, 6], [9], [5], [7], [2, 3, 6]], [[7], [1, 2, 3, 5, 6], [4], [3, 5], [2, 3, 5], [1, 5], [9], [1, 2, 3, 8], [2, 3, 6, 8]], [[1, 2, 3, 5, 6], [1, 2, 3, 5, 6], [1, 2, 3], [7], [9], [8], [1, 2, 3, 4, 6], [1, 2, 3], [2, 3, 4, 6]], [[1, 2, 3], [9], [8], [6], [2, 3, 4], [1, 4], [1, 2, 3, 4], [5], [7]]]]
INFO:root:10602:Doing checkSmall1
INFO:root:10602:Getting tiny MUSes, distance 1, for 141 puzlits, 1 repeats
INFO:root:10637:Chunked 141 in [9, 9, 9, 9, 9, 9, 9, 9, 9, 9, 9, 9, 9, 8, 8, 8]
INFO:root:10679:XX found first (3, 2) is not 8 1
INFO:root:10679:XX found first (7, 5) is not 5 1
INFO:root:10679:XX found first (6, 3) is not 9 1
INFO:root:10679:XX found first (5, 1) is not 3 1
INFO:root:10679:XX found first (1, 9) is not 2 1
INFO:root:10679:XX found first (5, 1) is not 5 1
INFO:root:10679:XX found first (1, 9) is not 4 1
INFO:root:10679:XX found first (1, 5) is not 4 1
INFO:root:10679:XX found first (7, 9) is not 8 1
INFO:root:10680:XX found first (6, 6) is not 6 1
INFO:root:10680:XX found first (6, 6) is not 4 1
INFO:root:10680:XX found first (5, 1) is not 2 1
INFO:root:10680:XX found first (2, 1) is not 9 1
INFO:root:10680:XX found first (2, 8) is not 8 1
INFO:root:10680:XX found first (3, 8) is not 8 1
INFO:root:10680:XX found first (3, 4) is not 4 1
INFO:root:10692:Early exit from checkSmall1
INFO:root:10701:Starting Step 8
INFO:root:11248:Current state [[[[1, 2, 4], [7], [1, 2], [9], [5], [3], [1, 2, 4], [6], [8]], [[3, 4, 6], [3, 4, 6, 8], [3, 9], [1], [7], [2], [3, 4], [3], [5]], [[1, 2, 3, 4, 6], [1, 2, 3, 4, 6], [5], [8], [4, 6], [4, 6], [7], [1, 2, 3], [9]], [[3, 4, 5], [3, 4, 5], [7], [2], [8], [4, 5, 6], [3, 6], [9], [1]], [[9], [2, 3, 5], [6], [3, 5], [1], [7], [8], [4], [2, 3]], [[8], [1, 2, 3, 4], [1, 2, 3], [3, 4], [3, 4, 6], [9], [5], [7], [2, 3, 6]], [[7], [1, 2, 3, 5, 6], [4], [3, 5], [2, 3], [1, 5], [9], [1, 2, 3, 8], [2, 3, 6]], [[1, 2, 3, 5, 6], [1, 2, 3, 5, 6], [1, 2, 3], [7], [9], [8], [1, 2, 3, 4, 6], [1, 2, 3], [2, 3, 4, 6]], [[1, 2, 3], [9], [8], [6], [2, 3, 4], [1, 4], [1, 2, 3, 4], [5], [7]]]]
INFO:root:11248:Doing checkSmall1
INFO:root:11248:Getting tiny MUSes, distance 1, for 125 puzlits, 1 repeats
INFO:root:11283:Chunked 125 in [8, 8, 8, 8, 8, 8, 8, 8, 8, 8, 8, 8, 8, 7, 7, 7]
INFO:root:11316:XX found first (2, 8) is 3 1
INFO:root:11316:XX found first (7, 8) is 8 1
INFO:root:11316:XX found first (2, 3) is 9 1
INFO:root:11316:XX found first (2, 2) is 8 1
INFO:root:11316:XX found first (8, 9) is 4 1
INFO:root:11316:XX found first (6, 4) is 4 1
INFO:root:11328:Early exit from checkSmall1
INFO:root:11353:Starting Step 9
INFO:root:11905:Current state [[[[1, 2, 4], [7], [1, 2], [9], [5], [3], [1, 2, 4], [6], [8]], [[3, 4, 6], [8], [9], [1], [7], [2], [3, 4], [3], [5]], [[1, 2, 3, 4, 6], [1, 2, 3, 4, 6], [5], [8], [4, 6], [4, 6], [7], [1, 2, 3], [9]], [[3, 4, 5], [3, 4, 5], [7], [2], [8], [4, 5, 6], [3, 6], [9], [1]], [[9], [2, 3, 5], [6], [3, 5], [1], [7], [8], [4], [2, 3]], [[8], [1, 2, 3, 4], [1, 2, 3], [4], [3, 4, 6], [9], [5], [7], [2, 3, 6]], [[7], [1, 2, 3, 5, 6], [4], [3, 5], [2, 3], [1, 5], [9], [8], [2, 3, 6]], [[1, 2, 3, 5, 6], [1, 2, 3, 5, 6], [1, 2, 3], [7], [9], [8], [1, 2, 3, 4, 6], [1, 2, 3], [4]], [[1, 2, 3], [9], [8], [6], [2, 3, 4], [1, 4], [1, 2, 3, 4], [5], [7]]]]
INFO:root:11905:Doing checkSmall1
INFO:root:11905:Getting tiny MUSes, distance 1, for 119 puzlits, 1 repeats
INFO:root:11941:Chunked 119 in [8, 8, 8, 8, 8, 8, 8, 7, 7, 7, 7, 7, 7, 7, 7, 7]
INFO:root:11974:XX found first (2, 2) is not 6 1
INFO:root:11974:XX found first (2, 7) is not 3 1
INFO:root:11974:XX found first (8, 9) is not 2 1
INFO:root:11974:XX found first (8, 7) is not 4 1
INFO:root:11974:XX found first (7, 8) is not 2 1
INFO:root:11974:XX found first (2, 3) is not 3 1
INFO:root:11974:XX found first (2, 1) is not 3 1
INFO:root:11974:XX found first (8, 8) is not 3 1
INFO:root:11974:XX found first (7, 8) is not 1 1
INFO:root:11974:XX found first (3, 8) is not 3 1
INFO:root:11975:XX found first (6, 2) is not 4 1
INFO:root:11975:XX found first (8, 9) is not 3 1
INFO:root:11975:XX found first (2, 2) is not 4 1
INFO:root:11975:XX found first (2, 2) is not 3 1
INFO:root:11975:XX found first (8, 9) is not 6 1
INFO:root:11975:XX found first (9, 7) is not 4 1
INFO:root:11975:XX found first (6, 4) is not 3 1
INFO:root:11975:XX found first (7, 8) is not 3 1
INFO:root:11975:XX found first (4, 6) is not 4 1
INFO:root:11975:XX found first (6, 5) is not 4 1
INFO:root:11987:Early exit from checkSmall1
INFO:root:11997:Starting Step 10
INFO:root:12567:Current state [[[[1, 2, 4], [7], [1, 2], [9], [5], [3], [1, 2, 4], [6], [8]], [[4, 6], [8], [9], [1], [7], [2], [4], [3], [5]], [[1, 2, 3, 4, 6], [1, 2, 3, 4, 6], [5], [8], [4, 6], [4, 6], [7], [1, 2], [9]], [[3, 4, 5], [3, 4, 5], [7], [2], [8], [5, 6], [3, 6], [9], [1]], [[9], [2, 3, 5], [6], [3, 5], [1], [7], [8], [4], [2, 3]], [[8], [1, 2, 3], [1, 2, 3], [4], [3, 6], [9], [5], [7], [2, 3, 6]], [[7], [1, 2, 3, 5, 6], [4], [3, 5], [2, 3], [1, 5], [9], [8], [2, 3, 6]], [[1, 2, 3, 5, 6], [1, 2, 3, 5, 6], [1, 2, 3], [7], [9], [8], [1, 2, 3, 6], [1, 2], [4]], [[1, 2, 3], [9], [8], [6], [2, 3, 4], [1, 4], [1, 2, 3], [5], [7]]]]
INFO:root:12567:Doing checkSmall1
INFO:root:12567:Getting tiny MUSes, distance 1, for 99 puzlits, 1 repeats
INFO:root:12603:Chunked 99 in [7, 7, 7, 6, 6, 6, 6, 6, 6, 6, 6, 6, 6, 6, 6, 6]
INFO:root:12633:XX found first (2, 1) is 6 1
INFO:root:12633:XX found first (2, 7) is 4 1
INFO:root:12645:Early exit from checkSmall1
INFO:root:12657:Starting Step 11
INFO:root:13223:Current state [[[[1, 2, 4], [7], [1, 2], [9], [5], [3], [1, 2, 4], [6], [8]], [[6], [8], [9], [1], [7], [2], [4], [3], [5]], [[1, 2, 3, 4, 6], [1, 2, 3, 4, 6], [5], [8], [4, 6], [4, 6], [7], [1, 2], [9]], [[3, 4, 5], [3, 4, 5], [7], [2], [8], [5, 6], [3, 6], [9], [1]], [[9], [2, 3, 5], [6], [3, 5], [1], [7], [8], [4], [2, 3]], [[8], [1, 2, 3], [1, 2, 3], [4], [3, 6], [9], [5], [7], [2, 3, 6]], [[7], [1, 2, 3, 5, 6], [4], [3, 5], [2, 3], [1, 5], [9], [8], [2, 3, 6]], [[1, 2, 3, 5, 6], [1, 2, 3, 5, 6], [1, 2, 3], [7], [9], [8], [1, 2, 3, 6], [1, 2], [4]], [[1, 2, 3], [9], [8], [6], [2, 3, 4], [1, 4], [1, 2, 3], [5], [7]]]]
INFO:root:13223:Doing checkSmall1
INFO:root:13223:Getting tiny MUSes, distance 1, for 97 puzlits, 1 repeats
INFO:root:13258:Chunked 97 in [7, 6, 6, 6, 6, 6, 6, 6, 6, 6, 6, 6, 6, 6, 6, 6]
INFO:root:13282:XX found first (3, 1) is not 6 1
INFO:root:13282:XX found first (2, 1) is not 4 1
INFO:root:13282:XX found first (3, 2) is not 6 1
INFO:root:13283:XX found first (8, 1) is not 6 1
INFO:root:13283:XX found first (1, 7) is not 4 1
INFO:root:13295:Early exit from checkSmall1
INFO:root:13303:Starting Step 12
INFO:root:13872:Current state [[[[1, 2, 4], [7], [1, 2], [9], [5], [3], [1, 2], [6], [8]], [[6], [8], [9], [1], [7], [2], [4], [3], [5]], [[1, 2, 3, 4], [1, 2, 3, 4], [5], [8], [4, 6], [4, 6], [7], [1, 2], [9]], [[3, 4, 5], [3, 4, 5], [7], [2], [8], [5, 6], [3, 6], [9], [1]], [[9], [2, 3, 5], [6], [3, 5], [1], [7], [8], [4], [2, 3]], [[8], [1, 2, 3], [1, 2, 3], [4], [3, 6], [9], [5], [7], [2, 3, 6]], [[7], [1, 2, 3, 5, 6], [4], [3, 5], [2, 3], [1, 5], [9], [8], [2, 3, 6]], [[1, 2, 3, 5], [1, 2, 3, 5, 6], [1, 2, 3], [7], [9], [8], [1, 2, 3, 6], [1, 2], [4]], [[1, 2, 3], [9], [8], [6], [2, 3, 4], [1, 4], [1, 2, 3], [5], [7]]]]
INFO:root:13872:Doing checkSmall1
INFO:root:13872:Getting tiny MUSes, distance 1, for 92 puzlits, 1 repeats
INFO:root:13908:Chunked 92 in [6, 6, 6, 6, 6, 6, 6, 6, 6, 6, 6, 6, 5, 5, 5, 5]
INFO:root:13929:XX found first (1, 1) is 4 1
INFO:root:13941:Early exit from checkSmall1
INFO:root:13952:Starting Step 13
INFO:root:14522:Current state [[[[4], [7], [1, 2], [9], [5], [3], [1, 2], [6], [8]], [[6], [8], [9], [1], [7], [2], [4], [3], [5]], [[1, 2, 3, 4], [1, 2, 3, 4], [5], [8], [4, 6], [4, 6], [7], [1, 2], [9]], [[3, 4, 5], [3, 4, 5], [7], [2], [8], [5, 6], [3, 6], [9], [1]], [[9], [2, 3, 5], [6], [3, 5], [1], [7], [8], [4], [2, 3]], [[8], [1, 2, 3], [1, 2, 3], [4], [3, 6], [9], [5], [7], [2, 3, 6]], [[7], [1, 2, 3, 5, 6], [4], [3, 5], [2, 3], [1, 5], [9], [8], [2, 3, 6]], [[1, 2, 3, 5], [1, 2, 3, 5, 6], [1, 2, 3], [7], [9], [8], [1, 2, 3, 6], [1, 2], [4]], [[1, 2, 3], [9], [8], [6], [2, 3, 4], [1, 4], [1, 2, 3], [5], [7]]]]
INFO:root:14522:Doing checkSmall1
INFO:root:14522:Getting tiny MUSes, distance 1, for 91 puzlits, 1 repeats
INFO:root:14557:Chunked 91 in [6, 6, 6, 6, 6, 6, 6, 6, 6, 6, 6, 5, 5, 5, 5, 5]
INFO:root:14584:XX found first (1, 1) is not 2 1
INFO:root:14584:XX found first (4, 1) is not 4 1
INFO:root:14584:XX found first (3, 2) is not 4 1
INFO:root:14584:XX found first (1, 1) is not 1 1
INFO:root:14584:XX found first (3, 1) is not 4 1
INFO:root:14596:Early exit from checkSmall1
INFO:root:14604:Starting Step 14
INFO:root:15176:Current state [[[[4], [7], [1, 2], [9], [5], [3], [1, 2], [6], [8]], [[6], [8], [9], [1], [7], [2], [4], [3], [5]], [[1, 2, 3], [1, 2, 3], [5], [8], [4, 6], [4, 6], [7], [1, 2], [9]], [[3, 5], [3, 4, 5], [7], [2], [8], [5, 6], [3, 6], [9], [1]], [[9], [2, 3, 5], [6], [3, 5], [1], [7], [8], [4], [2, 3]], [[8], [1, 2, 3], [1, 2, 3], [4], [3, 6], [9], [5], [7], [2, 3, 6]], [[7], [1, 2, 3, 5, 6], [4], [3, 5], [2, 3], [1, 5], [9], [8], [2, 3, 6]], [[1, 2, 3, 5], [1, 2, 3, 5, 6], [1, 2, 3], [7], [9], [8], [1, 2, 3, 6], [1, 2], [4]], [[1, 2, 3], [9], [8], [6], [2, 3, 4], [1, 4], [1, 2, 3], [5], [7]]]]
INFO:root:15176:Doing checkSmall1
INFO:root:15176:Getting tiny MUSes, distance 1, for 86 puzlits, 1 repeats
INFO:root:15211:Chunked 86 in [6, 6, 6, 6, 6, 6, 5, 5, 5, 5, 5, 5, 5, 5, 5, 5]
INFO:root:15235:XX found first (4, 2) is 4 1
INFO:root:15246:Early exit from checkSmall1
INFO:root:15257:Starting Step 15
INFO:root:15830:Current state [[[[4], [7], [1, 2], [9], [5], [3], [1, 2], [6], [8]], [[6], [8], [9], [1], [7], [2], [4], [3], [5]], [[1, 2, 3], [1, 2, 3], [5], [8], [4, 6], [4, 6], [7], [1, 2], [9]], [[3, 5], [4], [7], [2], [8], [5, 6], [3, 6], [9], [1]], [[9], [2, 3, 5], [6], [3, 5], [1], [7], [8], [4], [2, 3]], [[8], [1, 2, 3], [1, 2, 3], [4], [3, 6], [9], [5], [7], [2, 3, 6]], [[7], [1, 2, 3, 5, 6], [4], [3, 5], [2, 3], [1, 5], [9], [8], [2, 3, 6]], [[1, 2, 3, 5], [1, 2, 3, 5, 6], [1, 2, 3], [7], [9], [8], [1, 2, 3, 6], [1, 2], [4]], [[1, 2, 3], [9], [8], [6], [2, 3, 4], [1, 4], [1, 2, 3], [5], [7]]]]
INFO:root:15830:Doing checkSmall1
INFO:root:15830:Getting tiny MUSes, distance 1, for 85 puzlits, 1 repeats
INFO:root:15866:Chunked 85 in [6, 6, 6, 6, 6, 5, 5, 5, 5, 5, 5, 5, 5, 5, 5, 5]
INFO:root:15889:XX found first (4, 2) is not 3 1
INFO:root:15889:XX found first (4, 2) is not 5 1
INFO:root:15901:Early exit from checkSmall1
INFO:root:15909:Starting Step 16
INFO:root:16482:Current state [[[[4], [7], [1, 2], [9], [5], [3], [1, 2], [6], [8]], [[6], [8], [9], [1], [7], [2], [4], [3], [5]], [[1, 2, 3], [1, 2, 3], [5], [8], [4, 6], [4, 6], [7], [1, 2], [9]], [[3, 5], [4], [7], [2], [8], [5, 6], [3, 6], [9], [1]], [[9], [2, 3, 5], [6], [3, 5], [1], [7], [8], [4], [2, 3]], [[8], [1, 2, 3], [1, 2, 3], [4], [3, 6], [9], [5], [7], [2, 3, 6]], [[7], [1, 2, 3, 5, 6], [4], [3, 5], [2, 3], [1, 5], [9], [8], [2, 3, 6]], [[1, 2, 3, 5], [1, 2, 3, 5, 6], [1, 2, 3], [7], [9], [8], [1, 2, 3, 6], [1, 2], [4]], [[1, 2, 3], [9], [8], [6], [2, 3, 4], [1, 4], [1, 2, 3], [5], [7]]]]
INFO:root:16482:Doing checkSmall1
INFO:root:16482:Getting tiny MUSes, distance 1, for 83 puzlits, 1 repeats
INFO:root:16518:Chunked 83 in [6, 6, 6, 5, 5, 5, 5, 5, 5, 5, 5, 5, 5, 5, 5, 5]
INFO:root:16583:Considering 100 * 83 jobs for minsize=3
INFO:root:16600:Chunked 8300 in [519, 519, 519, 519, 519, 519, 519, 519, 519, 519, 519, 519, 518, 518, 518, 518]
INFO:root:4348816:Considering 100 * 83 jobs for minsize=4
INFO:root:4348893:Chunked 8300 in [519, 519, 519, 519, 519, 519, 519, 519, 519, 519, 519, 519, 518, 518, 518, 518]
INFO:root:8986331:!! Found smaller !!!! 3 4
INFO:root:8986331:XX found first (7, 9) is not 2 3
INFO:root:8986331:!! Found smaller !!!! 3 4
INFO:root:8986331:XX found first (7, 2) is not 5 3
INFO:root:8986332:!! Found smaller !!!! 3 4
INFO:root:8986332:XX add new best (7, 9) is not 2 3 3
INFO:root:8986332:!! Found smaller !!!! 3 4
INFO:root:8986332:XX add new best (7, 2) is not 5 3 3
INFO:root:8986332:!! Found smaller !!!! 3 4
INFO:root:8986332:XX add new best (7, 9) is not 2 3 3
INFO:root:8986332:!! Found smaller !!!! 3 4
INFO:root:8986332:XX add new best (7, 2) is not 5 3 3
INFO:root:8986332:!! Found smaller !!!! 3 4
INFO:root:8986332:XX add new best (7, 2) is not 5 3 3
INFO:root:8986332:!! Found smaller !!!! 3 4
INFO:root:8986332:XX add new best (7, 2) is not 5 3 3
INFO:root:8986332:!! Found smaller !!!! 3 4
INFO:root:8986332:XX add new best (7, 9) is not 2 3 3
INFO:root:8986332:!! Found smaller !!!! 3 4
INFO:root:8986332:XX add new best (7, 2) is not 5 3 3
INFO:root:8986333:!! Found smaller !!!! 3 4
INFO:root:8986333:XX add new best (7, 2) is not 5 3 3
INFO:root:8986333:!! Found smaller !!!! 3 4
INFO:root:8986333:XX add new best (7, 2) is not 5 3 3
INFO:root:8986333:!! Found smaller !!!! 3 4
INFO:root:8986333:XX add new best (7, 9) is not 2 3 3
INFO:root:8986333:!! Found smaller !!!! 3 4
INFO:root:8986333:XX add new best (7, 2) is not 5 3 3
INFO:root:8986333:!! Found smaller !!!! 3 4
INFO:root:8986333:XX add new best (7, 2) is not 5 3 3
INFO:root:8986333:!! Found smaller !!!! 3 4
INFO:root:8986333:XX add new best (7, 2) is not 5 3 3
INFO:root:8986333:!! Found smaller !!!! 3 4
INFO:root:8986333:XX add new best (7, 9) is not 2 3 3
INFO:root:8986333:!! Found smaller !!!! 3 4
INFO:root:8986334:XX add new best (7, 2) is not 5 3 3
INFO:root:8986334:!! Found smaller !!!! 3 4
INFO:root:8986334:XX add new best (7, 2) is not 5 3 3
INFO:root:8986334:!! Found smaller !!!! 3 4
INFO:root:8986334:XX add new best (7, 9) is not 2 3 3
INFO:root:8986334:!! Found smaller !!!! 3 4
INFO:root:8986334:XX add new best (7, 9) is not 2 3 3
INFO:root:8986334:!! Found smaller !!!! 3 4
INFO:root:8986334:XX add new best (7, 2) is not 5 3 3
INFO:root:8986334:!! Found smaller !!!! 3 4
INFO:root:8986334:XX add new best (7, 2) is not 5 3 3
INFO:root:8986334:!! Found smaller !!!! 3 4
INFO:root:8986334:XX add new best (7, 2) is not 5 3 3
INFO:root:8986335:!! Found smaller !!!! 3 4
INFO:root:8986335:XX add new best (7, 9) is not 2 3 3
INFO:root:8986335:!! Found smaller !!!! 3 4
INFO:root:8986335:XX add new best (7, 2) is not 5 3 3
INFO:root:8986335:!! Found smaller !!!! 3 4
INFO:root:8986335:XX add new best (7, 9) is not 2 3 3
INFO:root:8986335:!! Found smaller !!!! 3 4
INFO:root:8986335:XX add new best (7, 2) is not 5 3 3
INFO:root:8986335:!! Found smaller !!!! 3 4
INFO:root:8986335:XX add new best (7, 2) is not 5 3 3
INFO:root:8986335:!! Found smaller !!!! 3 4
INFO:root:8986335:XX add new best (7, 9) is not 2 3 3
INFO:root:8986335:!! Found smaller !!!! 3 4
INFO:root:8986335:XX add new best (7, 2) is not 5 3 3
INFO:root:8986335:!! Found smaller !!!! 3 4
INFO:root:8986335:XX add new best (7, 9) is not 2 3 3
INFO:root:8986336:!! Found smaller !!!! 3 4
INFO:root:8986336:XX add new best (7, 2) is not 5 3 3
INFO:root:8986336:!! Found smaller !!!! 3 4
INFO:root:8986336:XX add new best (7, 2) is not 5 3 3
INFO:root:8986336:!! Found smaller !!!! 3 4
INFO:root:8986336:XX add new best (7, 2) is not 5 3 3
INFO:root:8986336:!! Found smaller !!!! 3 4
INFO:root:8986336:XX add new best (7, 2) is not 5 3 3
INFO:root:8986336:!! Found smaller !!!! 3 4
INFO:root:8986336:XX add new best (7, 2) is not 5 3 3
INFO:root:8986336:!! Found smaller !!!! 3 4
INFO:root:8986336:XX add new best (7, 2) is not 5 3 3
INFO:root:8986336:!! Found smaller !!!! 3 4
INFO:root:8986336:XX add new best (7, 2) is not 5 3 3
INFO:root:8986337:!! Found smaller !!!! 3 4
INFO:root:8986337:XX add new best (7, 2) is not 5 3 3
INFO:root:8986337:!! Found smaller !!!! 3 4
INFO:root:8986337:XX add new best (7, 2) is not 5 3 3
INFO:root:8986337:!! Found smaller !!!! 3 4
INFO:root:8986337:XX add new best (7, 2) is not 5 3 3
INFO:root:8986337:!! Found smaller !!!! 3 4
INFO:root:8986337:XX add new best (7, 2) is not 5 3 3
INFO:root:8986337:!! Found smaller !!!! 3 4
INFO:root:8986337:XX add new best (7, 2) is not 5 3 3
INFO:root:8986337:!! Found smaller !!!! 3 4
INFO:root:8986337:XX add new best (7, 9) is not 2 3 3
INFO:root:8986337:!! Found smaller !!!! 3 4
INFO:root:8986337:XX add new best (7, 2) is not 5 3 3
INFO:root:8986337:!! Found smaller !!!! 3 4
INFO:root:8986337:XX add new best (7, 9) is not 2 3 3
INFO:root:8986338:!! Found smaller !!!! 3 4
INFO:root:8986338:XX add new best (7, 2) is not 5 3 3
INFO:root:8986338:!! Found smaller !!!! 3 4
INFO:root:8986338:XX add new best (7, 9) is not 2 3 3
INFO:root:8986421:Minimal choices : 2 [(7, 2) is not 5, (7, 9) is not 2]
INFO:root:8986422:Starting Step 17
INFO:root:8986997:Current state [[[[4], [7], [1, 2], [9], [5], [3], [1, 2], [6], [8]], [[6], [8], [9], [1], [7], [2], [4], [3], [5]], [[1, 2, 3], [1, 2, 3], [5], [8], [4, 6], [4, 6], [7], [1, 2], [9]], [[3, 5], [4], [7], [2], [8], [5, 6], [3, 6], [9], [1]], [[9], [2, 3, 5], [6], [3, 5], [1], [7], [8], [4], [2, 3]], [[8], [1, 2, 3], [1, 2, 3], [4], [3, 6], [9], [5], [7], [2, 3, 6]], [[7], [1, 2, 3, 5, 6], [4], [3, 5], [2, 3], [1, 5], [9], [8], [2, 3, 6]], [[1, 2, 3, 5], [1, 2, 3, 5, 6], [1, 2, 3], [7], [9], [8], [1, 2, 6], [1, 2], [4]], [[1, 2, 3], [9], [8], [6], [2, 3, 4], [1, 4], [1, 2, 3], [5], [7]]]]
INFO:root:8986997:Doing checkSmall1
INFO:root:8986997:Getting tiny MUSes, distance 1, for 82 puzlits, 1 repeats
INFO:root:8987036:Chunked 82 in [6, 6, 5, 5, 5, 5, 5, 5, 5, 5, 5, 5, 5, 5, 5, 5]
INFO:root:8987106:Chunked 49 in [4, 3, 3, 3, 3, 3, 3, 3, 3, 3, 3, 3, 3, 3, 3, 3]
INFO:root:8987139:XX found first (7, 2) is not 5 3
INFO:root:8987139:XX add new best (7, 2) is not 5 3 3
INFO:root:8987139:XX add new best (7, 2) is not 5 3 3
INFO:root:8987139:XX found first (7, 9) is not 2 3
INFO:root:8987139:XX add new best (7, 2) is not 5 3 3
INFO:root:8987139:XX add new best (7, 2) is not 5 3 3
INFO:root:8987139:XX add new best (7, 2) is not 5 3 3
INFO:root:8987139:XX add new best (7, 2) is not 5 3 3
INFO:root:8987139:XX add new best (7, 2) is not 5 3 3
INFO:root:8987139:XX add new best (7, 9) is not 2 3 3
INFO:root:8987139:XX add new best (7, 9) is not 2 3 3
INFO:root:8987139:XX add new best (7, 9) is not 2 3 3
INFO:root:8987140:XX add new best (7, 2) is not 5 3 3
INFO:root:8987140:XX add new best (7, 2) is not 5 3 3
INFO:root:8987140:XX add new best (7, 9) is not 2 3 3
INFO:root:8987140:XX add new best (7, 2) is not 5 3 3
INFO:root:8987140:XX add new best (7, 2) is not 5 3 3
INFO:root:8987140:XX add new best (7, 2) is not 5 3 3
INFO:root:8987140:XX add new best (7, 9) is not 2 3 3
INFO:root:8987140:XX add new best (7, 2) is not 5 3 3
INFO:root:8987140:XX add new best (7, 9) is not 2 3 3
INFO:root:8987140:XX add new best (7, 2) is not 5 3 3
INFO:root:8987140:XX add new best (7, 2) is not 5 3 3
INFO:root:8987140:XX add new best (7, 2) is not 5 3 3
INFO:root:8987140:XX add new best (7, 2) is not 5 3 3
INFO:root:8987141:XX add new best (7, 2) is not 5 3 3
INFO:root:8987141:XX add new best (7, 9) is not 2 3 3
INFO:root:8987141:XX add new best (7, 9) is not 2 3 3
INFO:root:8987141:XX add new best (7, 2) is not 5 3 3
INFO:root:8987141:XX add new best (7, 2) is not 5 3 3
INFO:root:8987141:XX add new best (7, 2) is not 5 3 3
INFO:root:8987141:XX add new best (7, 9) is not 2 3 3
INFO:root:8987141:XX add new best (7, 2) is not 5 3 3
INFO:root:8987141:XX add new best (7, 2) is not 5 3 3
INFO:root:8987141:XX add new best (7, 2) is not 5 3 3
INFO:root:8987141:XX add new best (7, 2) is not 5 3 3
INFO:root:8987141:XX add new best (7, 9) is not 2 3 3
INFO:root:8987141:XX add new best (7, 2) is not 5 3 3
INFO:root:8987141:XX add new best (7, 2) is not 5 3 3
INFO:root:8987142:XX add new best (7, 9) is not 2 3 3
INFO:root:8987142:XX add new best (7, 2) is not 5 3 3
INFO:root:8987142:XX add new best (7, 9) is not 2 3 3
INFO:root:8987142:XX add new best (7, 2) is not 5 3 3
INFO:root:8987142:XX add new best (7, 9) is not 2 3 3
INFO:root:8987142:XX add new best (7, 9) is not 2 3 3
INFO:root:8987142:XX add new best (7, 2) is not 5 3 3
INFO:root:8987142:XX add new best (7, 2) is not 5 3 3
INFO:root:8987142:XX add new best (7, 2) is not 5 3 3
INFO:root:8987142:XX add new best (7, 2) is not 5 3 3
INFO:root:8987192:Considering 100 * 82 jobs for minsize=3
INFO:root:8987208:Chunked 8200 in [513, 513, 513, 513, 513, 513, 513, 513, 512, 512, 512, 512, 512, 512, 512, 512]
INFO:root:13388150:Minimal choices : 2 [(7, 2) is not 5, (7, 9) is not 2]
INFO:root:13388151:Starting Step 18
INFO:root:13388728:Current state [[[[4], [7], [1, 2], [9], [5], [3], [1, 2], [6], [8]], [[6], [8], [9], [1], [7], [2], [4], [3], [5]], [[1, 2, 3], [1, 2, 3], [5], [8], [4, 6], [4, 6], [7], [1, 2], [9]], [[3, 5], [4], [7], [2], [8], [5, 6], [3, 6], [9], [1]], [[9], [2, 3, 5], [6], [3, 5], [1], [7], [8], [4], [2]], [[8], [1, 2, 3], [1, 2, 3], [4], [3, 6], [9], [5], [7], [2, 3, 6]], [[7], [1, 2, 3, 5, 6], [4], [3, 5], [2, 3], [1, 5], [9], [8], [2, 3, 6]], [[1, 2, 3, 5], [1, 2, 3, 5, 6], [1, 2, 3], [7], [9], [8], [1, 2, 6], [1, 2], [4]], [[1, 2, 3], [9], [8], [6], [2, 3, 4], [1, 4], [1, 2, 3], [5], [7]]]]
INFO:root:13388728:Doing checkSmall1
INFO:root:13388728:Getting tiny MUSes, distance 1, for 81 puzlits, 1 repeats
INFO:root:13388766:Chunked 81 in [6, 5, 5, 5, 5, 5, 5, 5, 5, 5, 5, 5, 5, 5, 5, 5]
INFO:root:13388786:XX found first (5, 9) is 2 1
INFO:root:13388799:Early exit from checkSmall1
INFO:root:13388810:Starting Step 19
INFO:root:13389386:Current state [[[[4], [7], [1, 2], [9], [5], [3], [1, 2], [6], [8]], [[6], [8], [9], [1], [7], [2], [4], [3], [5]], [[1, 2, 3], [1, 2, 3], [5], [8], [4, 6], [4, 6], [7], [1, 2], [9]], [[3, 5], [4], [7], [2], [8], [5, 6], [3, 6], [9], [1]], [[9], [2, 3, 5], [6], [3, 5], [1], [7], [8], [4], [2]], [[8], [1, 2, 3], [1, 2, 3], [4], [3, 6], [9], [5], [7], [2, 3, 6]], [[7], [1, 2, 3, 5, 6], [4], [3, 5], [2, 3], [1, 5], [9], [8], [2, 3, 6]], [[1, 2, 3, 5], [1, 2, 3, 5, 6], [1, 2, 3], [7], [9], [8], [1, 2, 6], [1, 2], [4]], [[1, 2, 3], [9], [8], [6], [2, 3, 4], [1, 4], [1, 2, 3], [5], [7]]]]
INFO:root:13389386:Doing checkSmall1
INFO:root:13389386:Getting tiny MUSes, distance 1, for 80 puzlits, 1 repeats
INFO:root:13389423:Chunked 80 in [5, 5, 5, 5, 5, 5, 5, 5, 5, 5, 5, 5, 5, 5, 5, 5]
INFO:root:13389452:XX found first (5, 2) is not 2 1
INFO:root:13389452:XX found first (6, 9) is not 2 1
INFO:root:13389452:XX found first (7, 9) is not 2 1
INFO:root:13389465:Early exit from checkSmall1
INFO:root:13389474:Starting Step 20
INFO:root:13390064:Current state [[[[4], [7], [1, 2], [9], [5], [3], [1, 2], [6], [8]], [[6], [8], [9], [1], [7], [2], [4], [3], [5]], [[1, 2, 3], [1, 2, 3], [5], [8], [4, 6], [4, 6], [7], [1, 2], [9]], [[3, 5], [4], [7], [2], [8], [5, 6], [3, 6], [9], [1]], [[9], [3, 5], [6], [3, 5], [1], [7], [8], [4], [2]], [[8], [1, 2, 3], [1, 2, 3], [4], [3, 6], [9], [5], [7], [3, 6]], [[7], [1, 2, 3, 5, 6], [4], [3, 5], [2, 3], [1, 5], [9], [8], [3, 6]], [[1, 2, 3, 5], [1, 2, 3, 5, 6], [1, 2, 3], [7], [9], [8], [1, 2, 6], [1, 2], [4]], [[1, 2, 3], [9], [8], [6], [2, 3, 4], [1, 4], [1, 2, 3], [5], [7]]]]
INFO:root:13390064:Doing checkSmall1
INFO:root:13390065:Getting tiny MUSes, distance 1, for 77 puzlits, 1 repeats
INFO:root:13390103:Chunked 77 in [5, 5, 5, 5, 5, 5, 5, 5, 5, 5, 5, 5, 5, 4, 4, 4]
INFO:root:13390172:Chunked 34 in [3, 3, 2, 2, 2, 2, 2, 2, 2, 2, 2, 2, 2, 2, 2, 2]
INFO:root:13390194:XX found first (7, 2) is not 5 3
INFO:root:13390194:XX add new best (7, 2) is not 5 3 3
INFO:root:13390194:XX add new best (7, 2) is not 5 3 3
INFO:root:13390194:XX add new best (7, 2) is not 5 3 3
INFO:root:13390194:XX add new best (7, 2) is not 5 3 3
INFO:root:13390194:XX add new best (7, 2) is not 5 3 3
INFO:root:13390194:XX add new best (7, 2) is not 5 3 3
INFO:root:13390194:XX add new best (7, 2) is not 5 3 3
INFO:root:13390195:XX add new best (7, 2) is not 5 3 3
INFO:root:13390195:XX add new best (7, 2) is not 5 3 3
INFO:root:13390195:XX add new best (7, 2) is not 5 3 3
INFO:root:13390195:XX add new best (7, 2) is not 5 3 3
INFO:root:13390195:XX add new best (7, 2) is not 5 3 3
INFO:root:13390195:XX add new best (7, 2) is not 5 3 3
INFO:root:13390195:XX add new best (7, 2) is not 5 3 3
INFO:root:13390195:XX add new best (7, 2) is not 5 3 3
INFO:root:13390195:XX add new best (7, 2) is not 5 3 3
INFO:root:13390195:XX add new best (7, 2) is not 5 3 3
INFO:root:13390195:XX add new best (7, 2) is not 5 3 3
INFO:root:13390195:XX add new best (7, 2) is not 5 3 3
INFO:root:13390195:XX add new best (7, 2) is not 5 3 3
INFO:root:13390195:XX add new best (7, 2) is not 5 3 3
INFO:root:13390195:XX add new best (7, 2) is not 5 3 3
INFO:root:13390196:XX add new best (7, 2) is not 5 3 3
INFO:root:13390196:XX add new best (7, 2) is not 5 3 3
INFO:root:13390196:XX add new best (7, 2) is not 5 3 3
INFO:root:13390196:XX add new best (7, 2) is not 5 3 3
INFO:root:13390196:XX add new best (7, 2) is not 5 3 3
INFO:root:13390196:XX add new best (7, 2) is not 5 3 3
INFO:root:13390196:XX add new best (7, 2) is not 5 3 3
INFO:root:13390196:XX add new best (7, 2) is not 5 3 3
INFO:root:13390196:XX add new best (7, 2) is not 5 3 3
INFO:root:13390196:XX add new best (7, 2) is not 5 3 3
INFO:root:13390196:XX add new best (7, 2) is not 5 3 3
INFO:root:13390245:Considering 100 * 77 jobs for minsize=3
INFO:root:13390260:Chunked 7700 in [482, 482, 482, 482, 481, 481, 481, 481, 481, 481, 481, 481, 481, 481, 481, 481]
INFO:root:17625973:Minimal choices : 1 [(7, 2) is not 5]
INFO:root:17625974:Starting Step 21
INFO:root:17626550:Current state [[[[4], [7], [1, 2], [9], [5], [3], [1, 2], [6], [8]], [[6], [8], [9], [1], [7], [2], [4], [3], [5]], [[1, 2, 3], [1, 2, 3], [5], [8], [4, 6], [4, 6], [7], [1, 2], [9]], [[3, 5], [4], [7], [2], [8], [5, 6], [3, 6], [9], [1]], [[9], [3, 5], [6], [3, 5], [1], [7], [8], [4], [2]], [[8], [1, 2], [1, 2, 3], [4], [3, 6], [9], [5], [7], [3, 6]], [[7], [1, 2, 3, 5, 6], [4], [3, 5], [2, 3], [1, 5], [9], [8], [3, 6]], [[1, 2, 3, 5], [1, 2, 3, 5, 6], [1, 2, 3], [7], [9], [8], [1, 2, 6], [1, 2], [4]], [[1, 2, 3], [9], [8], [6], [2, 3, 4], [1, 4], [1, 2, 3], [5], [7]]]]
INFO:root:17626550:Doing checkSmall1
INFO:root:17626550:Getting tiny MUSes, distance 1, for 76 puzlits, 1 repeats
INFO:root:17626588:Chunked 76 in [5, 5, 5, 5, 5, 5, 5, 5, 5, 5, 5, 5, 4, 4, 4, 4]
INFO:root:17626657:Chunked 34 in [3, 3, 2, 2, 2, 2, 2, 2, 2, 2, 2, 2, 2, 2, 2, 2]
INFO:root:17626679:XX found first (7, 2) is not 5 3
INFO:root:17626679:XX add new best (7, 2) is not 5 3 3
INFO:root:17626679:XX add new best (7, 2) is not 5 3 3
INFO:root:17626679:XX add new best (7, 2) is not 5 3 3
INFO:root:17626680:XX add new best (7, 2) is not 5 3 3
INFO:root:17626680:XX add new best (7, 2) is not 5 3 3
INFO:root:17626680:XX add new best (7, 2) is not 5 3 3
INFO:root:17626680:XX add new best (7, 2) is not 5 3 3
INFO:root:17626680:XX add new best (7, 2) is not 5 3 3
INFO:root:17626680:XX add new best (7, 2) is not 5 3 3
INFO:root:17626680:XX add new best (7, 2) is not 5 3 3
INFO:root:17626680:XX add new best (7, 2) is not 5 3 3
INFO:root:17626680:XX add new best (7, 2) is not 5 3 3
INFO:root:17626680:XX add new best (7, 2) is not 5 3 3
INFO:root:17626680:XX add new best (7, 2) is not 5 3 3
INFO:root:17626680:XX add new best (7, 2) is not 5 3 3
INFO:root:17626680:XX add new best (7, 2) is not 5 3 3
INFO:root:17626680:XX add new best (7, 2) is not 5 3 3
INFO:root:17626681:XX add new best (7, 2) is not 5 3 3
INFO:root:17626681:XX add new best (7, 2) is not 5 3 3
INFO:root:17626681:XX add new best (7, 2) is not 5 3 3
INFO:root:17626681:XX add new best (7, 2) is not 5 3 3
INFO:root:17626681:XX add new best (7, 2) is not 5 3 3
INFO:root:17626681:XX add new best (7, 2) is not 5 3 3
INFO:root:17626681:XX add new best (7, 2) is not 5 3 3
INFO:root:17626681:XX add new best (7, 2) is not 5 3 3
INFO:root:17626681:XX add new best (7, 2) is not 5 3 3
INFO:root:17626681:XX add new best (7, 2) is not 5 3 3
INFO:root:17626681:XX add new best (7, 2) is not 5 3 3
INFO:root:17626681:XX add new best (7, 2) is not 5 3 3
INFO:root:17626681:XX add new best (7, 2) is not 5 3 3
INFO:root:17626681:XX add new best (7, 2) is not 5 3 3
INFO:root:17626681:XX add new best (7, 2) is not 5 3 3
INFO:root:17626682:XX add new best (7, 2) is not 5 3 3
INFO:root:17626730:Considering 100 * 76 jobs for minsize=3
INFO:root:17626746:Chunked 7600 in [475, 475, 475, 475, 475, 475, 475, 475, 475, 475, 475, 475, 475, 475, 475, 475]
INFO:root:21826391:Minimal choices : 1 [(7, 2) is not 5]
INFO:root:21826391:Starting Step 22
INFO:root:21826985:Current state [[[[4], [7], [1, 2], [9], [5], [3], [1, 2], [6], [8]], [[6], [8], [9], [1], [7], [2], [4], [3], [5]], [[1, 2, 3], [1, 2, 3], [5], [8], [4, 6], [4, 6], [7], [1, 2], [9]], [[3, 5], [4], [7], [2], [8], [5, 6], [3, 6], [9], [1]], [[9], [3, 5], [6], [3, 5], [1], [7], [8], [4], [2]], [[8], [1, 2], [1, 2], [4], [3, 6], [9], [5], [7], [3, 6]], [[7], [1, 2, 3, 5, 6], [4], [3, 5], [2, 3], [1, 5], [9], [8], [3, 6]], [[1, 2, 3, 5], [1, 2, 3, 5, 6], [1, 2, 3], [7], [9], [8], [1, 2, 6], [1, 2], [4]], [[1, 2, 3], [9], [8], [6], [2, 3, 4], [1, 4], [1, 2, 3], [5], [7]]]]
INFO:root:21826985:Doing checkSmall1
INFO:root:21826985:Getting tiny MUSes, distance 1, for 75 puzlits, 1 repeats
INFO:root:21827024:Chunked 75 in [5, 5, 5, 5, 5, 5, 5, 5, 5, 5, 5, 4, 4, 4, 4, 4]
INFO:root:21827044:XX found first (8, 3) is 3 1
INFO:root:21827057:Early exit from checkSmall1
INFO:root:21827068:Starting Step 23
INFO:root:21827658:Current state [[[[4], [7], [1, 2], [9], [5], [3], [1, 2], [6], [8]], [[6], [8], [9], [1], [7], [2], [4], [3], [5]], [[1, 2, 3], [1, 2, 3], [5], [8], [4, 6], [4, 6], [7], [1, 2], [9]], [[3, 5], [4], [7], [2], [8], [5, 6], [3, 6], [9], [1]], [[9], [3, 5], [6], [3, 5], [1], [7], [8], [4], [2]], [[8], [1, 2], [1, 2], [4], [3, 6], [9], [5], [7], [3, 6]], [[7], [1, 2, 3, 5, 6], [4], [3, 5], [2, 3], [1, 5], [9], [8], [3, 6]], [[1, 2, 3, 5], [1, 2, 3, 5, 6], [3], [7], [9], [8], [1, 2, 6], [1, 2], [4]], [[1, 2, 3], [9], [8], [6], [2, 3, 4], [1, 4], [1, 2, 3], [5], [7]]]]
INFO:root:21827658:Doing checkSmall1
INFO:root:21827658:Getting tiny MUSes, distance 1, for 74 puzlits, 1 repeats
INFO:root:21827697:Chunked 74 in [5, 5, 5, 5, 5, 5, 5, 5, 5, 5, 4, 4, 4, 4, 4, 4]
INFO:root:21827722:XX found first (8, 1) is not 3 1
INFO:root:21827722:XX found first (7, 2) is not 3 1
INFO:root:21827722:XX found first (9, 1) is not 3 1
INFO:root:21827722:XX found first (8, 2) is not 3 1
INFO:root:21827723:XX found first (8, 3) is not 1 1
INFO:root:21827723:XX found first (8, 3) is not 2 1
INFO:root:21827736:Early exit from checkSmall1
INFO:root:21827745:Starting Step 24
INFO:root:21828331:Current state [[[[4], [7], [1, 2], [9], [5], [3], [1, 2], [6], [8]], [[6], [8], [9], [1], [7], [2], [4], [3], [5]], [[1, 2, 3], [1, 2, 3], [5], [8], [4, 6], [4, 6], [7], [1, 2], [9]], [[3, 5], [4], [7], [2], [8], [5, 6], [3, 6], [9], [1]], [[9], [3, 5], [6], [3, 5], [1], [7], [8], [4], [2]], [[8], [1, 2], [1, 2], [4], [3, 6], [9], [5], [7], [3, 6]], [[7], [1, 2, 5, 6], [4], [3, 5], [2, 3], [1, 5], [9], [8], [3, 6]], [[1, 2, 5], [1, 2, 5, 6], [3], [7], [9], [8], [1, 2, 6], [1, 2], [4]], [[1, 2], [9], [8], [6], [2, 3, 4], [1, 4], [1, 2, 3], [5], [7]]]]
INFO:root:21828331:Doing checkSmall1
INFO:root:21828331:Getting tiny MUSes, distance 1, for 68 puzlits, 1 repeats
INFO:root:21828367:Chunked 68 in [5, 5, 5, 5, 4, 4, 4, 4, 4, 4, 4, 4, 4, 4, 4, 4]
INFO:root:21828438:Chunked 34 in [3, 3, 2, 2, 2, 2, 2, 2, 2, 2, 2, 2, 2, 2, 2, 2]
INFO:root:21828460:XX found first (7, 2) is not 5 3
INFO:root:21828460:XX add new best (7, 2) is not 5 3 3
INFO:root:21828461:XX add new best (7, 2) is not 5 3 3
INFO:root:21828461:XX add new best (7, 2) is not 5 3 3
INFO:root:21828461:XX add new best (7, 2) is not 5 3 3
INFO:root:21828461:XX add new best (7, 2) is not 5 3 3
INFO:root:21828461:XX add new best (7, 2) is not 5 3 3
INFO:root:21828461:XX add new best (7, 2) is not 5 3 3
INFO:root:21828461:XX add new best (7, 2) is not 5 3 3
INFO:root:21828461:XX add new best (7, 2) is not 5 3 3
INFO:root:21828461:XX add new best (7, 2) is not 5 3 3
INFO:root:21828461:XX add new best (7, 2) is not 5 3 3
INFO:root:21828461:XX add new best (7, 2) is not 5 3 3
INFO:root:21828461:XX add new best (7, 2) is not 5 3 3
INFO:root:21828461:XX add new best (7, 2) is not 5 3 3
INFO:root:21828461:XX add new best (7, 2) is not 5 3 3
INFO:root:21828462:XX add new best (7, 2) is not 5 3 3
INFO:root:21828462:XX add new best (7, 2) is not 5 3 3
INFO:root:21828462:XX add new best (7, 2) is not 5 3 3
INFO:root:21828462:XX add new best (7, 2) is not 5 3 3
INFO:root:21828462:XX add new best (7, 2) is not 5 3 3
INFO:root:21828462:XX add new best (7, 2) is not 5 3 3
INFO:root:21828462:XX add new best (7, 2) is not 5 3 3
INFO:root:21828462:XX add new best (7, 2) is not 5 3 3
INFO:root:21828462:XX add new best (7, 2) is not 5 3 3
INFO:root:21828462:XX add new best (7, 2) is not 5 3 3
INFO:root:21828462:XX add new best (7, 2) is not 5 3 3
INFO:root:21828462:XX add new best (7, 2) is not 5 3 3
INFO:root:21828462:XX add new best (7, 2) is not 5 3 3
INFO:root:21828462:XX add new best (7, 2) is not 5 3 3
INFO:root:21828463:XX add new best (7, 2) is not 5 3 3
INFO:root:21828463:XX add new best (7, 2) is not 5 3 3
INFO:root:21828463:XX add new best (7, 2) is not 5 3 3
INFO:root:21828463:XX add new best (7, 2) is not 5 3 3
INFO:root:21828511:Considering 100 * 68 jobs for minsize=3
INFO:root:21828527:Chunked 6800 in [425, 425, 425, 425, 425, 425, 425, 425, 425, 425, 425, 425, 425, 425, 425, 425]
INFO:root:25671110:Minimal choices : 1 [(7, 2) is not 5]
INFO:root:25671111:Starting Step 25
INFO:root:25671696:Current state [[[[4], [7], [1, 2], [9], [5], [3], [1, 2], [6], [8]], [[6], [8], [9], [1], [7], [2], [4], [3], [5]], [[1, 2, 3], [1, 2, 3], [5], [8], [4, 6], [4, 6], [7], [1, 2], [9]], [[3, 5], [4], [7], [2], [8], [5, 6], [3, 6], [9], [1]], [[9], [3, 5], [6], [3, 5], [1], [7], [8], [4], [2]], [[8], [1, 2], [1, 2], [4], [3, 6], [9], [5], [7], [3, 6]], [[7], [1, 2, 5, 6], [4], [3, 5], [2, 3], [1, 5], [9], [8], [3, 6]], [[1, 2, 5], [1, 2, 5, 6], [3], [7], [9], [8], [1, 2, 6], [1, 2], [4]], [[1, 2], [9], [8], [6], [2, 4], [1, 4], [1, 2, 3], [5], [7]]]]
INFO:root:25671696:Doing checkSmall1
INFO:root:25671696:Getting tiny MUSes, distance 1, for 67 puzlits, 1 repeats
INFO:root:25671735:Chunked 67 in [5, 5, 5, 4, 4, 4, 4, 4, 4, 4, 4, 4, 4, 4, 4, 4]
INFO:root:25671755:XX found first (9, 7) is 3 1
INFO:root:25671768:Early exit from checkSmall1
INFO:root:25671781:Starting Step 26
INFO:root:25672364:Current state [[[[4], [7], [1, 2], [9], [5], [3], [1, 2], [6], [8]], [[6], [8], [9], [1], [7], [2], [4], [3], [5]], [[1, 2, 3], [1, 2, 3], [5], [8], [4, 6], [4, 6], [7], [1, 2], [9]], [[3, 5], [4], [7], [2], [8], [5, 6], [3, 6], [9], [1]], [[9], [3, 5], [6], [3, 5], [1], [7], [8], [4], [2]], [[8], [1, 2], [1, 2], [4], [3, 6], [9], [5], [7], [3, 6]], [[7], [1, 2, 5, 6], [4], [3, 5], [2, 3], [1, 5], [9], [8], [3, 6]], [[1, 2, 5], [1, 2, 5, 6], [3], [7], [9], [8], [1, 2, 6], [1, 2], [4]], [[1, 2], [9], [8], [6], [2, 4], [1, 4], [3], [5], [7]]]]
INFO:root:25672364:Doing checkSmall1
INFO:root:25672364:Getting tiny MUSes, distance 1, for 66 puzlits, 1 repeats
INFO:root:25672401:Chunked 66 in [5, 5, 4, 4, 4, 4, 4, 4, 4, 4, 4, 4, 4, 4, 4, 4]
INFO:root:25672423:XX found first (7, 9) is not 3 1
INFO:root:25672423:XX found first (9, 7) is not 1 1
INFO:root:25672424:XX found first (9, 7) is not 2 1
INFO:root:25672424:XX found first (4, 7) is not 3 1
INFO:root:25672436:Early exit from checkSmall1
INFO:root:25672445:Starting Step 27
INFO:root:25673032:Current state [[[[4], [7], [1, 2], [9], [5], [3], [1, 2], [6], [8]], [[6], [8], [9], [1], [7], [2], [4], [3], [5]], [[1, 2, 3], [1, 2, 3], [5], [8], [4, 6], [4, 6], [7], [1, 2], [9]], [[3, 5], [4], [7], [2], [8], [5, 6], [6], [9], [1]], [[9], [3, 5], [6], [3, 5], [1], [7], [8], [4], [2]], [[8], [1, 2], [1, 2], [4], [3, 6], [9], [5], [7], [3, 6]], [[7], [1, 2, 5, 6], [4], [3, 5], [2, 3], [1, 5], [9], [8], [6]], [[1, 2, 5], [1, 2, 5, 6], [3], [7], [9], [8], [1, 2, 6], [1, 2], [4]], [[1, 2], [9], [8], [6], [2, 4], [1, 4], [3], [5], [7]]]]
INFO:root:25673032:Doing checkSmall1
INFO:root:25673032:Getting tiny MUSes, distance 1, for 62 puzlits, 1 repeats
INFO:root:25673069:Chunked 62 in [4, 4, 4, 4, 4, 4, 4, 4, 4, 4, 4, 4, 4, 4, 3, 3]
INFO:root:25673087:XX found first (6, 9) is 3 1
INFO:root:25673088:XX found first (4, 7) is 6 1
INFO:root:25673088:XX found first (7, 9) is 6 1
INFO:root:25673088:XX found first (4, 1) is 3 1
INFO:root:25673101:Early exit from checkSmall1
INFO:root:25673122:Starting Step 28
INFO:root:25673716:Current state [[[[4], [7], [1, 2], [9], [5], [3], [1, 2], [6], [8]], [[6], [8], [9], [1], [7], [2], [4], [3], [5]], [[1, 2, 3], [1, 2, 3], [5], [8], [4, 6], [4, 6], [7], [1, 2], [9]], [[3], [4], [7], [2], [8], [5, 6], [6], [9], [1]], [[9], [3, 5], [6], [3, 5], [1], [7], [8], [4], [2]], [[8], [1, 2], [1, 2], [4], [3, 6], [9], [5], [7], [3]], [[7], [1, 2, 5, 6], [4], [3, 5], [2, 3], [1, 5], [9], [8], [6]], [[1, 2, 5], [1, 2, 5, 6], [3], [7], [9], [8], [1, 2, 6], [1, 2], [4]], [[1, 2], [9], [8], [6], [2, 4], [1, 4], [3], [5], [7]]]]
INFO:root:25673716:Doing checkSmall1
INFO:root:25673717:Getting tiny MUSes, distance 1, for 58 puzlits, 1 repeats
INFO:root:25673753:Chunked 58 in [4, 4, 4, 4, 4, 4, 4, 4, 4, 4, 3, 3, 3, 3, 3, 3]
INFO:root:25673775:XX found first (6, 9) is not 6 1
INFO:root:25673775:XX found first (8, 7) is not 6 1
INFO:root:25673775:XX found first (4, 1) is not 5 1
INFO:root:25673775:XX found first (3, 1) is not 3 1
INFO:root:25673775:XX found first (5, 2) is not 3 1
INFO:root:25673775:XX found first (6, 5) is not 3 1
INFO:root:25673775:XX found first (4, 6) is not 6 1
INFO:root:25673775:XX found first (7, 2) is not 6 1
INFO:root:25673788:Early exit from checkSmall1
INFO:root:25673797:Starting Step 29
INFO:root:25674396:Current state [[[[4], [7], [1, 2], [9], [5], [3], [1, 2], [6], [8]], [[6], [8], [9], [1], [7], [2], [4], [3], [5]], [[1, 2], [1, 2, 3], [5], [8], [4, 6], [4, 6], [7], [1, 2], [9]], [[3], [4], [7], [2], [8], [5], [6], [9], [1]], [[9], [5], [6], [3, 5], [1], [7], [8], [4], [2]], [[8], [1, 2], [1, 2], [4], [6], [9], [5], [7], [3]], [[7], [1, 2, 5], [4], [3, 5], [2, 3], [1, 5], [9], [8], [6]], [[1, 2, 5], [1, 2, 5, 6], [3], [7], [9], [8], [1, 2], [1, 2], [4]], [[1, 2], [9], [8], [6], [2, 4], [1, 4], [3], [5], [7]]]]
INFO:root:25674396:Doing checkSmall1
INFO:root:25674396:Getting tiny MUSes, distance 1, for 50 puzlits, 1 repeats
INFO:root:25674433:Chunked 50 in [4, 4, 3, 3, 3, 3, 3, 3, 3, 3, 3, 3, 3, 3, 3, 3]
INFO:root:25674452:XX found first (5, 4) is 3 1
INFO:root:25674452:XX found first (5, 2) is 5 1
INFO:root:25674452:XX found first (4, 6) is 5 1
INFO:root:25674452:XX found first (3, 6) is 6 1
INFO:root:25674452:XX found first (8, 2) is 6 1
INFO:root:25674452:XX found first (8, 1) is 5 1
INFO:root:25674452:XX found first (6, 5) is 6 1
INFO:root:25674452:XX found first (3, 2) is 3 1
INFO:root:25674452:XX found first (7, 5) is 3 1
INFO:root:25674465:Early exit from checkSmall1
INFO:root:25674501:Starting Step 30
INFO:root:25675103:Current state [[[[4], [7], [1, 2], [9], [5], [3], [1, 2], [6], [8]], [[6], [8], [9], [1], [7], [2], [4], [3], [5]], [[1, 2], [3], [5], [8], [4, 6], [6], [7], [1, 2], [9]], [[3], [4], [7], [2], [8], [5], [6], [9], [1]], [[9], [5], [6], [3], [1], [7], [8], [4], [2]], [[8], [1, 2], [1, 2], [4], [6], [9], [5], [7], [3]], [[7], [1, 2, 5], [4], [3, 5], [3], [1, 5], [9], [8], [6]], [[5], [6], [3], [7], [9], [8], [1, 2], [1, 2], [4]], [[1, 2], [9], [8], [6], [2, 4], [1, 4], [3], [5], [7]]]]
INFO:root:25675103:Doing checkSmall1
INFO:root:25675103:Getting tiny MUSes, distance 1, for 41 puzlits, 1 repeats
INFO:root:25675140:Chunked 41 in [3, 3, 3, 3, 3, 3, 3, 3, 3, 2, 2, 2, 2, 2, 2, 2]
INFO:root:25675160:XX found first (3, 2) is not 2 1
INFO:root:25675160:XX found first (7, 6) is not 5 1
INFO:root:25675160:XX found first (8, 2) is not 1 1
INFO:root:25675160:XX found first (8, 2) is not 2 1
INFO:root:25675160:XX found first (7, 2) is not 5 1
INFO:root:25675160:XX found first (3, 5) is not 6 1
INFO:root:25675160:XX found first (5, 4) is not 5 1
INFO:root:25675160:XX found first (8, 1) is not 2 1
INFO:root:25675160:XX found first (3, 6) is not 4 1
INFO:root:25675160:XX found first (7, 4) is not 3 1
INFO:root:25675160:XX found first (8, 1) is not 1 1
INFO:root:25675160:XX found first (7, 5) is not 2 1
INFO:root:25675160:XX found first (3, 2) is not 1 1
INFO:root:25675160:XX found first (8, 2) is not 5 1
INFO:root:25675173:Early exit from checkSmall1
INFO:root:25675182:Starting Step 31
INFO:root:25675794:Current state [[[[4], [7], [1, 2], [9], [5], [3], [1, 2], [6], [8]], [[6], [8], [9], [1], [7], [2], [4], [3], [5]], [[1, 2], [3], [5], [8], [4], [6], [7], [1, 2], [9]], [[3], [4], [7], [2], [8], [5], [6], [9], [1]], [[9], [5], [6], [3], [1], [7], [8], [4], [2]], [[8], [1, 2], [1, 2], [4], [6], [9], [5], [7], [3]], [[7], [1, 2], [4], [5], [3], [1], [9], [8], [6]], [[5], [6], [3], [7], [9], [8], [1, 2], [1, 2], [4]], [[1, 2], [9], [8], [6], [2, 4], [1, 4], [3], [5], [7]]]]
INFO:root:25675794:Doing checkSmall1
INFO:root:25675794:Getting tiny MUSes, distance 1, for 27 puzlits, 1 repeats
INFO:root:25675830:Chunked 27 in [2, 2, 2, 2, 2, 2, 2, 2, 2, 2, 2, 1, 1, 1, 1, 1]
INFO:root:25675843:XX found first (7, 6) is 1 1
INFO:root:25675843:XX found first (9, 5) is 2 1
INFO:root:25675843:XX found first (7, 2) is 2 1
INFO:root:25675843:XX found first (7, 4) is 5 1
INFO:root:25675843:XX found first (9, 6) is 4 1
INFO:root:25675843:XX found first (3, 5) is 4 1
INFO:root:25675856:Early exit from checkSmall1
INFO:root:25675885:Starting Step 32
INFO:root:25676500:Current state [[[[4], [7], [1, 2], [9], [5], [3], [1, 2], [6], [8]], [[6], [8], [9], [1], [7], [2], [4], [3], [5]], [[1, 2], [3], [5], [8], [4], [6], [7], [1, 2], [9]], [[3], [4], [7], [2], [8], [5], [6], [9], [1]], [[9], [5], [6], [3], [1], [7], [8], [4], [2]], [[8], [1, 2], [1, 2], [4], [6], [9], [5], [7], [3]], [[7], [2], [4], [5], [3], [1], [9], [8], [6]], [[5], [6], [3], [7], [9], [8], [1, 2], [1, 2], [4]], [[1, 2], [9], [8], [6], [2], [4], [3], [5], [7]]]]
INFO:root:25676500:Doing checkSmall1
INFO:root:25676500:Getting tiny MUSes, distance 1, for 21 puzlits, 1 repeats
INFO:root:25676537:Chunked 21 in [2, 2, 2, 2, 2, 1, 1, 1, 1, 1, 1, 1, 1, 1, 1, 1]
INFO:root:25676552:XX found first (9, 5) is not 4 1
INFO:root:25676552:XX found first (9, 6) is not 1 1
INFO:root:25676552:XX found first (7, 2) is not 1 1
INFO:root:25676552:XX found first (6, 2) is not 2 1
INFO:root:25676552:XX found first (9, 1) is not 2 1
INFO:root:25676565:Early exit from checkSmall1
INFO:root:25676573:Starting Step 33
INFO:root:25677198:Current state [[[[4], [7], [1, 2], [9], [5], [3], [1, 2], [6], [8]], [[6], [8], [9], [1], [7], [2], [4], [3], [5]], [[1, 2], [3], [5], [8], [4], [6], [7], [1, 2], [9]], [[3], [4], [7], [2], [8], [5], [6], [9], [1]], [[9], [5], [6], [3], [1], [7], [8], [4], [2]], [[8], [1], [1, 2], [4], [6], [9], [5], [7], [3]], [[7], [2], [4], [5], [3], [1], [9], [8], [6]], [[5], [6], [3], [7], [9], [8], [1, 2], [1, 2], [4]], [[1], [9], [8], [6], [2], [4], [3], [5], [7]]]]
INFO:root:25677198:Doing checkSmall1
INFO:root:25677198:Getting tiny MUSes, distance 1, for 16 puzlits, 1 repeats
INFO:root:25677236:Chunked 16 in [1, 1, 1, 1, 1, 1, 1, 1, 1, 1, 1, 1, 1, 1, 1, 1]
INFO:root:25677247:XX found first (6, 2) is 1 1
INFO:root:25677247:XX found first (9, 1) is 1 1
INFO:root:25677247:XX found first (3, 1) is 2 1
INFO:root:25677247:XX found first (6, 3) is 2 1
INFO:root:25677260:Early exit from checkSmall1
INFO:root:25677283:Starting Step 34
INFO:root:25677901:Current state [[[[4], [7], [1, 2], [9], [5], [3], [1, 2], [6], [8]], [[6], [8], [9], [1], [7], [2], [4], [3], [5]], [[2], [3], [5], [8], [4], [6], [7], [1, 2], [9]], [[3], [4], [7], [2], [8], [5], [6], [9], [1]], [[9], [5], [6], [3], [1], [7], [8], [4], [2]], [[8], [1], [2], [4], [6], [9], [5], [7], [3]], [[7], [2], [4], [5], [3], [1], [9], [8], [6]], [[5], [6], [3], [7], [9], [8], [1, 2], [1, 2], [4]], [[1], [9], [8], [6], [2], [4], [3], [5], [7]]]]
INFO:root:25677902:Doing checkSmall1
INFO:root:25677902:Getting tiny MUSes, distance 1, for 12 puzlits, 1 repeats
INFO:root:25677939:Chunked 12 in [1, 1, 1, 1, 1, 1, 1, 1, 1, 1, 1, 1, 0, 0, 0, 0]
INFO:root:25677956:XX found first (1, 3) is not 2 1
INFO:root:25677956:XX found first (3, 8) is not 2 1
INFO:root:25677956:XX found first (3, 1) is not 1 1
INFO:root:25677956:XX found first (6, 3) is not 1 1
INFO:root:25677969:Early exit from checkSmall1
INFO:root:25677978:Starting Step 35
INFO:root:25678599:Current state [[[[4], [7], [1], [9], [5], [3], [1, 2], [6], [8]], [[6], [8], [9], [1], [7], [2], [4], [3], [5]], [[2], [3], [5], [8], [4], [6], [7], [1], [9]], [[3], [4], [7], [2], [8], [5], [6], [9], [1]], [[9], [5], [6], [3], [1], [7], [8], [4], [2]], [[8], [1], [2], [4], [6], [9], [5], [7], [3]], [[7], [2], [4], [5], [3], [1], [9], [8], [6]], [[5], [6], [3], [7], [9], [8], [1, 2], [1, 2], [4]], [[1], [9], [8], [6], [2], [4], [3], [5], [7]]]]
INFO:root:25678599:Doing checkSmall1
INFO:root:25678599:Getting tiny MUSes, distance 1, for 8 puzlits, 1 repeats
INFO:root:25678636:Chunked 8 in [1, 1, 1, 1, 1, 1, 1, 1, 0, 0, 0, 0, 0, 0, 0, 0]
INFO:root:25678645:XX found first (1, 7) is 2 1
INFO:root:25678645:XX found first (1, 3) is 1 1
INFO:root:25678645:XX found first (8, 8) is 2 1
INFO:root:25678645:XX found first (3, 8) is 1 1
INFO:root:25678659:Early exit from checkSmall1
INFO:root:25678678:Starting Step 36
INFO:root:25679349:Current state [[[[4], [7], [1], [9], [5], [3], [2], [6], [8]], [[6], [8], [9], [1], [7], [2], [4], [3], [5]], [[2], [3], [5], [8], [4], [6], [7], [1], [9]], [[3], [4], [7], [2], [8], [5], [6], [9], [1]], [[9], [5], [6], [3], [1], [7], [8], [4], [2]], [[8], [1], [2], [4], [6], [9], [5], [7], [3]], [[7], [2], [4], [5], [3], [1], [9], [8], [6]], [[5], [6], [3], [7], [9], [8], [1, 2], [2], [4]], [[1], [9], [8], [6], [2], [4], [3], [5], [7]]]]
INFO:root:25679349:Doing checkSmall1
INFO:root:25679349:Getting tiny MUSes, distance 1, for 4 puzlits, 1 repeats
INFO:root:25679387:Chunked 4 in [1, 1, 1, 1, 0, 0, 0, 0, 0, 0, 0, 0, 0, 0, 0, 0]
INFO:root:25679398:XX found first (8, 8) is not 1 1
INFO:root:25679398:XX found first (8, 7) is not 2 1
INFO:root:25679398:XX found first (1, 7) is not 1 1
INFO:root:25679411:Early exit from checkSmall1
INFO:root:25679419:Starting Step 37
INFO:root:25680047:Current state [[[[4], [7], [1], [9], [5], [3], [2], [6], [8]], [[6], [8], [9], [1], [7], [2], [4], [3], [5]], [[2], [3], [5], [8], [4], [6], [7], [1], [9]], [[3], [4], [7], [2], [8], [5], [6], [9], [1]], [[9], [5], [6], [3], [1], [7], [8], [4], [2]], [[8], [1], [2], [4], [6], [9], [5], [7], [3]], [[7], [2], [4], [5], [3], [1], [9], [8], [6]], [[5], [6], [3], [7], [9], [8], [1], [2], [4]], [[1], [9], [8], [6], [2], [4], [3], [5], [7]]]]
INFO:root:25680047:Doing checkSmall1
INFO:root:25680047:Getting tiny MUSes, distance 1, for 1 puzlits, 1 repeats
INFO:root:25680084:Chunked 1 in [1, 0, 0, 0, 0, 0, 0, 0, 0, 0, 0, 0, 0, 0, 0, 0]
INFO:root:25680092:XX found first (8, 7) is 1 1
INFO:root:25680105:Early exit from checkSmall1
INFO:root:25680117:Total Solver Calls 239473054
INFO:root:25680117:Trace: [(3, [(7, 2) is not 5]), (3, [(7, 2) is not 5]), (3, [(7, 2) is not 5]), (3, [(7, 2) is not 5]), (3, [(7, 2) is not 5])]
INFO:root:25680117:Trace Quality: [(3, 1), (3, 1), (3, 1), (3, 1), (3, 1)]
INFO:root:25680117:Trace Sorted: [(3, 1), (3, 1), (3, 1), (3, 1), (3, 1)]
INFO:root:25680118:Finished
INFO:root:25680118:Full Trace [(3, [(7, 2) is not 5]), (3, [(7, 2) is not 5]), (3, [(7, 2) is not 5]), (3, [(7, 2) is not 5]), (3, [(7, 2) is not 5])]

real	428m0.404s
user	6542m23.514s
sys	13m33.491s
