INFO:root:6936:Starting Step 1
INFO:root:6963:Current state [[[[1, 2, 3, 4, 5, 6, 7, 8, 9], [7], [1, 2, 3, 4, 5, 6, 7, 8, 9], [1, 2, 3, 4, 5, 6, 7, 8, 9], [1, 2, 3, 4, 5, 6, 7, 8, 9], [3], [1, 2, 3, 4, 5, 6, 7, 8, 9], [6], [1, 2, 3, 4, 5, 6, 7, 8, 9]], [[1, 2, 3, 4, 5, 6, 7, 8, 9], [1, 2, 3, 4, 5, 6, 7, 8, 9], [1, 2, 3, 4, 5, 6, 7, 8, 9], [1], [1, 2, 3, 4, 5, 6, 7, 8, 9], [2], [1, 2, 3, 4, 5, 6, 7, 8, 9], [1, 2, 3, 4, 5, 6, 7, 8, 9], [1, 2, 3, 4, 5, 6, 7, 8, 9]], [[1, 2, 3, 4, 5, 6, 7, 8, 9], [1, 2, 3, 4, 5, 6, 7, 8, 9], [5], [1, 2, 3, 4, 5, 6, 7, 8, 9], [1, 2, 3, 4, 5, 6, 7, 8, 9], [1, 2, 3, 4, 5, 6, 7, 8, 9], [7], [1, 2, 3, 4, 5, 6, 7, 8, 9], [9]], [[1, 2, 3, 4, 5, 6, 7, 8, 9], [1, 2, 3, 4, 5, 6, 7, 8, 9], [7], [2], [1, 2, 3, 4, 5, 6, 7, 8, 9], [1, 2, 3, 4, 5, 6, 7, 8, 9], [1, 2, 3, 4, 5, 6, 7, 8, 9], [1, 2, 3, 4, 5, 6, 7, 8, 9], [1]], [[1, 2, 3, 4, 5, 6, 7, 8, 9], [1, 2, 3, 4, 5, 6, 7, 8, 9], [6], [1, 2, 3, 4, 5, 6, 7, 8, 9], [1], [1, 2, 3, 4, 5, 6, 7, 8, 9], [8], [4], [1, 2, 3, 4, 5, 6, 7, 8, 9]], [[8], [1, 2, 3, 4, 5, 6, 7, 8, 9], [1, 2, 3, 4, 5, 6, 7, 8, 9], [1, 2, 3, 4, 5, 6, 7, 8, 9], [1, 2, 3, 4, 5, 6, 7, 8, 9], [1, 2, 3, 4, 5, 6, 7, 8, 9], [5], [1, 2, 3, 4, 5, 6, 7, 8, 9], [1, 2, 3, 4, 5, 6, 7, 8, 9]], [[7], [1, 2, 3, 4, 5, 6, 7, 8, 9], [4], [1, 2, 3, 4, 5, 6, 7, 8, 9], [1, 2, 3, 4, 5, 6, 7, 8, 9], [1, 2, 3, 4, 5, 6, 7, 8, 9], [9], [1, 2, 3, 4, 5, 6, 7, 8, 9], [1, 2, 3, 4, 5, 6, 7, 8, 9]], [[1, 2, 3, 4, 5, 6, 7, 8, 9], [1, 2, 3, 4, 5, 6, 7, 8, 9], [1, 2, 3, 4, 5, 6, 7, 8, 9], [7], [1, 2, 3, 4, 5, 6, 7, 8, 9], [8], [1, 2, 3, 4, 5, 6, 7, 8, 9], [1, 2, 3, 4, 5, 6, 7, 8, 9], [1, 2, 3, 4, 5, 6, 7, 8, 9]], [[1, 2, 3, 4, 5, 6, 7, 8, 9], [9], [1, 2, 3, 4, 5, 6, 7, 8, 9], [6], [1, 2, 3, 4, 5, 6, 7, 8, 9], [1, 2, 3, 4, 5, 6, 7, 8, 9], [1, 2, 3, 4, 5, 6, 7, 8, 9], [5], [1, 2, 3, 4, 5, 6, 7, 8, 9]]]]
INFO:root:6964:Doing checkSmall1
INFO:root:6964:Getting tiny MUSes, distance 1, for 704 puzlits, 1 repeats
INFO:root:7035:Chunked 704 in [44, 44, 44, 44, 44, 44, 44, 44, 44, 44, 44, 44, 44, 44, 44, 44]
INFO:root:7163:XX found first (3, 6) is not 3 1
INFO:root:7163:XX found first (3, 6) is not 7 1
INFO:root:7163:XX found first (3, 7) is not 1 1
INFO:root:7163:XX found first (8, 3) is not 5 1
INFO:root:7163:XX found first (5, 8) is not 7 1
INFO:root:7163:XX found first (1, 7) is not 3 1
INFO:root:7163:XX found first (8, 1) is not 9 1
INFO:root:7163:XX found first (6, 9) is not 4 1
INFO:root:7163:XX found first (7, 9) is not 4 1
INFO:root:7163:XX found first (6, 6) is not 8 1
INFO:root:7163:XX found first (7, 7) is not 8 1
INFO:root:7163:XX found first (8, 4) is not 9 1
INFO:root:7164:XX found first (1, 7) is not 7 1
INFO:root:7164:XX found first (8, 6) is not 7 1
INFO:root:7164:XX found first (4, 4) is not 1 1
INFO:root:7164:XX found first (9, 8) is not 8 1
INFO:root:7164:XX found first (3, 4) is not 6 1
INFO:root:7164:XX found first (9, 6) is not 8 1
INFO:root:7164:XX found first (1, 9) is not 1 1
INFO:root:7164:XX found first (5, 8) is not 9 1
INFO:root:7164:XX found first (4, 8) is not 5 1
INFO:root:7164:XX found first (2, 8) is not 1 1
INFO:root:7164:XX found first (1, 9) is not 3 1
INFO:root:7164:XX found first (2, 5) is not 2 1
INFO:root:7164:XX found first (7, 7) is not 7 1
INFO:root:7164:XX found first (8, 7) is not 5 1
INFO:root:7164:XX found first (7, 4) is not 7 1
INFO:root:7164:XX found first (2, 7) is not 5 1
INFO:root:7164:XX found first (2, 9) is not 9 1
INFO:root:7164:XX found first (6, 4) is not 7 1
INFO:root:7164:XX found first (5, 3) is not 9 1
INFO:root:7164:XX found first (8, 4) is not 1 1
INFO:root:7164:XX found first (8, 7) is not 9 1
INFO:root:7164:XX found first (4, 7) is not 2 1
INFO:root:7164:XX found first (9, 6) is not 9 1
INFO:root:7164:XX found first (7, 9) is not 1 1
INFO:root:7165:XX found first (8, 8) is not 5 1
INFO:root:7165:XX found first (5, 7) is not 7 1
INFO:root:7165:XX found first (6, 5) is not 1 1
INFO:root:7165:XX found first (4, 8) is not 1 1
INFO:root:7165:XX found first (6, 6) is not 1 1
INFO:root:7165:XX found first (7, 5) is not 1 1
INFO:root:7165:XX found first (2, 4) is not 4 1
INFO:root:7165:XX found first (2, 7) is not 7 1
INFO:root:7165:XX found first (3, 5) is not 1 1
INFO:root:7165:XX found first (5, 3) is not 8 1
INFO:root:7165:XX found first (4, 3) is not 9 1
INFO:root:7165:XX found first (7, 6) is not 6 1
INFO:root:7165:XX found first (3, 5) is not 2 1
INFO:root:7165:XX found first (2, 8) is not 2 1
INFO:root:7165:XX found first (4, 9) is not 7 1
INFO:root:7165:XX found first (6, 5) is not 5 1
INFO:root:7165:XX found first (8, 6) is not 4 1
INFO:root:7165:XX found first (1, 7) is not 5 1
INFO:root:7165:XX found first (3, 3) is not 8 1
INFO:root:7165:XX found first (6, 2) is not 6 1
INFO:root:7165:XX found first (5, 6) is not 2 1
INFO:root:7166:XX found first (7, 4) is not 6 1
INFO:root:7166:XX found first (1, 8) is not 9 1
INFO:root:7166:XX found first (3, 1) is not 9 1
INFO:root:7166:XX found first (8, 4) is not 6 1
INFO:root:7166:XX found first (3, 6) is not 1 1
INFO:root:7166:XX found first (6, 7) is not 8 1
INFO:root:7166:XX found first (8, 1) is not 4 1
INFO:root:7166:XX found first (2, 4) is not 3 1
INFO:root:7166:XX found first (5, 3) is not 1 1
INFO:root:7166:XX found first (9, 9) is not 9 1
INFO:root:7166:XX found first (2, 7) is not 6 1
INFO:root:7166:XX found first (5, 7) is not 1 1
INFO:root:7166:XX found first (2, 4) is not 8 1
INFO:root:7166:XX found first (6, 4) is not 5 1
INFO:root:7166:XX found first (8, 8) is not 6 1
INFO:root:7166:XX found first (5, 6) is not 1 1
INFO:root:7166:XX found first (2, 1) is not 1 1
INFO:root:7166:XX found first (6, 1) is not 9 1
INFO:root:7166:XX found first (8, 4) is not 8 1
INFO:root:7166:XX found first (3, 7) is not 8 1
INFO:root:7166:XX found first (3, 9) is not 6 1
INFO:root:7166:XX found first (3, 6) is not 2 1
INFO:root:7166:XX found first (5, 6) is not 6 1
INFO:root:7166:XX found first (8, 6) is not 5 1
INFO:root:7166:XX found first (5, 5) is not 5 1
INFO:root:7167:XX found first (1, 6) is not 6 1
INFO:root:7167:XX found first (7, 5) is not 7 1
INFO:root:7167:XX found first (6, 7) is not 7 1
INFO:root:7167:XX found first (5, 7) is not 2 1
INFO:root:7167:XX found first (6, 4) is not 1 1
INFO:root:7167:XX found first (3, 6) is not 9 1
INFO:root:7167:XX found first (8, 6) is not 2 1
INFO:root:7167:XX found first (9, 2) is not 8 1
INFO:root:7167:XX found first (2, 6) is not 1 1
INFO:root:7167:XX found first (6, 7) is not 6 1
INFO:root:7167:XX found first (3, 8) is not 9 1
INFO:root:7167:XX found first (2, 4) is not 9 1
INFO:root:7167:XX found first (8, 9) is not 9 1
INFO:root:7167:XX found first (4, 7) is not 7 1
INFO:root:7167:XX found first (1, 8) is not 7 1
INFO:root:7167:XX found first (9, 7) is not 5 1
INFO:root:7167:XX found first (4, 1) is not 8 1
INFO:root:7167:XX found first (5, 4) is not 6 1
INFO:root:7167:XX found first (9, 8) is not 7 1
INFO:root:7167:XX found first (6, 4) is not 2 1
INFO:root:7167:XX found first (3, 8) is not 6 1
INFO:root:7167:XX found first (9, 4) is not 1 1
INFO:root:7167:XX found first (8, 6) is not 1 1
INFO:root:7167:XX found first (5, 2) is not 6 1
INFO:root:7168:XX found first (1, 2) is not 1 1
INFO:root:7168:XX found first (2, 6) is not 5 1
INFO:root:7168:XX found first (8, 8) is not 7 1
INFO:root:7168:XX found first (9, 8) is not 2 1
INFO:root:7168:XX found first (9, 1) is not 4 1
INFO:root:7168:XX found first (6, 1) is not 7 1
INFO:root:7168:XX found first (1, 2) is not 6 1
INFO:root:7168:XX found first (3, 3) is not 6 1
INFO:root:7168:XX found first (3, 7) is not 4 1
INFO:root:7168:XX found first (6, 7) is not 4 1
INFO:root:7168:XX found first (1, 4) is not 2 1
INFO:root:7168:XX found first (9, 8) is not 6 1
INFO:root:7168:XX found first (6, 8) is not 8 1
INFO:root:7168:XX found first (7, 1) is not 3 1
INFO:root:7168:XX found first (7, 5) is not 8 1
INFO:root:7168:XX found first (5, 8) is not 3 1
INFO:root:7168:XX found first (4, 6) is not 7 1
INFO:root:7168:XX found first (9, 9) is not 5 1
INFO:root:7168:XX found first (7, 8) is not 4 1
INFO:root:7168:XX found first (5, 5) is not 4 1
INFO:root:7168:XX found first (5, 3) is not 3 1
INFO:root:7168:XX found first (5, 5) is not 2 1
INFO:root:7168:XX found first (8, 3) is not 9 1
INFO:root:7169:XX found first (3, 5) is not 5 1
INFO:root:7169:XX found first (7, 5) is not 9 1
INFO:root:7169:XX found first (8, 2) is not 4 1
INFO:root:7169:XX found first (2, 7) is not 9 1
INFO:root:7169:XX found first (3, 4) is not 9 1
INFO:root:7169:XX found first (4, 1) is not 1 1
INFO:root:7169:XX found first (5, 4) is not 7 1
INFO:root:7169:XX found first (9, 9) is not 6 1
INFO:root:7169:XX found first (8, 8) is not 8 1
INFO:root:7169:XX found first (9, 1) is not 7 1
INFO:root:7169:XX found first (1, 1) is not 7 1
INFO:root:7169:XX found first (5, 4) is not 4 1
INFO:root:7169:XX found first (1, 2) is not 4 1
INFO:root:7169:XX found first (8, 5) is not 6 1
INFO:root:7169:XX found first (1, 5) is not 1 1
INFO:root:7169:XX found first (2, 4) is not 2 1
INFO:root:7169:XX found first (7, 9) is not 5 1
INFO:root:7169:XX found first (2, 3) is not 4 1
INFO:root:7169:XX found first (7, 8) is not 9 1
INFO:root:7169:XX found first (6, 2) is not 5 1
INFO:root:7169:XX found first (7, 7) is not 1 1
INFO:root:7169:XX found first (3, 7) is not 2 1
INFO:root:7169:XX found first (9, 1) is not 5 1
INFO:root:7169:XX found first (7, 3) is not 7 1
INFO:root:7170:XX found first (5, 4) is not 8 1
INFO:root:7170:XX found first (7, 1) is not 9 1
INFO:root:7170:XX found first (9, 6) is not 5 1
INFO:root:7170:XX found first (7, 8) is not 6 1
INFO:root:7170:XX found first (3, 4) is not 7 1
INFO:root:7170:XX found first (3, 3) is not 7 1
INFO:root:7170:XX found first (5, 5) is not 8 1
INFO:root:7170:XX found first (8, 2) is not 8 1
INFO:root:7170:XX found first (4, 1) is not 2 1
INFO:root:7170:XX found first (3, 9) is not 1 1
INFO:root:7170:XX found first (2, 9) is not 6 1
INFO:root:7170:XX found first (7, 8) is not 5 1
INFO:root:7170:XX found first (4, 6) is not 8 1
INFO:root:7170:XX found first (1, 8) is not 2 1
INFO:root:7170:XX found first (6, 7) is not 2 1
INFO:root:7170:XX found first (1, 3) is not 3 1
INFO:root:7170:XX found first (4, 2) is not 7 1
INFO:root:7170:XX found first (6, 3) is not 5 1
INFO:root:7170:XX found first (9, 2) is not 4 1
INFO:root:7170:XX found first (6, 7) is not 9 1
INFO:root:7170:XX found first (4, 4) is not 5 1
INFO:root:7170:XX found first (9, 5) is not 7 1
INFO:root:7170:XX found first (5, 9) is not 6 1
INFO:root:7170:XX found first (9, 8) is not 4 1
INFO:root:7170:XX found first (7, 3) is not 3 1
INFO:root:7171:XX found first (8, 3) is not 6 1
INFO:root:7171:XX found first (7, 3) is not 5 1
INFO:root:7171:XX found first (9, 6) is not 6 1
INFO:root:7171:XX found first (9, 5) is not 8 1
INFO:root:7171:XX found first (7, 2) is not 7 1
INFO:root:7171:XX found first (7, 4) is not 9 1
INFO:root:7171:XX found first (8, 5) is not 7 1
INFO:root:7171:XX found first (1, 7) is not 8 1
INFO:root:7171:XX found first (9, 4) is not 8 1
INFO:root:7171:XX found first (7, 7) is not 6 1
INFO:root:7171:XX found first (2, 6) is not 6 1
INFO:root:7171:XX found first (5, 4) is not 1 1
INFO:root:7171:XX found first (3, 4) is not 1 1
INFO:root:7171:XX found first (4, 8) is not 4 1
INFO:root:7171:XX found first (1, 2) is not 5 1
INFO:root:7171:XX found first (2, 8) is not 9 1
INFO:root:7171:XX found first (2, 4) is not 6 1
INFO:root:7171:XX found first (2, 9) is not 7 1
INFO:root:7171:XX found first (2, 3) is not 2 1
INFO:root:7171:XX found first (3, 6) is not 5 1
INFO:root:7171:XX found first (5, 7) is not 5 1
INFO:root:7171:XX found first (9, 3) is not 5 1
INFO:root:7171:XX found first (5, 5) is not 9 1
INFO:root:7171:XX found first (1, 2) is not 3 1
INFO:root:7172:XX found first (7, 3) is not 2 1
INFO:root:7172:XX found first (2, 8) is not 6 1
INFO:root:7172:XX found first (6, 3) is not 7 1
INFO:root:7172:XX found first (1, 7) is not 9 1
INFO:root:7172:XX found first (5, 8) is not 8 1
INFO:root:7172:XX found first (9, 1) is not 8 1
INFO:root:7172:XX found first (6, 5) is not 8 1
INFO:root:7172:XX found first (4, 2) is not 8 1
INFO:root:7172:XX found first (9, 7) is not 8 1
INFO:root:7172:XX found first (7, 1) is not 8 1
INFO:root:7172:XX found first (7, 7) is not 5 1
INFO:root:7172:XX found first (7, 1) is not 5 1
INFO:root:7172:XX found first (8, 4) is not 4 1
INFO:root:7172:XX found first (4, 9) is not 8 1
INFO:root:7172:XX found first (5, 9) is not 4 1
INFO:root:7172:XX found first (4, 6) is not 3 1
INFO:root:7172:XX found first (2, 3) is not 7 1
INFO:root:7172:XX found first (1, 3) is not 4 1
INFO:root:7172:XX found first (4, 5) is not 1 1
INFO:root:7172:XX found first (2, 4) is not 5 1
INFO:root:7172:XX found first (8, 6) is not 3 1
INFO:root:7172:XX found first (7, 3) is not 9 1
INFO:root:7172:XX found first (9, 7) is not 6 1
INFO:root:7173:XX found first (3, 5) is not 3 1
INFO:root:7173:XX found first (2, 7) is not 1 1
INFO:root:7173:XX found first (3, 7) is not 5 1
INFO:root:7173:XX found first (1, 6) is not 8 1
INFO:root:7173:XX found first (8, 9) is not 5 1
INFO:root:7173:XX found first (2, 2) is not 9 1
INFO:root:7173:XX found first (5, 5) is not 6 1
INFO:root:7173:XX found first (8, 9) is not 8 1
INFO:root:7173:XX found first (3, 4) is not 3 1
INFO:root:7173:XX found first (2, 6) is not 3 1
INFO:root:7173:XX found first (9, 5) is not 6 1
INFO:root:7173:XX found first (8, 7) is not 8 1
INFO:root:7173:XX found first (4, 4) is not 6 1
INFO:root:7173:XX found first (2, 9) is not 1 1
INFO:root:7173:XX found first (1, 6) is not 9 1
INFO:root:7173:XX found first (5, 3) is not 7 1
INFO:root:7173:XX found first (5, 4) is not 2 1
INFO:root:7173:XX found first (7, 4) is not 2 1
INFO:root:7173:XX found first (4, 3) is not 2 1
INFO:root:7173:XX found first (2, 5) is not 3 1
INFO:root:7173:XX found first (2, 1) is not 5 1
INFO:root:7173:XX found first (2, 2) is not 1 1
INFO:root:7173:XX found first (2, 5) is not 1 1
INFO:root:7173:XX found first (1, 2) is not 9 1
INFO:root:7173:XX found first (7, 6) is not 7 1
INFO:root:7174:XX found first (6, 9) is not 5 1
INFO:root:7174:XX found first (6, 7) is not 3 1
INFO:root:7174:XX found first (6, 6) is not 3 1
INFO:root:7174:XX found first (1, 8) is not 4 1
INFO:root:7174:XX found first (1, 1) is not 8 1
INFO:root:7174:XX found first (4, 8) is not 2 1
INFO:root:7174:XX found first (7, 6) is not 9 1
INFO:root:7174:XX found first (2, 6) is not 4 1
INFO:root:7174:XX found first (1, 4) is not 3 1
INFO:root:7174:XX found first (9, 6) is not 3 1
INFO:root:7174:XX found first (4, 3) is not 3 1
INFO:root:7174:XX found first (2, 8) is not 4 1
INFO:root:7174:XX found first (3, 8) is not 4 1
INFO:root:7174:XX found first (2, 1) is not 2 1
INFO:root:7174:XX found first (3, 4) is not 5 1
INFO:root:7174:XX found first (5, 1) is not 8 1
INFO:root:7174:XX found first (7, 9) is not 9 1
INFO:root:7174:XX found first (5, 7) is not 9 1
INFO:root:7174:XX found first (5, 7) is not 4 1
INFO:root:7174:XX found first (5, 7) is not 3 1
INFO:root:7174:XX found first (9, 3) is not 9 1
INFO:root:7174:XX found first (6, 1) is not 3 1
INFO:root:7174:XX found first (4, 3) is not 8 1
INFO:root:7174:XX found first (4, 3) is not 4 1
INFO:root:7175:XX found first (9, 3) is not 7 1
INFO:root:7175:XX found first (3, 8) is not 5 1
INFO:root:7175:XX found first (5, 3) is not 2 1
INFO:root:7175:XX found first (1, 1) is not 5 1
INFO:root:7175:XX found first (5, 1) is not 4 1
INFO:root:7175:XX found first (3, 7) is not 6 1
INFO:root:7175:XX found first (5, 1) is not 6 1
INFO:root:7175:XX found first (6, 3) is not 8 1
INFO:root:7175:XX found first (1, 6) is not 2 1
INFO:root:7175:XX found first (3, 3) is not 2 1
INFO:root:7175:XX found first (4, 7) is not 4 1
INFO:root:7175:XX found first (6, 3) is not 4 1
INFO:root:7175:XX found first (4, 4) is not 8 1
INFO:root:7175:XX found first (9, 7) is not 7 1
INFO:root:7175:XX found first (2, 3) is not 6 1
INFO:root:7175:XX found first (7, 7) is not 3 1
INFO:root:7175:XX found first (9, 2) is not 1 1
INFO:root:7175:XX found first (3, 3) is not 9 1
INFO:root:7175:XX found first (6, 9) is not 8 1
INFO:root:7175:XX found first (3, 1) is not 5 1
INFO:root:7175:XX found first (2, 2) is not 7 1
INFO:root:7175:XX found first (4, 5) is not 7 1
INFO:root:7175:XX found first (8, 1) is not 8 1
INFO:root:7175:XX found first (6, 1) is not 6 1
INFO:root:7175:XX found first (4, 3) is not 6 1
INFO:root:7176:XX found first (5, 6) is not 4 1
INFO:root:7176:XX found first (4, 4) is not 4 1
INFO:root:7176:XX found first (4, 2) is not 2 1
INFO:root:7176:XX found first (8, 9) is not 1 1
INFO:root:7176:XX found first (8, 6) is not 9 1
INFO:root:7176:XX found first (5, 9) is not 5 1
INFO:root:7176:XX found first (4, 4) is not 7 1
INFO:root:7176:XX found first (6, 8) is not 1 1
INFO:root:7176:XX found first (4, 4) is not 9 1
INFO:root:7176:XX found first (1, 8) is not 1 1
INFO:root:7176:XX found first (8, 4) is not 3 1
INFO:root:7176:XX found first (4, 1) is not 6 1
INFO:root:7176:XX found first (3, 9) is not 8 1
INFO:root:7176:XX found first (5, 9) is not 1 1
INFO:root:7176:XX found first (6, 5) is not 2 1
INFO:root:7176:XX found first (4, 7) is not 1 1
INFO:root:7176:XX found first (6, 1) is not 5 1
INFO:root:7176:XX found first (8, 8) is not 4 1
INFO:root:7176:XX found first (9, 1) is not 9 1
INFO:root:7176:XX found first (5, 7) is not 6 1
INFO:root:7176:XX found first (9, 8) is not 1 1
INFO:root:7176:XX found first (7, 1) is not 2 1
INFO:root:7176:XX found first (2, 7) is not 8 1
INFO:root:7177:XX found first (7, 6) is not 2 1
INFO:root:7177:XX found first (3, 2) is not 7 1
INFO:root:7177:XX found first (3, 7) is not 9 1
INFO:root:7177:XX found first (1, 8) is not 5 1
INFO:root:7177:XX found first (9, 4) is not 3 1
INFO:root:7177:XX found first (7, 3) is not 8 1
INFO:root:7177:XX found first (3, 5) is not 9 1
INFO:root:7177:XX found first (7, 1) is not 4 1
INFO:root:7177:XX found first (9, 8) is not 3 1
INFO:root:7177:XX found first (7, 2) is not 9 1
INFO:root:7177:XX found first (1, 5) is not 3 1
INFO:root:7177:XX found first (5, 2) is not 4 1
INFO:root:7177:XX found first (2, 9) is not 2 1
INFO:root:7177:XX found first (1, 2) is not 8 1
INFO:root:7177:XX found first (8, 2) is not 9 1
INFO:root:7177:XX found first (5, 8) is not 2 1
INFO:root:7177:XX found first (8, 7) is not 7 1
INFO:root:7177:XX found first (2, 3) is not 5 1
INFO:root:7177:XX found first (6, 3) is not 6 1
INFO:root:7177:XX found first (5, 2) is not 7 1
INFO:root:7177:XX found first (8, 1) is not 7 1
INFO:root:7177:XX found first (4, 7) is not 8 1
INFO:root:7177:XX found first (6, 8) is not 5 1
INFO:root:7177:XX found first (5, 8) is not 5 1
INFO:root:7178:XX found first (6, 4) is not 6 1
INFO:root:7178:XX found first (5, 6) is not 3 1
INFO:root:7178:XX found first (2, 3) is not 1 1
INFO:root:7178:XX found first (2, 1) is not 7 1
INFO:root:7178:XX found first (4, 7) is not 9 1
INFO:root:7178:XX found first (5, 3) is not 4 1
INFO:root:7178:XX found first (9, 2) is not 6 1
INFO:root:7178:XX found first (6, 1) is not 4 1
INFO:root:7178:XX found first (1, 6) is not 4 1
INFO:root:7178:XX found first (9, 2) is not 2 1
INFO:root:7178:XX found first (8, 5) is not 1 1
INFO:root:7178:XX found first (7, 5) is not 4 1
INFO:root:7178:XX found first (6, 6) is not 5 1
INFO:root:7178:XX found first (9, 6) is not 2 1
INFO:root:7178:XX found first (1, 3) is not 7 1
INFO:root:7178:XX found first (8, 5) is not 8 1
INFO:root:7178:XX found first (1, 6) is not 5 1
INFO:root:7178:XX found first (4, 8) is not 6 1
INFO:root:7178:XX found first (9, 4) is not 9 1
INFO:root:7178:XX found first (2, 2) is not 2 1
INFO:root:7178:XX found first (3, 6) is not 8 1
INFO:root:7178:XX found first (7, 6) is not 4 1
INFO:root:7178:XX found first (2, 6) is not 8 1
INFO:root:7179:XX found first (1, 2) is not 2 1
INFO:root:7179:XX found first (9, 5) is not 9 1
INFO:root:7179:XX found first (8, 2) is not 7 1
INFO:root:7179:XX found first (4, 9) is not 3 1
INFO:root:7179:XX found first (1, 9) is not 9 1
INFO:root:7179:XX found first (4, 2) is not 9 1
INFO:root:7179:XX found first (3, 1) is not 7 1
INFO:root:7179:XX found first (9, 4) is not 4 1
INFO:root:7179:XX found first (8, 4) is not 2 1
INFO:root:7179:XX found first (3, 5) is not 7 1
INFO:root:7179:XX found first (3, 2) is not 9 1
INFO:root:7179:XX found first (9, 9) is not 1 1
INFO:root:7179:XX found first (7, 8) is not 7 1
INFO:root:7179:XX found first (3, 1) is not 8 1
INFO:root:7179:XX found first (5, 1) is not 7 1
INFO:root:7179:XX found first (5, 5) is not 7 1
INFO:root:7179:XX found first (9, 5) is not 5 1
INFO:root:7179:XX found first (5, 2) is not 9 1
INFO:root:7179:XX found first (7, 4) is not 8 1
INFO:root:7179:XX found first (4, 9) is not 4 1
INFO:root:7179:XX found first (9, 1) is not 6 1
INFO:root:7179:XX found first (3, 3) is not 1 1
INFO:root:7179:XX found first (8, 6) is not 6 1
INFO:root:7180:XX found first (7, 4) is not 1 1
INFO:root:7180:XX found first (1, 9) is not 7 1
INFO:root:7180:XX found first (9, 2) is not 7 1
INFO:root:7180:XX found first (1, 3) is not 6 1
INFO:root:7180:XX found first (5, 5) is not 3 1
INFO:root:7180:XX found first (4, 9) is not 9 1
INFO:root:7180:XX found first (9, 4) is not 7 1
INFO:root:7180:XX found first (2, 1) is not 8 1
INFO:root:7180:XX found first (9, 5) is not 1 1
INFO:root:7180:XX found first (5, 8) is not 1 1
INFO:root:7180:XX found first (7, 4) is not 4 1
INFO:root:7180:XX found first (6, 2) is not 8 1
INFO:root:7180:XX found first (4, 8) is not 7 1
INFO:root:7180:XX found first (5, 2) is not 8 1
INFO:root:7180:XX found first (3, 9) is not 5 1
INFO:root:7180:XX found first (2, 6) is not 7 1
INFO:root:7180:XX found first (1, 7) is not 6 1
INFO:root:7180:XX found first (1, 8) is not 8 1
INFO:root:7180:XX found first (4, 5) is not 2 1
INFO:root:7180:XX found first (6, 7) is not 1 1
INFO:root:7180:XX found first (9, 8) is not 9 1
INFO:root:7180:XX found first (7, 9) is not 7 1
INFO:root:7180:XX found first (9, 3) is not 6 1
INFO:root:7180:XX found first (3, 9) is not 7 1
INFO:root:7180:XX found first (9, 2) is not 3 1
INFO:root:7181:XX found first (4, 2) is not 6 1
INFO:root:7181:XX found first (7, 5) is not 6 1
INFO:root:7181:XX found first (3, 9) is not 4 1
INFO:root:7181:XX found first (3, 2) is not 5 1
INFO:root:7181:XX found first (6, 8) is not 6 1
INFO:root:7181:XX found first (8, 3) is not 7 1
INFO:root:7181:XX found first (7, 1) is not 1 1
INFO:root:7181:XX found first (4, 9) is not 6 1
INFO:root:7181:XX found first (9, 3) is not 4 1
INFO:root:7181:XX found first (7, 2) is not 4 1
INFO:root:7181:XX found first (4, 3) is not 5 1
INFO:root:7181:XX found first (9, 4) is not 5 1
INFO:root:7181:XX found first (1, 1) is not 6 1
INFO:root:7181:XX found first (5, 6) is not 8 1
INFO:root:7181:XX found first (4, 3) is not 1 1
INFO:root:7181:XX found first (6, 2) is not 7 1
INFO:root:7181:XX found first (5, 3) is not 5 1
INFO:root:7181:XX found first (7, 3) is not 1 1
INFO:root:7181:XX found first (5, 2) is not 1 1
INFO:root:7181:XX found first (4, 2) is not 1 1
INFO:root:7181:XX found first (6, 8) is not 4 1
INFO:root:7181:XX found first (7, 3) is not 6 1
INFO:root:7181:XX found first (9, 2) is not 5 1
INFO:root:7181:XX found first (6, 4) is not 8 1
INFO:root:7182:XX found first (4, 6) is not 2 1
INFO:root:7182:XX found first (8, 4) is not 5 1
INFO:root:7182:XX found first (4, 9) is not 5 1
INFO:root:7182:XX found first (1, 5) is not 6 1
INFO:root:7182:XX found first (5, 9) is not 8 1
INFO:root:7182:XX found first (3, 8) is not 7 1
INFO:root:7182:XX found first (2, 6) is not 9 1
INFO:root:7182:XX found first (3, 3) is not 4 1
INFO:root:7182:XX found first (3, 4) is not 2 1
INFO:root:7182:XX found first (7, 7) is not 2 1
INFO:root:7182:XX found first (4, 7) is not 5 1
INFO:root:7182:XX found first (2, 4) is not 7 1
INFO:root:7182:XX found first (4, 8) is not 8 1
INFO:root:7182:XX found first (1, 9) is not 6 1
INFO:root:7182:XX found first (2, 7) is not 2 1
INFO:root:7182:XX found first (3, 7) is not 3 1
INFO:root:7182:XX found first (2, 8) is not 7 1
INFO:root:7182:XX found first (7, 7) is not 4 1
INFO:root:7182:XX found first (1, 3) is not 5 1
INFO:root:7182:XX found first (8, 8) is not 9 1
INFO:root:7182:XX found first (6, 1) is not 2 1
INFO:root:7182:XX found first (1, 5) is not 2 1
INFO:root:7182:XX found first (3, 9) is not 2 1
INFO:root:7182:XX found first (7, 1) is not 6 1
INFO:root:7182:XX found first (6, 9) is not 1 1
INFO:root:7183:XX found first (3, 3) is not 3 1
INFO:root:7183:XX found first (4, 9) is not 2 1
INFO:root:7183:XX found first (7, 6) is not 3 1
INFO:root:7183:XX found first (2, 2) is not 5 1
INFO:root:7183:XX found first (1, 4) is not 1 1
INFO:root:7183:XX found first (1, 8) is not 3 1
INFO:root:7183:XX found first (6, 6) is not 2 1
INFO:root:7183:XX found first (9, 6) is not 7 1
INFO:root:7183:XX found first (8, 3) is not 8 1
INFO:root:7183:XX found first (1, 6) is not 7 1
INFO:root:7183:XX found first (8, 3) is not 4 1
INFO:root:7183:XX found first (9, 4) is not 2 1
INFO:root:7183:XX found first (5, 8) is not 6 1
INFO:root:7183:XX found first (1, 6) is not 1 1
INFO:root:7183:XX found first (1, 1) is not 3 1
INFO:root:7183:XX found first (9, 7) is not 9 1
INFO:root:7183:XX found first (5, 9) is not 9 1
INFO:root:7183:XX found first (1, 4) is not 7 1
INFO:root:7183:XX found first (3, 9) is not 3 1
INFO:root:7183:XX found first (4, 4) is not 3 1
INFO:root:7183:XX found first (1, 5) is not 7 1
INFO:root:7183:XX found first (7, 6) is not 8 1
INFO:root:7183:XX found first (6, 9) is not 9 1
INFO:root:7184:XX found first (1, 4) is not 6 1
INFO:root:7184:XX found first (4, 6) is not 1 1
INFO:root:7184:XX found first (5, 1) is not 1 1
INFO:root:7184:XX found first (6, 2) is not 9 1
INFO:root:7184:XX found first (6, 1) is not 1 1
INFO:root:7184:XX found first (2, 8) is not 5 1
INFO:root:7184:XX found first (4, 1) is not 7 1
INFO:root:7184:XX found first (8, 9) is not 7 1
INFO:root:7196:Early exit from checkSmall1
INFO:root:7259:Starting Step 2
INFO:root:7731:Current state [[[[1, 2, 4, 9], [7], [1, 2, 8, 9], [4, 5, 8, 9], [4, 5, 8, 9], [3], [1, 2, 4], [6], [2, 4, 5, 8]], [[3, 4, 6, 9], [3, 4, 6, 8], [3, 8, 9], [1], [4, 5, 6, 7, 8, 9], [2], [3, 4], [3, 8], [3, 4, 5, 8]], [[1, 2, 3, 4, 6], [1, 2, 3, 4, 6, 8], [5], [4, 8], [4, 6, 8], [4, 6], [7], [1, 2, 3, 8], [9]], [[3, 4, 5, 9], [3, 4, 5], [7], [2], [3, 4, 5, 6, 8, 9], [4, 5, 6, 9], [3, 6], [3, 9], [1]], [[2, 3, 5, 9], [2, 3, 5], [6], [3, 5, 9], [1], [5, 7, 9], [8], [4], [2, 3, 7]], [[8], [1, 2, 3, 4], [1, 2, 3, 9], [3, 4, 9], [3, 4, 6, 7, 9], [4, 6, 7, 9], [5], [2, 3, 7, 9], [2, 3, 6, 7]], [[7], [1, 2, 3, 5, 6, 8], [4], [3, 5], [2, 3, 5], [1, 5], [9], [1, 2, 3, 8], [2, 3, 6, 8]], [[1, 2, 3, 5, 6], [1, 2, 3, 5, 6], [1, 2, 3], [7], [2, 3, 4, 5, 9], [8], [1, 2, 3, 4, 6], [1, 2, 3], [2, 3, 4, 6]], [[1, 2, 3], [9], [1, 2, 3, 8], [6], [2, 3, 4], [1, 4], [1, 2, 3, 4], [5], [2, 3, 4, 7, 8]]]]
INFO:root:7731:Doing checkSmall1
INFO:root:7731:Getting tiny MUSes, distance 1, for 207 puzlits, 1 repeats
INFO:root:7768:Chunked 207 in [13, 13, 13, 13, 13, 13, 13, 13, 13, 13, 13, 13, 13, 13, 13, 12]
INFO:root:7814:XX found first (6, 8) is 7 1
INFO:root:7814:XX found first (4, 5) is 8 1
INFO:root:7814:XX found first (8, 5) is 9 1
INFO:root:7814:XX found first (9, 9) is 7 1
INFO:root:7814:XX found first (2, 5) is 7 1
INFO:root:7826:Early exit from checkSmall1
INFO:root:7847:Starting Step 3
INFO:root:8325:Current state [[[[1, 2, 4, 9], [7], [1, 2, 8, 9], [4, 5, 8, 9], [4, 5, 8, 9], [3], [1, 2, 4], [6], [2, 4, 5, 8]], [[3, 4, 6, 9], [3, 4, 6, 8], [3, 8, 9], [1], [7], [2], [3, 4], [3, 8], [3, 4, 5, 8]], [[1, 2, 3, 4, 6], [1, 2, 3, 4, 6, 8], [5], [4, 8], [4, 6, 8], [4, 6], [7], [1, 2, 3, 8], [9]], [[3, 4, 5, 9], [3, 4, 5], [7], [2], [8], [4, 5, 6, 9], [3, 6], [3, 9], [1]], [[2, 3, 5, 9], [2, 3, 5], [6], [3, 5, 9], [1], [5, 7, 9], [8], [4], [2, 3, 7]], [[8], [1, 2, 3, 4], [1, 2, 3, 9], [3, 4, 9], [3, 4, 6, 7, 9], [4, 6, 7, 9], [5], [7], [2, 3, 6, 7]], [[7], [1, 2, 3, 5, 6, 8], [4], [3, 5], [2, 3, 5], [1, 5], [9], [1, 2, 3, 8], [2, 3, 6, 8]], [[1, 2, 3, 5, 6], [1, 2, 3, 5, 6], [1, 2, 3], [7], [9], [8], [1, 2, 3, 4, 6], [1, 2, 3], [2, 3, 4, 6]], [[1, 2, 3], [9], [1, 2, 3, 8], [6], [2, 3, 4], [1, 4], [1, 2, 3, 4], [5], [7]]]]
INFO:root:8325:Doing checkSmall1
INFO:root:8325:Getting tiny MUSes, distance 1, for 202 puzlits, 1 repeats
INFO:root:8361:Chunked 202 in [13, 13, 13, 13, 13, 13, 13, 13, 13, 13, 12, 12, 12, 12, 12, 12]
INFO:root:8395:XX found first (6, 5) is not 9 1
INFO:root:8395:XX found first (2, 5) is not 6 1
INFO:root:8395:XX found first (4, 5) is not 5 1
INFO:root:8395:XX found first (2, 5) is not 5 1
INFO:root:8395:XX found first (9, 9) is not 3 1
INFO:root:8395:XX found first (1, 5) is not 8 1
INFO:root:8395:XX found first (6, 6) is not 7 1
INFO:root:8395:XX found first (5, 9) is not 7 1
INFO:root:8395:XX found first (9, 9) is not 2 1
INFO:root:8395:XX found first (6, 9) is not 7 1
INFO:root:8395:XX found first (1, 5) is not 9 1
INFO:root:8395:XX found first (4, 5) is not 6 1
INFO:root:8396:XX found first (9, 9) is not 4 1
INFO:root:8396:XX found first (4, 5) is not 9 1
INFO:root:8396:XX found first (8, 5) is not 2 1
INFO:root:8396:XX found first (8, 5) is not 5 1
INFO:root:8396:XX found first (6, 8) is not 3 1
INFO:root:8396:XX found first (6, 8) is not 9 1
INFO:root:8396:XX found first (4, 5) is not 4 1
INFO:root:8396:XX found first (4, 5) is not 3 1
INFO:root:8396:XX found first (6, 5) is not 7 1
INFO:root:8396:XX found first (6, 8) is not 2 1
INFO:root:8396:XX found first (3, 5) is not 8 1
INFO:root:8396:XX found first (2, 5) is not 9 1
INFO:root:8396:XX found first (2, 5) is not 4 1
INFO:root:8396:XX found first (9, 9) is not 8 1
INFO:root:8396:XX found first (8, 5) is not 4 1
INFO:root:8396:XX found first (8, 5) is not 3 1
INFO:root:8396:XX found first (2, 5) is not 8 1
INFO:root:8408:Early exit from checkSmall1
INFO:root:8419:Starting Step 4
INFO:root:8917:Current state [[[[1, 2, 4, 9], [7], [1, 2, 8, 9], [4, 5, 8, 9], [4, 5], [3], [1, 2, 4], [6], [2, 4, 5, 8]], [[3, 4, 6, 9], [3, 4, 6, 8], [3, 8, 9], [1], [7], [2], [3, 4], [3, 8], [3, 4, 5, 8]], [[1, 2, 3, 4, 6], [1, 2, 3, 4, 6, 8], [5], [4, 8], [4, 6], [4, 6], [7], [1, 2, 3, 8], [9]], [[3, 4, 5, 9], [3, 4, 5], [7], [2], [8], [4, 5, 6, 9], [3, 6], [3, 9], [1]], [[2, 3, 5, 9], [2, 3, 5], [6], [3, 5, 9], [1], [5, 7, 9], [8], [4], [2, 3]], [[8], [1, 2, 3, 4], [1, 2, 3, 9], [3, 4, 9], [3, 4, 6], [4, 6, 9], [5], [7], [2, 3, 6]], [[7], [1, 2, 3, 5, 6, 8], [4], [3, 5], [2, 3, 5], [1, 5], [9], [1, 2, 3, 8], [2, 3, 6, 8]], [[1, 2, 3, 5, 6], [1, 2, 3, 5, 6], [1, 2, 3], [7], [9], [8], [1, 2, 3, 4, 6], [1, 2, 3], [2, 3, 4, 6]], [[1, 2, 3], [9], [1, 2, 3, 8], [6], [2, 3, 4], [1, 4], [1, 2, 3, 4], [5], [7]]]]
INFO:root:8917:Doing checkSmall1
INFO:root:8917:Getting tiny MUSes, distance 1, for 173 puzlits, 1 repeats
INFO:root:8952:Chunked 173 in [11, 11, 11, 11, 11, 11, 11, 11, 11, 11, 11, 11, 11, 10, 10, 10]
INFO:root:8991:XX found first (1, 4) is 9 1
INFO:root:8991:XX found first (2, 9) is 5 1
INFO:root:8991:XX found first (5, 6) is 7 1
INFO:root:8991:XX found first (9, 3) is 8 1
INFO:root:8991:XX found first (4, 8) is 9 1
INFO:root:9004:Early exit from checkSmall1
INFO:root:9024:Starting Step 5
INFO:root:9528:Current state [[[[1, 2, 4, 9], [7], [1, 2, 8, 9], [9], [4, 5], [3], [1, 2, 4], [6], [2, 4, 5, 8]], [[3, 4, 6, 9], [3, 4, 6, 8], [3, 8, 9], [1], [7], [2], [3, 4], [3, 8], [5]], [[1, 2, 3, 4, 6], [1, 2, 3, 4, 6, 8], [5], [4, 8], [4, 6], [4, 6], [7], [1, 2, 3, 8], [9]], [[3, 4, 5, 9], [3, 4, 5], [7], [2], [8], [4, 5, 6, 9], [3, 6], [9], [1]], [[2, 3, 5, 9], [2, 3, 5], [6], [3, 5, 9], [1], [7], [8], [4], [2, 3]], [[8], [1, 2, 3, 4], [1, 2, 3, 9], [3, 4, 9], [3, 4, 6], [4, 6, 9], [5], [7], [2, 3, 6]], [[7], [1, 2, 3, 5, 6, 8], [4], [3, 5], [2, 3, 5], [1, 5], [9], [1, 2, 3, 8], [2, 3, 6, 8]], [[1, 2, 3, 5, 6], [1, 2, 3, 5, 6], [1, 2, 3], [7], [9], [8], [1, 2, 3, 4, 6], [1, 2, 3], [2, 3, 4, 6]], [[1, 2, 3], [9], [8], [6], [2, 3, 4], [1, 4], [1, 2, 3, 4], [5], [7]]]]
INFO:root:9529:Doing checkSmall1
INFO:root:9529:Getting tiny MUSes, distance 1, for 168 puzlits, 1 repeats
INFO:root:9564:Chunked 168 in [11, 11, 11, 11, 11, 11, 11, 11, 10, 10, 10, 10, 10, 10, 10, 10]
INFO:root:9593:XX found first (5, 6) is not 9 1
INFO:root:9593:XX found first (1, 4) is not 8 1
INFO:root:9594:XX found first (4, 6) is not 9 1
INFO:root:9594:XX found first (9, 3) is not 2 1
INFO:root:9594:XX found first (2, 9) is not 3 1
INFO:root:9594:XX found first (1, 4) is not 4 1
INFO:root:9594:XX found first (5, 4) is not 9 1
INFO:root:9594:XX found first (6, 4) is not 9 1
INFO:root:9594:XX found first (7, 2) is not 8 1
INFO:root:9594:XX found first (9, 3) is not 1 1
INFO:root:9594:XX found first (9, 3) is not 3 1
INFO:root:9594:XX found first (2, 9) is not 4 1
INFO:root:9594:XX found first (1, 1) is not 9 1
INFO:root:9594:XX found first (1, 9) is not 5 1
INFO:root:9594:XX found first (2, 3) is not 8 1
INFO:root:9594:XX found first (4, 8) is not 3 1
INFO:root:9594:XX found first (1, 3) is not 9 1
INFO:root:9594:XX found first (1, 4) is not 5 1
INFO:root:9594:XX found first (1, 3) is not 8 1
INFO:root:9594:XX found first (4, 1) is not 9 1
INFO:root:9594:XX found first (2, 9) is not 8 1
INFO:root:9594:XX found first (5, 6) is not 5 1
INFO:root:9607:Early exit from checkSmall1
INFO:root:9616:Starting Step 6
INFO:root:10133:Current state [[[[1, 2, 4], [7], [1, 2], [9], [4, 5], [3], [1, 2, 4], [6], [2, 4, 8]], [[3, 4, 6, 9], [3, 4, 6, 8], [3, 9], [1], [7], [2], [3, 4], [3, 8], [5]], [[1, 2, 3, 4, 6], [1, 2, 3, 4, 6, 8], [5], [4, 8], [4, 6], [4, 6], [7], [1, 2, 3, 8], [9]], [[3, 4, 5], [3, 4, 5], [7], [2], [8], [4, 5, 6], [3, 6], [9], [1]], [[2, 3, 5, 9], [2, 3, 5], [6], [3, 5], [1], [7], [8], [4], [2, 3]], [[8], [1, 2, 3, 4], [1, 2, 3, 9], [3, 4], [3, 4, 6], [4, 6, 9], [5], [7], [2, 3, 6]], [[7], [1, 2, 3, 5, 6], [4], [3, 5], [2, 3, 5], [1, 5], [9], [1, 2, 3, 8], [2, 3, 6, 8]], [[1, 2, 3, 5, 6], [1, 2, 3, 5, 6], [1, 2, 3], [7], [9], [8], [1, 2, 3, 4, 6], [1, 2, 3], [2, 3, 4, 6]], [[1, 2, 3], [9], [8], [6], [2, 3, 4], [1, 4], [1, 2, 3, 4], [5], [7]]]]
INFO:root:10133:Doing checkSmall1
INFO:root:10133:Getting tiny MUSes, distance 1, for 146 puzlits, 1 repeats
INFO:root:10168:Chunked 146 in [10, 10, 9, 9, 9, 9, 9, 9, 9, 9, 9, 9, 9, 9, 9, 9]
INFO:root:10202:XX found first (5, 1) is 9 1
INFO:root:10202:XX found first (6, 6) is 9 1
INFO:root:10203:XX found first (1, 5) is 5 1
INFO:root:10203:XX found first (1, 9) is 8 1
INFO:root:10203:XX found first (3, 4) is 8 1
INFO:root:10215:Early exit from checkSmall1
INFO:root:10236:Starting Step 7
INFO:root:10757:Current state [[[[1, 2, 4], [7], [1, 2], [9], [5], [3], [1, 2, 4], [6], [8]], [[3, 4, 6, 9], [3, 4, 6, 8], [3, 9], [1], [7], [2], [3, 4], [3, 8], [5]], [[1, 2, 3, 4, 6], [1, 2, 3, 4, 6, 8], [5], [8], [4, 6], [4, 6], [7], [1, 2, 3, 8], [9]], [[3, 4, 5], [3, 4, 5], [7], [2], [8], [4, 5, 6], [3, 6], [9], [1]], [[9], [2, 3, 5], [6], [3, 5], [1], [7], [8], [4], [2, 3]], [[8], [1, 2, 3, 4], [1, 2, 3, 9], [3, 4], [3, 4, 6], [9], [5], [7], [2, 3, 6]], [[7], [1, 2, 3, 5, 6], [4], [3, 5], [2, 3, 5], [1, 5], [9], [1, 2, 3, 8], [2, 3, 6, 8]], [[1, 2, 3, 5, 6], [1, 2, 3, 5, 6], [1, 2, 3], [7], [9], [8], [1, 2, 3, 4, 6], [1, 2, 3], [2, 3, 4, 6]], [[1, 2, 3], [9], [8], [6], [2, 3, 4], [1, 4], [1, 2, 3, 4], [5], [7]]]]
INFO:root:10757:Doing checkSmall1
INFO:root:10757:Getting tiny MUSes, distance 1, for 141 puzlits, 1 repeats
INFO:root:10792:Chunked 141 in [9, 9, 9, 9, 9, 9, 9, 9, 9, 9, 9, 9, 9, 8, 8, 8]
INFO:root:10823:XX found first (3, 2) is not 8 1
INFO:root:10823:XX found first (7, 5) is not 5 1
INFO:root:10823:XX found first (6, 3) is not 9 1
INFO:root:10823:XX found first (5, 1) is not 3 1
INFO:root:10823:XX found first (1, 9) is not 2 1
INFO:root:10823:XX found first (5, 1) is not 5 1
INFO:root:10823:XX found first (1, 9) is not 4 1
INFO:root:10823:XX found first (1, 5) is not 4 1
INFO:root:10823:XX found first (7, 9) is not 8 1
INFO:root:10823:XX found first (6, 6) is not 6 1
INFO:root:10823:XX found first (6, 6) is not 4 1
INFO:root:10824:XX found first (5, 1) is not 2 1
INFO:root:10824:XX found first (2, 1) is not 9 1
INFO:root:10824:XX found first (2, 8) is not 8 1
INFO:root:10824:XX found first (3, 8) is not 8 1
INFO:root:10824:XX found first (3, 4) is not 4 1
INFO:root:10835:Early exit from checkSmall1
INFO:root:10845:Starting Step 8
INFO:root:11378:Current state [[[[1, 2, 4], [7], [1, 2], [9], [5], [3], [1, 2, 4], [6], [8]], [[3, 4, 6], [3, 4, 6, 8], [3, 9], [1], [7], [2], [3, 4], [3], [5]], [[1, 2, 3, 4, 6], [1, 2, 3, 4, 6], [5], [8], [4, 6], [4, 6], [7], [1, 2, 3], [9]], [[3, 4, 5], [3, 4, 5], [7], [2], [8], [4, 5, 6], [3, 6], [9], [1]], [[9], [2, 3, 5], [6], [3, 5], [1], [7], [8], [4], [2, 3]], [[8], [1, 2, 3, 4], [1, 2, 3], [3, 4], [3, 4, 6], [9], [5], [7], [2, 3, 6]], [[7], [1, 2, 3, 5, 6], [4], [3, 5], [2, 3], [1, 5], [9], [1, 2, 3, 8], [2, 3, 6]], [[1, 2, 3, 5, 6], [1, 2, 3, 5, 6], [1, 2, 3], [7], [9], [8], [1, 2, 3, 4, 6], [1, 2, 3], [2, 3, 4, 6]], [[1, 2, 3], [9], [8], [6], [2, 3, 4], [1, 4], [1, 2, 3, 4], [5], [7]]]]
INFO:root:11378:Doing checkSmall1
INFO:root:11378:Getting tiny MUSes, distance 1, for 125 puzlits, 1 repeats
INFO:root:11414:Chunked 125 in [8, 8, 8, 8, 8, 8, 8, 8, 8, 8, 8, 8, 8, 7, 7, 7]
INFO:root:11440:XX found first (2, 8) is 3 1
INFO:root:11441:XX found first (7, 8) is 8 1
INFO:root:11441:XX found first (2, 3) is 9 1
INFO:root:11441:XX found first (2, 2) is 8 1
INFO:root:11441:XX found first (8, 9) is 4 1
INFO:root:11441:XX found first (6, 4) is 4 1
INFO:root:11453:Early exit from checkSmall1
INFO:root:11478:Starting Step 9
INFO:root:12015:Current state [[[[1, 2, 4], [7], [1, 2], [9], [5], [3], [1, 2, 4], [6], [8]], [[3, 4, 6], [8], [9], [1], [7], [2], [3, 4], [3], [5]], [[1, 2, 3, 4, 6], [1, 2, 3, 4, 6], [5], [8], [4, 6], [4, 6], [7], [1, 2, 3], [9]], [[3, 4, 5], [3, 4, 5], [7], [2], [8], [4, 5, 6], [3, 6], [9], [1]], [[9], [2, 3, 5], [6], [3, 5], [1], [7], [8], [4], [2, 3]], [[8], [1, 2, 3, 4], [1, 2, 3], [4], [3, 4, 6], [9], [5], [7], [2, 3, 6]], [[7], [1, 2, 3, 5, 6], [4], [3, 5], [2, 3], [1, 5], [9], [8], [2, 3, 6]], [[1, 2, 3, 5, 6], [1, 2, 3, 5, 6], [1, 2, 3], [7], [9], [8], [1, 2, 3, 4, 6], [1, 2, 3], [4]], [[1, 2, 3], [9], [8], [6], [2, 3, 4], [1, 4], [1, 2, 3, 4], [5], [7]]]]
INFO:root:12015:Doing checkSmall1
INFO:root:12015:Getting tiny MUSes, distance 1, for 119 puzlits, 1 repeats
INFO:root:12051:Chunked 119 in [8, 8, 8, 8, 8, 8, 8, 7, 7, 7, 7, 7, 7, 7, 7, 7]
INFO:root:12077:XX found first (2, 2) is not 6 1
INFO:root:12077:XX found first (2, 7) is not 3 1
INFO:root:12077:XX found first (8, 9) is not 2 1
INFO:root:12077:XX found first (8, 7) is not 4 1
INFO:root:12078:XX found first (7, 8) is not 2 1
INFO:root:12078:XX found first (2, 3) is not 3 1
INFO:root:12078:XX found first (2, 1) is not 3 1
INFO:root:12078:XX found first (8, 8) is not 3 1
INFO:root:12078:XX found first (7, 8) is not 1 1
INFO:root:12078:XX found first (3, 8) is not 3 1
INFO:root:12078:XX found first (6, 2) is not 4 1
INFO:root:12078:XX found first (8, 9) is not 3 1
INFO:root:12078:XX found first (2, 2) is not 4 1
INFO:root:12078:XX found first (2, 2) is not 3 1
INFO:root:12078:XX found first (8, 9) is not 6 1
INFO:root:12078:XX found first (9, 7) is not 4 1
INFO:root:12078:XX found first (6, 4) is not 3 1
INFO:root:12078:XX found first (7, 8) is not 3 1
INFO:root:12078:XX found first (4, 6) is not 4 1
INFO:root:12078:XX found first (6, 5) is not 4 1
INFO:root:12090:Early exit from checkSmall1
INFO:root:12100:Starting Step 10
INFO:root:12648:Current state [[[[1, 2, 4], [7], [1, 2], [9], [5], [3], [1, 2, 4], [6], [8]], [[4, 6], [8], [9], [1], [7], [2], [4], [3], [5]], [[1, 2, 3, 4, 6], [1, 2, 3, 4, 6], [5], [8], [4, 6], [4, 6], [7], [1, 2], [9]], [[3, 4, 5], [3, 4, 5], [7], [2], [8], [5, 6], [3, 6], [9], [1]], [[9], [2, 3, 5], [6], [3, 5], [1], [7], [8], [4], [2, 3]], [[8], [1, 2, 3], [1, 2, 3], [4], [3, 6], [9], [5], [7], [2, 3, 6]], [[7], [1, 2, 3, 5, 6], [4], [3, 5], [2, 3], [1, 5], [9], [8], [2, 3, 6]], [[1, 2, 3, 5, 6], [1, 2, 3, 5, 6], [1, 2, 3], [7], [9], [8], [1, 2, 3, 6], [1, 2], [4]], [[1, 2, 3], [9], [8], [6], [2, 3, 4], [1, 4], [1, 2, 3], [5], [7]]]]
INFO:root:12648:Doing checkSmall1
INFO:root:12648:Getting tiny MUSes, distance 1, for 99 puzlits, 1 repeats
INFO:root:12683:Chunked 99 in [7, 7, 7, 6, 6, 6, 6, 6, 6, 6, 6, 6, 6, 6, 6, 6]
INFO:root:12707:XX found first (2, 1) is 6 1
INFO:root:12708:XX found first (2, 7) is 4 1
INFO:root:12720:Early exit from checkSmall1
INFO:root:12731:Starting Step 11
INFO:root:13279:Current state [[[[1, 2, 4], [7], [1, 2], [9], [5], [3], [1, 2, 4], [6], [8]], [[6], [8], [9], [1], [7], [2], [4], [3], [5]], [[1, 2, 3, 4, 6], [1, 2, 3, 4, 6], [5], [8], [4, 6], [4, 6], [7], [1, 2], [9]], [[3, 4, 5], [3, 4, 5], [7], [2], [8], [5, 6], [3, 6], [9], [1]], [[9], [2, 3, 5], [6], [3, 5], [1], [7], [8], [4], [2, 3]], [[8], [1, 2, 3], [1, 2, 3], [4], [3, 6], [9], [5], [7], [2, 3, 6]], [[7], [1, 2, 3, 5, 6], [4], [3, 5], [2, 3], [1, 5], [9], [8], [2, 3, 6]], [[1, 2, 3, 5, 6], [1, 2, 3, 5, 6], [1, 2, 3], [7], [9], [8], [1, 2, 3, 6], [1, 2], [4]], [[1, 2, 3], [9], [8], [6], [2, 3, 4], [1, 4], [1, 2, 3], [5], [7]]]]
INFO:root:13279:Doing checkSmall1
INFO:root:13279:Getting tiny MUSes, distance 1, for 97 puzlits, 1 repeats
INFO:root:13314:Chunked 97 in [7, 6, 6, 6, 6, 6, 6, 6, 6, 6, 6, 6, 6, 6, 6, 6]
INFO:root:13337:XX found first (3, 1) is not 6 1
INFO:root:13337:XX found first (2, 1) is not 4 1
INFO:root:13337:XX found first (3, 2) is not 6 1
INFO:root:13337:XX found first (8, 1) is not 6 1
INFO:root:13337:XX found first (1, 7) is not 4 1
INFO:root:13349:Early exit from checkSmall1
INFO:root:13357:Starting Step 12
INFO:root:13915:Current state [[[[1, 2, 4], [7], [1, 2], [9], [5], [3], [1, 2], [6], [8]], [[6], [8], [9], [1], [7], [2], [4], [3], [5]], [[1, 2, 3, 4], [1, 2, 3, 4], [5], [8], [4, 6], [4, 6], [7], [1, 2], [9]], [[3, 4, 5], [3, 4, 5], [7], [2], [8], [5, 6], [3, 6], [9], [1]], [[9], [2, 3, 5], [6], [3, 5], [1], [7], [8], [4], [2, 3]], [[8], [1, 2, 3], [1, 2, 3], [4], [3, 6], [9], [5], [7], [2, 3, 6]], [[7], [1, 2, 3, 5, 6], [4], [3, 5], [2, 3], [1, 5], [9], [8], [2, 3, 6]], [[1, 2, 3, 5], [1, 2, 3, 5, 6], [1, 2, 3], [7], [9], [8], [1, 2, 3, 6], [1, 2], [4]], [[1, 2, 3], [9], [8], [6], [2, 3, 4], [1, 4], [1, 2, 3], [5], [7]]]]
INFO:root:13916:Doing checkSmall1
INFO:root:13916:Getting tiny MUSes, distance 1, for 92 puzlits, 1 repeats
INFO:root:13951:Chunked 92 in [6, 6, 6, 6, 6, 6, 6, 6, 6, 6, 6, 6, 5, 5, 5, 5]
INFO:root:13975:XX found first (1, 1) is 4 1
INFO:root:13988:Early exit from checkSmall1
INFO:root:13998:Starting Step 13
INFO:root:14552:Current state [[[[4], [7], [1, 2], [9], [5], [3], [1, 2], [6], [8]], [[6], [8], [9], [1], [7], [2], [4], [3], [5]], [[1, 2, 3, 4], [1, 2, 3, 4], [5], [8], [4, 6], [4, 6], [7], [1, 2], [9]], [[3, 4, 5], [3, 4, 5], [7], [2], [8], [5, 6], [3, 6], [9], [1]], [[9], [2, 3, 5], [6], [3, 5], [1], [7], [8], [4], [2, 3]], [[8], [1, 2, 3], [1, 2, 3], [4], [3, 6], [9], [5], [7], [2, 3, 6]], [[7], [1, 2, 3, 5, 6], [4], [3, 5], [2, 3], [1, 5], [9], [8], [2, 3, 6]], [[1, 2, 3, 5], [1, 2, 3, 5, 6], [1, 2, 3], [7], [9], [8], [1, 2, 3, 6], [1, 2], [4]], [[1, 2, 3], [9], [8], [6], [2, 3, 4], [1, 4], [1, 2, 3], [5], [7]]]]
INFO:root:14552:Doing checkSmall1
INFO:root:14552:Getting tiny MUSes, distance 1, for 91 puzlits, 1 repeats
INFO:root:14587:Chunked 91 in [6, 6, 6, 6, 6, 6, 6, 6, 6, 6, 6, 5, 5, 5, 5, 5]
INFO:root:14613:XX found first (1, 1) is not 2 1
INFO:root:14613:XX found first (4, 1) is not 4 1
INFO:root:14613:XX found first (3, 2) is not 4 1
INFO:root:14613:XX found first (1, 1) is not 1 1
INFO:root:14613:XX found first (3, 1) is not 4 1
INFO:root:14625:Early exit from checkSmall1
INFO:root:14633:Starting Step 14
INFO:root:15187:Current state [[[[4], [7], [1, 2], [9], [5], [3], [1, 2], [6], [8]], [[6], [8], [9], [1], [7], [2], [4], [3], [5]], [[1, 2, 3], [1, 2, 3], [5], [8], [4, 6], [4, 6], [7], [1, 2], [9]], [[3, 5], [3, 4, 5], [7], [2], [8], [5, 6], [3, 6], [9], [1]], [[9], [2, 3, 5], [6], [3, 5], [1], [7], [8], [4], [2, 3]], [[8], [1, 2, 3], [1, 2, 3], [4], [3, 6], [9], [5], [7], [2, 3, 6]], [[7], [1, 2, 3, 5, 6], [4], [3, 5], [2, 3], [1, 5], [9], [8], [2, 3, 6]], [[1, 2, 3, 5], [1, 2, 3, 5, 6], [1, 2, 3], [7], [9], [8], [1, 2, 3, 6], [1, 2], [4]], [[1, 2, 3], [9], [8], [6], [2, 3, 4], [1, 4], [1, 2, 3], [5], [7]]]]
INFO:root:15188:Doing checkSmall1
INFO:root:15188:Getting tiny MUSes, distance 1, for 86 puzlits, 1 repeats
INFO:root:15223:Chunked 86 in [6, 6, 6, 6, 6, 6, 5, 5, 5, 5, 5, 5, 5, 5, 5, 5]
INFO:root:15250:XX found first (4, 2) is 4 1
INFO:root:15262:Early exit from checkSmall1
INFO:root:15273:Starting Step 15
INFO:root:15832:Current state [[[[4], [7], [1, 2], [9], [5], [3], [1, 2], [6], [8]], [[6], [8], [9], [1], [7], [2], [4], [3], [5]], [[1, 2, 3], [1, 2, 3], [5], [8], [4, 6], [4, 6], [7], [1, 2], [9]], [[3, 5], [4], [7], [2], [8], [5, 6], [3, 6], [9], [1]], [[9], [2, 3, 5], [6], [3, 5], [1], [7], [8], [4], [2, 3]], [[8], [1, 2, 3], [1, 2, 3], [4], [3, 6], [9], [5], [7], [2, 3, 6]], [[7], [1, 2, 3, 5, 6], [4], [3, 5], [2, 3], [1, 5], [9], [8], [2, 3, 6]], [[1, 2, 3, 5], [1, 2, 3, 5, 6], [1, 2, 3], [7], [9], [8], [1, 2, 3, 6], [1, 2], [4]], [[1, 2, 3], [9], [8], [6], [2, 3, 4], [1, 4], [1, 2, 3], [5], [7]]]]
INFO:root:15832:Doing checkSmall1
INFO:root:15832:Getting tiny MUSes, distance 1, for 85 puzlits, 1 repeats
INFO:root:15867:Chunked 85 in [6, 6, 6, 6, 6, 5, 5, 5, 5, 5, 5, 5, 5, 5, 5, 5]
INFO:root:15890:XX found first (4, 2) is not 3 1
INFO:root:15890:XX found first (4, 2) is not 5 1
INFO:root:15902:Early exit from checkSmall1
INFO:root:15910:Starting Step 16
INFO:root:16471:Current state [[[[4], [7], [1, 2], [9], [5], [3], [1, 2], [6], [8]], [[6], [8], [9], [1], [7], [2], [4], [3], [5]], [[1, 2, 3], [1, 2, 3], [5], [8], [4, 6], [4, 6], [7], [1, 2], [9]], [[3, 5], [4], [7], [2], [8], [5, 6], [3, 6], [9], [1]], [[9], [2, 3, 5], [6], [3, 5], [1], [7], [8], [4], [2, 3]], [[8], [1, 2, 3], [1, 2, 3], [4], [3, 6], [9], [5], [7], [2, 3, 6]], [[7], [1, 2, 3, 5, 6], [4], [3, 5], [2, 3], [1, 5], [9], [8], [2, 3, 6]], [[1, 2, 3, 5], [1, 2, 3, 5, 6], [1, 2, 3], [7], [9], [8], [1, 2, 3, 6], [1, 2], [4]], [[1, 2, 3], [9], [8], [6], [2, 3, 4], [1, 4], [1, 2, 3], [5], [7]]]]
INFO:root:16471:Doing checkSmall1
INFO:root:16472:Getting tiny MUSes, distance 1, for 83 puzlits, 1 repeats
INFO:root:16507:Chunked 83 in [6, 6, 6, 5, 5, 5, 5, 5, 5, 5, 5, 5, 5, 5, 5, 5]
INFO:root:16573:Considering 100 * 83 jobs for minsize=3
INFO:root:16590:Chunked 8300 in [519, 519, 519, 519, 519, 519, 519, 519, 519, 519, 519, 519, 518, 518, 518, 518]
INFO:root:22470:Considering 100 * 83 jobs for minsize=4
INFO:root:22543:Chunked 8300 in [519, 519, 519, 519, 519, 519, 519, 519, 519, 519, 519, 519, 518, 518, 518, 518]
INFO:root:29261:!! Found smaller !!!! 3 4
INFO:root:29261:XX found first (7, 2) is not 5 3
INFO:root:29261:!! Found smaller !!!! 3 4
INFO:root:29261:XX add new best (7, 2) is not 5 3 3
INFO:root:29261:!! Found smaller !!!! 3 4
INFO:root:29262:XX found first (7, 9) is not 2 3
INFO:root:29262:!! Found smaller !!!! 3 4
INFO:root:29262:XX add new best (7, 2) is not 5 3 3
INFO:root:29262:!! Found smaller !!!! 3 4
INFO:root:29262:XX add new best (7, 2) is not 5 3 3
INFO:root:29262:!! Found smaller !!!! 3 4
INFO:root:29262:XX add new best (7, 9) is not 2 3 3
INFO:root:29262:!! Found smaller !!!! 3 4
INFO:root:29262:XX add new best (7, 2) is not 5 3 3
INFO:root:29262:!! Found smaller !!!! 3 4
INFO:root:29262:XX add new best (7, 9) is not 2 3 3
INFO:root:29262:!! Found smaller !!!! 3 4
INFO:root:29262:XX add new best (7, 2) is not 5 3 3
INFO:root:29262:!! Found smaller !!!! 3 4
INFO:root:29262:XX add new best (7, 9) is not 2 3 3
INFO:root:29262:!! Found smaller !!!! 3 4
INFO:root:29262:XX add new best (7, 2) is not 5 3 3
INFO:root:29263:!! Found smaller !!!! 3 4
INFO:root:29263:XX add new best (7, 9) is not 2 3 3
INFO:root:29263:!! Found smaller !!!! 3 4
INFO:root:29263:XX add new best (7, 9) is not 2 3 3
INFO:root:29263:!! Found smaller !!!! 3 4
INFO:root:29263:XX add new best (7, 2) is not 5 3 3
INFO:root:29263:!! Found smaller !!!! 3 4
INFO:root:29263:XX add new best (7, 2) is not 5 3 3
INFO:root:29263:!! Found smaller !!!! 3 4
INFO:root:29263:XX add new best (7, 2) is not 5 3 3
INFO:root:29263:!! Found smaller !!!! 3 4
INFO:root:29263:XX add new best (7, 9) is not 2 3 3
INFO:root:29263:!! Found smaller !!!! 3 4
INFO:root:29263:XX add new best (7, 9) is not 2 3 3
INFO:root:29263:!! Found smaller !!!! 3 4
INFO:root:29263:XX add new best (7, 2) is not 5 3 3
INFO:root:29264:!! Found smaller !!!! 3 4
INFO:root:29264:XX add new best (7, 2) is not 5 3 3
INFO:root:29264:!! Found smaller !!!! 3 4
INFO:root:29264:XX add new best (7, 2) is not 5 3 3
INFO:root:29264:!! Found smaller !!!! 3 4
INFO:root:29264:XX add new best (7, 2) is not 5 3 3
INFO:root:29264:!! Found smaller !!!! 3 4
INFO:root:29264:XX add new best (7, 9) is not 2 3 3
INFO:root:29264:!! Found smaller !!!! 3 4
INFO:root:29264:XX add new best (7, 2) is not 5 3 3
INFO:root:29264:!! Found smaller !!!! 3 4
INFO:root:29264:XX add new best (7, 2) is not 5 3 3
INFO:root:29264:!! Found smaller !!!! 3 4
INFO:root:29264:XX add new best (7, 2) is not 5 3 3
INFO:root:29264:!! Found smaller !!!! 3 4
INFO:root:29265:XX add new best (7, 9) is not 2 3 3
INFO:root:29265:!! Found smaller !!!! 3 4
INFO:root:29265:XX add new best (7, 2) is not 5 3 3
INFO:root:29265:!! Found smaller !!!! 3 4
INFO:root:29265:XX add new best (7, 2) is not 5 3 3
INFO:root:29265:!! Found smaller !!!! 3 4
INFO:root:29265:XX add new best (7, 9) is not 2 3 3
INFO:root:29265:!! Found smaller !!!! 3 4
INFO:root:29265:XX add new best (7, 2) is not 5 3 3
INFO:root:29265:!! Found smaller !!!! 3 4
INFO:root:29265:XX add new best (7, 2) is not 5 3 3
INFO:root:29265:!! Found smaller !!!! 3 4
INFO:root:29265:XX add new best (7, 9) is not 2 3 3
INFO:root:29265:!! Found smaller !!!! 3 4
INFO:root:29266:XX add new best (7, 2) is not 5 3 3
INFO:root:29266:!! Found smaller !!!! 3 4
INFO:root:29266:XX add new best (7, 2) is not 5 3 3
INFO:root:29266:!! Found smaller !!!! 3 4
INFO:root:29266:XX add new best (7, 2) is not 5 3 3
INFO:root:29266:!! Found smaller !!!! 3 4
INFO:root:29266:XX add new best (7, 9) is not 2 3 3
INFO:root:29266:!! Found smaller !!!! 3 4
INFO:root:29266:XX add new best (7, 2) is not 5 3 3
INFO:root:29266:!! Found smaller !!!! 3 4
INFO:root:29266:XX add new best (7, 9) is not 2 3 3
INFO:root:29266:!! Found smaller !!!! 3 4
INFO:root:29266:XX add new best (7, 2) is not 5 3 3
INFO:root:29266:!! Found smaller !!!! 3 4
INFO:root:29266:XX add new best (7, 9) is not 2 3 3
INFO:root:29267:!! Found smaller !!!! 3 4
INFO:root:29267:XX add new best (7, 2) is not 5 3 3
INFO:root:29267:!! Found smaller !!!! 3 4
INFO:root:29267:XX add new best (7, 2) is not 5 3 3
INFO:root:29267:!! Found smaller !!!! 3 4
INFO:root:29267:XX add new best (7, 9) is not 2 3 3
INFO:root:29267:!! Found smaller !!!! 3 4
INFO:root:29267:XX add new best (7, 9) is not 2 3 3
INFO:root:29267:!! Found smaller !!!! 3 4
INFO:root:29267:XX add new best (7, 2) is not 5 3 3
INFO:root:29267:!! Found smaller !!!! 3 4
INFO:root:29267:XX add new best (7, 2) is not 5 3 3
INFO:root:29267:!! Found smaller !!!! 3 4
INFO:root:29267:XX add new best (7, 2) is not 5 3 3
INFO:root:29267:!! Found smaller !!!! 3 4
INFO:root:29267:XX add new best (7, 2) is not 5 3 3
INFO:root:29267:!! Found smaller !!!! 3 4
INFO:root:29268:XX add new best (7, 2) is not 5 3 3
INFO:root:29268:!! Found smaller !!!! 3 4
INFO:root:29268:XX add new best (7, 2) is not 5 3 3
INFO:root:29268:!! Found smaller !!!! 3 4
INFO:root:29268:XX add new best (7, 9) is not 2 3 3
INFO:root:29268:!! Found smaller !!!! 3 4
INFO:root:29268:XX add new best (7, 2) is not 5 3 3
INFO:root:29268:!! Found smaller !!!! 3 4
INFO:root:29268:XX add new best (7, 2) is not 5 3 3
INFO:root:29268:!! Found smaller !!!! 3 4
INFO:root:29268:XX add new best (7, 9) is not 2 3 3
INFO:root:29268:!! Found smaller !!!! 3 4
INFO:root:29268:XX add new best (7, 9) is not 2 3 3
INFO:root:29268:!! Found smaller !!!! 3 4
INFO:root:29268:XX add new best (7, 2) is not 5 3 3
INFO:root:29268:!! Found smaller !!!! 3 4
INFO:root:29269:XX add new best (7, 2) is not 5 3 3
INFO:root:29269:!! Found smaller !!!! 3 4
INFO:root:29269:XX add new best (7, 9) is not 2 3 3
INFO:root:29269:!! Found smaller !!!! 3 4
INFO:root:29269:XX add new best (7, 2) is not 5 3 3
INFO:root:29269:!! Found smaller !!!! 3 4
INFO:root:29269:XX add new best (7, 2) is not 5 3 3
INFO:root:29269:!! Found smaller !!!! 3 4
INFO:root:29269:XX add new best (7, 2) is not 5 3 3
INFO:root:29269:!! Found smaller !!!! 3 4
INFO:root:29269:XX add new best (7, 9) is not 2 3 3
INFO:root:29269:!! Found smaller !!!! 3 4
INFO:root:29269:XX add new best (7, 2) is not 5 3 3
INFO:root:29269:!! Found smaller !!!! 3 4
INFO:root:29269:XX add new best (7, 2) is not 5 3 3
INFO:root:29270:!! Found smaller !!!! 3 4
INFO:root:29270:XX add new best (7, 2) is not 5 3 3
INFO:root:29356:Minimal choices : 2 [(7, 2) is not 5, (7, 9) is not 2]
INFO:root:29357:Starting Step 17
INFO:root:29921:Current state [[[[4], [7], [1, 2], [9], [5], [3], [1, 2], [6], [8]], [[6], [8], [9], [1], [7], [2], [4], [3], [5]], [[1, 2, 3], [1, 2, 3], [5], [8], [4, 6], [4, 6], [7], [1, 2], [9]], [[3, 5], [4], [7], [2], [8], [5, 6], [3, 6], [9], [1]], [[9], [2, 3, 5], [6], [3, 5], [1], [7], [8], [4], [2, 3]], [[8], [1, 2, 3], [1, 2, 3], [4], [3, 6], [9], [5], [7], [2, 3, 6]], [[7], [1, 2, 3, 5, 6], [4], [3, 5], [2, 3], [1, 5], [9], [8], [2, 3, 6]], [[1, 2, 3, 5], [1, 2, 3, 5, 6], [1, 2, 3], [7], [9], [8], [1, 2, 6], [1, 2], [4]], [[1, 2, 3], [9], [8], [6], [2, 3, 4], [1, 4], [1, 2, 3], [5], [7]]]]
INFO:root:29921:Doing checkSmall1
INFO:root:29921:Getting tiny MUSes, distance 1, for 82 puzlits, 1 repeats
INFO:root:29959:Chunked 82 in [6, 6, 5, 5, 5, 5, 5, 5, 5, 5, 5, 5, 5, 5, 5, 5]
INFO:root:30033:Chunked 66 in [5, 5, 4, 4, 4, 4, 4, 4, 4, 4, 4, 4, 4, 4, 4, 4]
INFO:root:30068:XX found first (7, 9) is not 2 3
INFO:root:30068:XX found first (7, 2) is not 5 3
INFO:root:30068:XX add new best (7, 9) is not 2 3 3
INFO:root:30068:XX add new best (7, 2) is not 5 3 3
INFO:root:30068:XX add new best (7, 9) is not 2 3 3
INFO:root:30068:XX add new best (7, 2) is not 5 3 3
INFO:root:30068:XX add new best (7, 9) is not 2 3 3
INFO:root:30068:XX add new best (7, 2) is not 5 3 3
INFO:root:30068:XX add new best (7, 9) is not 2 3 3
INFO:root:30068:XX add new best (7, 2) is not 5 3 3
INFO:root:30069:XX add new best (7, 2) is not 5 3 3
INFO:root:30069:XX add new best (7, 9) is not 2 3 3
INFO:root:30069:XX add new best (7, 2) is not 5 3 3
INFO:root:30069:XX add new best (7, 9) is not 2 3 3
INFO:root:30069:XX add new best (7, 2) is not 5 3 3
INFO:root:30069:XX add new best (7, 2) is not 5 3 3
INFO:root:30069:XX add new best (7, 9) is not 2 3 3
INFO:root:30069:XX add new best (7, 2) is not 5 3 3
INFO:root:30069:XX add new best (7, 2) is not 5 3 3
INFO:root:30069:XX add new best (7, 9) is not 2 3 3
INFO:root:30069:XX add new best (7, 2) is not 5 3 3
INFO:root:30069:XX add new best (7, 2) is not 5 3 3
INFO:root:30069:XX add new best (7, 9) is not 2 3 3
INFO:root:30069:XX add new best (7, 2) is not 5 3 3
INFO:root:30070:XX add new best (7, 9) is not 2 3 3
INFO:root:30070:XX add new best (7, 2) is not 5 3 3
INFO:root:30070:XX add new best (7, 2) is not 5 3 3
INFO:root:30070:XX add new best (7, 2) is not 5 3 3
INFO:root:30070:XX add new best (7, 2) is not 5 3 3
INFO:root:30070:XX add new best (7, 2) is not 5 3 3
INFO:root:30070:XX add new best (7, 2) is not 5 3 3
INFO:root:30070:XX add new best (7, 2) is not 5 3 3
INFO:root:30070:XX add new best (7, 9) is not 2 3 3
INFO:root:30070:XX add new best (7, 2) is not 5 3 3
INFO:root:30070:XX add new best (7, 9) is not 2 3 3
INFO:root:30070:XX add new best (7, 2) is not 5 3 3
INFO:root:30070:XX add new best (7, 2) is not 5 3 3
INFO:root:30070:XX add new best (7, 2) is not 5 3 3
INFO:root:30070:XX add new best (7, 2) is not 5 3 3
INFO:root:30071:XX add new best (7, 2) is not 5 3 3
INFO:root:30071:XX add new best (7, 2) is not 5 3 3
INFO:root:30071:XX add new best (7, 2) is not 5 3 3
INFO:root:30071:XX add new best (7, 9) is not 2 3 3
INFO:root:30071:XX add new best (7, 2) is not 5 3 3
INFO:root:30071:XX add new best (7, 2) is not 5 3 3
INFO:root:30071:XX add new best (7, 2) is not 5 3 3
INFO:root:30071:XX add new best (7, 2) is not 5 3 3
INFO:root:30071:XX add new best (7, 9) is not 2 3 3
INFO:root:30071:XX add new best (7, 2) is not 5 3 3
INFO:root:30071:XX add new best (7, 2) is not 5 3 3
INFO:root:30071:XX add new best (7, 2) is not 5 3 3
INFO:root:30071:XX add new best (7, 9) is not 2 3 3
INFO:root:30071:XX add new best (7, 2) is not 5 3 3
INFO:root:30072:XX add new best (7, 9) is not 2 3 3
INFO:root:30072:XX add new best (7, 2) is not 5 3 3
INFO:root:30072:XX add new best (7, 9) is not 2 3 3
INFO:root:30072:XX add new best (7, 2) is not 5 3 3
INFO:root:30072:XX add new best (7, 2) is not 5 3 3
INFO:root:30072:XX add new best (7, 9) is not 2 3 3
INFO:root:30072:XX add new best (7, 9) is not 2 3 3
INFO:root:30072:XX add new best (7, 9) is not 2 3 3
INFO:root:30072:XX add new best (7, 2) is not 5 3 3
INFO:root:30072:XX add new best (7, 2) is not 5 3 3
INFO:root:30072:XX add new best (7, 9) is not 2 3 3
INFO:root:30072:XX add new best (7, 2) is not 5 3 3
INFO:root:30072:XX add new best (7, 2) is not 5 3 3
INFO:root:30120:Considering 100 * 82 jobs for minsize=3
INFO:root:30138:Chunked 8200 in [513, 513, 513, 513, 513, 513, 513, 513, 512, 512, 512, 512, 512, 512, 512, 512]
INFO:root:36111:Minimal choices : 2 [(7, 2) is not 5, (7, 9) is not 2]
INFO:root:36112:Starting Step 18
INFO:root:36674:Current state [[[[4], [7], [1, 2], [9], [5], [3], [1, 2], [6], [8]], [[6], [8], [9], [1], [7], [2], [4], [3], [5]], [[1, 2, 3], [1, 2, 3], [5], [8], [4, 6], [4, 6], [7], [1, 2], [9]], [[3, 5], [4], [7], [2], [8], [5, 6], [3, 6], [9], [1]], [[9], [2, 3, 5], [6], [3, 5], [1], [7], [8], [4], [2]], [[8], [1, 2, 3], [1, 2, 3], [4], [3, 6], [9], [5], [7], [2, 3, 6]], [[7], [1, 2, 3, 5, 6], [4], [3, 5], [2, 3], [1, 5], [9], [8], [2, 3, 6]], [[1, 2, 3, 5], [1, 2, 3, 5, 6], [1, 2, 3], [7], [9], [8], [1, 2, 6], [1, 2], [4]], [[1, 2, 3], [9], [8], [6], [2, 3, 4], [1, 4], [1, 2, 3], [5], [7]]]]
INFO:root:36674:Doing checkSmall1
INFO:root:36674:Getting tiny MUSes, distance 1, for 81 puzlits, 1 repeats
INFO:root:36711:Chunked 81 in [6, 5, 5, 5, 5, 5, 5, 5, 5, 5, 5, 5, 5, 5, 5, 5]
INFO:root:36732:XX found first (5, 9) is 2 1
INFO:root:36744:Early exit from checkSmall1
INFO:root:36756:Starting Step 19
INFO:root:37319:Current state [[[[4], [7], [1, 2], [9], [5], [3], [1, 2], [6], [8]], [[6], [8], [9], [1], [7], [2], [4], [3], [5]], [[1, 2, 3], [1, 2, 3], [5], [8], [4, 6], [4, 6], [7], [1, 2], [9]], [[3, 5], [4], [7], [2], [8], [5, 6], [3, 6], [9], [1]], [[9], [2, 3, 5], [6], [3, 5], [1], [7], [8], [4], [2]], [[8], [1, 2, 3], [1, 2, 3], [4], [3, 6], [9], [5], [7], [2, 3, 6]], [[7], [1, 2, 3, 5, 6], [4], [3, 5], [2, 3], [1, 5], [9], [8], [2, 3, 6]], [[1, 2, 3, 5], [1, 2, 3, 5, 6], [1, 2, 3], [7], [9], [8], [1, 2, 6], [1, 2], [4]], [[1, 2, 3], [9], [8], [6], [2, 3, 4], [1, 4], [1, 2, 3], [5], [7]]]]
INFO:root:37320:Doing checkSmall1
INFO:root:37320:Getting tiny MUSes, distance 1, for 80 puzlits, 1 repeats
INFO:root:37356:Chunked 80 in [5, 5, 5, 5, 5, 5, 5, 5, 5, 5, 5, 5, 5, 5, 5, 5]
INFO:root:37380:XX found first (5, 2) is not 2 1
INFO:root:37381:XX found first (6, 9) is not 2 1
INFO:root:37381:XX found first (7, 9) is not 2 1
INFO:root:37393:Early exit from checkSmall1
INFO:root:37402:Starting Step 20
INFO:root:37962:Current state [[[[4], [7], [1, 2], [9], [5], [3], [1, 2], [6], [8]], [[6], [8], [9], [1], [7], [2], [4], [3], [5]], [[1, 2, 3], [1, 2, 3], [5], [8], [4, 6], [4, 6], [7], [1, 2], [9]], [[3, 5], [4], [7], [2], [8], [5, 6], [3, 6], [9], [1]], [[9], [3, 5], [6], [3, 5], [1], [7], [8], [4], [2]], [[8], [1, 2, 3], [1, 2, 3], [4], [3, 6], [9], [5], [7], [3, 6]], [[7], [1, 2, 3, 5, 6], [4], [3, 5], [2, 3], [1, 5], [9], [8], [3, 6]], [[1, 2, 3, 5], [1, 2, 3, 5, 6], [1, 2, 3], [7], [9], [8], [1, 2, 6], [1, 2], [4]], [[1, 2, 3], [9], [8], [6], [2, 3, 4], [1, 4], [1, 2, 3], [5], [7]]]]
INFO:root:37962:Doing checkSmall1
INFO:root:37962:Getting tiny MUSes, distance 1, for 77 puzlits, 1 repeats
INFO:root:37998:Chunked 77 in [5, 5, 5, 5, 5, 5, 5, 5, 5, 5, 5, 5, 5, 4, 4, 4]
INFO:root:38068:Chunked 44 in [3, 3, 3, 3, 3, 3, 3, 3, 3, 3, 3, 3, 2, 2, 2, 2]
INFO:root:38101:XX found first (7, 2) is not 5 3
INFO:root:38102:XX add new best (7, 2) is not 5 3 3
INFO:root:38102:XX add new best (7, 2) is not 5 3 3
INFO:root:38102:XX add new best (7, 2) is not 5 3 3
INFO:root:38102:XX add new best (7, 2) is not 5 3 3
INFO:root:38102:XX add new best (7, 2) is not 5 3 3
INFO:root:38102:XX add new best (7, 2) is not 5 3 3
INFO:root:38102:XX add new best (7, 2) is not 5 3 3
INFO:root:38102:XX add new best (7, 2) is not 5 3 3
INFO:root:38102:XX add new best (7, 2) is not 5 3 3
INFO:root:38102:XX add new best (7, 2) is not 5 3 3
INFO:root:38102:XX add new best (7, 2) is not 5 3 3
INFO:root:38102:XX add new best (7, 2) is not 5 3 3
INFO:root:38102:XX add new best (7, 2) is not 5 3 3
INFO:root:38103:XX add new best (7, 2) is not 5 3 3
INFO:root:38103:XX add new best (7, 2) is not 5 3 3
INFO:root:38103:XX add new best (7, 2) is not 5 3 3
INFO:root:38103:XX add new best (7, 2) is not 5 3 3
INFO:root:38103:XX add new best (7, 2) is not 5 3 3
INFO:root:38103:XX add new best (7, 2) is not 5 3 3
INFO:root:38103:XX add new best (7, 2) is not 5 3 3
INFO:root:38103:XX add new best (7, 2) is not 5 3 3
INFO:root:38103:XX add new best (7, 2) is not 5 3 3
INFO:root:38103:XX add new best (7, 2) is not 5 3 3
INFO:root:38103:XX add new best (7, 2) is not 5 3 3
INFO:root:38103:XX add new best (7, 2) is not 5 3 3
INFO:root:38103:XX add new best (7, 2) is not 5 3 3
INFO:root:38104:XX add new best (7, 2) is not 5 3 3
INFO:root:38104:XX add new best (7, 2) is not 5 3 3
INFO:root:38104:XX add new best (7, 2) is not 5 3 3
INFO:root:38104:XX add new best (7, 2) is not 5 3 3
INFO:root:38104:XX add new best (7, 2) is not 5 3 3
INFO:root:38104:XX add new best (7, 2) is not 5 3 3
INFO:root:38104:XX add new best (7, 2) is not 5 3 3
INFO:root:38104:XX add new best (7, 2) is not 5 3 3
INFO:root:38104:XX add new best (7, 2) is not 5 3 3
INFO:root:38104:XX add new best (7, 2) is not 5 3 3
INFO:root:38104:XX add new best (7, 2) is not 5 3 3
INFO:root:38104:XX add new best (7, 2) is not 5 3 3
INFO:root:38104:XX add new best (7, 2) is not 5 3 3
INFO:root:38104:XX add new best (7, 2) is not 5 3 3
INFO:root:38105:XX add new best (7, 2) is not 5 3 3
INFO:root:38105:XX add new best (7, 2) is not 5 3 3
INFO:root:38105:XX add new best (7, 2) is not 5 3 3
INFO:root:38153:Considering 100 * 77 jobs for minsize=3
INFO:root:38170:Chunked 7700 in [482, 482, 482, 482, 481, 481, 481, 481, 481, 481, 481, 481, 481, 481, 481, 481]
INFO:root:43706:Minimal choices : 1 [(7, 2) is not 5]
INFO:root:43707:Starting Step 21
INFO:root:44268:Current state [[[[4], [7], [1, 2], [9], [5], [3], [1, 2], [6], [8]], [[6], [8], [9], [1], [7], [2], [4], [3], [5]], [[1, 2, 3], [1, 2, 3], [5], [8], [4, 6], [4, 6], [7], [1, 2], [9]], [[3, 5], [4], [7], [2], [8], [5, 6], [3, 6], [9], [1]], [[9], [3, 5], [6], [3, 5], [1], [7], [8], [4], [2]], [[8], [1, 2], [1, 2, 3], [4], [3, 6], [9], [5], [7], [3, 6]], [[7], [1, 2, 3, 5, 6], [4], [3, 5], [2, 3], [1, 5], [9], [8], [3, 6]], [[1, 2, 3, 5], [1, 2, 3, 5, 6], [1, 2, 3], [7], [9], [8], [1, 2, 6], [1, 2], [4]], [[1, 2, 3], [9], [8], [6], [2, 3, 4], [1, 4], [1, 2, 3], [5], [7]]]]
INFO:root:44269:Doing checkSmall1
INFO:root:44269:Getting tiny MUSes, distance 1, for 76 puzlits, 1 repeats
INFO:root:44306:Chunked 76 in [5, 5, 5, 5, 5, 5, 5, 5, 5, 5, 5, 5, 4, 4, 4, 4]
INFO:root:44374:Chunked 44 in [3, 3, 3, 3, 3, 3, 3, 3, 3, 3, 3, 3, 2, 2, 2, 2]
INFO:root:44400:XX found first (7, 2) is not 5 3
INFO:root:44400:XX add new best (7, 2) is not 5 3 3
INFO:root:44400:XX add new best (7, 2) is not 5 3 3
INFO:root:44400:XX add new best (7, 2) is not 5 3 3
INFO:root:44400:XX add new best (7, 2) is not 5 3 3
INFO:root:44400:XX add new best (7, 2) is not 5 3 3
INFO:root:44400:XX add new best (7, 2) is not 5 3 3
INFO:root:44400:XX add new best (7, 2) is not 5 3 3
INFO:root:44400:XX add new best (7, 2) is not 5 3 3
INFO:root:44401:XX add new best (7, 2) is not 5 3 3
INFO:root:44401:XX add new best (7, 2) is not 5 3 3
INFO:root:44401:XX add new best (7, 2) is not 5 3 3
INFO:root:44401:XX add new best (7, 2) is not 5 3 3
INFO:root:44401:XX add new best (7, 2) is not 5 3 3
INFO:root:44401:XX add new best (7, 2) is not 5 3 3
INFO:root:44401:XX add new best (7, 2) is not 5 3 3
INFO:root:44401:XX add new best (7, 2) is not 5 3 3
INFO:root:44401:XX add new best (7, 2) is not 5 3 3
INFO:root:44401:XX add new best (7, 2) is not 5 3 3
INFO:root:44401:XX add new best (7, 2) is not 5 3 3
INFO:root:44401:XX add new best (7, 2) is not 5 3 3
INFO:root:44401:XX add new best (7, 2) is not 5 3 3
INFO:root:44401:XX add new best (7, 2) is not 5 3 3
INFO:root:44402:XX add new best (7, 2) is not 5 3 3
INFO:root:44402:XX add new best (7, 2) is not 5 3 3
INFO:root:44402:XX add new best (7, 2) is not 5 3 3
INFO:root:44402:XX add new best (7, 2) is not 5 3 3
INFO:root:44402:XX add new best (7, 2) is not 5 3 3
INFO:root:44402:XX add new best (7, 2) is not 5 3 3
INFO:root:44402:XX add new best (7, 2) is not 5 3 3
INFO:root:44402:XX add new best (7, 2) is not 5 3 3
INFO:root:44402:XX add new best (7, 2) is not 5 3 3
INFO:root:44402:XX add new best (7, 2) is not 5 3 3
INFO:root:44402:XX add new best (7, 2) is not 5 3 3
INFO:root:44402:XX add new best (7, 2) is not 5 3 3
INFO:root:44402:XX add new best (7, 2) is not 5 3 3
INFO:root:44403:XX add new best (7, 2) is not 5 3 3
INFO:root:44403:XX add new best (7, 2) is not 5 3 3
INFO:root:44403:XX add new best (7, 2) is not 5 3 3
INFO:root:44403:XX add new best (7, 2) is not 5 3 3
INFO:root:44403:XX add new best (7, 2) is not 5 3 3
INFO:root:44403:XX add new best (7, 2) is not 5 3 3
INFO:root:44403:XX add new best (7, 2) is not 5 3 3
INFO:root:44403:XX add new best (7, 2) is not 5 3 3
INFO:root:44452:Considering 100 * 76 jobs for minsize=3
INFO:root:44469:Chunked 7600 in [475, 475, 475, 475, 475, 475, 475, 475, 475, 475, 475, 475, 475, 475, 475, 475]
INFO:root:49860:Minimal choices : 1 [(7, 2) is not 5]
INFO:root:49860:Starting Step 22
INFO:root:50422:Current state [[[[4], [7], [1, 2], [9], [5], [3], [1, 2], [6], [8]], [[6], [8], [9], [1], [7], [2], [4], [3], [5]], [[1, 2, 3], [1, 2, 3], [5], [8], [4, 6], [4, 6], [7], [1, 2], [9]], [[3, 5], [4], [7], [2], [8], [5, 6], [3, 6], [9], [1]], [[9], [3, 5], [6], [3, 5], [1], [7], [8], [4], [2]], [[8], [1, 2], [1, 2], [4], [3, 6], [9], [5], [7], [3, 6]], [[7], [1, 2, 3, 5, 6], [4], [3, 5], [2, 3], [1, 5], [9], [8], [3, 6]], [[1, 2, 3, 5], [1, 2, 3, 5, 6], [1, 2, 3], [7], [9], [8], [1, 2, 6], [1, 2], [4]], [[1, 2, 3], [9], [8], [6], [2, 3, 4], [1, 4], [1, 2, 3], [5], [7]]]]
INFO:root:50422:Doing checkSmall1
INFO:root:50422:Getting tiny MUSes, distance 1, for 75 puzlits, 1 repeats
INFO:root:50459:Chunked 75 in [5, 5, 5, 5, 5, 5, 5, 5, 5, 5, 5, 4, 4, 4, 4, 4]
INFO:root:50478:XX found first (8, 3) is 3 1
INFO:root:50491:Early exit from checkSmall1
INFO:root:50503:Starting Step 23
INFO:root:51075:Current state [[[[4], [7], [1, 2], [9], [5], [3], [1, 2], [6], [8]], [[6], [8], [9], [1], [7], [2], [4], [3], [5]], [[1, 2, 3], [1, 2, 3], [5], [8], [4, 6], [4, 6], [7], [1, 2], [9]], [[3, 5], [4], [7], [2], [8], [5, 6], [3, 6], [9], [1]], [[9], [3, 5], [6], [3, 5], [1], [7], [8], [4], [2]], [[8], [1, 2], [1, 2], [4], [3, 6], [9], [5], [7], [3, 6]], [[7], [1, 2, 3, 5, 6], [4], [3, 5], [2, 3], [1, 5], [9], [8], [3, 6]], [[1, 2, 3, 5], [1, 2, 3, 5, 6], [3], [7], [9], [8], [1, 2, 6], [1, 2], [4]], [[1, 2, 3], [9], [8], [6], [2, 3, 4], [1, 4], [1, 2, 3], [5], [7]]]]
INFO:root:51075:Doing checkSmall1
INFO:root:51075:Getting tiny MUSes, distance 1, for 74 puzlits, 1 repeats
INFO:root:51112:Chunked 74 in [5, 5, 5, 5, 5, 5, 5, 5, 5, 5, 4, 4, 4, 4, 4, 4]
INFO:root:51131:XX found first (8, 1) is not 3 1
INFO:root:51131:XX found first (7, 2) is not 3 1
INFO:root:51131:XX found first (9, 1) is not 3 1
INFO:root:51131:XX found first (8, 2) is not 3 1
INFO:root:51131:XX found first (8, 3) is not 1 1
INFO:root:51131:XX found first (8, 3) is not 2 1
INFO:root:51144:Early exit from checkSmall1
INFO:root:51152:Starting Step 24
INFO:root:51725:Current state [[[[4], [7], [1, 2], [9], [5], [3], [1, 2], [6], [8]], [[6], [8], [9], [1], [7], [2], [4], [3], [5]], [[1, 2, 3], [1, 2, 3], [5], [8], [4, 6], [4, 6], [7], [1, 2], [9]], [[3, 5], [4], [7], [2], [8], [5, 6], [3, 6], [9], [1]], [[9], [3, 5], [6], [3, 5], [1], [7], [8], [4], [2]], [[8], [1, 2], [1, 2], [4], [3, 6], [9], [5], [7], [3, 6]], [[7], [1, 2, 5, 6], [4], [3, 5], [2, 3], [1, 5], [9], [8], [3, 6]], [[1, 2, 5], [1, 2, 5, 6], [3], [7], [9], [8], [1, 2, 6], [1, 2], [4]], [[1, 2], [9], [8], [6], [2, 3, 4], [1, 4], [1, 2, 3], [5], [7]]]]
INFO:root:51725:Doing checkSmall1
INFO:root:51725:Getting tiny MUSes, distance 1, for 68 puzlits, 1 repeats
INFO:root:51764:Chunked 68 in [5, 5, 5, 5, 4, 4, 4, 4, 4, 4, 4, 4, 4, 4, 4, 4]
INFO:root:51836:Chunked 44 in [3, 3, 3, 3, 3, 3, 3, 3, 3, 3, 3, 3, 2, 2, 2, 2]
INFO:root:51862:XX found first (7, 2) is not 5 3
INFO:root:51862:XX add new best (7, 2) is not 5 3 3
INFO:root:51862:XX add new best (7, 2) is not 5 3 3
INFO:root:51862:XX add new best (7, 2) is not 5 3 3
INFO:root:51862:XX add new best (7, 2) is not 5 3 3
INFO:root:51863:XX add new best (7, 2) is not 5 3 3
INFO:root:51863:XX add new best (7, 2) is not 5 3 3
INFO:root:51863:XX add new best (7, 2) is not 5 3 3
INFO:root:51863:XX add new best (7, 2) is not 5 3 3
INFO:root:51863:XX add new best (7, 2) is not 5 3 3
INFO:root:51863:XX add new best (7, 2) is not 5 3 3
INFO:root:51863:XX add new best (7, 2) is not 5 3 3
INFO:root:51863:XX add new best (7, 2) is not 5 3 3
INFO:root:51863:XX add new best (7, 2) is not 5 3 3
INFO:root:51863:XX add new best (7, 2) is not 5 3 3
INFO:root:51863:XX add new best (7, 2) is not 5 3 3
INFO:root:51863:XX add new best (7, 2) is not 5 3 3
INFO:root:51863:XX add new best (7, 2) is not 5 3 3
INFO:root:51864:XX add new best (7, 2) is not 5 3 3
INFO:root:51864:XX add new best (7, 2) is not 5 3 3
INFO:root:51864:XX add new best (7, 2) is not 5 3 3
INFO:root:51864:XX add new best (7, 2) is not 5 3 3
INFO:root:51864:XX add new best (7, 2) is not 5 3 3
INFO:root:51864:XX add new best (7, 2) is not 5 3 3
INFO:root:51864:XX add new best (7, 2) is not 5 3 3
INFO:root:51864:XX add new best (7, 2) is not 5 3 3
INFO:root:51864:XX add new best (7, 2) is not 5 3 3
INFO:root:51864:XX add new best (7, 2) is not 5 3 3
INFO:root:51864:XX add new best (7, 2) is not 5 3 3
INFO:root:51864:XX add new best (7, 2) is not 5 3 3
INFO:root:51864:XX add new best (7, 2) is not 5 3 3
INFO:root:51864:XX add new best (7, 2) is not 5 3 3
INFO:root:51865:XX add new best (7, 2) is not 5 3 3
INFO:root:51865:XX add new best (7, 2) is not 5 3 3
INFO:root:51865:XX add new best (7, 2) is not 5 3 3
INFO:root:51865:XX add new best (7, 2) is not 5 3 3
INFO:root:51865:XX add new best (7, 2) is not 5 3 3
INFO:root:51865:XX add new best (7, 2) is not 5 3 3
INFO:root:51865:XX add new best (7, 2) is not 5 3 3
INFO:root:51865:XX add new best (7, 2) is not 5 3 3
INFO:root:51865:XX add new best (7, 2) is not 5 3 3
INFO:root:51865:XX add new best (7, 2) is not 5 3 3
INFO:root:51865:XX add new best (7, 2) is not 5 3 3
INFO:root:51865:XX add new best (7, 2) is not 5 3 3
INFO:root:51914:Considering 100 * 68 jobs for minsize=3
INFO:root:51929:Chunked 6800 in [425, 425, 425, 425, 425, 425, 425, 425, 425, 425, 425, 425, 425, 425, 425, 425]
INFO:root:56974:Minimal choices : 1 [(7, 2) is not 5]
INFO:root:56975:Starting Step 25
INFO:root:57545:Current state [[[[4], [7], [1, 2], [9], [5], [3], [1, 2], [6], [8]], [[6], [8], [9], [1], [7], [2], [4], [3], [5]], [[1, 2, 3], [1, 2, 3], [5], [8], [4, 6], [4, 6], [7], [1, 2], [9]], [[3, 5], [4], [7], [2], [8], [5, 6], [3, 6], [9], [1]], [[9], [3, 5], [6], [3, 5], [1], [7], [8], [4], [2]], [[8], [1, 2], [1, 2], [4], [3, 6], [9], [5], [7], [3, 6]], [[7], [1, 2, 5, 6], [4], [3, 5], [2, 3], [1, 5], [9], [8], [3, 6]], [[1, 2, 5], [1, 2, 5, 6], [3], [7], [9], [8], [1, 2, 6], [1, 2], [4]], [[1, 2], [9], [8], [6], [2, 4], [1, 4], [1, 2, 3], [5], [7]]]]
INFO:root:57545:Doing checkSmall1
INFO:root:57545:Getting tiny MUSes, distance 1, for 67 puzlits, 1 repeats
INFO:root:57582:Chunked 67 in [5, 5, 5, 4, 4, 4, 4, 4, 4, 4, 4, 4, 4, 4, 4, 4]
INFO:root:57602:XX found first (9, 7) is 3 1
INFO:root:57615:Early exit from checkSmall1
INFO:root:57627:Starting Step 26
INFO:root:58197:Current state [[[[4], [7], [1, 2], [9], [5], [3], [1, 2], [6], [8]], [[6], [8], [9], [1], [7], [2], [4], [3], [5]], [[1, 2, 3], [1, 2, 3], [5], [8], [4, 6], [4, 6], [7], [1, 2], [9]], [[3, 5], [4], [7], [2], [8], [5, 6], [3, 6], [9], [1]], [[9], [3, 5], [6], [3, 5], [1], [7], [8], [4], [2]], [[8], [1, 2], [1, 2], [4], [3, 6], [9], [5], [7], [3, 6]], [[7], [1, 2, 5, 6], [4], [3, 5], [2, 3], [1, 5], [9], [8], [3, 6]], [[1, 2, 5], [1, 2, 5, 6], [3], [7], [9], [8], [1, 2, 6], [1, 2], [4]], [[1, 2], [9], [8], [6], [2, 4], [1, 4], [3], [5], [7]]]]
INFO:root:58197:Doing checkSmall1
INFO:root:58197:Getting tiny MUSes, distance 1, for 66 puzlits, 1 repeats
INFO:root:58233:Chunked 66 in [5, 5, 4, 4, 4, 4, 4, 4, 4, 4, 4, 4, 4, 4, 4, 4]
INFO:root:58253:XX found first (7, 9) is not 3 1
INFO:root:58253:XX found first (9, 7) is not 1 1
INFO:root:58253:XX found first (9, 7) is not 2 1
INFO:root:58253:XX found first (4, 7) is not 3 1
INFO:root:58266:Early exit from checkSmall1
INFO:root:58275:Starting Step 27
INFO:root:58848:Current state [[[[4], [7], [1, 2], [9], [5], [3], [1, 2], [6], [8]], [[6], [8], [9], [1], [7], [2], [4], [3], [5]], [[1, 2, 3], [1, 2, 3], [5], [8], [4, 6], [4, 6], [7], [1, 2], [9]], [[3, 5], [4], [7], [2], [8], [5, 6], [6], [9], [1]], [[9], [3, 5], [6], [3, 5], [1], [7], [8], [4], [2]], [[8], [1, 2], [1, 2], [4], [3, 6], [9], [5], [7], [3, 6]], [[7], [1, 2, 5, 6], [4], [3, 5], [2, 3], [1, 5], [9], [8], [6]], [[1, 2, 5], [1, 2, 5, 6], [3], [7], [9], [8], [1, 2, 6], [1, 2], [4]], [[1, 2], [9], [8], [6], [2, 4], [1, 4], [3], [5], [7]]]]
INFO:root:58849:Doing checkSmall1
INFO:root:58849:Getting tiny MUSes, distance 1, for 62 puzlits, 1 repeats
INFO:root:58885:Chunked 62 in [4, 4, 4, 4, 4, 4, 4, 4, 4, 4, 4, 4, 4, 4, 3, 3]
INFO:root:58901:XX found first (6, 9) is 3 1
INFO:root:58902:XX found first (4, 7) is 6 1
INFO:root:58902:XX found first (7, 9) is 6 1
INFO:root:58902:XX found first (4, 1) is 3 1
INFO:root:58915:Early exit from checkSmall1
INFO:root:58935:Starting Step 28
INFO:root:59507:Current state [[[[4], [7], [1, 2], [9], [5], [3], [1, 2], [6], [8]], [[6], [8], [9], [1], [7], [2], [4], [3], [5]], [[1, 2, 3], [1, 2, 3], [5], [8], [4, 6], [4, 6], [7], [1, 2], [9]], [[3], [4], [7], [2], [8], [5, 6], [6], [9], [1]], [[9], [3, 5], [6], [3, 5], [1], [7], [8], [4], [2]], [[8], [1, 2], [1, 2], [4], [3, 6], [9], [5], [7], [3]], [[7], [1, 2, 5, 6], [4], [3, 5], [2, 3], [1, 5], [9], [8], [6]], [[1, 2, 5], [1, 2, 5, 6], [3], [7], [9], [8], [1, 2, 6], [1, 2], [4]], [[1, 2], [9], [8], [6], [2, 4], [1, 4], [3], [5], [7]]]]
INFO:root:59507:Doing checkSmall1
INFO:root:59507:Getting tiny MUSes, distance 1, for 58 puzlits, 1 repeats
INFO:root:59543:Chunked 58 in [4, 4, 4, 4, 4, 4, 4, 4, 4, 4, 3, 3, 3, 3, 3, 3]
INFO:root:59561:XX found first (6, 9) is not 6 1
INFO:root:59561:XX found first (8, 7) is not 6 1
INFO:root:59561:XX found first (4, 1) is not 5 1
INFO:root:59561:XX found first (3, 1) is not 3 1
INFO:root:59561:XX found first (5, 2) is not 3 1
INFO:root:59561:XX found first (6, 5) is not 3 1
INFO:root:59561:XX found first (4, 6) is not 6 1
INFO:root:59561:XX found first (7, 2) is not 6 1
INFO:root:59574:Early exit from checkSmall1
INFO:root:59583:Starting Step 29
INFO:root:60169:Current state [[[[4], [7], [1, 2], [9], [5], [3], [1, 2], [6], [8]], [[6], [8], [9], [1], [7], [2], [4], [3], [5]], [[1, 2], [1, 2, 3], [5], [8], [4, 6], [4, 6], [7], [1, 2], [9]], [[3], [4], [7], [2], [8], [5], [6], [9], [1]], [[9], [5], [6], [3, 5], [1], [7], [8], [4], [2]], [[8], [1, 2], [1, 2], [4], [6], [9], [5], [7], [3]], [[7], [1, 2, 5], [4], [3, 5], [2, 3], [1, 5], [9], [8], [6]], [[1, 2, 5], [1, 2, 5, 6], [3], [7], [9], [8], [1, 2], [1, 2], [4]], [[1, 2], [9], [8], [6], [2, 4], [1, 4], [3], [5], [7]]]]
INFO:root:60169:Doing checkSmall1
INFO:root:60169:Getting tiny MUSes, distance 1, for 50 puzlits, 1 repeats
INFO:root:60206:Chunked 50 in [4, 4, 3, 3, 3, 3, 3, 3, 3, 3, 3, 3, 3, 3, 3, 3]
INFO:root:60222:XX found first (5, 4) is 3 1
INFO:root:60222:XX found first (5, 2) is 5 1
INFO:root:60222:XX found first (4, 6) is 5 1
INFO:root:60223:XX found first (3, 6) is 6 1
INFO:root:60223:XX found first (8, 2) is 6 1
INFO:root:60223:XX found first (8, 1) is 5 1
INFO:root:60223:XX found first (6, 5) is 6 1
INFO:root:60223:XX found first (3, 2) is 3 1
INFO:root:60223:XX found first (7, 5) is 3 1
INFO:root:60235:Early exit from checkSmall1
INFO:root:60271:Starting Step 30
INFO:root:60861:Current state [[[[4], [7], [1, 2], [9], [5], [3], [1, 2], [6], [8]], [[6], [8], [9], [1], [7], [2], [4], [3], [5]], [[1, 2], [3], [5], [8], [4, 6], [6], [7], [1, 2], [9]], [[3], [4], [7], [2], [8], [5], [6], [9], [1]], [[9], [5], [6], [3], [1], [7], [8], [4], [2]], [[8], [1, 2], [1, 2], [4], [6], [9], [5], [7], [3]], [[7], [1, 2, 5], [4], [3, 5], [3], [1, 5], [9], [8], [6]], [[5], [6], [3], [7], [9], [8], [1, 2], [1, 2], [4]], [[1, 2], [9], [8], [6], [2, 4], [1, 4], [3], [5], [7]]]]
INFO:root:60861:Doing checkSmall1
INFO:root:60861:Getting tiny MUSes, distance 1, for 41 puzlits, 1 repeats
INFO:root:60899:Chunked 41 in [3, 3, 3, 3, 3, 3, 3, 3, 3, 2, 2, 2, 2, 2, 2, 2]
INFO:root:60914:XX found first (3, 2) is not 2 1
INFO:root:60915:XX found first (7, 6) is not 5 1
INFO:root:60915:XX found first (8, 2) is not 1 1
INFO:root:60915:XX found first (8, 2) is not 2 1
INFO:root:60915:XX found first (7, 2) is not 5 1
INFO:root:60915:XX found first (3, 5) is not 6 1
INFO:root:60915:XX found first (5, 4) is not 5 1
INFO:root:60915:XX found first (8, 1) is not 2 1
INFO:root:60915:XX found first (3, 6) is not 4 1
INFO:root:60915:XX found first (7, 4) is not 3 1
INFO:root:60915:XX found first (8, 1) is not 1 1
INFO:root:60915:XX found first (7, 5) is not 2 1
INFO:root:60915:XX found first (3, 2) is not 1 1
INFO:root:60915:XX found first (8, 2) is not 5 1
INFO:root:60929:Early exit from checkSmall1
INFO:root:60938:Starting Step 31
INFO:root:61537:Current state [[[[4], [7], [1, 2], [9], [5], [3], [1, 2], [6], [8]], [[6], [8], [9], [1], [7], [2], [4], [3], [5]], [[1, 2], [3], [5], [8], [4], [6], [7], [1, 2], [9]], [[3], [4], [7], [2], [8], [5], [6], [9], [1]], [[9], [5], [6], [3], [1], [7], [8], [4], [2]], [[8], [1, 2], [1, 2], [4], [6], [9], [5], [7], [3]], [[7], [1, 2], [4], [5], [3], [1], [9], [8], [6]], [[5], [6], [3], [7], [9], [8], [1, 2], [1, 2], [4]], [[1, 2], [9], [8], [6], [2, 4], [1, 4], [3], [5], [7]]]]
INFO:root:61537:Doing checkSmall1
INFO:root:61537:Getting tiny MUSes, distance 1, for 27 puzlits, 1 repeats
INFO:root:61573:Chunked 27 in [2, 2, 2, 2, 2, 2, 2, 2, 2, 2, 2, 1, 1, 1, 1, 1]
INFO:root:61586:XX found first (7, 6) is 1 1
INFO:root:61586:XX found first (9, 5) is 2 1
INFO:root:61586:XX found first (7, 2) is 2 1
INFO:root:61586:XX found first (7, 4) is 5 1
INFO:root:61586:XX found first (9, 6) is 4 1
INFO:root:61586:XX found first (3, 5) is 4 1
INFO:root:61599:Early exit from checkSmall1
INFO:root:61627:Starting Step 32
INFO:root:62230:Current state [[[[4], [7], [1, 2], [9], [5], [3], [1, 2], [6], [8]], [[6], [8], [9], [1], [7], [2], [4], [3], [5]], [[1, 2], [3], [5], [8], [4], [6], [7], [1, 2], [9]], [[3], [4], [7], [2], [8], [5], [6], [9], [1]], [[9], [5], [6], [3], [1], [7], [8], [4], [2]], [[8], [1, 2], [1, 2], [4], [6], [9], [5], [7], [3]], [[7], [2], [4], [5], [3], [1], [9], [8], [6]], [[5], [6], [3], [7], [9], [8], [1, 2], [1, 2], [4]], [[1, 2], [9], [8], [6], [2], [4], [3], [5], [7]]]]
INFO:root:62230:Doing checkSmall1
INFO:root:62230:Getting tiny MUSes, distance 1, for 21 puzlits, 1 repeats
INFO:root:62267:Chunked 21 in [2, 2, 2, 2, 2, 1, 1, 1, 1, 1, 1, 1, 1, 1, 1, 1]
INFO:root:62279:XX found first (9, 5) is not 4 1
INFO:root:62280:XX found first (9, 6) is not 1 1
INFO:root:62280:XX found first (7, 2) is not 1 1
INFO:root:62280:XX found first (6, 2) is not 2 1
INFO:root:62280:XX found first (9, 1) is not 2 1
INFO:root:62293:Early exit from checkSmall1
INFO:root:62301:Starting Step 33
INFO:root:62903:Current state [[[[4], [7], [1, 2], [9], [5], [3], [1, 2], [6], [8]], [[6], [8], [9], [1], [7], [2], [4], [3], [5]], [[1, 2], [3], [5], [8], [4], [6], [7], [1, 2], [9]], [[3], [4], [7], [2], [8], [5], [6], [9], [1]], [[9], [5], [6], [3], [1], [7], [8], [4], [2]], [[8], [1], [1, 2], [4], [6], [9], [5], [7], [3]], [[7], [2], [4], [5], [3], [1], [9], [8], [6]], [[5], [6], [3], [7], [9], [8], [1, 2], [1, 2], [4]], [[1], [9], [8], [6], [2], [4], [3], [5], [7]]]]
INFO:root:62904:Doing checkSmall1
INFO:root:62904:Getting tiny MUSes, distance 1, for 16 puzlits, 1 repeats
INFO:root:62940:Chunked 16 in [1, 1, 1, 1, 1, 1, 1, 1, 1, 1, 1, 1, 1, 1, 1, 1]
INFO:root:62955:XX found first (6, 2) is 1 1
INFO:root:62955:XX found first (9, 1) is 1 1
INFO:root:62955:XX found first (3, 1) is 2 1
INFO:root:62955:XX found first (6, 3) is 2 1
INFO:root:62968:Early exit from checkSmall1
INFO:root:62990:Starting Step 34
INFO:root:63597:Current state [[[[4], [7], [1, 2], [9], [5], [3], [1, 2], [6], [8]], [[6], [8], [9], [1], [7], [2], [4], [3], [5]], [[2], [3], [5], [8], [4], [6], [7], [1, 2], [9]], [[3], [4], [7], [2], [8], [5], [6], [9], [1]], [[9], [5], [6], [3], [1], [7], [8], [4], [2]], [[8], [1], [2], [4], [6], [9], [5], [7], [3]], [[7], [2], [4], [5], [3], [1], [9], [8], [6]], [[5], [6], [3], [7], [9], [8], [1, 2], [1, 2], [4]], [[1], [9], [8], [6], [2], [4], [3], [5], [7]]]]
INFO:root:63597:Doing checkSmall1
INFO:root:63597:Getting tiny MUSes, distance 1, for 12 puzlits, 1 repeats
INFO:root:63633:Chunked 12 in [1, 1, 1, 1, 1, 1, 1, 1, 1, 1, 1, 1, 0, 0, 0, 0]
INFO:root:63644:XX found first (1, 3) is not 2 1
INFO:root:63644:XX found first (3, 8) is not 2 1
INFO:root:63644:XX found first (3, 1) is not 1 1
INFO:root:63644:XX found first (6, 3) is not 1 1
INFO:root:63657:Early exit from checkSmall1
INFO:root:63665:Starting Step 35
INFO:root:64270:Current state [[[[4], [7], [1], [9], [5], [3], [1, 2], [6], [8]], [[6], [8], [9], [1], [7], [2], [4], [3], [5]], [[2], [3], [5], [8], [4], [6], [7], [1], [9]], [[3], [4], [7], [2], [8], [5], [6], [9], [1]], [[9], [5], [6], [3], [1], [7], [8], [4], [2]], [[8], [1], [2], [4], [6], [9], [5], [7], [3]], [[7], [2], [4], [5], [3], [1], [9], [8], [6]], [[5], [6], [3], [7], [9], [8], [1, 2], [1, 2], [4]], [[1], [9], [8], [6], [2], [4], [3], [5], [7]]]]
INFO:root:64270:Doing checkSmall1
INFO:root:64270:Getting tiny MUSes, distance 1, for 8 puzlits, 1 repeats
INFO:root:64306:Chunked 8 in [1, 1, 1, 1, 1, 1, 1, 1, 0, 0, 0, 0, 0, 0, 0, 0]
INFO:root:64315:XX found first (1, 7) is 2 1
INFO:root:64316:XX found first (1, 3) is 1 1
INFO:root:64316:XX found first (8, 8) is 2 1
INFO:root:64316:XX found first (3, 8) is 1 1
INFO:root:64329:Early exit from checkSmall1
INFO:root:64348:Starting Step 36
INFO:root:64951:Current state [[[[4], [7], [1], [9], [5], [3], [2], [6], [8]], [[6], [8], [9], [1], [7], [2], [4], [3], [5]], [[2], [3], [5], [8], [4], [6], [7], [1], [9]], [[3], [4], [7], [2], [8], [5], [6], [9], [1]], [[9], [5], [6], [3], [1], [7], [8], [4], [2]], [[8], [1], [2], [4], [6], [9], [5], [7], [3]], [[7], [2], [4], [5], [3], [1], [9], [8], [6]], [[5], [6], [3], [7], [9], [8], [1, 2], [2], [4]], [[1], [9], [8], [6], [2], [4], [3], [5], [7]]]]
INFO:root:64951:Doing checkSmall1
INFO:root:64951:Getting tiny MUSes, distance 1, for 4 puzlits, 1 repeats
INFO:root:64988:Chunked 4 in [1, 1, 1, 1, 0, 0, 0, 0, 0, 0, 0, 0, 0, 0, 0, 0]
INFO:root:64995:XX found first (8, 8) is not 1 1
INFO:root:64996:XX found first (8, 7) is not 2 1
INFO:root:64996:XX found first (1, 7) is not 1 1
INFO:root:65009:Early exit from checkSmall1
INFO:root:65017:Starting Step 37
INFO:root:65635:Current state [[[[4], [7], [1], [9], [5], [3], [2], [6], [8]], [[6], [8], [9], [1], [7], [2], [4], [3], [5]], [[2], [3], [5], [8], [4], [6], [7], [1], [9]], [[3], [4], [7], [2], [8], [5], [6], [9], [1]], [[9], [5], [6], [3], [1], [7], [8], [4], [2]], [[8], [1], [2], [4], [6], [9], [5], [7], [3]], [[7], [2], [4], [5], [3], [1], [9], [8], [6]], [[5], [6], [3], [7], [9], [8], [1], [2], [4]], [[1], [9], [8], [6], [2], [4], [3], [5], [7]]]]
INFO:root:65635:Doing checkSmall1
INFO:root:65636:Getting tiny MUSes, distance 1, for 1 puzlits, 1 repeats
INFO:root:65672:Chunked 1 in [1, 0, 0, 0, 0, 0, 0, 0, 0, 0, 0, 0, 0, 0, 0, 0]
INFO:root:65678:XX found first (8, 7) is 1 1
INFO:root:65691:Early exit from checkSmall1
INFO:root:65704:Total Solver Calls 784491
INFO:root:65704:Trace: [(3, [(7, 2) is not 5]), (3, [(7, 2) is not 5]), (3, [(7, 2) is not 5]), (3, [(7, 2) is not 5]), (3, [(7, 2) is not 5])]
INFO:root:65704:Trace Quality: [(3, 1), (3, 1), (3, 1), (3, 1), (3, 1)]
INFO:root:65704:Trace Sorted: [(3, 1), (3, 1), (3, 1), (3, 1), (3, 1)]
INFO:root:65704:Finished
INFO:root:65704:Full Trace [(3, [(7, 2) is not 5]), (3, [(7, 2) is not 5]), (3, [(7, 2) is not 5]), (3, [(7, 2) is not 5]), (3, [(7, 2) is not 5])]

real	1m5.963s
user	9m9.209s
sys	0m21.008s
