INFO:root:4869:Starting Step 1
INFO:root:4965:Current state [[[[1, 2, 3, 4, 5, 6, 7, 8, 9], [7], [1, 2, 3, 4, 5, 6, 7, 8, 9], [1, 2, 3, 4, 5, 6, 7, 8, 9], [1, 2, 3, 4, 5, 6, 7, 8, 9], [3], [1, 2, 3, 4, 5, 6, 7, 8, 9], [6], [1, 2, 3, 4, 5, 6, 7, 8, 9]], [[1, 2, 3, 4, 5, 6, 7, 8, 9], [1, 2, 3, 4, 5, 6, 7, 8, 9], [1, 2, 3, 4, 5, 6, 7, 8, 9], [1], [1, 2, 3, 4, 5, 6, 7, 8, 9], [2], [1, 2, 3, 4, 5, 6, 7, 8, 9], [1, 2, 3, 4, 5, 6, 7, 8, 9], [1, 2, 3, 4, 5, 6, 7, 8, 9]], [[1, 2, 3, 4, 5, 6, 7, 8, 9], [1, 2, 3, 4, 5, 6, 7, 8, 9], [5], [1, 2, 3, 4, 5, 6, 7, 8, 9], [1, 2, 3, 4, 5, 6, 7, 8, 9], [1, 2, 3, 4, 5, 6, 7, 8, 9], [7], [1, 2, 3, 4, 5, 6, 7, 8, 9], [9]], [[1, 2, 3, 4, 5, 6, 7, 8, 9], [1, 2, 3, 4, 5, 6, 7, 8, 9], [7], [2], [1, 2, 3, 4, 5, 6, 7, 8, 9], [1, 2, 3, 4, 5, 6, 7, 8, 9], [1, 2, 3, 4, 5, 6, 7, 8, 9], [1, 2, 3, 4, 5, 6, 7, 8, 9], [1]], [[1, 2, 3, 4, 5, 6, 7, 8, 9], [1, 2, 3, 4, 5, 6, 7, 8, 9], [6], [1, 2, 3, 4, 5, 6, 7, 8, 9], [1], [1, 2, 3, 4, 5, 6, 7, 8, 9], [8], [4], [1, 2, 3, 4, 5, 6, 7, 8, 9]], [[8], [1, 2, 3, 4, 5, 6, 7, 8, 9], [1, 2, 3, 4, 5, 6, 7, 8, 9], [1, 2, 3, 4, 5, 6, 7, 8, 9], [1, 2, 3, 4, 5, 6, 7, 8, 9], [1, 2, 3, 4, 5, 6, 7, 8, 9], [5], [1, 2, 3, 4, 5, 6, 7, 8, 9], [1, 2, 3, 4, 5, 6, 7, 8, 9]], [[7], [1, 2, 3, 4, 5, 6, 7, 8, 9], [4], [1, 2, 3, 4, 5, 6, 7, 8, 9], [1, 2, 3, 4, 5, 6, 7, 8, 9], [1, 2, 3, 4, 5, 6, 7, 8, 9], [9], [1, 2, 3, 4, 5, 6, 7, 8, 9], [1, 2, 3, 4, 5, 6, 7, 8, 9]], [[1, 2, 3, 4, 5, 6, 7, 8, 9], [1, 2, 3, 4, 5, 6, 7, 8, 9], [1, 2, 3, 4, 5, 6, 7, 8, 9], [7], [1, 2, 3, 4, 5, 6, 7, 8, 9], [8], [1, 2, 3, 4, 5, 6, 7, 8, 9], [1, 2, 3, 4, 5, 6, 7, 8, 9], [1, 2, 3, 4, 5, 6, 7, 8, 9]], [[1, 2, 3, 4, 5, 6, 7, 8, 9], [9], [1, 2, 3, 4, 5, 6, 7, 8, 9], [6], [1, 2, 3, 4, 5, 6, 7, 8, 9], [1, 2, 3, 4, 5, 6, 7, 8, 9], [1, 2, 3, 4, 5, 6, 7, 8, 9], [5], [1, 2, 3, 4, 5, 6, 7, 8, 9]]]]
INFO:root:4966:Doing checkSmall1
INFO:root:4966:Getting tiny MUSes, distance 1, for 704 puzlits, 1 repeats
INFO:root:5019:Chunked 704 in [44, 44, 44, 44, 44, 44, 44, 44, 44, 44, 44, 44, 44, 44, 44, 44]
INFO:root:5218:XX found first (3, 6) is not 3 1
INFO:root:5218:XX found first (3, 6) is not 7 1
INFO:root:5218:XX found first (3, 7) is not 1 1
INFO:root:5218:XX found first (8, 3) is not 5 1
INFO:root:5218:XX found first (5, 8) is not 7 1
INFO:root:5218:XX found first (1, 7) is not 3 1
INFO:root:5218:XX found first (8, 1) is not 9 1
INFO:root:5218:XX found first (6, 9) is not 4 1
INFO:root:5218:XX found first (7, 9) is not 4 1
INFO:root:5219:XX found first (6, 6) is not 8 1
INFO:root:5219:XX found first (7, 7) is not 8 1
INFO:root:5219:XX found first (8, 4) is not 9 1
INFO:root:5219:XX found first (1, 7) is not 7 1
INFO:root:5219:XX found first (8, 6) is not 7 1
INFO:root:5219:XX found first (4, 4) is not 1 1
INFO:root:5219:XX found first (9, 8) is not 8 1
INFO:root:5219:XX found first (3, 4) is not 6 1
INFO:root:5219:XX found first (9, 6) is not 8 1
INFO:root:5219:XX found first (1, 9) is not 1 1
INFO:root:5219:XX found first (5, 8) is not 9 1
INFO:root:5219:XX found first (4, 8) is not 5 1
INFO:root:5219:XX found first (2, 8) is not 1 1
INFO:root:5219:XX found first (1, 9) is not 3 1
INFO:root:5219:XX found first (2, 5) is not 2 1
INFO:root:5219:XX found first (7, 7) is not 7 1
INFO:root:5219:XX found first (8, 7) is not 5 1
INFO:root:5219:XX found first (7, 4) is not 7 1
INFO:root:5219:XX found first (2, 7) is not 5 1
INFO:root:5219:XX found first (2, 9) is not 9 1
INFO:root:5219:XX found first (6, 4) is not 7 1
INFO:root:5219:XX found first (5, 3) is not 9 1
INFO:root:5219:XX found first (8, 4) is not 1 1
INFO:root:5219:XX found first (8, 7) is not 9 1
INFO:root:5219:XX found first (4, 7) is not 2 1
INFO:root:5219:XX found first (9, 6) is not 9 1
INFO:root:5220:XX found first (7, 9) is not 1 1
INFO:root:5220:XX found first (8, 8) is not 5 1
INFO:root:5220:XX found first (5, 7) is not 7 1
INFO:root:5220:XX found first (6, 5) is not 1 1
INFO:root:5220:XX found first (4, 8) is not 1 1
INFO:root:5220:XX found first (6, 6) is not 1 1
INFO:root:5220:XX found first (7, 5) is not 1 1
INFO:root:5220:XX found first (2, 4) is not 4 1
INFO:root:5220:XX found first (2, 7) is not 7 1
INFO:root:5220:XX found first (3, 5) is not 1 1
INFO:root:5220:XX found first (5, 3) is not 8 1
INFO:root:5220:XX found first (4, 3) is not 9 1
INFO:root:5220:XX found first (7, 6) is not 6 1
INFO:root:5220:XX found first (3, 5) is not 2 1
INFO:root:5220:XX found first (2, 8) is not 2 1
INFO:root:5220:XX found first (4, 9) is not 7 1
INFO:root:5220:XX found first (6, 5) is not 5 1
INFO:root:5220:XX found first (8, 6) is not 4 1
INFO:root:5220:XX found first (1, 7) is not 5 1
INFO:root:5220:XX found first (3, 3) is not 8 1
INFO:root:5220:XX found first (6, 2) is not 6 1
INFO:root:5220:XX found first (5, 6) is not 2 1
INFO:root:5221:XX found first (7, 4) is not 6 1
INFO:root:5221:XX found first (1, 8) is not 9 1
INFO:root:5221:XX found first (3, 1) is not 9 1
INFO:root:5221:XX found first (8, 4) is not 6 1
INFO:root:5221:XX found first (3, 6) is not 1 1
INFO:root:5221:XX found first (6, 7) is not 8 1
INFO:root:5221:XX found first (8, 1) is not 4 1
INFO:root:5221:XX found first (2, 4) is not 3 1
INFO:root:5221:XX found first (5, 3) is not 1 1
INFO:root:5221:XX found first (9, 9) is not 9 1
INFO:root:5221:XX found first (2, 7) is not 6 1
INFO:root:5221:XX found first (5, 7) is not 1 1
INFO:root:5221:XX found first (2, 4) is not 8 1
INFO:root:5221:XX found first (6, 4) is not 5 1
INFO:root:5221:XX found first (8, 8) is not 6 1
INFO:root:5221:XX found first (5, 6) is not 1 1
INFO:root:5221:XX found first (2, 1) is not 1 1
INFO:root:5221:XX found first (6, 1) is not 9 1
INFO:root:5221:XX found first (8, 4) is not 8 1
INFO:root:5221:XX found first (3, 7) is not 8 1
INFO:root:5221:XX found first (3, 9) is not 6 1
INFO:root:5221:XX found first (3, 6) is not 2 1
INFO:root:5221:XX found first (5, 6) is not 6 1
INFO:root:5221:XX found first (8, 6) is not 5 1
INFO:root:5221:XX found first (5, 5) is not 5 1
INFO:root:5222:XX found first (1, 6) is not 6 1
INFO:root:5222:XX found first (7, 5) is not 7 1
INFO:root:5222:XX found first (6, 7) is not 7 1
INFO:root:5222:XX found first (5, 7) is not 2 1
INFO:root:5222:XX found first (6, 4) is not 1 1
INFO:root:5222:XX found first (3, 6) is not 9 1
INFO:root:5222:XX found first (8, 6) is not 2 1
INFO:root:5222:XX found first (9, 2) is not 8 1
INFO:root:5222:XX found first (2, 6) is not 1 1
INFO:root:5222:XX found first (6, 7) is not 6 1
INFO:root:5222:XX found first (3, 8) is not 9 1
INFO:root:5222:XX found first (2, 4) is not 9 1
INFO:root:5222:XX found first (8, 9) is not 9 1
INFO:root:5222:XX found first (4, 7) is not 7 1
INFO:root:5222:XX found first (1, 8) is not 7 1
INFO:root:5222:XX found first (9, 7) is not 5 1
INFO:root:5222:XX found first (4, 1) is not 8 1
INFO:root:5222:XX found first (5, 4) is not 6 1
INFO:root:5222:XX found first (9, 8) is not 7 1
INFO:root:5222:XX found first (6, 4) is not 2 1
INFO:root:5222:XX found first (3, 8) is not 6 1
INFO:root:5222:XX found first (9, 4) is not 1 1
INFO:root:5222:XX found first (8, 6) is not 1 1
INFO:root:5222:XX found first (5, 2) is not 6 1
INFO:root:5222:XX found first (1, 2) is not 1 1
INFO:root:5223:XX found first (2, 6) is not 5 1
INFO:root:5223:XX found first (8, 8) is not 7 1
INFO:root:5223:XX found first (9, 8) is not 2 1
INFO:root:5223:XX found first (9, 1) is not 4 1
INFO:root:5223:XX found first (6, 1) is not 7 1
INFO:root:5223:XX found first (1, 2) is not 6 1
INFO:root:5223:XX found first (3, 3) is not 6 1
INFO:root:5223:XX found first (3, 7) is not 4 1
INFO:root:5223:XX found first (6, 7) is not 4 1
INFO:root:5223:XX found first (1, 4) is not 2 1
INFO:root:5223:XX found first (9, 8) is not 6 1
INFO:root:5223:XX found first (6, 8) is not 8 1
INFO:root:5223:XX found first (7, 1) is not 3 1
INFO:root:5223:XX found first (7, 5) is not 8 1
INFO:root:5223:XX found first (5, 8) is not 3 1
INFO:root:5223:XX found first (4, 6) is not 7 1
INFO:root:5223:XX found first (9, 9) is not 5 1
INFO:root:5223:XX found first (7, 8) is not 4 1
INFO:root:5223:XX found first (5, 5) is not 4 1
INFO:root:5223:XX found first (5, 3) is not 3 1
INFO:root:5223:XX found first (5, 5) is not 2 1
INFO:root:5223:XX found first (8, 3) is not 9 1
INFO:root:5223:XX found first (3, 5) is not 5 1
INFO:root:5223:XX found first (7, 5) is not 9 1
INFO:root:5224:XX found first (8, 2) is not 4 1
INFO:root:5224:XX found first (2, 7) is not 9 1
INFO:root:5224:XX found first (3, 4) is not 9 1
INFO:root:5224:XX found first (4, 1) is not 1 1
INFO:root:5224:XX found first (5, 4) is not 7 1
INFO:root:5224:XX found first (9, 9) is not 6 1
INFO:root:5224:XX found first (8, 8) is not 8 1
INFO:root:5224:XX found first (9, 1) is not 7 1
INFO:root:5224:XX found first (1, 1) is not 7 1
INFO:root:5224:XX found first (5, 4) is not 4 1
INFO:root:5224:XX found first (1, 2) is not 4 1
INFO:root:5224:XX found first (8, 5) is not 6 1
INFO:root:5224:XX found first (1, 5) is not 1 1
INFO:root:5224:XX found first (2, 4) is not 2 1
INFO:root:5224:XX found first (7, 9) is not 5 1
INFO:root:5224:XX found first (2, 3) is not 4 1
INFO:root:5224:XX found first (7, 8) is not 9 1
INFO:root:5224:XX found first (6, 2) is not 5 1
INFO:root:5224:XX found first (7, 7) is not 1 1
INFO:root:5224:XX found first (3, 7) is not 2 1
INFO:root:5224:XX found first (9, 1) is not 5 1
INFO:root:5224:XX found first (7, 3) is not 7 1
INFO:root:5224:XX found first (5, 4) is not 8 1
INFO:root:5224:XX found first (7, 1) is not 9 1
INFO:root:5224:XX found first (9, 6) is not 5 1
INFO:root:5225:XX found first (7, 8) is not 6 1
INFO:root:5225:XX found first (3, 4) is not 7 1
INFO:root:5225:XX found first (3, 3) is not 7 1
INFO:root:5225:XX found first (5, 5) is not 8 1
INFO:root:5225:XX found first (8, 2) is not 8 1
INFO:root:5225:XX found first (4, 1) is not 2 1
INFO:root:5225:XX found first (3, 9) is not 1 1
INFO:root:5225:XX found first (2, 9) is not 6 1
INFO:root:5225:XX found first (7, 8) is not 5 1
INFO:root:5225:XX found first (4, 6) is not 8 1
INFO:root:5225:XX found first (1, 8) is not 2 1
INFO:root:5225:XX found first (6, 7) is not 2 1
INFO:root:5225:XX found first (1, 3) is not 3 1
INFO:root:5225:XX found first (4, 2) is not 7 1
INFO:root:5225:XX found first (6, 3) is not 5 1
INFO:root:5225:XX found first (9, 2) is not 4 1
INFO:root:5225:XX found first (6, 7) is not 9 1
INFO:root:5225:XX found first (4, 4) is not 5 1
INFO:root:5225:XX found first (9, 5) is not 7 1
INFO:root:5225:XX found first (5, 9) is not 6 1
INFO:root:5225:XX found first (9, 8) is not 4 1
INFO:root:5225:XX found first (7, 3) is not 3 1
INFO:root:5225:XX found first (8, 3) is not 6 1
INFO:root:5225:XX found first (7, 3) is not 5 1
INFO:root:5225:XX found first (9, 6) is not 6 1
INFO:root:5226:XX found first (9, 5) is not 8 1
INFO:root:5226:XX found first (7, 2) is not 7 1
INFO:root:5226:XX found first (7, 4) is not 9 1
INFO:root:5226:XX found first (8, 5) is not 7 1
INFO:root:5226:XX found first (1, 7) is not 8 1
INFO:root:5226:XX found first (9, 4) is not 8 1
INFO:root:5226:XX found first (7, 7) is not 6 1
INFO:root:5226:XX found first (2, 6) is not 6 1
INFO:root:5226:XX found first (5, 4) is not 1 1
INFO:root:5226:XX found first (3, 4) is not 1 1
INFO:root:5226:XX found first (4, 8) is not 4 1
INFO:root:5226:XX found first (1, 2) is not 5 1
INFO:root:5226:XX found first (2, 8) is not 9 1
INFO:root:5226:XX found first (2, 4) is not 6 1
INFO:root:5226:XX found first (2, 9) is not 7 1
INFO:root:5226:XX found first (2, 3) is not 2 1
INFO:root:5226:XX found first (3, 6) is not 5 1
INFO:root:5226:XX found first (5, 7) is not 5 1
INFO:root:5226:XX found first (9, 3) is not 5 1
INFO:root:5226:XX found first (5, 5) is not 9 1
INFO:root:5226:XX found first (1, 2) is not 3 1
INFO:root:5226:XX found first (7, 3) is not 2 1
INFO:root:5226:XX found first (2, 8) is not 6 1
INFO:root:5226:XX found first (6, 3) is not 7 1
INFO:root:5226:XX found first (1, 7) is not 9 1
INFO:root:5227:XX found first (5, 8) is not 8 1
INFO:root:5227:XX found first (9, 1) is not 8 1
INFO:root:5227:XX found first (6, 5) is not 8 1
INFO:root:5227:XX found first (4, 2) is not 8 1
INFO:root:5227:XX found first (9, 7) is not 8 1
INFO:root:5227:XX found first (7, 1) is not 8 1
INFO:root:5227:XX found first (7, 7) is not 5 1
INFO:root:5227:XX found first (7, 1) is not 5 1
INFO:root:5227:XX found first (8, 4) is not 4 1
INFO:root:5227:XX found first (4, 9) is not 8 1
INFO:root:5227:XX found first (5, 9) is not 4 1
INFO:root:5227:XX found first (4, 6) is not 3 1
INFO:root:5227:XX found first (2, 3) is not 7 1
INFO:root:5227:XX found first (1, 3) is not 4 1
INFO:root:5227:XX found first (4, 5) is not 1 1
INFO:root:5227:XX found first (2, 4) is not 5 1
INFO:root:5227:XX found first (8, 6) is not 3 1
INFO:root:5227:XX found first (7, 3) is not 9 1
INFO:root:5227:XX found first (9, 7) is not 6 1
INFO:root:5227:XX found first (3, 5) is not 3 1
INFO:root:5227:XX found first (2, 7) is not 1 1
INFO:root:5227:XX found first (3, 7) is not 5 1
INFO:root:5227:XX found first (1, 6) is not 8 1
INFO:root:5227:XX found first (8, 9) is not 5 1
INFO:root:5227:XX found first (2, 2) is not 9 1
INFO:root:5228:XX found first (5, 5) is not 6 1
INFO:root:5228:XX found first (8, 9) is not 8 1
INFO:root:5228:XX found first (3, 4) is not 3 1
INFO:root:5228:XX found first (2, 6) is not 3 1
INFO:root:5228:XX found first (9, 5) is not 6 1
INFO:root:5228:XX found first (8, 7) is not 8 1
INFO:root:5228:XX found first (4, 4) is not 6 1
INFO:root:5228:XX found first (2, 9) is not 1 1
INFO:root:5228:XX found first (1, 6) is not 9 1
INFO:root:5228:XX found first (5, 3) is not 7 1
INFO:root:5228:XX found first (5, 4) is not 2 1
INFO:root:5228:XX found first (7, 4) is not 2 1
INFO:root:5228:XX found first (4, 3) is not 2 1
INFO:root:5228:XX found first (2, 5) is not 3 1
INFO:root:5228:XX found first (2, 1) is not 5 1
INFO:root:5228:XX found first (2, 2) is not 1 1
INFO:root:5228:XX found first (2, 5) is not 1 1
INFO:root:5228:XX found first (1, 2) is not 9 1
INFO:root:5228:XX found first (7, 6) is not 7 1
INFO:root:5228:XX found first (6, 9) is not 5 1
INFO:root:5228:XX found first (6, 7) is not 3 1
INFO:root:5228:XX found first (6, 6) is not 3 1
INFO:root:5228:XX found first (1, 8) is not 4 1
INFO:root:5228:XX found first (1, 1) is not 8 1
INFO:root:5228:XX found first (4, 8) is not 2 1
INFO:root:5229:XX found first (7, 6) is not 9 1
INFO:root:5229:XX found first (2, 6) is not 4 1
INFO:root:5229:XX found first (1, 4) is not 3 1
INFO:root:5229:XX found first (9, 6) is not 3 1
INFO:root:5229:XX found first (4, 3) is not 3 1
INFO:root:5229:XX found first (2, 8) is not 4 1
INFO:root:5229:XX found first (3, 8) is not 4 1
INFO:root:5229:XX found first (2, 1) is not 2 1
INFO:root:5229:XX found first (3, 4) is not 5 1
INFO:root:5229:XX found first (5, 1) is not 8 1
INFO:root:5229:XX found first (7, 9) is not 9 1
INFO:root:5229:XX found first (5, 7) is not 9 1
INFO:root:5229:XX found first (5, 7) is not 4 1
INFO:root:5229:XX found first (5, 7) is not 3 1
INFO:root:5229:XX found first (9, 3) is not 9 1
INFO:root:5229:XX found first (6, 1) is not 3 1
INFO:root:5229:XX found first (4, 3) is not 8 1
INFO:root:5229:XX found first (4, 3) is not 4 1
INFO:root:5229:XX found first (9, 3) is not 7 1
INFO:root:5229:XX found first (3, 8) is not 5 1
INFO:root:5229:XX found first (5, 3) is not 2 1
INFO:root:5229:XX found first (1, 1) is not 5 1
INFO:root:5229:XX found first (5, 1) is not 4 1
INFO:root:5229:XX found first (3, 7) is not 6 1
INFO:root:5229:XX found first (5, 1) is not 6 1
INFO:root:5230:XX found first (6, 3) is not 8 1
INFO:root:5230:XX found first (1, 6) is not 2 1
INFO:root:5230:XX found first (3, 3) is not 2 1
INFO:root:5230:XX found first (4, 7) is not 4 1
INFO:root:5230:XX found first (6, 3) is not 4 1
INFO:root:5230:XX found first (4, 4) is not 8 1
INFO:root:5230:XX found first (9, 7) is not 7 1
INFO:root:5230:XX found first (2, 3) is not 6 1
INFO:root:5230:XX found first (7, 7) is not 3 1
INFO:root:5230:XX found first (9, 2) is not 1 1
INFO:root:5230:XX found first (3, 3) is not 9 1
INFO:root:5230:XX found first (6, 9) is not 8 1
INFO:root:5230:XX found first (3, 1) is not 5 1
INFO:root:5230:XX found first (2, 2) is not 7 1
INFO:root:5230:XX found first (4, 5) is not 7 1
INFO:root:5230:XX found first (8, 1) is not 8 1
INFO:root:5230:XX found first (6, 1) is not 6 1
INFO:root:5230:XX found first (4, 3) is not 6 1
INFO:root:5230:XX found first (5, 6) is not 4 1
INFO:root:5230:XX found first (4, 4) is not 4 1
INFO:root:5230:XX found first (4, 2) is not 2 1
INFO:root:5230:XX found first (8, 9) is not 1 1
INFO:root:5230:XX found first (8, 6) is not 9 1
INFO:root:5230:XX found first (5, 9) is not 5 1
INFO:root:5230:XX found first (4, 4) is not 7 1
INFO:root:5231:XX found first (6, 8) is not 1 1
INFO:root:5231:XX found first (4, 4) is not 9 1
INFO:root:5231:XX found first (1, 8) is not 1 1
INFO:root:5231:XX found first (8, 4) is not 3 1
INFO:root:5231:XX found first (4, 1) is not 6 1
INFO:root:5231:XX found first (3, 9) is not 8 1
INFO:root:5231:XX found first (5, 9) is not 1 1
INFO:root:5231:XX found first (6, 5) is not 2 1
INFO:root:5231:XX found first (4, 7) is not 1 1
INFO:root:5231:XX found first (6, 1) is not 5 1
INFO:root:5231:XX found first (8, 8) is not 4 1
INFO:root:5231:XX found first (9, 1) is not 9 1
INFO:root:5231:XX found first (5, 7) is not 6 1
INFO:root:5231:XX found first (9, 8) is not 1 1
INFO:root:5231:XX found first (7, 1) is not 2 1
INFO:root:5231:XX found first (2, 7) is not 8 1
INFO:root:5231:XX found first (7, 6) is not 2 1
INFO:root:5231:XX found first (3, 2) is not 7 1
INFO:root:5231:XX found first (3, 7) is not 9 1
INFO:root:5231:XX found first (1, 8) is not 5 1
INFO:root:5231:XX found first (9, 4) is not 3 1
INFO:root:5231:XX found first (7, 3) is not 8 1
INFO:root:5231:XX found first (3, 5) is not 9 1
INFO:root:5231:XX found first (7, 1) is not 4 1
INFO:root:5231:XX found first (9, 8) is not 3 1
INFO:root:5232:XX found first (7, 2) is not 9 1
INFO:root:5232:XX found first (1, 5) is not 3 1
INFO:root:5232:XX found first (5, 2) is not 4 1
INFO:root:5232:XX found first (2, 9) is not 2 1
INFO:root:5232:XX found first (1, 2) is not 8 1
INFO:root:5232:XX found first (8, 2) is not 9 1
INFO:root:5232:XX found first (5, 8) is not 2 1
INFO:root:5232:XX found first (8, 7) is not 7 1
INFO:root:5232:XX found first (2, 3) is not 5 1
INFO:root:5232:XX found first (6, 3) is not 6 1
INFO:root:5232:XX found first (5, 2) is not 7 1
INFO:root:5232:XX found first (8, 1) is not 7 1
INFO:root:5232:XX found first (4, 7) is not 8 1
INFO:root:5232:XX found first (6, 8) is not 5 1
INFO:root:5232:XX found first (5, 8) is not 5 1
INFO:root:5232:XX found first (6, 4) is not 6 1
INFO:root:5232:XX found first (5, 6) is not 3 1
INFO:root:5232:XX found first (2, 3) is not 1 1
INFO:root:5232:XX found first (2, 1) is not 7 1
INFO:root:5232:XX found first (4, 7) is not 9 1
INFO:root:5232:XX found first (5, 3) is not 4 1
INFO:root:5232:XX found first (9, 2) is not 6 1
INFO:root:5232:XX found first (6, 1) is not 4 1
INFO:root:5233:XX found first (1, 6) is not 4 1
INFO:root:5233:XX found first (9, 2) is not 2 1
INFO:root:5233:XX found first (8, 5) is not 1 1
INFO:root:5233:XX found first (7, 5) is not 4 1
INFO:root:5233:XX found first (6, 6) is not 5 1
INFO:root:5233:XX found first (9, 6) is not 2 1
INFO:root:5233:XX found first (1, 3) is not 7 1
INFO:root:5233:XX found first (8, 5) is not 8 1
INFO:root:5233:XX found first (1, 6) is not 5 1
INFO:root:5233:XX found first (4, 8) is not 6 1
INFO:root:5233:XX found first (9, 4) is not 9 1
INFO:root:5233:XX found first (2, 2) is not 2 1
INFO:root:5233:XX found first (3, 6) is not 8 1
INFO:root:5233:XX found first (7, 6) is not 4 1
INFO:root:5233:XX found first (2, 6) is not 8 1
INFO:root:5233:XX found first (1, 2) is not 2 1
INFO:root:5233:XX found first (9, 5) is not 9 1
INFO:root:5233:XX found first (8, 2) is not 7 1
INFO:root:5233:XX found first (4, 9) is not 3 1
INFO:root:5233:XX found first (1, 9) is not 9 1
INFO:root:5233:XX found first (4, 2) is not 9 1
INFO:root:5233:XX found first (3, 1) is not 7 1
INFO:root:5233:XX found first (9, 4) is not 4 1
INFO:root:5233:XX found first (8, 4) is not 2 1
INFO:root:5233:XX found first (3, 5) is not 7 1
INFO:root:5234:XX found first (3, 2) is not 9 1
INFO:root:5234:XX found first (9, 9) is not 1 1
INFO:root:5234:XX found first (7, 8) is not 7 1
INFO:root:5234:XX found first (3, 1) is not 8 1
INFO:root:5234:XX found first (5, 1) is not 7 1
INFO:root:5234:XX found first (5, 5) is not 7 1
INFO:root:5234:XX found first (9, 5) is not 5 1
INFO:root:5234:XX found first (5, 2) is not 9 1
INFO:root:5234:XX found first (7, 4) is not 8 1
INFO:root:5234:XX found first (4, 9) is not 4 1
INFO:root:5234:XX found first (9, 1) is not 6 1
INFO:root:5234:XX found first (3, 3) is not 1 1
INFO:root:5234:XX found first (8, 6) is not 6 1
INFO:root:5234:XX found first (7, 4) is not 1 1
INFO:root:5234:XX found first (1, 9) is not 7 1
INFO:root:5234:XX found first (9, 2) is not 7 1
INFO:root:5234:XX found first (1, 3) is not 6 1
INFO:root:5234:XX found first (5, 5) is not 3 1
INFO:root:5234:XX found first (4, 9) is not 9 1
INFO:root:5234:XX found first (9, 4) is not 7 1
INFO:root:5234:XX found first (2, 1) is not 8 1
INFO:root:5234:XX found first (9, 5) is not 1 1
INFO:root:5234:XX found first (5, 8) is not 1 1
INFO:root:5234:XX found first (7, 4) is not 4 1
INFO:root:5235:XX found first (6, 2) is not 8 1
INFO:root:5235:XX found first (4, 8) is not 7 1
INFO:root:5235:XX found first (5, 2) is not 8 1
INFO:root:5235:XX found first (3, 9) is not 5 1
INFO:root:5235:XX found first (2, 6) is not 7 1
INFO:root:5235:XX found first (1, 7) is not 6 1
INFO:root:5235:XX found first (1, 8) is not 8 1
INFO:root:5235:XX found first (4, 5) is not 2 1
INFO:root:5235:XX found first (6, 7) is not 1 1
INFO:root:5235:XX found first (9, 8) is not 9 1
INFO:root:5235:XX found first (7, 9) is not 7 1
INFO:root:5235:XX found first (9, 3) is not 6 1
INFO:root:5235:XX found first (3, 9) is not 7 1
INFO:root:5235:XX found first (9, 2) is not 3 1
INFO:root:5235:XX found first (4, 2) is not 6 1
INFO:root:5235:XX found first (7, 5) is not 6 1
INFO:root:5235:XX found first (3, 9) is not 4 1
INFO:root:5235:XX found first (3, 2) is not 5 1
INFO:root:5235:XX found first (6, 8) is not 6 1
INFO:root:5235:XX found first (8, 3) is not 7 1
INFO:root:5235:XX found first (7, 1) is not 1 1
INFO:root:5235:XX found first (4, 9) is not 6 1
INFO:root:5235:XX found first (9, 3) is not 4 1
INFO:root:5235:XX found first (7, 2) is not 4 1
INFO:root:5235:XX found first (4, 3) is not 5 1
INFO:root:5235:XX found first (9, 4) is not 5 1
INFO:root:5236:XX found first (1, 1) is not 6 1
INFO:root:5236:XX found first (5, 6) is not 8 1
INFO:root:5236:XX found first (4, 3) is not 1 1
INFO:root:5236:XX found first (6, 2) is not 7 1
INFO:root:5236:XX found first (5, 3) is not 5 1
INFO:root:5236:XX found first (7, 3) is not 1 1
INFO:root:5236:XX found first (5, 2) is not 1 1
INFO:root:5236:XX found first (4, 2) is not 1 1
INFO:root:5236:XX found first (6, 8) is not 4 1
INFO:root:5236:XX found first (7, 3) is not 6 1
INFO:root:5236:XX found first (9, 2) is not 5 1
INFO:root:5236:XX found first (6, 4) is not 8 1
INFO:root:5236:XX found first (4, 6) is not 2 1
INFO:root:5236:XX found first (8, 4) is not 5 1
INFO:root:5236:XX found first (4, 9) is not 5 1
INFO:root:5236:XX found first (1, 5) is not 6 1
INFO:root:5236:XX found first (5, 9) is not 8 1
INFO:root:5236:XX found first (3, 8) is not 7 1
INFO:root:5236:XX found first (2, 6) is not 9 1
INFO:root:5236:XX found first (3, 3) is not 4 1
INFO:root:5236:XX found first (3, 4) is not 2 1
INFO:root:5236:XX found first (7, 7) is not 2 1
INFO:root:5236:XX found first (4, 7) is not 5 1
INFO:root:5236:XX found first (2, 4) is not 7 1
INFO:root:5236:XX found first (4, 8) is not 8 1
INFO:root:5237:XX found first (1, 9) is not 6 1
INFO:root:5237:XX found first (2, 7) is not 2 1
INFO:root:5237:XX found first (3, 7) is not 3 1
INFO:root:5237:XX found first (2, 8) is not 7 1
INFO:root:5237:XX found first (7, 7) is not 4 1
INFO:root:5237:XX found first (1, 3) is not 5 1
INFO:root:5237:XX found first (8, 8) is not 9 1
INFO:root:5237:XX found first (6, 1) is not 2 1
INFO:root:5237:XX found first (1, 5) is not 2 1
INFO:root:5237:XX found first (3, 9) is not 2 1
INFO:root:5237:XX found first (7, 1) is not 6 1
INFO:root:5237:XX found first (6, 9) is not 1 1
INFO:root:5237:XX found first (3, 3) is not 3 1
INFO:root:5237:XX found first (4, 9) is not 2 1
INFO:root:5237:XX found first (7, 6) is not 3 1
INFO:root:5237:XX found first (2, 2) is not 5 1
INFO:root:5237:XX found first (1, 4) is not 1 1
INFO:root:5237:XX found first (1, 8) is not 3 1
INFO:root:5237:XX found first (6, 6) is not 2 1
INFO:root:5237:XX found first (9, 6) is not 7 1
INFO:root:5237:XX found first (8, 3) is not 8 1
INFO:root:5237:XX found first (1, 6) is not 7 1
INFO:root:5237:XX found first (8, 3) is not 4 1
INFO:root:5237:XX found first (9, 4) is not 2 1
INFO:root:5237:XX found first (5, 8) is not 6 1
INFO:root:5238:XX found first (1, 6) is not 1 1
INFO:root:5238:XX found first (1, 1) is not 3 1
INFO:root:5238:XX found first (9, 7) is not 9 1
INFO:root:5238:XX found first (5, 9) is not 9 1
INFO:root:5238:XX found first (1, 4) is not 7 1
INFO:root:5238:XX found first (3, 9) is not 3 1
INFO:root:5238:XX found first (4, 4) is not 3 1
INFO:root:5238:XX found first (1, 5) is not 7 1
INFO:root:5238:XX found first (7, 6) is not 8 1
INFO:root:5238:XX found first (6, 9) is not 9 1
INFO:root:5238:XX found first (1, 4) is not 6 1
INFO:root:5238:XX found first (4, 6) is not 1 1
INFO:root:5238:XX found first (5, 1) is not 1 1
INFO:root:5238:XX found first (6, 2) is not 9 1
INFO:root:5238:XX found first (6, 1) is not 1 1
INFO:root:5238:XX found first (2, 8) is not 5 1
INFO:root:5238:XX found first (4, 1) is not 7 1
INFO:root:5238:XX found first (8, 9) is not 7 1
INFO:root:5250:Early exit from checkSmall1
INFO:root:5315:Starting Step 2
INFO:root:5802:Current state [[[[1, 2, 4, 9], [7], [1, 2, 8, 9], [4, 5, 8, 9], [4, 5, 8, 9], [3], [1, 2, 4], [6], [2, 4, 5, 8]], [[3, 4, 6, 9], [3, 4, 6, 8], [3, 8, 9], [1], [4, 5, 6, 7, 8, 9], [2], [3, 4], [3, 8], [3, 4, 5, 8]], [[1, 2, 3, 4, 6], [1, 2, 3, 4, 6, 8], [5], [4, 8], [4, 6, 8], [4, 6], [7], [1, 2, 3, 8], [9]], [[3, 4, 5, 9], [3, 4, 5], [7], [2], [3, 4, 5, 6, 8, 9], [4, 5, 6, 9], [3, 6], [3, 9], [1]], [[2, 3, 5, 9], [2, 3, 5], [6], [3, 5, 9], [1], [5, 7, 9], [8], [4], [2, 3, 7]], [[8], [1, 2, 3, 4], [1, 2, 3, 9], [3, 4, 9], [3, 4, 6, 7, 9], [4, 6, 7, 9], [5], [2, 3, 7, 9], [2, 3, 6, 7]], [[7], [1, 2, 3, 5, 6, 8], [4], [3, 5], [2, 3, 5], [1, 5], [9], [1, 2, 3, 8], [2, 3, 6, 8]], [[1, 2, 3, 5, 6], [1, 2, 3, 5, 6], [1, 2, 3], [7], [2, 3, 4, 5, 9], [8], [1, 2, 3, 4, 6], [1, 2, 3], [2, 3, 4, 6]], [[1, 2, 3], [9], [1, 2, 3, 8], [6], [2, 3, 4], [1, 4], [1, 2, 3, 4], [5], [2, 3, 4, 7, 8]]]]
INFO:root:5802:Doing checkSmall1
INFO:root:5802:Getting tiny MUSes, distance 1, for 207 puzlits, 1 repeats
INFO:root:5837:Chunked 207 in [13, 13, 13, 13, 13, 13, 13, 13, 13, 13, 13, 13, 13, 13, 13, 12]
INFO:root:5881:XX found first (6, 8) is 7 1
INFO:root:5882:XX found first (4, 5) is 8 1
INFO:root:5882:XX found first (8, 5) is 9 1
INFO:root:5882:XX found first (9, 9) is 7 1
INFO:root:5882:XX found first (2, 5) is 7 1
INFO:root:5894:Early exit from checkSmall1
INFO:root:5915:Starting Step 3
INFO:root:6414:Current state [[[[1, 2, 4, 9], [7], [1, 2, 8, 9], [4, 5, 8, 9], [4, 5, 8, 9], [3], [1, 2, 4], [6], [2, 4, 5, 8]], [[3, 4, 6, 9], [3, 4, 6, 8], [3, 8, 9], [1], [7], [2], [3, 4], [3, 8], [3, 4, 5, 8]], [[1, 2, 3, 4, 6], [1, 2, 3, 4, 6, 8], [5], [4, 8], [4, 6, 8], [4, 6], [7], [1, 2, 3, 8], [9]], [[3, 4, 5, 9], [3, 4, 5], [7], [2], [8], [4, 5, 6, 9], [3, 6], [3, 9], [1]], [[2, 3, 5, 9], [2, 3, 5], [6], [3, 5, 9], [1], [5, 7, 9], [8], [4], [2, 3, 7]], [[8], [1, 2, 3, 4], [1, 2, 3, 9], [3, 4, 9], [3, 4, 6, 7, 9], [4, 6, 7, 9], [5], [7], [2, 3, 6, 7]], [[7], [1, 2, 3, 5, 6, 8], [4], [3, 5], [2, 3, 5], [1, 5], [9], [1, 2, 3, 8], [2, 3, 6, 8]], [[1, 2, 3, 5, 6], [1, 2, 3, 5, 6], [1, 2, 3], [7], [9], [8], [1, 2, 3, 4, 6], [1, 2, 3], [2, 3, 4, 6]], [[1, 2, 3], [9], [1, 2, 3, 8], [6], [2, 3, 4], [1, 4], [1, 2, 3, 4], [5], [7]]]]
INFO:root:6414:Doing checkSmall1
INFO:root:6414:Getting tiny MUSes, distance 1, for 202 puzlits, 1 repeats
INFO:root:6451:Chunked 202 in [13, 13, 13, 13, 13, 13, 13, 13, 13, 13, 12, 12, 12, 12, 12, 12]
INFO:root:6507:XX found first (6, 5) is not 9 1
INFO:root:6507:XX found first (2, 5) is not 6 1
INFO:root:6507:XX found first (4, 5) is not 5 1
INFO:root:6507:XX found first (2, 5) is not 5 1
INFO:root:6507:XX found first (9, 9) is not 3 1
INFO:root:6507:XX found first (1, 5) is not 8 1
INFO:root:6507:XX found first (6, 6) is not 7 1
INFO:root:6507:XX found first (5, 9) is not 7 1
INFO:root:6507:XX found first (9, 9) is not 2 1
INFO:root:6507:XX found first (6, 9) is not 7 1
INFO:root:6507:XX found first (1, 5) is not 9 1
INFO:root:6507:XX found first (4, 5) is not 6 1
INFO:root:6507:XX found first (9, 9) is not 4 1
INFO:root:6507:XX found first (4, 5) is not 9 1
INFO:root:6507:XX found first (8, 5) is not 2 1
INFO:root:6507:XX found first (8, 5) is not 5 1
INFO:root:6507:XX found first (6, 8) is not 3 1
INFO:root:6508:XX found first (6, 8) is not 9 1
INFO:root:6508:XX found first (4, 5) is not 4 1
INFO:root:6508:XX found first (4, 5) is not 3 1
INFO:root:6508:XX found first (6, 5) is not 7 1
INFO:root:6508:XX found first (6, 8) is not 2 1
INFO:root:6508:XX found first (3, 5) is not 8 1
INFO:root:6508:XX found first (2, 5) is not 9 1
INFO:root:6508:XX found first (2, 5) is not 4 1
INFO:root:6508:XX found first (9, 9) is not 8 1
INFO:root:6508:XX found first (8, 5) is not 4 1
INFO:root:6508:XX found first (8, 5) is not 3 1
INFO:root:6508:XX found first (2, 5) is not 8 1
INFO:root:6520:Early exit from checkSmall1
INFO:root:6531:Starting Step 4
INFO:root:7053:Current state [[[[1, 2, 4, 9], [7], [1, 2, 8, 9], [4, 5, 8, 9], [4, 5], [3], [1, 2, 4], [6], [2, 4, 5, 8]], [[3, 4, 6, 9], [3, 4, 6, 8], [3, 8, 9], [1], [7], [2], [3, 4], [3, 8], [3, 4, 5, 8]], [[1, 2, 3, 4, 6], [1, 2, 3, 4, 6, 8], [5], [4, 8], [4, 6], [4, 6], [7], [1, 2, 3, 8], [9]], [[3, 4, 5, 9], [3, 4, 5], [7], [2], [8], [4, 5, 6, 9], [3, 6], [3, 9], [1]], [[2, 3, 5, 9], [2, 3, 5], [6], [3, 5, 9], [1], [5, 7, 9], [8], [4], [2, 3]], [[8], [1, 2, 3, 4], [1, 2, 3, 9], [3, 4, 9], [3, 4, 6], [4, 6, 9], [5], [7], [2, 3, 6]], [[7], [1, 2, 3, 5, 6, 8], [4], [3, 5], [2, 3, 5], [1, 5], [9], [1, 2, 3, 8], [2, 3, 6, 8]], [[1, 2, 3, 5, 6], [1, 2, 3, 5, 6], [1, 2, 3], [7], [9], [8], [1, 2, 3, 4, 6], [1, 2, 3], [2, 3, 4, 6]], [[1, 2, 3], [9], [1, 2, 3, 8], [6], [2, 3, 4], [1, 4], [1, 2, 3, 4], [5], [7]]]]
INFO:root:7053:Doing checkSmall1
INFO:root:7053:Getting tiny MUSes, distance 1, for 173 puzlits, 1 repeats
INFO:root:7089:Chunked 173 in [11, 11, 11, 11, 11, 11, 11, 11, 11, 11, 11, 11, 11, 10, 10, 10]
INFO:root:7129:XX found first (1, 4) is 9 1
INFO:root:7129:XX found first (2, 9) is 5 1
INFO:root:7129:XX found first (5, 6) is 7 1
INFO:root:7129:XX found first (9, 3) is 8 1
INFO:root:7130:XX found first (4, 8) is 9 1
INFO:root:7141:Early exit from checkSmall1
INFO:root:7162:Starting Step 5
INFO:root:7684:Current state [[[[1, 2, 4, 9], [7], [1, 2, 8, 9], [9], [4, 5], [3], [1, 2, 4], [6], [2, 4, 5, 8]], [[3, 4, 6, 9], [3, 4, 6, 8], [3, 8, 9], [1], [7], [2], [3, 4], [3, 8], [5]], [[1, 2, 3, 4, 6], [1, 2, 3, 4, 6, 8], [5], [4, 8], [4, 6], [4, 6], [7], [1, 2, 3, 8], [9]], [[3, 4, 5, 9], [3, 4, 5], [7], [2], [8], [4, 5, 6, 9], [3, 6], [9], [1]], [[2, 3, 5, 9], [2, 3, 5], [6], [3, 5, 9], [1], [7], [8], [4], [2, 3]], [[8], [1, 2, 3, 4], [1, 2, 3, 9], [3, 4, 9], [3, 4, 6], [4, 6, 9], [5], [7], [2, 3, 6]], [[7], [1, 2, 3, 5, 6, 8], [4], [3, 5], [2, 3, 5], [1, 5], [9], [1, 2, 3, 8], [2, 3, 6, 8]], [[1, 2, 3, 5, 6], [1, 2, 3, 5, 6], [1, 2, 3], [7], [9], [8], [1, 2, 3, 4, 6], [1, 2, 3], [2, 3, 4, 6]], [[1, 2, 3], [9], [8], [6], [2, 3, 4], [1, 4], [1, 2, 3, 4], [5], [7]]]]
INFO:root:7684:Doing checkSmall1
INFO:root:7684:Getting tiny MUSes, distance 1, for 168 puzlits, 1 repeats
INFO:root:7720:Chunked 168 in [11, 11, 11, 11, 11, 11, 11, 11, 10, 10, 10, 10, 10, 10, 10, 10]
INFO:root:7770:XX found first (5, 6) is not 9 1
INFO:root:7771:XX found first (1, 4) is not 8 1
INFO:root:7771:XX found first (4, 6) is not 9 1
INFO:root:7771:XX found first (9, 3) is not 2 1
INFO:root:7771:XX found first (2, 9) is not 3 1
INFO:root:7771:XX found first (1, 4) is not 4 1
INFO:root:7771:XX found first (5, 4) is not 9 1
INFO:root:7771:XX found first (6, 4) is not 9 1
INFO:root:7771:XX found first (7, 2) is not 8 1
INFO:root:7771:XX found first (9, 3) is not 1 1
INFO:root:7771:XX found first (9, 3) is not 3 1
INFO:root:7771:XX found first (2, 9) is not 4 1
INFO:root:7771:XX found first (1, 1) is not 9 1
INFO:root:7771:XX found first (1, 9) is not 5 1
INFO:root:7771:XX found first (2, 3) is not 8 1
INFO:root:7771:XX found first (4, 8) is not 3 1
INFO:root:7771:XX found first (1, 3) is not 9 1
INFO:root:7771:XX found first (1, 4) is not 5 1
INFO:root:7771:XX found first (1, 3) is not 8 1
INFO:root:7771:XX found first (4, 1) is not 9 1
INFO:root:7771:XX found first (2, 9) is not 8 1
INFO:root:7771:XX found first (5, 6) is not 5 1
INFO:root:7783:Early exit from checkSmall1
INFO:root:7793:Starting Step 6
INFO:root:8325:Current state [[[[1, 2, 4], [7], [1, 2], [9], [4, 5], [3], [1, 2, 4], [6], [2, 4, 8]], [[3, 4, 6, 9], [3, 4, 6, 8], [3, 9], [1], [7], [2], [3, 4], [3, 8], [5]], [[1, 2, 3, 4, 6], [1, 2, 3, 4, 6, 8], [5], [4, 8], [4, 6], [4, 6], [7], [1, 2, 3, 8], [9]], [[3, 4, 5], [3, 4, 5], [7], [2], [8], [4, 5, 6], [3, 6], [9], [1]], [[2, 3, 5, 9], [2, 3, 5], [6], [3, 5], [1], [7], [8], [4], [2, 3]], [[8], [1, 2, 3, 4], [1, 2, 3, 9], [3, 4], [3, 4, 6], [4, 6, 9], [5], [7], [2, 3, 6]], [[7], [1, 2, 3, 5, 6], [4], [3, 5], [2, 3, 5], [1, 5], [9], [1, 2, 3, 8], [2, 3, 6, 8]], [[1, 2, 3, 5, 6], [1, 2, 3, 5, 6], [1, 2, 3], [7], [9], [8], [1, 2, 3, 4, 6], [1, 2, 3], [2, 3, 4, 6]], [[1, 2, 3], [9], [8], [6], [2, 3, 4], [1, 4], [1, 2, 3, 4], [5], [7]]]]
INFO:root:8325:Doing checkSmall1
INFO:root:8326:Getting tiny MUSes, distance 1, for 146 puzlits, 1 repeats
INFO:root:8360:Chunked 146 in [10, 10, 9, 9, 9, 9, 9, 9, 9, 9, 9, 9, 9, 9, 9, 9]
INFO:root:8394:XX found first (5, 1) is 9 1
INFO:root:8394:XX found first (6, 6) is 9 1
INFO:root:8394:XX found first (1, 5) is 5 1
INFO:root:8394:XX found first (1, 9) is 8 1
INFO:root:8394:XX found first (3, 4) is 8 1
INFO:root:8406:Early exit from checkSmall1
INFO:root:8426:Starting Step 7
INFO:root:8961:Current state [[[[1, 2, 4], [7], [1, 2], [9], [5], [3], [1, 2, 4], [6], [8]], [[3, 4, 6, 9], [3, 4, 6, 8], [3, 9], [1], [7], [2], [3, 4], [3, 8], [5]], [[1, 2, 3, 4, 6], [1, 2, 3, 4, 6, 8], [5], [8], [4, 6], [4, 6], [7], [1, 2, 3, 8], [9]], [[3, 4, 5], [3, 4, 5], [7], [2], [8], [4, 5, 6], [3, 6], [9], [1]], [[9], [2, 3, 5], [6], [3, 5], [1], [7], [8], [4], [2, 3]], [[8], [1, 2, 3, 4], [1, 2, 3, 9], [3, 4], [3, 4, 6], [9], [5], [7], [2, 3, 6]], [[7], [1, 2, 3, 5, 6], [4], [3, 5], [2, 3, 5], [1, 5], [9], [1, 2, 3, 8], [2, 3, 6, 8]], [[1, 2, 3, 5, 6], [1, 2, 3, 5, 6], [1, 2, 3], [7], [9], [8], [1, 2, 3, 4, 6], [1, 2, 3], [2, 3, 4, 6]], [[1, 2, 3], [9], [8], [6], [2, 3, 4], [1, 4], [1, 2, 3, 4], [5], [7]]]]
INFO:root:8961:Doing checkSmall1
INFO:root:8961:Getting tiny MUSes, distance 1, for 141 puzlits, 1 repeats
INFO:root:8996:Chunked 141 in [9, 9, 9, 9, 9, 9, 9, 9, 9, 9, 9, 9, 9, 8, 8, 8]
INFO:root:9035:XX found first (3, 2) is not 8 1
INFO:root:9035:XX found first (7, 5) is not 5 1
INFO:root:9035:XX found first (6, 3) is not 9 1
INFO:root:9035:XX found first (5, 1) is not 3 1
INFO:root:9035:XX found first (1, 9) is not 2 1
INFO:root:9035:XX found first (5, 1) is not 5 1
INFO:root:9035:XX found first (1, 9) is not 4 1
INFO:root:9035:XX found first (1, 5) is not 4 1
INFO:root:9035:XX found first (7, 9) is not 8 1
INFO:root:9035:XX found first (6, 6) is not 6 1
INFO:root:9035:XX found first (6, 6) is not 4 1
INFO:root:9035:XX found first (5, 1) is not 2 1
INFO:root:9035:XX found first (2, 1) is not 9 1
INFO:root:9035:XX found first (2, 8) is not 8 1
INFO:root:9035:XX found first (3, 8) is not 8 1
INFO:root:9035:XX found first (3, 4) is not 4 1
INFO:root:9047:Early exit from checkSmall1
INFO:root:9057:Starting Step 8
INFO:root:9606:Current state [[[[1, 2, 4], [7], [1, 2], [9], [5], [3], [1, 2, 4], [6], [8]], [[3, 4, 6], [3, 4, 6, 8], [3, 9], [1], [7], [2], [3, 4], [3], [5]], [[1, 2, 3, 4, 6], [1, 2, 3, 4, 6], [5], [8], [4, 6], [4, 6], [7], [1, 2, 3], [9]], [[3, 4, 5], [3, 4, 5], [7], [2], [8], [4, 5, 6], [3, 6], [9], [1]], [[9], [2, 3, 5], [6], [3, 5], [1], [7], [8], [4], [2, 3]], [[8], [1, 2, 3, 4], [1, 2, 3], [3, 4], [3, 4, 6], [9], [5], [7], [2, 3, 6]], [[7], [1, 2, 3, 5, 6], [4], [3, 5], [2, 3], [1, 5], [9], [1, 2, 3, 8], [2, 3, 6]], [[1, 2, 3, 5, 6], [1, 2, 3, 5, 6], [1, 2, 3], [7], [9], [8], [1, 2, 3, 4, 6], [1, 2, 3], [2, 3, 4, 6]], [[1, 2, 3], [9], [8], [6], [2, 3, 4], [1, 4], [1, 2, 3, 4], [5], [7]]]]
INFO:root:9606:Doing checkSmall1
INFO:root:9606:Getting tiny MUSes, distance 1, for 125 puzlits, 1 repeats
INFO:root:9642:Chunked 125 in [8, 8, 8, 8, 8, 8, 8, 8, 8, 8, 8, 8, 8, 7, 7, 7]
INFO:root:9671:XX found first (2, 8) is 3 1
INFO:root:9671:XX found first (7, 8) is 8 1
INFO:root:9671:XX found first (2, 3) is 9 1
INFO:root:9671:XX found first (2, 2) is 8 1
INFO:root:9672:XX found first (8, 9) is 4 1
INFO:root:9672:XX found first (6, 4) is 4 1
INFO:root:9684:Early exit from checkSmall1
INFO:root:9709:Starting Step 9
INFO:root:10257:Current state [[[[1, 2, 4], [7], [1, 2], [9], [5], [3], [1, 2, 4], [6], [8]], [[3, 4, 6], [8], [9], [1], [7], [2], [3, 4], [3], [5]], [[1, 2, 3, 4, 6], [1, 2, 3, 4, 6], [5], [8], [4, 6], [4, 6], [7], [1, 2, 3], [9]], [[3, 4, 5], [3, 4, 5], [7], [2], [8], [4, 5, 6], [3, 6], [9], [1]], [[9], [2, 3, 5], [6], [3, 5], [1], [7], [8], [4], [2, 3]], [[8], [1, 2, 3, 4], [1, 2, 3], [4], [3, 4, 6], [9], [5], [7], [2, 3, 6]], [[7], [1, 2, 3, 5, 6], [4], [3, 5], [2, 3], [1, 5], [9], [8], [2, 3, 6]], [[1, 2, 3, 5, 6], [1, 2, 3, 5, 6], [1, 2, 3], [7], [9], [8], [1, 2, 3, 4, 6], [1, 2, 3], [4]], [[1, 2, 3], [9], [8], [6], [2, 3, 4], [1, 4], [1, 2, 3, 4], [5], [7]]]]
INFO:root:10257:Doing checkSmall1
INFO:root:10257:Getting tiny MUSes, distance 1, for 119 puzlits, 1 repeats
INFO:root:10292:Chunked 119 in [8, 8, 8, 8, 8, 8, 8, 7, 7, 7, 7, 7, 7, 7, 7, 7]
INFO:root:10325:XX found first (2, 2) is not 6 1
INFO:root:10326:XX found first (2, 7) is not 3 1
INFO:root:10326:XX found first (8, 9) is not 2 1
INFO:root:10326:XX found first (8, 7) is not 4 1
INFO:root:10326:XX found first (7, 8) is not 2 1
INFO:root:10326:XX found first (2, 3) is not 3 1
INFO:root:10326:XX found first (2, 1) is not 3 1
INFO:root:10326:XX found first (8, 8) is not 3 1
INFO:root:10326:XX found first (7, 8) is not 1 1
INFO:root:10326:XX found first (3, 8) is not 3 1
INFO:root:10326:XX found first (6, 2) is not 4 1
INFO:root:10326:XX found first (8, 9) is not 3 1
INFO:root:10326:XX found first (2, 2) is not 4 1
INFO:root:10326:XX found first (2, 2) is not 3 1
INFO:root:10326:XX found first (8, 9) is not 6 1
INFO:root:10326:XX found first (9, 7) is not 4 1
INFO:root:10326:XX found first (6, 4) is not 3 1
INFO:root:10326:XX found first (7, 8) is not 3 1
INFO:root:10326:XX found first (4, 6) is not 4 1
INFO:root:10326:XX found first (6, 5) is not 4 1
INFO:root:10338:Early exit from checkSmall1
INFO:root:10348:Starting Step 10
INFO:root:10908:Current state [[[[1, 2, 4], [7], [1, 2], [9], [5], [3], [1, 2, 4], [6], [8]], [[4, 6], [8], [9], [1], [7], [2], [4], [3], [5]], [[1, 2, 3, 4, 6], [1, 2, 3, 4, 6], [5], [8], [4, 6], [4, 6], [7], [1, 2], [9]], [[3, 4, 5], [3, 4, 5], [7], [2], [8], [5, 6], [3, 6], [9], [1]], [[9], [2, 3, 5], [6], [3, 5], [1], [7], [8], [4], [2, 3]], [[8], [1, 2, 3], [1, 2, 3], [4], [3, 6], [9], [5], [7], [2, 3, 6]], [[7], [1, 2, 3, 5, 6], [4], [3, 5], [2, 3], [1, 5], [9], [8], [2, 3, 6]], [[1, 2, 3, 5, 6], [1, 2, 3, 5, 6], [1, 2, 3], [7], [9], [8], [1, 2, 3, 6], [1, 2], [4]], [[1, 2, 3], [9], [8], [6], [2, 3, 4], [1, 4], [1, 2, 3], [5], [7]]]]
INFO:root:10908:Doing checkSmall1
INFO:root:10908:Getting tiny MUSes, distance 1, for 99 puzlits, 1 repeats
INFO:root:10942:Chunked 99 in [7, 7, 7, 6, 6, 6, 6, 6, 6, 6, 6, 6, 6, 6, 6, 6]
INFO:root:10972:XX found first (2, 1) is 6 1
INFO:root:10972:XX found first (2, 7) is 4 1
INFO:root:10983:Early exit from checkSmall1
INFO:root:10995:Starting Step 11
INFO:root:11569:Current state [[[[1, 2, 4], [7], [1, 2], [9], [5], [3], [1, 2, 4], [6], [8]], [[6], [8], [9], [1], [7], [2], [4], [3], [5]], [[1, 2, 3, 4, 6], [1, 2, 3, 4, 6], [5], [8], [4, 6], [4, 6], [7], [1, 2], [9]], [[3, 4, 5], [3, 4, 5], [7], [2], [8], [5, 6], [3, 6], [9], [1]], [[9], [2, 3, 5], [6], [3, 5], [1], [7], [8], [4], [2, 3]], [[8], [1, 2, 3], [1, 2, 3], [4], [3, 6], [9], [5], [7], [2, 3, 6]], [[7], [1, 2, 3, 5, 6], [4], [3, 5], [2, 3], [1, 5], [9], [8], [2, 3, 6]], [[1, 2, 3, 5, 6], [1, 2, 3, 5, 6], [1, 2, 3], [7], [9], [8], [1, 2, 3, 6], [1, 2], [4]], [[1, 2, 3], [9], [8], [6], [2, 3, 4], [1, 4], [1, 2, 3], [5], [7]]]]
INFO:root:11570:Doing checkSmall1
INFO:root:11570:Getting tiny MUSes, distance 1, for 97 puzlits, 1 repeats
INFO:root:11605:Chunked 97 in [7, 6, 6, 6, 6, 6, 6, 6, 6, 6, 6, 6, 6, 6, 6, 6]
INFO:root:11629:XX found first (3, 1) is not 6 1
INFO:root:11629:XX found first (2, 1) is not 4 1
INFO:root:11629:XX found first (3, 2) is not 6 1
INFO:root:11629:XX found first (8, 1) is not 6 1
INFO:root:11629:XX found first (1, 7) is not 4 1
INFO:root:11641:Early exit from checkSmall1
INFO:root:11649:Starting Step 12
INFO:root:12215:Current state [[[[1, 2, 4], [7], [1, 2], [9], [5], [3], [1, 2], [6], [8]], [[6], [8], [9], [1], [7], [2], [4], [3], [5]], [[1, 2, 3, 4], [1, 2, 3, 4], [5], [8], [4, 6], [4, 6], [7], [1, 2], [9]], [[3, 4, 5], [3, 4, 5], [7], [2], [8], [5, 6], [3, 6], [9], [1]], [[9], [2, 3, 5], [6], [3, 5], [1], [7], [8], [4], [2, 3]], [[8], [1, 2, 3], [1, 2, 3], [4], [3, 6], [9], [5], [7], [2, 3, 6]], [[7], [1, 2, 3, 5, 6], [4], [3, 5], [2, 3], [1, 5], [9], [8], [2, 3, 6]], [[1, 2, 3, 5], [1, 2, 3, 5, 6], [1, 2, 3], [7], [9], [8], [1, 2, 3, 6], [1, 2], [4]], [[1, 2, 3], [9], [8], [6], [2, 3, 4], [1, 4], [1, 2, 3], [5], [7]]]]
INFO:root:12215:Doing checkSmall1
INFO:root:12215:Getting tiny MUSes, distance 1, for 92 puzlits, 1 repeats
INFO:root:12250:Chunked 92 in [6, 6, 6, 6, 6, 6, 6, 6, 6, 6, 6, 6, 5, 5, 5, 5]
INFO:root:12273:XX found first (1, 1) is 4 1
INFO:root:12285:Early exit from checkSmall1
INFO:root:12296:Starting Step 13
INFO:root:12872:Current state [[[[4], [7], [1, 2], [9], [5], [3], [1, 2], [6], [8]], [[6], [8], [9], [1], [7], [2], [4], [3], [5]], [[1, 2, 3, 4], [1, 2, 3, 4], [5], [8], [4, 6], [4, 6], [7], [1, 2], [9]], [[3, 4, 5], [3, 4, 5], [7], [2], [8], [5, 6], [3, 6], [9], [1]], [[9], [2, 3, 5], [6], [3, 5], [1], [7], [8], [4], [2, 3]], [[8], [1, 2, 3], [1, 2, 3], [4], [3, 6], [9], [5], [7], [2, 3, 6]], [[7], [1, 2, 3, 5, 6], [4], [3, 5], [2, 3], [1, 5], [9], [8], [2, 3, 6]], [[1, 2, 3, 5], [1, 2, 3, 5, 6], [1, 2, 3], [7], [9], [8], [1, 2, 3, 6], [1, 2], [4]], [[1, 2, 3], [9], [8], [6], [2, 3, 4], [1, 4], [1, 2, 3], [5], [7]]]]
INFO:root:12873:Doing checkSmall1
INFO:root:12873:Getting tiny MUSes, distance 1, for 91 puzlits, 1 repeats
INFO:root:12909:Chunked 91 in [6, 6, 6, 6, 6, 6, 6, 6, 6, 6, 6, 5, 5, 5, 5, 5]
INFO:root:12933:XX found first (1, 1) is not 2 1
INFO:root:12933:XX found first (4, 1) is not 4 1
INFO:root:12933:XX found first (3, 2) is not 4 1
INFO:root:12933:XX found first (1, 1) is not 1 1
INFO:root:12933:XX found first (3, 1) is not 4 1
INFO:root:12945:Early exit from checkSmall1
INFO:root:12953:Starting Step 14
INFO:root:13525:Current state [[[[4], [7], [1, 2], [9], [5], [3], [1, 2], [6], [8]], [[6], [8], [9], [1], [7], [2], [4], [3], [5]], [[1, 2, 3], [1, 2, 3], [5], [8], [4, 6], [4, 6], [7], [1, 2], [9]], [[3, 5], [3, 4, 5], [7], [2], [8], [5, 6], [3, 6], [9], [1]], [[9], [2, 3, 5], [6], [3, 5], [1], [7], [8], [4], [2, 3]], [[8], [1, 2, 3], [1, 2, 3], [4], [3, 6], [9], [5], [7], [2, 3, 6]], [[7], [1, 2, 3, 5, 6], [4], [3, 5], [2, 3], [1, 5], [9], [8], [2, 3, 6]], [[1, 2, 3, 5], [1, 2, 3, 5, 6], [1, 2, 3], [7], [9], [8], [1, 2, 3, 6], [1, 2], [4]], [[1, 2, 3], [9], [8], [6], [2, 3, 4], [1, 4], [1, 2, 3], [5], [7]]]]
INFO:root:13526:Doing checkSmall1
INFO:root:13526:Getting tiny MUSes, distance 1, for 86 puzlits, 1 repeats
INFO:root:13560:Chunked 86 in [6, 6, 6, 6, 6, 6, 5, 5, 5, 5, 5, 5, 5, 5, 5, 5]
INFO:root:13583:XX found first (4, 2) is 4 1
INFO:root:13594:Early exit from checkSmall1
INFO:root:13606:Starting Step 15
INFO:root:14180:Current state [[[[4], [7], [1, 2], [9], [5], [3], [1, 2], [6], [8]], [[6], [8], [9], [1], [7], [2], [4], [3], [5]], [[1, 2, 3], [1, 2, 3], [5], [8], [4, 6], [4, 6], [7], [1, 2], [9]], [[3, 5], [4], [7], [2], [8], [5, 6], [3, 6], [9], [1]], [[9], [2, 3, 5], [6], [3, 5], [1], [7], [8], [4], [2, 3]], [[8], [1, 2, 3], [1, 2, 3], [4], [3, 6], [9], [5], [7], [2, 3, 6]], [[7], [1, 2, 3, 5, 6], [4], [3, 5], [2, 3], [1, 5], [9], [8], [2, 3, 6]], [[1, 2, 3, 5], [1, 2, 3, 5, 6], [1, 2, 3], [7], [9], [8], [1, 2, 3, 6], [1, 2], [4]], [[1, 2, 3], [9], [8], [6], [2, 3, 4], [1, 4], [1, 2, 3], [5], [7]]]]
INFO:root:14180:Doing checkSmall1
INFO:root:14180:Getting tiny MUSes, distance 1, for 85 puzlits, 1 repeats
INFO:root:14215:Chunked 85 in [6, 6, 6, 6, 6, 5, 5, 5, 5, 5, 5, 5, 5, 5, 5, 5]
INFO:root:14237:XX found first (4, 2) is not 3 1
INFO:root:14238:XX found first (4, 2) is not 5 1
INFO:root:14249:Early exit from checkSmall1
INFO:root:14257:Starting Step 16
INFO:root:14829:Current state [[[[4], [7], [1, 2], [9], [5], [3], [1, 2], [6], [8]], [[6], [8], [9], [1], [7], [2], [4], [3], [5]], [[1, 2, 3], [1, 2, 3], [5], [8], [4, 6], [4, 6], [7], [1, 2], [9]], [[3, 5], [4], [7], [2], [8], [5, 6], [3, 6], [9], [1]], [[9], [2, 3, 5], [6], [3, 5], [1], [7], [8], [4], [2, 3]], [[8], [1, 2, 3], [1, 2, 3], [4], [3, 6], [9], [5], [7], [2, 3, 6]], [[7], [1, 2, 3, 5, 6], [4], [3, 5], [2, 3], [1, 5], [9], [8], [2, 3, 6]], [[1, 2, 3, 5], [1, 2, 3, 5, 6], [1, 2, 3], [7], [9], [8], [1, 2, 3, 6], [1, 2], [4]], [[1, 2, 3], [9], [8], [6], [2, 3, 4], [1, 4], [1, 2, 3], [5], [7]]]]
INFO:root:14829:Doing checkSmall1
INFO:root:14829:Getting tiny MUSes, distance 1, for 83 puzlits, 1 repeats
INFO:root:14864:Chunked 83 in [6, 6, 6, 5, 5, 5, 5, 5, 5, 5, 5, 5, 5, 5, 5, 5]
INFO:root:14933:Considering 100 * 83 jobs for minsize=3
INFO:root:14950:Chunked 8300 in [519, 519, 519, 519, 519, 519, 519, 519, 519, 519, 519, 519, 518, 518, 518, 518]
INFO:root:1666242:Considering 100 * 83 jobs for minsize=4
INFO:root:1666320:Chunked 8300 in [519, 519, 519, 519, 519, 519, 519, 519, 519, 519, 519, 519, 518, 518, 518, 518]
INFO:root:3559618:!! Found smaller !!!! 3 4
INFO:root:3559618:XX found first (7, 2) is not 5 3
INFO:root:3559619:!! Found smaller !!!! 3 4
INFO:root:3559619:XX found first (7, 9) is not 2 3
INFO:root:3559619:!! Found smaller !!!! 3 4
INFO:root:3559619:XX add new best (7, 9) is not 2 3 3
INFO:root:3559619:!! Found smaller !!!! 3 4
INFO:root:3559619:XX add new best (7, 2) is not 5 3 3
INFO:root:3559619:!! Found smaller !!!! 3 4
INFO:root:3559619:XX add new best (7, 9) is not 2 3 3
INFO:root:3559619:!! Found smaller !!!! 3 4
INFO:root:3559619:XX add new best (7, 9) is not 2 3 3
INFO:root:3559619:!! Found smaller !!!! 3 4
INFO:root:3559619:XX add new best (7, 9) is not 2 3 3
INFO:root:3559619:!! Found smaller !!!! 3 4
INFO:root:3559619:XX add new best (7, 9) is not 2 3 3
INFO:root:3559620:!! Found smaller !!!! 3 4
INFO:root:3559620:XX add new best (7, 9) is not 2 3 3
INFO:root:3559620:!! Found smaller !!!! 3 4
INFO:root:3559620:XX add new best (7, 2) is not 5 3 3
INFO:root:3559620:!! Found smaller !!!! 3 4
INFO:root:3559620:XX add new best (7, 2) is not 5 3 3
INFO:root:3559620:!! Found smaller !!!! 3 4
INFO:root:3559620:XX add new best (7, 9) is not 2 3 3
INFO:root:3559620:!! Found smaller !!!! 3 4
INFO:root:3559620:XX add new best (7, 2) is not 5 3 3
INFO:root:3559620:!! Found smaller !!!! 3 4
INFO:root:3559620:XX add new best (7, 2) is not 5 3 3
INFO:root:3559620:!! Found smaller !!!! 3 4
INFO:root:3559620:XX add new best (7, 2) is not 5 3 3
INFO:root:3559620:!! Found smaller !!!! 3 4
INFO:root:3559620:XX add new best (7, 2) is not 5 3 3
INFO:root:3559621:!! Found smaller !!!! 3 4
INFO:root:3559621:XX add new best (7, 9) is not 2 3 3
INFO:root:3559621:!! Found smaller !!!! 3 4
INFO:root:3559621:XX add new best (7, 2) is not 5 3 3
INFO:root:3559621:!! Found smaller !!!! 3 4
INFO:root:3559621:XX add new best (7, 2) is not 5 3 3
INFO:root:3559621:!! Found smaller !!!! 3 4
INFO:root:3559621:XX add new best (7, 2) is not 5 3 3
INFO:root:3559621:!! Found smaller !!!! 3 4
INFO:root:3559621:XX add new best (7, 9) is not 2 3 3
INFO:root:3559621:!! Found smaller !!!! 3 4
INFO:root:3559621:XX add new best (7, 2) is not 5 3 3
INFO:root:3559621:!! Found smaller !!!! 3 4
INFO:root:3559621:XX add new best (7, 9) is not 2 3 3
INFO:root:3559621:!! Found smaller !!!! 3 4
INFO:root:3559621:XX add new best (7, 9) is not 2 3 3
INFO:root:3559622:!! Found smaller !!!! 3 4
INFO:root:3559622:XX add new best (7, 2) is not 5 3 3
INFO:root:3559622:!! Found smaller !!!! 3 4
INFO:root:3559622:XX add new best (7, 2) is not 5 3 3
INFO:root:3559622:!! Found smaller !!!! 3 4
INFO:root:3559622:XX add new best (7, 2) is not 5 3 3
INFO:root:3559622:!! Found smaller !!!! 3 4
INFO:root:3559622:XX add new best (7, 2) is not 5 3 3
INFO:root:3559622:!! Found smaller !!!! 3 4
INFO:root:3559622:XX add new best (7, 9) is not 2 3 3
INFO:root:3559622:!! Found smaller !!!! 3 4
INFO:root:3559622:XX add new best (7, 2) is not 5 3 3
INFO:root:3559623:!! Found smaller !!!! 3 4
INFO:root:3559623:XX add new best (7, 2) is not 5 3 3
INFO:root:3559623:!! Found smaller !!!! 3 4
INFO:root:3559623:XX add new best (7, 9) is not 2 3 3
INFO:root:3559623:!! Found smaller !!!! 3 4
INFO:root:3559623:XX add new best (7, 2) is not 5 3 3
INFO:root:3559623:!! Found smaller !!!! 3 4
INFO:root:3559623:XX add new best (7, 2) is not 5 3 3
INFO:root:3559623:!! Found smaller !!!! 3 4
INFO:root:3559623:XX add new best (7, 2) is not 5 3 3
INFO:root:3559623:!! Found smaller !!!! 3 4
INFO:root:3559623:XX add new best (7, 9) is not 2 3 3
INFO:root:3559623:!! Found smaller !!!! 3 4
INFO:root:3559623:XX add new best (7, 2) is not 5 3 3
INFO:root:3559623:!! Found smaller !!!! 3 4
INFO:root:3559623:XX add new best (7, 2) is not 5 3 3
INFO:root:3559623:!! Found smaller !!!! 3 4
INFO:root:3559624:XX add new best (7, 2) is not 5 3 3
INFO:root:3559624:!! Found smaller !!!! 3 4
INFO:root:3559624:XX add new best (7, 2) is not 5 3 3
INFO:root:3559624:!! Found smaller !!!! 3 4
INFO:root:3559624:XX add new best (7, 2) is not 5 3 3
INFO:root:3559624:!! Found smaller !!!! 3 4
INFO:root:3559624:XX add new best (7, 9) is not 2 3 3
INFO:root:3559624:!! Found smaller !!!! 3 4
INFO:root:3559624:XX add new best (7, 2) is not 5 3 3
INFO:root:3559624:!! Found smaller !!!! 3 4
INFO:root:3559624:XX add new best (7, 2) is not 5 3 3
INFO:root:3559624:!! Found smaller !!!! 3 4
INFO:root:3559624:XX add new best (7, 9) is not 2 3 3
INFO:root:3559624:!! Found smaller !!!! 3 4
INFO:root:3559624:XX add new best (7, 2) is not 5 3 3
INFO:root:3559624:!! Found smaller !!!! 3 4
INFO:root:3559625:XX add new best (7, 2) is not 5 3 3
INFO:root:3559625:!! Found smaller !!!! 3 4
INFO:root:3559625:XX add new best (7, 2) is not 5 3 3
INFO:root:3559625:!! Found smaller !!!! 3 4
INFO:root:3559625:XX add new best (7, 9) is not 2 3 3
INFO:root:3559625:!! Found smaller !!!! 3 4
INFO:root:3559625:XX add new best (7, 2) is not 5 3 3
INFO:root:3559625:!! Found smaller !!!! 3 4
INFO:root:3559625:XX add new best (7, 2) is not 5 3 3
INFO:root:3559625:!! Found smaller !!!! 3 4
INFO:root:3559625:XX add new best (7, 2) is not 5 3 3
INFO:root:3559707:Minimal choices : 2 [(7, 2) is not 5, (7, 9) is not 2]
INFO:root:3559708:Starting Step 17
INFO:root:3560289:Current state [[[[4], [7], [1, 2], [9], [5], [3], [1, 2], [6], [8]], [[6], [8], [9], [1], [7], [2], [4], [3], [5]], [[1, 2, 3], [1, 2, 3], [5], [8], [4, 6], [4, 6], [7], [1, 2], [9]], [[3, 5], [4], [7], [2], [8], [5, 6], [3, 6], [9], [1]], [[9], [2, 3, 5], [6], [3, 5], [1], [7], [8], [4], [2, 3]], [[8], [1, 2, 3], [1, 2, 3], [4], [3, 6], [9], [5], [7], [2, 3, 6]], [[7], [1, 2, 3, 5, 6], [4], [3, 5], [2, 3], [1, 5], [9], [8], [2, 3, 6]], [[1, 2, 3, 5], [1, 2, 3, 5, 6], [1, 2, 3], [7], [9], [8], [1, 2, 6], [1, 2], [4]], [[1, 2, 3], [9], [8], [6], [2, 3, 4], [1, 4], [1, 2, 3], [5], [7]]]]
INFO:root:3560289:Doing checkSmall1
INFO:root:3560289:Getting tiny MUSes, distance 1, for 82 puzlits, 1 repeats
INFO:root:3560326:Chunked 82 in [6, 6, 5, 5, 5, 5, 5, 5, 5, 5, 5, 5, 5, 5, 5, 5]
INFO:root:3560397:Chunked 52 in [4, 4, 4, 4, 3, 3, 3, 3, 3, 3, 3, 3, 3, 3, 3, 3]
INFO:root:3560428:XX found first (7, 9) is not 2 3
INFO:root:3560428:XX found first (7, 2) is not 5 3
INFO:root:3560428:XX add new best (7, 2) is not 5 3 3
INFO:root:3560428:XX add new best (7, 9) is not 2 3 3
INFO:root:3560429:XX add new best (7, 2) is not 5 3 3
INFO:root:3560429:XX add new best (7, 9) is not 2 3 3
INFO:root:3560429:XX add new best (7, 2) is not 5 3 3
INFO:root:3560429:XX add new best (7, 9) is not 2 3 3
INFO:root:3560429:XX add new best (7, 2) is not 5 3 3
INFO:root:3560429:XX add new best (7, 9) is not 2 3 3
INFO:root:3560429:XX add new best (7, 2) is not 5 3 3
INFO:root:3560429:XX add new best (7, 2) is not 5 3 3
INFO:root:3560429:XX add new best (7, 2) is not 5 3 3
INFO:root:3560429:XX add new best (7, 2) is not 5 3 3
INFO:root:3560429:XX add new best (7, 9) is not 2 3 3
INFO:root:3560429:XX add new best (7, 2) is not 5 3 3
INFO:root:3560429:XX add new best (7, 2) is not 5 3 3
INFO:root:3560430:XX add new best (7, 2) is not 5 3 3
INFO:root:3560430:XX add new best (7, 9) is not 2 3 3
INFO:root:3560430:XX add new best (7, 2) is not 5 3 3
INFO:root:3560430:XX add new best (7, 2) is not 5 3 3
INFO:root:3560430:XX add new best (7, 9) is not 2 3 3
INFO:root:3560430:XX add new best (7, 2) is not 5 3 3
INFO:root:3560430:XX add new best (7, 9) is not 2 3 3
INFO:root:3560430:XX add new best (7, 2) is not 5 3 3
INFO:root:3560430:XX add new best (7, 2) is not 5 3 3
INFO:root:3560430:XX add new best (7, 2) is not 5 3 3
INFO:root:3560430:XX add new best (7, 2) is not 5 3 3
INFO:root:3560430:XX add new best (7, 2) is not 5 3 3
INFO:root:3560430:XX add new best (7, 9) is not 2 3 3
INFO:root:3560430:XX add new best (7, 9) is not 2 3 3
INFO:root:3560431:XX add new best (7, 2) is not 5 3 3
INFO:root:3560431:XX add new best (7, 2) is not 5 3 3
INFO:root:3560431:XX add new best (7, 9) is not 2 3 3
INFO:root:3560431:XX add new best (7, 9) is not 2 3 3
INFO:root:3560431:XX add new best (7, 2) is not 5 3 3
INFO:root:3560431:XX add new best (7, 2) is not 5 3 3
INFO:root:3560431:XX add new best (7, 2) is not 5 3 3
INFO:root:3560431:XX add new best (7, 2) is not 5 3 3
INFO:root:3560431:XX add new best (7, 9) is not 2 3 3
INFO:root:3560431:XX add new best (7, 2) is not 5 3 3
INFO:root:3560431:XX add new best (7, 2) is not 5 3 3
INFO:root:3560431:XX add new best (7, 9) is not 2 3 3
INFO:root:3560431:XX add new best (7, 2) is not 5 3 3
INFO:root:3560431:XX add new best (7, 9) is not 2 3 3
INFO:root:3560431:XX add new best (7, 2) is not 5 3 3
INFO:root:3560432:XX add new best (7, 9) is not 2 3 3
INFO:root:3560432:XX add new best (7, 9) is not 2 3 3
INFO:root:3560432:XX add new best (7, 2) is not 5 3 3
INFO:root:3560432:XX add new best (7, 2) is not 5 3 3
INFO:root:3560432:XX add new best (7, 2) is not 5 3 3
INFO:root:3560432:XX add new best (7, 2) is not 5 3 3
INFO:root:3560480:Considering 100 * 82 jobs for minsize=3
INFO:root:3560497:Chunked 8200 in [513, 513, 513, 513, 513, 513, 513, 513, 512, 512, 512, 512, 512, 512, 512, 512]
INFO:root:5256484:Minimal choices : 2 [(7, 2) is not 5, (7, 9) is not 2]
INFO:root:5256484:Starting Step 18
INFO:root:5257071:Current state [[[[4], [7], [1, 2], [9], [5], [3], [1, 2], [6], [8]], [[6], [8], [9], [1], [7], [2], [4], [3], [5]], [[1, 2, 3], [1, 2, 3], [5], [8], [4, 6], [4, 6], [7], [1, 2], [9]], [[3, 5], [4], [7], [2], [8], [5, 6], [3, 6], [9], [1]], [[9], [2, 3, 5], [6], [3, 5], [1], [7], [8], [4], [2]], [[8], [1, 2, 3], [1, 2, 3], [4], [3, 6], [9], [5], [7], [2, 3, 6]], [[7], [1, 2, 3, 5, 6], [4], [3, 5], [2, 3], [1, 5], [9], [8], [2, 3, 6]], [[1, 2, 3, 5], [1, 2, 3, 5, 6], [1, 2, 3], [7], [9], [8], [1, 2, 6], [1, 2], [4]], [[1, 2, 3], [9], [8], [6], [2, 3, 4], [1, 4], [1, 2, 3], [5], [7]]]]
INFO:root:5257071:Doing checkSmall1
INFO:root:5257071:Getting tiny MUSes, distance 1, for 81 puzlits, 1 repeats
INFO:root:5257110:Chunked 81 in [6, 5, 5, 5, 5, 5, 5, 5, 5, 5, 5, 5, 5, 5, 5, 5]
INFO:root:5257130:XX found first (5, 9) is 2 1
INFO:root:5257143:Early exit from checkSmall1
INFO:root:5257155:Starting Step 19
INFO:root:5257730:Current state [[[[4], [7], [1, 2], [9], [5], [3], [1, 2], [6], [8]], [[6], [8], [9], [1], [7], [2], [4], [3], [5]], [[1, 2, 3], [1, 2, 3], [5], [8], [4, 6], [4, 6], [7], [1, 2], [9]], [[3, 5], [4], [7], [2], [8], [5, 6], [3, 6], [9], [1]], [[9], [2, 3, 5], [6], [3, 5], [1], [7], [8], [4], [2]], [[8], [1, 2, 3], [1, 2, 3], [4], [3, 6], [9], [5], [7], [2, 3, 6]], [[7], [1, 2, 3, 5, 6], [4], [3, 5], [2, 3], [1, 5], [9], [8], [2, 3, 6]], [[1, 2, 3, 5], [1, 2, 3, 5, 6], [1, 2, 3], [7], [9], [8], [1, 2, 6], [1, 2], [4]], [[1, 2, 3], [9], [8], [6], [2, 3, 4], [1, 4], [1, 2, 3], [5], [7]]]]
INFO:root:5257730:Doing checkSmall1
INFO:root:5257730:Getting tiny MUSes, distance 1, for 80 puzlits, 1 repeats
INFO:root:5257766:Chunked 80 in [5, 5, 5, 5, 5, 5, 5, 5, 5, 5, 5, 5, 5, 5, 5, 5]
INFO:root:5257794:XX found first (5, 2) is not 2 1
INFO:root:5257794:XX found first (6, 9) is not 2 1
INFO:root:5257794:XX found first (7, 9) is not 2 1
INFO:root:5257807:Early exit from checkSmall1
INFO:root:5257815:Starting Step 20
INFO:root:5258407:Current state [[[[4], [7], [1, 2], [9], [5], [3], [1, 2], [6], [8]], [[6], [8], [9], [1], [7], [2], [4], [3], [5]], [[1, 2, 3], [1, 2, 3], [5], [8], [4, 6], [4, 6], [7], [1, 2], [9]], [[3, 5], [4], [7], [2], [8], [5, 6], [3, 6], [9], [1]], [[9], [3, 5], [6], [3, 5], [1], [7], [8], [4], [2]], [[8], [1, 2, 3], [1, 2, 3], [4], [3, 6], [9], [5], [7], [3, 6]], [[7], [1, 2, 3, 5, 6], [4], [3, 5], [2, 3], [1, 5], [9], [8], [3, 6]], [[1, 2, 3, 5], [1, 2, 3, 5, 6], [1, 2, 3], [7], [9], [8], [1, 2, 6], [1, 2], [4]], [[1, 2, 3], [9], [8], [6], [2, 3, 4], [1, 4], [1, 2, 3], [5], [7]]]]
INFO:root:5258407:Doing checkSmall1
INFO:root:5258407:Getting tiny MUSes, distance 1, for 77 puzlits, 1 repeats
INFO:root:5258444:Chunked 77 in [5, 5, 5, 5, 5, 5, 5, 5, 5, 5, 5, 5, 5, 4, 4, 4]
INFO:root:5258514:Chunked 34 in [3, 3, 2, 2, 2, 2, 2, 2, 2, 2, 2, 2, 2, 2, 2, 2]
INFO:root:5258536:XX found first (7, 2) is not 5 3
INFO:root:5258536:XX add new best (7, 2) is not 5 3 3
INFO:root:5258536:XX add new best (7, 2) is not 5 3 3
INFO:root:5258536:XX add new best (7, 2) is not 5 3 3
INFO:root:5258536:XX add new best (7, 2) is not 5 3 3
INFO:root:5258536:XX add new best (7, 2) is not 5 3 3
INFO:root:5258536:XX add new best (7, 2) is not 5 3 3
INFO:root:5258536:XX add new best (7, 2) is not 5 3 3
INFO:root:5258536:XX add new best (7, 2) is not 5 3 3
INFO:root:5258536:XX add new best (7, 2) is not 5 3 3
INFO:root:5258536:XX add new best (7, 2) is not 5 3 3
INFO:root:5258537:XX add new best (7, 2) is not 5 3 3
INFO:root:5258537:XX add new best (7, 2) is not 5 3 3
INFO:root:5258537:XX add new best (7, 2) is not 5 3 3
INFO:root:5258537:XX add new best (7, 2) is not 5 3 3
INFO:root:5258537:XX add new best (7, 2) is not 5 3 3
INFO:root:5258537:XX add new best (7, 2) is not 5 3 3
INFO:root:5258537:XX add new best (7, 2) is not 5 3 3
INFO:root:5258537:XX add new best (7, 2) is not 5 3 3
INFO:root:5258537:XX add new best (7, 2) is not 5 3 3
INFO:root:5258537:XX add new best (7, 2) is not 5 3 3
INFO:root:5258537:XX add new best (7, 2) is not 5 3 3
INFO:root:5258537:XX add new best (7, 2) is not 5 3 3
INFO:root:5258537:XX add new best (7, 2) is not 5 3 3
INFO:root:5258537:XX add new best (7, 2) is not 5 3 3
INFO:root:5258537:XX add new best (7, 2) is not 5 3 3
INFO:root:5258538:XX add new best (7, 2) is not 5 3 3
INFO:root:5258538:XX add new best (7, 2) is not 5 3 3
INFO:root:5258538:XX add new best (7, 2) is not 5 3 3
INFO:root:5258538:XX add new best (7, 2) is not 5 3 3
INFO:root:5258538:XX add new best (7, 2) is not 5 3 3
INFO:root:5258538:XX add new best (7, 2) is not 5 3 3
INFO:root:5258538:XX add new best (7, 2) is not 5 3 3
INFO:root:5258538:XX add new best (7, 2) is not 5 3 3
INFO:root:5258586:Considering 100 * 77 jobs for minsize=3
INFO:root:5258602:Chunked 7700 in [482, 482, 482, 482, 481, 481, 481, 481, 481, 481, 481, 481, 481, 481, 481, 481]
INFO:root:7002288:Minimal choices : 1 [(7, 2) is not 5]
INFO:root:7002288:Starting Step 21
INFO:root:7002875:Current state [[[[4], [7], [1, 2], [9], [5], [3], [1, 2], [6], [8]], [[6], [8], [9], [1], [7], [2], [4], [3], [5]], [[1, 2, 3], [1, 2, 3], [5], [8], [4, 6], [4, 6], [7], [1, 2], [9]], [[3, 5], [4], [7], [2], [8], [5, 6], [3, 6], [9], [1]], [[9], [3, 5], [6], [3, 5], [1], [7], [8], [4], [2]], [[8], [1, 2], [1, 2, 3], [4], [3, 6], [9], [5], [7], [3, 6]], [[7], [1, 2, 3, 5, 6], [4], [3, 5], [2, 3], [1, 5], [9], [8], [3, 6]], [[1, 2, 3, 5], [1, 2, 3, 5, 6], [1, 2, 3], [7], [9], [8], [1, 2, 6], [1, 2], [4]], [[1, 2, 3], [9], [8], [6], [2, 3, 4], [1, 4], [1, 2, 3], [5], [7]]]]
INFO:root:7002875:Doing checkSmall1
INFO:root:7002875:Getting tiny MUSes, distance 1, for 76 puzlits, 1 repeats
INFO:root:7002913:Chunked 76 in [5, 5, 5, 5, 5, 5, 5, 5, 5, 5, 5, 5, 4, 4, 4, 4]
INFO:root:7002981:Chunked 34 in [3, 3, 2, 2, 2, 2, 2, 2, 2, 2, 2, 2, 2, 2, 2, 2]
INFO:root:7003006:XX found first (7, 2) is not 5 3
INFO:root:7003006:XX add new best (7, 2) is not 5 3 3
INFO:root:7003006:XX add new best (7, 2) is not 5 3 3
INFO:root:7003006:XX add new best (7, 2) is not 5 3 3
INFO:root:7003006:XX add new best (7, 2) is not 5 3 3
INFO:root:7003006:XX add new best (7, 2) is not 5 3 3
INFO:root:7003006:XX add new best (7, 2) is not 5 3 3
INFO:root:7003006:XX add new best (7, 2) is not 5 3 3
INFO:root:7003006:XX add new best (7, 2) is not 5 3 3
INFO:root:7003006:XX add new best (7, 2) is not 5 3 3
INFO:root:7003006:XX add new best (7, 2) is not 5 3 3
INFO:root:7003006:XX add new best (7, 2) is not 5 3 3
INFO:root:7003007:XX add new best (7, 2) is not 5 3 3
INFO:root:7003007:XX add new best (7, 2) is not 5 3 3
INFO:root:7003007:XX add new best (7, 2) is not 5 3 3
INFO:root:7003007:XX add new best (7, 2) is not 5 3 3
INFO:root:7003007:XX add new best (7, 2) is not 5 3 3
INFO:root:7003007:XX add new best (7, 2) is not 5 3 3
INFO:root:7003007:XX add new best (7, 2) is not 5 3 3
INFO:root:7003007:XX add new best (7, 2) is not 5 3 3
INFO:root:7003007:XX add new best (7, 2) is not 5 3 3
INFO:root:7003007:XX add new best (7, 2) is not 5 3 3
INFO:root:7003007:XX add new best (7, 2) is not 5 3 3
INFO:root:7003007:XX add new best (7, 2) is not 5 3 3
INFO:root:7003007:XX add new best (7, 2) is not 5 3 3
INFO:root:7003007:XX add new best (7, 2) is not 5 3 3
INFO:root:7003008:XX add new best (7, 2) is not 5 3 3
INFO:root:7003008:XX add new best (7, 2) is not 5 3 3
INFO:root:7003008:XX add new best (7, 2) is not 5 3 3
INFO:root:7003008:XX add new best (7, 2) is not 5 3 3
INFO:root:7003008:XX add new best (7, 2) is not 5 3 3
INFO:root:7003008:XX add new best (7, 2) is not 5 3 3
INFO:root:7003008:XX add new best (7, 2) is not 5 3 3
INFO:root:7003008:XX add new best (7, 2) is not 5 3 3
INFO:root:7003057:Considering 100 * 76 jobs for minsize=3
INFO:root:7003074:Chunked 7600 in [475, 475, 475, 475, 475, 475, 475, 475, 475, 475, 475, 475, 475, 475, 475, 475]
INFO:root:8698097:Minimal choices : 1 [(7, 2) is not 5]
INFO:root:8698097:Starting Step 22
INFO:root:8698676:Current state [[[[4], [7], [1, 2], [9], [5], [3], [1, 2], [6], [8]], [[6], [8], [9], [1], [7], [2], [4], [3], [5]], [[1, 2, 3], [1, 2, 3], [5], [8], [4, 6], [4, 6], [7], [1, 2], [9]], [[3, 5], [4], [7], [2], [8], [5, 6], [3, 6], [9], [1]], [[9], [3, 5], [6], [3, 5], [1], [7], [8], [4], [2]], [[8], [1, 2], [1, 2], [4], [3, 6], [9], [5], [7], [3, 6]], [[7], [1, 2, 3, 5, 6], [4], [3, 5], [2, 3], [1, 5], [9], [8], [3, 6]], [[1, 2, 3, 5], [1, 2, 3, 5, 6], [1, 2, 3], [7], [9], [8], [1, 2, 6], [1, 2], [4]], [[1, 2, 3], [9], [8], [6], [2, 3, 4], [1, 4], [1, 2, 3], [5], [7]]]]
INFO:root:8698676:Doing checkSmall1
INFO:root:8698676:Getting tiny MUSes, distance 1, for 75 puzlits, 1 repeats
INFO:root:8698713:Chunked 75 in [5, 5, 5, 5, 5, 5, 5, 5, 5, 5, 5, 4, 4, 4, 4, 4]
INFO:root:8698732:XX found first (8, 3) is 3 1
INFO:root:8698745:Early exit from checkSmall1
INFO:root:8698756:Starting Step 23
INFO:root:8699333:Current state [[[[4], [7], [1, 2], [9], [5], [3], [1, 2], [6], [8]], [[6], [8], [9], [1], [7], [2], [4], [3], [5]], [[1, 2, 3], [1, 2, 3], [5], [8], [4, 6], [4, 6], [7], [1, 2], [9]], [[3, 5], [4], [7], [2], [8], [5, 6], [3, 6], [9], [1]], [[9], [3, 5], [6], [3, 5], [1], [7], [8], [4], [2]], [[8], [1, 2], [1, 2], [4], [3, 6], [9], [5], [7], [3, 6]], [[7], [1, 2, 3, 5, 6], [4], [3, 5], [2, 3], [1, 5], [9], [8], [3, 6]], [[1, 2, 3, 5], [1, 2, 3, 5, 6], [3], [7], [9], [8], [1, 2, 6], [1, 2], [4]], [[1, 2, 3], [9], [8], [6], [2, 3, 4], [1, 4], [1, 2, 3], [5], [7]]]]
INFO:root:8699334:Doing checkSmall1
INFO:root:8699334:Getting tiny MUSes, distance 1, for 74 puzlits, 1 repeats
INFO:root:8699370:Chunked 74 in [5, 5, 5, 5, 5, 5, 5, 5, 5, 5, 4, 4, 4, 4, 4, 4]
INFO:root:8699397:XX found first (8, 1) is not 3 1
INFO:root:8699397:XX found first (7, 2) is not 3 1
INFO:root:8699398:XX found first (9, 1) is not 3 1
INFO:root:8699398:XX found first (8, 2) is not 3 1
INFO:root:8699398:XX found first (8, 3) is not 1 1
INFO:root:8699398:XX found first (8, 3) is not 2 1
INFO:root:8699411:Early exit from checkSmall1
INFO:root:8699419:Starting Step 24
INFO:root:8700004:Current state [[[[4], [7], [1, 2], [9], [5], [3], [1, 2], [6], [8]], [[6], [8], [9], [1], [7], [2], [4], [3], [5]], [[1, 2, 3], [1, 2, 3], [5], [8], [4, 6], [4, 6], [7], [1, 2], [9]], [[3, 5], [4], [7], [2], [8], [5, 6], [3, 6], [9], [1]], [[9], [3, 5], [6], [3, 5], [1], [7], [8], [4], [2]], [[8], [1, 2], [1, 2], [4], [3, 6], [9], [5], [7], [3, 6]], [[7], [1, 2, 5, 6], [4], [3, 5], [2, 3], [1, 5], [9], [8], [3, 6]], [[1, 2, 5], [1, 2, 5, 6], [3], [7], [9], [8], [1, 2, 6], [1, 2], [4]], [[1, 2], [9], [8], [6], [2, 3, 4], [1, 4], [1, 2, 3], [5], [7]]]]
INFO:root:8700004:Doing checkSmall1
INFO:root:8700004:Getting tiny MUSes, distance 1, for 68 puzlits, 1 repeats
INFO:root:8700040:Chunked 68 in [5, 5, 5, 5, 4, 4, 4, 4, 4, 4, 4, 4, 4, 4, 4, 4]
INFO:root:8700106:Chunked 34 in [3, 3, 2, 2, 2, 2, 2, 2, 2, 2, 2, 2, 2, 2, 2, 2]
INFO:root:8700129:XX found first (7, 2) is not 5 3
INFO:root:8700129:XX add new best (7, 2) is not 5 3 3
INFO:root:8700129:XX add new best (7, 2) is not 5 3 3
INFO:root:8700129:XX add new best (7, 2) is not 5 3 3
INFO:root:8700129:XX add new best (7, 2) is not 5 3 3
INFO:root:8700129:XX add new best (7, 2) is not 5 3 3
INFO:root:8700130:XX add new best (7, 2) is not 5 3 3
INFO:root:8700130:XX add new best (7, 2) is not 5 3 3
INFO:root:8700130:XX add new best (7, 2) is not 5 3 3
INFO:root:8700130:XX add new best (7, 2) is not 5 3 3
INFO:root:8700130:XX add new best (7, 2) is not 5 3 3
INFO:root:8700130:XX add new best (7, 2) is not 5 3 3
INFO:root:8700130:XX add new best (7, 2) is not 5 3 3
INFO:root:8700130:XX add new best (7, 2) is not 5 3 3
INFO:root:8700130:XX add new best (7, 2) is not 5 3 3
INFO:root:8700130:XX add new best (7, 2) is not 5 3 3
INFO:root:8700130:XX add new best (7, 2) is not 5 3 3
INFO:root:8700130:XX add new best (7, 2) is not 5 3 3
INFO:root:8700130:XX add new best (7, 2) is not 5 3 3
INFO:root:8700130:XX add new best (7, 2) is not 5 3 3
INFO:root:8700130:XX add new best (7, 2) is not 5 3 3
INFO:root:8700131:XX add new best (7, 2) is not 5 3 3
INFO:root:8700131:XX add new best (7, 2) is not 5 3 3
INFO:root:8700131:XX add new best (7, 2) is not 5 3 3
INFO:root:8700131:XX add new best (7, 2) is not 5 3 3
INFO:root:8700131:XX add new best (7, 2) is not 5 3 3
INFO:root:8700131:XX add new best (7, 2) is not 5 3 3
INFO:root:8700131:XX add new best (7, 2) is not 5 3 3
INFO:root:8700131:XX add new best (7, 2) is not 5 3 3
INFO:root:8700131:XX add new best (7, 2) is not 5 3 3
INFO:root:8700131:XX add new best (7, 2) is not 5 3 3
INFO:root:8700131:XX add new best (7, 2) is not 5 3 3
INFO:root:8700131:XX add new best (7, 2) is not 5 3 3
INFO:root:8700131:XX add new best (7, 2) is not 5 3 3
INFO:root:8700180:Considering 100 * 68 jobs for minsize=3
INFO:root:8700195:Chunked 6800 in [425, 425, 425, 425, 425, 425, 425, 425, 425, 425, 425, 425, 425, 425, 425, 425]
INFO:root:10342550:Minimal choices : 1 [(7, 2) is not 5]
INFO:root:10342550:Starting Step 25
INFO:root:10343140:Current state [[[[4], [7], [1, 2], [9], [5], [3], [1, 2], [6], [8]], [[6], [8], [9], [1], [7], [2], [4], [3], [5]], [[1, 2, 3], [1, 2, 3], [5], [8], [4, 6], [4, 6], [7], [1, 2], [9]], [[3, 5], [4], [7], [2], [8], [5, 6], [3, 6], [9], [1]], [[9], [3, 5], [6], [3, 5], [1], [7], [8], [4], [2]], [[8], [1, 2], [1, 2], [4], [3, 6], [9], [5], [7], [3, 6]], [[7], [1, 2, 5, 6], [4], [3, 5], [2, 3], [1, 5], [9], [8], [3, 6]], [[1, 2, 5], [1, 2, 5, 6], [3], [7], [9], [8], [1, 2, 6], [1, 2], [4]], [[1, 2], [9], [8], [6], [2, 4], [1, 4], [1, 2, 3], [5], [7]]]]
INFO:root:10343140:Doing checkSmall1
INFO:root:10343140:Getting tiny MUSes, distance 1, for 67 puzlits, 1 repeats
INFO:root:10343177:Chunked 67 in [5, 5, 5, 4, 4, 4, 4, 4, 4, 4, 4, 4, 4, 4, 4, 4]
INFO:root:10343198:XX found first (9, 7) is 3 1
INFO:root:10343211:Early exit from checkSmall1
INFO:root:10343223:Starting Step 26
INFO:root:10343809:Current state [[[[4], [7], [1, 2], [9], [5], [3], [1, 2], [6], [8]], [[6], [8], [9], [1], [7], [2], [4], [3], [5]], [[1, 2, 3], [1, 2, 3], [5], [8], [4, 6], [4, 6], [7], [1, 2], [9]], [[3, 5], [4], [7], [2], [8], [5, 6], [3, 6], [9], [1]], [[9], [3, 5], [6], [3, 5], [1], [7], [8], [4], [2]], [[8], [1, 2], [1, 2], [4], [3, 6], [9], [5], [7], [3, 6]], [[7], [1, 2, 5, 6], [4], [3, 5], [2, 3], [1, 5], [9], [8], [3, 6]], [[1, 2, 5], [1, 2, 5, 6], [3], [7], [9], [8], [1, 2, 6], [1, 2], [4]], [[1, 2], [9], [8], [6], [2, 4], [1, 4], [3], [5], [7]]]]
INFO:root:10343809:Doing checkSmall1
INFO:root:10343809:Getting tiny MUSes, distance 1, for 66 puzlits, 1 repeats
INFO:root:10343846:Chunked 66 in [5, 5, 4, 4, 4, 4, 4, 4, 4, 4, 4, 4, 4, 4, 4, 4]
INFO:root:10343868:XX found first (7, 9) is not 3 1
INFO:root:10343868:XX found first (9, 7) is not 1 1
INFO:root:10343868:XX found first (9, 7) is not 2 1
INFO:root:10343868:XX found first (4, 7) is not 3 1
INFO:root:10343881:Early exit from checkSmall1
INFO:root:10343890:Starting Step 27
INFO:root:10344478:Current state [[[[4], [7], [1, 2], [9], [5], [3], [1, 2], [6], [8]], [[6], [8], [9], [1], [7], [2], [4], [3], [5]], [[1, 2, 3], [1, 2, 3], [5], [8], [4, 6], [4, 6], [7], [1, 2], [9]], [[3, 5], [4], [7], [2], [8], [5, 6], [6], [9], [1]], [[9], [3, 5], [6], [3, 5], [1], [7], [8], [4], [2]], [[8], [1, 2], [1, 2], [4], [3, 6], [9], [5], [7], [3, 6]], [[7], [1, 2, 5, 6], [4], [3, 5], [2, 3], [1, 5], [9], [8], [6]], [[1, 2, 5], [1, 2, 5, 6], [3], [7], [9], [8], [1, 2, 6], [1, 2], [4]], [[1, 2], [9], [8], [6], [2, 4], [1, 4], [3], [5], [7]]]]
INFO:root:10344478:Doing checkSmall1
INFO:root:10344478:Getting tiny MUSes, distance 1, for 62 puzlits, 1 repeats
INFO:root:10344514:Chunked 62 in [4, 4, 4, 4, 4, 4, 4, 4, 4, 4, 4, 4, 4, 4, 3, 3]
INFO:root:10344538:XX found first (6, 9) is 3 1
INFO:root:10344538:XX found first (4, 7) is 6 1
INFO:root:10344538:XX found first (7, 9) is 6 1
INFO:root:10344538:XX found first (4, 1) is 3 1
INFO:root:10344551:Early exit from checkSmall1
INFO:root:10344573:Starting Step 28
INFO:root:10345173:Current state [[[[4], [7], [1, 2], [9], [5], [3], [1, 2], [6], [8]], [[6], [8], [9], [1], [7], [2], [4], [3], [5]], [[1, 2, 3], [1, 2, 3], [5], [8], [4, 6], [4, 6], [7], [1, 2], [9]], [[3], [4], [7], [2], [8], [5, 6], [6], [9], [1]], [[9], [3, 5], [6], [3, 5], [1], [7], [8], [4], [2]], [[8], [1, 2], [1, 2], [4], [3, 6], [9], [5], [7], [3]], [[7], [1, 2, 5, 6], [4], [3, 5], [2, 3], [1, 5], [9], [8], [6]], [[1, 2, 5], [1, 2, 5, 6], [3], [7], [9], [8], [1, 2, 6], [1, 2], [4]], [[1, 2], [9], [8], [6], [2, 4], [1, 4], [3], [5], [7]]]]
INFO:root:10345173:Doing checkSmall1
INFO:root:10345173:Getting tiny MUSes, distance 1, for 58 puzlits, 1 repeats
INFO:root:10345211:Chunked 58 in [4, 4, 4, 4, 4, 4, 4, 4, 4, 4, 3, 3, 3, 3, 3, 3]
INFO:root:10345230:XX found first (6, 9) is not 6 1
INFO:root:10345230:XX found first (8, 7) is not 6 1
INFO:root:10345230:XX found first (4, 1) is not 5 1
INFO:root:10345230:XX found first (3, 1) is not 3 1
INFO:root:10345230:XX found first (5, 2) is not 3 1
INFO:root:10345230:XX found first (6, 5) is not 3 1
INFO:root:10345230:XX found first (4, 6) is not 6 1
INFO:root:10345230:XX found first (7, 2) is not 6 1
INFO:root:10345244:Early exit from checkSmall1
INFO:root:10345253:Starting Step 29
INFO:root:10345856:Current state [[[[4], [7], [1, 2], [9], [5], [3], [1, 2], [6], [8]], [[6], [8], [9], [1], [7], [2], [4], [3], [5]], [[1, 2], [1, 2, 3], [5], [8], [4, 6], [4, 6], [7], [1, 2], [9]], [[3], [4], [7], [2], [8], [5], [6], [9], [1]], [[9], [5], [6], [3, 5], [1], [7], [8], [4], [2]], [[8], [1, 2], [1, 2], [4], [6], [9], [5], [7], [3]], [[7], [1, 2, 5], [4], [3, 5], [2, 3], [1, 5], [9], [8], [6]], [[1, 2, 5], [1, 2, 5, 6], [3], [7], [9], [8], [1, 2], [1, 2], [4]], [[1, 2], [9], [8], [6], [2, 4], [1, 4], [3], [5], [7]]]]
INFO:root:10345856:Doing checkSmall1
INFO:root:10345856:Getting tiny MUSes, distance 1, for 50 puzlits, 1 repeats
INFO:root:10345893:Chunked 50 in [4, 4, 3, 3, 3, 3, 3, 3, 3, 3, 3, 3, 3, 3, 3, 3]
INFO:root:10345910:XX found first (5, 4) is 3 1
INFO:root:10345911:XX found first (5, 2) is 5 1
INFO:root:10345911:XX found first (4, 6) is 5 1
INFO:root:10345911:XX found first (3, 6) is 6 1
INFO:root:10345911:XX found first (8, 2) is 6 1
INFO:root:10345911:XX found first (8, 1) is 5 1
INFO:root:10345911:XX found first (6, 5) is 6 1
INFO:root:10345911:XX found first (3, 2) is 3 1
INFO:root:10345911:XX found first (7, 5) is 3 1
INFO:root:10345924:Early exit from checkSmall1
INFO:root:10345960:Starting Step 30
INFO:root:10346564:Current state [[[[4], [7], [1, 2], [9], [5], [3], [1, 2], [6], [8]], [[6], [8], [9], [1], [7], [2], [4], [3], [5]], [[1, 2], [3], [5], [8], [4, 6], [6], [7], [1, 2], [9]], [[3], [4], [7], [2], [8], [5], [6], [9], [1]], [[9], [5], [6], [3], [1], [7], [8], [4], [2]], [[8], [1, 2], [1, 2], [4], [6], [9], [5], [7], [3]], [[7], [1, 2, 5], [4], [3, 5], [3], [1, 5], [9], [8], [6]], [[5], [6], [3], [7], [9], [8], [1, 2], [1, 2], [4]], [[1, 2], [9], [8], [6], [2, 4], [1, 4], [3], [5], [7]]]]
INFO:root:10346564:Doing checkSmall1
INFO:root:10346564:Getting tiny MUSes, distance 1, for 41 puzlits, 1 repeats
INFO:root:10346601:Chunked 41 in [3, 3, 3, 3, 3, 3, 3, 3, 3, 2, 2, 2, 2, 2, 2, 2]
INFO:root:10346620:XX found first (3, 2) is not 2 1
INFO:root:10346620:XX found first (7, 6) is not 5 1
INFO:root:10346620:XX found first (8, 2) is not 1 1
INFO:root:10346620:XX found first (8, 2) is not 2 1
INFO:root:10346620:XX found first (7, 2) is not 5 1
INFO:root:10346620:XX found first (3, 5) is not 6 1
INFO:root:10346620:XX found first (5, 4) is not 5 1
INFO:root:10346620:XX found first (8, 1) is not 2 1
INFO:root:10346621:XX found first (3, 6) is not 4 1
INFO:root:10346621:XX found first (7, 4) is not 3 1
INFO:root:10346621:XX found first (8, 1) is not 1 1
INFO:root:10346621:XX found first (7, 5) is not 2 1
INFO:root:10346621:XX found first (3, 2) is not 1 1
INFO:root:10346621:XX found first (8, 2) is not 5 1
INFO:root:10346634:Early exit from checkSmall1
INFO:root:10346643:Starting Step 31
INFO:root:10347259:Current state [[[[4], [7], [1, 2], [9], [5], [3], [1, 2], [6], [8]], [[6], [8], [9], [1], [7], [2], [4], [3], [5]], [[1, 2], [3], [5], [8], [4], [6], [7], [1, 2], [9]], [[3], [4], [7], [2], [8], [5], [6], [9], [1]], [[9], [5], [6], [3], [1], [7], [8], [4], [2]], [[8], [1, 2], [1, 2], [4], [6], [9], [5], [7], [3]], [[7], [1, 2], [4], [5], [3], [1], [9], [8], [6]], [[5], [6], [3], [7], [9], [8], [1, 2], [1, 2], [4]], [[1, 2], [9], [8], [6], [2, 4], [1, 4], [3], [5], [7]]]]
INFO:root:10347259:Doing checkSmall1
INFO:root:10347259:Getting tiny MUSes, distance 1, for 27 puzlits, 1 repeats
INFO:root:10347296:Chunked 27 in [2, 2, 2, 2, 2, 2, 2, 2, 2, 2, 2, 1, 1, 1, 1, 1]
INFO:root:10347309:XX found first (7, 6) is 1 1
INFO:root:10347309:XX found first (9, 5) is 2 1
INFO:root:10347309:XX found first (7, 2) is 2 1
INFO:root:10347309:XX found first (7, 4) is 5 1
INFO:root:10347309:XX found first (9, 6) is 4 1
INFO:root:10347309:XX found first (3, 5) is 4 1
INFO:root:10347322:Early exit from checkSmall1
INFO:root:10347351:Starting Step 32
INFO:root:10347970:Current state [[[[4], [7], [1, 2], [9], [5], [3], [1, 2], [6], [8]], [[6], [8], [9], [1], [7], [2], [4], [3], [5]], [[1, 2], [3], [5], [8], [4], [6], [7], [1, 2], [9]], [[3], [4], [7], [2], [8], [5], [6], [9], [1]], [[9], [5], [6], [3], [1], [7], [8], [4], [2]], [[8], [1, 2], [1, 2], [4], [6], [9], [5], [7], [3]], [[7], [2], [4], [5], [3], [1], [9], [8], [6]], [[5], [6], [3], [7], [9], [8], [1, 2], [1, 2], [4]], [[1, 2], [9], [8], [6], [2], [4], [3], [5], [7]]]]
INFO:root:10347970:Doing checkSmall1
INFO:root:10347970:Getting tiny MUSes, distance 1, for 21 puzlits, 1 repeats
INFO:root:10348007:Chunked 21 in [2, 2, 2, 2, 2, 1, 1, 1, 1, 1, 1, 1, 1, 1, 1, 1]
INFO:root:10348021:XX found first (9, 5) is not 4 1
INFO:root:10348021:XX found first (9, 6) is not 1 1
INFO:root:10348021:XX found first (7, 2) is not 1 1
INFO:root:10348021:XX found first (6, 2) is not 2 1
INFO:root:10348021:XX found first (9, 1) is not 2 1
INFO:root:10348035:Early exit from checkSmall1
INFO:root:10348043:Starting Step 33
INFO:root:10348667:Current state [[[[4], [7], [1, 2], [9], [5], [3], [1, 2], [6], [8]], [[6], [8], [9], [1], [7], [2], [4], [3], [5]], [[1, 2], [3], [5], [8], [4], [6], [7], [1, 2], [9]], [[3], [4], [7], [2], [8], [5], [6], [9], [1]], [[9], [5], [6], [3], [1], [7], [8], [4], [2]], [[8], [1], [1, 2], [4], [6], [9], [5], [7], [3]], [[7], [2], [4], [5], [3], [1], [9], [8], [6]], [[5], [6], [3], [7], [9], [8], [1, 2], [1, 2], [4]], [[1], [9], [8], [6], [2], [4], [3], [5], [7]]]]
INFO:root:10348667:Doing checkSmall1
INFO:root:10348667:Getting tiny MUSes, distance 1, for 16 puzlits, 1 repeats
INFO:root:10348704:Chunked 16 in [1, 1, 1, 1, 1, 1, 1, 1, 1, 1, 1, 1, 1, 1, 1, 1]
INFO:root:10348717:XX found first (6, 2) is 1 1
INFO:root:10348717:XX found first (9, 1) is 1 1
INFO:root:10348717:XX found first (3, 1) is 2 1
INFO:root:10348717:XX found first (6, 3) is 2 1
INFO:root:10348730:Early exit from checkSmall1
INFO:root:10348753:Starting Step 34
INFO:root:10349373:Current state [[[[4], [7], [1, 2], [9], [5], [3], [1, 2], [6], [8]], [[6], [8], [9], [1], [7], [2], [4], [3], [5]], [[2], [3], [5], [8], [4], [6], [7], [1, 2], [9]], [[3], [4], [7], [2], [8], [5], [6], [9], [1]], [[9], [5], [6], [3], [1], [7], [8], [4], [2]], [[8], [1], [2], [4], [6], [9], [5], [7], [3]], [[7], [2], [4], [5], [3], [1], [9], [8], [6]], [[5], [6], [3], [7], [9], [8], [1, 2], [1, 2], [4]], [[1], [9], [8], [6], [2], [4], [3], [5], [7]]]]
INFO:root:10349374:Doing checkSmall1
INFO:root:10349374:Getting tiny MUSes, distance 1, for 12 puzlits, 1 repeats
INFO:root:10349410:Chunked 12 in [1, 1, 1, 1, 1, 1, 1, 1, 1, 1, 1, 1, 0, 0, 0, 0]
INFO:root:10349423:XX found first (1, 3) is not 2 1
INFO:root:10349423:XX found first (3, 8) is not 2 1
INFO:root:10349423:XX found first (3, 1) is not 1 1
INFO:root:10349423:XX found first (6, 3) is not 1 1
INFO:root:10349436:Early exit from checkSmall1
INFO:root:10349445:Starting Step 35
INFO:root:10350066:Current state [[[[4], [7], [1], [9], [5], [3], [1, 2], [6], [8]], [[6], [8], [9], [1], [7], [2], [4], [3], [5]], [[2], [3], [5], [8], [4], [6], [7], [1], [9]], [[3], [4], [7], [2], [8], [5], [6], [9], [1]], [[9], [5], [6], [3], [1], [7], [8], [4], [2]], [[8], [1], [2], [4], [6], [9], [5], [7], [3]], [[7], [2], [4], [5], [3], [1], [9], [8], [6]], [[5], [6], [3], [7], [9], [8], [1, 2], [1, 2], [4]], [[1], [9], [8], [6], [2], [4], [3], [5], [7]]]]
INFO:root:10350066:Doing checkSmall1
INFO:root:10350066:Getting tiny MUSes, distance 1, for 8 puzlits, 1 repeats
INFO:root:10350102:Chunked 8 in [1, 1, 1, 1, 1, 1, 1, 1, 0, 0, 0, 0, 0, 0, 0, 0]
INFO:root:10350112:XX found first (1, 7) is 2 1
INFO:root:10350112:XX found first (1, 3) is 1 1
INFO:root:10350112:XX found first (8, 8) is 2 1
INFO:root:10350112:XX found first (3, 8) is 1 1
INFO:root:10350126:Early exit from checkSmall1
INFO:root:10350146:Starting Step 36
INFO:root:10350775:Current state [[[[4], [7], [1], [9], [5], [3], [2], [6], [8]], [[6], [8], [9], [1], [7], [2], [4], [3], [5]], [[2], [3], [5], [8], [4], [6], [7], [1], [9]], [[3], [4], [7], [2], [8], [5], [6], [9], [1]], [[9], [5], [6], [3], [1], [7], [8], [4], [2]], [[8], [1], [2], [4], [6], [9], [5], [7], [3]], [[7], [2], [4], [5], [3], [1], [9], [8], [6]], [[5], [6], [3], [7], [9], [8], [1, 2], [2], [4]], [[1], [9], [8], [6], [2], [4], [3], [5], [7]]]]
INFO:root:10350775:Doing checkSmall1
INFO:root:10350775:Getting tiny MUSes, distance 1, for 4 puzlits, 1 repeats
INFO:root:10350812:Chunked 4 in [1, 1, 1, 1, 0, 0, 0, 0, 0, 0, 0, 0, 0, 0, 0, 0]
INFO:root:10350823:XX found first (8, 8) is not 1 1
INFO:root:10350823:XX found first (8, 7) is not 2 1
INFO:root:10350823:XX found first (1, 7) is not 1 1
INFO:root:10350836:Early exit from checkSmall1
INFO:root:10350845:Starting Step 37
INFO:root:10351472:Current state [[[[4], [7], [1], [9], [5], [3], [2], [6], [8]], [[6], [8], [9], [1], [7], [2], [4], [3], [5]], [[2], [3], [5], [8], [4], [6], [7], [1], [9]], [[3], [4], [7], [2], [8], [5], [6], [9], [1]], [[9], [5], [6], [3], [1], [7], [8], [4], [2]], [[8], [1], [2], [4], [6], [9], [5], [7], [3]], [[7], [2], [4], [5], [3], [1], [9], [8], [6]], [[5], [6], [3], [7], [9], [8], [1], [2], [4]], [[1], [9], [8], [6], [2], [4], [3], [5], [7]]]]
INFO:root:10351473:Doing checkSmall1
INFO:root:10351473:Getting tiny MUSes, distance 1, for 1 puzlits, 1 repeats
INFO:root:10351509:Chunked 1 in [1, 0, 0, 0, 0, 0, 0, 0, 0, 0, 0, 0, 0, 0, 0, 0]
INFO:root:10351516:XX found first (8, 7) is 1 1
INFO:root:10351529:Early exit from checkSmall1
INFO:root:10351542:Total Solver Calls 118805726
INFO:root:10351542:Trace: [(3, [(7, 2) is not 5]), (3, [(7, 2) is not 5]), (3, [(7, 2) is not 5]), (3, [(7, 2) is not 5]), (3, [(7, 2) is not 5])]
INFO:root:10351542:Trace Quality: [(3, 1), (3, 1), (3, 1), (3, 1), (3, 1)]
INFO:root:10351542:Trace Sorted: [(3, 1), (3, 1), (3, 1), (3, 1), (3, 1)]
INFO:root:10351542:Finished
INFO:root:10351542:Full Trace [(3, [(7, 2) is not 5]), (3, [(7, 2) is not 5]), (3, [(7, 2) is not 5]), (3, [(7, 2) is not 5]), (3, [(7, 2) is not 5])]

real	172m31.897s
user	2605m26.629s
sys	6m53.462s
