INFO:root:6190:Starting Step 1
INFO:root:6219:Current state [[[[1, 2, 3, 4, 5, 6, 7, 8, 9], [7], [1, 2, 3, 4, 5, 6, 7, 8, 9], [1, 2, 3, 4, 5, 6, 7, 8, 9], [1, 2, 3, 4, 5, 6, 7, 8, 9], [3], [1, 2, 3, 4, 5, 6, 7, 8, 9], [6], [1, 2, 3, 4, 5, 6, 7, 8, 9]], [[1, 2, 3, 4, 5, 6, 7, 8, 9], [1, 2, 3, 4, 5, 6, 7, 8, 9], [1, 2, 3, 4, 5, 6, 7, 8, 9], [1], [1, 2, 3, 4, 5, 6, 7, 8, 9], [2], [1, 2, 3, 4, 5, 6, 7, 8, 9], [1, 2, 3, 4, 5, 6, 7, 8, 9], [1, 2, 3, 4, 5, 6, 7, 8, 9]], [[1, 2, 3, 4, 5, 6, 7, 8, 9], [1, 2, 3, 4, 5, 6, 7, 8, 9], [5], [1, 2, 3, 4, 5, 6, 7, 8, 9], [1, 2, 3, 4, 5, 6, 7, 8, 9], [1, 2, 3, 4, 5, 6, 7, 8, 9], [7], [1, 2, 3, 4, 5, 6, 7, 8, 9], [9]], [[1, 2, 3, 4, 5, 6, 7, 8, 9], [1, 2, 3, 4, 5, 6, 7, 8, 9], [7], [2], [1, 2, 3, 4, 5, 6, 7, 8, 9], [1, 2, 3, 4, 5, 6, 7, 8, 9], [1, 2, 3, 4, 5, 6, 7, 8, 9], [1, 2, 3, 4, 5, 6, 7, 8, 9], [1]], [[1, 2, 3, 4, 5, 6, 7, 8, 9], [1, 2, 3, 4, 5, 6, 7, 8, 9], [6], [1, 2, 3, 4, 5, 6, 7, 8, 9], [1], [1, 2, 3, 4, 5, 6, 7, 8, 9], [8], [4], [1, 2, 3, 4, 5, 6, 7, 8, 9]], [[8], [1, 2, 3, 4, 5, 6, 7, 8, 9], [1, 2, 3, 4, 5, 6, 7, 8, 9], [1, 2, 3, 4, 5, 6, 7, 8, 9], [1, 2, 3, 4, 5, 6, 7, 8, 9], [1, 2, 3, 4, 5, 6, 7, 8, 9], [5], [1, 2, 3, 4, 5, 6, 7, 8, 9], [1, 2, 3, 4, 5, 6, 7, 8, 9]], [[7], [1, 2, 3, 4, 5, 6, 7, 8, 9], [4], [1, 2, 3, 4, 5, 6, 7, 8, 9], [1, 2, 3, 4, 5, 6, 7, 8, 9], [1, 2, 3, 4, 5, 6, 7, 8, 9], [9], [1, 2, 3, 4, 5, 6, 7, 8, 9], [1, 2, 3, 4, 5, 6, 7, 8, 9]], [[1, 2, 3, 4, 5, 6, 7, 8, 9], [1, 2, 3, 4, 5, 6, 7, 8, 9], [1, 2, 3, 4, 5, 6, 7, 8, 9], [7], [1, 2, 3, 4, 5, 6, 7, 8, 9], [8], [1, 2, 3, 4, 5, 6, 7, 8, 9], [1, 2, 3, 4, 5, 6, 7, 8, 9], [1, 2, 3, 4, 5, 6, 7, 8, 9]], [[1, 2, 3, 4, 5, 6, 7, 8, 9], [9], [1, 2, 3, 4, 5, 6, 7, 8, 9], [6], [1, 2, 3, 4, 5, 6, 7, 8, 9], [1, 2, 3, 4, 5, 6, 7, 8, 9], [1, 2, 3, 4, 5, 6, 7, 8, 9], [5], [1, 2, 3, 4, 5, 6, 7, 8, 9]]]]
INFO:root:6219:Doing checkSmall1
INFO:root:6219:Getting tiny MUSes, distance 1, for 704 puzlits, 1 repeats
INFO:root:6275:Chunked 704 in [44, 44, 44, 44, 44, 44, 44, 44, 44, 44, 44, 44, 44, 44, 44, 44]
INFO:root:6517:XX found first (3, 6) is not 3 1
INFO:root:6517:XX found first (3, 6) is not 7 1
INFO:root:6517:XX found first (3, 7) is not 1 1
INFO:root:6517:XX found first (8, 3) is not 5 1
INFO:root:6517:XX found first (5, 8) is not 7 1
INFO:root:6517:XX found first (1, 7) is not 3 1
INFO:root:6517:XX found first (8, 1) is not 9 1
INFO:root:6518:XX found first (6, 9) is not 4 1
INFO:root:6518:XX found first (7, 9) is not 4 1
INFO:root:6518:XX found first (6, 6) is not 8 1
INFO:root:6518:XX found first (7, 7) is not 8 1
INFO:root:6518:XX found first (8, 4) is not 9 1
INFO:root:6518:XX found first (1, 7) is not 7 1
INFO:root:6518:XX found first (8, 6) is not 7 1
INFO:root:6518:XX found first (4, 4) is not 1 1
INFO:root:6518:XX found first (9, 8) is not 8 1
INFO:root:6518:XX found first (3, 4) is not 6 1
INFO:root:6518:XX found first (9, 6) is not 8 1
INFO:root:6518:XX found first (1, 9) is not 1 1
INFO:root:6518:XX found first (5, 8) is not 9 1
INFO:root:6518:XX found first (4, 8) is not 5 1
INFO:root:6518:XX found first (2, 8) is not 1 1
INFO:root:6518:XX found first (1, 9) is not 3 1
INFO:root:6518:XX found first (2, 5) is not 2 1
INFO:root:6518:XX found first (7, 7) is not 7 1
INFO:root:6518:XX found first (8, 7) is not 5 1
INFO:root:6518:XX found first (7, 4) is not 7 1
INFO:root:6518:XX found first (2, 7) is not 5 1
INFO:root:6518:XX found first (2, 9) is not 9 1
INFO:root:6518:XX found first (6, 4) is not 7 1
INFO:root:6518:XX found first (5, 3) is not 9 1
INFO:root:6518:XX found first (8, 4) is not 1 1
INFO:root:6518:XX found first (8, 7) is not 9 1
INFO:root:6519:XX found first (4, 7) is not 2 1
INFO:root:6519:XX found first (9, 6) is not 9 1
INFO:root:6519:XX found first (7, 9) is not 1 1
INFO:root:6519:XX found first (8, 8) is not 5 1
INFO:root:6519:XX found first (5, 7) is not 7 1
INFO:root:6519:XX found first (6, 5) is not 1 1
INFO:root:6519:XX found first (4, 8) is not 1 1
INFO:root:6519:XX found first (6, 6) is not 1 1
INFO:root:6519:XX found first (7, 5) is not 1 1
INFO:root:6519:XX found first (2, 4) is not 4 1
INFO:root:6519:XX found first (2, 7) is not 7 1
INFO:root:6519:XX found first (3, 5) is not 1 1
INFO:root:6519:XX found first (5, 3) is not 8 1
INFO:root:6519:XX found first (4, 3) is not 9 1
INFO:root:6519:XX found first (7, 6) is not 6 1
INFO:root:6519:XX found first (3, 5) is not 2 1
INFO:root:6519:XX found first (2, 8) is not 2 1
INFO:root:6519:XX found first (4, 9) is not 7 1
INFO:root:6519:XX found first (6, 5) is not 5 1
INFO:root:6519:XX found first (8, 6) is not 4 1
INFO:root:6519:XX found first (1, 7) is not 5 1
INFO:root:6519:XX found first (3, 3) is not 8 1
INFO:root:6520:XX found first (6, 2) is not 6 1
INFO:root:6520:XX found first (5, 6) is not 2 1
INFO:root:6520:XX found first (7, 4) is not 6 1
INFO:root:6520:XX found first (1, 8) is not 9 1
INFO:root:6520:XX found first (3, 1) is not 9 1
INFO:root:6520:XX found first (8, 4) is not 6 1
INFO:root:6520:XX found first (3, 6) is not 1 1
INFO:root:6520:XX found first (6, 7) is not 8 1
INFO:root:6520:XX found first (8, 1) is not 4 1
INFO:root:6520:XX found first (2, 4) is not 3 1
INFO:root:6520:XX found first (5, 3) is not 1 1
INFO:root:6520:XX found first (9, 9) is not 9 1
INFO:root:6520:XX found first (2, 7) is not 6 1
INFO:root:6520:XX found first (5, 7) is not 1 1
INFO:root:6520:XX found first (2, 4) is not 8 1
INFO:root:6520:XX found first (6, 4) is not 5 1
INFO:root:6520:XX found first (8, 8) is not 6 1
INFO:root:6520:XX found first (5, 6) is not 1 1
INFO:root:6520:XX found first (2, 1) is not 1 1
INFO:root:6520:XX found first (6, 1) is not 9 1
INFO:root:6520:XX found first (8, 4) is not 8 1
INFO:root:6520:XX found first (3, 7) is not 8 1
INFO:root:6520:XX found first (3, 9) is not 6 1
INFO:root:6520:XX found first (3, 6) is not 2 1
INFO:root:6520:XX found first (5, 6) is not 6 1
INFO:root:6520:XX found first (8, 6) is not 5 1
INFO:root:6521:XX found first (5, 5) is not 5 1
INFO:root:6521:XX found first (1, 6) is not 6 1
INFO:root:6521:XX found first (7, 5) is not 7 1
INFO:root:6521:XX found first (6, 7) is not 7 1
INFO:root:6521:XX found first (5, 7) is not 2 1
INFO:root:6521:XX found first (6, 4) is not 1 1
INFO:root:6521:XX found first (3, 6) is not 9 1
INFO:root:6521:XX found first (8, 6) is not 2 1
INFO:root:6521:XX found first (9, 2) is not 8 1
INFO:root:6521:XX found first (2, 6) is not 1 1
INFO:root:6521:XX found first (6, 7) is not 6 1
INFO:root:6521:XX found first (3, 8) is not 9 1
INFO:root:6521:XX found first (2, 4) is not 9 1
INFO:root:6521:XX found first (8, 9) is not 9 1
INFO:root:6521:XX found first (4, 7) is not 7 1
INFO:root:6521:XX found first (1, 8) is not 7 1
INFO:root:6521:XX found first (9, 7) is not 5 1
INFO:root:6521:XX found first (4, 1) is not 8 1
INFO:root:6521:XX found first (5, 4) is not 6 1
INFO:root:6521:XX found first (9, 8) is not 7 1
INFO:root:6521:XX found first (6, 4) is not 2 1
INFO:root:6521:XX found first (3, 8) is not 6 1
INFO:root:6521:XX found first (9, 4) is not 1 1
INFO:root:6521:XX found first (8, 6) is not 1 1
INFO:root:6521:XX found first (5, 2) is not 6 1
INFO:root:6521:XX found first (1, 2) is not 1 1
INFO:root:6522:XX found first (2, 6) is not 5 1
INFO:root:6522:XX found first (8, 8) is not 7 1
INFO:root:6522:XX found first (9, 8) is not 2 1
INFO:root:6522:XX found first (9, 1) is not 4 1
INFO:root:6522:XX found first (6, 1) is not 7 1
INFO:root:6522:XX found first (1, 2) is not 6 1
INFO:root:6522:XX found first (3, 3) is not 6 1
INFO:root:6522:XX found first (3, 7) is not 4 1
INFO:root:6522:XX found first (6, 7) is not 4 1
INFO:root:6522:XX found first (1, 4) is not 2 1
INFO:root:6522:XX found first (9, 8) is not 6 1
INFO:root:6522:XX found first (6, 8) is not 8 1
INFO:root:6522:XX found first (7, 1) is not 3 1
INFO:root:6522:XX found first (7, 5) is not 8 1
INFO:root:6522:XX found first (5, 8) is not 3 1
INFO:root:6522:XX found first (4, 6) is not 7 1
INFO:root:6522:XX found first (9, 9) is not 5 1
INFO:root:6522:XX found first (7, 8) is not 4 1
INFO:root:6522:XX found first (5, 5) is not 4 1
INFO:root:6522:XX found first (5, 3) is not 3 1
INFO:root:6522:XX found first (5, 5) is not 2 1
INFO:root:6522:XX found first (8, 3) is not 9 1
INFO:root:6522:XX found first (3, 5) is not 5 1
INFO:root:6522:XX found first (7, 5) is not 9 1
INFO:root:6523:XX found first (8, 2) is not 4 1
INFO:root:6523:XX found first (2, 7) is not 9 1
INFO:root:6523:XX found first (3, 4) is not 9 1
INFO:root:6523:XX found first (4, 1) is not 1 1
INFO:root:6523:XX found first (5, 4) is not 7 1
INFO:root:6523:XX found first (9, 9) is not 6 1
INFO:root:6523:XX found first (8, 8) is not 8 1
INFO:root:6523:XX found first (9, 1) is not 7 1
INFO:root:6523:XX found first (1, 1) is not 7 1
INFO:root:6523:XX found first (5, 4) is not 4 1
INFO:root:6523:XX found first (1, 2) is not 4 1
INFO:root:6523:XX found first (8, 5) is not 6 1
INFO:root:6523:XX found first (1, 5) is not 1 1
INFO:root:6523:XX found first (2, 4) is not 2 1
INFO:root:6523:XX found first (7, 9) is not 5 1
INFO:root:6523:XX found first (2, 3) is not 4 1
INFO:root:6523:XX found first (7, 8) is not 9 1
INFO:root:6523:XX found first (6, 2) is not 5 1
INFO:root:6523:XX found first (7, 7) is not 1 1
INFO:root:6523:XX found first (3, 7) is not 2 1
INFO:root:6523:XX found first (9, 1) is not 5 1
INFO:root:6523:XX found first (7, 3) is not 7 1
INFO:root:6523:XX found first (5, 4) is not 8 1
INFO:root:6523:XX found first (7, 1) is not 9 1
INFO:root:6523:XX found first (9, 6) is not 5 1
INFO:root:6524:XX found first (7, 8) is not 6 1
INFO:root:6524:XX found first (3, 4) is not 7 1
INFO:root:6524:XX found first (3, 3) is not 7 1
INFO:root:6524:XX found first (5, 5) is not 8 1
INFO:root:6524:XX found first (8, 2) is not 8 1
INFO:root:6524:XX found first (4, 1) is not 2 1
INFO:root:6524:XX found first (3, 9) is not 1 1
INFO:root:6524:XX found first (2, 9) is not 6 1
INFO:root:6524:XX found first (7, 8) is not 5 1
INFO:root:6524:XX found first (4, 6) is not 8 1
INFO:root:6524:XX found first (1, 8) is not 2 1
INFO:root:6524:XX found first (6, 7) is not 2 1
INFO:root:6524:XX found first (1, 3) is not 3 1
INFO:root:6524:XX found first (4, 2) is not 7 1
INFO:root:6524:XX found first (6, 3) is not 5 1
INFO:root:6524:XX found first (9, 2) is not 4 1
INFO:root:6524:XX found first (6, 7) is not 9 1
INFO:root:6524:XX found first (4, 4) is not 5 1
INFO:root:6524:XX found first (9, 5) is not 7 1
INFO:root:6524:XX found first (5, 9) is not 6 1
INFO:root:6524:XX found first (9, 8) is not 4 1
INFO:root:6524:XX found first (7, 3) is not 3 1
INFO:root:6524:XX found first (8, 3) is not 6 1
INFO:root:6524:XX found first (7, 3) is not 5 1
INFO:root:6524:XX found first (9, 6) is not 6 1
INFO:root:6525:XX found first (9, 5) is not 8 1
INFO:root:6525:XX found first (7, 2) is not 7 1
INFO:root:6525:XX found first (7, 4) is not 9 1
INFO:root:6525:XX found first (8, 5) is not 7 1
INFO:root:6525:XX found first (1, 7) is not 8 1
INFO:root:6525:XX found first (9, 4) is not 8 1
INFO:root:6525:XX found first (7, 7) is not 6 1
INFO:root:6525:XX found first (2, 6) is not 6 1
INFO:root:6525:XX found first (5, 4) is not 1 1
INFO:root:6525:XX found first (3, 4) is not 1 1
INFO:root:6525:XX found first (4, 8) is not 4 1
INFO:root:6525:XX found first (1, 2) is not 5 1
INFO:root:6525:XX found first (2, 8) is not 9 1
INFO:root:6525:XX found first (2, 4) is not 6 1
INFO:root:6525:XX found first (2, 9) is not 7 1
INFO:root:6525:XX found first (2, 3) is not 2 1
INFO:root:6525:XX found first (3, 6) is not 5 1
INFO:root:6525:XX found first (5, 7) is not 5 1
INFO:root:6525:XX found first (9, 3) is not 5 1
INFO:root:6525:XX found first (5, 5) is not 9 1
INFO:root:6525:XX found first (1, 2) is not 3 1
INFO:root:6525:XX found first (7, 3) is not 2 1
INFO:root:6525:XX found first (2, 8) is not 6 1
INFO:root:6525:XX found first (6, 3) is not 7 1
INFO:root:6525:XX found first (1, 7) is not 9 1
INFO:root:6526:XX found first (5, 8) is not 8 1
INFO:root:6526:XX found first (9, 1) is not 8 1
INFO:root:6526:XX found first (6, 5) is not 8 1
INFO:root:6526:XX found first (4, 2) is not 8 1
INFO:root:6526:XX found first (9, 7) is not 8 1
INFO:root:6526:XX found first (7, 1) is not 8 1
INFO:root:6526:XX found first (7, 7) is not 5 1
INFO:root:6526:XX found first (7, 1) is not 5 1
INFO:root:6526:XX found first (8, 4) is not 4 1
INFO:root:6526:XX found first (4, 9) is not 8 1
INFO:root:6526:XX found first (5, 9) is not 4 1
INFO:root:6526:XX found first (4, 6) is not 3 1
INFO:root:6526:XX found first (2, 3) is not 7 1
INFO:root:6526:XX found first (1, 3) is not 4 1
INFO:root:6526:XX found first (4, 5) is not 1 1
INFO:root:6526:XX found first (2, 4) is not 5 1
INFO:root:6526:XX found first (8, 6) is not 3 1
INFO:root:6526:XX found first (7, 3) is not 9 1
INFO:root:6526:XX found first (9, 7) is not 6 1
INFO:root:6526:XX found first (3, 5) is not 3 1
INFO:root:6526:XX found first (2, 7) is not 1 1
INFO:root:6526:XX found first (3, 7) is not 5 1
INFO:root:6526:XX found first (1, 6) is not 8 1
INFO:root:6526:XX found first (8, 9) is not 5 1
INFO:root:6527:XX found first (2, 2) is not 9 1
INFO:root:6527:XX found first (5, 5) is not 6 1
INFO:root:6527:XX found first (8, 9) is not 8 1
INFO:root:6527:XX found first (3, 4) is not 3 1
INFO:root:6527:XX found first (2, 6) is not 3 1
INFO:root:6527:XX found first (9, 5) is not 6 1
INFO:root:6527:XX found first (8, 7) is not 8 1
INFO:root:6527:XX found first (4, 4) is not 6 1
INFO:root:6527:XX found first (2, 9) is not 1 1
INFO:root:6527:XX found first (1, 6) is not 9 1
INFO:root:6527:XX found first (5, 3) is not 7 1
INFO:root:6527:XX found first (5, 4) is not 2 1
INFO:root:6527:XX found first (7, 4) is not 2 1
INFO:root:6527:XX found first (4, 3) is not 2 1
INFO:root:6527:XX found first (2, 5) is not 3 1
INFO:root:6527:XX found first (2, 1) is not 5 1
INFO:root:6527:XX found first (2, 2) is not 1 1
INFO:root:6527:XX found first (2, 5) is not 1 1
INFO:root:6527:XX found first (1, 2) is not 9 1
INFO:root:6527:XX found first (7, 6) is not 7 1
INFO:root:6527:XX found first (6, 9) is not 5 1
INFO:root:6527:XX found first (6, 7) is not 3 1
INFO:root:6527:XX found first (6, 6) is not 3 1
INFO:root:6527:XX found first (1, 8) is not 4 1
INFO:root:6527:XX found first (1, 1) is not 8 1
INFO:root:6528:XX found first (4, 8) is not 2 1
INFO:root:6528:XX found first (7, 6) is not 9 1
INFO:root:6528:XX found first (2, 6) is not 4 1
INFO:root:6528:XX found first (1, 4) is not 3 1
INFO:root:6528:XX found first (9, 6) is not 3 1
INFO:root:6528:XX found first (4, 3) is not 3 1
INFO:root:6528:XX found first (2, 8) is not 4 1
INFO:root:6528:XX found first (3, 8) is not 4 1
INFO:root:6528:XX found first (2, 1) is not 2 1
INFO:root:6528:XX found first (3, 4) is not 5 1
INFO:root:6528:XX found first (5, 1) is not 8 1
INFO:root:6528:XX found first (7, 9) is not 9 1
INFO:root:6528:XX found first (5, 7) is not 9 1
INFO:root:6528:XX found first (5, 7) is not 4 1
INFO:root:6528:XX found first (5, 7) is not 3 1
INFO:root:6528:XX found first (9, 3) is not 9 1
INFO:root:6528:XX found first (6, 1) is not 3 1
INFO:root:6528:XX found first (4, 3) is not 8 1
INFO:root:6528:XX found first (4, 3) is not 4 1
INFO:root:6528:XX found first (9, 3) is not 7 1
INFO:root:6528:XX found first (3, 8) is not 5 1
INFO:root:6528:XX found first (5, 3) is not 2 1
INFO:root:6528:XX found first (1, 1) is not 5 1
INFO:root:6528:XX found first (5, 1) is not 4 1
INFO:root:6528:XX found first (3, 7) is not 6 1
INFO:root:6528:XX found first (5, 1) is not 6 1
INFO:root:6529:XX found first (6, 3) is not 8 1
INFO:root:6529:XX found first (1, 6) is not 2 1
INFO:root:6529:XX found first (3, 3) is not 2 1
INFO:root:6529:XX found first (4, 7) is not 4 1
INFO:root:6529:XX found first (6, 3) is not 4 1
INFO:root:6529:XX found first (4, 4) is not 8 1
INFO:root:6529:XX found first (9, 7) is not 7 1
INFO:root:6529:XX found first (2, 3) is not 6 1
INFO:root:6529:XX found first (7, 7) is not 3 1
INFO:root:6529:XX found first (9, 2) is not 1 1
INFO:root:6529:XX found first (3, 3) is not 9 1
INFO:root:6529:XX found first (6, 9) is not 8 1
INFO:root:6529:XX found first (3, 1) is not 5 1
INFO:root:6529:XX found first (2, 2) is not 7 1
INFO:root:6529:XX found first (4, 5) is not 7 1
INFO:root:6529:XX found first (8, 1) is not 8 1
INFO:root:6529:XX found first (6, 1) is not 6 1
INFO:root:6529:XX found first (4, 3) is not 6 1
INFO:root:6529:XX found first (5, 6) is not 4 1
INFO:root:6529:XX found first (4, 4) is not 4 1
INFO:root:6529:XX found first (4, 2) is not 2 1
INFO:root:6529:XX found first (8, 9) is not 1 1
INFO:root:6529:XX found first (8, 6) is not 9 1
INFO:root:6529:XX found first (5, 9) is not 5 1
INFO:root:6530:XX found first (4, 4) is not 7 1
INFO:root:6530:XX found first (6, 8) is not 1 1
INFO:root:6530:XX found first (4, 4) is not 9 1
INFO:root:6530:XX found first (1, 8) is not 1 1
INFO:root:6530:XX found first (8, 4) is not 3 1
INFO:root:6530:XX found first (4, 1) is not 6 1
INFO:root:6530:XX found first (3, 9) is not 8 1
INFO:root:6530:XX found first (5, 9) is not 1 1
INFO:root:6530:XX found first (6, 5) is not 2 1
INFO:root:6530:XX found first (4, 7) is not 1 1
INFO:root:6530:XX found first (6, 1) is not 5 1
INFO:root:6530:XX found first (8, 8) is not 4 1
INFO:root:6530:XX found first (9, 1) is not 9 1
INFO:root:6530:XX found first (5, 7) is not 6 1
INFO:root:6530:XX found first (9, 8) is not 1 1
INFO:root:6530:XX found first (7, 1) is not 2 1
INFO:root:6530:XX found first (2, 7) is not 8 1
INFO:root:6530:XX found first (7, 6) is not 2 1
INFO:root:6530:XX found first (3, 2) is not 7 1
INFO:root:6530:XX found first (3, 7) is not 9 1
INFO:root:6530:XX found first (1, 8) is not 5 1
INFO:root:6530:XX found first (9, 4) is not 3 1
INFO:root:6530:XX found first (7, 3) is not 8 1
INFO:root:6530:XX found first (3, 5) is not 9 1
INFO:root:6530:XX found first (7, 1) is not 4 1
INFO:root:6531:XX found first (9, 8) is not 3 1
INFO:root:6531:XX found first (7, 2) is not 9 1
INFO:root:6531:XX found first (1, 5) is not 3 1
INFO:root:6531:XX found first (5, 2) is not 4 1
INFO:root:6531:XX found first (2, 9) is not 2 1
INFO:root:6531:XX found first (1, 2) is not 8 1
INFO:root:6531:XX found first (8, 2) is not 9 1
INFO:root:6531:XX found first (5, 8) is not 2 1
INFO:root:6531:XX found first (8, 7) is not 7 1
INFO:root:6531:XX found first (2, 3) is not 5 1
INFO:root:6531:XX found first (6, 3) is not 6 1
INFO:root:6531:XX found first (5, 2) is not 7 1
INFO:root:6531:XX found first (8, 1) is not 7 1
INFO:root:6531:XX found first (4, 7) is not 8 1
INFO:root:6531:XX found first (6, 8) is not 5 1
INFO:root:6531:XX found first (5, 8) is not 5 1
INFO:root:6531:XX found first (6, 4) is not 6 1
INFO:root:6531:XX found first (5, 6) is not 3 1
INFO:root:6531:XX found first (2, 3) is not 1 1
INFO:root:6531:XX found first (2, 1) is not 7 1
INFO:root:6531:XX found first (4, 7) is not 9 1
INFO:root:6531:XX found first (5, 3) is not 4 1
INFO:root:6531:XX found first (9, 2) is not 6 1
INFO:root:6531:XX found first (6, 1) is not 4 1
INFO:root:6532:XX found first (1, 6) is not 4 1
INFO:root:6532:XX found first (9, 2) is not 2 1
INFO:root:6532:XX found first (8, 5) is not 1 1
INFO:root:6532:XX found first (7, 5) is not 4 1
INFO:root:6532:XX found first (6, 6) is not 5 1
INFO:root:6532:XX found first (9, 6) is not 2 1
INFO:root:6532:XX found first (1, 3) is not 7 1
INFO:root:6532:XX found first (8, 5) is not 8 1
INFO:root:6532:XX found first (1, 6) is not 5 1
INFO:root:6532:XX found first (4, 8) is not 6 1
INFO:root:6532:XX found first (9, 4) is not 9 1
INFO:root:6532:XX found first (2, 2) is not 2 1
INFO:root:6532:XX found first (3, 6) is not 8 1
INFO:root:6532:XX found first (7, 6) is not 4 1
INFO:root:6532:XX found first (2, 6) is not 8 1
INFO:root:6532:XX found first (1, 2) is not 2 1
INFO:root:6532:XX found first (9, 5) is not 9 1
INFO:root:6532:XX found first (8, 2) is not 7 1
INFO:root:6532:XX found first (4, 9) is not 3 1
INFO:root:6532:XX found first (1, 9) is not 9 1
INFO:root:6532:XX found first (4, 2) is not 9 1
INFO:root:6532:XX found first (3, 1) is not 7 1
INFO:root:6532:XX found first (9, 4) is not 4 1
INFO:root:6532:XX found first (8, 4) is not 2 1
INFO:root:6532:XX found first (3, 5) is not 7 1
INFO:root:6533:XX found first (3, 2) is not 9 1
INFO:root:6533:XX found first (9, 9) is not 1 1
INFO:root:6533:XX found first (7, 8) is not 7 1
INFO:root:6533:XX found first (3, 1) is not 8 1
INFO:root:6533:XX found first (5, 1) is not 7 1
INFO:root:6533:XX found first (5, 5) is not 7 1
INFO:root:6533:XX found first (9, 5) is not 5 1
INFO:root:6533:XX found first (5, 2) is not 9 1
INFO:root:6533:XX found first (7, 4) is not 8 1
INFO:root:6533:XX found first (4, 9) is not 4 1
INFO:root:6533:XX found first (9, 1) is not 6 1
INFO:root:6533:XX found first (3, 3) is not 1 1
INFO:root:6533:XX found first (8, 6) is not 6 1
INFO:root:6533:XX found first (7, 4) is not 1 1
INFO:root:6533:XX found first (1, 9) is not 7 1
INFO:root:6533:XX found first (9, 2) is not 7 1
INFO:root:6533:XX found first (1, 3) is not 6 1
INFO:root:6533:XX found first (5, 5) is not 3 1
INFO:root:6533:XX found first (4, 9) is not 9 1
INFO:root:6533:XX found first (9, 4) is not 7 1
INFO:root:6533:XX found first (2, 1) is not 8 1
INFO:root:6533:XX found first (9, 5) is not 1 1
INFO:root:6533:XX found first (5, 8) is not 1 1
INFO:root:6533:XX found first (7, 4) is not 4 1
INFO:root:6534:XX found first (6, 2) is not 8 1
INFO:root:6534:XX found first (4, 8) is not 7 1
INFO:root:6534:XX found first (5, 2) is not 8 1
INFO:root:6534:XX found first (3, 9) is not 5 1
INFO:root:6534:XX found first (2, 6) is not 7 1
INFO:root:6534:XX found first (1, 7) is not 6 1
INFO:root:6534:XX found first (1, 8) is not 8 1
INFO:root:6534:XX found first (4, 5) is not 2 1
INFO:root:6534:XX found first (6, 7) is not 1 1
INFO:root:6534:XX found first (9, 8) is not 9 1
INFO:root:6534:XX found first (7, 9) is not 7 1
INFO:root:6534:XX found first (9, 3) is not 6 1
INFO:root:6534:XX found first (3, 9) is not 7 1
INFO:root:6534:XX found first (9, 2) is not 3 1
INFO:root:6534:XX found first (4, 2) is not 6 1
INFO:root:6534:XX found first (7, 5) is not 6 1
INFO:root:6534:XX found first (3, 9) is not 4 1
INFO:root:6534:XX found first (3, 2) is not 5 1
INFO:root:6534:XX found first (6, 8) is not 6 1
INFO:root:6534:XX found first (8, 3) is not 7 1
INFO:root:6534:XX found first (7, 1) is not 1 1
INFO:root:6534:XX found first (4, 9) is not 6 1
INFO:root:6534:XX found first (9, 3) is not 4 1
INFO:root:6534:XX found first (7, 2) is not 4 1
INFO:root:6534:XX found first (4, 3) is not 5 1
INFO:root:6534:XX found first (9, 4) is not 5 1
INFO:root:6535:XX found first (1, 1) is not 6 1
INFO:root:6535:XX found first (5, 6) is not 8 1
INFO:root:6535:XX found first (4, 3) is not 1 1
INFO:root:6535:XX found first (6, 2) is not 7 1
INFO:root:6535:XX found first (5, 3) is not 5 1
INFO:root:6535:XX found first (7, 3) is not 1 1
INFO:root:6535:XX found first (5, 2) is not 1 1
INFO:root:6535:XX found first (4, 2) is not 1 1
INFO:root:6535:XX found first (6, 8) is not 4 1
INFO:root:6535:XX found first (7, 3) is not 6 1
INFO:root:6535:XX found first (9, 2) is not 5 1
INFO:root:6535:XX found first (6, 4) is not 8 1
INFO:root:6535:XX found first (4, 6) is not 2 1
INFO:root:6535:XX found first (8, 4) is not 5 1
INFO:root:6535:XX found first (4, 9) is not 5 1
INFO:root:6535:XX found first (1, 5) is not 6 1
INFO:root:6535:XX found first (5, 9) is not 8 1
INFO:root:6535:XX found first (3, 8) is not 7 1
INFO:root:6535:XX found first (2, 6) is not 9 1
INFO:root:6535:XX found first (3, 3) is not 4 1
INFO:root:6535:XX found first (3, 4) is not 2 1
INFO:root:6535:XX found first (7, 7) is not 2 1
INFO:root:6535:XX found first (4, 7) is not 5 1
INFO:root:6535:XX found first (2, 4) is not 7 1
INFO:root:6535:XX found first (4, 8) is not 8 1
INFO:root:6536:XX found first (1, 9) is not 6 1
INFO:root:6536:XX found first (2, 7) is not 2 1
INFO:root:6536:XX found first (3, 7) is not 3 1
INFO:root:6536:XX found first (2, 8) is not 7 1
INFO:root:6536:XX found first (7, 7) is not 4 1
INFO:root:6536:XX found first (1, 3) is not 5 1
INFO:root:6536:XX found first (8, 8) is not 9 1
INFO:root:6536:XX found first (6, 1) is not 2 1
INFO:root:6536:XX found first (1, 5) is not 2 1
INFO:root:6536:XX found first (3, 9) is not 2 1
INFO:root:6536:XX found first (7, 1) is not 6 1
INFO:root:6536:XX found first (6, 9) is not 1 1
INFO:root:6536:XX found first (3, 3) is not 3 1
INFO:root:6536:XX found first (4, 9) is not 2 1
INFO:root:6536:XX found first (7, 6) is not 3 1
INFO:root:6536:XX found first (2, 2) is not 5 1
INFO:root:6536:XX found first (1, 4) is not 1 1
INFO:root:6536:XX found first (1, 8) is not 3 1
INFO:root:6536:XX found first (6, 6) is not 2 1
INFO:root:6536:XX found first (9, 6) is not 7 1
INFO:root:6536:XX found first (8, 3) is not 8 1
INFO:root:6536:XX found first (1, 6) is not 7 1
INFO:root:6536:XX found first (8, 3) is not 4 1
INFO:root:6536:XX found first (9, 4) is not 2 1
INFO:root:6537:XX found first (5, 8) is not 6 1
INFO:root:6537:XX found first (1, 6) is not 1 1
INFO:root:6537:XX found first (1, 1) is not 3 1
INFO:root:6537:XX found first (9, 7) is not 9 1
INFO:root:6537:XX found first (5, 9) is not 9 1
INFO:root:6537:XX found first (1, 4) is not 7 1
INFO:root:6537:XX found first (3, 9) is not 3 1
INFO:root:6537:XX found first (4, 4) is not 3 1
INFO:root:6537:XX found first (1, 5) is not 7 1
INFO:root:6537:XX found first (7, 6) is not 8 1
INFO:root:6537:XX found first (6, 9) is not 9 1
INFO:root:6537:XX found first (1, 4) is not 6 1
INFO:root:6537:XX found first (4, 6) is not 1 1
INFO:root:6537:XX found first (5, 1) is not 1 1
INFO:root:6537:XX found first (6, 2) is not 9 1
INFO:root:6537:XX found first (6, 1) is not 1 1
INFO:root:6537:XX found first (2, 8) is not 5 1
INFO:root:6537:XX found first (4, 1) is not 7 1
INFO:root:6537:XX found first (8, 9) is not 7 1
INFO:root:6550:Early exit from checkSmall1
INFO:root:6614:Starting Step 2
INFO:root:7102:Current state [[[[1, 2, 4, 9], [7], [1, 2, 8, 9], [4, 5, 8, 9], [4, 5, 8, 9], [3], [1, 2, 4], [6], [2, 4, 5, 8]], [[3, 4, 6, 9], [3, 4, 6, 8], [3, 8, 9], [1], [4, 5, 6, 7, 8, 9], [2], [3, 4], [3, 8], [3, 4, 5, 8]], [[1, 2, 3, 4, 6], [1, 2, 3, 4, 6, 8], [5], [4, 8], [4, 6, 8], [4, 6], [7], [1, 2, 3, 8], [9]], [[3, 4, 5, 9], [3, 4, 5], [7], [2], [3, 4, 5, 6, 8, 9], [4, 5, 6, 9], [3, 6], [3, 9], [1]], [[2, 3, 5, 9], [2, 3, 5], [6], [3, 5, 9], [1], [5, 7, 9], [8], [4], [2, 3, 7]], [[8], [1, 2, 3, 4], [1, 2, 3, 9], [3, 4, 9], [3, 4, 6, 7, 9], [4, 6, 7, 9], [5], [2, 3, 7, 9], [2, 3, 6, 7]], [[7], [1, 2, 3, 5, 6, 8], [4], [3, 5], [2, 3, 5], [1, 5], [9], [1, 2, 3, 8], [2, 3, 6, 8]], [[1, 2, 3, 5, 6], [1, 2, 3, 5, 6], [1, 2, 3], [7], [2, 3, 4, 5, 9], [8], [1, 2, 3, 4, 6], [1, 2, 3], [2, 3, 4, 6]], [[1, 2, 3], [9], [1, 2, 3, 8], [6], [2, 3, 4], [1, 4], [1, 2, 3, 4], [5], [2, 3, 4, 7, 8]]]]
INFO:root:7102:Doing checkSmall1
INFO:root:7102:Getting tiny MUSes, distance 1, for 207 puzlits, 1 repeats
INFO:root:7138:Chunked 207 in [13, 13, 13, 13, 13, 13, 13, 13, 13, 13, 13, 13, 13, 13, 13, 12]
INFO:root:7175:XX found first (6, 8) is 7 1
INFO:root:7176:XX found first (4, 5) is 8 1
INFO:root:7176:XX found first (8, 5) is 9 1
INFO:root:7176:XX found first (9, 9) is 7 1
INFO:root:7176:XX found first (2, 5) is 7 1
INFO:root:7187:Early exit from checkSmall1
INFO:root:7208:Starting Step 3
INFO:root:7701:Current state [[[[1, 2, 4, 9], [7], [1, 2, 8, 9], [4, 5, 8, 9], [4, 5, 8, 9], [3], [1, 2, 4], [6], [2, 4, 5, 8]], [[3, 4, 6, 9], [3, 4, 6, 8], [3, 8, 9], [1], [7], [2], [3, 4], [3, 8], [3, 4, 5, 8]], [[1, 2, 3, 4, 6], [1, 2, 3, 4, 6, 8], [5], [4, 8], [4, 6, 8], [4, 6], [7], [1, 2, 3, 8], [9]], [[3, 4, 5, 9], [3, 4, 5], [7], [2], [8], [4, 5, 6, 9], [3, 6], [3, 9], [1]], [[2, 3, 5, 9], [2, 3, 5], [6], [3, 5, 9], [1], [5, 7, 9], [8], [4], [2, 3, 7]], [[8], [1, 2, 3, 4], [1, 2, 3, 9], [3, 4, 9], [3, 4, 6, 7, 9], [4, 6, 7, 9], [5], [7], [2, 3, 6, 7]], [[7], [1, 2, 3, 5, 6, 8], [4], [3, 5], [2, 3, 5], [1, 5], [9], [1, 2, 3, 8], [2, 3, 6, 8]], [[1, 2, 3, 5, 6], [1, 2, 3, 5, 6], [1, 2, 3], [7], [9], [8], [1, 2, 3, 4, 6], [1, 2, 3], [2, 3, 4, 6]], [[1, 2, 3], [9], [1, 2, 3, 8], [6], [2, 3, 4], [1, 4], [1, 2, 3, 4], [5], [7]]]]
INFO:root:7701:Doing checkSmall1
INFO:root:7701:Getting tiny MUSes, distance 1, for 202 puzlits, 1 repeats
INFO:root:7736:Chunked 202 in [13, 13, 13, 13, 13, 13, 13, 13, 13, 13, 12, 12, 12, 12, 12, 12]
INFO:root:7786:XX found first (6, 5) is not 9 1
INFO:root:7786:XX found first (2, 5) is not 6 1
INFO:root:7786:XX found first (4, 5) is not 5 1
INFO:root:7786:XX found first (2, 5) is not 5 1
INFO:root:7787:XX found first (9, 9) is not 3 1
INFO:root:7787:XX found first (1, 5) is not 8 1
INFO:root:7787:XX found first (6, 6) is not 7 1
INFO:root:7787:XX found first (5, 9) is not 7 1
INFO:root:7787:XX found first (9, 9) is not 2 1
INFO:root:7787:XX found first (6, 9) is not 7 1
INFO:root:7787:XX found first (1, 5) is not 9 1
INFO:root:7787:XX found first (4, 5) is not 6 1
INFO:root:7787:XX found first (9, 9) is not 4 1
INFO:root:7787:XX found first (4, 5) is not 9 1
INFO:root:7787:XX found first (8, 5) is not 2 1
INFO:root:7787:XX found first (8, 5) is not 5 1
INFO:root:7787:XX found first (6, 8) is not 3 1
INFO:root:7787:XX found first (6, 8) is not 9 1
INFO:root:7787:XX found first (4, 5) is not 4 1
INFO:root:7787:XX found first (4, 5) is not 3 1
INFO:root:7787:XX found first (6, 5) is not 7 1
INFO:root:7787:XX found first (6, 8) is not 2 1
INFO:root:7787:XX found first (3, 5) is not 8 1
INFO:root:7787:XX found first (2, 5) is not 9 1
INFO:root:7787:XX found first (2, 5) is not 4 1
INFO:root:7787:XX found first (9, 9) is not 8 1
INFO:root:7788:XX found first (8, 5) is not 4 1
INFO:root:7788:XX found first (8, 5) is not 3 1
INFO:root:7788:XX found first (2, 5) is not 8 1
INFO:root:7800:Early exit from checkSmall1
INFO:root:7811:Starting Step 4
INFO:root:8329:Current state [[[[1, 2, 4, 9], [7], [1, 2, 8, 9], [4, 5, 8, 9], [4, 5], [3], [1, 2, 4], [6], [2, 4, 5, 8]], [[3, 4, 6, 9], [3, 4, 6, 8], [3, 8, 9], [1], [7], [2], [3, 4], [3, 8], [3, 4, 5, 8]], [[1, 2, 3, 4, 6], [1, 2, 3, 4, 6, 8], [5], [4, 8], [4, 6], [4, 6], [7], [1, 2, 3, 8], [9]], [[3, 4, 5, 9], [3, 4, 5], [7], [2], [8], [4, 5, 6, 9], [3, 6], [3, 9], [1]], [[2, 3, 5, 9], [2, 3, 5], [6], [3, 5, 9], [1], [5, 7, 9], [8], [4], [2, 3]], [[8], [1, 2, 3, 4], [1, 2, 3, 9], [3, 4, 9], [3, 4, 6], [4, 6, 9], [5], [7], [2, 3, 6]], [[7], [1, 2, 3, 5, 6, 8], [4], [3, 5], [2, 3, 5], [1, 5], [9], [1, 2, 3, 8], [2, 3, 6, 8]], [[1, 2, 3, 5, 6], [1, 2, 3, 5, 6], [1, 2, 3], [7], [9], [8], [1, 2, 3, 4, 6], [1, 2, 3], [2, 3, 4, 6]], [[1, 2, 3], [9], [1, 2, 3, 8], [6], [2, 3, 4], [1, 4], [1, 2, 3, 4], [5], [7]]]]
INFO:root:8329:Doing checkSmall1
INFO:root:8329:Getting tiny MUSes, distance 1, for 173 puzlits, 1 repeats
INFO:root:8364:Chunked 173 in [11, 11, 11, 11, 11, 11, 11, 11, 11, 11, 11, 11, 11, 10, 10, 10]
INFO:root:8395:XX found first (1, 4) is 9 1
INFO:root:8395:XX found first (2, 9) is 5 1
INFO:root:8395:XX found first (5, 6) is 7 1
INFO:root:8395:XX found first (9, 3) is 8 1
INFO:root:8395:XX found first (4, 8) is 9 1
INFO:root:8407:Early exit from checkSmall1
INFO:root:8428:Starting Step 5
INFO:root:8953:Current state [[[[1, 2, 4, 9], [7], [1, 2, 8, 9], [9], [4, 5], [3], [1, 2, 4], [6], [2, 4, 5, 8]], [[3, 4, 6, 9], [3, 4, 6, 8], [3, 8, 9], [1], [7], [2], [3, 4], [3, 8], [5]], [[1, 2, 3, 4, 6], [1, 2, 3, 4, 6, 8], [5], [4, 8], [4, 6], [4, 6], [7], [1, 2, 3, 8], [9]], [[3, 4, 5, 9], [3, 4, 5], [7], [2], [8], [4, 5, 6, 9], [3, 6], [9], [1]], [[2, 3, 5, 9], [2, 3, 5], [6], [3, 5, 9], [1], [7], [8], [4], [2, 3]], [[8], [1, 2, 3, 4], [1, 2, 3, 9], [3, 4, 9], [3, 4, 6], [4, 6, 9], [5], [7], [2, 3, 6]], [[7], [1, 2, 3, 5, 6, 8], [4], [3, 5], [2, 3, 5], [1, 5], [9], [1, 2, 3, 8], [2, 3, 6, 8]], [[1, 2, 3, 5, 6], [1, 2, 3, 5, 6], [1, 2, 3], [7], [9], [8], [1, 2, 3, 4, 6], [1, 2, 3], [2, 3, 4, 6]], [[1, 2, 3], [9], [8], [6], [2, 3, 4], [1, 4], [1, 2, 3, 4], [5], [7]]]]
INFO:root:8953:Doing checkSmall1
INFO:root:8953:Getting tiny MUSes, distance 1, for 168 puzlits, 1 repeats
INFO:root:8989:Chunked 168 in [11, 11, 11, 11, 11, 11, 11, 11, 10, 10, 10, 10, 10, 10, 10, 10]
INFO:root:9026:XX found first (5, 6) is not 9 1
INFO:root:9026:XX found first (1, 4) is not 8 1
INFO:root:9026:XX found first (4, 6) is not 9 1
INFO:root:9026:XX found first (9, 3) is not 2 1
INFO:root:9026:XX found first (2, 9) is not 3 1
INFO:root:9026:XX found first (1, 4) is not 4 1
INFO:root:9026:XX found first (5, 4) is not 9 1
INFO:root:9026:XX found first (6, 4) is not 9 1
INFO:root:9026:XX found first (7, 2) is not 8 1
INFO:root:9026:XX found first (9, 3) is not 1 1
INFO:root:9026:XX found first (9, 3) is not 3 1
INFO:root:9026:XX found first (2, 9) is not 4 1
INFO:root:9026:XX found first (1, 1) is not 9 1
INFO:root:9026:XX found first (1, 9) is not 5 1
INFO:root:9026:XX found first (2, 3) is not 8 1
INFO:root:9026:XX found first (4, 8) is not 3 1
INFO:root:9026:XX found first (1, 3) is not 9 1
INFO:root:9026:XX found first (1, 4) is not 5 1
INFO:root:9027:XX found first (1, 3) is not 8 1
INFO:root:9027:XX found first (4, 1) is not 9 1
INFO:root:9027:XX found first (2, 9) is not 8 1
INFO:root:9027:XX found first (5, 6) is not 5 1
INFO:root:9039:Early exit from checkSmall1
INFO:root:9049:Starting Step 6
INFO:root:9584:Current state [[[[1, 2, 4], [7], [1, 2], [9], [4, 5], [3], [1, 2, 4], [6], [2, 4, 8]], [[3, 4, 6, 9], [3, 4, 6, 8], [3, 9], [1], [7], [2], [3, 4], [3, 8], [5]], [[1, 2, 3, 4, 6], [1, 2, 3, 4, 6, 8], [5], [4, 8], [4, 6], [4, 6], [7], [1, 2, 3, 8], [9]], [[3, 4, 5], [3, 4, 5], [7], [2], [8], [4, 5, 6], [3, 6], [9], [1]], [[2, 3, 5, 9], [2, 3, 5], [6], [3, 5], [1], [7], [8], [4], [2, 3]], [[8], [1, 2, 3, 4], [1, 2, 3, 9], [3, 4], [3, 4, 6], [4, 6, 9], [5], [7], [2, 3, 6]], [[7], [1, 2, 3, 5, 6], [4], [3, 5], [2, 3, 5], [1, 5], [9], [1, 2, 3, 8], [2, 3, 6, 8]], [[1, 2, 3, 5, 6], [1, 2, 3, 5, 6], [1, 2, 3], [7], [9], [8], [1, 2, 3, 4, 6], [1, 2, 3], [2, 3, 4, 6]], [[1, 2, 3], [9], [8], [6], [2, 3, 4], [1, 4], [1, 2, 3, 4], [5], [7]]]]
INFO:root:9584:Doing checkSmall1
INFO:root:9584:Getting tiny MUSes, distance 1, for 146 puzlits, 1 repeats
INFO:root:9619:Chunked 146 in [10, 10, 9, 9, 9, 9, 9, 9, 9, 9, 9, 9, 9, 9, 9, 9]
INFO:root:9647:XX found first (5, 1) is 9 1
INFO:root:9647:XX found first (6, 6) is 9 1
INFO:root:9647:XX found first (1, 5) is 5 1
INFO:root:9647:XX found first (1, 9) is 8 1
INFO:root:9647:XX found first (3, 4) is 8 1
INFO:root:9659:Early exit from checkSmall1
INFO:root:9680:Starting Step 7
INFO:root:10229:Current state [[[[1, 2, 4], [7], [1, 2], [9], [5], [3], [1, 2, 4], [6], [8]], [[3, 4, 6, 9], [3, 4, 6, 8], [3, 9], [1], [7], [2], [3, 4], [3, 8], [5]], [[1, 2, 3, 4, 6], [1, 2, 3, 4, 6, 8], [5], [8], [4, 6], [4, 6], [7], [1, 2, 3, 8], [9]], [[3, 4, 5], [3, 4, 5], [7], [2], [8], [4, 5, 6], [3, 6], [9], [1]], [[9], [2, 3, 5], [6], [3, 5], [1], [7], [8], [4], [2, 3]], [[8], [1, 2, 3, 4], [1, 2, 3, 9], [3, 4], [3, 4, 6], [9], [5], [7], [2, 3, 6]], [[7], [1, 2, 3, 5, 6], [4], [3, 5], [2, 3, 5], [1, 5], [9], [1, 2, 3, 8], [2, 3, 6, 8]], [[1, 2, 3, 5, 6], [1, 2, 3, 5, 6], [1, 2, 3], [7], [9], [8], [1, 2, 3, 4, 6], [1, 2, 3], [2, 3, 4, 6]], [[1, 2, 3], [9], [8], [6], [2, 3, 4], [1, 4], [1, 2, 3, 4], [5], [7]]]]
INFO:root:10229:Doing checkSmall1
INFO:root:10229:Getting tiny MUSes, distance 1, for 141 puzlits, 1 repeats
INFO:root:10265:Chunked 141 in [9, 9, 9, 9, 9, 9, 9, 9, 9, 9, 9, 9, 9, 8, 8, 8]
INFO:root:10300:XX found first (3, 2) is not 8 1
INFO:root:10300:XX found first (7, 5) is not 5 1
INFO:root:10300:XX found first (6, 3) is not 9 1
INFO:root:10300:XX found first (5, 1) is not 3 1
INFO:root:10300:XX found first (1, 9) is not 2 1
INFO:root:10300:XX found first (5, 1) is not 5 1
INFO:root:10300:XX found first (1, 9) is not 4 1
INFO:root:10301:XX found first (1, 5) is not 4 1
INFO:root:10301:XX found first (7, 9) is not 8 1
INFO:root:10301:XX found first (6, 6) is not 6 1
INFO:root:10301:XX found first (6, 6) is not 4 1
INFO:root:10301:XX found first (5, 1) is not 2 1
INFO:root:10301:XX found first (2, 1) is not 9 1
INFO:root:10301:XX found first (2, 8) is not 8 1
INFO:root:10301:XX found first (3, 8) is not 8 1
INFO:root:10301:XX found first (3, 4) is not 4 1
INFO:root:10313:Early exit from checkSmall1
INFO:root:10322:Starting Step 8
INFO:root:10878:Current state [[[[1, 2, 4], [7], [1, 2], [9], [5], [3], [1, 2, 4], [6], [8]], [[3, 4, 6], [3, 4, 6, 8], [3, 9], [1], [7], [2], [3, 4], [3], [5]], [[1, 2, 3, 4, 6], [1, 2, 3, 4, 6], [5], [8], [4, 6], [4, 6], [7], [1, 2, 3], [9]], [[3, 4, 5], [3, 4, 5], [7], [2], [8], [4, 5, 6], [3, 6], [9], [1]], [[9], [2, 3, 5], [6], [3, 5], [1], [7], [8], [4], [2, 3]], [[8], [1, 2, 3, 4], [1, 2, 3], [3, 4], [3, 4, 6], [9], [5], [7], [2, 3, 6]], [[7], [1, 2, 3, 5, 6], [4], [3, 5], [2, 3], [1, 5], [9], [1, 2, 3, 8], [2, 3, 6]], [[1, 2, 3, 5, 6], [1, 2, 3, 5, 6], [1, 2, 3], [7], [9], [8], [1, 2, 3, 4, 6], [1, 2, 3], [2, 3, 4, 6]], [[1, 2, 3], [9], [8], [6], [2, 3, 4], [1, 4], [1, 2, 3, 4], [5], [7]]]]
INFO:root:10878:Doing checkSmall1
INFO:root:10878:Getting tiny MUSes, distance 1, for 125 puzlits, 1 repeats
INFO:root:10914:Chunked 125 in [8, 8, 8, 8, 8, 8, 8, 8, 8, 8, 8, 8, 8, 7, 7, 7]
INFO:root:10943:XX found first (2, 8) is 3 1
INFO:root:10943:XX found first (7, 8) is 8 1
INFO:root:10943:XX found first (2, 3) is 9 1
INFO:root:10943:XX found first (2, 2) is 8 1
INFO:root:10943:XX found first (8, 9) is 4 1
INFO:root:10944:XX found first (6, 4) is 4 1
INFO:root:10955:Early exit from checkSmall1
INFO:root:10980:Starting Step 9
INFO:root:11540:Current state [[[[1, 2, 4], [7], [1, 2], [9], [5], [3], [1, 2, 4], [6], [8]], [[3, 4, 6], [8], [9], [1], [7], [2], [3, 4], [3], [5]], [[1, 2, 3, 4, 6], [1, 2, 3, 4, 6], [5], [8], [4, 6], [4, 6], [7], [1, 2, 3], [9]], [[3, 4, 5], [3, 4, 5], [7], [2], [8], [4, 5, 6], [3, 6], [9], [1]], [[9], [2, 3, 5], [6], [3, 5], [1], [7], [8], [4], [2, 3]], [[8], [1, 2, 3, 4], [1, 2, 3], [4], [3, 4, 6], [9], [5], [7], [2, 3, 6]], [[7], [1, 2, 3, 5, 6], [4], [3, 5], [2, 3], [1, 5], [9], [8], [2, 3, 6]], [[1, 2, 3, 5, 6], [1, 2, 3, 5, 6], [1, 2, 3], [7], [9], [8], [1, 2, 3, 4, 6], [1, 2, 3], [4]], [[1, 2, 3], [9], [8], [6], [2, 3, 4], [1, 4], [1, 2, 3, 4], [5], [7]]]]
INFO:root:11541:Doing checkSmall1
INFO:root:11541:Getting tiny MUSes, distance 1, for 119 puzlits, 1 repeats
INFO:root:11577:Chunked 119 in [8, 8, 8, 8, 8, 8, 8, 7, 7, 7, 7, 7, 7, 7, 7, 7]
INFO:root:11609:XX found first (2, 2) is not 6 1
INFO:root:11609:XX found first (2, 7) is not 3 1
INFO:root:11609:XX found first (8, 9) is not 2 1
INFO:root:11609:XX found first (8, 7) is not 4 1
INFO:root:11609:XX found first (7, 8) is not 2 1
INFO:root:11609:XX found first (2, 3) is not 3 1
INFO:root:11609:XX found first (2, 1) is not 3 1
INFO:root:11609:XX found first (8, 8) is not 3 1
INFO:root:11609:XX found first (7, 8) is not 1 1
INFO:root:11609:XX found first (3, 8) is not 3 1
INFO:root:11609:XX found first (6, 2) is not 4 1
INFO:root:11609:XX found first (8, 9) is not 3 1
INFO:root:11609:XX found first (2, 2) is not 4 1
INFO:root:11609:XX found first (2, 2) is not 3 1
INFO:root:11610:XX found first (8, 9) is not 6 1
INFO:root:11610:XX found first (9, 7) is not 4 1
INFO:root:11610:XX found first (6, 4) is not 3 1
INFO:root:11610:XX found first (7, 8) is not 3 1
INFO:root:11610:XX found first (4, 6) is not 4 1
INFO:root:11610:XX found first (6, 5) is not 4 1
INFO:root:11621:Early exit from checkSmall1
INFO:root:11631:Starting Step 10
INFO:root:12199:Current state [[[[1, 2, 4], [7], [1, 2], [9], [5], [3], [1, 2, 4], [6], [8]], [[4, 6], [8], [9], [1], [7], [2], [4], [3], [5]], [[1, 2, 3, 4, 6], [1, 2, 3, 4, 6], [5], [8], [4, 6], [4, 6], [7], [1, 2], [9]], [[3, 4, 5], [3, 4, 5], [7], [2], [8], [5, 6], [3, 6], [9], [1]], [[9], [2, 3, 5], [6], [3, 5], [1], [7], [8], [4], [2, 3]], [[8], [1, 2, 3], [1, 2, 3], [4], [3, 6], [9], [5], [7], [2, 3, 6]], [[7], [1, 2, 3, 5, 6], [4], [3, 5], [2, 3], [1, 5], [9], [8], [2, 3, 6]], [[1, 2, 3, 5, 6], [1, 2, 3, 5, 6], [1, 2, 3], [7], [9], [8], [1, 2, 3, 6], [1, 2], [4]], [[1, 2, 3], [9], [8], [6], [2, 3, 4], [1, 4], [1, 2, 3], [5], [7]]]]
INFO:root:12200:Doing checkSmall1
INFO:root:12200:Getting tiny MUSes, distance 1, for 99 puzlits, 1 repeats
INFO:root:12234:Chunked 99 in [7, 7, 7, 6, 6, 6, 6, 6, 6, 6, 6, 6, 6, 6, 6, 6]
INFO:root:12258:XX found first (2, 1) is 6 1
INFO:root:12258:XX found first (2, 7) is 4 1
INFO:root:12269:Early exit from checkSmall1
INFO:root:12281:Starting Step 11
INFO:root:12853:Current state [[[[1, 2, 4], [7], [1, 2], [9], [5], [3], [1, 2, 4], [6], [8]], [[6], [8], [9], [1], [7], [2], [4], [3], [5]], [[1, 2, 3, 4, 6], [1, 2, 3, 4, 6], [5], [8], [4, 6], [4, 6], [7], [1, 2], [9]], [[3, 4, 5], [3, 4, 5], [7], [2], [8], [5, 6], [3, 6], [9], [1]], [[9], [2, 3, 5], [6], [3, 5], [1], [7], [8], [4], [2, 3]], [[8], [1, 2, 3], [1, 2, 3], [4], [3, 6], [9], [5], [7], [2, 3, 6]], [[7], [1, 2, 3, 5, 6], [4], [3, 5], [2, 3], [1, 5], [9], [8], [2, 3, 6]], [[1, 2, 3, 5, 6], [1, 2, 3, 5, 6], [1, 2, 3], [7], [9], [8], [1, 2, 3, 6], [1, 2], [4]], [[1, 2, 3], [9], [8], [6], [2, 3, 4], [1, 4], [1, 2, 3], [5], [7]]]]
INFO:root:12853:Doing checkSmall1
INFO:root:12853:Getting tiny MUSes, distance 1, for 97 puzlits, 1 repeats
INFO:root:12888:Chunked 97 in [7, 6, 6, 6, 6, 6, 6, 6, 6, 6, 6, 6, 6, 6, 6, 6]
INFO:root:12911:XX found first (3, 1) is not 6 1
INFO:root:12911:XX found first (2, 1) is not 4 1
INFO:root:12911:XX found first (3, 2) is not 6 1
INFO:root:12912:XX found first (8, 1) is not 6 1
INFO:root:12912:XX found first (1, 7) is not 4 1
INFO:root:12923:Early exit from checkSmall1
INFO:root:12932:Starting Step 12
INFO:root:13509:Current state [[[[1, 2, 4], [7], [1, 2], [9], [5], [3], [1, 2], [6], [8]], [[6], [8], [9], [1], [7], [2], [4], [3], [5]], [[1, 2, 3, 4], [1, 2, 3, 4], [5], [8], [4, 6], [4, 6], [7], [1, 2], [9]], [[3, 4, 5], [3, 4, 5], [7], [2], [8], [5, 6], [3, 6], [9], [1]], [[9], [2, 3, 5], [6], [3, 5], [1], [7], [8], [4], [2, 3]], [[8], [1, 2, 3], [1, 2, 3], [4], [3, 6], [9], [5], [7], [2, 3, 6]], [[7], [1, 2, 3, 5, 6], [4], [3, 5], [2, 3], [1, 5], [9], [8], [2, 3, 6]], [[1, 2, 3, 5], [1, 2, 3, 5, 6], [1, 2, 3], [7], [9], [8], [1, 2, 3, 6], [1, 2], [4]], [[1, 2, 3], [9], [8], [6], [2, 3, 4], [1, 4], [1, 2, 3], [5], [7]]]]
INFO:root:13510:Doing checkSmall1
INFO:root:13510:Getting tiny MUSes, distance 1, for 92 puzlits, 1 repeats
INFO:root:13545:Chunked 92 in [6, 6, 6, 6, 6, 6, 6, 6, 6, 6, 6, 6, 5, 5, 5, 5]
INFO:root:13568:XX found first (1, 1) is 4 1
INFO:root:13579:Early exit from checkSmall1
INFO:root:13590:Starting Step 13
INFO:root:14168:Current state [[[[4], [7], [1, 2], [9], [5], [3], [1, 2], [6], [8]], [[6], [8], [9], [1], [7], [2], [4], [3], [5]], [[1, 2, 3, 4], [1, 2, 3, 4], [5], [8], [4, 6], [4, 6], [7], [1, 2], [9]], [[3, 4, 5], [3, 4, 5], [7], [2], [8], [5, 6], [3, 6], [9], [1]], [[9], [2, 3, 5], [6], [3, 5], [1], [7], [8], [4], [2, 3]], [[8], [1, 2, 3], [1, 2, 3], [4], [3, 6], [9], [5], [7], [2, 3, 6]], [[7], [1, 2, 3, 5, 6], [4], [3, 5], [2, 3], [1, 5], [9], [8], [2, 3, 6]], [[1, 2, 3, 5], [1, 2, 3, 5, 6], [1, 2, 3], [7], [9], [8], [1, 2, 3, 6], [1, 2], [4]], [[1, 2, 3], [9], [8], [6], [2, 3, 4], [1, 4], [1, 2, 3], [5], [7]]]]
INFO:root:14168:Doing checkSmall1
INFO:root:14168:Getting tiny MUSes, distance 1, for 91 puzlits, 1 repeats
INFO:root:14203:Chunked 91 in [6, 6, 6, 6, 6, 6, 6, 6, 6, 6, 6, 5, 5, 5, 5, 5]
INFO:root:14227:XX found first (1, 1) is not 2 1
INFO:root:14227:XX found first (4, 1) is not 4 1
INFO:root:14227:XX found first (3, 2) is not 4 1
INFO:root:14227:XX found first (1, 1) is not 1 1
INFO:root:14227:XX found first (3, 1) is not 4 1
INFO:root:14239:Early exit from checkSmall1
INFO:root:14247:Starting Step 14
INFO:root:14834:Current state [[[[4], [7], [1, 2], [9], [5], [3], [1, 2], [6], [8]], [[6], [8], [9], [1], [7], [2], [4], [3], [5]], [[1, 2, 3], [1, 2, 3], [5], [8], [4, 6], [4, 6], [7], [1, 2], [9]], [[3, 5], [3, 4, 5], [7], [2], [8], [5, 6], [3, 6], [9], [1]], [[9], [2, 3, 5], [6], [3, 5], [1], [7], [8], [4], [2, 3]], [[8], [1, 2, 3], [1, 2, 3], [4], [3, 6], [9], [5], [7], [2, 3, 6]], [[7], [1, 2, 3, 5, 6], [4], [3, 5], [2, 3], [1, 5], [9], [8], [2, 3, 6]], [[1, 2, 3, 5], [1, 2, 3, 5, 6], [1, 2, 3], [7], [9], [8], [1, 2, 3, 6], [1, 2], [4]], [[1, 2, 3], [9], [8], [6], [2, 3, 4], [1, 4], [1, 2, 3], [5], [7]]]]
INFO:root:14834:Doing checkSmall1
INFO:root:14834:Getting tiny MUSes, distance 1, for 86 puzlits, 1 repeats
INFO:root:14870:Chunked 86 in [6, 6, 6, 6, 6, 6, 5, 5, 5, 5, 5, 5, 5, 5, 5, 5]
INFO:root:14894:XX found first (4, 2) is 4 1
INFO:root:14906:Early exit from checkSmall1
INFO:root:14917:Starting Step 15
INFO:root:15492:Current state [[[[4], [7], [1, 2], [9], [5], [3], [1, 2], [6], [8]], [[6], [8], [9], [1], [7], [2], [4], [3], [5]], [[1, 2, 3], [1, 2, 3], [5], [8], [4, 6], [4, 6], [7], [1, 2], [9]], [[3, 5], [4], [7], [2], [8], [5, 6], [3, 6], [9], [1]], [[9], [2, 3, 5], [6], [3, 5], [1], [7], [8], [4], [2, 3]], [[8], [1, 2, 3], [1, 2, 3], [4], [3, 6], [9], [5], [7], [2, 3, 6]], [[7], [1, 2, 3, 5, 6], [4], [3, 5], [2, 3], [1, 5], [9], [8], [2, 3, 6]], [[1, 2, 3, 5], [1, 2, 3, 5, 6], [1, 2, 3], [7], [9], [8], [1, 2, 3, 6], [1, 2], [4]], [[1, 2, 3], [9], [8], [6], [2, 3, 4], [1, 4], [1, 2, 3], [5], [7]]]]
INFO:root:15492:Doing checkSmall1
INFO:root:15492:Getting tiny MUSes, distance 1, for 85 puzlits, 1 repeats
INFO:root:15527:Chunked 85 in [6, 6, 6, 6, 6, 5, 5, 5, 5, 5, 5, 5, 5, 5, 5, 5]
INFO:root:15550:XX found first (4, 2) is not 3 1
INFO:root:15550:XX found first (4, 2) is not 5 1
INFO:root:15562:Early exit from checkSmall1
INFO:root:15570:Starting Step 16
INFO:root:16148:Current state [[[[4], [7], [1, 2], [9], [5], [3], [1, 2], [6], [8]], [[6], [8], [9], [1], [7], [2], [4], [3], [5]], [[1, 2, 3], [1, 2, 3], [5], [8], [4, 6], [4, 6], [7], [1, 2], [9]], [[3, 5], [4], [7], [2], [8], [5, 6], [3, 6], [9], [1]], [[9], [2, 3, 5], [6], [3, 5], [1], [7], [8], [4], [2, 3]], [[8], [1, 2, 3], [1, 2, 3], [4], [3, 6], [9], [5], [7], [2, 3, 6]], [[7], [1, 2, 3, 5, 6], [4], [3, 5], [2, 3], [1, 5], [9], [8], [2, 3, 6]], [[1, 2, 3, 5], [1, 2, 3, 5, 6], [1, 2, 3], [7], [9], [8], [1, 2, 3, 6], [1, 2], [4]], [[1, 2, 3], [9], [8], [6], [2, 3, 4], [1, 4], [1, 2, 3], [5], [7]]]]
INFO:root:16149:Doing checkSmall1
INFO:root:16149:Getting tiny MUSes, distance 1, for 83 puzlits, 1 repeats
INFO:root:16183:Chunked 83 in [6, 6, 6, 5, 5, 5, 5, 5, 5, 5, 5, 5, 5, 5, 5, 5]
INFO:root:16251:Considering 100 * 83 jobs for minsize=3
INFO:root:16267:Chunked 8300 in [519, 519, 519, 519, 519, 519, 519, 519, 519, 519, 519, 519, 518, 518, 518, 518]
INFO:root:185334:Considering 100 * 83 jobs for minsize=4
INFO:root:185408:Chunked 8300 in [519, 519, 519, 519, 519, 519, 519, 519, 519, 519, 519, 519, 518, 518, 518, 518]
INFO:root:426138:!! Found smaller !!!! 3 4
INFO:root:426138:XX found first (7, 9) is not 2 3
INFO:root:426138:!! Found smaller !!!! 3 4
INFO:root:426138:XX add new best (7, 9) is not 2 3 3
INFO:root:426139:!! Found smaller !!!! 3 4
INFO:root:426139:XX found first (7, 2) is not 5 3
INFO:root:426139:!! Found smaller !!!! 3 4
INFO:root:426139:XX add new best (7, 2) is not 5 3 3
INFO:root:426139:!! Found smaller !!!! 3 4
INFO:root:426139:XX add new best (7, 9) is not 2 3 3
INFO:root:426139:!! Found smaller !!!! 3 4
INFO:root:426139:XX add new best (7, 2) is not 5 3 3
INFO:root:426139:!! Found smaller !!!! 3 4
INFO:root:426139:XX add new best (7, 2) is not 5 3 3
INFO:root:426139:!! Found smaller !!!! 3 4
INFO:root:426139:XX add new best (7, 9) is not 2 3 3
INFO:root:426139:!! Found smaller !!!! 3 4
INFO:root:426139:XX add new best (7, 2) is not 5 3 3
INFO:root:426140:!! Found smaller !!!! 3 4
INFO:root:426140:XX add new best (7, 2) is not 5 3 3
INFO:root:426140:!! Found smaller !!!! 3 4
INFO:root:426140:XX add new best (7, 2) is not 5 3 3
INFO:root:426140:!! Found smaller !!!! 3 4
INFO:root:426140:XX add new best (7, 9) is not 2 3 3
INFO:root:426140:!! Found smaller !!!! 3 4
INFO:root:426140:XX add new best (7, 9) is not 2 3 3
INFO:root:426140:!! Found smaller !!!! 3 4
INFO:root:426140:XX add new best (7, 2) is not 5 3 3
INFO:root:426140:!! Found smaller !!!! 3 4
INFO:root:426140:XX add new best (7, 2) is not 5 3 3
INFO:root:426140:!! Found smaller !!!! 3 4
INFO:root:426140:XX add new best (7, 2) is not 5 3 3
INFO:root:426140:!! Found smaller !!!! 3 4
INFO:root:426140:XX add new best (7, 9) is not 2 3 3
INFO:root:426141:!! Found smaller !!!! 3 4
INFO:root:426141:XX add new best (7, 2) is not 5 3 3
INFO:root:426141:!! Found smaller !!!! 3 4
INFO:root:426141:XX add new best (7, 2) is not 5 3 3
INFO:root:426141:!! Found smaller !!!! 3 4
INFO:root:426141:XX add new best (7, 2) is not 5 3 3
INFO:root:426141:!! Found smaller !!!! 3 4
INFO:root:426141:XX add new best (7, 2) is not 5 3 3
INFO:root:426141:!! Found smaller !!!! 3 4
INFO:root:426141:XX add new best (7, 9) is not 2 3 3
INFO:root:426141:!! Found smaller !!!! 3 4
INFO:root:426141:XX add new best (7, 2) is not 5 3 3
INFO:root:426141:!! Found smaller !!!! 3 4
INFO:root:426141:XX add new best (7, 9) is not 2 3 3
INFO:root:426141:!! Found smaller !!!! 3 4
INFO:root:426142:XX add new best (7, 9) is not 2 3 3
INFO:root:426142:!! Found smaller !!!! 3 4
INFO:root:426142:XX add new best (7, 2) is not 5 3 3
INFO:root:426142:!! Found smaller !!!! 3 4
INFO:root:426142:XX add new best (7, 9) is not 2 3 3
INFO:root:426142:!! Found smaller !!!! 3 4
INFO:root:426142:XX add new best (7, 2) is not 5 3 3
INFO:root:426142:!! Found smaller !!!! 3 4
INFO:root:426142:XX add new best (7, 2) is not 5 3 3
INFO:root:426142:!! Found smaller !!!! 3 4
INFO:root:426142:XX add new best (7, 2) is not 5 3 3
INFO:root:426142:!! Found smaller !!!! 3 4
INFO:root:426142:XX add new best (7, 2) is not 5 3 3
INFO:root:426142:!! Found smaller !!!! 3 4
INFO:root:426142:XX add new best (7, 2) is not 5 3 3
INFO:root:426143:!! Found smaller !!!! 3 4
INFO:root:426143:XX add new best (7, 9) is not 2 3 3
INFO:root:426143:!! Found smaller !!!! 3 4
INFO:root:426143:XX add new best (7, 2) is not 5 3 3
INFO:root:426143:!! Found smaller !!!! 3 4
INFO:root:426143:XX add new best (7, 9) is not 2 3 3
INFO:root:426143:!! Found smaller !!!! 3 4
INFO:root:426143:XX add new best (7, 9) is not 2 3 3
INFO:root:426143:!! Found smaller !!!! 3 4
INFO:root:426143:XX add new best (7, 2) is not 5 3 3
INFO:root:426143:!! Found smaller !!!! 3 4
INFO:root:426143:XX add new best (7, 2) is not 5 3 3
INFO:root:426143:!! Found smaller !!!! 3 4
INFO:root:426143:XX add new best (7, 9) is not 2 3 3
INFO:root:426143:!! Found smaller !!!! 3 4
INFO:root:426143:XX add new best (7, 2) is not 5 3 3
INFO:root:426144:!! Found smaller !!!! 3 4
INFO:root:426144:XX add new best (7, 9) is not 2 3 3
INFO:root:426144:!! Found smaller !!!! 3 4
INFO:root:426144:XX add new best (7, 9) is not 2 3 3
INFO:root:426144:!! Found smaller !!!! 3 4
INFO:root:426144:XX add new best (7, 2) is not 5 3 3
INFO:root:426144:!! Found smaller !!!! 3 4
INFO:root:426144:XX add new best (7, 2) is not 5 3 3
INFO:root:426144:!! Found smaller !!!! 3 4
INFO:root:426144:XX add new best (7, 2) is not 5 3 3
INFO:root:426144:!! Found smaller !!!! 3 4
INFO:root:426144:XX add new best (7, 2) is not 5 3 3
INFO:root:426144:!! Found smaller !!!! 3 4
INFO:root:426144:XX add new best (7, 2) is not 5 3 3
INFO:root:426144:!! Found smaller !!!! 3 4
INFO:root:426144:XX add new best (7, 2) is not 5 3 3
INFO:root:426145:!! Found smaller !!!! 3 4
INFO:root:426145:XX add new best (7, 2) is not 5 3 3
INFO:root:426145:!! Found smaller !!!! 3 4
INFO:root:426145:XX add new best (7, 2) is not 5 3 3
INFO:root:426145:!! Found smaller !!!! 3 4
INFO:root:426145:XX add new best (7, 9) is not 2 3 3
INFO:root:426145:!! Found smaller !!!! 3 4
INFO:root:426145:XX add new best (7, 2) is not 5 3 3
INFO:root:426145:!! Found smaller !!!! 3 4
INFO:root:426145:XX add new best (7, 2) is not 5 3 3
INFO:root:426145:!! Found smaller !!!! 3 4
INFO:root:426145:XX add new best (7, 2) is not 5 3 3
INFO:root:426145:!! Found smaller !!!! 3 4
INFO:root:426145:XX add new best (7, 2) is not 5 3 3
INFO:root:426145:!! Found smaller !!!! 3 4
INFO:root:426145:XX add new best (7, 2) is not 5 3 3
INFO:root:426146:!! Found smaller !!!! 3 4
INFO:root:426146:XX add new best (7, 2) is not 5 3 3
INFO:root:426146:!! Found smaller !!!! 3 4
INFO:root:426146:XX add new best (7, 9) is not 2 3 3
INFO:root:426146:!! Found smaller !!!! 3 4
INFO:root:426146:XX add new best (7, 2) is not 5 3 3
INFO:root:426146:!! Found smaller !!!! 3 4
INFO:root:426146:XX add new best (7, 2) is not 5 3 3
INFO:root:426146:!! Found smaller !!!! 3 4
INFO:root:426146:XX add new best (7, 2) is not 5 3 3
INFO:root:426146:!! Found smaller !!!! 3 4
INFO:root:426146:XX add new best (7, 9) is not 2 3 3
INFO:root:426146:!! Found smaller !!!! 3 4
INFO:root:426146:XX add new best (7, 2) is not 5 3 3
INFO:root:426146:!! Found smaller !!!! 3 4
INFO:root:426146:XX add new best (7, 9) is not 2 3 3
INFO:root:426234:Minimal choices : 2 [(7, 2) is not 5, (7, 9) is not 2]
INFO:root:426234:Starting Step 17
INFO:root:426819:Current state [[[[4], [7], [1, 2], [9], [5], [3], [1, 2], [6], [8]], [[6], [8], [9], [1], [7], [2], [4], [3], [5]], [[1, 2, 3], [1, 2, 3], [5], [8], [4, 6], [4, 6], [7], [1, 2], [9]], [[3, 5], [4], [7], [2], [8], [5, 6], [3, 6], [9], [1]], [[9], [2, 3, 5], [6], [3, 5], [1], [7], [8], [4], [2, 3]], [[8], [1, 2, 3], [1, 2, 3], [4], [3, 6], [9], [5], [7], [2, 3, 6]], [[7], [1, 2, 3, 5, 6], [4], [3, 5], [2, 3], [1, 5], [9], [8], [2, 3, 6]], [[1, 2, 3, 5], [1, 2, 3, 5, 6], [1, 2, 3], [7], [9], [8], [1, 2, 6], [1, 2], [4]], [[1, 2, 3], [9], [8], [6], [2, 3, 4], [1, 4], [1, 2, 3], [5], [7]]]]
INFO:root:426820:Doing checkSmall1
INFO:root:426820:Getting tiny MUSes, distance 1, for 82 puzlits, 1 repeats
INFO:root:426857:Chunked 82 in [6, 6, 5, 5, 5, 5, 5, 5, 5, 5, 5, 5, 5, 5, 5, 5]
INFO:root:426929:Chunked 64 in [4, 4, 4, 4, 4, 4, 4, 4, 4, 4, 4, 4, 4, 4, 4, 4]
INFO:root:426970:XX found first (7, 9) is not 2 3
INFO:root:426970:XX found first (7, 2) is not 5 3
INFO:root:426970:XX add new best (7, 2) is not 5 3 3
INFO:root:426971:XX add new best (7, 9) is not 2 3 3
INFO:root:426971:XX add new best (7, 9) is not 2 3 3
INFO:root:426971:XX add new best (7, 9) is not 2 3 3
INFO:root:426971:XX add new best (7, 9) is not 2 3 3
INFO:root:426971:XX add new best (7, 9) is not 2 3 3
INFO:root:426971:XX add new best (7, 2) is not 5 3 3
INFO:root:426971:XX add new best (7, 9) is not 2 3 3
INFO:root:426971:XX add new best (7, 2) is not 5 3 3
INFO:root:426971:XX add new best (7, 2) is not 5 3 3
INFO:root:426971:XX add new best (7, 2) is not 5 3 3
INFO:root:426971:XX add new best (7, 9) is not 2 3 3
INFO:root:426971:XX add new best (7, 2) is not 5 3 3
INFO:root:426971:XX add new best (7, 2) is not 5 3 3
INFO:root:426971:XX add new best (7, 2) is not 5 3 3
INFO:root:426971:XX add new best (7, 2) is not 5 3 3
INFO:root:426972:XX add new best (7, 2) is not 5 3 3
INFO:root:426972:XX add new best (7, 2) is not 5 3 3
INFO:root:426972:XX add new best (7, 2) is not 5 3 3
INFO:root:426972:XX add new best (7, 2) is not 5 3 3
INFO:root:426972:XX add new best (7, 2) is not 5 3 3
INFO:root:426972:XX add new best (7, 9) is not 2 3 3
INFO:root:426972:XX add new best (7, 9) is not 2 3 3
INFO:root:426972:XX add new best (7, 2) is not 5 3 3
INFO:root:426972:XX add new best (7, 2) is not 5 3 3
INFO:root:426972:XX add new best (7, 2) is not 5 3 3
INFO:root:426972:XX add new best (7, 2) is not 5 3 3
INFO:root:426972:XX add new best (7, 2) is not 5 3 3
INFO:root:426972:XX add new best (7, 2) is not 5 3 3
INFO:root:426972:XX add new best (7, 9) is not 2 3 3
INFO:root:426973:XX add new best (7, 2) is not 5 3 3
INFO:root:426973:XX add new best (7, 9) is not 2 3 3
INFO:root:426973:XX add new best (7, 2) is not 5 3 3
INFO:root:426973:XX add new best (7, 2) is not 5 3 3
INFO:root:426973:XX add new best (7, 2) is not 5 3 3
INFO:root:426973:XX add new best (7, 2) is not 5 3 3
INFO:root:426973:XX add new best (7, 2) is not 5 3 3
INFO:root:426973:XX add new best (7, 2) is not 5 3 3
INFO:root:426973:XX add new best (7, 9) is not 2 3 3
INFO:root:426973:XX add new best (7, 2) is not 5 3 3
INFO:root:426973:XX add new best (7, 2) is not 5 3 3
INFO:root:426973:XX add new best (7, 2) is not 5 3 3
INFO:root:426973:XX add new best (7, 2) is not 5 3 3
INFO:root:426973:XX add new best (7, 9) is not 2 3 3
INFO:root:426973:XX add new best (7, 2) is not 5 3 3
INFO:root:426974:XX add new best (7, 2) is not 5 3 3
INFO:root:426974:XX add new best (7, 2) is not 5 3 3
INFO:root:426974:XX add new best (7, 9) is not 2 3 3
INFO:root:426974:XX add new best (7, 2) is not 5 3 3
INFO:root:426974:XX add new best (7, 9) is not 2 3 3
INFO:root:426974:XX add new best (7, 2) is not 5 3 3
INFO:root:426974:XX add new best (7, 9) is not 2 3 3
INFO:root:426974:XX add new best (7, 2) is not 5 3 3
INFO:root:426974:XX add new best (7, 2) is not 5 3 3
INFO:root:426974:XX add new best (7, 9) is not 2 3 3
INFO:root:426974:XX add new best (7, 9) is not 2 3 3
INFO:root:426974:XX add new best (7, 2) is not 5 3 3
INFO:root:426974:XX add new best (7, 2) is not 5 3 3
INFO:root:426974:XX add new best (7, 9) is not 2 3 3
INFO:root:426974:XX add new best (7, 2) is not 5 3 3
INFO:root:426975:XX add new best (7, 9) is not 2 3 3
INFO:root:426975:XX add new best (7, 2) is not 5 3 3
INFO:root:427023:Considering 100 * 82 jobs for minsize=3
INFO:root:427041:Chunked 8200 in [513, 513, 513, 513, 513, 513, 513, 513, 512, 512, 512, 512, 512, 512, 512, 512]
INFO:root:615176:Minimal choices : 2 [(7, 2) is not 5, (7, 9) is not 2]
INFO:root:615177:Starting Step 18
INFO:root:615755:Current state [[[[4], [7], [1, 2], [9], [5], [3], [1, 2], [6], [8]], [[6], [8], [9], [1], [7], [2], [4], [3], [5]], [[1, 2, 3], [1, 2, 3], [5], [8], [4, 6], [4, 6], [7], [1, 2], [9]], [[3, 5], [4], [7], [2], [8], [5, 6], [3, 6], [9], [1]], [[9], [2, 3, 5], [6], [3, 5], [1], [7], [8], [4], [2]], [[8], [1, 2, 3], [1, 2, 3], [4], [3, 6], [9], [5], [7], [2, 3, 6]], [[7], [1, 2, 3, 5, 6], [4], [3, 5], [2, 3], [1, 5], [9], [8], [2, 3, 6]], [[1, 2, 3, 5], [1, 2, 3, 5, 6], [1, 2, 3], [7], [9], [8], [1, 2, 6], [1, 2], [4]], [[1, 2, 3], [9], [8], [6], [2, 3, 4], [1, 4], [1, 2, 3], [5], [7]]]]
INFO:root:615755:Doing checkSmall1
INFO:root:615755:Getting tiny MUSes, distance 1, for 81 puzlits, 1 repeats
INFO:root:615792:Chunked 81 in [6, 5, 5, 5, 5, 5, 5, 5, 5, 5, 5, 5, 5, 5, 5, 5]
INFO:root:615812:XX found first (5, 9) is 2 1
INFO:root:615825:Early exit from checkSmall1
INFO:root:615836:Starting Step 19
INFO:root:616422:Current state [[[[4], [7], [1, 2], [9], [5], [3], [1, 2], [6], [8]], [[6], [8], [9], [1], [7], [2], [4], [3], [5]], [[1, 2, 3], [1, 2, 3], [5], [8], [4, 6], [4, 6], [7], [1, 2], [9]], [[3, 5], [4], [7], [2], [8], [5, 6], [3, 6], [9], [1]], [[9], [2, 3, 5], [6], [3, 5], [1], [7], [8], [4], [2]], [[8], [1, 2, 3], [1, 2, 3], [4], [3, 6], [9], [5], [7], [2, 3, 6]], [[7], [1, 2, 3, 5, 6], [4], [3, 5], [2, 3], [1, 5], [9], [8], [2, 3, 6]], [[1, 2, 3, 5], [1, 2, 3, 5, 6], [1, 2, 3], [7], [9], [8], [1, 2, 6], [1, 2], [4]], [[1, 2, 3], [9], [8], [6], [2, 3, 4], [1, 4], [1, 2, 3], [5], [7]]]]
INFO:root:616422:Doing checkSmall1
INFO:root:616422:Getting tiny MUSes, distance 1, for 80 puzlits, 1 repeats
INFO:root:616459:Chunked 80 in [5, 5, 5, 5, 5, 5, 5, 5, 5, 5, 5, 5, 5, 5, 5, 5]
INFO:root:616485:XX found first (5, 2) is not 2 1
INFO:root:616485:XX found first (6, 9) is not 2 1
INFO:root:616485:XX found first (7, 9) is not 2 1
INFO:root:616497:Early exit from checkSmall1
INFO:root:616506:Starting Step 20
INFO:root:617093:Current state [[[[4], [7], [1, 2], [9], [5], [3], [1, 2], [6], [8]], [[6], [8], [9], [1], [7], [2], [4], [3], [5]], [[1, 2, 3], [1, 2, 3], [5], [8], [4, 6], [4, 6], [7], [1, 2], [9]], [[3, 5], [4], [7], [2], [8], [5, 6], [3, 6], [9], [1]], [[9], [3, 5], [6], [3, 5], [1], [7], [8], [4], [2]], [[8], [1, 2, 3], [1, 2, 3], [4], [3, 6], [9], [5], [7], [3, 6]], [[7], [1, 2, 3, 5, 6], [4], [3, 5], [2, 3], [1, 5], [9], [8], [3, 6]], [[1, 2, 3, 5], [1, 2, 3, 5, 6], [1, 2, 3], [7], [9], [8], [1, 2, 6], [1, 2], [4]], [[1, 2, 3], [9], [8], [6], [2, 3, 4], [1, 4], [1, 2, 3], [5], [7]]]]
INFO:root:617093:Doing checkSmall1
INFO:root:617093:Getting tiny MUSes, distance 1, for 77 puzlits, 1 repeats
INFO:root:617130:Chunked 77 in [5, 5, 5, 5, 5, 5, 5, 5, 5, 5, 5, 5, 5, 4, 4, 4]
INFO:root:617198:Chunked 43 in [3, 3, 3, 3, 3, 3, 3, 3, 3, 3, 3, 2, 2, 2, 2, 2]
INFO:root:617224:XX found first (7, 2) is not 5 3
INFO:root:617224:XX add new best (7, 2) is not 5 3 3
INFO:root:617225:XX add new best (7, 2) is not 5 3 3
INFO:root:617225:XX add new best (7, 2) is not 5 3 3
INFO:root:617225:XX add new best (7, 2) is not 5 3 3
INFO:root:617225:XX add new best (7, 2) is not 5 3 3
INFO:root:617225:XX add new best (7, 2) is not 5 3 3
INFO:root:617225:XX add new best (7, 2) is not 5 3 3
INFO:root:617225:XX add new best (7, 2) is not 5 3 3
INFO:root:617225:XX add new best (7, 2) is not 5 3 3
INFO:root:617225:XX add new best (7, 2) is not 5 3 3
INFO:root:617225:XX add new best (7, 2) is not 5 3 3
INFO:root:617225:XX add new best (7, 2) is not 5 3 3
INFO:root:617225:XX add new best (7, 2) is not 5 3 3
INFO:root:617225:XX add new best (7, 2) is not 5 3 3
INFO:root:617225:XX add new best (7, 2) is not 5 3 3
INFO:root:617226:XX add new best (7, 2) is not 5 3 3
INFO:root:617226:XX add new best (7, 2) is not 5 3 3
INFO:root:617226:XX add new best (7, 2) is not 5 3 3
INFO:root:617226:XX add new best (7, 2) is not 5 3 3
INFO:root:617226:XX add new best (7, 2) is not 5 3 3
INFO:root:617226:XX add new best (7, 2) is not 5 3 3
INFO:root:617226:XX add new best (7, 2) is not 5 3 3
INFO:root:617226:XX add new best (7, 2) is not 5 3 3
INFO:root:617226:XX add new best (7, 2) is not 5 3 3
INFO:root:617226:XX add new best (7, 2) is not 5 3 3
INFO:root:617226:XX add new best (7, 2) is not 5 3 3
INFO:root:617226:XX add new best (7, 2) is not 5 3 3
INFO:root:617226:XX add new best (7, 2) is not 5 3 3
INFO:root:617227:XX add new best (7, 2) is not 5 3 3
INFO:root:617227:XX add new best (7, 2) is not 5 3 3
INFO:root:617227:XX add new best (7, 2) is not 5 3 3
INFO:root:617227:XX add new best (7, 2) is not 5 3 3
INFO:root:617227:XX add new best (7, 2) is not 5 3 3
INFO:root:617227:XX add new best (7, 2) is not 5 3 3
INFO:root:617227:XX add new best (7, 2) is not 5 3 3
INFO:root:617227:XX add new best (7, 2) is not 5 3 3
INFO:root:617227:XX add new best (7, 2) is not 5 3 3
INFO:root:617227:XX add new best (7, 2) is not 5 3 3
INFO:root:617227:XX add new best (7, 2) is not 5 3 3
INFO:root:617227:XX add new best (7, 2) is not 5 3 3
INFO:root:617227:XX add new best (7, 2) is not 5 3 3
INFO:root:617227:XX add new best (7, 2) is not 5 3 3
INFO:root:617276:Considering 100 * 77 jobs for minsize=3
INFO:root:617293:Chunked 7700 in [482, 482, 482, 482, 481, 481, 481, 481, 481, 481, 481, 481, 481, 481, 481, 481]
INFO:root:874834:Minimal choices : 1 [(7, 2) is not 5]
INFO:root:874834:Starting Step 21
INFO:root:875418:Current state [[[[4], [7], [1, 2], [9], [5], [3], [1, 2], [6], [8]], [[6], [8], [9], [1], [7], [2], [4], [3], [5]], [[1, 2, 3], [1, 2, 3], [5], [8], [4, 6], [4, 6], [7], [1, 2], [9]], [[3, 5], [4], [7], [2], [8], [5, 6], [3, 6], [9], [1]], [[9], [3, 5], [6], [3, 5], [1], [7], [8], [4], [2]], [[8], [1, 2], [1, 2, 3], [4], [3, 6], [9], [5], [7], [3, 6]], [[7], [1, 2, 3, 5, 6], [4], [3, 5], [2, 3], [1, 5], [9], [8], [3, 6]], [[1, 2, 3, 5], [1, 2, 3, 5, 6], [1, 2, 3], [7], [9], [8], [1, 2, 6], [1, 2], [4]], [[1, 2, 3], [9], [8], [6], [2, 3, 4], [1, 4], [1, 2, 3], [5], [7]]]]
INFO:root:875418:Doing checkSmall1
INFO:root:875418:Getting tiny MUSes, distance 1, for 76 puzlits, 1 repeats
INFO:root:875454:Chunked 76 in [5, 5, 5, 5, 5, 5, 5, 5, 5, 5, 5, 5, 4, 4, 4, 4]
INFO:root:875522:Chunked 43 in [3, 3, 3, 3, 3, 3, 3, 3, 3, 3, 3, 2, 2, 2, 2, 2]
INFO:root:875549:XX found first (7, 2) is not 5 3
INFO:root:875549:XX add new best (7, 2) is not 5 3 3
INFO:root:875549:XX add new best (7, 2) is not 5 3 3
INFO:root:875549:XX add new best (7, 2) is not 5 3 3
INFO:root:875549:XX add new best (7, 2) is not 5 3 3
INFO:root:875549:XX add new best (7, 2) is not 5 3 3
INFO:root:875549:XX add new best (7, 2) is not 5 3 3
INFO:root:875549:XX add new best (7, 2) is not 5 3 3
INFO:root:875549:XX add new best (7, 2) is not 5 3 3
INFO:root:875549:XX add new best (7, 2) is not 5 3 3
INFO:root:875549:XX add new best (7, 2) is not 5 3 3
INFO:root:875550:XX add new best (7, 2) is not 5 3 3
INFO:root:875550:XX add new best (7, 2) is not 5 3 3
INFO:root:875550:XX add new best (7, 2) is not 5 3 3
INFO:root:875550:XX add new best (7, 2) is not 5 3 3
INFO:root:875550:XX add new best (7, 2) is not 5 3 3
INFO:root:875550:XX add new best (7, 2) is not 5 3 3
INFO:root:875550:XX add new best (7, 2) is not 5 3 3
INFO:root:875550:XX add new best (7, 2) is not 5 3 3
INFO:root:875550:XX add new best (7, 2) is not 5 3 3
INFO:root:875550:XX add new best (7, 2) is not 5 3 3
INFO:root:875550:XX add new best (7, 2) is not 5 3 3
INFO:root:875550:XX add new best (7, 2) is not 5 3 3
INFO:root:875550:XX add new best (7, 2) is not 5 3 3
INFO:root:875550:XX add new best (7, 2) is not 5 3 3
INFO:root:875550:XX add new best (7, 2) is not 5 3 3
INFO:root:875551:XX add new best (7, 2) is not 5 3 3
INFO:root:875551:XX add new best (7, 2) is not 5 3 3
INFO:root:875551:XX add new best (7, 2) is not 5 3 3
INFO:root:875551:XX add new best (7, 2) is not 5 3 3
INFO:root:875551:XX add new best (7, 2) is not 5 3 3
INFO:root:875551:XX add new best (7, 2) is not 5 3 3
INFO:root:875551:XX add new best (7, 2) is not 5 3 3
INFO:root:875551:XX add new best (7, 2) is not 5 3 3
INFO:root:875551:XX add new best (7, 2) is not 5 3 3
INFO:root:875551:XX add new best (7, 2) is not 5 3 3
INFO:root:875551:XX add new best (7, 2) is not 5 3 3
INFO:root:875551:XX add new best (7, 2) is not 5 3 3
INFO:root:875551:XX add new best (7, 2) is not 5 3 3
INFO:root:875552:XX add new best (7, 2) is not 5 3 3
INFO:root:875552:XX add new best (7, 2) is not 5 3 3
INFO:root:875552:XX add new best (7, 2) is not 5 3 3
INFO:root:875552:XX add new best (7, 2) is not 5 3 3
INFO:root:875602:Considering 100 * 76 jobs for minsize=3
INFO:root:875617:Chunked 7600 in [475, 475, 475, 475, 475, 475, 475, 475, 475, 475, 475, 475, 475, 475, 475, 475]
INFO:root:1116259:Minimal choices : 1 [(7, 2) is not 5]
INFO:root:1116260:Starting Step 22
INFO:root:1116849:Current state [[[[4], [7], [1, 2], [9], [5], [3], [1, 2], [6], [8]], [[6], [8], [9], [1], [7], [2], [4], [3], [5]], [[1, 2, 3], [1, 2, 3], [5], [8], [4, 6], [4, 6], [7], [1, 2], [9]], [[3, 5], [4], [7], [2], [8], [5, 6], [3, 6], [9], [1]], [[9], [3, 5], [6], [3, 5], [1], [7], [8], [4], [2]], [[8], [1, 2], [1, 2], [4], [3, 6], [9], [5], [7], [3, 6]], [[7], [1, 2, 3, 5, 6], [4], [3, 5], [2, 3], [1, 5], [9], [8], [3, 6]], [[1, 2, 3, 5], [1, 2, 3, 5, 6], [1, 2, 3], [7], [9], [8], [1, 2, 6], [1, 2], [4]], [[1, 2, 3], [9], [8], [6], [2, 3, 4], [1, 4], [1, 2, 3], [5], [7]]]]
INFO:root:1116849:Doing checkSmall1
INFO:root:1116849:Getting tiny MUSes, distance 1, for 75 puzlits, 1 repeats
INFO:root:1116887:Chunked 75 in [5, 5, 5, 5, 5, 5, 5, 5, 5, 5, 5, 4, 4, 4, 4, 4]
INFO:root:1116907:XX found first (8, 3) is 3 1
INFO:root:1116919:Early exit from checkSmall1
INFO:root:1116931:Starting Step 23
INFO:root:1117520:Current state [[[[4], [7], [1, 2], [9], [5], [3], [1, 2], [6], [8]], [[6], [8], [9], [1], [7], [2], [4], [3], [5]], [[1, 2, 3], [1, 2, 3], [5], [8], [4, 6], [4, 6], [7], [1, 2], [9]], [[3, 5], [4], [7], [2], [8], [5, 6], [3, 6], [9], [1]], [[9], [3, 5], [6], [3, 5], [1], [7], [8], [4], [2]], [[8], [1, 2], [1, 2], [4], [3, 6], [9], [5], [7], [3, 6]], [[7], [1, 2, 3, 5, 6], [4], [3, 5], [2, 3], [1, 5], [9], [8], [3, 6]], [[1, 2, 3, 5], [1, 2, 3, 5, 6], [3], [7], [9], [8], [1, 2, 6], [1, 2], [4]], [[1, 2, 3], [9], [8], [6], [2, 3, 4], [1, 4], [1, 2, 3], [5], [7]]]]
INFO:root:1117520:Doing checkSmall1
INFO:root:1117520:Getting tiny MUSes, distance 1, for 74 puzlits, 1 repeats
INFO:root:1117556:Chunked 74 in [5, 5, 5, 5, 5, 5, 5, 5, 5, 5, 4, 4, 4, 4, 4, 4]
INFO:root:1117583:XX found first (8, 1) is not 3 1
INFO:root:1117583:XX found first (7, 2) is not 3 1
INFO:root:1117583:XX found first (9, 1) is not 3 1
INFO:root:1117583:XX found first (8, 2) is not 3 1
INFO:root:1117583:XX found first (8, 3) is not 1 1
INFO:root:1117583:XX found first (8, 3) is not 2 1
INFO:root:1117596:Early exit from checkSmall1
INFO:root:1117605:Starting Step 24
INFO:root:1118202:Current state [[[[4], [7], [1, 2], [9], [5], [3], [1, 2], [6], [8]], [[6], [8], [9], [1], [7], [2], [4], [3], [5]], [[1, 2, 3], [1, 2, 3], [5], [8], [4, 6], [4, 6], [7], [1, 2], [9]], [[3, 5], [4], [7], [2], [8], [5, 6], [3, 6], [9], [1]], [[9], [3, 5], [6], [3, 5], [1], [7], [8], [4], [2]], [[8], [1, 2], [1, 2], [4], [3, 6], [9], [5], [7], [3, 6]], [[7], [1, 2, 5, 6], [4], [3, 5], [2, 3], [1, 5], [9], [8], [3, 6]], [[1, 2, 5], [1, 2, 5, 6], [3], [7], [9], [8], [1, 2, 6], [1, 2], [4]], [[1, 2], [9], [8], [6], [2, 3, 4], [1, 4], [1, 2, 3], [5], [7]]]]
INFO:root:1118202:Doing checkSmall1
INFO:root:1118202:Getting tiny MUSes, distance 1, for 68 puzlits, 1 repeats
INFO:root:1118240:Chunked 68 in [5, 5, 5, 5, 4, 4, 4, 4, 4, 4, 4, 4, 4, 4, 4, 4]
INFO:root:1118310:Chunked 43 in [3, 3, 3, 3, 3, 3, 3, 3, 3, 3, 3, 2, 2, 2, 2, 2]
INFO:root:1118336:XX found first (7, 2) is not 5 3
INFO:root:1118336:XX add new best (7, 2) is not 5 3 3
INFO:root:1118336:XX add new best (7, 2) is not 5 3 3
INFO:root:1118336:XX add new best (7, 2) is not 5 3 3
INFO:root:1118336:XX add new best (7, 2) is not 5 3 3
INFO:root:1118337:XX add new best (7, 2) is not 5 3 3
INFO:root:1118337:XX add new best (7, 2) is not 5 3 3
INFO:root:1118337:XX add new best (7, 2) is not 5 3 3
INFO:root:1118337:XX add new best (7, 2) is not 5 3 3
INFO:root:1118337:XX add new best (7, 2) is not 5 3 3
INFO:root:1118337:XX add new best (7, 2) is not 5 3 3
INFO:root:1118337:XX add new best (7, 2) is not 5 3 3
INFO:root:1118337:XX add new best (7, 2) is not 5 3 3
INFO:root:1118337:XX add new best (7, 2) is not 5 3 3
INFO:root:1118337:XX add new best (7, 2) is not 5 3 3
INFO:root:1118337:XX add new best (7, 2) is not 5 3 3
INFO:root:1118337:XX add new best (7, 2) is not 5 3 3
INFO:root:1118337:XX add new best (7, 2) is not 5 3 3
INFO:root:1118338:XX add new best (7, 2) is not 5 3 3
INFO:root:1118338:XX add new best (7, 2) is not 5 3 3
INFO:root:1118338:XX add new best (7, 2) is not 5 3 3
INFO:root:1118338:XX add new best (7, 2) is not 5 3 3
INFO:root:1118338:XX add new best (7, 2) is not 5 3 3
INFO:root:1118338:XX add new best (7, 2) is not 5 3 3
INFO:root:1118338:XX add new best (7, 2) is not 5 3 3
INFO:root:1118338:XX add new best (7, 2) is not 5 3 3
INFO:root:1118338:XX add new best (7, 2) is not 5 3 3
INFO:root:1118338:XX add new best (7, 2) is not 5 3 3
INFO:root:1118338:XX add new best (7, 2) is not 5 3 3
INFO:root:1118338:XX add new best (7, 2) is not 5 3 3
INFO:root:1118338:XX add new best (7, 2) is not 5 3 3
INFO:root:1118338:XX add new best (7, 2) is not 5 3 3
INFO:root:1118339:XX add new best (7, 2) is not 5 3 3
INFO:root:1118339:XX add new best (7, 2) is not 5 3 3
INFO:root:1118339:XX add new best (7, 2) is not 5 3 3
INFO:root:1118339:XX add new best (7, 2) is not 5 3 3
INFO:root:1118339:XX add new best (7, 2) is not 5 3 3
INFO:root:1118339:XX add new best (7, 2) is not 5 3 3
INFO:root:1118339:XX add new best (7, 2) is not 5 3 3
INFO:root:1118339:XX add new best (7, 2) is not 5 3 3
INFO:root:1118339:XX add new best (7, 2) is not 5 3 3
INFO:root:1118339:XX add new best (7, 2) is not 5 3 3
INFO:root:1118339:XX add new best (7, 2) is not 5 3 3
INFO:root:1118388:Considering 100 * 68 jobs for minsize=3
INFO:root:1118403:Chunked 6800 in [425, 425, 425, 425, 425, 425, 425, 425, 425, 425, 425, 425, 425, 425, 425, 425]
INFO:root:1392850:Minimal choices : 1 [(7, 2) is not 5]
INFO:root:1392851:Starting Step 25
INFO:root:1393439:Current state [[[[4], [7], [1, 2], [9], [5], [3], [1, 2], [6], [8]], [[6], [8], [9], [1], [7], [2], [4], [3], [5]], [[1, 2, 3], [1, 2, 3], [5], [8], [4, 6], [4, 6], [7], [1, 2], [9]], [[3, 5], [4], [7], [2], [8], [5, 6], [3, 6], [9], [1]], [[9], [3, 5], [6], [3, 5], [1], [7], [8], [4], [2]], [[8], [1, 2], [1, 2], [4], [3, 6], [9], [5], [7], [3, 6]], [[7], [1, 2, 5, 6], [4], [3, 5], [2, 3], [1, 5], [9], [8], [3, 6]], [[1, 2, 5], [1, 2, 5, 6], [3], [7], [9], [8], [1, 2, 6], [1, 2], [4]], [[1, 2], [9], [8], [6], [2, 4], [1, 4], [1, 2, 3], [5], [7]]]]
INFO:root:1393439:Doing checkSmall1
INFO:root:1393440:Getting tiny MUSes, distance 1, for 67 puzlits, 1 repeats
INFO:root:1393477:Chunked 67 in [5, 5, 5, 4, 4, 4, 4, 4, 4, 4, 4, 4, 4, 4, 4, 4]
INFO:root:1393497:XX found first (9, 7) is 3 1
INFO:root:1393510:Early exit from checkSmall1
INFO:root:1393523:Starting Step 26
INFO:root:1394115:Current state [[[[4], [7], [1, 2], [9], [5], [3], [1, 2], [6], [8]], [[6], [8], [9], [1], [7], [2], [4], [3], [5]], [[1, 2, 3], [1, 2, 3], [5], [8], [4, 6], [4, 6], [7], [1, 2], [9]], [[3, 5], [4], [7], [2], [8], [5, 6], [3, 6], [9], [1]], [[9], [3, 5], [6], [3, 5], [1], [7], [8], [4], [2]], [[8], [1, 2], [1, 2], [4], [3, 6], [9], [5], [7], [3, 6]], [[7], [1, 2, 5, 6], [4], [3, 5], [2, 3], [1, 5], [9], [8], [3, 6]], [[1, 2, 5], [1, 2, 5, 6], [3], [7], [9], [8], [1, 2, 6], [1, 2], [4]], [[1, 2], [9], [8], [6], [2, 4], [1, 4], [3], [5], [7]]]]
INFO:root:1394115:Doing checkSmall1
INFO:root:1394115:Getting tiny MUSes, distance 1, for 66 puzlits, 1 repeats
INFO:root:1394152:Chunked 66 in [5, 5, 4, 4, 4, 4, 4, 4, 4, 4, 4, 4, 4, 4, 4, 4]
INFO:root:1394173:XX found first (7, 9) is not 3 1
INFO:root:1394174:XX found first (9, 7) is not 1 1
INFO:root:1394174:XX found first (9, 7) is not 2 1
INFO:root:1394174:XX found first (4, 7) is not 3 1
INFO:root:1394186:Early exit from checkSmall1
INFO:root:1394195:Starting Step 27
INFO:root:1394799:Current state [[[[4], [7], [1, 2], [9], [5], [3], [1, 2], [6], [8]], [[6], [8], [9], [1], [7], [2], [4], [3], [5]], [[1, 2, 3], [1, 2, 3], [5], [8], [4, 6], [4, 6], [7], [1, 2], [9]], [[3, 5], [4], [7], [2], [8], [5, 6], [6], [9], [1]], [[9], [3, 5], [6], [3, 5], [1], [7], [8], [4], [2]], [[8], [1, 2], [1, 2], [4], [3, 6], [9], [5], [7], [3, 6]], [[7], [1, 2, 5, 6], [4], [3, 5], [2, 3], [1, 5], [9], [8], [6]], [[1, 2, 5], [1, 2, 5, 6], [3], [7], [9], [8], [1, 2, 6], [1, 2], [4]], [[1, 2], [9], [8], [6], [2, 4], [1, 4], [3], [5], [7]]]]
INFO:root:1394799:Doing checkSmall1
INFO:root:1394799:Getting tiny MUSes, distance 1, for 62 puzlits, 1 repeats
INFO:root:1394836:Chunked 62 in [4, 4, 4, 4, 4, 4, 4, 4, 4, 4, 4, 4, 4, 4, 3, 3]
INFO:root:1394856:XX found first (6, 9) is 3 1
INFO:root:1394856:XX found first (4, 7) is 6 1
INFO:root:1394856:XX found first (7, 9) is 6 1
INFO:root:1394856:XX found first (4, 1) is 3 1
INFO:root:1394869:Early exit from checkSmall1
INFO:root:1394891:Starting Step 28
INFO:root:1395492:Current state [[[[4], [7], [1, 2], [9], [5], [3], [1, 2], [6], [8]], [[6], [8], [9], [1], [7], [2], [4], [3], [5]], [[1, 2, 3], [1, 2, 3], [5], [8], [4, 6], [4, 6], [7], [1, 2], [9]], [[3], [4], [7], [2], [8], [5, 6], [6], [9], [1]], [[9], [3, 5], [6], [3, 5], [1], [7], [8], [4], [2]], [[8], [1, 2], [1, 2], [4], [3, 6], [9], [5], [7], [3]], [[7], [1, 2, 5, 6], [4], [3, 5], [2, 3], [1, 5], [9], [8], [6]], [[1, 2, 5], [1, 2, 5, 6], [3], [7], [9], [8], [1, 2, 6], [1, 2], [4]], [[1, 2], [9], [8], [6], [2, 4], [1, 4], [3], [5], [7]]]]
INFO:root:1395492:Doing checkSmall1
INFO:root:1395492:Getting tiny MUSes, distance 1, for 58 puzlits, 1 repeats
INFO:root:1395529:Chunked 58 in [4, 4, 4, 4, 4, 4, 4, 4, 4, 4, 3, 3, 3, 3, 3, 3]
INFO:root:1395548:XX found first (6, 9) is not 6 1
INFO:root:1395548:XX found first (8, 7) is not 6 1
INFO:root:1395548:XX found first (4, 1) is not 5 1
INFO:root:1395548:XX found first (3, 1) is not 3 1
INFO:root:1395548:XX found first (5, 2) is not 3 1
INFO:root:1395548:XX found first (6, 5) is not 3 1
INFO:root:1395548:XX found first (4, 6) is not 6 1
INFO:root:1395548:XX found first (7, 2) is not 6 1
INFO:root:1395561:Early exit from checkSmall1
INFO:root:1395569:Starting Step 29
INFO:root:1396171:Current state [[[[4], [7], [1, 2], [9], [5], [3], [1, 2], [6], [8]], [[6], [8], [9], [1], [7], [2], [4], [3], [5]], [[1, 2], [1, 2, 3], [5], [8], [4, 6], [4, 6], [7], [1, 2], [9]], [[3], [4], [7], [2], [8], [5], [6], [9], [1]], [[9], [5], [6], [3, 5], [1], [7], [8], [4], [2]], [[8], [1, 2], [1, 2], [4], [6], [9], [5], [7], [3]], [[7], [1, 2, 5], [4], [3, 5], [2, 3], [1, 5], [9], [8], [6]], [[1, 2, 5], [1, 2, 5, 6], [3], [7], [9], [8], [1, 2], [1, 2], [4]], [[1, 2], [9], [8], [6], [2, 4], [1, 4], [3], [5], [7]]]]
INFO:root:1396171:Doing checkSmall1
INFO:root:1396171:Getting tiny MUSes, distance 1, for 50 puzlits, 1 repeats
INFO:root:1396207:Chunked 50 in [4, 4, 3, 3, 3, 3, 3, 3, 3, 3, 3, 3, 3, 3, 3, 3]
INFO:root:1396224:XX found first (5, 4) is 3 1
INFO:root:1396224:XX found first (5, 2) is 5 1
INFO:root:1396224:XX found first (4, 6) is 5 1
INFO:root:1396224:XX found first (3, 6) is 6 1
INFO:root:1396224:XX found first (8, 2) is 6 1
INFO:root:1396224:XX found first (8, 1) is 5 1
INFO:root:1396224:XX found first (6, 5) is 6 1
INFO:root:1396225:XX found first (3, 2) is 3 1
INFO:root:1396225:XX found first (7, 5) is 3 1
INFO:root:1396237:Early exit from checkSmall1
INFO:root:1396273:Starting Step 30
INFO:root:1396881:Current state [[[[4], [7], [1, 2], [9], [5], [3], [1, 2], [6], [8]], [[6], [8], [9], [1], [7], [2], [4], [3], [5]], [[1, 2], [3], [5], [8], [4, 6], [6], [7], [1, 2], [9]], [[3], [4], [7], [2], [8], [5], [6], [9], [1]], [[9], [5], [6], [3], [1], [7], [8], [4], [2]], [[8], [1, 2], [1, 2], [4], [6], [9], [5], [7], [3]], [[7], [1, 2, 5], [4], [3, 5], [3], [1, 5], [9], [8], [6]], [[5], [6], [3], [7], [9], [8], [1, 2], [1, 2], [4]], [[1, 2], [9], [8], [6], [2, 4], [1, 4], [3], [5], [7]]]]
INFO:root:1396882:Doing checkSmall1
INFO:root:1396882:Getting tiny MUSes, distance 1, for 41 puzlits, 1 repeats
INFO:root:1396918:Chunked 41 in [3, 3, 3, 3, 3, 3, 3, 3, 3, 2, 2, 2, 2, 2, 2, 2]
INFO:root:1396938:XX found first (3, 2) is not 2 1
INFO:root:1396938:XX found first (7, 6) is not 5 1
INFO:root:1396938:XX found first (8, 2) is not 1 1
INFO:root:1396938:XX found first (8, 2) is not 2 1
INFO:root:1396938:XX found first (7, 2) is not 5 1
INFO:root:1396939:XX found first (3, 5) is not 6 1
INFO:root:1396939:XX found first (5, 4) is not 5 1
INFO:root:1396939:XX found first (8, 1) is not 2 1
INFO:root:1396939:XX found first (3, 6) is not 4 1
INFO:root:1396939:XX found first (7, 4) is not 3 1
INFO:root:1396939:XX found first (8, 1) is not 1 1
INFO:root:1396939:XX found first (7, 5) is not 2 1
INFO:root:1396939:XX found first (3, 2) is not 1 1
INFO:root:1396939:XX found first (8, 2) is not 5 1
INFO:root:1396952:Early exit from checkSmall1
INFO:root:1396961:Starting Step 31
INFO:root:1397580:Current state [[[[4], [7], [1, 2], [9], [5], [3], [1, 2], [6], [8]], [[6], [8], [9], [1], [7], [2], [4], [3], [5]], [[1, 2], [3], [5], [8], [4], [6], [7], [1, 2], [9]], [[3], [4], [7], [2], [8], [5], [6], [9], [1]], [[9], [5], [6], [3], [1], [7], [8], [4], [2]], [[8], [1, 2], [1, 2], [4], [6], [9], [5], [7], [3]], [[7], [1, 2], [4], [5], [3], [1], [9], [8], [6]], [[5], [6], [3], [7], [9], [8], [1, 2], [1, 2], [4]], [[1, 2], [9], [8], [6], [2, 4], [1, 4], [3], [5], [7]]]]
INFO:root:1397580:Doing checkSmall1
INFO:root:1397580:Getting tiny MUSes, distance 1, for 27 puzlits, 1 repeats
INFO:root:1397616:Chunked 27 in [2, 2, 2, 2, 2, 2, 2, 2, 2, 2, 2, 1, 1, 1, 1, 1]
INFO:root:1397630:XX found first (7, 6) is 1 1
INFO:root:1397630:XX found first (9, 5) is 2 1
INFO:root:1397630:XX found first (7, 2) is 2 1
INFO:root:1397630:XX found first (7, 4) is 5 1
INFO:root:1397630:XX found first (9, 6) is 4 1
INFO:root:1397630:XX found first (3, 5) is 4 1
INFO:root:1397643:Early exit from checkSmall1
INFO:root:1397671:Starting Step 32
INFO:root:1398292:Current state [[[[4], [7], [1, 2], [9], [5], [3], [1, 2], [6], [8]], [[6], [8], [9], [1], [7], [2], [4], [3], [5]], [[1, 2], [3], [5], [8], [4], [6], [7], [1, 2], [9]], [[3], [4], [7], [2], [8], [5], [6], [9], [1]], [[9], [5], [6], [3], [1], [7], [8], [4], [2]], [[8], [1, 2], [1, 2], [4], [6], [9], [5], [7], [3]], [[7], [2], [4], [5], [3], [1], [9], [8], [6]], [[5], [6], [3], [7], [9], [8], [1, 2], [1, 2], [4]], [[1, 2], [9], [8], [6], [2], [4], [3], [5], [7]]]]
INFO:root:1398292:Doing checkSmall1
INFO:root:1398293:Getting tiny MUSes, distance 1, for 21 puzlits, 1 repeats
INFO:root:1398329:Chunked 21 in [2, 2, 2, 2, 2, 1, 1, 1, 1, 1, 1, 1, 1, 1, 1, 1]
INFO:root:1398344:XX found first (9, 5) is not 4 1
INFO:root:1398344:XX found first (9, 6) is not 1 1
INFO:root:1398344:XX found first (7, 2) is not 1 1
INFO:root:1398344:XX found first (6, 2) is not 2 1
INFO:root:1398344:XX found first (9, 1) is not 2 1
INFO:root:1398357:Early exit from checkSmall1
INFO:root:1398366:Starting Step 33
INFO:root:1398988:Current state [[[[4], [7], [1, 2], [9], [5], [3], [1, 2], [6], [8]], [[6], [8], [9], [1], [7], [2], [4], [3], [5]], [[1, 2], [3], [5], [8], [4], [6], [7], [1, 2], [9]], [[3], [4], [7], [2], [8], [5], [6], [9], [1]], [[9], [5], [6], [3], [1], [7], [8], [4], [2]], [[8], [1], [1, 2], [4], [6], [9], [5], [7], [3]], [[7], [2], [4], [5], [3], [1], [9], [8], [6]], [[5], [6], [3], [7], [9], [8], [1, 2], [1, 2], [4]], [[1], [9], [8], [6], [2], [4], [3], [5], [7]]]]
INFO:root:1398988:Doing checkSmall1
INFO:root:1398988:Getting tiny MUSes, distance 1, for 16 puzlits, 1 repeats
INFO:root:1399025:Chunked 16 in [1, 1, 1, 1, 1, 1, 1, 1, 1, 1, 1, 1, 1, 1, 1, 1]
INFO:root:1399036:XX found first (6, 2) is 1 1
INFO:root:1399037:XX found first (9, 1) is 1 1
INFO:root:1399037:XX found first (3, 1) is 2 1
INFO:root:1399037:XX found first (6, 3) is 2 1
INFO:root:1399049:Early exit from checkSmall1
INFO:root:1399072:Starting Step 34
INFO:root:1399695:Current state [[[[4], [7], [1, 2], [9], [5], [3], [1, 2], [6], [8]], [[6], [8], [9], [1], [7], [2], [4], [3], [5]], [[2], [3], [5], [8], [4], [6], [7], [1, 2], [9]], [[3], [4], [7], [2], [8], [5], [6], [9], [1]], [[9], [5], [6], [3], [1], [7], [8], [4], [2]], [[8], [1], [2], [4], [6], [9], [5], [7], [3]], [[7], [2], [4], [5], [3], [1], [9], [8], [6]], [[5], [6], [3], [7], [9], [8], [1, 2], [1, 2], [4]], [[1], [9], [8], [6], [2], [4], [3], [5], [7]]]]
INFO:root:1399696:Doing checkSmall1
INFO:root:1399696:Getting tiny MUSes, distance 1, for 12 puzlits, 1 repeats
INFO:root:1399732:Chunked 12 in [1, 1, 1, 1, 1, 1, 1, 1, 1, 1, 1, 1, 0, 0, 0, 0]
INFO:root:1399745:XX found first (1, 3) is not 2 1
INFO:root:1399745:XX found first (3, 8) is not 2 1
INFO:root:1399745:XX found first (3, 1) is not 1 1
INFO:root:1399745:XX found first (6, 3) is not 1 1
INFO:root:1399758:Early exit from checkSmall1
INFO:root:1399767:Starting Step 35
INFO:root:1400395:Current state [[[[4], [7], [1], [9], [5], [3], [1, 2], [6], [8]], [[6], [8], [9], [1], [7], [2], [4], [3], [5]], [[2], [3], [5], [8], [4], [6], [7], [1], [9]], [[3], [4], [7], [2], [8], [5], [6], [9], [1]], [[9], [5], [6], [3], [1], [7], [8], [4], [2]], [[8], [1], [2], [4], [6], [9], [5], [7], [3]], [[7], [2], [4], [5], [3], [1], [9], [8], [6]], [[5], [6], [3], [7], [9], [8], [1, 2], [1, 2], [4]], [[1], [9], [8], [6], [2], [4], [3], [5], [7]]]]
INFO:root:1400395:Doing checkSmall1
INFO:root:1400395:Getting tiny MUSes, distance 1, for 8 puzlits, 1 repeats
INFO:root:1400432:Chunked 8 in [1, 1, 1, 1, 1, 1, 1, 1, 0, 0, 0, 0, 0, 0, 0, 0]
INFO:root:1400443:XX found first (1, 7) is 2 1
INFO:root:1400443:XX found first (1, 3) is 1 1
INFO:root:1400443:XX found first (8, 8) is 2 1
INFO:root:1400443:XX found first (3, 8) is 1 1
INFO:root:1400456:Early exit from checkSmall1
INFO:root:1400476:Starting Step 36
INFO:root:1401106:Current state [[[[4], [7], [1], [9], [5], [3], [2], [6], [8]], [[6], [8], [9], [1], [7], [2], [4], [3], [5]], [[2], [3], [5], [8], [4], [6], [7], [1], [9]], [[3], [4], [7], [2], [8], [5], [6], [9], [1]], [[9], [5], [6], [3], [1], [7], [8], [4], [2]], [[8], [1], [2], [4], [6], [9], [5], [7], [3]], [[7], [2], [4], [5], [3], [1], [9], [8], [6]], [[5], [6], [3], [7], [9], [8], [1, 2], [2], [4]], [[1], [9], [8], [6], [2], [4], [3], [5], [7]]]]
INFO:root:1401106:Doing checkSmall1
INFO:root:1401106:Getting tiny MUSes, distance 1, for 4 puzlits, 1 repeats
INFO:root:1401142:Chunked 4 in [1, 1, 1, 1, 0, 0, 0, 0, 0, 0, 0, 0, 0, 0, 0, 0]
INFO:root:1401153:XX found first (8, 8) is not 1 1
INFO:root:1401153:XX found first (8, 7) is not 2 1
INFO:root:1401153:XX found first (1, 7) is not 1 1
INFO:root:1401166:Early exit from checkSmall1
INFO:root:1401175:Starting Step 37
INFO:root:1401816:Current state [[[[4], [7], [1], [9], [5], [3], [2], [6], [8]], [[6], [8], [9], [1], [7], [2], [4], [3], [5]], [[2], [3], [5], [8], [4], [6], [7], [1], [9]], [[3], [4], [7], [2], [8], [5], [6], [9], [1]], [[9], [5], [6], [3], [1], [7], [8], [4], [2]], [[8], [1], [2], [4], [6], [9], [5], [7], [3]], [[7], [2], [4], [5], [3], [1], [9], [8], [6]], [[5], [6], [3], [7], [9], [8], [1], [2], [4]], [[1], [9], [8], [6], [2], [4], [3], [5], [7]]]]
INFO:root:1401816:Doing checkSmall1
INFO:root:1401816:Getting tiny MUSes, distance 1, for 1 puzlits, 1 repeats
INFO:root:1401853:Chunked 1 in [1, 0, 0, 0, 0, 0, 0, 0, 0, 0, 0, 0, 0, 0, 0, 0]
INFO:root:1401861:XX found first (8, 7) is 1 1
INFO:root:1401874:Early exit from checkSmall1
INFO:root:1401887:Total Solver Calls 21667391
INFO:root:1401887:Trace: [(3, [(7, 2) is not 5]), (3, [(7, 2) is not 5]), (3, [(7, 2) is not 5]), (3, [(7, 2) is not 5]), (3, [(7, 2) is not 5])]
INFO:root:1401887:Trace Quality: [(3, 1), (3, 1), (3, 1), (3, 1), (3, 1)]
INFO:root:1401887:Trace Sorted: [(3, 1), (3, 1), (3, 1), (3, 1), (3, 1)]
INFO:root:1401887:Finished
INFO:root:1401887:Full Trace [(3, [(7, 2) is not 5]), (3, [(7, 2) is not 5]), (3, [(7, 2) is not 5]), (3, [(7, 2) is not 5]), (3, [(7, 2) is not 5])]

real	23m22.195s
user	326m21.128s
sys	1m21.721s
