INFO:root:5252:Starting Step 1
INFO:root:5305:Current state [[[[1, 2, 3, 4, 5, 6, 7, 8, 9], [7], [1, 2, 3, 4, 5, 6, 7, 8, 9], [1, 2, 3, 4, 5, 6, 7, 8, 9], [1, 2, 3, 4, 5, 6, 7, 8, 9], [3], [1, 2, 3, 4, 5, 6, 7, 8, 9], [6], [1, 2, 3, 4, 5, 6, 7, 8, 9]], [[1, 2, 3, 4, 5, 6, 7, 8, 9], [1, 2, 3, 4, 5, 6, 7, 8, 9], [1, 2, 3, 4, 5, 6, 7, 8, 9], [1], [1, 2, 3, 4, 5, 6, 7, 8, 9], [2], [1, 2, 3, 4, 5, 6, 7, 8, 9], [1, 2, 3, 4, 5, 6, 7, 8, 9], [1, 2, 3, 4, 5, 6, 7, 8, 9]], [[1, 2, 3, 4, 5, 6, 7, 8, 9], [1, 2, 3, 4, 5, 6, 7, 8, 9], [5], [1, 2, 3, 4, 5, 6, 7, 8, 9], [1, 2, 3, 4, 5, 6, 7, 8, 9], [1, 2, 3, 4, 5, 6, 7, 8, 9], [7], [1, 2, 3, 4, 5, 6, 7, 8, 9], [9]], [[1, 2, 3, 4, 5, 6, 7, 8, 9], [1, 2, 3, 4, 5, 6, 7, 8, 9], [7], [2], [1, 2, 3, 4, 5, 6, 7, 8, 9], [1, 2, 3, 4, 5, 6, 7, 8, 9], [1, 2, 3, 4, 5, 6, 7, 8, 9], [1, 2, 3, 4, 5, 6, 7, 8, 9], [1]], [[1, 2, 3, 4, 5, 6, 7, 8, 9], [1, 2, 3, 4, 5, 6, 7, 8, 9], [6], [1, 2, 3, 4, 5, 6, 7, 8, 9], [1], [1, 2, 3, 4, 5, 6, 7, 8, 9], [8], [4], [1, 2, 3, 4, 5, 6, 7, 8, 9]], [[8], [1, 2, 3, 4, 5, 6, 7, 8, 9], [1, 2, 3, 4, 5, 6, 7, 8, 9], [1, 2, 3, 4, 5, 6, 7, 8, 9], [1, 2, 3, 4, 5, 6, 7, 8, 9], [1, 2, 3, 4, 5, 6, 7, 8, 9], [5], [1, 2, 3, 4, 5, 6, 7, 8, 9], [1, 2, 3, 4, 5, 6, 7, 8, 9]], [[7], [1, 2, 3, 4, 5, 6, 7, 8, 9], [4], [1, 2, 3, 4, 5, 6, 7, 8, 9], [1, 2, 3, 4, 5, 6, 7, 8, 9], [1, 2, 3, 4, 5, 6, 7, 8, 9], [9], [1, 2, 3, 4, 5, 6, 7, 8, 9], [1, 2, 3, 4, 5, 6, 7, 8, 9]], [[1, 2, 3, 4, 5, 6, 7, 8, 9], [1, 2, 3, 4, 5, 6, 7, 8, 9], [1, 2, 3, 4, 5, 6, 7, 8, 9], [7], [1, 2, 3, 4, 5, 6, 7, 8, 9], [8], [1, 2, 3, 4, 5, 6, 7, 8, 9], [1, 2, 3, 4, 5, 6, 7, 8, 9], [1, 2, 3, 4, 5, 6, 7, 8, 9]], [[1, 2, 3, 4, 5, 6, 7, 8, 9], [9], [1, 2, 3, 4, 5, 6, 7, 8, 9], [6], [1, 2, 3, 4, 5, 6, 7, 8, 9], [1, 2, 3, 4, 5, 6, 7, 8, 9], [1, 2, 3, 4, 5, 6, 7, 8, 9], [5], [1, 2, 3, 4, 5, 6, 7, 8, 9]]]]
INFO:root:5306:Doing checkSmall1
INFO:root:5306:Getting tiny MUSes, distance 1, for 704 puzlits, 1 repeats
INFO:root:5364:Chunked 704 in [44, 44, 44, 44, 44, 44, 44, 44, 44, 44, 44, 44, 44, 44, 44, 44]
INFO:root:5558:XX found first (3, 6) is not 3 1
INFO:root:5558:XX found first (3, 6) is not 7 1
INFO:root:5559:XX found first (3, 7) is not 1 1
INFO:root:5559:XX found first (8, 3) is not 5 1
INFO:root:5559:XX found first (5, 8) is not 7 1
INFO:root:5559:XX found first (1, 7) is not 3 1
INFO:root:5559:XX found first (8, 1) is not 9 1
INFO:root:5559:XX found first (6, 9) is not 4 1
INFO:root:5559:XX found first (7, 9) is not 4 1
INFO:root:5559:XX found first (6, 6) is not 8 1
INFO:root:5559:XX found first (7, 7) is not 8 1
INFO:root:5559:XX found first (8, 4) is not 9 1
INFO:root:5559:XX found first (1, 7) is not 7 1
INFO:root:5559:XX found first (8, 6) is not 7 1
INFO:root:5559:XX found first (4, 4) is not 1 1
INFO:root:5559:XX found first (9, 8) is not 8 1
INFO:root:5559:XX found first (3, 4) is not 6 1
INFO:root:5559:XX found first (9, 6) is not 8 1
INFO:root:5559:XX found first (1, 9) is not 1 1
INFO:root:5559:XX found first (5, 8) is not 9 1
INFO:root:5559:XX found first (4, 8) is not 5 1
INFO:root:5559:XX found first (2, 8) is not 1 1
INFO:root:5559:XX found first (1, 9) is not 3 1
INFO:root:5559:XX found first (2, 5) is not 2 1
INFO:root:5559:XX found first (7, 7) is not 7 1
INFO:root:5559:XX found first (8, 7) is not 5 1
INFO:root:5559:XX found first (7, 4) is not 7 1
INFO:root:5560:XX found first (2, 7) is not 5 1
INFO:root:5560:XX found first (2, 9) is not 9 1
INFO:root:5560:XX found first (6, 4) is not 7 1
INFO:root:5560:XX found first (5, 3) is not 9 1
INFO:root:5560:XX found first (8, 4) is not 1 1
INFO:root:5560:XX found first (8, 7) is not 9 1
INFO:root:5560:XX found first (4, 7) is not 2 1
INFO:root:5560:XX found first (9, 6) is not 9 1
INFO:root:5560:XX found first (7, 9) is not 1 1
INFO:root:5560:XX found first (8, 8) is not 5 1
INFO:root:5560:XX found first (5, 7) is not 7 1
INFO:root:5560:XX found first (6, 5) is not 1 1
INFO:root:5560:XX found first (4, 8) is not 1 1
INFO:root:5560:XX found first (6, 6) is not 1 1
INFO:root:5560:XX found first (7, 5) is not 1 1
INFO:root:5560:XX found first (2, 4) is not 4 1
INFO:root:5560:XX found first (2, 7) is not 7 1
INFO:root:5560:XX found first (3, 5) is not 1 1
INFO:root:5560:XX found first (5, 3) is not 8 1
INFO:root:5560:XX found first (4, 3) is not 9 1
INFO:root:5560:XX found first (7, 6) is not 6 1
INFO:root:5560:XX found first (3, 5) is not 2 1
INFO:root:5561:XX found first (2, 8) is not 2 1
INFO:root:5561:XX found first (4, 9) is not 7 1
INFO:root:5561:XX found first (6, 5) is not 5 1
INFO:root:5561:XX found first (8, 6) is not 4 1
INFO:root:5561:XX found first (1, 7) is not 5 1
INFO:root:5561:XX found first (3, 3) is not 8 1
INFO:root:5561:XX found first (6, 2) is not 6 1
INFO:root:5561:XX found first (5, 6) is not 2 1
INFO:root:5561:XX found first (7, 4) is not 6 1
INFO:root:5561:XX found first (1, 8) is not 9 1
INFO:root:5561:XX found first (3, 1) is not 9 1
INFO:root:5561:XX found first (8, 4) is not 6 1
INFO:root:5561:XX found first (3, 6) is not 1 1
INFO:root:5561:XX found first (6, 7) is not 8 1
INFO:root:5561:XX found first (8, 1) is not 4 1
INFO:root:5561:XX found first (2, 4) is not 3 1
INFO:root:5561:XX found first (5, 3) is not 1 1
INFO:root:5561:XX found first (9, 9) is not 9 1
INFO:root:5561:XX found first (2, 7) is not 6 1
INFO:root:5561:XX found first (5, 7) is not 1 1
INFO:root:5561:XX found first (2, 4) is not 8 1
INFO:root:5561:XX found first (6, 4) is not 5 1
INFO:root:5561:XX found first (8, 8) is not 6 1
INFO:root:5561:XX found first (5, 6) is not 1 1
INFO:root:5561:XX found first (2, 1) is not 1 1
INFO:root:5562:XX found first (6, 1) is not 9 1
INFO:root:5562:XX found first (8, 4) is not 8 1
INFO:root:5562:XX found first (3, 7) is not 8 1
INFO:root:5562:XX found first (3, 9) is not 6 1
INFO:root:5562:XX found first (3, 6) is not 2 1
INFO:root:5562:XX found first (5, 6) is not 6 1
INFO:root:5562:XX found first (8, 6) is not 5 1
INFO:root:5562:XX found first (5, 5) is not 5 1
INFO:root:5562:XX found first (1, 6) is not 6 1
INFO:root:5562:XX found first (7, 5) is not 7 1
INFO:root:5562:XX found first (6, 7) is not 7 1
INFO:root:5562:XX found first (5, 7) is not 2 1
INFO:root:5562:XX found first (6, 4) is not 1 1
INFO:root:5562:XX found first (3, 6) is not 9 1
INFO:root:5562:XX found first (8, 6) is not 2 1
INFO:root:5562:XX found first (9, 2) is not 8 1
INFO:root:5562:XX found first (2, 6) is not 1 1
INFO:root:5562:XX found first (6, 7) is not 6 1
INFO:root:5562:XX found first (3, 8) is not 9 1
INFO:root:5562:XX found first (2, 4) is not 9 1
INFO:root:5562:XX found first (8, 9) is not 9 1
INFO:root:5562:XX found first (4, 7) is not 7 1
INFO:root:5562:XX found first (1, 8) is not 7 1
INFO:root:5562:XX found first (9, 7) is not 5 1
INFO:root:5562:XX found first (4, 1) is not 8 1
INFO:root:5562:XX found first (5, 4) is not 6 1
INFO:root:5563:XX found first (9, 8) is not 7 1
INFO:root:5563:XX found first (6, 4) is not 2 1
INFO:root:5563:XX found first (3, 8) is not 6 1
INFO:root:5563:XX found first (9, 4) is not 1 1
INFO:root:5563:XX found first (8, 6) is not 1 1
INFO:root:5563:XX found first (5, 2) is not 6 1
INFO:root:5563:XX found first (1, 2) is not 1 1
INFO:root:5563:XX found first (2, 6) is not 5 1
INFO:root:5563:XX found first (8, 8) is not 7 1
INFO:root:5563:XX found first (9, 8) is not 2 1
INFO:root:5563:XX found first (9, 1) is not 4 1
INFO:root:5563:XX found first (6, 1) is not 7 1
INFO:root:5563:XX found first (1, 2) is not 6 1
INFO:root:5563:XX found first (3, 3) is not 6 1
INFO:root:5563:XX found first (3, 7) is not 4 1
INFO:root:5563:XX found first (6, 7) is not 4 1
INFO:root:5563:XX found first (1, 4) is not 2 1
INFO:root:5563:XX found first (9, 8) is not 6 1
INFO:root:5563:XX found first (6, 8) is not 8 1
INFO:root:5563:XX found first (7, 1) is not 3 1
INFO:root:5563:XX found first (7, 5) is not 8 1
INFO:root:5563:XX found first (5, 8) is not 3 1
INFO:root:5563:XX found first (4, 6) is not 7 1
INFO:root:5563:XX found first (9, 9) is not 5 1
INFO:root:5563:XX found first (7, 8) is not 4 1
INFO:root:5564:XX found first (5, 5) is not 4 1
INFO:root:5564:XX found first (5, 3) is not 3 1
INFO:root:5564:XX found first (5, 5) is not 2 1
INFO:root:5564:XX found first (8, 3) is not 9 1
INFO:root:5564:XX found first (3, 5) is not 5 1
INFO:root:5564:XX found first (7, 5) is not 9 1
INFO:root:5564:XX found first (8, 2) is not 4 1
INFO:root:5564:XX found first (2, 7) is not 9 1
INFO:root:5564:XX found first (3, 4) is not 9 1
INFO:root:5564:XX found first (4, 1) is not 1 1
INFO:root:5564:XX found first (5, 4) is not 7 1
INFO:root:5564:XX found first (9, 9) is not 6 1
INFO:root:5564:XX found first (8, 8) is not 8 1
INFO:root:5564:XX found first (9, 1) is not 7 1
INFO:root:5564:XX found first (1, 1) is not 7 1
INFO:root:5564:XX found first (5, 4) is not 4 1
INFO:root:5564:XX found first (1, 2) is not 4 1
INFO:root:5564:XX found first (8, 5) is not 6 1
INFO:root:5564:XX found first (1, 5) is not 1 1
INFO:root:5564:XX found first (2, 4) is not 2 1
INFO:root:5564:XX found first (7, 9) is not 5 1
INFO:root:5564:XX found first (2, 3) is not 4 1
INFO:root:5564:XX found first (7, 8) is not 9 1
INFO:root:5564:XX found first (6, 2) is not 5 1
INFO:root:5565:XX found first (7, 7) is not 1 1
INFO:root:5565:XX found first (3, 7) is not 2 1
INFO:root:5565:XX found first (9, 1) is not 5 1
INFO:root:5565:XX found first (7, 3) is not 7 1
INFO:root:5565:XX found first (5, 4) is not 8 1
INFO:root:5565:XX found first (7, 1) is not 9 1
INFO:root:5565:XX found first (9, 6) is not 5 1
INFO:root:5565:XX found first (7, 8) is not 6 1
INFO:root:5565:XX found first (3, 4) is not 7 1
INFO:root:5565:XX found first (3, 3) is not 7 1
INFO:root:5565:XX found first (5, 5) is not 8 1
INFO:root:5565:XX found first (8, 2) is not 8 1
INFO:root:5565:XX found first (4, 1) is not 2 1
INFO:root:5565:XX found first (3, 9) is not 1 1
INFO:root:5565:XX found first (2, 9) is not 6 1
INFO:root:5565:XX found first (7, 8) is not 5 1
INFO:root:5565:XX found first (4, 6) is not 8 1
INFO:root:5565:XX found first (1, 8) is not 2 1
INFO:root:5565:XX found first (6, 7) is not 2 1
INFO:root:5565:XX found first (1, 3) is not 3 1
INFO:root:5565:XX found first (4, 2) is not 7 1
INFO:root:5565:XX found first (6, 3) is not 5 1
INFO:root:5565:XX found first (9, 2) is not 4 1
INFO:root:5565:XX found first (6, 7) is not 9 1
INFO:root:5565:XX found first (4, 4) is not 5 1
INFO:root:5566:XX found first (9, 5) is not 7 1
INFO:root:5566:XX found first (5, 9) is not 6 1
INFO:root:5566:XX found first (9, 8) is not 4 1
INFO:root:5566:XX found first (7, 3) is not 3 1
INFO:root:5566:XX found first (8, 3) is not 6 1
INFO:root:5566:XX found first (7, 3) is not 5 1
INFO:root:5566:XX found first (9, 6) is not 6 1
INFO:root:5566:XX found first (9, 5) is not 8 1
INFO:root:5566:XX found first (7, 2) is not 7 1
INFO:root:5566:XX found first (7, 4) is not 9 1
INFO:root:5566:XX found first (8, 5) is not 7 1
INFO:root:5566:XX found first (1, 7) is not 8 1
INFO:root:5566:XX found first (9, 4) is not 8 1
INFO:root:5566:XX found first (7, 7) is not 6 1
INFO:root:5566:XX found first (2, 6) is not 6 1
INFO:root:5566:XX found first (5, 4) is not 1 1
INFO:root:5566:XX found first (3, 4) is not 1 1
INFO:root:5566:XX found first (4, 8) is not 4 1
INFO:root:5566:XX found first (1, 2) is not 5 1
INFO:root:5566:XX found first (2, 8) is not 9 1
INFO:root:5566:XX found first (2, 4) is not 6 1
INFO:root:5566:XX found first (2, 9) is not 7 1
INFO:root:5566:XX found first (2, 3) is not 2 1
INFO:root:5566:XX found first (3, 6) is not 5 1
INFO:root:5566:XX found first (5, 7) is not 5 1
INFO:root:5567:XX found first (9, 3) is not 5 1
INFO:root:5567:XX found first (5, 5) is not 9 1
INFO:root:5567:XX found first (1, 2) is not 3 1
INFO:root:5567:XX found first (7, 3) is not 2 1
INFO:root:5567:XX found first (2, 8) is not 6 1
INFO:root:5567:XX found first (6, 3) is not 7 1
INFO:root:5567:XX found first (1, 7) is not 9 1
INFO:root:5567:XX found first (5, 8) is not 8 1
INFO:root:5567:XX found first (9, 1) is not 8 1
INFO:root:5567:XX found first (6, 5) is not 8 1
INFO:root:5567:XX found first (4, 2) is not 8 1
INFO:root:5567:XX found first (9, 7) is not 8 1
INFO:root:5567:XX found first (7, 1) is not 8 1
INFO:root:5567:XX found first (7, 7) is not 5 1
INFO:root:5567:XX found first (7, 1) is not 5 1
INFO:root:5567:XX found first (8, 4) is not 4 1
INFO:root:5567:XX found first (4, 9) is not 8 1
INFO:root:5567:XX found first (5, 9) is not 4 1
INFO:root:5567:XX found first (4, 6) is not 3 1
INFO:root:5567:XX found first (2, 3) is not 7 1
INFO:root:5567:XX found first (1, 3) is not 4 1
INFO:root:5567:XX found first (4, 5) is not 1 1
INFO:root:5567:XX found first (2, 4) is not 5 1
INFO:root:5567:XX found first (8, 6) is not 3 1
INFO:root:5568:XX found first (7, 3) is not 9 1
INFO:root:5568:XX found first (9, 7) is not 6 1
INFO:root:5568:XX found first (3, 5) is not 3 1
INFO:root:5568:XX found first (2, 7) is not 1 1
INFO:root:5568:XX found first (3, 7) is not 5 1
INFO:root:5568:XX found first (1, 6) is not 8 1
INFO:root:5568:XX found first (8, 9) is not 5 1
INFO:root:5568:XX found first (2, 2) is not 9 1
INFO:root:5568:XX found first (5, 5) is not 6 1
INFO:root:5568:XX found first (8, 9) is not 8 1
INFO:root:5568:XX found first (3, 4) is not 3 1
INFO:root:5568:XX found first (2, 6) is not 3 1
INFO:root:5568:XX found first (9, 5) is not 6 1
INFO:root:5568:XX found first (8, 7) is not 8 1
INFO:root:5568:XX found first (4, 4) is not 6 1
INFO:root:5568:XX found first (2, 9) is not 1 1
INFO:root:5568:XX found first (1, 6) is not 9 1
INFO:root:5568:XX found first (5, 3) is not 7 1
INFO:root:5568:XX found first (5, 4) is not 2 1
INFO:root:5568:XX found first (7, 4) is not 2 1
INFO:root:5568:XX found first (4, 3) is not 2 1
INFO:root:5568:XX found first (2, 5) is not 3 1
INFO:root:5568:XX found first (2, 1) is not 5 1
INFO:root:5568:XX found first (2, 2) is not 1 1
INFO:root:5568:XX found first (2, 5) is not 1 1
INFO:root:5569:XX found first (1, 2) is not 9 1
INFO:root:5569:XX found first (7, 6) is not 7 1
INFO:root:5569:XX found first (6, 9) is not 5 1
INFO:root:5569:XX found first (6, 7) is not 3 1
INFO:root:5569:XX found first (6, 6) is not 3 1
INFO:root:5569:XX found first (1, 8) is not 4 1
INFO:root:5569:XX found first (1, 1) is not 8 1
INFO:root:5569:XX found first (4, 8) is not 2 1
INFO:root:5569:XX found first (7, 6) is not 9 1
INFO:root:5569:XX found first (2, 6) is not 4 1
INFO:root:5569:XX found first (1, 4) is not 3 1
INFO:root:5569:XX found first (9, 6) is not 3 1
INFO:root:5569:XX found first (4, 3) is not 3 1
INFO:root:5569:XX found first (2, 8) is not 4 1
INFO:root:5569:XX found first (3, 8) is not 4 1
INFO:root:5569:XX found first (2, 1) is not 2 1
INFO:root:5569:XX found first (3, 4) is not 5 1
INFO:root:5569:XX found first (5, 1) is not 8 1
INFO:root:5569:XX found first (7, 9) is not 9 1
INFO:root:5569:XX found first (5, 7) is not 9 1
INFO:root:5569:XX found first (5, 7) is not 4 1
INFO:root:5569:XX found first (5, 7) is not 3 1
INFO:root:5569:XX found first (9, 3) is not 9 1
INFO:root:5569:XX found first (6, 1) is not 3 1
INFO:root:5569:XX found first (4, 3) is not 8 1
INFO:root:5569:XX found first (4, 3) is not 4 1
INFO:root:5570:XX found first (9, 3) is not 7 1
INFO:root:5570:XX found first (3, 8) is not 5 1
INFO:root:5570:XX found first (5, 3) is not 2 1
INFO:root:5570:XX found first (1, 1) is not 5 1
INFO:root:5570:XX found first (5, 1) is not 4 1
INFO:root:5570:XX found first (3, 7) is not 6 1
INFO:root:5570:XX found first (5, 1) is not 6 1
INFO:root:5570:XX found first (6, 3) is not 8 1
INFO:root:5570:XX found first (1, 6) is not 2 1
INFO:root:5570:XX found first (3, 3) is not 2 1
INFO:root:5570:XX found first (4, 7) is not 4 1
INFO:root:5570:XX found first (6, 3) is not 4 1
INFO:root:5570:XX found first (4, 4) is not 8 1
INFO:root:5570:XX found first (9, 7) is not 7 1
INFO:root:5570:XX found first (2, 3) is not 6 1
INFO:root:5570:XX found first (7, 7) is not 3 1
INFO:root:5570:XX found first (9, 2) is not 1 1
INFO:root:5570:XX found first (3, 3) is not 9 1
INFO:root:5570:XX found first (6, 9) is not 8 1
INFO:root:5570:XX found first (3, 1) is not 5 1
INFO:root:5570:XX found first (2, 2) is not 7 1
INFO:root:5570:XX found first (4, 5) is not 7 1
INFO:root:5570:XX found first (8, 1) is not 8 1
INFO:root:5570:XX found first (6, 1) is not 6 1
INFO:root:5570:XX found first (4, 3) is not 6 1
INFO:root:5570:XX found first (5, 6) is not 4 1
INFO:root:5571:XX found first (4, 4) is not 4 1
INFO:root:5571:XX found first (4, 2) is not 2 1
INFO:root:5571:XX found first (8, 9) is not 1 1
INFO:root:5571:XX found first (8, 6) is not 9 1
INFO:root:5571:XX found first (5, 9) is not 5 1
INFO:root:5571:XX found first (4, 4) is not 7 1
INFO:root:5571:XX found first (6, 8) is not 1 1
INFO:root:5571:XX found first (4, 4) is not 9 1
INFO:root:5571:XX found first (1, 8) is not 1 1
INFO:root:5571:XX found first (8, 4) is not 3 1
INFO:root:5571:XX found first (4, 1) is not 6 1
INFO:root:5571:XX found first (3, 9) is not 8 1
INFO:root:5571:XX found first (5, 9) is not 1 1
INFO:root:5571:XX found first (6, 5) is not 2 1
INFO:root:5571:XX found first (4, 7) is not 1 1
INFO:root:5571:XX found first (6, 1) is not 5 1
INFO:root:5571:XX found first (8, 8) is not 4 1
INFO:root:5571:XX found first (9, 1) is not 9 1
INFO:root:5571:XX found first (5, 7) is not 6 1
INFO:root:5571:XX found first (9, 8) is not 1 1
INFO:root:5571:XX found first (7, 1) is not 2 1
INFO:root:5571:XX found first (2, 7) is not 8 1
INFO:root:5571:XX found first (7, 6) is not 2 1
INFO:root:5571:XX found first (3, 2) is not 7 1
INFO:root:5572:XX found first (3, 7) is not 9 1
INFO:root:5572:XX found first (1, 8) is not 5 1
INFO:root:5572:XX found first (9, 4) is not 3 1
INFO:root:5572:XX found first (7, 3) is not 8 1
INFO:root:5572:XX found first (3, 5) is not 9 1
INFO:root:5572:XX found first (7, 1) is not 4 1
INFO:root:5572:XX found first (9, 8) is not 3 1
INFO:root:5572:XX found first (7, 2) is not 9 1
INFO:root:5572:XX found first (1, 5) is not 3 1
INFO:root:5572:XX found first (5, 2) is not 4 1
INFO:root:5572:XX found first (2, 9) is not 2 1
INFO:root:5572:XX found first (1, 2) is not 8 1
INFO:root:5572:XX found first (8, 2) is not 9 1
INFO:root:5572:XX found first (5, 8) is not 2 1
INFO:root:5572:XX found first (8, 7) is not 7 1
INFO:root:5572:XX found first (2, 3) is not 5 1
INFO:root:5572:XX found first (6, 3) is not 6 1
INFO:root:5572:XX found first (5, 2) is not 7 1
INFO:root:5572:XX found first (8, 1) is not 7 1
INFO:root:5572:XX found first (4, 7) is not 8 1
INFO:root:5572:XX found first (6, 8) is not 5 1
INFO:root:5572:XX found first (5, 8) is not 5 1
INFO:root:5572:XX found first (6, 4) is not 6 1
INFO:root:5573:XX found first (5, 6) is not 3 1
INFO:root:5573:XX found first (2, 3) is not 1 1
INFO:root:5573:XX found first (2, 1) is not 7 1
INFO:root:5573:XX found first (4, 7) is not 9 1
INFO:root:5573:XX found first (5, 3) is not 4 1
INFO:root:5573:XX found first (9, 2) is not 6 1
INFO:root:5573:XX found first (6, 1) is not 4 1
INFO:root:5573:XX found first (1, 6) is not 4 1
INFO:root:5573:XX found first (9, 2) is not 2 1
INFO:root:5573:XX found first (8, 5) is not 1 1
INFO:root:5573:XX found first (7, 5) is not 4 1
INFO:root:5573:XX found first (6, 6) is not 5 1
INFO:root:5573:XX found first (9, 6) is not 2 1
INFO:root:5573:XX found first (1, 3) is not 7 1
INFO:root:5573:XX found first (8, 5) is not 8 1
INFO:root:5573:XX found first (1, 6) is not 5 1
INFO:root:5573:XX found first (4, 8) is not 6 1
INFO:root:5573:XX found first (9, 4) is not 9 1
INFO:root:5573:XX found first (2, 2) is not 2 1
INFO:root:5573:XX found first (3, 6) is not 8 1
INFO:root:5573:XX found first (7, 6) is not 4 1
INFO:root:5573:XX found first (2, 6) is not 8 1
INFO:root:5573:XX found first (1, 2) is not 2 1
INFO:root:5573:XX found first (9, 5) is not 9 1
INFO:root:5573:XX found first (8, 2) is not 7 1
INFO:root:5574:XX found first (4, 9) is not 3 1
INFO:root:5574:XX found first (1, 9) is not 9 1
INFO:root:5574:XX found first (4, 2) is not 9 1
INFO:root:5574:XX found first (3, 1) is not 7 1
INFO:root:5574:XX found first (9, 4) is not 4 1
INFO:root:5574:XX found first (8, 4) is not 2 1
INFO:root:5574:XX found first (3, 5) is not 7 1
INFO:root:5574:XX found first (3, 2) is not 9 1
INFO:root:5574:XX found first (9, 9) is not 1 1
INFO:root:5574:XX found first (7, 8) is not 7 1
INFO:root:5574:XX found first (3, 1) is not 8 1
INFO:root:5574:XX found first (5, 1) is not 7 1
INFO:root:5574:XX found first (5, 5) is not 7 1
INFO:root:5574:XX found first (9, 5) is not 5 1
INFO:root:5574:XX found first (5, 2) is not 9 1
INFO:root:5574:XX found first (7, 4) is not 8 1
INFO:root:5574:XX found first (4, 9) is not 4 1
INFO:root:5574:XX found first (9, 1) is not 6 1
INFO:root:5574:XX found first (3, 3) is not 1 1
INFO:root:5574:XX found first (8, 6) is not 6 1
INFO:root:5574:XX found first (7, 4) is not 1 1
INFO:root:5574:XX found first (1, 9) is not 7 1
INFO:root:5574:XX found first (9, 2) is not 7 1
INFO:root:5574:XX found first (1, 3) is not 6 1
INFO:root:5574:XX found first (5, 5) is not 3 1
INFO:root:5575:XX found first (4, 9) is not 9 1
INFO:root:5575:XX found first (9, 4) is not 7 1
INFO:root:5575:XX found first (2, 1) is not 8 1
INFO:root:5575:XX found first (9, 5) is not 1 1
INFO:root:5575:XX found first (5, 8) is not 1 1
INFO:root:5575:XX found first (7, 4) is not 4 1
INFO:root:5575:XX found first (6, 2) is not 8 1
INFO:root:5575:XX found first (4, 8) is not 7 1
INFO:root:5575:XX found first (5, 2) is not 8 1
INFO:root:5575:XX found first (3, 9) is not 5 1
INFO:root:5575:XX found first (2, 6) is not 7 1
INFO:root:5575:XX found first (1, 7) is not 6 1
INFO:root:5575:XX found first (1, 8) is not 8 1
INFO:root:5575:XX found first (4, 5) is not 2 1
INFO:root:5575:XX found first (6, 7) is not 1 1
INFO:root:5575:XX found first (9, 8) is not 9 1
INFO:root:5575:XX found first (7, 9) is not 7 1
INFO:root:5575:XX found first (9, 3) is not 6 1
INFO:root:5575:XX found first (3, 9) is not 7 1
INFO:root:5575:XX found first (9, 2) is not 3 1
INFO:root:5575:XX found first (4, 2) is not 6 1
INFO:root:5575:XX found first (7, 5) is not 6 1
INFO:root:5575:XX found first (3, 9) is not 4 1
INFO:root:5575:XX found first (3, 2) is not 5 1
INFO:root:5575:XX found first (6, 8) is not 6 1
INFO:root:5576:XX found first (8, 3) is not 7 1
INFO:root:5576:XX found first (7, 1) is not 1 1
INFO:root:5576:XX found first (4, 9) is not 6 1
INFO:root:5576:XX found first (9, 3) is not 4 1
INFO:root:5576:XX found first (7, 2) is not 4 1
INFO:root:5576:XX found first (4, 3) is not 5 1
INFO:root:5576:XX found first (9, 4) is not 5 1
INFO:root:5576:XX found first (1, 1) is not 6 1
INFO:root:5576:XX found first (5, 6) is not 8 1
INFO:root:5576:XX found first (4, 3) is not 1 1
INFO:root:5576:XX found first (6, 2) is not 7 1
INFO:root:5576:XX found first (5, 3) is not 5 1
INFO:root:5576:XX found first (7, 3) is not 1 1
INFO:root:5576:XX found first (5, 2) is not 1 1
INFO:root:5576:XX found first (4, 2) is not 1 1
INFO:root:5576:XX found first (6, 8) is not 4 1
INFO:root:5576:XX found first (7, 3) is not 6 1
INFO:root:5576:XX found first (9, 2) is not 5 1
INFO:root:5576:XX found first (6, 4) is not 8 1
INFO:root:5576:XX found first (4, 6) is not 2 1
INFO:root:5576:XX found first (8, 4) is not 5 1
INFO:root:5576:XX found first (4, 9) is not 5 1
INFO:root:5576:XX found first (1, 5) is not 6 1
INFO:root:5576:XX found first (5, 9) is not 8 1
INFO:root:5576:XX found first (3, 8) is not 7 1
INFO:root:5577:XX found first (2, 6) is not 9 1
INFO:root:5577:XX found first (3, 3) is not 4 1
INFO:root:5577:XX found first (3, 4) is not 2 1
INFO:root:5577:XX found first (7, 7) is not 2 1
INFO:root:5577:XX found first (4, 7) is not 5 1
INFO:root:5577:XX found first (2, 4) is not 7 1
INFO:root:5577:XX found first (4, 8) is not 8 1
INFO:root:5577:XX found first (1, 9) is not 6 1
INFO:root:5577:XX found first (2, 7) is not 2 1
INFO:root:5577:XX found first (3, 7) is not 3 1
INFO:root:5577:XX found first (2, 8) is not 7 1
INFO:root:5577:XX found first (7, 7) is not 4 1
INFO:root:5577:XX found first (1, 3) is not 5 1
INFO:root:5577:XX found first (8, 8) is not 9 1
INFO:root:5577:XX found first (6, 1) is not 2 1
INFO:root:5577:XX found first (1, 5) is not 2 1
INFO:root:5577:XX found first (3, 9) is not 2 1
INFO:root:5577:XX found first (7, 1) is not 6 1
INFO:root:5577:XX found first (6, 9) is not 1 1
INFO:root:5577:XX found first (3, 3) is not 3 1
INFO:root:5577:XX found first (4, 9) is not 2 1
INFO:root:5577:XX found first (7, 6) is not 3 1
INFO:root:5577:XX found first (2, 2) is not 5 1
INFO:root:5577:XX found first (1, 4) is not 1 1
INFO:root:5577:XX found first (1, 8) is not 3 1
INFO:root:5578:XX found first (6, 6) is not 2 1
INFO:root:5578:XX found first (9, 6) is not 7 1
INFO:root:5578:XX found first (8, 3) is not 8 1
INFO:root:5578:XX found first (1, 6) is not 7 1
INFO:root:5578:XX found first (8, 3) is not 4 1
INFO:root:5578:XX found first (9, 4) is not 2 1
INFO:root:5578:XX found first (5, 8) is not 6 1
INFO:root:5578:XX found first (1, 6) is not 1 1
INFO:root:5578:XX found first (1, 1) is not 3 1
INFO:root:5578:XX found first (9, 7) is not 9 1
INFO:root:5578:XX found first (5, 9) is not 9 1
INFO:root:5578:XX found first (1, 4) is not 7 1
INFO:root:5578:XX found first (3, 9) is not 3 1
INFO:root:5578:XX found first (4, 4) is not 3 1
INFO:root:5578:XX found first (1, 5) is not 7 1
INFO:root:5578:XX found first (7, 6) is not 8 1
INFO:root:5578:XX found first (6, 9) is not 9 1
INFO:root:5578:XX found first (1, 4) is not 6 1
INFO:root:5578:XX found first (4, 6) is not 1 1
INFO:root:5578:XX found first (5, 1) is not 1 1
INFO:root:5578:XX found first (6, 2) is not 9 1
INFO:root:5578:XX found first (6, 1) is not 1 1
INFO:root:5578:XX found first (2, 8) is not 5 1
INFO:root:5578:XX found first (4, 1) is not 7 1
INFO:root:5579:XX found first (8, 9) is not 7 1
INFO:root:5591:Early exit from checkSmall1
INFO:root:5655:Starting Step 2
INFO:root:6147:Current state [[[[1, 2, 4, 9], [7], [1, 2, 8, 9], [4, 5, 8, 9], [4, 5, 8, 9], [3], [1, 2, 4], [6], [2, 4, 5, 8]], [[3, 4, 6, 9], [3, 4, 6, 8], [3, 8, 9], [1], [4, 5, 6, 7, 8, 9], [2], [3, 4], [3, 8], [3, 4, 5, 8]], [[1, 2, 3, 4, 6], [1, 2, 3, 4, 6, 8], [5], [4, 8], [4, 6, 8], [4, 6], [7], [1, 2, 3, 8], [9]], [[3, 4, 5, 9], [3, 4, 5], [7], [2], [3, 4, 5, 6, 8, 9], [4, 5, 6, 9], [3, 6], [3, 9], [1]], [[2, 3, 5, 9], [2, 3, 5], [6], [3, 5, 9], [1], [5, 7, 9], [8], [4], [2, 3, 7]], [[8], [1, 2, 3, 4], [1, 2, 3, 9], [3, 4, 9], [3, 4, 6, 7, 9], [4, 6, 7, 9], [5], [2, 3, 7, 9], [2, 3, 6, 7]], [[7], [1, 2, 3, 5, 6, 8], [4], [3, 5], [2, 3, 5], [1, 5], [9], [1, 2, 3, 8], [2, 3, 6, 8]], [[1, 2, 3, 5, 6], [1, 2, 3, 5, 6], [1, 2, 3], [7], [2, 3, 4, 5, 9], [8], [1, 2, 3, 4, 6], [1, 2, 3], [2, 3, 4, 6]], [[1, 2, 3], [9], [1, 2, 3, 8], [6], [2, 3, 4], [1, 4], [1, 2, 3, 4], [5], [2, 3, 4, 7, 8]]]]
INFO:root:6147:Doing checkSmall1
INFO:root:6147:Getting tiny MUSes, distance 1, for 207 puzlits, 1 repeats
INFO:root:6183:Chunked 207 in [13, 13, 13, 13, 13, 13, 13, 13, 13, 13, 13, 13, 13, 13, 13, 12]
INFO:root:6228:XX found first (6, 8) is 7 1
INFO:root:6228:XX found first (4, 5) is 8 1
INFO:root:6228:XX found first (8, 5) is 9 1
INFO:root:6229:XX found first (9, 9) is 7 1
INFO:root:6229:XX found first (2, 5) is 7 1
INFO:root:6240:Early exit from checkSmall1
INFO:root:6261:Starting Step 3
INFO:root:6755:Current state [[[[1, 2, 4, 9], [7], [1, 2, 8, 9], [4, 5, 8, 9], [4, 5, 8, 9], [3], [1, 2, 4], [6], [2, 4, 5, 8]], [[3, 4, 6, 9], [3, 4, 6, 8], [3, 8, 9], [1], [7], [2], [3, 4], [3, 8], [3, 4, 5, 8]], [[1, 2, 3, 4, 6], [1, 2, 3, 4, 6, 8], [5], [4, 8], [4, 6, 8], [4, 6], [7], [1, 2, 3, 8], [9]], [[3, 4, 5, 9], [3, 4, 5], [7], [2], [8], [4, 5, 6, 9], [3, 6], [3, 9], [1]], [[2, 3, 5, 9], [2, 3, 5], [6], [3, 5, 9], [1], [5, 7, 9], [8], [4], [2, 3, 7]], [[8], [1, 2, 3, 4], [1, 2, 3, 9], [3, 4, 9], [3, 4, 6, 7, 9], [4, 6, 7, 9], [5], [7], [2, 3, 6, 7]], [[7], [1, 2, 3, 5, 6, 8], [4], [3, 5], [2, 3, 5], [1, 5], [9], [1, 2, 3, 8], [2, 3, 6, 8]], [[1, 2, 3, 5, 6], [1, 2, 3, 5, 6], [1, 2, 3], [7], [9], [8], [1, 2, 3, 4, 6], [1, 2, 3], [2, 3, 4, 6]], [[1, 2, 3], [9], [1, 2, 3, 8], [6], [2, 3, 4], [1, 4], [1, 2, 3, 4], [5], [7]]]]
INFO:root:6755:Doing checkSmall1
INFO:root:6755:Getting tiny MUSes, distance 1, for 202 puzlits, 1 repeats
INFO:root:6791:Chunked 202 in [13, 13, 13, 13, 13, 13, 13, 13, 13, 13, 12, 12, 12, 12, 12, 12]
INFO:root:6845:XX found first (6, 5) is not 9 1
INFO:root:6846:XX found first (2, 5) is not 6 1
INFO:root:6846:XX found first (4, 5) is not 5 1
INFO:root:6846:XX found first (2, 5) is not 5 1
INFO:root:6846:XX found first (9, 9) is not 3 1
INFO:root:6846:XX found first (1, 5) is not 8 1
INFO:root:6846:XX found first (6, 6) is not 7 1
INFO:root:6846:XX found first (5, 9) is not 7 1
INFO:root:6846:XX found first (9, 9) is not 2 1
INFO:root:6846:XX found first (6, 9) is not 7 1
INFO:root:6846:XX found first (1, 5) is not 9 1
INFO:root:6846:XX found first (4, 5) is not 6 1
INFO:root:6846:XX found first (9, 9) is not 4 1
INFO:root:6846:XX found first (4, 5) is not 9 1
INFO:root:6846:XX found first (8, 5) is not 2 1
INFO:root:6846:XX found first (8, 5) is not 5 1
INFO:root:6846:XX found first (6, 8) is not 3 1
INFO:root:6846:XX found first (6, 8) is not 9 1
INFO:root:6846:XX found first (4, 5) is not 4 1
INFO:root:6847:XX found first (4, 5) is not 3 1
INFO:root:6847:XX found first (6, 5) is not 7 1
INFO:root:6847:XX found first (6, 8) is not 2 1
INFO:root:6847:XX found first (3, 5) is not 8 1
INFO:root:6847:XX found first (2, 5) is not 9 1
INFO:root:6847:XX found first (2, 5) is not 4 1
INFO:root:6847:XX found first (9, 9) is not 8 1
INFO:root:6847:XX found first (8, 5) is not 4 1
INFO:root:6847:XX found first (8, 5) is not 3 1
INFO:root:6847:XX found first (2, 5) is not 8 1
INFO:root:6859:Early exit from checkSmall1
INFO:root:6871:Starting Step 4
INFO:root:7387:Current state [[[[1, 2, 4, 9], [7], [1, 2, 8, 9], [4, 5, 8, 9], [4, 5], [3], [1, 2, 4], [6], [2, 4, 5, 8]], [[3, 4, 6, 9], [3, 4, 6, 8], [3, 8, 9], [1], [7], [2], [3, 4], [3, 8], [3, 4, 5, 8]], [[1, 2, 3, 4, 6], [1, 2, 3, 4, 6, 8], [5], [4, 8], [4, 6], [4, 6], [7], [1, 2, 3, 8], [9]], [[3, 4, 5, 9], [3, 4, 5], [7], [2], [8], [4, 5, 6, 9], [3, 6], [3, 9], [1]], [[2, 3, 5, 9], [2, 3, 5], [6], [3, 5, 9], [1], [5, 7, 9], [8], [4], [2, 3]], [[8], [1, 2, 3, 4], [1, 2, 3, 9], [3, 4, 9], [3, 4, 6], [4, 6, 9], [5], [7], [2, 3, 6]], [[7], [1, 2, 3, 5, 6, 8], [4], [3, 5], [2, 3, 5], [1, 5], [9], [1, 2, 3, 8], [2, 3, 6, 8]], [[1, 2, 3, 5, 6], [1, 2, 3, 5, 6], [1, 2, 3], [7], [9], [8], [1, 2, 3, 4, 6], [1, 2, 3], [2, 3, 4, 6]], [[1, 2, 3], [9], [1, 2, 3, 8], [6], [2, 3, 4], [1, 4], [1, 2, 3, 4], [5], [7]]]]
INFO:root:7387:Doing checkSmall1
INFO:root:7387:Getting tiny MUSes, distance 1, for 173 puzlits, 1 repeats
INFO:root:7422:Chunked 173 in [11, 11, 11, 11, 11, 11, 11, 11, 11, 11, 11, 11, 11, 10, 10, 10]
INFO:root:7458:XX found first (1, 4) is 9 1
INFO:root:7458:XX found first (2, 9) is 5 1
INFO:root:7458:XX found first (5, 6) is 7 1
INFO:root:7458:XX found first (9, 3) is 8 1
INFO:root:7458:XX found first (4, 8) is 9 1
INFO:root:7470:Early exit from checkSmall1
INFO:root:7491:Starting Step 5
INFO:root:8015:Current state [[[[1, 2, 4, 9], [7], [1, 2, 8, 9], [9], [4, 5], [3], [1, 2, 4], [6], [2, 4, 5, 8]], [[3, 4, 6, 9], [3, 4, 6, 8], [3, 8, 9], [1], [7], [2], [3, 4], [3, 8], [5]], [[1, 2, 3, 4, 6], [1, 2, 3, 4, 6, 8], [5], [4, 8], [4, 6], [4, 6], [7], [1, 2, 3, 8], [9]], [[3, 4, 5, 9], [3, 4, 5], [7], [2], [8], [4, 5, 6, 9], [3, 6], [9], [1]], [[2, 3, 5, 9], [2, 3, 5], [6], [3, 5, 9], [1], [7], [8], [4], [2, 3]], [[8], [1, 2, 3, 4], [1, 2, 3, 9], [3, 4, 9], [3, 4, 6], [4, 6, 9], [5], [7], [2, 3, 6]], [[7], [1, 2, 3, 5, 6, 8], [4], [3, 5], [2, 3, 5], [1, 5], [9], [1, 2, 3, 8], [2, 3, 6, 8]], [[1, 2, 3, 5, 6], [1, 2, 3, 5, 6], [1, 2, 3], [7], [9], [8], [1, 2, 3, 4, 6], [1, 2, 3], [2, 3, 4, 6]], [[1, 2, 3], [9], [8], [6], [2, 3, 4], [1, 4], [1, 2, 3, 4], [5], [7]]]]
INFO:root:8015:Doing checkSmall1
INFO:root:8015:Getting tiny MUSes, distance 1, for 168 puzlits, 1 repeats
INFO:root:8051:Chunked 168 in [11, 11, 11, 11, 11, 11, 11, 11, 10, 10, 10, 10, 10, 10, 10, 10]
INFO:root:8096:XX found first (5, 6) is not 9 1
INFO:root:8096:XX found first (1, 4) is not 8 1
INFO:root:8096:XX found first (4, 6) is not 9 1
INFO:root:8096:XX found first (9, 3) is not 2 1
INFO:root:8096:XX found first (2, 9) is not 3 1
INFO:root:8096:XX found first (1, 4) is not 4 1
INFO:root:8097:XX found first (5, 4) is not 9 1
INFO:root:8097:XX found first (6, 4) is not 9 1
INFO:root:8097:XX found first (7, 2) is not 8 1
INFO:root:8097:XX found first (9, 3) is not 1 1
INFO:root:8097:XX found first (9, 3) is not 3 1
INFO:root:8097:XX found first (2, 9) is not 4 1
INFO:root:8097:XX found first (1, 1) is not 9 1
INFO:root:8097:XX found first (1, 9) is not 5 1
INFO:root:8097:XX found first (2, 3) is not 8 1
INFO:root:8097:XX found first (4, 8) is not 3 1
INFO:root:8097:XX found first (1, 3) is not 9 1
INFO:root:8097:XX found first (1, 4) is not 5 1
INFO:root:8097:XX found first (1, 3) is not 8 1
INFO:root:8097:XX found first (4, 1) is not 9 1
INFO:root:8097:XX found first (2, 9) is not 8 1
INFO:root:8097:XX found first (5, 6) is not 5 1
INFO:root:8109:Early exit from checkSmall1
INFO:root:8119:Starting Step 6
INFO:root:8656:Current state [[[[1, 2, 4], [7], [1, 2], [9], [4, 5], [3], [1, 2, 4], [6], [2, 4, 8]], [[3, 4, 6, 9], [3, 4, 6, 8], [3, 9], [1], [7], [2], [3, 4], [3, 8], [5]], [[1, 2, 3, 4, 6], [1, 2, 3, 4, 6, 8], [5], [4, 8], [4, 6], [4, 6], [7], [1, 2, 3, 8], [9]], [[3, 4, 5], [3, 4, 5], [7], [2], [8], [4, 5, 6], [3, 6], [9], [1]], [[2, 3, 5, 9], [2, 3, 5], [6], [3, 5], [1], [7], [8], [4], [2, 3]], [[8], [1, 2, 3, 4], [1, 2, 3, 9], [3, 4], [3, 4, 6], [4, 6, 9], [5], [7], [2, 3, 6]], [[7], [1, 2, 3, 5, 6], [4], [3, 5], [2, 3, 5], [1, 5], [9], [1, 2, 3, 8], [2, 3, 6, 8]], [[1, 2, 3, 5, 6], [1, 2, 3, 5, 6], [1, 2, 3], [7], [9], [8], [1, 2, 3, 4, 6], [1, 2, 3], [2, 3, 4, 6]], [[1, 2, 3], [9], [8], [6], [2, 3, 4], [1, 4], [1, 2, 3, 4], [5], [7]]]]
INFO:root:8656:Doing checkSmall1
INFO:root:8656:Getting tiny MUSes, distance 1, for 146 puzlits, 1 repeats
INFO:root:8691:Chunked 146 in [10, 10, 9, 9, 9, 9, 9, 9, 9, 9, 9, 9, 9, 9, 9, 9]
INFO:root:8727:XX found first (5, 1) is 9 1
INFO:root:8727:XX found first (6, 6) is 9 1
INFO:root:8727:XX found first (1, 5) is 5 1
INFO:root:8727:XX found first (1, 9) is 8 1
INFO:root:8727:XX found first (3, 4) is 8 1
INFO:root:8739:Early exit from checkSmall1
INFO:root:8760:Starting Step 7
INFO:root:9305:Current state [[[[1, 2, 4], [7], [1, 2], [9], [5], [3], [1, 2, 4], [6], [8]], [[3, 4, 6, 9], [3, 4, 6, 8], [3, 9], [1], [7], [2], [3, 4], [3, 8], [5]], [[1, 2, 3, 4, 6], [1, 2, 3, 4, 6, 8], [5], [8], [4, 6], [4, 6], [7], [1, 2, 3, 8], [9]], [[3, 4, 5], [3, 4, 5], [7], [2], [8], [4, 5, 6], [3, 6], [9], [1]], [[9], [2, 3, 5], [6], [3, 5], [1], [7], [8], [4], [2, 3]], [[8], [1, 2, 3, 4], [1, 2, 3, 9], [3, 4], [3, 4, 6], [9], [5], [7], [2, 3, 6]], [[7], [1, 2, 3, 5, 6], [4], [3, 5], [2, 3, 5], [1, 5], [9], [1, 2, 3, 8], [2, 3, 6, 8]], [[1, 2, 3, 5, 6], [1, 2, 3, 5, 6], [1, 2, 3], [7], [9], [8], [1, 2, 3, 4, 6], [1, 2, 3], [2, 3, 4, 6]], [[1, 2, 3], [9], [8], [6], [2, 3, 4], [1, 4], [1, 2, 3, 4], [5], [7]]]]
INFO:root:9306:Doing checkSmall1
INFO:root:9306:Getting tiny MUSes, distance 1, for 141 puzlits, 1 repeats
INFO:root:9341:Chunked 141 in [9, 9, 9, 9, 9, 9, 9, 9, 9, 9, 9, 9, 9, 8, 8, 8]
INFO:root:9378:XX found first (3, 2) is not 8 1
INFO:root:9378:XX found first (7, 5) is not 5 1
INFO:root:9379:XX found first (6, 3) is not 9 1
INFO:root:9379:XX found first (5, 1) is not 3 1
INFO:root:9379:XX found first (1, 9) is not 2 1
INFO:root:9379:XX found first (5, 1) is not 5 1
INFO:root:9379:XX found first (1, 9) is not 4 1
INFO:root:9379:XX found first (1, 5) is not 4 1
INFO:root:9379:XX found first (7, 9) is not 8 1
INFO:root:9379:XX found first (6, 6) is not 6 1
INFO:root:9379:XX found first (6, 6) is not 4 1
INFO:root:9379:XX found first (5, 1) is not 2 1
INFO:root:9379:XX found first (2, 1) is not 9 1
INFO:root:9379:XX found first (2, 8) is not 8 1
INFO:root:9379:XX found first (3, 8) is not 8 1
INFO:root:9379:XX found first (3, 4) is not 4 1
INFO:root:9392:Early exit from checkSmall1
INFO:root:9401:Starting Step 8
INFO:root:9952:Current state [[[[1, 2, 4], [7], [1, 2], [9], [5], [3], [1, 2, 4], [6], [8]], [[3, 4, 6], [3, 4, 6, 8], [3, 9], [1], [7], [2], [3, 4], [3], [5]], [[1, 2, 3, 4, 6], [1, 2, 3, 4, 6], [5], [8], [4, 6], [4, 6], [7], [1, 2, 3], [9]], [[3, 4, 5], [3, 4, 5], [7], [2], [8], [4, 5, 6], [3, 6], [9], [1]], [[9], [2, 3, 5], [6], [3, 5], [1], [7], [8], [4], [2, 3]], [[8], [1, 2, 3, 4], [1, 2, 3], [3, 4], [3, 4, 6], [9], [5], [7], [2, 3, 6]], [[7], [1, 2, 3, 5, 6], [4], [3, 5], [2, 3], [1, 5], [9], [1, 2, 3, 8], [2, 3, 6]], [[1, 2, 3, 5, 6], [1, 2, 3, 5, 6], [1, 2, 3], [7], [9], [8], [1, 2, 3, 4, 6], [1, 2, 3], [2, 3, 4, 6]], [[1, 2, 3], [9], [8], [6], [2, 3, 4], [1, 4], [1, 2, 3, 4], [5], [7]]]]
INFO:root:9952:Doing checkSmall1
INFO:root:9952:Getting tiny MUSes, distance 1, for 125 puzlits, 1 repeats
INFO:root:9987:Chunked 125 in [8, 8, 8, 8, 8, 8, 8, 8, 8, 8, 8, 8, 8, 7, 7, 7]
INFO:root:10017:XX found first (2, 8) is 3 1
INFO:root:10017:XX found first (7, 8) is 8 1
INFO:root:10017:XX found first (2, 3) is 9 1
INFO:root:10017:XX found first (2, 2) is 8 1
INFO:root:10017:XX found first (8, 9) is 4 1
INFO:root:10017:XX found first (6, 4) is 4 1
INFO:root:10029:Early exit from checkSmall1
INFO:root:10054:Starting Step 9
INFO:root:10609:Current state [[[[1, 2, 4], [7], [1, 2], [9], [5], [3], [1, 2, 4], [6], [8]], [[3, 4, 6], [8], [9], [1], [7], [2], [3, 4], [3], [5]], [[1, 2, 3, 4, 6], [1, 2, 3, 4, 6], [5], [8], [4, 6], [4, 6], [7], [1, 2, 3], [9]], [[3, 4, 5], [3, 4, 5], [7], [2], [8], [4, 5, 6], [3, 6], [9], [1]], [[9], [2, 3, 5], [6], [3, 5], [1], [7], [8], [4], [2, 3]], [[8], [1, 2, 3, 4], [1, 2, 3], [4], [3, 4, 6], [9], [5], [7], [2, 3, 6]], [[7], [1, 2, 3, 5, 6], [4], [3, 5], [2, 3], [1, 5], [9], [8], [2, 3, 6]], [[1, 2, 3, 5, 6], [1, 2, 3, 5, 6], [1, 2, 3], [7], [9], [8], [1, 2, 3, 4, 6], [1, 2, 3], [4]], [[1, 2, 3], [9], [8], [6], [2, 3, 4], [1, 4], [1, 2, 3, 4], [5], [7]]]]
INFO:root:10609:Doing checkSmall1
INFO:root:10609:Getting tiny MUSes, distance 1, for 119 puzlits, 1 repeats
INFO:root:10645:Chunked 119 in [8, 8, 8, 8, 8, 8, 8, 7, 7, 7, 7, 7, 7, 7, 7, 7]
INFO:root:10677:XX found first (2, 2) is not 6 1
INFO:root:10677:XX found first (2, 7) is not 3 1
INFO:root:10677:XX found first (8, 9) is not 2 1
INFO:root:10677:XX found first (8, 7) is not 4 1
INFO:root:10677:XX found first (7, 8) is not 2 1
INFO:root:10677:XX found first (2, 3) is not 3 1
INFO:root:10677:XX found first (2, 1) is not 3 1
INFO:root:10677:XX found first (8, 8) is not 3 1
INFO:root:10677:XX found first (7, 8) is not 1 1
INFO:root:10677:XX found first (3, 8) is not 3 1
INFO:root:10678:XX found first (6, 2) is not 4 1
INFO:root:10678:XX found first (8, 9) is not 3 1
INFO:root:10678:XX found first (2, 2) is not 4 1
INFO:root:10678:XX found first (2, 2) is not 3 1
INFO:root:10678:XX found first (8, 9) is not 6 1
INFO:root:10678:XX found first (9, 7) is not 4 1
INFO:root:10678:XX found first (6, 4) is not 3 1
INFO:root:10678:XX found first (7, 8) is not 3 1
INFO:root:10678:XX found first (4, 6) is not 4 1
INFO:root:10678:XX found first (6, 5) is not 4 1
INFO:root:10690:Early exit from checkSmall1
INFO:root:10700:Starting Step 10
INFO:root:11265:Current state [[[[1, 2, 4], [7], [1, 2], [9], [5], [3], [1, 2, 4], [6], [8]], [[4, 6], [8], [9], [1], [7], [2], [4], [3], [5]], [[1, 2, 3, 4, 6], [1, 2, 3, 4, 6], [5], [8], [4, 6], [4, 6], [7], [1, 2], [9]], [[3, 4, 5], [3, 4, 5], [7], [2], [8], [5, 6], [3, 6], [9], [1]], [[9], [2, 3, 5], [6], [3, 5], [1], [7], [8], [4], [2, 3]], [[8], [1, 2, 3], [1, 2, 3], [4], [3, 6], [9], [5], [7], [2, 3, 6]], [[7], [1, 2, 3, 5, 6], [4], [3, 5], [2, 3], [1, 5], [9], [8], [2, 3, 6]], [[1, 2, 3, 5, 6], [1, 2, 3, 5, 6], [1, 2, 3], [7], [9], [8], [1, 2, 3, 6], [1, 2], [4]], [[1, 2, 3], [9], [8], [6], [2, 3, 4], [1, 4], [1, 2, 3], [5], [7]]]]
INFO:root:11265:Doing checkSmall1
INFO:root:11265:Getting tiny MUSes, distance 1, for 99 puzlits, 1 repeats
INFO:root:11300:Chunked 99 in [7, 7, 7, 6, 6, 6, 6, 6, 6, 6, 6, 6, 6, 6, 6, 6]
INFO:root:11323:XX found first (2, 1) is 6 1
INFO:root:11323:XX found first (2, 7) is 4 1
INFO:root:11336:Early exit from checkSmall1
INFO:root:11348:Starting Step 11
INFO:root:11925:Current state [[[[1, 2, 4], [7], [1, 2], [9], [5], [3], [1, 2, 4], [6], [8]], [[6], [8], [9], [1], [7], [2], [4], [3], [5]], [[1, 2, 3, 4, 6], [1, 2, 3, 4, 6], [5], [8], [4, 6], [4, 6], [7], [1, 2], [9]], [[3, 4, 5], [3, 4, 5], [7], [2], [8], [5, 6], [3, 6], [9], [1]], [[9], [2, 3, 5], [6], [3, 5], [1], [7], [8], [4], [2, 3]], [[8], [1, 2, 3], [1, 2, 3], [4], [3, 6], [9], [5], [7], [2, 3, 6]], [[7], [1, 2, 3, 5, 6], [4], [3, 5], [2, 3], [1, 5], [9], [8], [2, 3, 6]], [[1, 2, 3, 5, 6], [1, 2, 3, 5, 6], [1, 2, 3], [7], [9], [8], [1, 2, 3, 6], [1, 2], [4]], [[1, 2, 3], [9], [8], [6], [2, 3, 4], [1, 4], [1, 2, 3], [5], [7]]]]
INFO:root:11925:Doing checkSmall1
INFO:root:11925:Getting tiny MUSes, distance 1, for 97 puzlits, 1 repeats
INFO:root:11961:Chunked 97 in [7, 6, 6, 6, 6, 6, 6, 6, 6, 6, 6, 6, 6, 6, 6, 6]
INFO:root:11985:XX found first (3, 1) is not 6 1
INFO:root:11985:XX found first (2, 1) is not 4 1
INFO:root:11985:XX found first (3, 2) is not 6 1
INFO:root:11985:XX found first (8, 1) is not 6 1
INFO:root:11985:XX found first (1, 7) is not 4 1
INFO:root:11997:Early exit from checkSmall1
INFO:root:12006:Starting Step 12
INFO:root:12589:Current state [[[[1, 2, 4], [7], [1, 2], [9], [5], [3], [1, 2], [6], [8]], [[6], [8], [9], [1], [7], [2], [4], [3], [5]], [[1, 2, 3, 4], [1, 2, 3, 4], [5], [8], [4, 6], [4, 6], [7], [1, 2], [9]], [[3, 4, 5], [3, 4, 5], [7], [2], [8], [5, 6], [3, 6], [9], [1]], [[9], [2, 3, 5], [6], [3, 5], [1], [7], [8], [4], [2, 3]], [[8], [1, 2, 3], [1, 2, 3], [4], [3, 6], [9], [5], [7], [2, 3, 6]], [[7], [1, 2, 3, 5, 6], [4], [3, 5], [2, 3], [1, 5], [9], [8], [2, 3, 6]], [[1, 2, 3, 5], [1, 2, 3, 5, 6], [1, 2, 3], [7], [9], [8], [1, 2, 3, 6], [1, 2], [4]], [[1, 2, 3], [9], [8], [6], [2, 3, 4], [1, 4], [1, 2, 3], [5], [7]]]]
INFO:root:12589:Doing checkSmall1
INFO:root:12589:Getting tiny MUSes, distance 1, for 92 puzlits, 1 repeats
INFO:root:12625:Chunked 92 in [6, 6, 6, 6, 6, 6, 6, 6, 6, 6, 6, 6, 5, 5, 5, 5]
INFO:root:12651:XX found first (1, 1) is 4 1
INFO:root:12663:Early exit from checkSmall1
INFO:root:12674:Starting Step 13
INFO:root:13251:Current state [[[[4], [7], [1, 2], [9], [5], [3], [1, 2], [6], [8]], [[6], [8], [9], [1], [7], [2], [4], [3], [5]], [[1, 2, 3, 4], [1, 2, 3, 4], [5], [8], [4, 6], [4, 6], [7], [1, 2], [9]], [[3, 4, 5], [3, 4, 5], [7], [2], [8], [5, 6], [3, 6], [9], [1]], [[9], [2, 3, 5], [6], [3, 5], [1], [7], [8], [4], [2, 3]], [[8], [1, 2, 3], [1, 2, 3], [4], [3, 6], [9], [5], [7], [2, 3, 6]], [[7], [1, 2, 3, 5, 6], [4], [3, 5], [2, 3], [1, 5], [9], [8], [2, 3, 6]], [[1, 2, 3, 5], [1, 2, 3, 5, 6], [1, 2, 3], [7], [9], [8], [1, 2, 3, 6], [1, 2], [4]], [[1, 2, 3], [9], [8], [6], [2, 3, 4], [1, 4], [1, 2, 3], [5], [7]]]]
INFO:root:13251:Doing checkSmall1
INFO:root:13251:Getting tiny MUSes, distance 1, for 91 puzlits, 1 repeats
INFO:root:13286:Chunked 91 in [6, 6, 6, 6, 6, 6, 6, 6, 6, 6, 6, 5, 5, 5, 5, 5]
INFO:root:13309:XX found first (1, 1) is not 2 1
INFO:root:13309:XX found first (4, 1) is not 4 1
INFO:root:13309:XX found first (3, 2) is not 4 1
INFO:root:13309:XX found first (1, 1) is not 1 1
INFO:root:13309:XX found first (3, 1) is not 4 1
INFO:root:13321:Early exit from checkSmall1
INFO:root:13330:Starting Step 14
INFO:root:13907:Current state [[[[4], [7], [1, 2], [9], [5], [3], [1, 2], [6], [8]], [[6], [8], [9], [1], [7], [2], [4], [3], [5]], [[1, 2, 3], [1, 2, 3], [5], [8], [4, 6], [4, 6], [7], [1, 2], [9]], [[3, 5], [3, 4, 5], [7], [2], [8], [5, 6], [3, 6], [9], [1]], [[9], [2, 3, 5], [6], [3, 5], [1], [7], [8], [4], [2, 3]], [[8], [1, 2, 3], [1, 2, 3], [4], [3, 6], [9], [5], [7], [2, 3, 6]], [[7], [1, 2, 3, 5, 6], [4], [3, 5], [2, 3], [1, 5], [9], [8], [2, 3, 6]], [[1, 2, 3, 5], [1, 2, 3, 5, 6], [1, 2, 3], [7], [9], [8], [1, 2, 3, 6], [1, 2], [4]], [[1, 2, 3], [9], [8], [6], [2, 3, 4], [1, 4], [1, 2, 3], [5], [7]]]]
INFO:root:13907:Doing checkSmall1
INFO:root:13907:Getting tiny MUSes, distance 1, for 86 puzlits, 1 repeats
INFO:root:13943:Chunked 86 in [6, 6, 6, 6, 6, 6, 5, 5, 5, 5, 5, 5, 5, 5, 5, 5]
INFO:root:13966:XX found first (4, 2) is 4 1
INFO:root:13978:Early exit from checkSmall1
INFO:root:13989:Starting Step 15
INFO:root:14576:Current state [[[[4], [7], [1, 2], [9], [5], [3], [1, 2], [6], [8]], [[6], [8], [9], [1], [7], [2], [4], [3], [5]], [[1, 2, 3], [1, 2, 3], [5], [8], [4, 6], [4, 6], [7], [1, 2], [9]], [[3, 5], [4], [7], [2], [8], [5, 6], [3, 6], [9], [1]], [[9], [2, 3, 5], [6], [3, 5], [1], [7], [8], [4], [2, 3]], [[8], [1, 2, 3], [1, 2, 3], [4], [3, 6], [9], [5], [7], [2, 3, 6]], [[7], [1, 2, 3, 5, 6], [4], [3, 5], [2, 3], [1, 5], [9], [8], [2, 3, 6]], [[1, 2, 3, 5], [1, 2, 3, 5, 6], [1, 2, 3], [7], [9], [8], [1, 2, 3, 6], [1, 2], [4]], [[1, 2, 3], [9], [8], [6], [2, 3, 4], [1, 4], [1, 2, 3], [5], [7]]]]
INFO:root:14576:Doing checkSmall1
INFO:root:14576:Getting tiny MUSes, distance 1, for 85 puzlits, 1 repeats
INFO:root:14612:Chunked 85 in [6, 6, 6, 6, 6, 5, 5, 5, 5, 5, 5, 5, 5, 5, 5, 5]
INFO:root:14632:XX found first (4, 2) is not 3 1
INFO:root:14633:XX found first (4, 2) is not 5 1
INFO:root:14644:Early exit from checkSmall1
INFO:root:14653:Starting Step 16
INFO:root:15231:Current state [[[[4], [7], [1, 2], [9], [5], [3], [1, 2], [6], [8]], [[6], [8], [9], [1], [7], [2], [4], [3], [5]], [[1, 2, 3], [1, 2, 3], [5], [8], [4, 6], [4, 6], [7], [1, 2], [9]], [[3, 5], [4], [7], [2], [8], [5, 6], [3, 6], [9], [1]], [[9], [2, 3, 5], [6], [3, 5], [1], [7], [8], [4], [2, 3]], [[8], [1, 2, 3], [1, 2, 3], [4], [3, 6], [9], [5], [7], [2, 3, 6]], [[7], [1, 2, 3, 5, 6], [4], [3, 5], [2, 3], [1, 5], [9], [8], [2, 3, 6]], [[1, 2, 3, 5], [1, 2, 3, 5, 6], [1, 2, 3], [7], [9], [8], [1, 2, 3, 6], [1, 2], [4]], [[1, 2, 3], [9], [8], [6], [2, 3, 4], [1, 4], [1, 2, 3], [5], [7]]]]
INFO:root:15231:Doing checkSmall1
INFO:root:15231:Getting tiny MUSes, distance 1, for 83 puzlits, 1 repeats
INFO:root:15266:Chunked 83 in [6, 6, 6, 5, 5, 5, 5, 5, 5, 5, 5, 5, 5, 5, 5, 5]
INFO:root:15335:Considering 100 * 83 jobs for minsize=3
INFO:root:15351:Chunked 8300 in [519, 519, 519, 519, 519, 519, 519, 519, 519, 519, 519, 519, 518, 518, 518, 518]
INFO:root:1701987:Considering 100 * 83 jobs for minsize=4
INFO:root:1702065:Chunked 8300 in [519, 519, 519, 519, 519, 519, 519, 519, 519, 519, 519, 519, 518, 518, 518, 518]
INFO:root:3585085:!! Found smaller !!!! 3 4
INFO:root:3585085:XX found first (7, 9) is not 2 3
INFO:root:3585085:!! Found smaller !!!! 3 4
INFO:root:3585085:XX add new best (7, 9) is not 2 3 3
INFO:root:3585085:!! Found smaller !!!! 3 4
INFO:root:3585085:XX found first (7, 2) is not 5 3
INFO:root:3585085:!! Found smaller !!!! 3 4
INFO:root:3585086:XX add new best (7, 9) is not 2 3 3
INFO:root:3585086:!! Found smaller !!!! 3 4
INFO:root:3585086:XX add new best (7, 2) is not 5 3 3
INFO:root:3585086:!! Found smaller !!!! 3 4
INFO:root:3585086:XX add new best (7, 9) is not 2 3 3
INFO:root:3585086:!! Found smaller !!!! 3 4
INFO:root:3585086:XX add new best (7, 9) is not 2 3 3
INFO:root:3585086:!! Found smaller !!!! 3 4
INFO:root:3585086:XX add new best (7, 2) is not 5 3 3
INFO:root:3585086:!! Found smaller !!!! 3 4
INFO:root:3585086:XX add new best (7, 9) is not 2 3 3
INFO:root:3585086:!! Found smaller !!!! 3 4
INFO:root:3585086:XX add new best (7, 2) is not 5 3 3
INFO:root:3585086:!! Found smaller !!!! 3 4
INFO:root:3585086:XX add new best (7, 9) is not 2 3 3
INFO:root:3585086:!! Found smaller !!!! 3 4
INFO:root:3585087:XX add new best (7, 2) is not 5 3 3
INFO:root:3585087:!! Found smaller !!!! 3 4
INFO:root:3585087:XX add new best (7, 2) is not 5 3 3
INFO:root:3585087:!! Found smaller !!!! 3 4
INFO:root:3585087:XX add new best (7, 9) is not 2 3 3
INFO:root:3585087:!! Found smaller !!!! 3 4
INFO:root:3585087:XX add new best (7, 9) is not 2 3 3
INFO:root:3585087:!! Found smaller !!!! 3 4
INFO:root:3585087:XX add new best (7, 9) is not 2 3 3
INFO:root:3585087:!! Found smaller !!!! 3 4
INFO:root:3585087:XX add new best (7, 9) is not 2 3 3
INFO:root:3585087:!! Found smaller !!!! 3 4
INFO:root:3585087:XX add new best (7, 9) is not 2 3 3
INFO:root:3585087:!! Found smaller !!!! 3 4
INFO:root:3585087:XX add new best (7, 2) is not 5 3 3
INFO:root:3585087:!! Found smaller !!!! 3 4
INFO:root:3585088:XX add new best (7, 2) is not 5 3 3
INFO:root:3585088:!! Found smaller !!!! 3 4
INFO:root:3585088:XX add new best (7, 9) is not 2 3 3
INFO:root:3585088:!! Found smaller !!!! 3 4
INFO:root:3585088:XX add new best (7, 2) is not 5 3 3
INFO:root:3585088:!! Found smaller !!!! 3 4
INFO:root:3585088:XX add new best (7, 2) is not 5 3 3
INFO:root:3585088:!! Found smaller !!!! 3 4
INFO:root:3585088:XX add new best (7, 2) is not 5 3 3
INFO:root:3585088:!! Found smaller !!!! 3 4
INFO:root:3585088:XX add new best (7, 2) is not 5 3 3
INFO:root:3585088:!! Found smaller !!!! 3 4
INFO:root:3585088:XX add new best (7, 9) is not 2 3 3
INFO:root:3585088:!! Found smaller !!!! 3 4
INFO:root:3585089:XX add new best (7, 2) is not 5 3 3
INFO:root:3585089:!! Found smaller !!!! 3 4
INFO:root:3585089:XX add new best (7, 9) is not 2 3 3
INFO:root:3585089:!! Found smaller !!!! 3 4
INFO:root:3585089:XX add new best (7, 2) is not 5 3 3
INFO:root:3585089:!! Found smaller !!!! 3 4
INFO:root:3585089:XX add new best (7, 2) is not 5 3 3
INFO:root:3585089:!! Found smaller !!!! 3 4
INFO:root:3585089:XX add new best (7, 9) is not 2 3 3
INFO:root:3585089:!! Found smaller !!!! 3 4
INFO:root:3585089:XX add new best (7, 9) is not 2 3 3
INFO:root:3585089:!! Found smaller !!!! 3 4
INFO:root:3585089:XX add new best (7, 9) is not 2 3 3
INFO:root:3585089:!! Found smaller !!!! 3 4
INFO:root:3585089:XX add new best (7, 9) is not 2 3 3
INFO:root:3585089:!! Found smaller !!!! 3 4
INFO:root:3585090:XX add new best (7, 2) is not 5 3 3
INFO:root:3585090:!! Found smaller !!!! 3 4
INFO:root:3585090:XX add new best (7, 9) is not 2 3 3
INFO:root:3585090:!! Found smaller !!!! 3 4
INFO:root:3585090:XX add new best (7, 2) is not 5 3 3
INFO:root:3585090:!! Found smaller !!!! 3 4
INFO:root:3585090:XX add new best (7, 9) is not 2 3 3
INFO:root:3585090:!! Found smaller !!!! 3 4
INFO:root:3585090:XX add new best (7, 2) is not 5 3 3
INFO:root:3585090:!! Found smaller !!!! 3 4
INFO:root:3585090:XX add new best (7, 2) is not 5 3 3
INFO:root:3585090:!! Found smaller !!!! 3 4
INFO:root:3585090:XX add new best (7, 2) is not 5 3 3
INFO:root:3585090:!! Found smaller !!!! 3 4
INFO:root:3585090:XX add new best (7, 9) is not 2 3 3
INFO:root:3585090:!! Found smaller !!!! 3 4
INFO:root:3585090:XX add new best (7, 9) is not 2 3 3
INFO:root:3585091:!! Found smaller !!!! 3 4
INFO:root:3585091:XX add new best (7, 9) is not 2 3 3
INFO:root:3585091:!! Found smaller !!!! 3 4
INFO:root:3585091:XX add new best (7, 2) is not 5 3 3
INFO:root:3585091:!! Found smaller !!!! 3 4
INFO:root:3585091:XX add new best (7, 9) is not 2 3 3
INFO:root:3585091:!! Found smaller !!!! 3 4
INFO:root:3585091:XX add new best (7, 2) is not 5 3 3
INFO:root:3585091:!! Found smaller !!!! 3 4
INFO:root:3585091:XX add new best (7, 2) is not 5 3 3
INFO:root:3585091:!! Found smaller !!!! 3 4
INFO:root:3585091:XX add new best (7, 9) is not 2 3 3
INFO:root:3585091:!! Found smaller !!!! 3 4
INFO:root:3585091:XX add new best (7, 2) is not 5 3 3
INFO:root:3585091:!! Found smaller !!!! 3 4
INFO:root:3585091:XX add new best (7, 2) is not 5 3 3
INFO:root:3585091:!! Found smaller !!!! 3 4
INFO:root:3585092:XX add new best (7, 9) is not 2 3 3
INFO:root:3585092:!! Found smaller !!!! 3 4
INFO:root:3585092:XX add new best (7, 2) is not 5 3 3
INFO:root:3585092:!! Found smaller !!!! 3 4
INFO:root:3585092:XX add new best (7, 2) is not 5 3 3
INFO:root:3585092:!! Found smaller !!!! 3 4
INFO:root:3585092:XX add new best (7, 2) is not 5 3 3
INFO:root:3585092:!! Found smaller !!!! 3 4
INFO:root:3585092:XX add new best (7, 9) is not 2 3 3
INFO:root:3585092:!! Found smaller !!!! 3 4
INFO:root:3585092:XX add new best (7, 9) is not 2 3 3
INFO:root:3585092:!! Found smaller !!!! 3 4
INFO:root:3585092:XX add new best (7, 2) is not 5 3 3
INFO:root:3585092:!! Found smaller !!!! 3 4
INFO:root:3585092:XX add new best (7, 2) is not 5 3 3
INFO:root:3585092:!! Found smaller !!!! 3 4
INFO:root:3585092:XX add new best (7, 9) is not 2 3 3
INFO:root:3585093:!! Found smaller !!!! 3 4
INFO:root:3585093:XX add new best (7, 2) is not 5 3 3
INFO:root:3585093:!! Found smaller !!!! 3 4
INFO:root:3585093:XX add new best (7, 2) is not 5 3 3
INFO:root:3585093:!! Found smaller !!!! 3 4
INFO:root:3585093:XX add new best (7, 2) is not 5 3 3
INFO:root:3585093:!! Found smaller !!!! 3 4
INFO:root:3585093:XX add new best (7, 9) is not 2 3 3
INFO:root:3585093:!! Found smaller !!!! 3 4
INFO:root:3585093:XX add new best (7, 2) is not 5 3 3
INFO:root:3585093:!! Found smaller !!!! 3 4
INFO:root:3585093:XX add new best (7, 2) is not 5 3 3
INFO:root:3585182:Minimal choices : 2 [(7, 2) is not 5, (7, 9) is not 2]
INFO:root:3585182:Starting Step 17
INFO:root:3585762:Current state [[[[4], [7], [1, 2], [9], [5], [3], [1, 2], [6], [8]], [[6], [8], [9], [1], [7], [2], [4], [3], [5]], [[1, 2, 3], [1, 2, 3], [5], [8], [4, 6], [4, 6], [7], [1, 2], [9]], [[3, 5], [4], [7], [2], [8], [5, 6], [3, 6], [9], [1]], [[9], [2, 3, 5], [6], [3, 5], [1], [7], [8], [4], [2, 3]], [[8], [1, 2, 3], [1, 2, 3], [4], [3, 6], [9], [5], [7], [2, 3, 6]], [[7], [1, 2, 3, 5, 6], [4], [3, 5], [2, 3], [1, 5], [9], [8], [2, 3, 6]], [[1, 2, 3, 5], [1, 2, 3, 5, 6], [1, 2, 3], [7], [9], [8], [1, 2, 6], [1, 2], [4]], [[1, 2, 3], [9], [8], [6], [2, 3, 4], [1, 4], [1, 2, 3], [5], [7]]]]
INFO:root:3585762:Doing checkSmall1
INFO:root:3585762:Getting tiny MUSes, distance 1, for 82 puzlits, 1 repeats
INFO:root:3585799:Chunked 82 in [6, 6, 5, 5, 5, 5, 5, 5, 5, 5, 5, 5, 5, 5, 5, 5]
INFO:root:3585868:Chunked 66 in [5, 5, 4, 4, 4, 4, 4, 4, 4, 4, 4, 4, 4, 4, 4, 4]
INFO:root:3585909:XX found first (7, 9) is not 2 3
INFO:root:3585909:XX found first (7, 2) is not 5 3
INFO:root:3585910:XX add new best (7, 9) is not 2 3 3
INFO:root:3585910:XX add new best (7, 2) is not 5 3 3
INFO:root:3585910:XX add new best (7, 9) is not 2 3 3
INFO:root:3585910:XX add new best (7, 2) is not 5 3 3
INFO:root:3585910:XX add new best (7, 9) is not 2 3 3
INFO:root:3585910:XX add new best (7, 9) is not 2 3 3
INFO:root:3585910:XX add new best (7, 9) is not 2 3 3
INFO:root:3585910:XX add new best (7, 9) is not 2 3 3
INFO:root:3585910:XX add new best (7, 2) is not 5 3 3
INFO:root:3585910:XX add new best (7, 9) is not 2 3 3
INFO:root:3585910:XX add new best (7, 9) is not 2 3 3
INFO:root:3585910:XX add new best (7, 9) is not 2 3 3
INFO:root:3585910:XX add new best (7, 2) is not 5 3 3
INFO:root:3585910:XX add new best (7, 2) is not 5 3 3
INFO:root:3585911:XX add new best (7, 9) is not 2 3 3
INFO:root:3585911:XX add new best (7, 9) is not 2 3 3
INFO:root:3585911:XX add new best (7, 9) is not 2 3 3
INFO:root:3585911:XX add new best (7, 9) is not 2 3 3
INFO:root:3585911:XX add new best (7, 2) is not 5 3 3
INFO:root:3585911:XX add new best (7, 2) is not 5 3 3
INFO:root:3585911:XX add new best (7, 9) is not 2 3 3
INFO:root:3585911:XX add new best (7, 2) is not 5 3 3
INFO:root:3585911:XX add new best (7, 9) is not 2 3 3
INFO:root:3585911:XX add new best (7, 2) is not 5 3 3
INFO:root:3585911:XX add new best (7, 2) is not 5 3 3
INFO:root:3585911:XX add new best (7, 2) is not 5 3 3
INFO:root:3585911:XX add new best (7, 2) is not 5 3 3
INFO:root:3585911:XX add new best (7, 2) is not 5 3 3
INFO:root:3585912:XX add new best (7, 2) is not 5 3 3
INFO:root:3585912:XX add new best (7, 2) is not 5 3 3
INFO:root:3585912:XX add new best (7, 9) is not 2 3 3
INFO:root:3585912:XX add new best (7, 2) is not 5 3 3
INFO:root:3585912:XX add new best (7, 9) is not 2 3 3
INFO:root:3585912:XX add new best (7, 2) is not 5 3 3
INFO:root:3585912:XX add new best (7, 2) is not 5 3 3
INFO:root:3585912:XX add new best (7, 2) is not 5 3 3
INFO:root:3585912:XX add new best (7, 9) is not 2 3 3
INFO:root:3585912:XX add new best (7, 2) is not 5 3 3
INFO:root:3585912:XX add new best (7, 2) is not 5 3 3
INFO:root:3585912:XX add new best (7, 9) is not 2 3 3
INFO:root:3585912:XX add new best (7, 9) is not 2 3 3
INFO:root:3585912:XX add new best (7, 2) is not 5 3 3
INFO:root:3585912:XX add new best (7, 2) is not 5 3 3
INFO:root:3585913:XX add new best (7, 2) is not 5 3 3
INFO:root:3585913:XX add new best (7, 2) is not 5 3 3
INFO:root:3585913:XX add new best (7, 9) is not 2 3 3
INFO:root:3585913:XX add new best (7, 2) is not 5 3 3
INFO:root:3585913:XX add new best (7, 2) is not 5 3 3
INFO:root:3585913:XX add new best (7, 2) is not 5 3 3
INFO:root:3585913:XX add new best (7, 9) is not 2 3 3
INFO:root:3585913:XX add new best (7, 2) is not 5 3 3
INFO:root:3585913:XX add new best (7, 9) is not 2 3 3
INFO:root:3585913:XX add new best (7, 2) is not 5 3 3
INFO:root:3585913:XX add new best (7, 9) is not 2 3 3
INFO:root:3585913:XX add new best (7, 9) is not 2 3 3
INFO:root:3585913:XX add new best (7, 9) is not 2 3 3
INFO:root:3585913:XX add new best (7, 9) is not 2 3 3
INFO:root:3585914:XX add new best (7, 9) is not 2 3 3
INFO:root:3585914:XX add new best (7, 9) is not 2 3 3
INFO:root:3585914:XX add new best (7, 2) is not 5 3 3
INFO:root:3585914:XX add new best (7, 2) is not 5 3 3
INFO:root:3585914:XX add new best (7, 9) is not 2 3 3
INFO:root:3585914:XX add new best (7, 2) is not 5 3 3
INFO:root:3585914:XX add new best (7, 2) is not 5 3 3
INFO:root:3585961:Considering 100 * 82 jobs for minsize=3
INFO:root:3585979:Chunked 8200 in [513, 513, 513, 513, 513, 513, 513, 513, 512, 512, 512, 512, 512, 512, 512, 512]
INFO:root:5281464:Minimal choices : 2 [(7, 2) is not 5, (7, 9) is not 2]
INFO:root:5281465:Starting Step 18
INFO:root:5282046:Current state [[[[4], [7], [1, 2], [9], [5], [3], [1, 2], [6], [8]], [[6], [8], [9], [1], [7], [2], [4], [3], [5]], [[1, 2, 3], [1, 2, 3], [5], [8], [4, 6], [4, 6], [7], [1, 2], [9]], [[3, 5], [4], [7], [2], [8], [5, 6], [3, 6], [9], [1]], [[9], [2, 3, 5], [6], [3, 5], [1], [7], [8], [4], [2]], [[8], [1, 2, 3], [1, 2, 3], [4], [3, 6], [9], [5], [7], [2, 3, 6]], [[7], [1, 2, 3, 5, 6], [4], [3, 5], [2, 3], [1, 5], [9], [8], [2, 3, 6]], [[1, 2, 3, 5], [1, 2, 3, 5, 6], [1, 2, 3], [7], [9], [8], [1, 2, 6], [1, 2], [4]], [[1, 2, 3], [9], [8], [6], [2, 3, 4], [1, 4], [1, 2, 3], [5], [7]]]]
INFO:root:5282046:Doing checkSmall1
INFO:root:5282046:Getting tiny MUSes, distance 1, for 81 puzlits, 1 repeats
INFO:root:5282083:Chunked 81 in [6, 5, 5, 5, 5, 5, 5, 5, 5, 5, 5, 5, 5, 5, 5, 5]
INFO:root:5282104:XX found first (5, 9) is 2 1
INFO:root:5282116:Early exit from checkSmall1
INFO:root:5282128:Starting Step 19
INFO:root:5282711:Current state [[[[4], [7], [1, 2], [9], [5], [3], [1, 2], [6], [8]], [[6], [8], [9], [1], [7], [2], [4], [3], [5]], [[1, 2, 3], [1, 2, 3], [5], [8], [4, 6], [4, 6], [7], [1, 2], [9]], [[3, 5], [4], [7], [2], [8], [5, 6], [3, 6], [9], [1]], [[9], [2, 3, 5], [6], [3, 5], [1], [7], [8], [4], [2]], [[8], [1, 2, 3], [1, 2, 3], [4], [3, 6], [9], [5], [7], [2, 3, 6]], [[7], [1, 2, 3, 5, 6], [4], [3, 5], [2, 3], [1, 5], [9], [8], [2, 3, 6]], [[1, 2, 3, 5], [1, 2, 3, 5, 6], [1, 2, 3], [7], [9], [8], [1, 2, 6], [1, 2], [4]], [[1, 2, 3], [9], [8], [6], [2, 3, 4], [1, 4], [1, 2, 3], [5], [7]]]]
INFO:root:5282711:Doing checkSmall1
INFO:root:5282711:Getting tiny MUSes, distance 1, for 80 puzlits, 1 repeats
INFO:root:5282747:Chunked 80 in [5, 5, 5, 5, 5, 5, 5, 5, 5, 5, 5, 5, 5, 5, 5, 5]
INFO:root:5282770:XX found first (5, 2) is not 2 1
INFO:root:5282770:XX found first (6, 9) is not 2 1
INFO:root:5282770:XX found first (7, 9) is not 2 1
INFO:root:5282783:Early exit from checkSmall1
INFO:root:5282792:Starting Step 20
INFO:root:5283377:Current state [[[[4], [7], [1, 2], [9], [5], [3], [1, 2], [6], [8]], [[6], [8], [9], [1], [7], [2], [4], [3], [5]], [[1, 2, 3], [1, 2, 3], [5], [8], [4, 6], [4, 6], [7], [1, 2], [9]], [[3, 5], [4], [7], [2], [8], [5, 6], [3, 6], [9], [1]], [[9], [3, 5], [6], [3, 5], [1], [7], [8], [4], [2]], [[8], [1, 2, 3], [1, 2, 3], [4], [3, 6], [9], [5], [7], [3, 6]], [[7], [1, 2, 3, 5, 6], [4], [3, 5], [2, 3], [1, 5], [9], [8], [3, 6]], [[1, 2, 3, 5], [1, 2, 3, 5, 6], [1, 2, 3], [7], [9], [8], [1, 2, 6], [1, 2], [4]], [[1, 2, 3], [9], [8], [6], [2, 3, 4], [1, 4], [1, 2, 3], [5], [7]]]]
INFO:root:5283377:Doing checkSmall1
INFO:root:5283377:Getting tiny MUSes, distance 1, for 77 puzlits, 1 repeats
INFO:root:5283413:Chunked 77 in [5, 5, 5, 5, 5, 5, 5, 5, 5, 5, 5, 5, 5, 4, 4, 4]
INFO:root:5283482:Chunked 35 in [3, 3, 3, 2, 2, 2, 2, 2, 2, 2, 2, 2, 2, 2, 2, 2]
INFO:root:5283504:XX found first (7, 2) is not 5 3
INFO:root:5283504:XX add new best (7, 2) is not 5 3 3
INFO:root:5283504:XX add new best (7, 2) is not 5 3 3
INFO:root:5283504:XX add new best (7, 2) is not 5 3 3
INFO:root:5283505:XX add new best (7, 2) is not 5 3 3
INFO:root:5283505:XX add new best (7, 2) is not 5 3 3
INFO:root:5283505:XX add new best (7, 2) is not 5 3 3
INFO:root:5283505:XX add new best (7, 2) is not 5 3 3
INFO:root:5283505:XX add new best (7, 2) is not 5 3 3
INFO:root:5283505:XX add new best (7, 2) is not 5 3 3
INFO:root:5283505:XX add new best (7, 2) is not 5 3 3
INFO:root:5283505:XX add new best (7, 2) is not 5 3 3
INFO:root:5283505:XX add new best (7, 2) is not 5 3 3
INFO:root:5283505:XX add new best (7, 2) is not 5 3 3
INFO:root:5283505:XX add new best (7, 2) is not 5 3 3
INFO:root:5283505:XX add new best (7, 2) is not 5 3 3
INFO:root:5283505:XX add new best (7, 2) is not 5 3 3
INFO:root:5283506:XX add new best (7, 2) is not 5 3 3
INFO:root:5283506:XX add new best (7, 2) is not 5 3 3
INFO:root:5283506:XX add new best (7, 2) is not 5 3 3
INFO:root:5283506:XX add new best (7, 2) is not 5 3 3
INFO:root:5283506:XX add new best (7, 2) is not 5 3 3
INFO:root:5283506:XX add new best (7, 2) is not 5 3 3
INFO:root:5283506:XX add new best (7, 2) is not 5 3 3
INFO:root:5283506:XX add new best (7, 2) is not 5 3 3
INFO:root:5283506:XX add new best (7, 2) is not 5 3 3
INFO:root:5283506:XX add new best (7, 2) is not 5 3 3
INFO:root:5283506:XX add new best (7, 2) is not 5 3 3
INFO:root:5283506:XX add new best (7, 2) is not 5 3 3
INFO:root:5283506:XX add new best (7, 2) is not 5 3 3
INFO:root:5283506:XX add new best (7, 2) is not 5 3 3
INFO:root:5283507:XX add new best (7, 2) is not 5 3 3
INFO:root:5283507:XX add new best (7, 2) is not 5 3 3
INFO:root:5283507:XX add new best (7, 2) is not 5 3 3
INFO:root:5283507:XX add new best (7, 2) is not 5 3 3
INFO:root:5283556:Considering 100 * 77 jobs for minsize=3
INFO:root:5283573:Chunked 7700 in [482, 482, 482, 482, 481, 481, 481, 481, 481, 481, 481, 481, 481, 481, 481, 481]
INFO:root:6963644:Minimal choices : 1 [(7, 2) is not 5]
INFO:root:6963644:Starting Step 21
INFO:root:6964228:Current state [[[[4], [7], [1, 2], [9], [5], [3], [1, 2], [6], [8]], [[6], [8], [9], [1], [7], [2], [4], [3], [5]], [[1, 2, 3], [1, 2, 3], [5], [8], [4, 6], [4, 6], [7], [1, 2], [9]], [[3, 5], [4], [7], [2], [8], [5, 6], [3, 6], [9], [1]], [[9], [3, 5], [6], [3, 5], [1], [7], [8], [4], [2]], [[8], [1, 2], [1, 2, 3], [4], [3, 6], [9], [5], [7], [3, 6]], [[7], [1, 2, 3, 5, 6], [4], [3, 5], [2, 3], [1, 5], [9], [8], [3, 6]], [[1, 2, 3, 5], [1, 2, 3, 5, 6], [1, 2, 3], [7], [9], [8], [1, 2, 6], [1, 2], [4]], [[1, 2, 3], [9], [8], [6], [2, 3, 4], [1, 4], [1, 2, 3], [5], [7]]]]
INFO:root:6964228:Doing checkSmall1
INFO:root:6964228:Getting tiny MUSes, distance 1, for 76 puzlits, 1 repeats
INFO:root:6964265:Chunked 76 in [5, 5, 5, 5, 5, 5, 5, 5, 5, 5, 5, 5, 4, 4, 4, 4]
INFO:root:6964336:Chunked 35 in [3, 3, 3, 2, 2, 2, 2, 2, 2, 2, 2, 2, 2, 2, 2, 2]
INFO:root:6964358:XX found first (7, 2) is not 5 3
INFO:root:6964358:XX add new best (7, 2) is not 5 3 3
INFO:root:6964358:XX add new best (7, 2) is not 5 3 3
INFO:root:6964358:XX add new best (7, 2) is not 5 3 3
INFO:root:6964358:XX add new best (7, 2) is not 5 3 3
INFO:root:6964358:XX add new best (7, 2) is not 5 3 3
INFO:root:6964359:XX add new best (7, 2) is not 5 3 3
INFO:root:6964359:XX add new best (7, 2) is not 5 3 3
INFO:root:6964359:XX add new best (7, 2) is not 5 3 3
INFO:root:6964359:XX add new best (7, 2) is not 5 3 3
INFO:root:6964359:XX add new best (7, 2) is not 5 3 3
INFO:root:6964359:XX add new best (7, 2) is not 5 3 3
INFO:root:6964359:XX add new best (7, 2) is not 5 3 3
INFO:root:6964359:XX add new best (7, 2) is not 5 3 3
INFO:root:6964359:XX add new best (7, 2) is not 5 3 3
INFO:root:6964359:XX add new best (7, 2) is not 5 3 3
INFO:root:6964359:XX add new best (7, 2) is not 5 3 3
INFO:root:6964359:XX add new best (7, 2) is not 5 3 3
INFO:root:6964359:XX add new best (7, 2) is not 5 3 3
INFO:root:6964359:XX add new best (7, 2) is not 5 3 3
INFO:root:6964360:XX add new best (7, 2) is not 5 3 3
INFO:root:6964360:XX add new best (7, 2) is not 5 3 3
INFO:root:6964360:XX add new best (7, 2) is not 5 3 3
INFO:root:6964360:XX add new best (7, 2) is not 5 3 3
INFO:root:6964360:XX add new best (7, 2) is not 5 3 3
INFO:root:6964360:XX add new best (7, 2) is not 5 3 3
INFO:root:6964360:XX add new best (7, 2) is not 5 3 3
INFO:root:6964360:XX add new best (7, 2) is not 5 3 3
INFO:root:6964360:XX add new best (7, 2) is not 5 3 3
INFO:root:6964360:XX add new best (7, 2) is not 5 3 3
INFO:root:6964360:XX add new best (7, 2) is not 5 3 3
INFO:root:6964360:XX add new best (7, 2) is not 5 3 3
INFO:root:6964360:XX add new best (7, 2) is not 5 3 3
INFO:root:6964361:XX add new best (7, 2) is not 5 3 3
INFO:root:6964361:XX add new best (7, 2) is not 5 3 3
INFO:root:6964409:Considering 100 * 76 jobs for minsize=3
INFO:root:6964426:Chunked 7600 in [475, 475, 475, 475, 475, 475, 475, 475, 475, 475, 475, 475, 475, 475, 475, 475]
INFO:root:8702242:Minimal choices : 1 [(7, 2) is not 5]
INFO:root:8702243:Starting Step 22
INFO:root:8702835:Current state [[[[4], [7], [1, 2], [9], [5], [3], [1, 2], [6], [8]], [[6], [8], [9], [1], [7], [2], [4], [3], [5]], [[1, 2, 3], [1, 2, 3], [5], [8], [4, 6], [4, 6], [7], [1, 2], [9]], [[3, 5], [4], [7], [2], [8], [5, 6], [3, 6], [9], [1]], [[9], [3, 5], [6], [3, 5], [1], [7], [8], [4], [2]], [[8], [1, 2], [1, 2], [4], [3, 6], [9], [5], [7], [3, 6]], [[7], [1, 2, 3, 5, 6], [4], [3, 5], [2, 3], [1, 5], [9], [8], [3, 6]], [[1, 2, 3, 5], [1, 2, 3, 5, 6], [1, 2, 3], [7], [9], [8], [1, 2, 6], [1, 2], [4]], [[1, 2, 3], [9], [8], [6], [2, 3, 4], [1, 4], [1, 2, 3], [5], [7]]]]
INFO:root:8702835:Doing checkSmall1
INFO:root:8702835:Getting tiny MUSes, distance 1, for 75 puzlits, 1 repeats
INFO:root:8702874:Chunked 75 in [5, 5, 5, 5, 5, 5, 5, 5, 5, 5, 5, 4, 4, 4, 4, 4]
INFO:root:8702898:XX found first (8, 3) is 3 1
INFO:root:8702911:Early exit from checkSmall1
INFO:root:8702923:Starting Step 23
INFO:root:8703508:Current state [[[[4], [7], [1, 2], [9], [5], [3], [1, 2], [6], [8]], [[6], [8], [9], [1], [7], [2], [4], [3], [5]], [[1, 2, 3], [1, 2, 3], [5], [8], [4, 6], [4, 6], [7], [1, 2], [9]], [[3, 5], [4], [7], [2], [8], [5, 6], [3, 6], [9], [1]], [[9], [3, 5], [6], [3, 5], [1], [7], [8], [4], [2]], [[8], [1, 2], [1, 2], [4], [3, 6], [9], [5], [7], [3, 6]], [[7], [1, 2, 3, 5, 6], [4], [3, 5], [2, 3], [1, 5], [9], [8], [3, 6]], [[1, 2, 3, 5], [1, 2, 3, 5, 6], [3], [7], [9], [8], [1, 2, 6], [1, 2], [4]], [[1, 2, 3], [9], [8], [6], [2, 3, 4], [1, 4], [1, 2, 3], [5], [7]]]]
INFO:root:8703508:Doing checkSmall1
INFO:root:8703508:Getting tiny MUSes, distance 1, for 74 puzlits, 1 repeats
INFO:root:8703544:Chunked 74 in [5, 5, 5, 5, 5, 5, 5, 5, 5, 5, 4, 4, 4, 4, 4, 4]
INFO:root:8703568:XX found first (8, 1) is not 3 1
INFO:root:8703569:XX found first (7, 2) is not 3 1
INFO:root:8703569:XX found first (9, 1) is not 3 1
INFO:root:8703569:XX found first (8, 2) is not 3 1
INFO:root:8703569:XX found first (8, 3) is not 1 1
INFO:root:8703569:XX found first (8, 3) is not 2 1
INFO:root:8703582:Early exit from checkSmall1
INFO:root:8703591:Starting Step 24
INFO:root:8704177:Current state [[[[4], [7], [1, 2], [9], [5], [3], [1, 2], [6], [8]], [[6], [8], [9], [1], [7], [2], [4], [3], [5]], [[1, 2, 3], [1, 2, 3], [5], [8], [4, 6], [4, 6], [7], [1, 2], [9]], [[3, 5], [4], [7], [2], [8], [5, 6], [3, 6], [9], [1]], [[9], [3, 5], [6], [3, 5], [1], [7], [8], [4], [2]], [[8], [1, 2], [1, 2], [4], [3, 6], [9], [5], [7], [3, 6]], [[7], [1, 2, 5, 6], [4], [3, 5], [2, 3], [1, 5], [9], [8], [3, 6]], [[1, 2, 5], [1, 2, 5, 6], [3], [7], [9], [8], [1, 2, 6], [1, 2], [4]], [[1, 2], [9], [8], [6], [2, 3, 4], [1, 4], [1, 2, 3], [5], [7]]]]
INFO:root:8704177:Doing checkSmall1
INFO:root:8704177:Getting tiny MUSes, distance 1, for 68 puzlits, 1 repeats
INFO:root:8704213:Chunked 68 in [5, 5, 5, 5, 4, 4, 4, 4, 4, 4, 4, 4, 4, 4, 4, 4]
INFO:root:8704280:Chunked 35 in [3, 3, 3, 2, 2, 2, 2, 2, 2, 2, 2, 2, 2, 2, 2, 2]
INFO:root:8704302:XX found first (7, 2) is not 5 3
INFO:root:8704302:XX add new best (7, 2) is not 5 3 3
INFO:root:8704303:XX add new best (7, 2) is not 5 3 3
INFO:root:8704303:XX add new best (7, 2) is not 5 3 3
INFO:root:8704303:XX add new best (7, 2) is not 5 3 3
INFO:root:8704303:XX add new best (7, 2) is not 5 3 3
INFO:root:8704303:XX add new best (7, 2) is not 5 3 3
INFO:root:8704303:XX add new best (7, 2) is not 5 3 3
INFO:root:8704303:XX add new best (7, 2) is not 5 3 3
INFO:root:8704303:XX add new best (7, 2) is not 5 3 3
INFO:root:8704303:XX add new best (7, 2) is not 5 3 3
INFO:root:8704303:XX add new best (7, 2) is not 5 3 3
INFO:root:8704303:XX add new best (7, 2) is not 5 3 3
INFO:root:8704303:XX add new best (7, 2) is not 5 3 3
INFO:root:8704303:XX add new best (7, 2) is not 5 3 3
INFO:root:8704304:XX add new best (7, 2) is not 5 3 3
INFO:root:8704304:XX add new best (7, 2) is not 5 3 3
INFO:root:8704304:XX add new best (7, 2) is not 5 3 3
INFO:root:8704304:XX add new best (7, 2) is not 5 3 3
INFO:root:8704304:XX add new best (7, 2) is not 5 3 3
INFO:root:8704304:XX add new best (7, 2) is not 5 3 3
INFO:root:8704304:XX add new best (7, 2) is not 5 3 3
INFO:root:8704304:XX add new best (7, 2) is not 5 3 3
INFO:root:8704304:XX add new best (7, 2) is not 5 3 3
INFO:root:8704304:XX add new best (7, 2) is not 5 3 3
INFO:root:8704304:XX add new best (7, 2) is not 5 3 3
INFO:root:8704304:XX add new best (7, 2) is not 5 3 3
INFO:root:8704304:XX add new best (7, 2) is not 5 3 3
INFO:root:8704304:XX add new best (7, 2) is not 5 3 3
INFO:root:8704304:XX add new best (7, 2) is not 5 3 3
INFO:root:8704305:XX add new best (7, 2) is not 5 3 3
INFO:root:8704305:XX add new best (7, 2) is not 5 3 3
INFO:root:8704305:XX add new best (7, 2) is not 5 3 3
INFO:root:8704305:XX add new best (7, 2) is not 5 3 3
INFO:root:8704305:XX add new best (7, 2) is not 5 3 3
INFO:root:8704353:Considering 100 * 68 jobs for minsize=3
INFO:root:8704367:Chunked 6800 in [425, 425, 425, 425, 425, 425, 425, 425, 425, 425, 425, 425, 425, 425, 425, 425]
INFO:root:10279151:Minimal choices : 1 [(7, 2) is not 5]
INFO:root:10279152:Starting Step 25
INFO:root:10279740:Current state [[[[4], [7], [1, 2], [9], [5], [3], [1, 2], [6], [8]], [[6], [8], [9], [1], [7], [2], [4], [3], [5]], [[1, 2, 3], [1, 2, 3], [5], [8], [4, 6], [4, 6], [7], [1, 2], [9]], [[3, 5], [4], [7], [2], [8], [5, 6], [3, 6], [9], [1]], [[9], [3, 5], [6], [3, 5], [1], [7], [8], [4], [2]], [[8], [1, 2], [1, 2], [4], [3, 6], [9], [5], [7], [3, 6]], [[7], [1, 2, 5, 6], [4], [3, 5], [2, 3], [1, 5], [9], [8], [3, 6]], [[1, 2, 5], [1, 2, 5, 6], [3], [7], [9], [8], [1, 2, 6], [1, 2], [4]], [[1, 2], [9], [8], [6], [2, 4], [1, 4], [1, 2, 3], [5], [7]]]]
INFO:root:10279741:Doing checkSmall1
INFO:root:10279741:Getting tiny MUSes, distance 1, for 67 puzlits, 1 repeats
INFO:root:10279778:Chunked 67 in [5, 5, 5, 4, 4, 4, 4, 4, 4, 4, 4, 4, 4, 4, 4, 4]
INFO:root:10279796:XX found first (9, 7) is 3 1
INFO:root:10279809:Early exit from checkSmall1
INFO:root:10279822:Starting Step 26
INFO:root:10280407:Current state [[[[4], [7], [1, 2], [9], [5], [3], [1, 2], [6], [8]], [[6], [8], [9], [1], [7], [2], [4], [3], [5]], [[1, 2, 3], [1, 2, 3], [5], [8], [4, 6], [4, 6], [7], [1, 2], [9]], [[3, 5], [4], [7], [2], [8], [5, 6], [3, 6], [9], [1]], [[9], [3, 5], [6], [3, 5], [1], [7], [8], [4], [2]], [[8], [1, 2], [1, 2], [4], [3, 6], [9], [5], [7], [3, 6]], [[7], [1, 2, 5, 6], [4], [3, 5], [2, 3], [1, 5], [9], [8], [3, 6]], [[1, 2, 5], [1, 2, 5, 6], [3], [7], [9], [8], [1, 2, 6], [1, 2], [4]], [[1, 2], [9], [8], [6], [2, 4], [1, 4], [3], [5], [7]]]]
INFO:root:10280407:Doing checkSmall1
INFO:root:10280407:Getting tiny MUSes, distance 1, for 66 puzlits, 1 repeats
INFO:root:10280443:Chunked 66 in [5, 5, 4, 4, 4, 4, 4, 4, 4, 4, 4, 4, 4, 4, 4, 4]
INFO:root:10280465:XX found first (7, 9) is not 3 1
INFO:root:10280465:XX found first (9, 7) is not 1 1
INFO:root:10280465:XX found first (9, 7) is not 2 1
INFO:root:10280465:XX found first (4, 7) is not 3 1
INFO:root:10280478:Early exit from checkSmall1
INFO:root:10280487:Starting Step 27
INFO:root:10281079:Current state [[[[4], [7], [1, 2], [9], [5], [3], [1, 2], [6], [8]], [[6], [8], [9], [1], [7], [2], [4], [3], [5]], [[1, 2, 3], [1, 2, 3], [5], [8], [4, 6], [4, 6], [7], [1, 2], [9]], [[3, 5], [4], [7], [2], [8], [5, 6], [6], [9], [1]], [[9], [3, 5], [6], [3, 5], [1], [7], [8], [4], [2]], [[8], [1, 2], [1, 2], [4], [3, 6], [9], [5], [7], [3, 6]], [[7], [1, 2, 5, 6], [4], [3, 5], [2, 3], [1, 5], [9], [8], [6]], [[1, 2, 5], [1, 2, 5, 6], [3], [7], [9], [8], [1, 2, 6], [1, 2], [4]], [[1, 2], [9], [8], [6], [2, 4], [1, 4], [3], [5], [7]]]]
INFO:root:10281079:Doing checkSmall1
INFO:root:10281079:Getting tiny MUSes, distance 1, for 62 puzlits, 1 repeats
INFO:root:10281116:Chunked 62 in [4, 4, 4, 4, 4, 4, 4, 4, 4, 4, 4, 4, 4, 4, 3, 3]
INFO:root:10281134:XX found first (6, 9) is 3 1
INFO:root:10281135:XX found first (4, 7) is 6 1
INFO:root:10281135:XX found first (7, 9) is 6 1
INFO:root:10281135:XX found first (4, 1) is 3 1
INFO:root:10281148:Early exit from checkSmall1
INFO:root:10281169:Starting Step 28
INFO:root:10281774:Current state [[[[4], [7], [1, 2], [9], [5], [3], [1, 2], [6], [8]], [[6], [8], [9], [1], [7], [2], [4], [3], [5]], [[1, 2, 3], [1, 2, 3], [5], [8], [4, 6], [4, 6], [7], [1, 2], [9]], [[3], [4], [7], [2], [8], [5, 6], [6], [9], [1]], [[9], [3, 5], [6], [3, 5], [1], [7], [8], [4], [2]], [[8], [1, 2], [1, 2], [4], [3, 6], [9], [5], [7], [3]], [[7], [1, 2, 5, 6], [4], [3, 5], [2, 3], [1, 5], [9], [8], [6]], [[1, 2, 5], [1, 2, 5, 6], [3], [7], [9], [8], [1, 2, 6], [1, 2], [4]], [[1, 2], [9], [8], [6], [2, 4], [1, 4], [3], [5], [7]]]]
INFO:root:10281774:Doing checkSmall1
INFO:root:10281774:Getting tiny MUSes, distance 1, for 58 puzlits, 1 repeats
INFO:root:10281811:Chunked 58 in [4, 4, 4, 4, 4, 4, 4, 4, 4, 4, 3, 3, 3, 3, 3, 3]
INFO:root:10281830:XX found first (6, 9) is not 6 1
INFO:root:10281830:XX found first (8, 7) is not 6 1
INFO:root:10281830:XX found first (4, 1) is not 5 1
INFO:root:10281830:XX found first (3, 1) is not 3 1
INFO:root:10281830:XX found first (5, 2) is not 3 1
INFO:root:10281830:XX found first (6, 5) is not 3 1
INFO:root:10281830:XX found first (4, 6) is not 6 1
INFO:root:10281830:XX found first (7, 2) is not 6 1
INFO:root:10281843:Early exit from checkSmall1
INFO:root:10281852:Starting Step 29
INFO:root:10282460:Current state [[[[4], [7], [1, 2], [9], [5], [3], [1, 2], [6], [8]], [[6], [8], [9], [1], [7], [2], [4], [3], [5]], [[1, 2], [1, 2, 3], [5], [8], [4, 6], [4, 6], [7], [1, 2], [9]], [[3], [4], [7], [2], [8], [5], [6], [9], [1]], [[9], [5], [6], [3, 5], [1], [7], [8], [4], [2]], [[8], [1, 2], [1, 2], [4], [6], [9], [5], [7], [3]], [[7], [1, 2, 5], [4], [3, 5], [2, 3], [1, 5], [9], [8], [6]], [[1, 2, 5], [1, 2, 5, 6], [3], [7], [9], [8], [1, 2], [1, 2], [4]], [[1, 2], [9], [8], [6], [2, 4], [1, 4], [3], [5], [7]]]]
INFO:root:10282461:Doing checkSmall1
INFO:root:10282461:Getting tiny MUSes, distance 1, for 50 puzlits, 1 repeats
INFO:root:10282498:Chunked 50 in [4, 4, 3, 3, 3, 3, 3, 3, 3, 3, 3, 3, 3, 3, 3, 3]
INFO:root:10282515:XX found first (5, 4) is 3 1
INFO:root:10282515:XX found first (5, 2) is 5 1
INFO:root:10282515:XX found first (4, 6) is 5 1
INFO:root:10282515:XX found first (3, 6) is 6 1
INFO:root:10282515:XX found first (8, 2) is 6 1
INFO:root:10282515:XX found first (8, 1) is 5 1
INFO:root:10282515:XX found first (6, 5) is 6 1
INFO:root:10282515:XX found first (3, 2) is 3 1
INFO:root:10282515:XX found first (7, 5) is 3 1
INFO:root:10282528:Early exit from checkSmall1
INFO:root:10282565:Starting Step 30
INFO:root:10283174:Current state [[[[4], [7], [1, 2], [9], [5], [3], [1, 2], [6], [8]], [[6], [8], [9], [1], [7], [2], [4], [3], [5]], [[1, 2], [3], [5], [8], [4, 6], [6], [7], [1, 2], [9]], [[3], [4], [7], [2], [8], [5], [6], [9], [1]], [[9], [5], [6], [3], [1], [7], [8], [4], [2]], [[8], [1, 2], [1, 2], [4], [6], [9], [5], [7], [3]], [[7], [1, 2, 5], [4], [3, 5], [3], [1, 5], [9], [8], [6]], [[5], [6], [3], [7], [9], [8], [1, 2], [1, 2], [4]], [[1, 2], [9], [8], [6], [2, 4], [1, 4], [3], [5], [7]]]]
INFO:root:10283174:Doing checkSmall1
INFO:root:10283174:Getting tiny MUSes, distance 1, for 41 puzlits, 1 repeats
INFO:root:10283210:Chunked 41 in [3, 3, 3, 3, 3, 3, 3, 3, 3, 2, 2, 2, 2, 2, 2, 2]
INFO:root:10283230:XX found first (3, 2) is not 2 1
INFO:root:10283230:XX found first (7, 6) is not 5 1
INFO:root:10283230:XX found first (8, 2) is not 1 1
INFO:root:10283230:XX found first (8, 2) is not 2 1
INFO:root:10283230:XX found first (7, 2) is not 5 1
INFO:root:10283230:XX found first (3, 5) is not 6 1
INFO:root:10283230:XX found first (5, 4) is not 5 1
INFO:root:10283230:XX found first (8, 1) is not 2 1
INFO:root:10283230:XX found first (3, 6) is not 4 1
INFO:root:10283230:XX found first (7, 4) is not 3 1
INFO:root:10283230:XX found first (8, 1) is not 1 1
INFO:root:10283230:XX found first (7, 5) is not 2 1
INFO:root:10283230:XX found first (3, 2) is not 1 1
INFO:root:10283230:XX found first (8, 2) is not 5 1
INFO:root:10283244:Early exit from checkSmall1
INFO:root:10283253:Starting Step 31
INFO:root:10283869:Current state [[[[4], [7], [1, 2], [9], [5], [3], [1, 2], [6], [8]], [[6], [8], [9], [1], [7], [2], [4], [3], [5]], [[1, 2], [3], [5], [8], [4], [6], [7], [1, 2], [9]], [[3], [4], [7], [2], [8], [5], [6], [9], [1]], [[9], [5], [6], [3], [1], [7], [8], [4], [2]], [[8], [1, 2], [1, 2], [4], [6], [9], [5], [7], [3]], [[7], [1, 2], [4], [5], [3], [1], [9], [8], [6]], [[5], [6], [3], [7], [9], [8], [1, 2], [1, 2], [4]], [[1, 2], [9], [8], [6], [2, 4], [1, 4], [3], [5], [7]]]]
INFO:root:10283869:Doing checkSmall1
INFO:root:10283869:Getting tiny MUSes, distance 1, for 27 puzlits, 1 repeats
INFO:root:10283905:Chunked 27 in [2, 2, 2, 2, 2, 2, 2, 2, 2, 2, 2, 1, 1, 1, 1, 1]
INFO:root:10283918:XX found first (7, 6) is 1 1
INFO:root:10283918:XX found first (9, 5) is 2 1
INFO:root:10283918:XX found first (7, 2) is 2 1
INFO:root:10283918:XX found first (7, 4) is 5 1
INFO:root:10283918:XX found first (9, 6) is 4 1
INFO:root:10283918:XX found first (3, 5) is 4 1
INFO:root:10283931:Early exit from checkSmall1
INFO:root:10283959:Starting Step 32
INFO:root:10284574:Current state [[[[4], [7], [1, 2], [9], [5], [3], [1, 2], [6], [8]], [[6], [8], [9], [1], [7], [2], [4], [3], [5]], [[1, 2], [3], [5], [8], [4], [6], [7], [1, 2], [9]], [[3], [4], [7], [2], [8], [5], [6], [9], [1]], [[9], [5], [6], [3], [1], [7], [8], [4], [2]], [[8], [1, 2], [1, 2], [4], [6], [9], [5], [7], [3]], [[7], [2], [4], [5], [3], [1], [9], [8], [6]], [[5], [6], [3], [7], [9], [8], [1, 2], [1, 2], [4]], [[1, 2], [9], [8], [6], [2], [4], [3], [5], [7]]]]
INFO:root:10284574:Doing checkSmall1
INFO:root:10284575:Getting tiny MUSes, distance 1, for 21 puzlits, 1 repeats
INFO:root:10284611:Chunked 21 in [2, 2, 2, 2, 2, 1, 1, 1, 1, 1, 1, 1, 1, 1, 1, 1]
INFO:root:10284625:XX found first (9, 5) is not 4 1
INFO:root:10284626:XX found first (9, 6) is not 1 1
INFO:root:10284626:XX found first (7, 2) is not 1 1
INFO:root:10284626:XX found first (6, 2) is not 2 1
INFO:root:10284626:XX found first (9, 1) is not 2 1
INFO:root:10284640:Early exit from checkSmall1
INFO:root:10284649:Starting Step 33
INFO:root:10285265:Current state [[[[4], [7], [1, 2], [9], [5], [3], [1, 2], [6], [8]], [[6], [8], [9], [1], [7], [2], [4], [3], [5]], [[1, 2], [3], [5], [8], [4], [6], [7], [1, 2], [9]], [[3], [4], [7], [2], [8], [5], [6], [9], [1]], [[9], [5], [6], [3], [1], [7], [8], [4], [2]], [[8], [1], [1, 2], [4], [6], [9], [5], [7], [3]], [[7], [2], [4], [5], [3], [1], [9], [8], [6]], [[5], [6], [3], [7], [9], [8], [1, 2], [1, 2], [4]], [[1], [9], [8], [6], [2], [4], [3], [5], [7]]]]
INFO:root:10285265:Doing checkSmall1
INFO:root:10285265:Getting tiny MUSes, distance 1, for 16 puzlits, 1 repeats
INFO:root:10285301:Chunked 16 in [1, 1, 1, 1, 1, 1, 1, 1, 1, 1, 1, 1, 1, 1, 1, 1]
INFO:root:10285313:XX found first (6, 2) is 1 1
INFO:root:10285313:XX found first (9, 1) is 1 1
INFO:root:10285313:XX found first (3, 1) is 2 1
INFO:root:10285313:XX found first (6, 3) is 2 1
INFO:root:10285326:Early exit from checkSmall1
INFO:root:10285348:Starting Step 34
INFO:root:10285969:Current state [[[[4], [7], [1, 2], [9], [5], [3], [1, 2], [6], [8]], [[6], [8], [9], [1], [7], [2], [4], [3], [5]], [[2], [3], [5], [8], [4], [6], [7], [1, 2], [9]], [[3], [4], [7], [2], [8], [5], [6], [9], [1]], [[9], [5], [6], [3], [1], [7], [8], [4], [2]], [[8], [1], [2], [4], [6], [9], [5], [7], [3]], [[7], [2], [4], [5], [3], [1], [9], [8], [6]], [[5], [6], [3], [7], [9], [8], [1, 2], [1, 2], [4]], [[1], [9], [8], [6], [2], [4], [3], [5], [7]]]]
INFO:root:10285969:Doing checkSmall1
INFO:root:10285969:Getting tiny MUSes, distance 1, for 12 puzlits, 1 repeats
INFO:root:10286005:Chunked 12 in [1, 1, 1, 1, 1, 1, 1, 1, 1, 1, 1, 1, 0, 0, 0, 0]
INFO:root:10286018:XX found first (1, 3) is not 2 1
INFO:root:10286018:XX found first (3, 8) is not 2 1
INFO:root:10286018:XX found first (3, 1) is not 1 1
INFO:root:10286018:XX found first (6, 3) is not 1 1
INFO:root:10286031:Early exit from checkSmall1
INFO:root:10286040:Starting Step 35
INFO:root:10286660:Current state [[[[4], [7], [1], [9], [5], [3], [1, 2], [6], [8]], [[6], [8], [9], [1], [7], [2], [4], [3], [5]], [[2], [3], [5], [8], [4], [6], [7], [1], [9]], [[3], [4], [7], [2], [8], [5], [6], [9], [1]], [[9], [5], [6], [3], [1], [7], [8], [4], [2]], [[8], [1], [2], [4], [6], [9], [5], [7], [3]], [[7], [2], [4], [5], [3], [1], [9], [8], [6]], [[5], [6], [3], [7], [9], [8], [1, 2], [1, 2], [4]], [[1], [9], [8], [6], [2], [4], [3], [5], [7]]]]
INFO:root:10286660:Doing checkSmall1
INFO:root:10286660:Getting tiny MUSes, distance 1, for 8 puzlits, 1 repeats
INFO:root:10286695:Chunked 8 in [1, 1, 1, 1, 1, 1, 1, 1, 0, 0, 0, 0, 0, 0, 0, 0]
INFO:root:10286705:XX found first (1, 7) is 2 1
INFO:root:10286705:XX found first (1, 3) is 1 1
INFO:root:10286705:XX found first (8, 8) is 2 1
INFO:root:10286705:XX found first (3, 8) is 1 1
INFO:root:10286719:Early exit from checkSmall1
INFO:root:10286739:Starting Step 36
INFO:root:10287377:Current state [[[[4], [7], [1], [9], [5], [3], [2], [6], [8]], [[6], [8], [9], [1], [7], [2], [4], [3], [5]], [[2], [3], [5], [8], [4], [6], [7], [1], [9]], [[3], [4], [7], [2], [8], [5], [6], [9], [1]], [[9], [5], [6], [3], [1], [7], [8], [4], [2]], [[8], [1], [2], [4], [6], [9], [5], [7], [3]], [[7], [2], [4], [5], [3], [1], [9], [8], [6]], [[5], [6], [3], [7], [9], [8], [1, 2], [2], [4]], [[1], [9], [8], [6], [2], [4], [3], [5], [7]]]]
INFO:root:10287377:Doing checkSmall1
INFO:root:10287377:Getting tiny MUSes, distance 1, for 4 puzlits, 1 repeats
INFO:root:10287413:Chunked 4 in [1, 1, 1, 1, 0, 0, 0, 0, 0, 0, 0, 0, 0, 0, 0, 0]
INFO:root:10287424:XX found first (8, 8) is not 1 1
INFO:root:10287424:XX found first (8, 7) is not 2 1
INFO:root:10287424:XX found first (1, 7) is not 1 1
INFO:root:10287437:Early exit from checkSmall1
INFO:root:10287446:Starting Step 37
INFO:root:10288075:Current state [[[[4], [7], [1], [9], [5], [3], [2], [6], [8]], [[6], [8], [9], [1], [7], [2], [4], [3], [5]], [[2], [3], [5], [8], [4], [6], [7], [1], [9]], [[3], [4], [7], [2], [8], [5], [6], [9], [1]], [[9], [5], [6], [3], [1], [7], [8], [4], [2]], [[8], [1], [2], [4], [6], [9], [5], [7], [3]], [[7], [2], [4], [5], [3], [1], [9], [8], [6]], [[5], [6], [3], [7], [9], [8], [1], [2], [4]], [[1], [9], [8], [6], [2], [4], [3], [5], [7]]]]
INFO:root:10288075:Doing checkSmall1
INFO:root:10288075:Getting tiny MUSes, distance 1, for 1 puzlits, 1 repeats
INFO:root:10288110:Chunked 1 in [1, 0, 0, 0, 0, 0, 0, 0, 0, 0, 0, 0, 0, 0, 0, 0]
INFO:root:10288118:XX found first (8, 7) is 1 1
INFO:root:10288131:Early exit from checkSmall1
INFO:root:10288143:Total Solver Calls 118883578
INFO:root:10288143:Trace: [(3, [(7, 2) is not 5]), (3, [(7, 2) is not 5]), (3, [(7, 2) is not 5]), (3, [(7, 2) is not 5]), (3, [(7, 2) is not 5])]
INFO:root:10288144:Trace Quality: [(3, 1), (3, 1), (3, 1), (3, 1), (3, 1)]
INFO:root:10288144:Trace Sorted: [(3, 1), (3, 1), (3, 1), (3, 1), (3, 1)]
INFO:root:10288144:Finished
INFO:root:10288144:Full Trace [(3, [(7, 2) is not 5]), (3, [(7, 2) is not 5]), (3, [(7, 2) is not 5]), (3, [(7, 2) is not 5]), (3, [(7, 2) is not 5])]

real	171m28.405s
user	2582m57.741s
sys	6m40.385s
