INFO:root:5519:Starting Step 1
INFO:root:5548:Current state [[[[1, 2, 3, 4, 5, 6, 7, 8, 9], [7], [1, 2, 3, 4, 5, 6, 7, 8, 9], [1, 2, 3, 4, 5, 6, 7, 8, 9], [1, 2, 3, 4, 5, 6, 7, 8, 9], [3], [1, 2, 3, 4, 5, 6, 7, 8, 9], [6], [1, 2, 3, 4, 5, 6, 7, 8, 9]], [[1, 2, 3, 4, 5, 6, 7, 8, 9], [1, 2, 3, 4, 5, 6, 7, 8, 9], [1, 2, 3, 4, 5, 6, 7, 8, 9], [1], [1, 2, 3, 4, 5, 6, 7, 8, 9], [2], [1, 2, 3, 4, 5, 6, 7, 8, 9], [1, 2, 3, 4, 5, 6, 7, 8, 9], [1, 2, 3, 4, 5, 6, 7, 8, 9]], [[1, 2, 3, 4, 5, 6, 7, 8, 9], [1, 2, 3, 4, 5, 6, 7, 8, 9], [5], [1, 2, 3, 4, 5, 6, 7, 8, 9], [1, 2, 3, 4, 5, 6, 7, 8, 9], [1, 2, 3, 4, 5, 6, 7, 8, 9], [7], [1, 2, 3, 4, 5, 6, 7, 8, 9], [9]], [[1, 2, 3, 4, 5, 6, 7, 8, 9], [1, 2, 3, 4, 5, 6, 7, 8, 9], [7], [2], [1, 2, 3, 4, 5, 6, 7, 8, 9], [1, 2, 3, 4, 5, 6, 7, 8, 9], [1, 2, 3, 4, 5, 6, 7, 8, 9], [1, 2, 3, 4, 5, 6, 7, 8, 9], [1]], [[1, 2, 3, 4, 5, 6, 7, 8, 9], [1, 2, 3, 4, 5, 6, 7, 8, 9], [6], [1, 2, 3, 4, 5, 6, 7, 8, 9], [1], [1, 2, 3, 4, 5, 6, 7, 8, 9], [8], [4], [1, 2, 3, 4, 5, 6, 7, 8, 9]], [[8], [1, 2, 3, 4, 5, 6, 7, 8, 9], [1, 2, 3, 4, 5, 6, 7, 8, 9], [1, 2, 3, 4, 5, 6, 7, 8, 9], [1, 2, 3, 4, 5, 6, 7, 8, 9], [1, 2, 3, 4, 5, 6, 7, 8, 9], [5], [1, 2, 3, 4, 5, 6, 7, 8, 9], [1, 2, 3, 4, 5, 6, 7, 8, 9]], [[7], [1, 2, 3, 4, 5, 6, 7, 8, 9], [4], [1, 2, 3, 4, 5, 6, 7, 8, 9], [1, 2, 3, 4, 5, 6, 7, 8, 9], [1, 2, 3, 4, 5, 6, 7, 8, 9], [9], [1, 2, 3, 4, 5, 6, 7, 8, 9], [1, 2, 3, 4, 5, 6, 7, 8, 9]], [[1, 2, 3, 4, 5, 6, 7, 8, 9], [1, 2, 3, 4, 5, 6, 7, 8, 9], [1, 2, 3, 4, 5, 6, 7, 8, 9], [7], [1, 2, 3, 4, 5, 6, 7, 8, 9], [8], [1, 2, 3, 4, 5, 6, 7, 8, 9], [1, 2, 3, 4, 5, 6, 7, 8, 9], [1, 2, 3, 4, 5, 6, 7, 8, 9]], [[1, 2, 3, 4, 5, 6, 7, 8, 9], [9], [1, 2, 3, 4, 5, 6, 7, 8, 9], [6], [1, 2, 3, 4, 5, 6, 7, 8, 9], [1, 2, 3, 4, 5, 6, 7, 8, 9], [1, 2, 3, 4, 5, 6, 7, 8, 9], [5], [1, 2, 3, 4, 5, 6, 7, 8, 9]]]]
INFO:root:5548:Doing checkSmall1
INFO:root:5548:Getting tiny MUSes, distance 1, for 704 puzlits, 1 repeats
INFO:root:5606:Chunked 704 in [44, 44, 44, 44, 44, 44, 44, 44, 44, 44, 44, 44, 44, 44, 44, 44]
INFO:root:5723:XX found first (3, 6) is not 3 1
INFO:root:5723:XX found first (3, 6) is not 7 1
INFO:root:5723:XX found first (3, 7) is not 1 1
INFO:root:5723:XX found first (8, 3) is not 5 1
INFO:root:5723:XX found first (5, 8) is not 7 1
INFO:root:5723:XX found first (1, 7) is not 3 1
INFO:root:5723:XX found first (8, 1) is not 9 1
INFO:root:5723:XX found first (6, 9) is not 4 1
INFO:root:5724:XX found first (7, 9) is not 4 1
INFO:root:5724:XX found first (6, 6) is not 8 1
INFO:root:5724:XX found first (7, 7) is not 8 1
INFO:root:5724:XX found first (8, 4) is not 9 1
INFO:root:5724:XX found first (1, 7) is not 7 1
INFO:root:5724:XX found first (8, 6) is not 7 1
INFO:root:5724:XX found first (4, 4) is not 1 1
INFO:root:5724:XX found first (9, 8) is not 8 1
INFO:root:5724:XX found first (3, 4) is not 6 1
INFO:root:5724:XX found first (9, 6) is not 8 1
INFO:root:5724:XX found first (1, 9) is not 1 1
INFO:root:5724:XX found first (5, 8) is not 9 1
INFO:root:5724:XX found first (4, 8) is not 5 1
INFO:root:5724:XX found first (2, 8) is not 1 1
INFO:root:5724:XX found first (1, 9) is not 3 1
INFO:root:5724:XX found first (2, 5) is not 2 1
INFO:root:5724:XX found first (7, 7) is not 7 1
INFO:root:5724:XX found first (8, 7) is not 5 1
INFO:root:5724:XX found first (7, 4) is not 7 1
INFO:root:5724:XX found first (2, 7) is not 5 1
INFO:root:5724:XX found first (2, 9) is not 9 1
INFO:root:5724:XX found first (6, 4) is not 7 1
INFO:root:5724:XX found first (5, 3) is not 9 1
INFO:root:5724:XX found first (8, 4) is not 1 1
INFO:root:5725:XX found first (8, 7) is not 9 1
INFO:root:5725:XX found first (4, 7) is not 2 1
INFO:root:5725:XX found first (9, 6) is not 9 1
INFO:root:5725:XX found first (7, 9) is not 1 1
INFO:root:5725:XX found first (8, 8) is not 5 1
INFO:root:5725:XX found first (5, 7) is not 7 1
INFO:root:5725:XX found first (6, 5) is not 1 1
INFO:root:5725:XX found first (4, 8) is not 1 1
INFO:root:5725:XX found first (6, 6) is not 1 1
INFO:root:5725:XX found first (7, 5) is not 1 1
INFO:root:5725:XX found first (2, 4) is not 4 1
INFO:root:5725:XX found first (2, 7) is not 7 1
INFO:root:5725:XX found first (3, 5) is not 1 1
INFO:root:5725:XX found first (5, 3) is not 8 1
INFO:root:5725:XX found first (4, 3) is not 9 1
INFO:root:5725:XX found first (7, 6) is not 6 1
INFO:root:5725:XX found first (3, 5) is not 2 1
INFO:root:5725:XX found first (2, 8) is not 2 1
INFO:root:5725:XX found first (4, 9) is not 7 1
INFO:root:5725:XX found first (6, 5) is not 5 1
INFO:root:5725:XX found first (8, 6) is not 4 1
INFO:root:5726:XX found first (1, 7) is not 5 1
INFO:root:5726:XX found first (3, 3) is not 8 1
INFO:root:5726:XX found first (6, 2) is not 6 1
INFO:root:5726:XX found first (5, 6) is not 2 1
INFO:root:5726:XX found first (7, 4) is not 6 1
INFO:root:5726:XX found first (1, 8) is not 9 1
INFO:root:5726:XX found first (3, 1) is not 9 1
INFO:root:5726:XX found first (8, 4) is not 6 1
INFO:root:5726:XX found first (3, 6) is not 1 1
INFO:root:5726:XX found first (6, 7) is not 8 1
INFO:root:5726:XX found first (8, 1) is not 4 1
INFO:root:5726:XX found first (2, 4) is not 3 1
INFO:root:5726:XX found first (5, 3) is not 1 1
INFO:root:5726:XX found first (9, 9) is not 9 1
INFO:root:5726:XX found first (2, 7) is not 6 1
INFO:root:5726:XX found first (5, 7) is not 1 1
INFO:root:5726:XX found first (2, 4) is not 8 1
INFO:root:5726:XX found first (6, 4) is not 5 1
INFO:root:5726:XX found first (8, 8) is not 6 1
INFO:root:5726:XX found first (5, 6) is not 1 1
INFO:root:5726:XX found first (2, 1) is not 1 1
INFO:root:5726:XX found first (6, 1) is not 9 1
INFO:root:5726:XX found first (8, 4) is not 8 1
INFO:root:5726:XX found first (3, 7) is not 8 1
INFO:root:5727:XX found first (3, 9) is not 6 1
INFO:root:5727:XX found first (3, 6) is not 2 1
INFO:root:5727:XX found first (5, 6) is not 6 1
INFO:root:5727:XX found first (8, 6) is not 5 1
INFO:root:5727:XX found first (5, 5) is not 5 1
INFO:root:5727:XX found first (1, 6) is not 6 1
INFO:root:5727:XX found first (7, 5) is not 7 1
INFO:root:5727:XX found first (6, 7) is not 7 1
INFO:root:5727:XX found first (5, 7) is not 2 1
INFO:root:5727:XX found first (6, 4) is not 1 1
INFO:root:5727:XX found first (3, 6) is not 9 1
INFO:root:5727:XX found first (8, 6) is not 2 1
INFO:root:5727:XX found first (9, 2) is not 8 1
INFO:root:5727:XX found first (2, 6) is not 1 1
INFO:root:5727:XX found first (6, 7) is not 6 1
INFO:root:5727:XX found first (3, 8) is not 9 1
INFO:root:5727:XX found first (2, 4) is not 9 1
INFO:root:5727:XX found first (8, 9) is not 9 1
INFO:root:5727:XX found first (4, 7) is not 7 1
INFO:root:5727:XX found first (1, 8) is not 7 1
INFO:root:5727:XX found first (9, 7) is not 5 1
INFO:root:5727:XX found first (4, 1) is not 8 1
INFO:root:5727:XX found first (5, 4) is not 6 1
INFO:root:5727:XX found first (9, 8) is not 7 1
INFO:root:5727:XX found first (6, 4) is not 2 1
INFO:root:5728:XX found first (3, 8) is not 6 1
INFO:root:5728:XX found first (9, 4) is not 1 1
INFO:root:5728:XX found first (8, 6) is not 1 1
INFO:root:5728:XX found first (5, 2) is not 6 1
INFO:root:5728:XX found first (1, 2) is not 1 1
INFO:root:5728:XX found first (2, 6) is not 5 1
INFO:root:5728:XX found first (8, 8) is not 7 1
INFO:root:5728:XX found first (9, 8) is not 2 1
INFO:root:5728:XX found first (9, 1) is not 4 1
INFO:root:5728:XX found first (6, 1) is not 7 1
INFO:root:5728:XX found first (1, 2) is not 6 1
INFO:root:5728:XX found first (3, 3) is not 6 1
INFO:root:5728:XX found first (3, 7) is not 4 1
INFO:root:5728:XX found first (6, 7) is not 4 1
INFO:root:5728:XX found first (1, 4) is not 2 1
INFO:root:5728:XX found first (9, 8) is not 6 1
INFO:root:5728:XX found first (6, 8) is not 8 1
INFO:root:5728:XX found first (7, 1) is not 3 1
INFO:root:5728:XX found first (7, 5) is not 8 1
INFO:root:5728:XX found first (5, 8) is not 3 1
INFO:root:5728:XX found first (4, 6) is not 7 1
INFO:root:5728:XX found first (9, 9) is not 5 1
INFO:root:5728:XX found first (7, 8) is not 4 1
INFO:root:5729:XX found first (5, 5) is not 4 1
INFO:root:5729:XX found first (5, 3) is not 3 1
INFO:root:5729:XX found first (5, 5) is not 2 1
INFO:root:5729:XX found first (8, 3) is not 9 1
INFO:root:5729:XX found first (3, 5) is not 5 1
INFO:root:5729:XX found first (7, 5) is not 9 1
INFO:root:5729:XX found first (8, 2) is not 4 1
INFO:root:5729:XX found first (2, 7) is not 9 1
INFO:root:5729:XX found first (3, 4) is not 9 1
INFO:root:5729:XX found first (4, 1) is not 1 1
INFO:root:5729:XX found first (5, 4) is not 7 1
INFO:root:5729:XX found first (9, 9) is not 6 1
INFO:root:5729:XX found first (8, 8) is not 8 1
INFO:root:5729:XX found first (9, 1) is not 7 1
INFO:root:5729:XX found first (1, 1) is not 7 1
INFO:root:5729:XX found first (5, 4) is not 4 1
INFO:root:5729:XX found first (1, 2) is not 4 1
INFO:root:5729:XX found first (8, 5) is not 6 1
INFO:root:5729:XX found first (1, 5) is not 1 1
INFO:root:5729:XX found first (2, 4) is not 2 1
INFO:root:5729:XX found first (7, 9) is not 5 1
INFO:root:5729:XX found first (2, 3) is not 4 1
INFO:root:5729:XX found first (7, 8) is not 9 1
INFO:root:5729:XX found first (6, 2) is not 5 1
INFO:root:5730:XX found first (7, 7) is not 1 1
INFO:root:5730:XX found first (3, 7) is not 2 1
INFO:root:5730:XX found first (9, 1) is not 5 1
INFO:root:5730:XX found first (7, 3) is not 7 1
INFO:root:5730:XX found first (5, 4) is not 8 1
INFO:root:5730:XX found first (7, 1) is not 9 1
INFO:root:5730:XX found first (9, 6) is not 5 1
INFO:root:5730:XX found first (7, 8) is not 6 1
INFO:root:5730:XX found first (3, 4) is not 7 1
INFO:root:5730:XX found first (3, 3) is not 7 1
INFO:root:5730:XX found first (5, 5) is not 8 1
INFO:root:5730:XX found first (8, 2) is not 8 1
INFO:root:5730:XX found first (4, 1) is not 2 1
INFO:root:5730:XX found first (3, 9) is not 1 1
INFO:root:5730:XX found first (2, 9) is not 6 1
INFO:root:5730:XX found first (7, 8) is not 5 1
INFO:root:5730:XX found first (4, 6) is not 8 1
INFO:root:5730:XX found first (1, 8) is not 2 1
INFO:root:5730:XX found first (6, 7) is not 2 1
INFO:root:5730:XX found first (1, 3) is not 3 1
INFO:root:5730:XX found first (4, 2) is not 7 1
INFO:root:5730:XX found first (6, 3) is not 5 1
INFO:root:5730:XX found first (9, 2) is not 4 1
INFO:root:5731:XX found first (6, 7) is not 9 1
INFO:root:5731:XX found first (4, 4) is not 5 1
INFO:root:5731:XX found first (9, 5) is not 7 1
INFO:root:5731:XX found first (5, 9) is not 6 1
INFO:root:5731:XX found first (9, 8) is not 4 1
INFO:root:5731:XX found first (7, 3) is not 3 1
INFO:root:5731:XX found first (8, 3) is not 6 1
INFO:root:5731:XX found first (7, 3) is not 5 1
INFO:root:5731:XX found first (9, 6) is not 6 1
INFO:root:5731:XX found first (9, 5) is not 8 1
INFO:root:5731:XX found first (7, 2) is not 7 1
INFO:root:5731:XX found first (7, 4) is not 9 1
INFO:root:5731:XX found first (8, 5) is not 7 1
INFO:root:5731:XX found first (1, 7) is not 8 1
INFO:root:5731:XX found first (9, 4) is not 8 1
INFO:root:5731:XX found first (7, 7) is not 6 1
INFO:root:5731:XX found first (2, 6) is not 6 1
INFO:root:5731:XX found first (5, 4) is not 1 1
INFO:root:5731:XX found first (3, 4) is not 1 1
INFO:root:5731:XX found first (4, 8) is not 4 1
INFO:root:5731:XX found first (1, 2) is not 5 1
INFO:root:5731:XX found first (2, 8) is not 9 1
INFO:root:5731:XX found first (2, 4) is not 6 1
INFO:root:5731:XX found first (2, 9) is not 7 1
INFO:root:5731:XX found first (2, 3) is not 2 1
INFO:root:5732:XX found first (3, 6) is not 5 1
INFO:root:5732:XX found first (5, 7) is not 5 1
INFO:root:5732:XX found first (9, 3) is not 5 1
INFO:root:5732:XX found first (5, 5) is not 9 1
INFO:root:5732:XX found first (1, 2) is not 3 1
INFO:root:5732:XX found first (7, 3) is not 2 1
INFO:root:5732:XX found first (2, 8) is not 6 1
INFO:root:5732:XX found first (6, 3) is not 7 1
INFO:root:5732:XX found first (1, 7) is not 9 1
INFO:root:5732:XX found first (5, 8) is not 8 1
INFO:root:5732:XX found first (9, 1) is not 8 1
INFO:root:5732:XX found first (6, 5) is not 8 1
INFO:root:5732:XX found first (4, 2) is not 8 1
INFO:root:5732:XX found first (9, 7) is not 8 1
INFO:root:5732:XX found first (7, 1) is not 8 1
INFO:root:5732:XX found first (7, 7) is not 5 1
INFO:root:5732:XX found first (7, 1) is not 5 1
INFO:root:5732:XX found first (8, 4) is not 4 1
INFO:root:5732:XX found first (4, 9) is not 8 1
INFO:root:5732:XX found first (5, 9) is not 4 1
INFO:root:5732:XX found first (4, 6) is not 3 1
INFO:root:5732:XX found first (2, 3) is not 7 1
INFO:root:5732:XX found first (1, 3) is not 4 1
INFO:root:5733:XX found first (4, 5) is not 1 1
INFO:root:5733:XX found first (2, 4) is not 5 1
INFO:root:5733:XX found first (8, 6) is not 3 1
INFO:root:5733:XX found first (7, 3) is not 9 1
INFO:root:5733:XX found first (9, 7) is not 6 1
INFO:root:5733:XX found first (3, 5) is not 3 1
INFO:root:5733:XX found first (2, 7) is not 1 1
INFO:root:5733:XX found first (3, 7) is not 5 1
INFO:root:5733:XX found first (1, 6) is not 8 1
INFO:root:5733:XX found first (8, 9) is not 5 1
INFO:root:5733:XX found first (2, 2) is not 9 1
INFO:root:5733:XX found first (5, 5) is not 6 1
INFO:root:5733:XX found first (8, 9) is not 8 1
INFO:root:5733:XX found first (3, 4) is not 3 1
INFO:root:5733:XX found first (2, 6) is not 3 1
INFO:root:5733:XX found first (9, 5) is not 6 1
INFO:root:5733:XX found first (8, 7) is not 8 1
INFO:root:5733:XX found first (4, 4) is not 6 1
INFO:root:5733:XX found first (2, 9) is not 1 1
INFO:root:5733:XX found first (1, 6) is not 9 1
INFO:root:5733:XX found first (5, 3) is not 7 1
INFO:root:5733:XX found first (5, 4) is not 2 1
INFO:root:5733:XX found first (7, 4) is not 2 1
INFO:root:5733:XX found first (4, 3) is not 2 1
INFO:root:5734:XX found first (2, 5) is not 3 1
INFO:root:5734:XX found first (2, 1) is not 5 1
INFO:root:5734:XX found first (2, 2) is not 1 1
INFO:root:5734:XX found first (2, 5) is not 1 1
INFO:root:5734:XX found first (1, 2) is not 9 1
INFO:root:5734:XX found first (7, 6) is not 7 1
INFO:root:5734:XX found first (6, 9) is not 5 1
INFO:root:5734:XX found first (6, 7) is not 3 1
INFO:root:5734:XX found first (6, 6) is not 3 1
INFO:root:5734:XX found first (1, 8) is not 4 1
INFO:root:5734:XX found first (1, 1) is not 8 1
INFO:root:5734:XX found first (4, 8) is not 2 1
INFO:root:5734:XX found first (7, 6) is not 9 1
INFO:root:5734:XX found first (2, 6) is not 4 1
INFO:root:5734:XX found first (1, 4) is not 3 1
INFO:root:5734:XX found first (9, 6) is not 3 1
INFO:root:5734:XX found first (4, 3) is not 3 1
INFO:root:5734:XX found first (2, 8) is not 4 1
INFO:root:5734:XX found first (3, 8) is not 4 1
INFO:root:5734:XX found first (2, 1) is not 2 1
INFO:root:5734:XX found first (3, 4) is not 5 1
INFO:root:5734:XX found first (5, 1) is not 8 1
INFO:root:5734:XX found first (7, 9) is not 9 1
INFO:root:5734:XX found first (5, 7) is not 9 1
INFO:root:5735:XX found first (5, 7) is not 4 1
INFO:root:5735:XX found first (5, 7) is not 3 1
INFO:root:5735:XX found first (9, 3) is not 9 1
INFO:root:5735:XX found first (6, 1) is not 3 1
INFO:root:5735:XX found first (4, 3) is not 8 1
INFO:root:5735:XX found first (4, 3) is not 4 1
INFO:root:5735:XX found first (9, 3) is not 7 1
INFO:root:5735:XX found first (3, 8) is not 5 1
INFO:root:5735:XX found first (5, 3) is not 2 1
INFO:root:5735:XX found first (1, 1) is not 5 1
INFO:root:5735:XX found first (5, 1) is not 4 1
INFO:root:5735:XX found first (3, 7) is not 6 1
INFO:root:5735:XX found first (5, 1) is not 6 1
INFO:root:5735:XX found first (6, 3) is not 8 1
INFO:root:5735:XX found first (1, 6) is not 2 1
INFO:root:5735:XX found first (3, 3) is not 2 1
INFO:root:5735:XX found first (4, 7) is not 4 1
INFO:root:5735:XX found first (6, 3) is not 4 1
INFO:root:5735:XX found first (4, 4) is not 8 1
INFO:root:5735:XX found first (9, 7) is not 7 1
INFO:root:5735:XX found first (2, 3) is not 6 1
INFO:root:5735:XX found first (7, 7) is not 3 1
INFO:root:5735:XX found first (9, 2) is not 1 1
INFO:root:5735:XX found first (3, 3) is not 9 1
INFO:root:5735:XX found first (6, 9) is not 8 1
INFO:root:5736:XX found first (3, 1) is not 5 1
INFO:root:5736:XX found first (2, 2) is not 7 1
INFO:root:5736:XX found first (4, 5) is not 7 1
INFO:root:5736:XX found first (8, 1) is not 8 1
INFO:root:5736:XX found first (6, 1) is not 6 1
INFO:root:5736:XX found first (4, 3) is not 6 1
INFO:root:5736:XX found first (5, 6) is not 4 1
INFO:root:5736:XX found first (4, 4) is not 4 1
INFO:root:5736:XX found first (4, 2) is not 2 1
INFO:root:5736:XX found first (8, 9) is not 1 1
INFO:root:5736:XX found first (8, 6) is not 9 1
INFO:root:5736:XX found first (5, 9) is not 5 1
INFO:root:5736:XX found first (4, 4) is not 7 1
INFO:root:5736:XX found first (6, 8) is not 1 1
INFO:root:5736:XX found first (4, 4) is not 9 1
INFO:root:5736:XX found first (1, 8) is not 1 1
INFO:root:5736:XX found first (8, 4) is not 3 1
INFO:root:5736:XX found first (4, 1) is not 6 1
INFO:root:5736:XX found first (3, 9) is not 8 1
INFO:root:5736:XX found first (5, 9) is not 1 1
INFO:root:5736:XX found first (6, 5) is not 2 1
INFO:root:5736:XX found first (4, 7) is not 1 1
INFO:root:5736:XX found first (6, 1) is not 5 1
INFO:root:5737:XX found first (8, 8) is not 4 1
INFO:root:5737:XX found first (9, 1) is not 9 1
INFO:root:5737:XX found first (5, 7) is not 6 1
INFO:root:5737:XX found first (9, 8) is not 1 1
INFO:root:5737:XX found first (7, 1) is not 2 1
INFO:root:5737:XX found first (2, 7) is not 8 1
INFO:root:5737:XX found first (7, 6) is not 2 1
INFO:root:5737:XX found first (3, 2) is not 7 1
INFO:root:5737:XX found first (3, 7) is not 9 1
INFO:root:5737:XX found first (1, 8) is not 5 1
INFO:root:5737:XX found first (9, 4) is not 3 1
INFO:root:5737:XX found first (7, 3) is not 8 1
INFO:root:5737:XX found first (3, 5) is not 9 1
INFO:root:5737:XX found first (7, 1) is not 4 1
INFO:root:5737:XX found first (9, 8) is not 3 1
INFO:root:5737:XX found first (7, 2) is not 9 1
INFO:root:5737:XX found first (1, 5) is not 3 1
INFO:root:5737:XX found first (5, 2) is not 4 1
INFO:root:5737:XX found first (2, 9) is not 2 1
INFO:root:5737:XX found first (1, 2) is not 8 1
INFO:root:5737:XX found first (8, 2) is not 9 1
INFO:root:5737:XX found first (5, 8) is not 2 1
INFO:root:5737:XX found first (8, 7) is not 7 1
INFO:root:5737:XX found first (2, 3) is not 5 1
INFO:root:5738:XX found first (6, 3) is not 6 1
INFO:root:5738:XX found first (5, 2) is not 7 1
INFO:root:5738:XX found first (8, 1) is not 7 1
INFO:root:5738:XX found first (4, 7) is not 8 1
INFO:root:5738:XX found first (6, 8) is not 5 1
INFO:root:5738:XX found first (5, 8) is not 5 1
INFO:root:5738:XX found first (6, 4) is not 6 1
INFO:root:5738:XX found first (5, 6) is not 3 1
INFO:root:5738:XX found first (2, 3) is not 1 1
INFO:root:5738:XX found first (2, 1) is not 7 1
INFO:root:5738:XX found first (4, 7) is not 9 1
INFO:root:5738:XX found first (5, 3) is not 4 1
INFO:root:5738:XX found first (9, 2) is not 6 1
INFO:root:5738:XX found first (6, 1) is not 4 1
INFO:root:5738:XX found first (1, 6) is not 4 1
INFO:root:5738:XX found first (9, 2) is not 2 1
INFO:root:5738:XX found first (8, 5) is not 1 1
INFO:root:5738:XX found first (7, 5) is not 4 1
INFO:root:5738:XX found first (6, 6) is not 5 1
INFO:root:5738:XX found first (9, 6) is not 2 1
INFO:root:5738:XX found first (1, 3) is not 7 1
INFO:root:5738:XX found first (8, 5) is not 8 1
INFO:root:5739:XX found first (1, 6) is not 5 1
INFO:root:5739:XX found first (4, 8) is not 6 1
INFO:root:5739:XX found first (9, 4) is not 9 1
INFO:root:5739:XX found first (2, 2) is not 2 1
INFO:root:5739:XX found first (3, 6) is not 8 1
INFO:root:5739:XX found first (7, 6) is not 4 1
INFO:root:5739:XX found first (2, 6) is not 8 1
INFO:root:5739:XX found first (1, 2) is not 2 1
INFO:root:5739:XX found first (9, 5) is not 9 1
INFO:root:5739:XX found first (8, 2) is not 7 1
INFO:root:5739:XX found first (4, 9) is not 3 1
INFO:root:5739:XX found first (1, 9) is not 9 1
INFO:root:5739:XX found first (4, 2) is not 9 1
INFO:root:5739:XX found first (3, 1) is not 7 1
INFO:root:5739:XX found first (9, 4) is not 4 1
INFO:root:5739:XX found first (8, 4) is not 2 1
INFO:root:5739:XX found first (3, 5) is not 7 1
INFO:root:5739:XX found first (3, 2) is not 9 1
INFO:root:5739:XX found first (9, 9) is not 1 1
INFO:root:5739:XX found first (7, 8) is not 7 1
INFO:root:5739:XX found first (3, 1) is not 8 1
INFO:root:5739:XX found first (5, 1) is not 7 1
INFO:root:5739:XX found first (5, 5) is not 7 1
INFO:root:5739:XX found first (9, 5) is not 5 1
INFO:root:5740:XX found first (5, 2) is not 9 1
INFO:root:5740:XX found first (7, 4) is not 8 1
INFO:root:5740:XX found first (4, 9) is not 4 1
INFO:root:5740:XX found first (9, 1) is not 6 1
INFO:root:5740:XX found first (3, 3) is not 1 1
INFO:root:5740:XX found first (8, 6) is not 6 1
INFO:root:5740:XX found first (7, 4) is not 1 1
INFO:root:5740:XX found first (1, 9) is not 7 1
INFO:root:5740:XX found first (9, 2) is not 7 1
INFO:root:5740:XX found first (1, 3) is not 6 1
INFO:root:5740:XX found first (5, 5) is not 3 1
INFO:root:5740:XX found first (4, 9) is not 9 1
INFO:root:5740:XX found first (9, 4) is not 7 1
INFO:root:5740:XX found first (2, 1) is not 8 1
INFO:root:5740:XX found first (9, 5) is not 1 1
INFO:root:5740:XX found first (5, 8) is not 1 1
INFO:root:5740:XX found first (7, 4) is not 4 1
INFO:root:5740:XX found first (6, 2) is not 8 1
INFO:root:5740:XX found first (4, 8) is not 7 1
INFO:root:5740:XX found first (5, 2) is not 8 1
INFO:root:5740:XX found first (3, 9) is not 5 1
INFO:root:5740:XX found first (2, 6) is not 7 1
INFO:root:5740:XX found first (1, 7) is not 6 1
INFO:root:5741:XX found first (1, 8) is not 8 1
INFO:root:5741:XX found first (4, 5) is not 2 1
INFO:root:5741:XX found first (6, 7) is not 1 1
INFO:root:5741:XX found first (9, 8) is not 9 1
INFO:root:5741:XX found first (7, 9) is not 7 1
INFO:root:5741:XX found first (9, 3) is not 6 1
INFO:root:5741:XX found first (3, 9) is not 7 1
INFO:root:5741:XX found first (9, 2) is not 3 1
INFO:root:5741:XX found first (4, 2) is not 6 1
INFO:root:5741:XX found first (7, 5) is not 6 1
INFO:root:5741:XX found first (3, 9) is not 4 1
INFO:root:5741:XX found first (3, 2) is not 5 1
INFO:root:5741:XX found first (6, 8) is not 6 1
INFO:root:5741:XX found first (8, 3) is not 7 1
INFO:root:5741:XX found first (7, 1) is not 1 1
INFO:root:5741:XX found first (4, 9) is not 6 1
INFO:root:5741:XX found first (9, 3) is not 4 1
INFO:root:5741:XX found first (7, 2) is not 4 1
INFO:root:5741:XX found first (4, 3) is not 5 1
INFO:root:5741:XX found first (9, 4) is not 5 1
INFO:root:5741:XX found first (1, 1) is not 6 1
INFO:root:5741:XX found first (5, 6) is not 8 1
INFO:root:5741:XX found first (4, 3) is not 1 1
INFO:root:5741:XX found first (6, 2) is not 7 1
INFO:root:5741:XX found first (5, 3) is not 5 1
INFO:root:5742:XX found first (7, 3) is not 1 1
INFO:root:5742:XX found first (5, 2) is not 1 1
INFO:root:5742:XX found first (4, 2) is not 1 1
INFO:root:5742:XX found first (6, 8) is not 4 1
INFO:root:5742:XX found first (7, 3) is not 6 1
INFO:root:5742:XX found first (9, 2) is not 5 1
INFO:root:5742:XX found first (6, 4) is not 8 1
INFO:root:5742:XX found first (4, 6) is not 2 1
INFO:root:5742:XX found first (8, 4) is not 5 1
INFO:root:5742:XX found first (4, 9) is not 5 1
INFO:root:5742:XX found first (1, 5) is not 6 1
INFO:root:5742:XX found first (5, 9) is not 8 1
INFO:root:5742:XX found first (3, 8) is not 7 1
INFO:root:5742:XX found first (2, 6) is not 9 1
INFO:root:5742:XX found first (3, 3) is not 4 1
INFO:root:5742:XX found first (3, 4) is not 2 1
INFO:root:5742:XX found first (7, 7) is not 2 1
INFO:root:5742:XX found first (4, 7) is not 5 1
INFO:root:5742:XX found first (2, 4) is not 7 1
INFO:root:5742:XX found first (4, 8) is not 8 1
INFO:root:5742:XX found first (1, 9) is not 6 1
INFO:root:5742:XX found first (2, 7) is not 2 1
INFO:root:5742:XX found first (3, 7) is not 3 1
INFO:root:5742:XX found first (2, 8) is not 7 1
INFO:root:5743:XX found first (7, 7) is not 4 1
INFO:root:5743:XX found first (1, 3) is not 5 1
INFO:root:5743:XX found first (8, 8) is not 9 1
INFO:root:5743:XX found first (6, 1) is not 2 1
INFO:root:5743:XX found first (1, 5) is not 2 1
INFO:root:5743:XX found first (3, 9) is not 2 1
INFO:root:5743:XX found first (7, 1) is not 6 1
INFO:root:5743:XX found first (6, 9) is not 1 1
INFO:root:5743:XX found first (3, 3) is not 3 1
INFO:root:5743:XX found first (4, 9) is not 2 1
INFO:root:5743:XX found first (7, 6) is not 3 1
INFO:root:5743:XX found first (2, 2) is not 5 1
INFO:root:5743:XX found first (1, 4) is not 1 1
INFO:root:5743:XX found first (1, 8) is not 3 1
INFO:root:5743:XX found first (6, 6) is not 2 1
INFO:root:5743:XX found first (9, 6) is not 7 1
INFO:root:5743:XX found first (8, 3) is not 8 1
INFO:root:5743:XX found first (1, 6) is not 7 1
INFO:root:5743:XX found first (8, 3) is not 4 1
INFO:root:5743:XX found first (9, 4) is not 2 1
INFO:root:5743:XX found first (5, 8) is not 6 1
INFO:root:5743:XX found first (1, 6) is not 1 1
INFO:root:5743:XX found first (1, 1) is not 3 1
INFO:root:5744:XX found first (9, 7) is not 9 1
INFO:root:5744:XX found first (5, 9) is not 9 1
INFO:root:5744:XX found first (1, 4) is not 7 1
INFO:root:5744:XX found first (3, 9) is not 3 1
INFO:root:5744:XX found first (4, 4) is not 3 1
INFO:root:5744:XX found first (1, 5) is not 7 1
INFO:root:5744:XX found first (7, 6) is not 8 1
INFO:root:5744:XX found first (6, 9) is not 9 1
INFO:root:5744:XX found first (1, 4) is not 6 1
INFO:root:5744:XX found first (4, 6) is not 1 1
INFO:root:5744:XX found first (5, 1) is not 1 1
INFO:root:5744:XX found first (6, 2) is not 9 1
INFO:root:5744:XX found first (6, 1) is not 1 1
INFO:root:5744:XX found first (2, 8) is not 5 1
INFO:root:5744:XX found first (4, 1) is not 7 1
INFO:root:5744:XX found first (8, 9) is not 7 1
INFO:root:5756:Early exit from checkSmall1
INFO:root:5820:Starting Step 2
INFO:root:6315:Current state [[[[1, 2, 4, 9], [7], [1, 2, 8, 9], [4, 5, 8, 9], [4, 5, 8, 9], [3], [1, 2, 4], [6], [2, 4, 5, 8]], [[3, 4, 6, 9], [3, 4, 6, 8], [3, 8, 9], [1], [4, 5, 6, 7, 8, 9], [2], [3, 4], [3, 8], [3, 4, 5, 8]], [[1, 2, 3, 4, 6], [1, 2, 3, 4, 6, 8], [5], [4, 8], [4, 6, 8], [4, 6], [7], [1, 2, 3, 8], [9]], [[3, 4, 5, 9], [3, 4, 5], [7], [2], [3, 4, 5, 6, 8, 9], [4, 5, 6, 9], [3, 6], [3, 9], [1]], [[2, 3, 5, 9], [2, 3, 5], [6], [3, 5, 9], [1], [5, 7, 9], [8], [4], [2, 3, 7]], [[8], [1, 2, 3, 4], [1, 2, 3, 9], [3, 4, 9], [3, 4, 6, 7, 9], [4, 6, 7, 9], [5], [2, 3, 7, 9], [2, 3, 6, 7]], [[7], [1, 2, 3, 5, 6, 8], [4], [3, 5], [2, 3, 5], [1, 5], [9], [1, 2, 3, 8], [2, 3, 6, 8]], [[1, 2, 3, 5, 6], [1, 2, 3, 5, 6], [1, 2, 3], [7], [2, 3, 4, 5, 9], [8], [1, 2, 3, 4, 6], [1, 2, 3], [2, 3, 4, 6]], [[1, 2, 3], [9], [1, 2, 3, 8], [6], [2, 3, 4], [1, 4], [1, 2, 3, 4], [5], [2, 3, 4, 7, 8]]]]
INFO:root:6315:Doing checkSmall1
INFO:root:6315:Getting tiny MUSes, distance 1, for 207 puzlits, 1 repeats
INFO:root:6352:Chunked 207 in [13, 13, 13, 13, 13, 13, 13, 13, 13, 13, 13, 13, 13, 13, 13, 12]
INFO:root:6388:XX found first (6, 8) is 7 1
INFO:root:6388:XX found first (4, 5) is 8 1
INFO:root:6389:XX found first (8, 5) is 9 1
INFO:root:6389:XX found first (9, 9) is 7 1
INFO:root:6389:XX found first (2, 5) is 7 1
INFO:root:6400:Early exit from checkSmall1
INFO:root:6421:Starting Step 3
INFO:root:6915:Current state [[[[1, 2, 4, 9], [7], [1, 2, 8, 9], [4, 5, 8, 9], [4, 5, 8, 9], [3], [1, 2, 4], [6], [2, 4, 5, 8]], [[3, 4, 6, 9], [3, 4, 6, 8], [3, 8, 9], [1], [7], [2], [3, 4], [3, 8], [3, 4, 5, 8]], [[1, 2, 3, 4, 6], [1, 2, 3, 4, 6, 8], [5], [4, 8], [4, 6, 8], [4, 6], [7], [1, 2, 3, 8], [9]], [[3, 4, 5, 9], [3, 4, 5], [7], [2], [8], [4, 5, 6, 9], [3, 6], [3, 9], [1]], [[2, 3, 5, 9], [2, 3, 5], [6], [3, 5, 9], [1], [5, 7, 9], [8], [4], [2, 3, 7]], [[8], [1, 2, 3, 4], [1, 2, 3, 9], [3, 4, 9], [3, 4, 6, 7, 9], [4, 6, 7, 9], [5], [7], [2, 3, 6, 7]], [[7], [1, 2, 3, 5, 6, 8], [4], [3, 5], [2, 3, 5], [1, 5], [9], [1, 2, 3, 8], [2, 3, 6, 8]], [[1, 2, 3, 5, 6], [1, 2, 3, 5, 6], [1, 2, 3], [7], [9], [8], [1, 2, 3, 4, 6], [1, 2, 3], [2, 3, 4, 6]], [[1, 2, 3], [9], [1, 2, 3, 8], [6], [2, 3, 4], [1, 4], [1, 2, 3, 4], [5], [7]]]]
INFO:root:6915:Doing checkSmall1
INFO:root:6915:Getting tiny MUSes, distance 1, for 202 puzlits, 1 repeats
INFO:root:6951:Chunked 202 in [13, 13, 13, 13, 13, 13, 13, 13, 13, 13, 12, 12, 12, 12, 12, 12]
INFO:root:6993:XX found first (6, 5) is not 9 1
INFO:root:6993:XX found first (2, 5) is not 6 1
INFO:root:6993:XX found first (4, 5) is not 5 1
INFO:root:6993:XX found first (2, 5) is not 5 1
INFO:root:6993:XX found first (9, 9) is not 3 1
INFO:root:6993:XX found first (1, 5) is not 8 1
INFO:root:6994:XX found first (6, 6) is not 7 1
INFO:root:6994:XX found first (5, 9) is not 7 1
INFO:root:6994:XX found first (9, 9) is not 2 1
INFO:root:6994:XX found first (6, 9) is not 7 1
INFO:root:6994:XX found first (1, 5) is not 9 1
INFO:root:6994:XX found first (4, 5) is not 6 1
INFO:root:6994:XX found first (9, 9) is not 4 1
INFO:root:6994:XX found first (4, 5) is not 9 1
INFO:root:6994:XX found first (8, 5) is not 2 1
INFO:root:6994:XX found first (8, 5) is not 5 1
INFO:root:6994:XX found first (6, 8) is not 3 1
INFO:root:6994:XX found first (6, 8) is not 9 1
INFO:root:6994:XX found first (4, 5) is not 4 1
INFO:root:6994:XX found first (4, 5) is not 3 1
INFO:root:6994:XX found first (6, 5) is not 7 1
INFO:root:6994:XX found first (6, 8) is not 2 1
INFO:root:6994:XX found first (3, 5) is not 8 1
INFO:root:6994:XX found first (2, 5) is not 9 1
INFO:root:6994:XX found first (2, 5) is not 4 1
INFO:root:6994:XX found first (9, 9) is not 8 1
INFO:root:6994:XX found first (8, 5) is not 4 1
INFO:root:6994:XX found first (8, 5) is not 3 1
INFO:root:6994:XX found first (2, 5) is not 8 1
INFO:root:7006:Early exit from checkSmall1
INFO:root:7017:Starting Step 4
INFO:root:7534:Current state [[[[1, 2, 4, 9], [7], [1, 2, 8, 9], [4, 5, 8, 9], [4, 5], [3], [1, 2, 4], [6], [2, 4, 5, 8]], [[3, 4, 6, 9], [3, 4, 6, 8], [3, 8, 9], [1], [7], [2], [3, 4], [3, 8], [3, 4, 5, 8]], [[1, 2, 3, 4, 6], [1, 2, 3, 4, 6, 8], [5], [4, 8], [4, 6], [4, 6], [7], [1, 2, 3, 8], [9]], [[3, 4, 5, 9], [3, 4, 5], [7], [2], [8], [4, 5, 6, 9], [3, 6], [3, 9], [1]], [[2, 3, 5, 9], [2, 3, 5], [6], [3, 5, 9], [1], [5, 7, 9], [8], [4], [2, 3]], [[8], [1, 2, 3, 4], [1, 2, 3, 9], [3, 4, 9], [3, 4, 6], [4, 6, 9], [5], [7], [2, 3, 6]], [[7], [1, 2, 3, 5, 6, 8], [4], [3, 5], [2, 3, 5], [1, 5], [9], [1, 2, 3, 8], [2, 3, 6, 8]], [[1, 2, 3, 5, 6], [1, 2, 3, 5, 6], [1, 2, 3], [7], [9], [8], [1, 2, 3, 4, 6], [1, 2, 3], [2, 3, 4, 6]], [[1, 2, 3], [9], [1, 2, 3, 8], [6], [2, 3, 4], [1, 4], [1, 2, 3, 4], [5], [7]]]]
INFO:root:7534:Doing checkSmall1
INFO:root:7534:Getting tiny MUSes, distance 1, for 173 puzlits, 1 repeats
INFO:root:7569:Chunked 173 in [11, 11, 11, 11, 11, 11, 11, 11, 11, 11, 11, 11, 11, 10, 10, 10]
INFO:root:7607:XX found first (1, 4) is 9 1
INFO:root:7607:XX found first (2, 9) is 5 1
INFO:root:7607:XX found first (5, 6) is 7 1
INFO:root:7607:XX found first (9, 3) is 8 1
INFO:root:7607:XX found first (4, 8) is 9 1
INFO:root:7619:Early exit from checkSmall1
INFO:root:7639:Starting Step 5
INFO:root:8159:Current state [[[[1, 2, 4, 9], [7], [1, 2, 8, 9], [9], [4, 5], [3], [1, 2, 4], [6], [2, 4, 5, 8]], [[3, 4, 6, 9], [3, 4, 6, 8], [3, 8, 9], [1], [7], [2], [3, 4], [3, 8], [5]], [[1, 2, 3, 4, 6], [1, 2, 3, 4, 6, 8], [5], [4, 8], [4, 6], [4, 6], [7], [1, 2, 3, 8], [9]], [[3, 4, 5, 9], [3, 4, 5], [7], [2], [8], [4, 5, 6, 9], [3, 6], [9], [1]], [[2, 3, 5, 9], [2, 3, 5], [6], [3, 5, 9], [1], [7], [8], [4], [2, 3]], [[8], [1, 2, 3, 4], [1, 2, 3, 9], [3, 4, 9], [3, 4, 6], [4, 6, 9], [5], [7], [2, 3, 6]], [[7], [1, 2, 3, 5, 6, 8], [4], [3, 5], [2, 3, 5], [1, 5], [9], [1, 2, 3, 8], [2, 3, 6, 8]], [[1, 2, 3, 5, 6], [1, 2, 3, 5, 6], [1, 2, 3], [7], [9], [8], [1, 2, 3, 4, 6], [1, 2, 3], [2, 3, 4, 6]], [[1, 2, 3], [9], [8], [6], [2, 3, 4], [1, 4], [1, 2, 3, 4], [5], [7]]]]
INFO:root:8159:Doing checkSmall1
INFO:root:8159:Getting tiny MUSes, distance 1, for 168 puzlits, 1 repeats
INFO:root:8194:Chunked 168 in [11, 11, 11, 11, 11, 11, 11, 11, 10, 10, 10, 10, 10, 10, 10, 10]
INFO:root:8222:XX found first (5, 6) is not 9 1
INFO:root:8222:XX found first (1, 4) is not 8 1
INFO:root:8222:XX found first (4, 6) is not 9 1
INFO:root:8222:XX found first (9, 3) is not 2 1
INFO:root:8222:XX found first (2, 9) is not 3 1
INFO:root:8222:XX found first (1, 4) is not 4 1
INFO:root:8222:XX found first (5, 4) is not 9 1
INFO:root:8222:XX found first (6, 4) is not 9 1
INFO:root:8222:XX found first (7, 2) is not 8 1
INFO:root:8222:XX found first (9, 3) is not 1 1
INFO:root:8222:XX found first (9, 3) is not 3 1
INFO:root:8222:XX found first (2, 9) is not 4 1
INFO:root:8222:XX found first (1, 1) is not 9 1
INFO:root:8222:XX found first (1, 9) is not 5 1
INFO:root:8222:XX found first (2, 3) is not 8 1
INFO:root:8222:XX found first (4, 8) is not 3 1
INFO:root:8222:XX found first (1, 3) is not 9 1
INFO:root:8223:XX found first (1, 4) is not 5 1
INFO:root:8223:XX found first (1, 3) is not 8 1
INFO:root:8223:XX found first (4, 1) is not 9 1
INFO:root:8223:XX found first (2, 9) is not 8 1
INFO:root:8223:XX found first (5, 6) is not 5 1
INFO:root:8235:Early exit from checkSmall1
INFO:root:8245:Starting Step 6
INFO:root:8778:Current state [[[[1, 2, 4], [7], [1, 2], [9], [4, 5], [3], [1, 2, 4], [6], [2, 4, 8]], [[3, 4, 6, 9], [3, 4, 6, 8], [3, 9], [1], [7], [2], [3, 4], [3, 8], [5]], [[1, 2, 3, 4, 6], [1, 2, 3, 4, 6, 8], [5], [4, 8], [4, 6], [4, 6], [7], [1, 2, 3, 8], [9]], [[3, 4, 5], [3, 4, 5], [7], [2], [8], [4, 5, 6], [3, 6], [9], [1]], [[2, 3, 5, 9], [2, 3, 5], [6], [3, 5], [1], [7], [8], [4], [2, 3]], [[8], [1, 2, 3, 4], [1, 2, 3, 9], [3, 4], [3, 4, 6], [4, 6, 9], [5], [7], [2, 3, 6]], [[7], [1, 2, 3, 5, 6], [4], [3, 5], [2, 3, 5], [1, 5], [9], [1, 2, 3, 8], [2, 3, 6, 8]], [[1, 2, 3, 5, 6], [1, 2, 3, 5, 6], [1, 2, 3], [7], [9], [8], [1, 2, 3, 4, 6], [1, 2, 3], [2, 3, 4, 6]], [[1, 2, 3], [9], [8], [6], [2, 3, 4], [1, 4], [1, 2, 3, 4], [5], [7]]]]
INFO:root:8779:Doing checkSmall1
INFO:root:8779:Getting tiny MUSes, distance 1, for 146 puzlits, 1 repeats
INFO:root:8813:Chunked 146 in [10, 10, 9, 9, 9, 9, 9, 9, 9, 9, 9, 9, 9, 9, 9, 9]
INFO:root:8847:XX found first (5, 1) is 9 1
INFO:root:8847:XX found first (6, 6) is 9 1
INFO:root:8847:XX found first (1, 5) is 5 1
INFO:root:8847:XX found first (1, 9) is 8 1
INFO:root:8847:XX found first (3, 4) is 8 1
INFO:root:8859:Early exit from checkSmall1
INFO:root:8880:Starting Step 7
INFO:root:9420:Current state [[[[1, 2, 4], [7], [1, 2], [9], [5], [3], [1, 2, 4], [6], [8]], [[3, 4, 6, 9], [3, 4, 6, 8], [3, 9], [1], [7], [2], [3, 4], [3, 8], [5]], [[1, 2, 3, 4, 6], [1, 2, 3, 4, 6, 8], [5], [8], [4, 6], [4, 6], [7], [1, 2, 3, 8], [9]], [[3, 4, 5], [3, 4, 5], [7], [2], [8], [4, 5, 6], [3, 6], [9], [1]], [[9], [2, 3, 5], [6], [3, 5], [1], [7], [8], [4], [2, 3]], [[8], [1, 2, 3, 4], [1, 2, 3, 9], [3, 4], [3, 4, 6], [9], [5], [7], [2, 3, 6]], [[7], [1, 2, 3, 5, 6], [4], [3, 5], [2, 3, 5], [1, 5], [9], [1, 2, 3, 8], [2, 3, 6, 8]], [[1, 2, 3, 5, 6], [1, 2, 3, 5, 6], [1, 2, 3], [7], [9], [8], [1, 2, 3, 4, 6], [1, 2, 3], [2, 3, 4, 6]], [[1, 2, 3], [9], [8], [6], [2, 3, 4], [1, 4], [1, 2, 3, 4], [5], [7]]]]
INFO:root:9420:Doing checkSmall1
INFO:root:9420:Getting tiny MUSes, distance 1, for 141 puzlits, 1 repeats
INFO:root:9455:Chunked 141 in [9, 9, 9, 9, 9, 9, 9, 9, 9, 9, 9, 9, 9, 8, 8, 8]
INFO:root:9487:XX found first (3, 2) is not 8 1
INFO:root:9487:XX found first (7, 5) is not 5 1
INFO:root:9487:XX found first (6, 3) is not 9 1
INFO:root:9487:XX found first (5, 1) is not 3 1
INFO:root:9488:XX found first (1, 9) is not 2 1
INFO:root:9488:XX found first (5, 1) is not 5 1
INFO:root:9488:XX found first (1, 9) is not 4 1
INFO:root:9488:XX found first (1, 5) is not 4 1
INFO:root:9488:XX found first (7, 9) is not 8 1
INFO:root:9488:XX found first (6, 6) is not 6 1
INFO:root:9488:XX found first (6, 6) is not 4 1
INFO:root:9488:XX found first (5, 1) is not 2 1
INFO:root:9488:XX found first (2, 1) is not 9 1
INFO:root:9488:XX found first (2, 8) is not 8 1
INFO:root:9488:XX found first (3, 8) is not 8 1
INFO:root:9488:XX found first (3, 4) is not 4 1
INFO:root:9500:Early exit from checkSmall1
INFO:root:9509:Starting Step 8
INFO:root:10061:Current state [[[[1, 2, 4], [7], [1, 2], [9], [5], [3], [1, 2, 4], [6], [8]], [[3, 4, 6], [3, 4, 6, 8], [3, 9], [1], [7], [2], [3, 4], [3], [5]], [[1, 2, 3, 4, 6], [1, 2, 3, 4, 6], [5], [8], [4, 6], [4, 6], [7], [1, 2, 3], [9]], [[3, 4, 5], [3, 4, 5], [7], [2], [8], [4, 5, 6], [3, 6], [9], [1]], [[9], [2, 3, 5], [6], [3, 5], [1], [7], [8], [4], [2, 3]], [[8], [1, 2, 3, 4], [1, 2, 3], [3, 4], [3, 4, 6], [9], [5], [7], [2, 3, 6]], [[7], [1, 2, 3, 5, 6], [4], [3, 5], [2, 3], [1, 5], [9], [1, 2, 3, 8], [2, 3, 6]], [[1, 2, 3, 5, 6], [1, 2, 3, 5, 6], [1, 2, 3], [7], [9], [8], [1, 2, 3, 4, 6], [1, 2, 3], [2, 3, 4, 6]], [[1, 2, 3], [9], [8], [6], [2, 3, 4], [1, 4], [1, 2, 3, 4], [5], [7]]]]
INFO:root:10061:Doing checkSmall1
INFO:root:10061:Getting tiny MUSes, distance 1, for 125 puzlits, 1 repeats
INFO:root:10096:Chunked 125 in [8, 8, 8, 8, 8, 8, 8, 8, 8, 8, 8, 8, 8, 7, 7, 7]
INFO:root:10123:XX found first (2, 8) is 3 1
INFO:root:10123:XX found first (7, 8) is 8 1
INFO:root:10123:XX found first (2, 3) is 9 1
INFO:root:10123:XX found first (2, 2) is 8 1
INFO:root:10123:XX found first (8, 9) is 4 1
INFO:root:10123:XX found first (6, 4) is 4 1
INFO:root:10135:Early exit from checkSmall1
INFO:root:10160:Starting Step 9
INFO:root:10716:Current state [[[[1, 2, 4], [7], [1, 2], [9], [5], [3], [1, 2, 4], [6], [8]], [[3, 4, 6], [8], [9], [1], [7], [2], [3, 4], [3], [5]], [[1, 2, 3, 4, 6], [1, 2, 3, 4, 6], [5], [8], [4, 6], [4, 6], [7], [1, 2, 3], [9]], [[3, 4, 5], [3, 4, 5], [7], [2], [8], [4, 5, 6], [3, 6], [9], [1]], [[9], [2, 3, 5], [6], [3, 5], [1], [7], [8], [4], [2, 3]], [[8], [1, 2, 3, 4], [1, 2, 3], [4], [3, 4, 6], [9], [5], [7], [2, 3, 6]], [[7], [1, 2, 3, 5, 6], [4], [3, 5], [2, 3], [1, 5], [9], [8], [2, 3, 6]], [[1, 2, 3, 5, 6], [1, 2, 3, 5, 6], [1, 2, 3], [7], [9], [8], [1, 2, 3, 4, 6], [1, 2, 3], [4]], [[1, 2, 3], [9], [8], [6], [2, 3, 4], [1, 4], [1, 2, 3, 4], [5], [7]]]]
INFO:root:10716:Doing checkSmall1
INFO:root:10717:Getting tiny MUSes, distance 1, for 119 puzlits, 1 repeats
INFO:root:10752:Chunked 119 in [8, 8, 8, 8, 8, 8, 8, 7, 7, 7, 7, 7, 7, 7, 7, 7]
INFO:root:10776:XX found first (2, 2) is not 6 1
INFO:root:10776:XX found first (2, 7) is not 3 1
INFO:root:10776:XX found first (8, 9) is not 2 1
INFO:root:10776:XX found first (8, 7) is not 4 1
INFO:root:10776:XX found first (7, 8) is not 2 1
INFO:root:10776:XX found first (2, 3) is not 3 1
INFO:root:10776:XX found first (2, 1) is not 3 1
INFO:root:10777:XX found first (8, 8) is not 3 1
INFO:root:10777:XX found first (7, 8) is not 1 1
INFO:root:10777:XX found first (3, 8) is not 3 1
INFO:root:10777:XX found first (6, 2) is not 4 1
INFO:root:10777:XX found first (8, 9) is not 3 1
INFO:root:10777:XX found first (2, 2) is not 4 1
INFO:root:10777:XX found first (2, 2) is not 3 1
INFO:root:10777:XX found first (8, 9) is not 6 1
INFO:root:10777:XX found first (9, 7) is not 4 1
INFO:root:10777:XX found first (6, 4) is not 3 1
INFO:root:10777:XX found first (7, 8) is not 3 1
INFO:root:10777:XX found first (4, 6) is not 4 1
INFO:root:10777:XX found first (6, 5) is not 4 1
INFO:root:10789:Early exit from checkSmall1
INFO:root:10798:Starting Step 10
INFO:root:11373:Current state [[[[1, 2, 4], [7], [1, 2], [9], [5], [3], [1, 2, 4], [6], [8]], [[4, 6], [8], [9], [1], [7], [2], [4], [3], [5]], [[1, 2, 3, 4, 6], [1, 2, 3, 4, 6], [5], [8], [4, 6], [4, 6], [7], [1, 2], [9]], [[3, 4, 5], [3, 4, 5], [7], [2], [8], [5, 6], [3, 6], [9], [1]], [[9], [2, 3, 5], [6], [3, 5], [1], [7], [8], [4], [2, 3]], [[8], [1, 2, 3], [1, 2, 3], [4], [3, 6], [9], [5], [7], [2, 3, 6]], [[7], [1, 2, 3, 5, 6], [4], [3, 5], [2, 3], [1, 5], [9], [8], [2, 3, 6]], [[1, 2, 3, 5, 6], [1, 2, 3, 5, 6], [1, 2, 3], [7], [9], [8], [1, 2, 3, 6], [1, 2], [4]], [[1, 2, 3], [9], [8], [6], [2, 3, 4], [1, 4], [1, 2, 3], [5], [7]]]]
INFO:root:11374:Doing checkSmall1
INFO:root:11374:Getting tiny MUSes, distance 1, for 99 puzlits, 1 repeats
INFO:root:11410:Chunked 99 in [7, 7, 7, 6, 6, 6, 6, 6, 6, 6, 6, 6, 6, 6, 6, 6]
INFO:root:11432:XX found first (2, 1) is 6 1
INFO:root:11433:XX found first (2, 7) is 4 1
INFO:root:11444:Early exit from checkSmall1
INFO:root:11456:Starting Step 11
INFO:root:12026:Current state [[[[1, 2, 4], [7], [1, 2], [9], [5], [3], [1, 2, 4], [6], [8]], [[6], [8], [9], [1], [7], [2], [4], [3], [5]], [[1, 2, 3, 4, 6], [1, 2, 3, 4, 6], [5], [8], [4, 6], [4, 6], [7], [1, 2], [9]], [[3, 4, 5], [3, 4, 5], [7], [2], [8], [5, 6], [3, 6], [9], [1]], [[9], [2, 3, 5], [6], [3, 5], [1], [7], [8], [4], [2, 3]], [[8], [1, 2, 3], [1, 2, 3], [4], [3, 6], [9], [5], [7], [2, 3, 6]], [[7], [1, 2, 3, 5, 6], [4], [3, 5], [2, 3], [1, 5], [9], [8], [2, 3, 6]], [[1, 2, 3, 5, 6], [1, 2, 3, 5, 6], [1, 2, 3], [7], [9], [8], [1, 2, 3, 6], [1, 2], [4]], [[1, 2, 3], [9], [8], [6], [2, 3, 4], [1, 4], [1, 2, 3], [5], [7]]]]
INFO:root:12026:Doing checkSmall1
INFO:root:12026:Getting tiny MUSes, distance 1, for 97 puzlits, 1 repeats
INFO:root:12061:Chunked 97 in [7, 6, 6, 6, 6, 6, 6, 6, 6, 6, 6, 6, 6, 6, 6, 6]
INFO:root:12085:XX found first (3, 1) is not 6 1
INFO:root:12085:XX found first (2, 1) is not 4 1
INFO:root:12085:XX found first (3, 2) is not 6 1
INFO:root:12085:XX found first (8, 1) is not 6 1
INFO:root:12085:XX found first (1, 7) is not 4 1
INFO:root:12097:Early exit from checkSmall1
INFO:root:12106:Starting Step 12
INFO:root:12677:Current state [[[[1, 2, 4], [7], [1, 2], [9], [5], [3], [1, 2], [6], [8]], [[6], [8], [9], [1], [7], [2], [4], [3], [5]], [[1, 2, 3, 4], [1, 2, 3, 4], [5], [8], [4, 6], [4, 6], [7], [1, 2], [9]], [[3, 4, 5], [3, 4, 5], [7], [2], [8], [5, 6], [3, 6], [9], [1]], [[9], [2, 3, 5], [6], [3, 5], [1], [7], [8], [4], [2, 3]], [[8], [1, 2, 3], [1, 2, 3], [4], [3, 6], [9], [5], [7], [2, 3, 6]], [[7], [1, 2, 3, 5, 6], [4], [3, 5], [2, 3], [1, 5], [9], [8], [2, 3, 6]], [[1, 2, 3, 5], [1, 2, 3, 5, 6], [1, 2, 3], [7], [9], [8], [1, 2, 3, 6], [1, 2], [4]], [[1, 2, 3], [9], [8], [6], [2, 3, 4], [1, 4], [1, 2, 3], [5], [7]]]]
INFO:root:12678:Doing checkSmall1
INFO:root:12678:Getting tiny MUSes, distance 1, for 92 puzlits, 1 repeats
INFO:root:12713:Chunked 92 in [6, 6, 6, 6, 6, 6, 6, 6, 6, 6, 6, 6, 5, 5, 5, 5]
INFO:root:12732:XX found first (1, 1) is 4 1
INFO:root:12744:Early exit from checkSmall1
INFO:root:12755:Starting Step 13
INFO:root:13334:Current state [[[[4], [7], [1, 2], [9], [5], [3], [1, 2], [6], [8]], [[6], [8], [9], [1], [7], [2], [4], [3], [5]], [[1, 2, 3, 4], [1, 2, 3, 4], [5], [8], [4, 6], [4, 6], [7], [1, 2], [9]], [[3, 4, 5], [3, 4, 5], [7], [2], [8], [5, 6], [3, 6], [9], [1]], [[9], [2, 3, 5], [6], [3, 5], [1], [7], [8], [4], [2, 3]], [[8], [1, 2, 3], [1, 2, 3], [4], [3, 6], [9], [5], [7], [2, 3, 6]], [[7], [1, 2, 3, 5, 6], [4], [3, 5], [2, 3], [1, 5], [9], [8], [2, 3, 6]], [[1, 2, 3, 5], [1, 2, 3, 5, 6], [1, 2, 3], [7], [9], [8], [1, 2, 3, 6], [1, 2], [4]], [[1, 2, 3], [9], [8], [6], [2, 3, 4], [1, 4], [1, 2, 3], [5], [7]]]]
INFO:root:13334:Doing checkSmall1
INFO:root:13334:Getting tiny MUSes, distance 1, for 91 puzlits, 1 repeats
INFO:root:13370:Chunked 91 in [6, 6, 6, 6, 6, 6, 6, 6, 6, 6, 6, 5, 5, 5, 5, 5]
INFO:root:13393:XX found first (1, 1) is not 2 1
INFO:root:13393:XX found first (4, 1) is not 4 1
INFO:root:13393:XX found first (3, 2) is not 4 1
INFO:root:13393:XX found first (1, 1) is not 1 1
INFO:root:13393:XX found first (3, 1) is not 4 1
INFO:root:13405:Early exit from checkSmall1
INFO:root:13413:Starting Step 14
INFO:root:13988:Current state [[[[4], [7], [1, 2], [9], [5], [3], [1, 2], [6], [8]], [[6], [8], [9], [1], [7], [2], [4], [3], [5]], [[1, 2, 3], [1, 2, 3], [5], [8], [4, 6], [4, 6], [7], [1, 2], [9]], [[3, 5], [3, 4, 5], [7], [2], [8], [5, 6], [3, 6], [9], [1]], [[9], [2, 3, 5], [6], [3, 5], [1], [7], [8], [4], [2, 3]], [[8], [1, 2, 3], [1, 2, 3], [4], [3, 6], [9], [5], [7], [2, 3, 6]], [[7], [1, 2, 3, 5, 6], [4], [3, 5], [2, 3], [1, 5], [9], [8], [2, 3, 6]], [[1, 2, 3, 5], [1, 2, 3, 5, 6], [1, 2, 3], [7], [9], [8], [1, 2, 3, 6], [1, 2], [4]], [[1, 2, 3], [9], [8], [6], [2, 3, 4], [1, 4], [1, 2, 3], [5], [7]]]]
INFO:root:13988:Doing checkSmall1
INFO:root:13988:Getting tiny MUSes, distance 1, for 86 puzlits, 1 repeats
INFO:root:14023:Chunked 86 in [6, 6, 6, 6, 6, 6, 5, 5, 5, 5, 5, 5, 5, 5, 5, 5]
INFO:root:14045:XX found first (4, 2) is 4 1
INFO:root:14057:Early exit from checkSmall1
INFO:root:14069:Starting Step 15
INFO:root:14644:Current state [[[[4], [7], [1, 2], [9], [5], [3], [1, 2], [6], [8]], [[6], [8], [9], [1], [7], [2], [4], [3], [5]], [[1, 2, 3], [1, 2, 3], [5], [8], [4, 6], [4, 6], [7], [1, 2], [9]], [[3, 5], [4], [7], [2], [8], [5, 6], [3, 6], [9], [1]], [[9], [2, 3, 5], [6], [3, 5], [1], [7], [8], [4], [2, 3]], [[8], [1, 2, 3], [1, 2, 3], [4], [3, 6], [9], [5], [7], [2, 3, 6]], [[7], [1, 2, 3, 5, 6], [4], [3, 5], [2, 3], [1, 5], [9], [8], [2, 3, 6]], [[1, 2, 3, 5], [1, 2, 3, 5, 6], [1, 2, 3], [7], [9], [8], [1, 2, 3, 6], [1, 2], [4]], [[1, 2, 3], [9], [8], [6], [2, 3, 4], [1, 4], [1, 2, 3], [5], [7]]]]
INFO:root:14644:Doing checkSmall1
INFO:root:14644:Getting tiny MUSes, distance 1, for 85 puzlits, 1 repeats
INFO:root:14680:Chunked 85 in [6, 6, 6, 6, 6, 5, 5, 5, 5, 5, 5, 5, 5, 5, 5, 5]
INFO:root:14702:XX found first (4, 2) is not 3 1
INFO:root:14702:XX found first (4, 2) is not 5 1
INFO:root:14714:Early exit from checkSmall1
INFO:root:14722:Starting Step 16
INFO:root:15300:Current state [[[[4], [7], [1, 2], [9], [5], [3], [1, 2], [6], [8]], [[6], [8], [9], [1], [7], [2], [4], [3], [5]], [[1, 2, 3], [1, 2, 3], [5], [8], [4, 6], [4, 6], [7], [1, 2], [9]], [[3, 5], [4], [7], [2], [8], [5, 6], [3, 6], [9], [1]], [[9], [2, 3, 5], [6], [3, 5], [1], [7], [8], [4], [2, 3]], [[8], [1, 2, 3], [1, 2, 3], [4], [3, 6], [9], [5], [7], [2, 3, 6]], [[7], [1, 2, 3, 5, 6], [4], [3, 5], [2, 3], [1, 5], [9], [8], [2, 3, 6]], [[1, 2, 3, 5], [1, 2, 3, 5, 6], [1, 2, 3], [7], [9], [8], [1, 2, 3, 6], [1, 2], [4]], [[1, 2, 3], [9], [8], [6], [2, 3, 4], [1, 4], [1, 2, 3], [5], [7]]]]
INFO:root:15300:Doing checkSmall1
INFO:root:15300:Getting tiny MUSes, distance 1, for 83 puzlits, 1 repeats
INFO:root:15335:Chunked 83 in [6, 6, 6, 5, 5, 5, 5, 5, 5, 5, 5, 5, 5, 5, 5, 5]
INFO:root:15408:Considering 100 * 83 jobs for minsize=3
INFO:root:15424:Chunked 8300 in [519, 519, 519, 519, 519, 519, 519, 519, 519, 519, 519, 519, 518, 518, 518, 518]
INFO:root:66541:XX found first (7, 9) is not 2 3
INFO:root:66541:XX found first (7, 2) is not 5 3
INFO:root:66542:XX add new best (7, 9) is not 2 3 3
INFO:root:66542:XX add new best (7, 9) is not 2 3 3
INFO:root:66542:XX add new best (7, 9) is not 2 3 3
INFO:root:66542:XX add new best (7, 9) is not 2 3 3
INFO:root:66542:XX add new best (7, 2) is not 5 3 3
INFO:root:66542:XX add new best (7, 2) is not 5 3 3
INFO:root:66542:XX add new best (7, 9) is not 2 3 3
INFO:root:66542:XX add new best (7, 2) is not 5 3 3
INFO:root:66542:XX add new best (7, 2) is not 5 3 3
INFO:root:66542:XX add new best (7, 2) is not 5 3 3
INFO:root:66542:XX add new best (7, 2) is not 5 3 3
INFO:root:66543:XX add new best (7, 2) is not 5 3 3
INFO:root:66543:XX add new best (7, 2) is not 5 3 3
INFO:root:66543:XX add new best (7, 9) is not 2 3 3
INFO:root:66543:XX add new best (7, 2) is not 5 3 3
INFO:root:66543:XX add new best (7, 9) is not 2 3 3
INFO:root:66543:XX add new best (7, 2) is not 5 3 3
INFO:root:66543:XX add new best (7, 9) is not 2 3 3
INFO:root:66543:XX add new best (7, 2) is not 5 3 3
INFO:root:66543:XX add new best (7, 2) is not 5 3 3
INFO:root:66543:XX add new best (7, 2) is not 5 3 3
INFO:root:66543:XX add new best (7, 9) is not 2 3 3
INFO:root:66544:XX add new best (7, 2) is not 5 3 3
INFO:root:66544:XX add new best (7, 2) is not 5 3 3
INFO:root:66544:XX add new best (7, 9) is not 2 3 3
INFO:root:66544:XX add new best (7, 9) is not 2 3 3
INFO:root:66544:XX add new best (7, 2) is not 5 3 3
INFO:root:66544:XX add new best (7, 2) is not 5 3 3
INFO:root:66544:XX add new best (7, 2) is not 5 3 3
INFO:root:66544:XX add new best (7, 2) is not 5 3 3
INFO:root:66544:XX add new best (7, 9) is not 2 3 3
INFO:root:66544:XX add new best (7, 9) is not 2 3 3
INFO:root:66544:XX add new best (7, 9) is not 2 3 3
INFO:root:66544:XX add new best (7, 2) is not 5 3 3
INFO:root:66545:XX add new best (7, 9) is not 2 3 3
INFO:root:66545:XX add new best (7, 2) is not 5 3 3
INFO:root:66545:XX add new best (7, 2) is not 5 3 3
INFO:root:66545:XX add new best (7, 2) is not 5 3 3
INFO:root:66545:XX add new best (7, 9) is not 2 3 3
INFO:root:66545:XX add new best (7, 9) is not 2 3 3
INFO:root:66545:XX add new best (7, 2) is not 5 3 3
INFO:root:66545:XX add new best (7, 9) is not 2 3 3
INFO:root:66545:XX add new best (7, 2) is not 5 3 3
INFO:root:66545:XX add new best (7, 2) is not 5 3 3
INFO:root:66546:XX add new best (7, 2) is not 5 3 3
INFO:root:66546:XX add new best (7, 9) is not 2 3 3
INFO:root:66546:XX add new best (7, 9) is not 2 3 3
INFO:root:66546:XX add new best (7, 2) is not 5 3 3
INFO:root:66546:XX add new best (7, 9) is not 2 3 3
INFO:root:66546:XX add new best (7, 9) is not 2 3 3
INFO:root:66546:XX add new best (7, 2) is not 5 3 3
INFO:root:66546:XX add new best (7, 9) is not 2 3 3
INFO:root:66546:XX add new best (7, 2) is not 5 3 3
INFO:root:66547:XX add new best (7, 2) is not 5 3 3
INFO:root:66547:XX add new best (7, 9) is not 2 3 3
INFO:root:66547:XX add new best (7, 2) is not 5 3 3
INFO:root:66547:XX add new best (7, 2) is not 5 3 3
INFO:root:66547:XX add new best (7, 9) is not 2 3 3
INFO:root:66678:Minimal choices : 2 [(7, 2) is not 5, (7, 9) is not 2]
INFO:root:66678:Starting Step 17
INFO:root:67268:Current state [[[[4], [7], [1, 2], [9], [5], [3], [1, 2], [6], [8]], [[6], [8], [9], [1], [7], [2], [4], [3], [5]], [[1, 2, 3], [1, 2, 3], [5], [8], [4, 6], [4, 6], [7], [1, 2], [9]], [[3, 5], [4], [7], [2], [8], [5, 6], [3, 6], [9], [1]], [[9], [2, 3, 5], [6], [3, 5], [1], [7], [8], [4], [2, 3]], [[8], [1, 2, 3], [1, 2, 3], [4], [3, 6], [9], [5], [7], [2, 3, 6]], [[7], [1, 2, 3, 5, 6], [4], [3, 5], [2, 3], [1, 5], [9], [8], [2, 3, 6]], [[1, 2, 3, 5], [1, 2, 3, 5, 6], [1, 2, 3], [7], [9], [8], [1, 2, 6], [1, 2], [4]], [[1, 2, 3], [9], [8], [6], [2, 3, 4], [1, 4], [1, 2, 3], [5], [7]]]]
INFO:root:67268:Doing checkSmall1
INFO:root:67268:Getting tiny MUSes, distance 1, for 82 puzlits, 1 repeats
INFO:root:67307:Chunked 82 in [6, 6, 5, 5, 5, 5, 5, 5, 5, 5, 5, 5, 5, 5, 5, 5]
INFO:root:67377:Chunked 60 in [4, 4, 4, 4, 4, 4, 4, 4, 4, 4, 4, 4, 3, 3, 3, 3]
INFO:root:67433:XX found first (7, 9) is not 2 3
INFO:root:67433:XX found first (7, 2) is not 5 3
INFO:root:67433:XX add new best (7, 2) is not 5 3 3
INFO:root:67433:XX add new best (7, 2) is not 5 3 3
INFO:root:67433:XX add new best (7, 9) is not 2 3 3
INFO:root:67433:XX add new best (7, 9) is not 2 3 3
INFO:root:67433:XX add new best (7, 9) is not 2 3 3
INFO:root:67433:XX add new best (7, 2) is not 5 3 3
INFO:root:67433:XX add new best (7, 2) is not 5 3 3
INFO:root:67433:XX add new best (7, 9) is not 2 3 3
INFO:root:67433:XX add new best (7, 9) is not 2 3 3
INFO:root:67434:XX add new best (7, 9) is not 2 3 3
INFO:root:67434:XX add new best (7, 9) is not 2 3 3
INFO:root:67434:XX add new best (7, 9) is not 2 3 3
INFO:root:67434:XX add new best (7, 2) is not 5 3 3
INFO:root:67434:XX add new best (7, 2) is not 5 3 3
INFO:root:67434:XX add new best (7, 2) is not 5 3 3
INFO:root:67434:XX add new best (7, 9) is not 2 3 3
INFO:root:67434:XX add new best (7, 2) is not 5 3 3
INFO:root:67434:XX add new best (7, 2) is not 5 3 3
INFO:root:67434:XX add new best (7, 2) is not 5 3 3
INFO:root:67434:XX add new best (7, 9) is not 2 3 3
INFO:root:67434:XX add new best (7, 2) is not 5 3 3
INFO:root:67434:XX add new best (7, 2) is not 5 3 3
INFO:root:67434:XX add new best (7, 2) is not 5 3 3
INFO:root:67434:XX add new best (7, 2) is not 5 3 3
INFO:root:67435:XX add new best (7, 9) is not 2 3 3
INFO:root:67435:XX add new best (7, 2) is not 5 3 3
INFO:root:67435:XX add new best (7, 9) is not 2 3 3
INFO:root:67435:XX add new best (7, 9) is not 2 3 3
INFO:root:67435:XX add new best (7, 9) is not 2 3 3
INFO:root:67435:XX add new best (7, 2) is not 5 3 3
INFO:root:67435:XX add new best (7, 9) is not 2 3 3
INFO:root:67435:XX add new best (7, 2) is not 5 3 3
INFO:root:67435:XX add new best (7, 2) is not 5 3 3
INFO:root:67435:XX add new best (7, 2) is not 5 3 3
INFO:root:67435:XX add new best (7, 2) is not 5 3 3
INFO:root:67435:XX add new best (7, 9) is not 2 3 3
INFO:root:67435:XX add new best (7, 2) is not 5 3 3
INFO:root:67435:XX add new best (7, 2) is not 5 3 3
INFO:root:67435:XX add new best (7, 2) is not 5 3 3
INFO:root:67435:XX add new best (7, 2) is not 5 3 3
INFO:root:67436:XX add new best (7, 9) is not 2 3 3
INFO:root:67436:XX add new best (7, 2) is not 5 3 3
INFO:root:67436:XX add new best (7, 2) is not 5 3 3
INFO:root:67436:XX add new best (7, 2) is not 5 3 3
INFO:root:67436:XX add new best (7, 2) is not 5 3 3
INFO:root:67436:XX add new best (7, 2) is not 5 3 3
INFO:root:67436:XX add new best (7, 2) is not 5 3 3
INFO:root:67436:XX add new best (7, 2) is not 5 3 3
INFO:root:67436:XX add new best (7, 9) is not 2 3 3
INFO:root:67436:XX add new best (7, 9) is not 2 3 3
INFO:root:67436:XX add new best (7, 2) is not 5 3 3
INFO:root:67436:XX add new best (7, 2) is not 5 3 3
INFO:root:67436:XX add new best (7, 9) is not 2 3 3
INFO:root:67436:XX add new best (7, 9) is not 2 3 3
INFO:root:67437:XX add new best (7, 9) is not 2 3 3
INFO:root:67437:XX add new best (7, 9) is not 2 3 3
INFO:root:67437:XX add new best (7, 9) is not 2 3 3
INFO:root:67437:XX add new best (7, 9) is not 2 3 3
INFO:root:67484:Considering 100 * 82 jobs for minsize=3
INFO:root:67501:Chunked 8200 in [513, 513, 513, 513, 513, 513, 513, 513, 512, 512, 512, 512, 512, 512, 512, 512]
INFO:root:117691:XX add new best (7, 9) is not 2 3 3
INFO:root:117691:XX add new best (7, 2) is not 5 3 3
INFO:root:117691:XX add new best (7, 2) is not 5 3 3
INFO:root:117692:XX add new best (7, 2) is not 5 3 3
INFO:root:117692:XX add new best (7, 2) is not 5 3 3
INFO:root:117692:XX add new best (7, 9) is not 2 3 3
INFO:root:117692:XX add new best (7, 9) is not 2 3 3
INFO:root:117692:XX add new best (7, 2) is not 5 3 3
INFO:root:117692:XX add new best (7, 9) is not 2 3 3
INFO:root:117692:XX add new best (7, 2) is not 5 3 3
INFO:root:117692:XX add new best (7, 9) is not 2 3 3
INFO:root:117692:XX add new best (7, 2) is not 5 3 3
INFO:root:117692:XX add new best (7, 2) is not 5 3 3
INFO:root:117692:XX add new best (7, 2) is not 5 3 3
INFO:root:117692:XX add new best (7, 2) is not 5 3 3
INFO:root:117693:XX add new best (7, 9) is not 2 3 3
INFO:root:117693:XX add new best (7, 2) is not 5 3 3
INFO:root:117693:XX add new best (7, 9) is not 2 3 3
INFO:root:117693:XX add new best (7, 2) is not 5 3 3
INFO:root:117693:XX add new best (7, 9) is not 2 3 3
INFO:root:117693:XX add new best (7, 2) is not 5 3 3
INFO:root:117693:XX add new best (7, 2) is not 5 3 3
INFO:root:117693:XX add new best (7, 2) is not 5 3 3
INFO:root:117693:XX add new best (7, 9) is not 2 3 3
INFO:root:117693:XX add new best (7, 2) is not 5 3 3
INFO:root:117693:XX add new best (7, 2) is not 5 3 3
INFO:root:117693:XX add new best (7, 9) is not 2 3 3
INFO:root:117694:XX add new best (7, 2) is not 5 3 3
INFO:root:117694:XX add new best (7, 9) is not 2 3 3
INFO:root:117694:XX add new best (7, 9) is not 2 3 3
INFO:root:117694:XX add new best (7, 2) is not 5 3 3
INFO:root:117694:XX add new best (7, 2) is not 5 3 3
INFO:root:117694:XX add new best (7, 9) is not 2 3 3
INFO:root:117694:XX add new best (7, 9) is not 2 3 3
INFO:root:117694:XX add new best (7, 9) is not 2 3 3
INFO:root:117694:XX add new best (7, 9) is not 2 3 3
INFO:root:117694:XX add new best (7, 2) is not 5 3 3
INFO:root:117694:XX add new best (7, 2) is not 5 3 3
INFO:root:117694:XX add new best (7, 2) is not 5 3 3
INFO:root:117695:XX add new best (7, 2) is not 5 3 3
INFO:root:117695:XX add new best (7, 9) is not 2 3 3
INFO:root:117695:XX add new best (7, 9) is not 2 3 3
INFO:root:117695:XX add new best (7, 9) is not 2 3 3
INFO:root:117695:XX add new best (7, 2) is not 5 3 3
INFO:root:117695:XX add new best (7, 9) is not 2 3 3
INFO:root:117695:XX add new best (7, 2) is not 5 3 3
INFO:root:117695:XX add new best (7, 9) is not 2 3 3
INFO:root:117695:XX add new best (7, 9) is not 2 3 3
INFO:root:117695:XX add new best (7, 2) is not 5 3 3
INFO:root:117695:XX add new best (7, 2) is not 5 3 3
INFO:root:117695:XX add new best (7, 2) is not 5 3 3
INFO:root:117696:XX add new best (7, 9) is not 2 3 3
INFO:root:117696:XX add new best (7, 9) is not 2 3 3
INFO:root:117696:XX add new best (7, 2) is not 5 3 3
INFO:root:117696:XX add new best (7, 9) is not 2 3 3
INFO:root:117696:XX add new best (7, 2) is not 5 3 3
INFO:root:117696:XX add new best (7, 9) is not 2 3 3
INFO:root:117696:XX add new best (7, 2) is not 5 3 3
INFO:root:117696:XX add new best (7, 2) is not 5 3 3
INFO:root:117696:XX add new best (7, 2) is not 5 3 3
INFO:root:117814:Minimal choices : 2 [(7, 2) is not 5, (7, 9) is not 2]
INFO:root:117815:Starting Step 18
INFO:root:118395:Current state [[[[4], [7], [1, 2], [9], [5], [3], [1, 2], [6], [8]], [[6], [8], [9], [1], [7], [2], [4], [3], [5]], [[1, 2, 3], [1, 2, 3], [5], [8], [4, 6], [4, 6], [7], [1, 2], [9]], [[3, 5], [4], [7], [2], [8], [5, 6], [3, 6], [9], [1]], [[9], [2, 3, 5], [6], [3, 5], [1], [7], [8], [4], [2]], [[8], [1, 2, 3], [1, 2, 3], [4], [3, 6], [9], [5], [7], [2, 3, 6]], [[7], [1, 2, 3, 5, 6], [4], [3, 5], [2, 3], [1, 5], [9], [8], [2, 3, 6]], [[1, 2, 3, 5], [1, 2, 3, 5, 6], [1, 2, 3], [7], [9], [8], [1, 2, 6], [1, 2], [4]], [[1, 2, 3], [9], [8], [6], [2, 3, 4], [1, 4], [1, 2, 3], [5], [7]]]]
INFO:root:118395:Doing checkSmall1
INFO:root:118395:Getting tiny MUSes, distance 1, for 81 puzlits, 1 repeats
INFO:root:118432:Chunked 81 in [6, 5, 5, 5, 5, 5, 5, 5, 5, 5, 5, 5, 5, 5, 5, 5]
INFO:root:118455:XX found first (5, 9) is 2 1
INFO:root:118467:Early exit from checkSmall1
INFO:root:118479:Starting Step 19
INFO:root:119055:Current state [[[[4], [7], [1, 2], [9], [5], [3], [1, 2], [6], [8]], [[6], [8], [9], [1], [7], [2], [4], [3], [5]], [[1, 2, 3], [1, 2, 3], [5], [8], [4, 6], [4, 6], [7], [1, 2], [9]], [[3, 5], [4], [7], [2], [8], [5, 6], [3, 6], [9], [1]], [[9], [2, 3, 5], [6], [3, 5], [1], [7], [8], [4], [2]], [[8], [1, 2, 3], [1, 2, 3], [4], [3, 6], [9], [5], [7], [2, 3, 6]], [[7], [1, 2, 3, 5, 6], [4], [3, 5], [2, 3], [1, 5], [9], [8], [2, 3, 6]], [[1, 2, 3, 5], [1, 2, 3, 5, 6], [1, 2, 3], [7], [9], [8], [1, 2, 6], [1, 2], [4]], [[1, 2, 3], [9], [8], [6], [2, 3, 4], [1, 4], [1, 2, 3], [5], [7]]]]
INFO:root:119055:Doing checkSmall1
INFO:root:119055:Getting tiny MUSes, distance 1, for 80 puzlits, 1 repeats
INFO:root:119092:Chunked 80 in [5, 5, 5, 5, 5, 5, 5, 5, 5, 5, 5, 5, 5, 5, 5, 5]
INFO:root:119112:XX found first (7, 9) is not 2 1
INFO:root:119113:XX found first (5, 2) is not 2 1
INFO:root:119113:XX found first (6, 9) is not 2 1
INFO:root:119125:Early exit from checkSmall1
INFO:root:119134:Starting Step 20
INFO:root:119718:Current state [[[[4], [7], [1, 2], [9], [5], [3], [1, 2], [6], [8]], [[6], [8], [9], [1], [7], [2], [4], [3], [5]], [[1, 2, 3], [1, 2, 3], [5], [8], [4, 6], [4, 6], [7], [1, 2], [9]], [[3, 5], [4], [7], [2], [8], [5, 6], [3, 6], [9], [1]], [[9], [3, 5], [6], [3, 5], [1], [7], [8], [4], [2]], [[8], [1, 2, 3], [1, 2, 3], [4], [3, 6], [9], [5], [7], [3, 6]], [[7], [1, 2, 3, 5, 6], [4], [3, 5], [2, 3], [1, 5], [9], [8], [3, 6]], [[1, 2, 3, 5], [1, 2, 3, 5, 6], [1, 2, 3], [7], [9], [8], [1, 2, 6], [1, 2], [4]], [[1, 2, 3], [9], [8], [6], [2, 3, 4], [1, 4], [1, 2, 3], [5], [7]]]]
INFO:root:119719:Doing checkSmall1
INFO:root:119719:Getting tiny MUSes, distance 1, for 77 puzlits, 1 repeats
INFO:root:119755:Chunked 77 in [5, 5, 5, 5, 5, 5, 5, 5, 5, 5, 5, 5, 5, 4, 4, 4]
INFO:root:119869:Chunked 68 in [5, 5, 5, 5, 4, 4, 4, 4, 4, 4, 4, 4, 4, 4, 4, 4]
INFO:root:119932:XX found first (7, 2) is not 5 3
INFO:root:119932:XX add new best (7, 2) is not 5 3 3
INFO:root:119932:XX add new best (7, 2) is not 5 3 3
INFO:root:119932:XX add new best (7, 2) is not 5 3 3
INFO:root:119932:XX add new best (7, 2) is not 5 3 3
INFO:root:119932:XX add new best (7, 2) is not 5 3 3
INFO:root:119932:XX add new best (7, 2) is not 5 3 3
INFO:root:119933:XX add new best (7, 2) is not 5 3 3
INFO:root:119933:XX add new best (7, 2) is not 5 3 3
INFO:root:119933:XX add new best (7, 2) is not 5 3 3
INFO:root:119933:XX add new best (7, 2) is not 5 3 3
INFO:root:119933:XX add new best (7, 2) is not 5 3 3
INFO:root:119933:XX add new best (7, 2) is not 5 3 3
INFO:root:119933:XX add new best (7, 2) is not 5 3 3
INFO:root:119933:XX add new best (7, 2) is not 5 3 3
INFO:root:119933:XX add new best (7, 2) is not 5 3 3
INFO:root:119933:XX add new best (7, 2) is not 5 3 3
INFO:root:119933:XX add new best (7, 2) is not 5 3 3
INFO:root:119933:XX add new best (7, 2) is not 5 3 3
INFO:root:119933:XX add new best (7, 2) is not 5 3 3
INFO:root:119933:XX add new best (7, 2) is not 5 3 3
INFO:root:119934:XX add new best (7, 2) is not 5 3 3
INFO:root:119934:XX add new best (7, 2) is not 5 3 3
INFO:root:119934:XX add new best (7, 2) is not 5 3 3
INFO:root:119934:XX add new best (7, 2) is not 5 3 3
INFO:root:119934:XX add new best (7, 2) is not 5 3 3
INFO:root:119934:XX add new best (7, 2) is not 5 3 3
INFO:root:119934:XX add new best (7, 2) is not 5 3 3
INFO:root:119934:XX add new best (7, 2) is not 5 3 3
INFO:root:119934:XX add new best (7, 2) is not 5 3 3
INFO:root:119934:XX add new best (7, 2) is not 5 3 3
INFO:root:119934:XX add new best (7, 2) is not 5 3 3
INFO:root:119934:XX add new best (7, 2) is not 5 3 3
INFO:root:119934:XX add new best (7, 2) is not 5 3 3
INFO:root:119934:XX add new best (7, 2) is not 5 3 3
INFO:root:119935:XX add new best (7, 2) is not 5 3 3
INFO:root:119935:XX add new best (7, 2) is not 5 3 3
INFO:root:119935:XX add new best (7, 2) is not 5 3 3
INFO:root:119935:XX add new best (7, 2) is not 5 3 3
INFO:root:119935:XX add new best (7, 2) is not 5 3 3
INFO:root:119935:XX add new best (7, 2) is not 5 3 3
INFO:root:119935:XX add new best (7, 2) is not 5 3 3
INFO:root:119935:XX add new best (7, 2) is not 5 3 3
INFO:root:119935:XX add new best (7, 2) is not 5 3 3
INFO:root:119935:XX add new best (7, 2) is not 5 3 3
INFO:root:119935:XX add new best (7, 2) is not 5 3 3
INFO:root:119935:XX add new best (7, 2) is not 5 3 3
INFO:root:119935:XX add new best (7, 2) is not 5 3 3
INFO:root:119935:XX add new best (7, 2) is not 5 3 3
INFO:root:119935:XX add new best (7, 2) is not 5 3 3
INFO:root:119936:XX add new best (7, 2) is not 5 3 3
INFO:root:119936:XX add new best (7, 2) is not 5 3 3
INFO:root:119936:XX add new best (7, 2) is not 5 3 3
INFO:root:119936:XX add new best (7, 2) is not 5 3 3
INFO:root:119936:XX add new best (7, 2) is not 5 3 3
INFO:root:119936:XX add new best (7, 2) is not 5 3 3
INFO:root:119936:XX add new best (7, 2) is not 5 3 3
INFO:root:119936:XX add new best (7, 2) is not 5 3 3
INFO:root:119936:XX add new best (7, 2) is not 5 3 3
INFO:root:119936:XX add new best (7, 2) is not 5 3 3
INFO:root:119936:XX add new best (7, 2) is not 5 3 3
INFO:root:119936:XX add new best (7, 2) is not 5 3 3
INFO:root:119936:XX add new best (7, 2) is not 5 3 3
INFO:root:119936:XX add new best (7, 2) is not 5 3 3
INFO:root:119936:XX add new best (7, 2) is not 5 3 3
INFO:root:119936:XX add new best (7, 2) is not 5 3 3
INFO:root:119937:XX add new best (7, 2) is not 5 3 3
INFO:root:119937:XX add new best (7, 2) is not 5 3 3
INFO:root:119985:Considering 100 * 77 jobs for minsize=3
INFO:root:120001:Chunked 7700 in [482, 482, 482, 482, 481, 481, 481, 481, 481, 481, 481, 481, 481, 481, 481, 481]
INFO:root:166603:XX add new best (7, 2) is not 5 3 3
INFO:root:166603:XX add new best (7, 2) is not 5 3 3
INFO:root:166603:XX add new best (7, 2) is not 5 3 3
INFO:root:166604:XX add new best (7, 2) is not 5 3 3
INFO:root:166604:XX add new best (7, 2) is not 5 3 3
INFO:root:166604:XX add new best (7, 2) is not 5 3 3
INFO:root:166604:XX add new best (7, 2) is not 5 3 3
INFO:root:166604:XX add new best (7, 2) is not 5 3 3
INFO:root:166604:XX add new best (7, 2) is not 5 3 3
INFO:root:166604:XX add new best (7, 2) is not 5 3 3
INFO:root:166604:XX add new best (7, 2) is not 5 3 3
INFO:root:166604:XX add new best (7, 2) is not 5 3 3
INFO:root:166604:XX add new best (7, 2) is not 5 3 3
INFO:root:166605:XX add new best (7, 2) is not 5 3 3
INFO:root:166605:XX add new best (7, 2) is not 5 3 3
INFO:root:166605:XX add new best (7, 2) is not 5 3 3
INFO:root:166605:XX add new best (7, 2) is not 5 3 3
INFO:root:166605:XX add new best (7, 2) is not 5 3 3
INFO:root:166605:XX add new best (7, 2) is not 5 3 3
INFO:root:166605:XX add new best (7, 2) is not 5 3 3
INFO:root:166605:XX add new best (7, 2) is not 5 3 3
INFO:root:166605:XX add new best (7, 2) is not 5 3 3
INFO:root:166605:XX add new best (7, 2) is not 5 3 3
INFO:root:166605:XX add new best (7, 2) is not 5 3 3
INFO:root:166605:XX add new best (7, 2) is not 5 3 3
INFO:root:166606:XX add new best (7, 2) is not 5 3 3
INFO:root:166606:XX add new best (7, 2) is not 5 3 3
INFO:root:166606:XX add new best (7, 2) is not 5 3 3
INFO:root:166606:XX add new best (7, 2) is not 5 3 3
INFO:root:166606:XX add new best (7, 2) is not 5 3 3
INFO:root:166606:XX add new best (7, 2) is not 5 3 3
INFO:root:166607:XX add new best (7, 2) is not 5 3 3
INFO:root:166607:XX add new best (7, 2) is not 5 3 3
INFO:root:166705:Minimal choices : 1 [(7, 2) is not 5]
INFO:root:166705:Starting Step 21
INFO:root:167287:Current state [[[[4], [7], [1, 2], [9], [5], [3], [1, 2], [6], [8]], [[6], [8], [9], [1], [7], [2], [4], [3], [5]], [[1, 2, 3], [1, 2, 3], [5], [8], [4, 6], [4, 6], [7], [1, 2], [9]], [[3, 5], [4], [7], [2], [8], [5, 6], [3, 6], [9], [1]], [[9], [3, 5], [6], [3, 5], [1], [7], [8], [4], [2]], [[8], [1, 2], [1, 2, 3], [4], [3, 6], [9], [5], [7], [3, 6]], [[7], [1, 2, 3, 5, 6], [4], [3, 5], [2, 3], [1, 5], [9], [8], [3, 6]], [[1, 2, 3, 5], [1, 2, 3, 5, 6], [1, 2, 3], [7], [9], [8], [1, 2, 6], [1, 2], [4]], [[1, 2, 3], [9], [8], [6], [2, 3, 4], [1, 4], [1, 2, 3], [5], [7]]]]
INFO:root:167287:Doing checkSmall1
INFO:root:167287:Getting tiny MUSes, distance 1, for 76 puzlits, 1 repeats
INFO:root:167325:Chunked 76 in [5, 5, 5, 5, 5, 5, 5, 5, 5, 5, 5, 5, 4, 4, 4, 4]
INFO:root:167395:Chunked 101 in [7, 7, 7, 7, 7, 6, 6, 6, 6, 6, 6, 6, 6, 6, 6, 6]
INFO:root:167497:XX found first (7, 2) is not 5 3
INFO:root:167497:XX add new best (7, 2) is not 5 3 3
INFO:root:167497:XX add new best (7, 2) is not 5 3 3
INFO:root:167498:XX add new best (7, 2) is not 5 3 3
INFO:root:167498:XX add new best (7, 2) is not 5 3 3
INFO:root:167498:XX add new best (7, 2) is not 5 3 3
INFO:root:167498:XX add new best (7, 2) is not 5 3 3
INFO:root:167498:XX add new best (7, 2) is not 5 3 3
INFO:root:167498:XX add new best (7, 2) is not 5 3 3
INFO:root:167498:XX add new best (7, 2) is not 5 3 3
INFO:root:167498:XX add new best (7, 2) is not 5 3 3
INFO:root:167498:XX add new best (7, 2) is not 5 3 3
INFO:root:167498:XX add new best (7, 2) is not 5 3 3
INFO:root:167498:XX add new best (7, 2) is not 5 3 3
INFO:root:167498:XX add new best (7, 2) is not 5 3 3
INFO:root:167498:XX add new best (7, 2) is not 5 3 3
INFO:root:167498:XX add new best (7, 2) is not 5 3 3
INFO:root:167499:XX add new best (7, 2) is not 5 3 3
INFO:root:167499:XX add new best (7, 2) is not 5 3 3
INFO:root:167499:XX add new best (7, 2) is not 5 3 3
INFO:root:167499:XX add new best (7, 2) is not 5 3 3
INFO:root:167499:XX add new best (7, 2) is not 5 3 3
INFO:root:167499:XX add new best (7, 2) is not 5 3 3
INFO:root:167499:XX add new best (7, 2) is not 5 3 3
INFO:root:167499:XX add new best (7, 2) is not 5 3 3
INFO:root:167499:XX add new best (7, 2) is not 5 3 3
INFO:root:167499:XX add new best (7, 2) is not 5 3 3
INFO:root:167499:XX add new best (7, 2) is not 5 3 3
INFO:root:167499:XX add new best (7, 2) is not 5 3 3
INFO:root:167499:XX add new best (7, 2) is not 5 3 3
INFO:root:167499:XX add new best (7, 2) is not 5 3 3
INFO:root:167499:XX add new best (7, 2) is not 5 3 3
INFO:root:167500:XX add new best (7, 2) is not 5 3 3
INFO:root:167500:XX add new best (7, 2) is not 5 3 3
INFO:root:167500:XX add new best (7, 2) is not 5 3 3
INFO:root:167500:XX add new best (7, 2) is not 5 3 3
INFO:root:167500:XX add new best (7, 2) is not 5 3 3
INFO:root:167500:XX add new best (7, 2) is not 5 3 3
INFO:root:167500:XX add new best (7, 2) is not 5 3 3
INFO:root:167500:XX add new best (7, 2) is not 5 3 3
INFO:root:167500:XX add new best (7, 2) is not 5 3 3
INFO:root:167500:XX add new best (7, 2) is not 5 3 3
INFO:root:167500:XX add new best (7, 2) is not 5 3 3
INFO:root:167500:XX add new best (7, 2) is not 5 3 3
INFO:root:167500:XX add new best (7, 2) is not 5 3 3
INFO:root:167500:XX add new best (7, 2) is not 5 3 3
INFO:root:167501:XX add new best (7, 2) is not 5 3 3
INFO:root:167501:XX add new best (7, 2) is not 5 3 3
INFO:root:167501:XX add new best (7, 2) is not 5 3 3
INFO:root:167501:XX add new best (7, 2) is not 5 3 3
INFO:root:167501:XX add new best (7, 2) is not 5 3 3
INFO:root:167501:XX add new best (7, 2) is not 5 3 3
INFO:root:167501:XX add new best (7, 2) is not 5 3 3
INFO:root:167501:XX add new best (7, 2) is not 5 3 3
INFO:root:167501:XX add new best (7, 2) is not 5 3 3
INFO:root:167501:XX add new best (7, 2) is not 5 3 3
INFO:root:167501:XX add new best (7, 2) is not 5 3 3
INFO:root:167501:XX add new best (7, 2) is not 5 3 3
INFO:root:167501:XX add new best (7, 2) is not 5 3 3
INFO:root:167502:XX add new best (7, 2) is not 5 3 3
INFO:root:167502:XX add new best (7, 2) is not 5 3 3
INFO:root:167502:XX add new best (7, 2) is not 5 3 3
INFO:root:167502:XX add new best (7, 2) is not 5 3 3
INFO:root:167502:XX add new best (7, 2) is not 5 3 3
INFO:root:167502:XX add new best (7, 2) is not 5 3 3
INFO:root:167502:XX add new best (7, 2) is not 5 3 3
INFO:root:167502:XX add new best (7, 2) is not 5 3 3
INFO:root:167502:XX add new best (7, 2) is not 5 3 3
INFO:root:167502:XX add new best (7, 2) is not 5 3 3
INFO:root:167502:XX add new best (7, 2) is not 5 3 3
INFO:root:167502:XX add new best (7, 2) is not 5 3 3
INFO:root:167502:XX add new best (7, 2) is not 5 3 3
INFO:root:167502:XX add new best (7, 2) is not 5 3 3
INFO:root:167502:XX add new best (7, 2) is not 5 3 3
INFO:root:167503:XX add new best (7, 2) is not 5 3 3
INFO:root:167503:XX add new best (7, 2) is not 5 3 3
INFO:root:167503:XX add new best (7, 2) is not 5 3 3
INFO:root:167503:XX add new best (7, 2) is not 5 3 3
INFO:root:167503:XX add new best (7, 2) is not 5 3 3
INFO:root:167503:XX add new best (7, 2) is not 5 3 3
INFO:root:167503:XX add new best (7, 2) is not 5 3 3
INFO:root:167503:XX add new best (7, 2) is not 5 3 3
INFO:root:167503:XX add new best (7, 2) is not 5 3 3
INFO:root:167503:XX add new best (7, 2) is not 5 3 3
INFO:root:167503:XX add new best (7, 2) is not 5 3 3
INFO:root:167503:XX add new best (7, 2) is not 5 3 3
INFO:root:167503:XX add new best (7, 2) is not 5 3 3
INFO:root:167503:XX add new best (7, 2) is not 5 3 3
INFO:root:167503:XX add new best (7, 2) is not 5 3 3
INFO:root:167504:XX add new best (7, 2) is not 5 3 3
INFO:root:167504:XX add new best (7, 2) is not 5 3 3
INFO:root:167504:XX add new best (7, 2) is not 5 3 3
INFO:root:167504:XX add new best (7, 2) is not 5 3 3
INFO:root:167504:XX add new best (7, 2) is not 5 3 3
INFO:root:167504:XX add new best (7, 2) is not 5 3 3
INFO:root:167504:XX add new best (7, 2) is not 5 3 3
INFO:root:167504:XX add new best (7, 2) is not 5 3 3
INFO:root:167504:XX add new best (7, 2) is not 5 3 3
INFO:root:167504:XX add new best (7, 2) is not 5 3 3
INFO:root:167504:XX add new best (7, 2) is not 5 3 3
INFO:root:167504:XX add new best (7, 2) is not 5 3 3
INFO:root:167553:Considering 100 * 76 jobs for minsize=3
INFO:root:167569:Chunked 7600 in [475, 475, 475, 475, 475, 475, 475, 475, 475, 475, 475, 475, 475, 475, 475, 475]
INFO:root:213887:XX add new best (7, 2) is not 5 3 3
INFO:root:213888:XX add new best (7, 2) is not 5 3 3
INFO:root:213888:XX add new best (7, 2) is not 5 3 3
INFO:root:213888:XX add new best (7, 2) is not 5 3 3
INFO:root:213888:XX add new best (7, 2) is not 5 3 3
INFO:root:213888:XX add new best (7, 2) is not 5 3 3
INFO:root:213888:XX add new best (7, 2) is not 5 3 3
INFO:root:213888:XX add new best (7, 2) is not 5 3 3
INFO:root:213888:XX add new best (7, 2) is not 5 3 3
INFO:root:213889:XX add new best (7, 2) is not 5 3 3
INFO:root:213889:XX add new best (7, 2) is not 5 3 3
INFO:root:213889:XX add new best (7, 2) is not 5 3 3
INFO:root:213889:XX add new best (7, 2) is not 5 3 3
INFO:root:213889:XX add new best (7, 2) is not 5 3 3
INFO:root:213889:XX add new best (7, 2) is not 5 3 3
INFO:root:213889:XX add new best (7, 2) is not 5 3 3
INFO:root:213889:XX add new best (7, 2) is not 5 3 3
INFO:root:213889:XX add new best (7, 2) is not 5 3 3
INFO:root:213889:XX add new best (7, 2) is not 5 3 3
INFO:root:213889:XX add new best (7, 2) is not 5 3 3
INFO:root:213890:XX add new best (7, 2) is not 5 3 3
INFO:root:213890:XX add new best (7, 2) is not 5 3 3
INFO:root:213890:XX add new best (7, 2) is not 5 3 3
INFO:root:213890:XX add new best (7, 2) is not 5 3 3
INFO:root:213890:XX add new best (7, 2) is not 5 3 3
INFO:root:213890:XX add new best (7, 2) is not 5 3 3
INFO:root:213890:XX add new best (7, 2) is not 5 3 3
INFO:root:213890:XX add new best (7, 2) is not 5 3 3
INFO:root:213891:XX add new best (7, 2) is not 5 3 3
INFO:root:213891:XX add new best (7, 2) is not 5 3 3
INFO:root:213891:XX add new best (7, 2) is not 5 3 3
INFO:root:213891:XX add new best (7, 2) is not 5 3 3
INFO:root:213891:XX add new best (7, 2) is not 5 3 3
INFO:root:214011:Minimal choices : 1 [(7, 2) is not 5]
INFO:root:214012:Starting Step 22
INFO:root:214596:Current state [[[[4], [7], [1, 2], [9], [5], [3], [1, 2], [6], [8]], [[6], [8], [9], [1], [7], [2], [4], [3], [5]], [[1, 2, 3], [1, 2, 3], [5], [8], [4, 6], [4, 6], [7], [1, 2], [9]], [[3, 5], [4], [7], [2], [8], [5, 6], [3, 6], [9], [1]], [[9], [3, 5], [6], [3, 5], [1], [7], [8], [4], [2]], [[8], [1, 2], [1, 2], [4], [3, 6], [9], [5], [7], [3, 6]], [[7], [1, 2, 3, 5, 6], [4], [3, 5], [2, 3], [1, 5], [9], [8], [3, 6]], [[1, 2, 3, 5], [1, 2, 3, 5, 6], [1, 2, 3], [7], [9], [8], [1, 2, 6], [1, 2], [4]], [[1, 2, 3], [9], [8], [6], [2, 3, 4], [1, 4], [1, 2, 3], [5], [7]]]]
INFO:root:214596:Doing checkSmall1
INFO:root:214596:Getting tiny MUSes, distance 1, for 75 puzlits, 1 repeats
INFO:root:214633:Chunked 75 in [5, 5, 5, 5, 5, 5, 5, 5, 5, 5, 5, 4, 4, 4, 4, 4]
INFO:root:214654:XX found first (8, 3) is 3 1
INFO:root:214667:Early exit from checkSmall1
INFO:root:214680:Starting Step 23
INFO:root:215261:Current state [[[[4], [7], [1, 2], [9], [5], [3], [1, 2], [6], [8]], [[6], [8], [9], [1], [7], [2], [4], [3], [5]], [[1, 2, 3], [1, 2, 3], [5], [8], [4, 6], [4, 6], [7], [1, 2], [9]], [[3, 5], [4], [7], [2], [8], [5, 6], [3, 6], [9], [1]], [[9], [3, 5], [6], [3, 5], [1], [7], [8], [4], [2]], [[8], [1, 2], [1, 2], [4], [3, 6], [9], [5], [7], [3, 6]], [[7], [1, 2, 3, 5, 6], [4], [3, 5], [2, 3], [1, 5], [9], [8], [3, 6]], [[1, 2, 3, 5], [1, 2, 3, 5, 6], [3], [7], [9], [8], [1, 2, 6], [1, 2], [4]], [[1, 2, 3], [9], [8], [6], [2, 3, 4], [1, 4], [1, 2, 3], [5], [7]]]]
INFO:root:215261:Doing checkSmall1
INFO:root:215261:Getting tiny MUSes, distance 1, for 74 puzlits, 1 repeats
INFO:root:215297:Chunked 74 in [5, 5, 5, 5, 5, 5, 5, 5, 5, 5, 4, 4, 4, 4, 4, 4]
INFO:root:215317:XX found first (8, 3) is not 2 1
INFO:root:215318:XX found first (9, 1) is not 3 1
INFO:root:215318:XX found first (8, 2) is not 3 1
INFO:root:215318:XX found first (7, 2) is not 3 1
INFO:root:215318:XX found first (8, 1) is not 3 1
INFO:root:215318:XX found first (8, 3) is not 1 1
INFO:root:215331:Early exit from checkSmall1
INFO:root:215340:Starting Step 24
INFO:root:215921:Current state [[[[4], [7], [1, 2], [9], [5], [3], [1, 2], [6], [8]], [[6], [8], [9], [1], [7], [2], [4], [3], [5]], [[1, 2, 3], [1, 2, 3], [5], [8], [4, 6], [4, 6], [7], [1, 2], [9]], [[3, 5], [4], [7], [2], [8], [5, 6], [3, 6], [9], [1]], [[9], [3, 5], [6], [3, 5], [1], [7], [8], [4], [2]], [[8], [1, 2], [1, 2], [4], [3, 6], [9], [5], [7], [3, 6]], [[7], [1, 2, 5, 6], [4], [3, 5], [2, 3], [1, 5], [9], [8], [3, 6]], [[1, 2, 5], [1, 2, 5, 6], [3], [7], [9], [8], [1, 2, 6], [1, 2], [4]], [[1, 2], [9], [8], [6], [2, 3, 4], [1, 4], [1, 2, 3], [5], [7]]]]
INFO:root:215921:Doing checkSmall1
INFO:root:215921:Getting tiny MUSes, distance 1, for 68 puzlits, 1 repeats
INFO:root:215958:Chunked 68 in [5, 5, 5, 5, 4, 4, 4, 4, 4, 4, 4, 4, 4, 4, 4, 4]
INFO:root:216026:Chunked 134 in [9, 9, 9, 9, 9, 9, 8, 8, 8, 8, 8, 8, 8, 8, 8, 8]
INFO:root:216110:XX found first (7, 2) is not 5 3
INFO:root:216110:XX add new best (7, 2) is not 5 3 3
INFO:root:216110:XX add new best (7, 2) is not 5 3 3
INFO:root:216110:XX add new best (7, 2) is not 5 3 3
INFO:root:216110:XX add new best (7, 2) is not 5 3 3
INFO:root:216110:XX add new best (7, 2) is not 5 3 3
INFO:root:216110:XX add new best (7, 2) is not 5 3 3
INFO:root:216110:XX add new best (7, 2) is not 5 3 3
INFO:root:216110:XX add new best (7, 2) is not 5 3 3
INFO:root:216110:XX add new best (7, 2) is not 5 3 3
INFO:root:216110:XX add new best (7, 2) is not 5 3 3
INFO:root:216111:XX add new best (7, 2) is not 5 3 3
INFO:root:216111:XX add new best (7, 2) is not 5 3 3
INFO:root:216111:XX add new best (7, 2) is not 5 3 3
INFO:root:216111:XX add new best (7, 2) is not 5 3 3
INFO:root:216111:XX add new best (7, 2) is not 5 3 3
INFO:root:216111:XX add new best (7, 2) is not 5 3 3
INFO:root:216111:XX add new best (7, 2) is not 5 3 3
INFO:root:216111:XX add new best (7, 2) is not 5 3 3
INFO:root:216111:XX add new best (7, 2) is not 5 3 3
INFO:root:216111:XX add new best (7, 2) is not 5 3 3
INFO:root:216111:XX add new best (7, 2) is not 5 3 3
INFO:root:216111:XX add new best (7, 2) is not 5 3 3
INFO:root:216111:XX add new best (7, 2) is not 5 3 3
INFO:root:216112:XX add new best (7, 2) is not 5 3 3
INFO:root:216112:XX add new best (7, 2) is not 5 3 3
INFO:root:216112:XX add new best (7, 2) is not 5 3 3
INFO:root:216112:XX add new best (7, 2) is not 5 3 3
INFO:root:216112:XX add new best (7, 2) is not 5 3 3
INFO:root:216112:XX add new best (7, 2) is not 5 3 3
INFO:root:216112:XX add new best (7, 2) is not 5 3 3
INFO:root:216112:XX add new best (7, 2) is not 5 3 3
INFO:root:216112:XX add new best (7, 2) is not 5 3 3
INFO:root:216112:XX add new best (7, 2) is not 5 3 3
INFO:root:216112:XX add new best (7, 2) is not 5 3 3
INFO:root:216112:XX add new best (7, 2) is not 5 3 3
INFO:root:216112:XX add new best (7, 2) is not 5 3 3
INFO:root:216112:XX add new best (7, 2) is not 5 3 3
INFO:root:216113:XX add new best (7, 2) is not 5 3 3
INFO:root:216113:XX add new best (7, 2) is not 5 3 3
INFO:root:216113:XX add new best (7, 2) is not 5 3 3
INFO:root:216113:XX add new best (7, 2) is not 5 3 3
INFO:root:216113:XX add new best (7, 2) is not 5 3 3
INFO:root:216113:XX add new best (7, 2) is not 5 3 3
INFO:root:216113:XX add new best (7, 2) is not 5 3 3
INFO:root:216113:XX add new best (7, 2) is not 5 3 3
INFO:root:216113:XX add new best (7, 2) is not 5 3 3
INFO:root:216113:XX add new best (7, 2) is not 5 3 3
INFO:root:216113:XX add new best (7, 2) is not 5 3 3
INFO:root:216113:XX add new best (7, 2) is not 5 3 3
INFO:root:216113:XX add new best (7, 2) is not 5 3 3
INFO:root:216113:XX add new best (7, 2) is not 5 3 3
INFO:root:216114:XX add new best (7, 2) is not 5 3 3
INFO:root:216114:XX add new best (7, 2) is not 5 3 3
INFO:root:216114:XX add new best (7, 2) is not 5 3 3
INFO:root:216114:XX add new best (7, 2) is not 5 3 3
INFO:root:216114:XX add new best (7, 2) is not 5 3 3
INFO:root:216114:XX add new best (7, 2) is not 5 3 3
INFO:root:216114:XX add new best (7, 2) is not 5 3 3
INFO:root:216114:XX add new best (7, 2) is not 5 3 3
INFO:root:216114:XX add new best (7, 2) is not 5 3 3
INFO:root:216114:XX add new best (7, 2) is not 5 3 3
INFO:root:216114:XX add new best (7, 2) is not 5 3 3
INFO:root:216114:XX add new best (7, 2) is not 5 3 3
INFO:root:216114:XX add new best (7, 2) is not 5 3 3
INFO:root:216114:XX add new best (7, 2) is not 5 3 3
INFO:root:216114:XX add new best (7, 2) is not 5 3 3
INFO:root:216115:XX add new best (7, 2) is not 5 3 3
INFO:root:216115:XX add new best (7, 2) is not 5 3 3
INFO:root:216115:XX add new best (7, 2) is not 5 3 3
INFO:root:216115:XX add new best (7, 2) is not 5 3 3
INFO:root:216115:XX add new best (7, 2) is not 5 3 3
INFO:root:216115:XX add new best (7, 2) is not 5 3 3
INFO:root:216115:XX add new best (7, 2) is not 5 3 3
INFO:root:216115:XX add new best (7, 2) is not 5 3 3
INFO:root:216115:XX add new best (7, 2) is not 5 3 3
INFO:root:216115:XX add new best (7, 2) is not 5 3 3
INFO:root:216115:XX add new best (7, 2) is not 5 3 3
INFO:root:216115:XX add new best (7, 2) is not 5 3 3
INFO:root:216115:XX add new best (7, 2) is not 5 3 3
INFO:root:216115:XX add new best (7, 2) is not 5 3 3
INFO:root:216116:XX add new best (7, 2) is not 5 3 3
INFO:root:216116:XX add new best (7, 2) is not 5 3 3
INFO:root:216116:XX add new best (7, 2) is not 5 3 3
INFO:root:216116:XX add new best (7, 2) is not 5 3 3
INFO:root:216116:XX add new best (7, 2) is not 5 3 3
INFO:root:216116:XX add new best (7, 2) is not 5 3 3
INFO:root:216116:XX add new best (7, 2) is not 5 3 3
INFO:root:216116:XX add new best (7, 2) is not 5 3 3
INFO:root:216116:XX add new best (7, 2) is not 5 3 3
INFO:root:216116:XX add new best (7, 2) is not 5 3 3
INFO:root:216116:XX add new best (7, 2) is not 5 3 3
INFO:root:216116:XX add new best (7, 2) is not 5 3 3
INFO:root:216116:XX add new best (7, 2) is not 5 3 3
INFO:root:216116:XX add new best (7, 2) is not 5 3 3
INFO:root:216116:XX add new best (7, 2) is not 5 3 3
INFO:root:216117:XX add new best (7, 2) is not 5 3 3
INFO:root:216117:XX add new best (7, 2) is not 5 3 3
INFO:root:216117:XX add new best (7, 2) is not 5 3 3
INFO:root:216117:XX add new best (7, 2) is not 5 3 3
INFO:root:216117:XX add new best (7, 2) is not 5 3 3
INFO:root:216117:XX add new best (7, 2) is not 5 3 3
INFO:root:216117:XX add new best (7, 2) is not 5 3 3
INFO:root:216117:XX add new best (7, 2) is not 5 3 3
INFO:root:216117:XX add new best (7, 2) is not 5 3 3
INFO:root:216117:XX add new best (7, 2) is not 5 3 3
INFO:root:216117:XX add new best (7, 2) is not 5 3 3
INFO:root:216117:XX add new best (7, 2) is not 5 3 3
INFO:root:216117:XX add new best (7, 2) is not 5 3 3
INFO:root:216118:XX add new best (7, 2) is not 5 3 3
INFO:root:216118:XX add new best (7, 2) is not 5 3 3
INFO:root:216118:XX add new best (7, 2) is not 5 3 3
INFO:root:216118:XX add new best (7, 2) is not 5 3 3
INFO:root:216118:XX add new best (7, 2) is not 5 3 3
INFO:root:216118:XX add new best (7, 2) is not 5 3 3
INFO:root:216118:XX add new best (7, 2) is not 5 3 3
INFO:root:216118:XX add new best (7, 2) is not 5 3 3
INFO:root:216118:XX add new best (7, 2) is not 5 3 3
INFO:root:216118:XX add new best (7, 2) is not 5 3 3
INFO:root:216118:XX add new best (7, 2) is not 5 3 3
INFO:root:216118:XX add new best (7, 2) is not 5 3 3
INFO:root:216118:XX add new best (7, 2) is not 5 3 3
INFO:root:216118:XX add new best (7, 2) is not 5 3 3
INFO:root:216118:XX add new best (7, 2) is not 5 3 3
INFO:root:216119:XX add new best (7, 2) is not 5 3 3
INFO:root:216119:XX add new best (7, 2) is not 5 3 3
INFO:root:216119:XX add new best (7, 2) is not 5 3 3
INFO:root:216119:XX add new best (7, 2) is not 5 3 3
INFO:root:216119:XX add new best (7, 2) is not 5 3 3
INFO:root:216119:XX add new best (7, 2) is not 5 3 3
INFO:root:216119:XX add new best (7, 2) is not 5 3 3
INFO:root:216119:XX add new best (7, 2) is not 5 3 3
INFO:root:216119:XX add new best (7, 2) is not 5 3 3
INFO:root:216119:XX add new best (7, 2) is not 5 3 3
INFO:root:216169:Considering 100 * 68 jobs for minsize=3
INFO:root:216185:Chunked 6800 in [425, 425, 425, 425, 425, 425, 425, 425, 425, 425, 425, 425, 425, 425, 425, 425]
INFO:root:256898:XX add new best (7, 2) is not 5 3 3
INFO:root:256898:XX add new best (7, 2) is not 5 3 3
INFO:root:256899:XX add new best (7, 2) is not 5 3 3
INFO:root:256899:XX add new best (7, 2) is not 5 3 3
INFO:root:256899:XX add new best (7, 2) is not 5 3 3
INFO:root:256899:XX add new best (7, 2) is not 5 3 3
INFO:root:256899:XX add new best (7, 2) is not 5 3 3
INFO:root:256899:XX add new best (7, 2) is not 5 3 3
INFO:root:256899:XX add new best (7, 2) is not 5 3 3
INFO:root:256899:XX add new best (7, 2) is not 5 3 3
INFO:root:256899:XX add new best (7, 2) is not 5 3 3
INFO:root:256899:XX add new best (7, 2) is not 5 3 3
INFO:root:256900:XX add new best (7, 2) is not 5 3 3
INFO:root:256900:XX add new best (7, 2) is not 5 3 3
INFO:root:256900:XX add new best (7, 2) is not 5 3 3
INFO:root:256900:XX add new best (7, 2) is not 5 3 3
INFO:root:256900:XX add new best (7, 2) is not 5 3 3
INFO:root:256900:XX add new best (7, 2) is not 5 3 3
INFO:root:256900:XX add new best (7, 2) is not 5 3 3
INFO:root:256900:XX add new best (7, 2) is not 5 3 3
INFO:root:256900:XX add new best (7, 2) is not 5 3 3
INFO:root:256901:XX add new best (7, 2) is not 5 3 3
INFO:root:256901:XX add new best (7, 2) is not 5 3 3
INFO:root:256901:XX add new best (7, 2) is not 5 3 3
INFO:root:256901:XX add new best (7, 2) is not 5 3 3
INFO:root:256901:XX add new best (7, 2) is not 5 3 3
INFO:root:256901:XX add new best (7, 2) is not 5 3 3
INFO:root:256901:XX add new best (7, 2) is not 5 3 3
INFO:root:256901:XX add new best (7, 2) is not 5 3 3
INFO:root:256901:XX add new best (7, 2) is not 5 3 3
INFO:root:256901:XX add new best (7, 2) is not 5 3 3
INFO:root:256901:XX add new best (7, 2) is not 5 3 3
INFO:root:257037:Minimal choices : 1 [(7, 2) is not 5]
INFO:root:257037:Starting Step 25
INFO:root:257627:Current state [[[[4], [7], [1, 2], [9], [5], [3], [1, 2], [6], [8]], [[6], [8], [9], [1], [7], [2], [4], [3], [5]], [[1, 2, 3], [1, 2, 3], [5], [8], [4, 6], [4, 6], [7], [1, 2], [9]], [[3, 5], [4], [7], [2], [8], [5, 6], [3, 6], [9], [1]], [[9], [3, 5], [6], [3, 5], [1], [7], [8], [4], [2]], [[8], [1, 2], [1, 2], [4], [3, 6], [9], [5], [7], [3, 6]], [[7], [1, 2, 5, 6], [4], [3, 5], [2, 3], [1, 5], [9], [8], [3, 6]], [[1, 2, 5], [1, 2, 5, 6], [3], [7], [9], [8], [1, 2, 6], [1, 2], [4]], [[1, 2], [9], [8], [6], [2, 4], [1, 4], [1, 2, 3], [5], [7]]]]
INFO:root:257627:Doing checkSmall1
INFO:root:257627:Getting tiny MUSes, distance 1, for 67 puzlits, 1 repeats
INFO:root:257665:Chunked 67 in [5, 5, 5, 4, 4, 4, 4, 4, 4, 4, 4, 4, 4, 4, 4, 4]
INFO:root:257686:XX found first (9, 7) is 3 1
INFO:root:257699:Early exit from checkSmall1
INFO:root:257713:Starting Step 26
INFO:root:258302:Current state [[[[4], [7], [1, 2], [9], [5], [3], [1, 2], [6], [8]], [[6], [8], [9], [1], [7], [2], [4], [3], [5]], [[1, 2, 3], [1, 2, 3], [5], [8], [4, 6], [4, 6], [7], [1, 2], [9]], [[3, 5], [4], [7], [2], [8], [5, 6], [3, 6], [9], [1]], [[9], [3, 5], [6], [3, 5], [1], [7], [8], [4], [2]], [[8], [1, 2], [1, 2], [4], [3, 6], [9], [5], [7], [3, 6]], [[7], [1, 2, 5, 6], [4], [3, 5], [2, 3], [1, 5], [9], [8], [3, 6]], [[1, 2, 5], [1, 2, 5, 6], [3], [7], [9], [8], [1, 2, 6], [1, 2], [4]], [[1, 2], [9], [8], [6], [2, 4], [1, 4], [3], [5], [7]]]]
INFO:root:258302:Doing checkSmall1
INFO:root:258302:Getting tiny MUSes, distance 1, for 66 puzlits, 1 repeats
INFO:root:258338:Chunked 66 in [5, 5, 4, 4, 4, 4, 4, 4, 4, 4, 4, 4, 4, 4, 4, 4]
INFO:root:258357:XX found first (9, 7) is not 2 1
INFO:root:258357:XX found first (9, 7) is not 1 1
INFO:root:258357:XX found first (7, 9) is not 3 1
INFO:root:258357:XX found first (4, 7) is not 3 1
INFO:root:258370:Early exit from checkSmall1
INFO:root:258378:Starting Step 27
INFO:root:258964:Current state [[[[4], [7], [1, 2], [9], [5], [3], [1, 2], [6], [8]], [[6], [8], [9], [1], [7], [2], [4], [3], [5]], [[1, 2, 3], [1, 2, 3], [5], [8], [4, 6], [4, 6], [7], [1, 2], [9]], [[3, 5], [4], [7], [2], [8], [5, 6], [6], [9], [1]], [[9], [3, 5], [6], [3, 5], [1], [7], [8], [4], [2]], [[8], [1, 2], [1, 2], [4], [3, 6], [9], [5], [7], [3, 6]], [[7], [1, 2, 5, 6], [4], [3, 5], [2, 3], [1, 5], [9], [8], [6]], [[1, 2, 5], [1, 2, 5, 6], [3], [7], [9], [8], [1, 2, 6], [1, 2], [4]], [[1, 2], [9], [8], [6], [2, 4], [1, 4], [3], [5], [7]]]]
INFO:root:258965:Doing checkSmall1
INFO:root:258965:Getting tiny MUSes, distance 1, for 62 puzlits, 1 repeats
INFO:root:259001:Chunked 62 in [4, 4, 4, 4, 4, 4, 4, 4, 4, 4, 4, 4, 4, 4, 3, 3]
INFO:root:259019:XX found first (4, 1) is 3 1
INFO:root:259019:XX found first (7, 9) is 6 1
INFO:root:259019:XX found first (6, 9) is 3 1
INFO:root:259019:XX found first (4, 7) is 6 1
INFO:root:259032:Early exit from checkSmall1
INFO:root:259053:Starting Step 28
INFO:root:259659:Current state [[[[4], [7], [1, 2], [9], [5], [3], [1, 2], [6], [8]], [[6], [8], [9], [1], [7], [2], [4], [3], [5]], [[1, 2, 3], [1, 2, 3], [5], [8], [4, 6], [4, 6], [7], [1, 2], [9]], [[3], [4], [7], [2], [8], [5, 6], [6], [9], [1]], [[9], [3, 5], [6], [3, 5], [1], [7], [8], [4], [2]], [[8], [1, 2], [1, 2], [4], [3, 6], [9], [5], [7], [3]], [[7], [1, 2, 5, 6], [4], [3, 5], [2, 3], [1, 5], [9], [8], [6]], [[1, 2, 5], [1, 2, 5, 6], [3], [7], [9], [8], [1, 2, 6], [1, 2], [4]], [[1, 2], [9], [8], [6], [2, 4], [1, 4], [3], [5], [7]]]]
INFO:root:259659:Doing checkSmall1
INFO:root:259660:Getting tiny MUSes, distance 1, for 58 puzlits, 1 repeats
INFO:root:259697:Chunked 58 in [4, 4, 4, 4, 4, 4, 4, 4, 4, 4, 3, 3, 3, 3, 3, 3]
INFO:root:259714:XX found first (3, 1) is not 3 1
INFO:root:259714:XX found first (4, 6) is not 6 1
INFO:root:259714:XX found first (7, 2) is not 6 1
INFO:root:259714:XX found first (6, 5) is not 3 1
INFO:root:259714:XX found first (6, 9) is not 6 1
INFO:root:259714:XX found first (5, 2) is not 3 1
INFO:root:259714:XX found first (4, 1) is not 5 1
INFO:root:259714:XX found first (8, 7) is not 6 1
INFO:root:259727:Early exit from checkSmall1
INFO:root:259736:Starting Step 29
INFO:root:260333:Current state [[[[4], [7], [1, 2], [9], [5], [3], [1, 2], [6], [8]], [[6], [8], [9], [1], [7], [2], [4], [3], [5]], [[1, 2], [1, 2, 3], [5], [8], [4, 6], [4, 6], [7], [1, 2], [9]], [[3], [4], [7], [2], [8], [5], [6], [9], [1]], [[9], [5], [6], [3, 5], [1], [7], [8], [4], [2]], [[8], [1, 2], [1, 2], [4], [6], [9], [5], [7], [3]], [[7], [1, 2, 5], [4], [3, 5], [2, 3], [1, 5], [9], [8], [6]], [[1, 2, 5], [1, 2, 5, 6], [3], [7], [9], [8], [1, 2], [1, 2], [4]], [[1, 2], [9], [8], [6], [2, 4], [1, 4], [3], [5], [7]]]]
INFO:root:260333:Doing checkSmall1
INFO:root:260333:Getting tiny MUSes, distance 1, for 50 puzlits, 1 repeats
INFO:root:260370:Chunked 50 in [4, 4, 3, 3, 3, 3, 3, 3, 3, 3, 3, 3, 3, 3, 3, 3]
INFO:root:260386:XX found first (3, 2) is 3 1
INFO:root:260386:XX found first (8, 2) is 6 1
INFO:root:260386:XX found first (8, 1) is 5 1
INFO:root:260386:XX found first (6, 5) is 6 1
INFO:root:260386:XX found first (4, 6) is 5 1
INFO:root:260386:XX found first (7, 5) is 3 1
INFO:root:260386:XX found first (5, 2) is 5 1
INFO:root:260386:XX found first (5, 4) is 3 1
INFO:root:260386:XX found first (3, 6) is 6 1
INFO:root:260399:Early exit from checkSmall1
INFO:root:260435:Starting Step 30
INFO:root:261045:Current state [[[[4], [7], [1, 2], [9], [5], [3], [1, 2], [6], [8]], [[6], [8], [9], [1], [7], [2], [4], [3], [5]], [[1, 2], [3], [5], [8], [4, 6], [6], [7], [1, 2], [9]], [[3], [4], [7], [2], [8], [5], [6], [9], [1]], [[9], [5], [6], [3], [1], [7], [8], [4], [2]], [[8], [1, 2], [1, 2], [4], [6], [9], [5], [7], [3]], [[7], [1, 2, 5], [4], [3, 5], [3], [1, 5], [9], [8], [6]], [[5], [6], [3], [7], [9], [8], [1, 2], [1, 2], [4]], [[1, 2], [9], [8], [6], [2, 4], [1, 4], [3], [5], [7]]]]
INFO:root:261045:Doing checkSmall1
INFO:root:261045:Getting tiny MUSes, distance 1, for 41 puzlits, 1 repeats
INFO:root:261082:Chunked 41 in [3, 3, 3, 3, 3, 3, 3, 3, 3, 2, 2, 2, 2, 2, 2, 2]
INFO:root:261098:XX found first (8, 2) is not 5 1
INFO:root:261098:XX found first (3, 6) is not 4 1
INFO:root:261098:XX found first (8, 1) is not 2 1
INFO:root:261098:XX found first (8, 2) is not 1 1
INFO:root:261098:XX found first (3, 2) is not 1 1
INFO:root:261098:XX found first (8, 1) is not 1 1
INFO:root:261098:XX found first (3, 2) is not 2 1
INFO:root:261098:XX found first (5, 4) is not 5 1
INFO:root:261098:XX found first (7, 5) is not 2 1
INFO:root:261098:XX found first (3, 5) is not 6 1
INFO:root:261098:XX found first (7, 2) is not 5 1
INFO:root:261098:XX found first (8, 2) is not 2 1
INFO:root:261098:XX found first (7, 6) is not 5 1
INFO:root:261098:XX found first (7, 4) is not 3 1
INFO:root:261111:Early exit from checkSmall1
INFO:root:261120:Starting Step 31
INFO:root:261731:Current state [[[[4], [7], [1, 2], [9], [5], [3], [1, 2], [6], [8]], [[6], [8], [9], [1], [7], [2], [4], [3], [5]], [[1, 2], [3], [5], [8], [4], [6], [7], [1, 2], [9]], [[3], [4], [7], [2], [8], [5], [6], [9], [1]], [[9], [5], [6], [3], [1], [7], [8], [4], [2]], [[8], [1, 2], [1, 2], [4], [6], [9], [5], [7], [3]], [[7], [1, 2], [4], [5], [3], [1], [9], [8], [6]], [[5], [6], [3], [7], [9], [8], [1, 2], [1, 2], [4]], [[1, 2], [9], [8], [6], [2, 4], [1, 4], [3], [5], [7]]]]
INFO:root:261731:Doing checkSmall1
INFO:root:261731:Getting tiny MUSes, distance 1, for 27 puzlits, 1 repeats
INFO:root:261768:Chunked 27 in [2, 2, 2, 2, 2, 2, 2, 2, 2, 2, 2, 1, 1, 1, 1, 1]
INFO:root:261780:XX found first (7, 6) is 1 1
INFO:root:261780:XX found first (7, 4) is 5 1
INFO:root:261781:XX found first (3, 5) is 4 1
INFO:root:261781:XX found first (9, 6) is 4 1
INFO:root:261781:XX found first (9, 5) is 2 1
INFO:root:261781:XX found first (7, 2) is 2 1
INFO:root:261794:Early exit from checkSmall1
INFO:root:261823:Starting Step 32
INFO:root:262443:Current state [[[[4], [7], [1, 2], [9], [5], [3], [1, 2], [6], [8]], [[6], [8], [9], [1], [7], [2], [4], [3], [5]], [[1, 2], [3], [5], [8], [4], [6], [7], [1, 2], [9]], [[3], [4], [7], [2], [8], [5], [6], [9], [1]], [[9], [5], [6], [3], [1], [7], [8], [4], [2]], [[8], [1, 2], [1, 2], [4], [6], [9], [5], [7], [3]], [[7], [2], [4], [5], [3], [1], [9], [8], [6]], [[5], [6], [3], [7], [9], [8], [1, 2], [1, 2], [4]], [[1, 2], [9], [8], [6], [2], [4], [3], [5], [7]]]]
INFO:root:262443:Doing checkSmall1
INFO:root:262443:Getting tiny MUSes, distance 1, for 21 puzlits, 1 repeats
INFO:root:262481:Chunked 21 in [2, 2, 2, 2, 2, 1, 1, 1, 1, 1, 1, 1, 1, 1, 1, 1]
INFO:root:262493:XX found first (7, 2) is not 1 1
INFO:root:262493:XX found first (6, 2) is not 2 1
INFO:root:262493:XX found first (9, 6) is not 1 1
INFO:root:262493:XX found first (9, 5) is not 4 1
INFO:root:262493:XX found first (9, 1) is not 2 1
INFO:root:262506:Early exit from checkSmall1
INFO:root:262515:Starting Step 33
INFO:root:263148:Current state [[[[4], [7], [1, 2], [9], [5], [3], [1, 2], [6], [8]], [[6], [8], [9], [1], [7], [2], [4], [3], [5]], [[1, 2], [3], [5], [8], [4], [6], [7], [1, 2], [9]], [[3], [4], [7], [2], [8], [5], [6], [9], [1]], [[9], [5], [6], [3], [1], [7], [8], [4], [2]], [[8], [1], [1, 2], [4], [6], [9], [5], [7], [3]], [[7], [2], [4], [5], [3], [1], [9], [8], [6]], [[5], [6], [3], [7], [9], [8], [1, 2], [1, 2], [4]], [[1], [9], [8], [6], [2], [4], [3], [5], [7]]]]
INFO:root:263148:Doing checkSmall1
INFO:root:263148:Getting tiny MUSes, distance 1, for 16 puzlits, 1 repeats
INFO:root:263185:Chunked 16 in [1, 1, 1, 1, 1, 1, 1, 1, 1, 1, 1, 1, 1, 1, 1, 1]
INFO:root:263196:XX found first (6, 2) is 1 1
INFO:root:263197:XX found first (6, 3) is 2 1
INFO:root:263197:XX found first (3, 1) is 2 1
INFO:root:263197:XX found first (9, 1) is 1 1
INFO:root:263210:Early exit from checkSmall1
INFO:root:263233:Starting Step 34
INFO:root:263854:Current state [[[[4], [7], [1, 2], [9], [5], [3], [1, 2], [6], [8]], [[6], [8], [9], [1], [7], [2], [4], [3], [5]], [[2], [3], [5], [8], [4], [6], [7], [1, 2], [9]], [[3], [4], [7], [2], [8], [5], [6], [9], [1]], [[9], [5], [6], [3], [1], [7], [8], [4], [2]], [[8], [1], [2], [4], [6], [9], [5], [7], [3]], [[7], [2], [4], [5], [3], [1], [9], [8], [6]], [[5], [6], [3], [7], [9], [8], [1, 2], [1, 2], [4]], [[1], [9], [8], [6], [2], [4], [3], [5], [7]]]]
INFO:root:263854:Doing checkSmall1
INFO:root:263854:Getting tiny MUSes, distance 1, for 12 puzlits, 1 repeats
INFO:root:263890:Chunked 12 in [1, 1, 1, 1, 1, 1, 1, 1, 1, 1, 1, 1, 0, 0, 0, 0]
INFO:root:263901:XX found first (3, 1) is not 1 1
INFO:root:263901:XX found first (1, 3) is not 2 1
INFO:root:263901:XX found first (6, 3) is not 1 1
INFO:root:263901:XX found first (3, 8) is not 2 1
INFO:root:263915:Early exit from checkSmall1
INFO:root:263924:Starting Step 35
INFO:root:264549:Current state [[[[4], [7], [1], [9], [5], [3], [1, 2], [6], [8]], [[6], [8], [9], [1], [7], [2], [4], [3], [5]], [[2], [3], [5], [8], [4], [6], [7], [1], [9]], [[3], [4], [7], [2], [8], [5], [6], [9], [1]], [[9], [5], [6], [3], [1], [7], [8], [4], [2]], [[8], [1], [2], [4], [6], [9], [5], [7], [3]], [[7], [2], [4], [5], [3], [1], [9], [8], [6]], [[5], [6], [3], [7], [9], [8], [1, 2], [1, 2], [4]], [[1], [9], [8], [6], [2], [4], [3], [5], [7]]]]
INFO:root:264550:Doing checkSmall1
INFO:root:264550:Getting tiny MUSes, distance 1, for 8 puzlits, 1 repeats
INFO:root:264587:Chunked 8 in [1, 1, 1, 1, 1, 1, 1, 1, 0, 0, 0, 0, 0, 0, 0, 0]
INFO:root:264596:XX found first (3, 8) is 1 1
INFO:root:264596:XX found first (1, 7) is 2 1
INFO:root:264596:XX found first (1, 3) is 1 1
INFO:root:264596:XX found first (8, 8) is 2 1
INFO:root:264610:Early exit from checkSmall1
INFO:root:264630:Starting Step 36
INFO:root:265267:Current state [[[[4], [7], [1], [9], [5], [3], [2], [6], [8]], [[6], [8], [9], [1], [7], [2], [4], [3], [5]], [[2], [3], [5], [8], [4], [6], [7], [1], [9]], [[3], [4], [7], [2], [8], [5], [6], [9], [1]], [[9], [5], [6], [3], [1], [7], [8], [4], [2]], [[8], [1], [2], [4], [6], [9], [5], [7], [3]], [[7], [2], [4], [5], [3], [1], [9], [8], [6]], [[5], [6], [3], [7], [9], [8], [1, 2], [2], [4]], [[1], [9], [8], [6], [2], [4], [3], [5], [7]]]]
INFO:root:265267:Doing checkSmall1
INFO:root:265267:Getting tiny MUSes, distance 1, for 4 puzlits, 1 repeats
INFO:root:265305:Chunked 4 in [1, 1, 1, 1, 0, 0, 0, 0, 0, 0, 0, 0, 0, 0, 0, 0]
INFO:root:265313:XX found first (1, 7) is not 1 1
INFO:root:265313:XX found first (8, 8) is not 1 1
INFO:root:265313:XX found first (8, 7) is not 2 1
INFO:root:265326:Early exit from checkSmall1
INFO:root:265335:Starting Step 37
INFO:root:265980:Current state [[[[4], [7], [1], [9], [5], [3], [2], [6], [8]], [[6], [8], [9], [1], [7], [2], [4], [3], [5]], [[2], [3], [5], [8], [4], [6], [7], [1], [9]], [[3], [4], [7], [2], [8], [5], [6], [9], [1]], [[9], [5], [6], [3], [1], [7], [8], [4], [2]], [[8], [1], [2], [4], [6], [9], [5], [7], [3]], [[7], [2], [4], [5], [3], [1], [9], [8], [6]], [[5], [6], [3], [7], [9], [8], [1], [2], [4]], [[1], [9], [8], [6], [2], [4], [3], [5], [7]]]]
INFO:root:265981:Doing checkSmall1
INFO:root:265981:Getting tiny MUSes, distance 1, for 1 puzlits, 1 repeats
INFO:root:266018:Chunked 1 in [1, 0, 0, 0, 0, 0, 0, 0, 0, 0, 0, 0, 0, 0, 0, 0]
INFO:root:266025:XX found first (8, 7) is 1 1
INFO:root:266038:Early exit from checkSmall1
INFO:root:266051:Total Solver Calls 2359458
INFO:root:266051:Trace: [(3, [(7, 2) is not 5]), (3, [(7, 2) is not 5]), (3, [(7, 2) is not 5]), (3, [(7, 2) is not 5]), (3, [(7, 2) is not 5])]
INFO:root:266051:Trace Quality: [(3, 1), (3, 1), (3, 1), (3, 1), (3, 1)]
INFO:root:266051:Trace Sorted: [(3, 1), (3, 1), (3, 1), (3, 1), (3, 1)]
INFO:root:266052:Finished
INFO:root:266052:Full Trace [(3, [(7, 2) is not 5]), (3, [(7, 2) is not 5]), (3, [(7, 2) is not 5]), (3, [(7, 2) is not 5]), (3, [(7, 2) is not 5])]

real	4m26.330s
user	60m20.980s
sys	0m26.094s
