INFO:root:5221:Starting Step 1
INFO:root:5247:Current state [[[[1, 2, 3, 4, 5, 6, 7, 8, 9], [7], [1, 2, 3, 4, 5, 6, 7, 8, 9], [1, 2, 3, 4, 5, 6, 7, 8, 9], [1, 2, 3, 4, 5, 6, 7, 8, 9], [3], [1, 2, 3, 4, 5, 6, 7, 8, 9], [6], [1, 2, 3, 4, 5, 6, 7, 8, 9]], [[1, 2, 3, 4, 5, 6, 7, 8, 9], [1, 2, 3, 4, 5, 6, 7, 8, 9], [1, 2, 3, 4, 5, 6, 7, 8, 9], [1], [1, 2, 3, 4, 5, 6, 7, 8, 9], [2], [1, 2, 3, 4, 5, 6, 7, 8, 9], [1, 2, 3, 4, 5, 6, 7, 8, 9], [1, 2, 3, 4, 5, 6, 7, 8, 9]], [[1, 2, 3, 4, 5, 6, 7, 8, 9], [1, 2, 3, 4, 5, 6, 7, 8, 9], [5], [1, 2, 3, 4, 5, 6, 7, 8, 9], [1, 2, 3, 4, 5, 6, 7, 8, 9], [1, 2, 3, 4, 5, 6, 7, 8, 9], [7], [1, 2, 3, 4, 5, 6, 7, 8, 9], [9]], [[1, 2, 3, 4, 5, 6, 7, 8, 9], [1, 2, 3, 4, 5, 6, 7, 8, 9], [7], [2], [1, 2, 3, 4, 5, 6, 7, 8, 9], [1, 2, 3, 4, 5, 6, 7, 8, 9], [1, 2, 3, 4, 5, 6, 7, 8, 9], [1, 2, 3, 4, 5, 6, 7, 8, 9], [1]], [[1, 2, 3, 4, 5, 6, 7, 8, 9], [1, 2, 3, 4, 5, 6, 7, 8, 9], [6], [1, 2, 3, 4, 5, 6, 7, 8, 9], [1], [1, 2, 3, 4, 5, 6, 7, 8, 9], [8], [4], [1, 2, 3, 4, 5, 6, 7, 8, 9]], [[8], [1, 2, 3, 4, 5, 6, 7, 8, 9], [1, 2, 3, 4, 5, 6, 7, 8, 9], [1, 2, 3, 4, 5, 6, 7, 8, 9], [1, 2, 3, 4, 5, 6, 7, 8, 9], [1, 2, 3, 4, 5, 6, 7, 8, 9], [5], [1, 2, 3, 4, 5, 6, 7, 8, 9], [1, 2, 3, 4, 5, 6, 7, 8, 9]], [[7], [1, 2, 3, 4, 5, 6, 7, 8, 9], [4], [1, 2, 3, 4, 5, 6, 7, 8, 9], [1, 2, 3, 4, 5, 6, 7, 8, 9], [1, 2, 3, 4, 5, 6, 7, 8, 9], [9], [1, 2, 3, 4, 5, 6, 7, 8, 9], [1, 2, 3, 4, 5, 6, 7, 8, 9]], [[1, 2, 3, 4, 5, 6, 7, 8, 9], [1, 2, 3, 4, 5, 6, 7, 8, 9], [1, 2, 3, 4, 5, 6, 7, 8, 9], [7], [1, 2, 3, 4, 5, 6, 7, 8, 9], [8], [1, 2, 3, 4, 5, 6, 7, 8, 9], [1, 2, 3, 4, 5, 6, 7, 8, 9], [1, 2, 3, 4, 5, 6, 7, 8, 9]], [[1, 2, 3, 4, 5, 6, 7, 8, 9], [9], [1, 2, 3, 4, 5, 6, 7, 8, 9], [6], [1, 2, 3, 4, 5, 6, 7, 8, 9], [1, 2, 3, 4, 5, 6, 7, 8, 9], [1, 2, 3, 4, 5, 6, 7, 8, 9], [5], [1, 2, 3, 4, 5, 6, 7, 8, 9]]]]
INFO:root:5248:Doing checkSmall1
INFO:root:5248:Getting tiny MUSes, distance 1, for 704 puzlits, 1 repeats
INFO:root:5312:Chunked 704 in [44, 44, 44, 44, 44, 44, 44, 44, 44, 44, 44, 44, 44, 44, 44, 44]
INFO:root:5428:XX found first (3, 6) is not 3 1
INFO:root:5428:XX found first (3, 6) is not 7 1
INFO:root:5428:XX found first (3, 7) is not 1 1
INFO:root:5428:XX found first (8, 3) is not 5 1
INFO:root:5428:XX found first (5, 8) is not 7 1
INFO:root:5428:XX found first (1, 7) is not 3 1
INFO:root:5428:XX found first (8, 1) is not 9 1
INFO:root:5428:XX found first (6, 9) is not 4 1
INFO:root:5429:XX found first (7, 9) is not 4 1
INFO:root:5429:XX found first (6, 6) is not 8 1
INFO:root:5429:XX found first (7, 7) is not 8 1
INFO:root:5429:XX found first (8, 4) is not 9 1
INFO:root:5429:XX found first (1, 7) is not 7 1
INFO:root:5429:XX found first (8, 6) is not 7 1
INFO:root:5429:XX found first (4, 4) is not 1 1
INFO:root:5429:XX found first (9, 8) is not 8 1
INFO:root:5429:XX found first (3, 4) is not 6 1
INFO:root:5429:XX found first (9, 6) is not 8 1
INFO:root:5429:XX found first (1, 9) is not 1 1
INFO:root:5429:XX found first (5, 8) is not 9 1
INFO:root:5429:XX found first (4, 8) is not 5 1
INFO:root:5429:XX found first (2, 8) is not 1 1
INFO:root:5429:XX found first (1, 9) is not 3 1
INFO:root:5429:XX found first (2, 5) is not 2 1
INFO:root:5429:XX found first (7, 7) is not 7 1
INFO:root:5429:XX found first (8, 7) is not 5 1
INFO:root:5429:XX found first (7, 4) is not 7 1
INFO:root:5429:XX found first (2, 7) is not 5 1
INFO:root:5429:XX found first (2, 9) is not 9 1
INFO:root:5429:XX found first (6, 4) is not 7 1
INFO:root:5429:XX found first (5, 3) is not 9 1
INFO:root:5429:XX found first (8, 4) is not 1 1
INFO:root:5429:XX found first (8, 7) is not 9 1
INFO:root:5430:XX found first (4, 7) is not 2 1
INFO:root:5430:XX found first (9, 6) is not 9 1
INFO:root:5430:XX found first (7, 9) is not 1 1
INFO:root:5430:XX found first (8, 8) is not 5 1
INFO:root:5430:XX found first (5, 7) is not 7 1
INFO:root:5430:XX found first (6, 5) is not 1 1
INFO:root:5430:XX found first (4, 8) is not 1 1
INFO:root:5430:XX found first (6, 6) is not 1 1
INFO:root:5430:XX found first (7, 5) is not 1 1
INFO:root:5430:XX found first (2, 4) is not 4 1
INFO:root:5430:XX found first (2, 7) is not 7 1
INFO:root:5430:XX found first (3, 5) is not 1 1
INFO:root:5430:XX found first (5, 3) is not 8 1
INFO:root:5430:XX found first (4, 3) is not 9 1
INFO:root:5430:XX found first (7, 6) is not 6 1
INFO:root:5430:XX found first (3, 5) is not 2 1
INFO:root:5430:XX found first (2, 8) is not 2 1
INFO:root:5430:XX found first (4, 9) is not 7 1
INFO:root:5430:XX found first (6, 5) is not 5 1
INFO:root:5430:XX found first (8, 6) is not 4 1
INFO:root:5430:XX found first (1, 7) is not 5 1
INFO:root:5430:XX found first (3, 3) is not 8 1
INFO:root:5430:XX found first (6, 2) is not 6 1
INFO:root:5431:XX found first (5, 6) is not 2 1
INFO:root:5431:XX found first (7, 4) is not 6 1
INFO:root:5431:XX found first (1, 8) is not 9 1
INFO:root:5431:XX found first (3, 1) is not 9 1
INFO:root:5431:XX found first (8, 4) is not 6 1
INFO:root:5431:XX found first (3, 6) is not 1 1
INFO:root:5431:XX found first (6, 7) is not 8 1
INFO:root:5431:XX found first (8, 1) is not 4 1
INFO:root:5431:XX found first (2, 4) is not 3 1
INFO:root:5431:XX found first (5, 3) is not 1 1
INFO:root:5431:XX found first (9, 9) is not 9 1
INFO:root:5431:XX found first (2, 7) is not 6 1
INFO:root:5431:XX found first (5, 7) is not 1 1
INFO:root:5431:XX found first (2, 4) is not 8 1
INFO:root:5431:XX found first (6, 4) is not 5 1
INFO:root:5431:XX found first (8, 8) is not 6 1
INFO:root:5431:XX found first (5, 6) is not 1 1
INFO:root:5431:XX found first (2, 1) is not 1 1
INFO:root:5431:XX found first (6, 1) is not 9 1
INFO:root:5431:XX found first (8, 4) is not 8 1
INFO:root:5431:XX found first (3, 7) is not 8 1
INFO:root:5431:XX found first (3, 9) is not 6 1
INFO:root:5431:XX found first (3, 6) is not 2 1
INFO:root:5431:XX found first (5, 6) is not 6 1
INFO:root:5431:XX found first (8, 6) is not 5 1
INFO:root:5432:XX found first (5, 5) is not 5 1
INFO:root:5432:XX found first (1, 6) is not 6 1
INFO:root:5432:XX found first (7, 5) is not 7 1
INFO:root:5432:XX found first (6, 7) is not 7 1
INFO:root:5432:XX found first (5, 7) is not 2 1
INFO:root:5432:XX found first (6, 4) is not 1 1
INFO:root:5432:XX found first (3, 6) is not 9 1
INFO:root:5432:XX found first (8, 6) is not 2 1
INFO:root:5432:XX found first (9, 2) is not 8 1
INFO:root:5432:XX found first (2, 6) is not 1 1
INFO:root:5432:XX found first (6, 7) is not 6 1
INFO:root:5432:XX found first (3, 8) is not 9 1
INFO:root:5432:XX found first (2, 4) is not 9 1
INFO:root:5432:XX found first (8, 9) is not 9 1
INFO:root:5432:XX found first (4, 7) is not 7 1
INFO:root:5432:XX found first (1, 8) is not 7 1
INFO:root:5432:XX found first (9, 7) is not 5 1
INFO:root:5432:XX found first (4, 1) is not 8 1
INFO:root:5432:XX found first (5, 4) is not 6 1
INFO:root:5432:XX found first (9, 8) is not 7 1
INFO:root:5432:XX found first (6, 4) is not 2 1
INFO:root:5432:XX found first (3, 8) is not 6 1
INFO:root:5432:XX found first (9, 4) is not 1 1
INFO:root:5432:XX found first (8, 6) is not 1 1
INFO:root:5432:XX found first (5, 2) is not 6 1
INFO:root:5432:XX found first (1, 2) is not 1 1
INFO:root:5433:XX found first (2, 6) is not 5 1
INFO:root:5433:XX found first (8, 8) is not 7 1
INFO:root:5433:XX found first (9, 8) is not 2 1
INFO:root:5433:XX found first (9, 1) is not 4 1
INFO:root:5433:XX found first (6, 1) is not 7 1
INFO:root:5433:XX found first (1, 2) is not 6 1
INFO:root:5433:XX found first (3, 3) is not 6 1
INFO:root:5433:XX found first (3, 7) is not 4 1
INFO:root:5433:XX found first (6, 7) is not 4 1
INFO:root:5433:XX found first (1, 4) is not 2 1
INFO:root:5433:XX found first (9, 8) is not 6 1
INFO:root:5433:XX found first (6, 8) is not 8 1
INFO:root:5433:XX found first (7, 1) is not 3 1
INFO:root:5433:XX found first (7, 5) is not 8 1
INFO:root:5433:XX found first (5, 8) is not 3 1
INFO:root:5433:XX found first (4, 6) is not 7 1
INFO:root:5433:XX found first (9, 9) is not 5 1
INFO:root:5433:XX found first (7, 8) is not 4 1
INFO:root:5433:XX found first (5, 5) is not 4 1
INFO:root:5433:XX found first (5, 3) is not 3 1
INFO:root:5433:XX found first (5, 5) is not 2 1
INFO:root:5433:XX found first (8, 3) is not 9 1
INFO:root:5433:XX found first (3, 5) is not 5 1
INFO:root:5433:XX found first (7, 5) is not 9 1
INFO:root:5434:XX found first (8, 2) is not 4 1
INFO:root:5434:XX found first (2, 7) is not 9 1
INFO:root:5434:XX found first (3, 4) is not 9 1
INFO:root:5434:XX found first (4, 1) is not 1 1
INFO:root:5434:XX found first (5, 4) is not 7 1
INFO:root:5434:XX found first (9, 9) is not 6 1
INFO:root:5434:XX found first (8, 8) is not 8 1
INFO:root:5434:XX found first (9, 1) is not 7 1
INFO:root:5434:XX found first (1, 1) is not 7 1
INFO:root:5434:XX found first (5, 4) is not 4 1
INFO:root:5434:XX found first (1, 2) is not 4 1
INFO:root:5434:XX found first (8, 5) is not 6 1
INFO:root:5434:XX found first (1, 5) is not 1 1
INFO:root:5434:XX found first (2, 4) is not 2 1
INFO:root:5434:XX found first (7, 9) is not 5 1
INFO:root:5434:XX found first (2, 3) is not 4 1
INFO:root:5434:XX found first (7, 8) is not 9 1
INFO:root:5434:XX found first (6, 2) is not 5 1
INFO:root:5434:XX found first (7, 7) is not 1 1
INFO:root:5434:XX found first (3, 7) is not 2 1
INFO:root:5434:XX found first (9, 1) is not 5 1
INFO:root:5434:XX found first (7, 3) is not 7 1
INFO:root:5434:XX found first (5, 4) is not 8 1
INFO:root:5434:XX found first (7, 1) is not 9 1
INFO:root:5434:XX found first (9, 6) is not 5 1
INFO:root:5434:XX found first (7, 8) is not 6 1
INFO:root:5435:XX found first (3, 4) is not 7 1
INFO:root:5435:XX found first (3, 3) is not 7 1
INFO:root:5435:XX found first (5, 5) is not 8 1
INFO:root:5435:XX found first (8, 2) is not 8 1
INFO:root:5435:XX found first (4, 1) is not 2 1
INFO:root:5435:XX found first (3, 9) is not 1 1
INFO:root:5435:XX found first (2, 9) is not 6 1
INFO:root:5435:XX found first (7, 8) is not 5 1
INFO:root:5435:XX found first (4, 6) is not 8 1
INFO:root:5435:XX found first (1, 8) is not 2 1
INFO:root:5435:XX found first (6, 7) is not 2 1
INFO:root:5435:XX found first (1, 3) is not 3 1
INFO:root:5435:XX found first (4, 2) is not 7 1
INFO:root:5435:XX found first (6, 3) is not 5 1
INFO:root:5435:XX found first (9, 2) is not 4 1
INFO:root:5435:XX found first (6, 7) is not 9 1
INFO:root:5435:XX found first (4, 4) is not 5 1
INFO:root:5435:XX found first (9, 5) is not 7 1
INFO:root:5435:XX found first (5, 9) is not 6 1
INFO:root:5435:XX found first (9, 8) is not 4 1
INFO:root:5435:XX found first (7, 3) is not 3 1
INFO:root:5435:XX found first (8, 3) is not 6 1
INFO:root:5435:XX found first (7, 3) is not 5 1
INFO:root:5435:XX found first (9, 6) is not 6 1
INFO:root:5435:XX found first (9, 5) is not 8 1
INFO:root:5436:XX found first (7, 2) is not 7 1
INFO:root:5436:XX found first (7, 4) is not 9 1
INFO:root:5436:XX found first (8, 5) is not 7 1
INFO:root:5436:XX found first (1, 7) is not 8 1
INFO:root:5436:XX found first (9, 4) is not 8 1
INFO:root:5436:XX found first (7, 7) is not 6 1
INFO:root:5436:XX found first (2, 6) is not 6 1
INFO:root:5436:XX found first (5, 4) is not 1 1
INFO:root:5436:XX found first (3, 4) is not 1 1
INFO:root:5436:XX found first (4, 8) is not 4 1
INFO:root:5436:XX found first (1, 2) is not 5 1
INFO:root:5436:XX found first (2, 8) is not 9 1
INFO:root:5436:XX found first (2, 4) is not 6 1
INFO:root:5436:XX found first (2, 9) is not 7 1
INFO:root:5436:XX found first (2, 3) is not 2 1
INFO:root:5436:XX found first (3, 6) is not 5 1
INFO:root:5436:XX found first (5, 7) is not 5 1
INFO:root:5436:XX found first (9, 3) is not 5 1
INFO:root:5436:XX found first (5, 5) is not 9 1
INFO:root:5436:XX found first (1, 2) is not 3 1
INFO:root:5436:XX found first (7, 3) is not 2 1
INFO:root:5436:XX found first (2, 8) is not 6 1
INFO:root:5436:XX found first (6, 3) is not 7 1
INFO:root:5436:XX found first (1, 7) is not 9 1
INFO:root:5436:XX found first (5, 8) is not 8 1
INFO:root:5437:XX found first (9, 1) is not 8 1
INFO:root:5437:XX found first (6, 5) is not 8 1
INFO:root:5437:XX found first (4, 2) is not 8 1
INFO:root:5437:XX found first (9, 7) is not 8 1
INFO:root:5437:XX found first (7, 1) is not 8 1
INFO:root:5437:XX found first (7, 7) is not 5 1
INFO:root:5437:XX found first (7, 1) is not 5 1
INFO:root:5437:XX found first (8, 4) is not 4 1
INFO:root:5437:XX found first (4, 9) is not 8 1
INFO:root:5437:XX found first (5, 9) is not 4 1
INFO:root:5437:XX found first (4, 6) is not 3 1
INFO:root:5437:XX found first (2, 3) is not 7 1
INFO:root:5437:XX found first (1, 3) is not 4 1
INFO:root:5437:XX found first (4, 5) is not 1 1
INFO:root:5437:XX found first (2, 4) is not 5 1
INFO:root:5437:XX found first (8, 6) is not 3 1
INFO:root:5437:XX found first (7, 3) is not 9 1
INFO:root:5437:XX found first (9, 7) is not 6 1
INFO:root:5437:XX found first (3, 5) is not 3 1
INFO:root:5437:XX found first (2, 7) is not 1 1
INFO:root:5437:XX found first (3, 7) is not 5 1
INFO:root:5437:XX found first (1, 6) is not 8 1
INFO:root:5437:XX found first (8, 9) is not 5 1
INFO:root:5437:XX found first (2, 2) is not 9 1
INFO:root:5437:XX found first (5, 5) is not 6 1
INFO:root:5438:XX found first (8, 9) is not 8 1
INFO:root:5438:XX found first (3, 4) is not 3 1
INFO:root:5438:XX found first (2, 6) is not 3 1
INFO:root:5438:XX found first (9, 5) is not 6 1
INFO:root:5438:XX found first (8, 7) is not 8 1
INFO:root:5438:XX found first (4, 4) is not 6 1
INFO:root:5438:XX found first (2, 9) is not 1 1
INFO:root:5438:XX found first (1, 6) is not 9 1
INFO:root:5438:XX found first (5, 3) is not 7 1
INFO:root:5438:XX found first (5, 4) is not 2 1
INFO:root:5438:XX found first (7, 4) is not 2 1
INFO:root:5438:XX found first (4, 3) is not 2 1
INFO:root:5438:XX found first (2, 5) is not 3 1
INFO:root:5438:XX found first (2, 1) is not 5 1
INFO:root:5438:XX found first (2, 2) is not 1 1
INFO:root:5438:XX found first (2, 5) is not 1 1
INFO:root:5438:XX found first (1, 2) is not 9 1
INFO:root:5438:XX found first (7, 6) is not 7 1
INFO:root:5438:XX found first (6, 9) is not 5 1
INFO:root:5438:XX found first (6, 7) is not 3 1
INFO:root:5438:XX found first (6, 6) is not 3 1
INFO:root:5438:XX found first (1, 8) is not 4 1
INFO:root:5438:XX found first (1, 1) is not 8 1
INFO:root:5438:XX found first (4, 8) is not 2 1
INFO:root:5438:XX found first (7, 6) is not 9 1
INFO:root:5438:XX found first (2, 6) is not 4 1
INFO:root:5439:XX found first (1, 4) is not 3 1
INFO:root:5439:XX found first (9, 6) is not 3 1
INFO:root:5439:XX found first (4, 3) is not 3 1
INFO:root:5439:XX found first (2, 8) is not 4 1
INFO:root:5439:XX found first (3, 8) is not 4 1
INFO:root:5439:XX found first (2, 1) is not 2 1
INFO:root:5439:XX found first (3, 4) is not 5 1
INFO:root:5439:XX found first (5, 1) is not 8 1
INFO:root:5439:XX found first (7, 9) is not 9 1
INFO:root:5439:XX found first (5, 7) is not 9 1
INFO:root:5439:XX found first (5, 7) is not 4 1
INFO:root:5439:XX found first (5, 7) is not 3 1
INFO:root:5439:XX found first (9, 3) is not 9 1
INFO:root:5439:XX found first (6, 1) is not 3 1
INFO:root:5439:XX found first (4, 3) is not 8 1
INFO:root:5439:XX found first (4, 3) is not 4 1
INFO:root:5439:XX found first (9, 3) is not 7 1
INFO:root:5439:XX found first (3, 8) is not 5 1
INFO:root:5439:XX found first (5, 3) is not 2 1
INFO:root:5439:XX found first (1, 1) is not 5 1
INFO:root:5439:XX found first (5, 1) is not 4 1
INFO:root:5439:XX found first (3, 7) is not 6 1
INFO:root:5439:XX found first (5, 1) is not 6 1
INFO:root:5439:XX found first (6, 3) is not 8 1
INFO:root:5439:XX found first (1, 6) is not 2 1
INFO:root:5440:XX found first (3, 3) is not 2 1
INFO:root:5440:XX found first (4, 7) is not 4 1
INFO:root:5440:XX found first (6, 3) is not 4 1
INFO:root:5440:XX found first (4, 4) is not 8 1
INFO:root:5440:XX found first (9, 7) is not 7 1
INFO:root:5440:XX found first (2, 3) is not 6 1
INFO:root:5440:XX found first (7, 7) is not 3 1
INFO:root:5440:XX found first (9, 2) is not 1 1
INFO:root:5440:XX found first (3, 3) is not 9 1
INFO:root:5440:XX found first (6, 9) is not 8 1
INFO:root:5440:XX found first (3, 1) is not 5 1
INFO:root:5440:XX found first (2, 2) is not 7 1
INFO:root:5440:XX found first (4, 5) is not 7 1
INFO:root:5440:XX found first (8, 1) is not 8 1
INFO:root:5440:XX found first (6, 1) is not 6 1
INFO:root:5440:XX found first (4, 3) is not 6 1
INFO:root:5440:XX found first (5, 6) is not 4 1
INFO:root:5440:XX found first (4, 4) is not 4 1
INFO:root:5440:XX found first (4, 2) is not 2 1
INFO:root:5440:XX found first (8, 9) is not 1 1
INFO:root:5440:XX found first (8, 6) is not 9 1
INFO:root:5440:XX found first (5, 9) is not 5 1
INFO:root:5440:XX found first (4, 4) is not 7 1
INFO:root:5440:XX found first (6, 8) is not 1 1
INFO:root:5440:XX found first (4, 4) is not 9 1
INFO:root:5441:XX found first (1, 8) is not 1 1
INFO:root:5441:XX found first (8, 4) is not 3 1
INFO:root:5441:XX found first (4, 1) is not 6 1
INFO:root:5441:XX found first (3, 9) is not 8 1
INFO:root:5441:XX found first (5, 9) is not 1 1
INFO:root:5441:XX found first (6, 5) is not 2 1
INFO:root:5441:XX found first (4, 7) is not 1 1
INFO:root:5441:XX found first (6, 1) is not 5 1
INFO:root:5441:XX found first (8, 8) is not 4 1
INFO:root:5441:XX found first (9, 1) is not 9 1
INFO:root:5441:XX found first (5, 7) is not 6 1
INFO:root:5441:XX found first (9, 8) is not 1 1
INFO:root:5441:XX found first (7, 1) is not 2 1
INFO:root:5441:XX found first (2, 7) is not 8 1
INFO:root:5441:XX found first (7, 6) is not 2 1
INFO:root:5441:XX found first (3, 2) is not 7 1
INFO:root:5441:XX found first (3, 7) is not 9 1
INFO:root:5441:XX found first (1, 8) is not 5 1
INFO:root:5441:XX found first (9, 4) is not 3 1
INFO:root:5441:XX found first (7, 3) is not 8 1
INFO:root:5441:XX found first (3, 5) is not 9 1
INFO:root:5441:XX found first (7, 1) is not 4 1
INFO:root:5441:XX found first (9, 8) is not 3 1
INFO:root:5441:XX found first (7, 2) is not 9 1
INFO:root:5441:XX found first (1, 5) is not 3 1
INFO:root:5441:XX found first (5, 2) is not 4 1
INFO:root:5442:XX found first (2, 9) is not 2 1
INFO:root:5442:XX found first (1, 2) is not 8 1
INFO:root:5442:XX found first (8, 2) is not 9 1
INFO:root:5442:XX found first (5, 8) is not 2 1
INFO:root:5442:XX found first (8, 7) is not 7 1
INFO:root:5442:XX found first (2, 3) is not 5 1
INFO:root:5442:XX found first (6, 3) is not 6 1
INFO:root:5442:XX found first (5, 2) is not 7 1
INFO:root:5442:XX found first (8, 1) is not 7 1
INFO:root:5442:XX found first (4, 7) is not 8 1
INFO:root:5442:XX found first (6, 8) is not 5 1
INFO:root:5442:XX found first (5, 8) is not 5 1
INFO:root:5442:XX found first (6, 4) is not 6 1
INFO:root:5442:XX found first (5, 6) is not 3 1
INFO:root:5442:XX found first (2, 3) is not 1 1
INFO:root:5442:XX found first (2, 1) is not 7 1
INFO:root:5442:XX found first (4, 7) is not 9 1
INFO:root:5442:XX found first (5, 3) is not 4 1
INFO:root:5442:XX found first (9, 2) is not 6 1
INFO:root:5442:XX found first (6, 1) is not 4 1
INFO:root:5442:XX found first (1, 6) is not 4 1
INFO:root:5442:XX found first (9, 2) is not 2 1
INFO:root:5442:XX found first (8, 5) is not 1 1
INFO:root:5443:XX found first (7, 5) is not 4 1
INFO:root:5443:XX found first (6, 6) is not 5 1
INFO:root:5443:XX found first (9, 6) is not 2 1
INFO:root:5443:XX found first (1, 3) is not 7 1
INFO:root:5443:XX found first (8, 5) is not 8 1
INFO:root:5443:XX found first (1, 6) is not 5 1
INFO:root:5443:XX found first (4, 8) is not 6 1
INFO:root:5443:XX found first (9, 4) is not 9 1
INFO:root:5443:XX found first (2, 2) is not 2 1
INFO:root:5443:XX found first (3, 6) is not 8 1
INFO:root:5443:XX found first (7, 6) is not 4 1
INFO:root:5443:XX found first (2, 6) is not 8 1
INFO:root:5443:XX found first (1, 2) is not 2 1
INFO:root:5443:XX found first (9, 5) is not 9 1
INFO:root:5443:XX found first (8, 2) is not 7 1
INFO:root:5443:XX found first (4, 9) is not 3 1
INFO:root:5443:XX found first (1, 9) is not 9 1
INFO:root:5443:XX found first (4, 2) is not 9 1
INFO:root:5443:XX found first (3, 1) is not 7 1
INFO:root:5443:XX found first (9, 4) is not 4 1
INFO:root:5443:XX found first (8, 4) is not 2 1
INFO:root:5443:XX found first (3, 5) is not 7 1
INFO:root:5443:XX found first (3, 2) is not 9 1
INFO:root:5443:XX found first (9, 9) is not 1 1
INFO:root:5443:XX found first (7, 8) is not 7 1
INFO:root:5443:XX found first (3, 1) is not 8 1
INFO:root:5444:XX found first (5, 1) is not 7 1
INFO:root:5444:XX found first (5, 5) is not 7 1
INFO:root:5444:XX found first (9, 5) is not 5 1
INFO:root:5444:XX found first (5, 2) is not 9 1
INFO:root:5444:XX found first (7, 4) is not 8 1
INFO:root:5444:XX found first (4, 9) is not 4 1
INFO:root:5444:XX found first (9, 1) is not 6 1
INFO:root:5444:XX found first (3, 3) is not 1 1
INFO:root:5444:XX found first (8, 6) is not 6 1
INFO:root:5444:XX found first (7, 4) is not 1 1
INFO:root:5444:XX found first (1, 9) is not 7 1
INFO:root:5444:XX found first (9, 2) is not 7 1
INFO:root:5444:XX found first (1, 3) is not 6 1
INFO:root:5444:XX found first (5, 5) is not 3 1
INFO:root:5444:XX found first (4, 9) is not 9 1
INFO:root:5444:XX found first (9, 4) is not 7 1
INFO:root:5444:XX found first (2, 1) is not 8 1
INFO:root:5444:XX found first (9, 5) is not 1 1
INFO:root:5444:XX found first (5, 8) is not 1 1
INFO:root:5444:XX found first (7, 4) is not 4 1
INFO:root:5444:XX found first (6, 2) is not 8 1
INFO:root:5445:XX found first (4, 8) is not 7 1
INFO:root:5445:XX found first (5, 2) is not 8 1
INFO:root:5445:XX found first (3, 9) is not 5 1
INFO:root:5445:XX found first (2, 6) is not 7 1
INFO:root:5445:XX found first (1, 7) is not 6 1
INFO:root:5445:XX found first (1, 8) is not 8 1
INFO:root:5445:XX found first (4, 5) is not 2 1
INFO:root:5445:XX found first (6, 7) is not 1 1
INFO:root:5445:XX found first (9, 8) is not 9 1
INFO:root:5445:XX found first (7, 9) is not 7 1
INFO:root:5445:XX found first (9, 3) is not 6 1
INFO:root:5445:XX found first (3, 9) is not 7 1
INFO:root:5445:XX found first (9, 2) is not 3 1
INFO:root:5445:XX found first (4, 2) is not 6 1
INFO:root:5445:XX found first (7, 5) is not 6 1
INFO:root:5445:XX found first (3, 9) is not 4 1
INFO:root:5445:XX found first (3, 2) is not 5 1
INFO:root:5445:XX found first (6, 8) is not 6 1
INFO:root:5445:XX found first (8, 3) is not 7 1
INFO:root:5445:XX found first (7, 1) is not 1 1
INFO:root:5445:XX found first (4, 9) is not 6 1
INFO:root:5445:XX found first (9, 3) is not 4 1
INFO:root:5445:XX found first (7, 2) is not 4 1
INFO:root:5445:XX found first (4, 3) is not 5 1
INFO:root:5445:XX found first (9, 4) is not 5 1
INFO:root:5446:XX found first (1, 1) is not 6 1
INFO:root:5446:XX found first (5, 6) is not 8 1
INFO:root:5446:XX found first (4, 3) is not 1 1
INFO:root:5446:XX found first (6, 2) is not 7 1
INFO:root:5446:XX found first (5, 3) is not 5 1
INFO:root:5446:XX found first (7, 3) is not 1 1
INFO:root:5446:XX found first (5, 2) is not 1 1
INFO:root:5446:XX found first (4, 2) is not 1 1
INFO:root:5446:XX found first (6, 8) is not 4 1
INFO:root:5446:XX found first (7, 3) is not 6 1
INFO:root:5446:XX found first (9, 2) is not 5 1
INFO:root:5446:XX found first (6, 4) is not 8 1
INFO:root:5446:XX found first (4, 6) is not 2 1
INFO:root:5446:XX found first (8, 4) is not 5 1
INFO:root:5446:XX found first (4, 9) is not 5 1
INFO:root:5446:XX found first (1, 5) is not 6 1
INFO:root:5446:XX found first (5, 9) is not 8 1
INFO:root:5446:XX found first (3, 8) is not 7 1
INFO:root:5446:XX found first (2, 6) is not 9 1
INFO:root:5446:XX found first (3, 3) is not 4 1
INFO:root:5446:XX found first (3, 4) is not 2 1
INFO:root:5446:XX found first (7, 7) is not 2 1
INFO:root:5446:XX found first (4, 7) is not 5 1
INFO:root:5446:XX found first (2, 4) is not 7 1
INFO:root:5446:XX found first (4, 8) is not 8 1
INFO:root:5446:XX found first (1, 9) is not 6 1
INFO:root:5447:XX found first (2, 7) is not 2 1
INFO:root:5447:XX found first (3, 7) is not 3 1
INFO:root:5447:XX found first (2, 8) is not 7 1
INFO:root:5447:XX found first (7, 7) is not 4 1
INFO:root:5447:XX found first (1, 3) is not 5 1
INFO:root:5447:XX found first (8, 8) is not 9 1
INFO:root:5447:XX found first (6, 1) is not 2 1
INFO:root:5447:XX found first (1, 5) is not 2 1
INFO:root:5447:XX found first (3, 9) is not 2 1
INFO:root:5447:XX found first (7, 1) is not 6 1
INFO:root:5447:XX found first (6, 9) is not 1 1
INFO:root:5447:XX found first (3, 3) is not 3 1
INFO:root:5447:XX found first (4, 9) is not 2 1
INFO:root:5447:XX found first (7, 6) is not 3 1
INFO:root:5447:XX found first (2, 2) is not 5 1
INFO:root:5447:XX found first (1, 4) is not 1 1
INFO:root:5447:XX found first (1, 8) is not 3 1
INFO:root:5447:XX found first (6, 6) is not 2 1
INFO:root:5447:XX found first (9, 6) is not 7 1
INFO:root:5447:XX found first (8, 3) is not 8 1
INFO:root:5447:XX found first (1, 6) is not 7 1
INFO:root:5447:XX found first (8, 3) is not 4 1
INFO:root:5447:XX found first (9, 4) is not 2 1
INFO:root:5447:XX found first (5, 8) is not 6 1
INFO:root:5447:XX found first (1, 6) is not 1 1
INFO:root:5448:XX found first (1, 1) is not 3 1
INFO:root:5448:XX found first (9, 7) is not 9 1
INFO:root:5448:XX found first (5, 9) is not 9 1
INFO:root:5448:XX found first (1, 4) is not 7 1
INFO:root:5448:XX found first (3, 9) is not 3 1
INFO:root:5448:XX found first (4, 4) is not 3 1
INFO:root:5448:XX found first (1, 5) is not 7 1
INFO:root:5448:XX found first (7, 6) is not 8 1
INFO:root:5448:XX found first (6, 9) is not 9 1
INFO:root:5448:XX found first (1, 4) is not 6 1
INFO:root:5448:XX found first (4, 6) is not 1 1
INFO:root:5448:XX found first (5, 1) is not 1 1
INFO:root:5448:XX found first (6, 2) is not 9 1
INFO:root:5448:XX found first (6, 1) is not 1 1
INFO:root:5448:XX found first (2, 8) is not 5 1
INFO:root:5448:XX found first (4, 1) is not 7 1
INFO:root:5448:XX found first (8, 9) is not 7 1
INFO:root:5460:Early exit from checkSmall1
INFO:root:5522:Starting Step 2
INFO:root:5975:Current state [[[[1, 2, 4, 9], [7], [1, 2, 8, 9], [4, 5, 8, 9], [4, 5, 8, 9], [3], [1, 2, 4], [6], [2, 4, 5, 8]], [[3, 4, 6, 9], [3, 4, 6, 8], [3, 8, 9], [1], [4, 5, 6, 7, 8, 9], [2], [3, 4], [3, 8], [3, 4, 5, 8]], [[1, 2, 3, 4, 6], [1, 2, 3, 4, 6, 8], [5], [4, 8], [4, 6, 8], [4, 6], [7], [1, 2, 3, 8], [9]], [[3, 4, 5, 9], [3, 4, 5], [7], [2], [3, 4, 5, 6, 8, 9], [4, 5, 6, 9], [3, 6], [3, 9], [1]], [[2, 3, 5, 9], [2, 3, 5], [6], [3, 5, 9], [1], [5, 7, 9], [8], [4], [2, 3, 7]], [[8], [1, 2, 3, 4], [1, 2, 3, 9], [3, 4, 9], [3, 4, 6, 7, 9], [4, 6, 7, 9], [5], [2, 3, 7, 9], [2, 3, 6, 7]], [[7], [1, 2, 3, 5, 6, 8], [4], [3, 5], [2, 3, 5], [1, 5], [9], [1, 2, 3, 8], [2, 3, 6, 8]], [[1, 2, 3, 5, 6], [1, 2, 3, 5, 6], [1, 2, 3], [7], [2, 3, 4, 5, 9], [8], [1, 2, 3, 4, 6], [1, 2, 3], [2, 3, 4, 6]], [[1, 2, 3], [9], [1, 2, 3, 8], [6], [2, 3, 4], [1, 4], [1, 2, 3, 4], [5], [2, 3, 4, 7, 8]]]]
INFO:root:5975:Doing checkSmall1
INFO:root:5975:Getting tiny MUSes, distance 1, for 207 puzlits, 1 repeats
INFO:root:6011:Chunked 207 in [13, 13, 13, 13, 13, 13, 13, 13, 13, 13, 13, 13, 13, 13, 13, 12]
INFO:root:6054:XX found first (6, 8) is 7 1
INFO:root:6055:XX found first (4, 5) is 8 1
INFO:root:6055:XX found first (8, 5) is 9 1
INFO:root:6055:XX found first (9, 9) is 7 1
INFO:root:6055:XX found first (2, 5) is 7 1
INFO:root:6066:Early exit from checkSmall1
INFO:root:6086:Starting Step 3
INFO:root:6542:Current state [[[[1, 2, 4, 9], [7], [1, 2, 8, 9], [4, 5, 8, 9], [4, 5, 8, 9], [3], [1, 2, 4], [6], [2, 4, 5, 8]], [[3, 4, 6, 9], [3, 4, 6, 8], [3, 8, 9], [1], [7], [2], [3, 4], [3, 8], [3, 4, 5, 8]], [[1, 2, 3, 4, 6], [1, 2, 3, 4, 6, 8], [5], [4, 8], [4, 6, 8], [4, 6], [7], [1, 2, 3, 8], [9]], [[3, 4, 5, 9], [3, 4, 5], [7], [2], [8], [4, 5, 6, 9], [3, 6], [3, 9], [1]], [[2, 3, 5, 9], [2, 3, 5], [6], [3, 5, 9], [1], [5, 7, 9], [8], [4], [2, 3, 7]], [[8], [1, 2, 3, 4], [1, 2, 3, 9], [3, 4, 9], [3, 4, 6, 7, 9], [4, 6, 7, 9], [5], [7], [2, 3, 6, 7]], [[7], [1, 2, 3, 5, 6, 8], [4], [3, 5], [2, 3, 5], [1, 5], [9], [1, 2, 3, 8], [2, 3, 6, 8]], [[1, 2, 3, 5, 6], [1, 2, 3, 5, 6], [1, 2, 3], [7], [9], [8], [1, 2, 3, 4, 6], [1, 2, 3], [2, 3, 4, 6]], [[1, 2, 3], [9], [1, 2, 3, 8], [6], [2, 3, 4], [1, 4], [1, 2, 3, 4], [5], [7]]]]
INFO:root:6542:Doing checkSmall1
INFO:root:6543:Getting tiny MUSes, distance 1, for 202 puzlits, 1 repeats
INFO:root:6577:Chunked 202 in [13, 13, 13, 13, 13, 13, 13, 13, 13, 13, 12, 12, 12, 12, 12, 12]
INFO:root:6622:XX found first (6, 5) is not 9 1
INFO:root:6622:XX found first (2, 5) is not 6 1
INFO:root:6622:XX found first (4, 5) is not 5 1
INFO:root:6622:XX found first (2, 5) is not 5 1
INFO:root:6622:XX found first (9, 9) is not 3 1
INFO:root:6622:XX found first (1, 5) is not 8 1
INFO:root:6622:XX found first (6, 6) is not 7 1
INFO:root:6622:XX found first (5, 9) is not 7 1
INFO:root:6622:XX found first (9, 9) is not 2 1
INFO:root:6622:XX found first (6, 9) is not 7 1
INFO:root:6622:XX found first (1, 5) is not 9 1
INFO:root:6622:XX found first (4, 5) is not 6 1
INFO:root:6622:XX found first (9, 9) is not 4 1
INFO:root:6623:XX found first (4, 5) is not 9 1
INFO:root:6623:XX found first (8, 5) is not 2 1
INFO:root:6623:XX found first (8, 5) is not 5 1
INFO:root:6623:XX found first (6, 8) is not 3 1
INFO:root:6623:XX found first (6, 8) is not 9 1
INFO:root:6623:XX found first (4, 5) is not 4 1
INFO:root:6623:XX found first (4, 5) is not 3 1
INFO:root:6623:XX found first (6, 5) is not 7 1
INFO:root:6623:XX found first (6, 8) is not 2 1
INFO:root:6623:XX found first (3, 5) is not 8 1
INFO:root:6623:XX found first (2, 5) is not 9 1
INFO:root:6623:XX found first (2, 5) is not 4 1
INFO:root:6623:XX found first (9, 9) is not 8 1
INFO:root:6623:XX found first (8, 5) is not 4 1
INFO:root:6623:XX found first (8, 5) is not 3 1
INFO:root:6623:XX found first (2, 5) is not 8 1
INFO:root:6635:Early exit from checkSmall1
INFO:root:6646:Starting Step 4
INFO:root:7123:Current state [[[[1, 2, 4, 9], [7], [1, 2, 8, 9], [4, 5, 8, 9], [4, 5], [3], [1, 2, 4], [6], [2, 4, 5, 8]], [[3, 4, 6, 9], [3, 4, 6, 8], [3, 8, 9], [1], [7], [2], [3, 4], [3, 8], [3, 4, 5, 8]], [[1, 2, 3, 4, 6], [1, 2, 3, 4, 6, 8], [5], [4, 8], [4, 6], [4, 6], [7], [1, 2, 3, 8], [9]], [[3, 4, 5, 9], [3, 4, 5], [7], [2], [8], [4, 5, 6, 9], [3, 6], [3, 9], [1]], [[2, 3, 5, 9], [2, 3, 5], [6], [3, 5, 9], [1], [5, 7, 9], [8], [4], [2, 3]], [[8], [1, 2, 3, 4], [1, 2, 3, 9], [3, 4, 9], [3, 4, 6], [4, 6, 9], [5], [7], [2, 3, 6]], [[7], [1, 2, 3, 5, 6, 8], [4], [3, 5], [2, 3, 5], [1, 5], [9], [1, 2, 3, 8], [2, 3, 6, 8]], [[1, 2, 3, 5, 6], [1, 2, 3, 5, 6], [1, 2, 3], [7], [9], [8], [1, 2, 3, 4, 6], [1, 2, 3], [2, 3, 4, 6]], [[1, 2, 3], [9], [1, 2, 3, 8], [6], [2, 3, 4], [1, 4], [1, 2, 3, 4], [5], [7]]]]
INFO:root:7123:Doing checkSmall1
INFO:root:7124:Getting tiny MUSes, distance 1, for 173 puzlits, 1 repeats
INFO:root:7158:Chunked 173 in [11, 11, 11, 11, 11, 11, 11, 11, 11, 11, 11, 11, 11, 10, 10, 10]
INFO:root:7198:XX found first (1, 4) is 9 1
INFO:root:7198:XX found first (2, 9) is 5 1
INFO:root:7198:XX found first (5, 6) is 7 1
INFO:root:7198:XX found first (9, 3) is 8 1
INFO:root:7198:XX found first (4, 8) is 9 1
INFO:root:7210:Early exit from checkSmall1
INFO:root:7230:Starting Step 5
INFO:root:7719:Current state [[[[1, 2, 4, 9], [7], [1, 2, 8, 9], [9], [4, 5], [3], [1, 2, 4], [6], [2, 4, 5, 8]], [[3, 4, 6, 9], [3, 4, 6, 8], [3, 8, 9], [1], [7], [2], [3, 4], [3, 8], [5]], [[1, 2, 3, 4, 6], [1, 2, 3, 4, 6, 8], [5], [4, 8], [4, 6], [4, 6], [7], [1, 2, 3, 8], [9]], [[3, 4, 5, 9], [3, 4, 5], [7], [2], [8], [4, 5, 6, 9], [3, 6], [9], [1]], [[2, 3, 5, 9], [2, 3, 5], [6], [3, 5, 9], [1], [7], [8], [4], [2, 3]], [[8], [1, 2, 3, 4], [1, 2, 3, 9], [3, 4, 9], [3, 4, 6], [4, 6, 9], [5], [7], [2, 3, 6]], [[7], [1, 2, 3, 5, 6, 8], [4], [3, 5], [2, 3, 5], [1, 5], [9], [1, 2, 3, 8], [2, 3, 6, 8]], [[1, 2, 3, 5, 6], [1, 2, 3, 5, 6], [1, 2, 3], [7], [9], [8], [1, 2, 3, 4, 6], [1, 2, 3], [2, 3, 4, 6]], [[1, 2, 3], [9], [8], [6], [2, 3, 4], [1, 4], [1, 2, 3, 4], [5], [7]]]]
INFO:root:7719:Doing checkSmall1
INFO:root:7719:Getting tiny MUSes, distance 1, for 168 puzlits, 1 repeats
INFO:root:7755:Chunked 168 in [11, 11, 11, 11, 11, 11, 11, 11, 10, 10, 10, 10, 10, 10, 10, 10]
INFO:root:7789:XX found first (5, 6) is not 9 1
INFO:root:7789:XX found first (1, 4) is not 8 1
INFO:root:7789:XX found first (4, 6) is not 9 1
INFO:root:7789:XX found first (9, 3) is not 2 1
INFO:root:7789:XX found first (2, 9) is not 3 1
INFO:root:7789:XX found first (1, 4) is not 4 1
INFO:root:7789:XX found first (5, 4) is not 9 1
INFO:root:7789:XX found first (6, 4) is not 9 1
INFO:root:7789:XX found first (7, 2) is not 8 1
INFO:root:7789:XX found first (9, 3) is not 1 1
INFO:root:7789:XX found first (9, 3) is not 3 1
INFO:root:7789:XX found first (2, 9) is not 4 1
INFO:root:7789:XX found first (1, 1) is not 9 1
INFO:root:7789:XX found first (1, 9) is not 5 1
INFO:root:7789:XX found first (2, 3) is not 8 1
INFO:root:7790:XX found first (4, 8) is not 3 1
INFO:root:7790:XX found first (1, 3) is not 9 1
INFO:root:7790:XX found first (1, 4) is not 5 1
INFO:root:7790:XX found first (1, 3) is not 8 1
INFO:root:7790:XX found first (4, 1) is not 9 1
INFO:root:7790:XX found first (2, 9) is not 8 1
INFO:root:7790:XX found first (5, 6) is not 5 1
INFO:root:7802:Early exit from checkSmall1
INFO:root:7811:Starting Step 6
INFO:root:8308:Current state [[[[1, 2, 4], [7], [1, 2], [9], [4, 5], [3], [1, 2, 4], [6], [2, 4, 8]], [[3, 4, 6, 9], [3, 4, 6, 8], [3, 9], [1], [7], [2], [3, 4], [3, 8], [5]], [[1, 2, 3, 4, 6], [1, 2, 3, 4, 6, 8], [5], [4, 8], [4, 6], [4, 6], [7], [1, 2, 3, 8], [9]], [[3, 4, 5], [3, 4, 5], [7], [2], [8], [4, 5, 6], [3, 6], [9], [1]], [[2, 3, 5, 9], [2, 3, 5], [6], [3, 5], [1], [7], [8], [4], [2, 3]], [[8], [1, 2, 3, 4], [1, 2, 3, 9], [3, 4], [3, 4, 6], [4, 6, 9], [5], [7], [2, 3, 6]], [[7], [1, 2, 3, 5, 6], [4], [3, 5], [2, 3, 5], [1, 5], [9], [1, 2, 3, 8], [2, 3, 6, 8]], [[1, 2, 3, 5, 6], [1, 2, 3, 5, 6], [1, 2, 3], [7], [9], [8], [1, 2, 3, 4, 6], [1, 2, 3], [2, 3, 4, 6]], [[1, 2, 3], [9], [8], [6], [2, 3, 4], [1, 4], [1, 2, 3, 4], [5], [7]]]]
INFO:root:8308:Doing checkSmall1
INFO:root:8308:Getting tiny MUSes, distance 1, for 146 puzlits, 1 repeats
INFO:root:8343:Chunked 146 in [10, 10, 9, 9, 9, 9, 9, 9, 9, 9, 9, 9, 9, 9, 9, 9]
INFO:root:8369:XX found first (5, 1) is 9 1
INFO:root:8369:XX found first (6, 6) is 9 1
INFO:root:8369:XX found first (1, 5) is 5 1
INFO:root:8369:XX found first (1, 9) is 8 1
INFO:root:8369:XX found first (3, 4) is 8 1
INFO:root:8381:Early exit from checkSmall1
INFO:root:8401:Starting Step 7
INFO:root:8900:Current state [[[[1, 2, 4], [7], [1, 2], [9], [5], [3], [1, 2, 4], [6], [8]], [[3, 4, 6, 9], [3, 4, 6, 8], [3, 9], [1], [7], [2], [3, 4], [3, 8], [5]], [[1, 2, 3, 4, 6], [1, 2, 3, 4, 6, 8], [5], [8], [4, 6], [4, 6], [7], [1, 2, 3, 8], [9]], [[3, 4, 5], [3, 4, 5], [7], [2], [8], [4, 5, 6], [3, 6], [9], [1]], [[9], [2, 3, 5], [6], [3, 5], [1], [7], [8], [4], [2, 3]], [[8], [1, 2, 3, 4], [1, 2, 3, 9], [3, 4], [3, 4, 6], [9], [5], [7], [2, 3, 6]], [[7], [1, 2, 3, 5, 6], [4], [3, 5], [2, 3, 5], [1, 5], [9], [1, 2, 3, 8], [2, 3, 6, 8]], [[1, 2, 3, 5, 6], [1, 2, 3, 5, 6], [1, 2, 3], [7], [9], [8], [1, 2, 3, 4, 6], [1, 2, 3], [2, 3, 4, 6]], [[1, 2, 3], [9], [8], [6], [2, 3, 4], [1, 4], [1, 2, 3, 4], [5], [7]]]]
INFO:root:8900:Doing checkSmall1
INFO:root:8900:Getting tiny MUSes, distance 1, for 141 puzlits, 1 repeats
INFO:root:8935:Chunked 141 in [9, 9, 9, 9, 9, 9, 9, 9, 9, 9, 9, 9, 9, 8, 8, 8]
INFO:root:8967:XX found first (3, 2) is not 8 1
INFO:root:8967:XX found first (7, 5) is not 5 1
INFO:root:8967:XX found first (6, 3) is not 9 1
INFO:root:8967:XX found first (5, 1) is not 3 1
INFO:root:8967:XX found first (1, 9) is not 2 1
INFO:root:8967:XX found first (5, 1) is not 5 1
INFO:root:8967:XX found first (1, 9) is not 4 1
INFO:root:8967:XX found first (1, 5) is not 4 1
INFO:root:8967:XX found first (7, 9) is not 8 1
INFO:root:8967:XX found first (6, 6) is not 6 1
INFO:root:8967:XX found first (6, 6) is not 4 1
INFO:root:8967:XX found first (5, 1) is not 2 1
INFO:root:8967:XX found first (2, 1) is not 9 1
INFO:root:8967:XX found first (2, 8) is not 8 1
INFO:root:8967:XX found first (3, 8) is not 8 1
INFO:root:8967:XX found first (3, 4) is not 4 1
INFO:root:8979:Early exit from checkSmall1
INFO:root:8988:Starting Step 8
INFO:root:9500:Current state [[[[1, 2, 4], [7], [1, 2], [9], [5], [3], [1, 2, 4], [6], [8]], [[3, 4, 6], [3, 4, 6, 8], [3, 9], [1], [7], [2], [3, 4], [3], [5]], [[1, 2, 3, 4, 6], [1, 2, 3, 4, 6], [5], [8], [4, 6], [4, 6], [7], [1, 2, 3], [9]], [[3, 4, 5], [3, 4, 5], [7], [2], [8], [4, 5, 6], [3, 6], [9], [1]], [[9], [2, 3, 5], [6], [3, 5], [1], [7], [8], [4], [2, 3]], [[8], [1, 2, 3, 4], [1, 2, 3], [3, 4], [3, 4, 6], [9], [5], [7], [2, 3, 6]], [[7], [1, 2, 3, 5, 6], [4], [3, 5], [2, 3], [1, 5], [9], [1, 2, 3, 8], [2, 3, 6]], [[1, 2, 3, 5, 6], [1, 2, 3, 5, 6], [1, 2, 3], [7], [9], [8], [1, 2, 3, 4, 6], [1, 2, 3], [2, 3, 4, 6]], [[1, 2, 3], [9], [8], [6], [2, 3, 4], [1, 4], [1, 2, 3, 4], [5], [7]]]]
INFO:root:9500:Doing checkSmall1
INFO:root:9500:Getting tiny MUSes, distance 1, for 125 puzlits, 1 repeats
INFO:root:9535:Chunked 125 in [8, 8, 8, 8, 8, 8, 8, 8, 8, 8, 8, 8, 8, 7, 7, 7]
INFO:root:9568:XX found first (2, 8) is 3 1
INFO:root:9568:XX found first (7, 8) is 8 1
INFO:root:9568:XX found first (2, 3) is 9 1
INFO:root:9568:XX found first (2, 2) is 8 1
INFO:root:9568:XX found first (8, 9) is 4 1
INFO:root:9568:XX found first (6, 4) is 4 1
INFO:root:9580:Early exit from checkSmall1
INFO:root:9604:Starting Step 9
INFO:root:10119:Current state [[[[1, 2, 4], [7], [1, 2], [9], [5], [3], [1, 2, 4], [6], [8]], [[3, 4, 6], [8], [9], [1], [7], [2], [3, 4], [3], [5]], [[1, 2, 3, 4, 6], [1, 2, 3, 4, 6], [5], [8], [4, 6], [4, 6], [7], [1, 2, 3], [9]], [[3, 4, 5], [3, 4, 5], [7], [2], [8], [4, 5, 6], [3, 6], [9], [1]], [[9], [2, 3, 5], [6], [3, 5], [1], [7], [8], [4], [2, 3]], [[8], [1, 2, 3, 4], [1, 2, 3], [4], [3, 4, 6], [9], [5], [7], [2, 3, 6]], [[7], [1, 2, 3, 5, 6], [4], [3, 5], [2, 3], [1, 5], [9], [8], [2, 3, 6]], [[1, 2, 3, 5, 6], [1, 2, 3, 5, 6], [1, 2, 3], [7], [9], [8], [1, 2, 3, 4, 6], [1, 2, 3], [4]], [[1, 2, 3], [9], [8], [6], [2, 3, 4], [1, 4], [1, 2, 3, 4], [5], [7]]]]
INFO:root:10119:Doing checkSmall1
INFO:root:10119:Getting tiny MUSes, distance 1, for 119 puzlits, 1 repeats
INFO:root:10155:Chunked 119 in [8, 8, 8, 8, 8, 8, 8, 7, 7, 7, 7, 7, 7, 7, 7, 7]
INFO:root:10183:XX found first (2, 2) is not 6 1
INFO:root:10183:XX found first (2, 7) is not 3 1
INFO:root:10183:XX found first (8, 9) is not 2 1
INFO:root:10183:XX found first (8, 7) is not 4 1
INFO:root:10183:XX found first (7, 8) is not 2 1
INFO:root:10183:XX found first (2, 3) is not 3 1
INFO:root:10183:XX found first (2, 1) is not 3 1
INFO:root:10183:XX found first (8, 8) is not 3 1
INFO:root:10184:XX found first (7, 8) is not 1 1
INFO:root:10184:XX found first (3, 8) is not 3 1
INFO:root:10184:XX found first (6, 2) is not 4 1
INFO:root:10184:XX found first (8, 9) is not 3 1
INFO:root:10184:XX found first (2, 2) is not 4 1
INFO:root:10184:XX found first (2, 2) is not 3 1
INFO:root:10184:XX found first (8, 9) is not 6 1
INFO:root:10184:XX found first (9, 7) is not 4 1
INFO:root:10184:XX found first (6, 4) is not 3 1
INFO:root:10184:XX found first (7, 8) is not 3 1
INFO:root:10184:XX found first (4, 6) is not 4 1
INFO:root:10184:XX found first (6, 5) is not 4 1
INFO:root:10195:Early exit from checkSmall1
INFO:root:10205:Starting Step 10
INFO:root:10745:Current state [[[[1, 2, 4], [7], [1, 2], [9], [5], [3], [1, 2, 4], [6], [8]], [[4, 6], [8], [9], [1], [7], [2], [4], [3], [5]], [[1, 2, 3, 4, 6], [1, 2, 3, 4, 6], [5], [8], [4, 6], [4, 6], [7], [1, 2], [9]], [[3, 4, 5], [3, 4, 5], [7], [2], [8], [5, 6], [3, 6], [9], [1]], [[9], [2, 3, 5], [6], [3, 5], [1], [7], [8], [4], [2, 3]], [[8], [1, 2, 3], [1, 2, 3], [4], [3, 6], [9], [5], [7], [2, 3, 6]], [[7], [1, 2, 3, 5, 6], [4], [3, 5], [2, 3], [1, 5], [9], [8], [2, 3, 6]], [[1, 2, 3, 5, 6], [1, 2, 3, 5, 6], [1, 2, 3], [7], [9], [8], [1, 2, 3, 6], [1, 2], [4]], [[1, 2, 3], [9], [8], [6], [2, 3, 4], [1, 4], [1, 2, 3], [5], [7]]]]
INFO:root:10745:Doing checkSmall1
INFO:root:10745:Getting tiny MUSes, distance 1, for 99 puzlits, 1 repeats
INFO:root:10781:Chunked 99 in [7, 7, 7, 6, 6, 6, 6, 6, 6, 6, 6, 6, 6, 6, 6, 6]
INFO:root:10807:XX found first (2, 1) is 6 1
INFO:root:10807:XX found first (2, 7) is 4 1
INFO:root:10818:Early exit from checkSmall1
INFO:root:10830:Starting Step 11
INFO:root:11362:Current state [[[[1, 2, 4], [7], [1, 2], [9], [5], [3], [1, 2, 4], [6], [8]], [[6], [8], [9], [1], [7], [2], [4], [3], [5]], [[1, 2, 3, 4, 6], [1, 2, 3, 4, 6], [5], [8], [4, 6], [4, 6], [7], [1, 2], [9]], [[3, 4, 5], [3, 4, 5], [7], [2], [8], [5, 6], [3, 6], [9], [1]], [[9], [2, 3, 5], [6], [3, 5], [1], [7], [8], [4], [2, 3]], [[8], [1, 2, 3], [1, 2, 3], [4], [3, 6], [9], [5], [7], [2, 3, 6]], [[7], [1, 2, 3, 5, 6], [4], [3, 5], [2, 3], [1, 5], [9], [8], [2, 3, 6]], [[1, 2, 3, 5, 6], [1, 2, 3, 5, 6], [1, 2, 3], [7], [9], [8], [1, 2, 3, 6], [1, 2], [4]], [[1, 2, 3], [9], [8], [6], [2, 3, 4], [1, 4], [1, 2, 3], [5], [7]]]]
INFO:root:11362:Doing checkSmall1
INFO:root:11362:Getting tiny MUSes, distance 1, for 97 puzlits, 1 repeats
INFO:root:11398:Chunked 97 in [7, 6, 6, 6, 6, 6, 6, 6, 6, 6, 6, 6, 6, 6, 6, 6]
INFO:root:11422:XX found first (3, 1) is not 6 1
INFO:root:11422:XX found first (2, 1) is not 4 1
INFO:root:11422:XX found first (3, 2) is not 6 1
INFO:root:11422:XX found first (8, 1) is not 6 1
INFO:root:11422:XX found first (1, 7) is not 4 1
INFO:root:11434:Early exit from checkSmall1
INFO:root:11442:Starting Step 12
INFO:root:11980:Current state [[[[1, 2, 4], [7], [1, 2], [9], [5], [3], [1, 2], [6], [8]], [[6], [8], [9], [1], [7], [2], [4], [3], [5]], [[1, 2, 3, 4], [1, 2, 3, 4], [5], [8], [4, 6], [4, 6], [7], [1, 2], [9]], [[3, 4, 5], [3, 4, 5], [7], [2], [8], [5, 6], [3, 6], [9], [1]], [[9], [2, 3, 5], [6], [3, 5], [1], [7], [8], [4], [2, 3]], [[8], [1, 2, 3], [1, 2, 3], [4], [3, 6], [9], [5], [7], [2, 3, 6]], [[7], [1, 2, 3, 5, 6], [4], [3, 5], [2, 3], [1, 5], [9], [8], [2, 3, 6]], [[1, 2, 3, 5], [1, 2, 3, 5, 6], [1, 2, 3], [7], [9], [8], [1, 2, 3, 6], [1, 2], [4]], [[1, 2, 3], [9], [8], [6], [2, 3, 4], [1, 4], [1, 2, 3], [5], [7]]]]
INFO:root:11980:Doing checkSmall1
INFO:root:11980:Getting tiny MUSes, distance 1, for 92 puzlits, 1 repeats
INFO:root:12016:Chunked 92 in [6, 6, 6, 6, 6, 6, 6, 6, 6, 6, 6, 6, 5, 5, 5, 5]
INFO:root:12038:XX found first (1, 1) is 4 1
INFO:root:12050:Early exit from checkSmall1
INFO:root:12060:Starting Step 13
INFO:root:12605:Current state [[[[4], [7], [1, 2], [9], [5], [3], [1, 2], [6], [8]], [[6], [8], [9], [1], [7], [2], [4], [3], [5]], [[1, 2, 3, 4], [1, 2, 3, 4], [5], [8], [4, 6], [4, 6], [7], [1, 2], [9]], [[3, 4, 5], [3, 4, 5], [7], [2], [8], [5, 6], [3, 6], [9], [1]], [[9], [2, 3, 5], [6], [3, 5], [1], [7], [8], [4], [2, 3]], [[8], [1, 2, 3], [1, 2, 3], [4], [3, 6], [9], [5], [7], [2, 3, 6]], [[7], [1, 2, 3, 5, 6], [4], [3, 5], [2, 3], [1, 5], [9], [8], [2, 3, 6]], [[1, 2, 3, 5], [1, 2, 3, 5, 6], [1, 2, 3], [7], [9], [8], [1, 2, 3, 6], [1, 2], [4]], [[1, 2, 3], [9], [8], [6], [2, 3, 4], [1, 4], [1, 2, 3], [5], [7]]]]
INFO:root:12606:Doing checkSmall1
INFO:root:12606:Getting tiny MUSes, distance 1, for 91 puzlits, 1 repeats
INFO:root:12642:Chunked 91 in [6, 6, 6, 6, 6, 6, 6, 6, 6, 6, 6, 5, 5, 5, 5, 5]
INFO:root:12665:XX found first (1, 1) is not 2 1
INFO:root:12665:XX found first (4, 1) is not 4 1
INFO:root:12665:XX found first (3, 2) is not 4 1
INFO:root:12665:XX found first (1, 1) is not 1 1
INFO:root:12665:XX found first (3, 1) is not 4 1
INFO:root:12677:Early exit from checkSmall1
INFO:root:12685:Starting Step 14
INFO:root:13218:Current state [[[[4], [7], [1, 2], [9], [5], [3], [1, 2], [6], [8]], [[6], [8], [9], [1], [7], [2], [4], [3], [5]], [[1, 2, 3], [1, 2, 3], [5], [8], [4, 6], [4, 6], [7], [1, 2], [9]], [[3, 5], [3, 4, 5], [7], [2], [8], [5, 6], [3, 6], [9], [1]], [[9], [2, 3, 5], [6], [3, 5], [1], [7], [8], [4], [2, 3]], [[8], [1, 2, 3], [1, 2, 3], [4], [3, 6], [9], [5], [7], [2, 3, 6]], [[7], [1, 2, 3, 5, 6], [4], [3, 5], [2, 3], [1, 5], [9], [8], [2, 3, 6]], [[1, 2, 3, 5], [1, 2, 3, 5, 6], [1, 2, 3], [7], [9], [8], [1, 2, 3, 6], [1, 2], [4]], [[1, 2, 3], [9], [8], [6], [2, 3, 4], [1, 4], [1, 2, 3], [5], [7]]]]
INFO:root:13218:Doing checkSmall1
INFO:root:13218:Getting tiny MUSes, distance 1, for 86 puzlits, 1 repeats
INFO:root:13253:Chunked 86 in [6, 6, 6, 6, 6, 6, 5, 5, 5, 5, 5, 5, 5, 5, 5, 5]
INFO:root:13274:XX found first (4, 2) is 4 1
INFO:root:13286:Early exit from checkSmall1
INFO:root:13297:Starting Step 15
INFO:root:13832:Current state [[[[4], [7], [1, 2], [9], [5], [3], [1, 2], [6], [8]], [[6], [8], [9], [1], [7], [2], [4], [3], [5]], [[1, 2, 3], [1, 2, 3], [5], [8], [4, 6], [4, 6], [7], [1, 2], [9]], [[3, 5], [4], [7], [2], [8], [5, 6], [3, 6], [9], [1]], [[9], [2, 3, 5], [6], [3, 5], [1], [7], [8], [4], [2, 3]], [[8], [1, 2, 3], [1, 2, 3], [4], [3, 6], [9], [5], [7], [2, 3, 6]], [[7], [1, 2, 3, 5, 6], [4], [3, 5], [2, 3], [1, 5], [9], [8], [2, 3, 6]], [[1, 2, 3, 5], [1, 2, 3, 5, 6], [1, 2, 3], [7], [9], [8], [1, 2, 3, 6], [1, 2], [4]], [[1, 2, 3], [9], [8], [6], [2, 3, 4], [1, 4], [1, 2, 3], [5], [7]]]]
INFO:root:13832:Doing checkSmall1
INFO:root:13832:Getting tiny MUSes, distance 1, for 85 puzlits, 1 repeats
INFO:root:13867:Chunked 85 in [6, 6, 6, 6, 6, 5, 5, 5, 5, 5, 5, 5, 5, 5, 5, 5]
INFO:root:13887:XX found first (4, 2) is not 3 1
INFO:root:13887:XX found first (4, 2) is not 5 1
INFO:root:13899:Early exit from checkSmall1
INFO:root:13907:Starting Step 16
INFO:root:14440:Current state [[[[4], [7], [1, 2], [9], [5], [3], [1, 2], [6], [8]], [[6], [8], [9], [1], [7], [2], [4], [3], [5]], [[1, 2, 3], [1, 2, 3], [5], [8], [4, 6], [4, 6], [7], [1, 2], [9]], [[3, 5], [4], [7], [2], [8], [5, 6], [3, 6], [9], [1]], [[9], [2, 3, 5], [6], [3, 5], [1], [7], [8], [4], [2, 3]], [[8], [1, 2, 3], [1, 2, 3], [4], [3, 6], [9], [5], [7], [2, 3, 6]], [[7], [1, 2, 3, 5, 6], [4], [3, 5], [2, 3], [1, 5], [9], [8], [2, 3, 6]], [[1, 2, 3, 5], [1, 2, 3, 5, 6], [1, 2, 3], [7], [9], [8], [1, 2, 3, 6], [1, 2], [4]], [[1, 2, 3], [9], [8], [6], [2, 3, 4], [1, 4], [1, 2, 3], [5], [7]]]]
INFO:root:14440:Doing checkSmall1
INFO:root:14440:Getting tiny MUSes, distance 1, for 83 puzlits, 1 repeats
INFO:root:14475:Chunked 83 in [6, 6, 6, 5, 5, 5, 5, 5, 5, 5, 5, 5, 5, 5, 5, 5]
INFO:root:14541:Considering 100 * 83 jobs for minsize=3
INFO:root:14558:Chunked 8300 in [519, 519, 519, 519, 519, 519, 519, 519, 519, 519, 519, 519, 518, 518, 518, 518]
INFO:root:21085:Considering 100 * 83 jobs for minsize=4
INFO:root:21165:Chunked 8300 in [519, 519, 519, 519, 519, 519, 519, 519, 519, 519, 519, 519, 518, 518, 518, 518]
INFO:root:28552:!! Found smaller !!!! 3 4
INFO:root:28552:XX found first (7, 9) is not 2 3
INFO:root:28552:!! Found smaller !!!! 3 4
INFO:root:28552:XX found first (7, 2) is not 5 3
INFO:root:28552:!! Found smaller !!!! 3 4
INFO:root:28552:XX add new best (7, 9) is not 2 3 3
INFO:root:28552:!! Found smaller !!!! 3 4
INFO:root:28552:XX add new best (7, 9) is not 2 3 3
INFO:root:28552:!! Found smaller !!!! 3 4
INFO:root:28552:XX add new best (7, 2) is not 5 3 3
INFO:root:28552:!! Found smaller !!!! 3 4
INFO:root:28552:XX add new best (7, 9) is not 2 3 3
INFO:root:28552:!! Found smaller !!!! 3 4
INFO:root:28553:XX add new best (7, 2) is not 5 3 3
INFO:root:28553:!! Found smaller !!!! 3 4
INFO:root:28553:XX add new best (7, 9) is not 2 3 3
INFO:root:28553:!! Found smaller !!!! 3 4
INFO:root:28553:XX add new best (7, 2) is not 5 3 3
INFO:root:28553:!! Found smaller !!!! 3 4
INFO:root:28553:XX add new best (7, 2) is not 5 3 3
INFO:root:28553:!! Found smaller !!!! 3 4
INFO:root:28553:XX add new best (7, 2) is not 5 3 3
INFO:root:28553:!! Found smaller !!!! 3 4
INFO:root:28553:XX add new best (7, 9) is not 2 3 3
INFO:root:28553:!! Found smaller !!!! 3 4
INFO:root:28553:XX add new best (7, 9) is not 2 3 3
INFO:root:28553:!! Found smaller !!!! 3 4
INFO:root:28553:XX add new best (7, 2) is not 5 3 3
INFO:root:28553:!! Found smaller !!!! 3 4
INFO:root:28554:XX add new best (7, 2) is not 5 3 3
INFO:root:28554:!! Found smaller !!!! 3 4
INFO:root:28554:XX add new best (7, 9) is not 2 3 3
INFO:root:28554:!! Found smaller !!!! 3 4
INFO:root:28554:XX add new best (7, 2) is not 5 3 3
INFO:root:28554:!! Found smaller !!!! 3 4
INFO:root:28554:XX add new best (7, 2) is not 5 3 3
INFO:root:28554:!! Found smaller !!!! 3 4
INFO:root:28554:XX add new best (7, 9) is not 2 3 3
INFO:root:28554:!! Found smaller !!!! 3 4
INFO:root:28554:XX add new best (7, 2) is not 5 3 3
INFO:root:28554:!! Found smaller !!!! 3 4
INFO:root:28554:XX add new best (7, 2) is not 5 3 3
INFO:root:28554:!! Found smaller !!!! 3 4
INFO:root:28554:XX add new best (7, 2) is not 5 3 3
INFO:root:28554:!! Found smaller !!!! 3 4
INFO:root:28555:XX add new best (7, 9) is not 2 3 3
INFO:root:28555:!! Found smaller !!!! 3 4
INFO:root:28555:XX add new best (7, 9) is not 2 3 3
INFO:root:28555:!! Found smaller !!!! 3 4
INFO:root:28555:XX add new best (7, 2) is not 5 3 3
INFO:root:28555:!! Found smaller !!!! 3 4
INFO:root:28555:XX add new best (7, 9) is not 2 3 3
INFO:root:28555:!! Found smaller !!!! 3 4
INFO:root:28555:XX add new best (7, 2) is not 5 3 3
INFO:root:28555:!! Found smaller !!!! 3 4
INFO:root:28555:XX add new best (7, 9) is not 2 3 3
INFO:root:28555:!! Found smaller !!!! 3 4
INFO:root:28555:XX add new best (7, 2) is not 5 3 3
INFO:root:28556:!! Found smaller !!!! 3 4
INFO:root:28556:XX add new best (7, 2) is not 5 3 3
INFO:root:28556:!! Found smaller !!!! 3 4
INFO:root:28556:XX add new best (7, 9) is not 2 3 3
INFO:root:28556:!! Found smaller !!!! 3 4
INFO:root:28556:XX add new best (7, 9) is not 2 3 3
INFO:root:28556:!! Found smaller !!!! 3 4
INFO:root:28556:XX add new best (7, 9) is not 2 3 3
INFO:root:28556:!! Found smaller !!!! 3 4
INFO:root:28556:XX add new best (7, 9) is not 2 3 3
INFO:root:28556:!! Found smaller !!!! 3 4
INFO:root:28556:XX add new best (7, 2) is not 5 3 3
INFO:root:28556:!! Found smaller !!!! 3 4
INFO:root:28556:XX add new best (7, 2) is not 5 3 3
INFO:root:28556:!! Found smaller !!!! 3 4
INFO:root:28556:XX add new best (7, 2) is not 5 3 3
INFO:root:28557:!! Found smaller !!!! 3 4
INFO:root:28557:XX add new best (7, 2) is not 5 3 3
INFO:root:28557:!! Found smaller !!!! 3 4
INFO:root:28557:XX add new best (7, 2) is not 5 3 3
INFO:root:28557:!! Found smaller !!!! 3 4
INFO:root:28557:XX add new best (7, 2) is not 5 3 3
INFO:root:28557:!! Found smaller !!!! 3 4
INFO:root:28557:XX add new best (7, 2) is not 5 3 3
INFO:root:28557:!! Found smaller !!!! 3 4
INFO:root:28557:XX add new best (7, 9) is not 2 3 3
INFO:root:28557:!! Found smaller !!!! 3 4
INFO:root:28557:XX add new best (7, 9) is not 2 3 3
INFO:root:28557:!! Found smaller !!!! 3 4
INFO:root:28557:XX add new best (7, 9) is not 2 3 3
INFO:root:28557:!! Found smaller !!!! 3 4
INFO:root:28557:XX add new best (7, 2) is not 5 3 3
INFO:root:28558:!! Found smaller !!!! 3 4
INFO:root:28558:XX add new best (7, 2) is not 5 3 3
INFO:root:28558:!! Found smaller !!!! 3 4
INFO:root:28558:XX add new best (7, 2) is not 5 3 3
INFO:root:28558:!! Found smaller !!!! 3 4
INFO:root:28558:XX add new best (7, 2) is not 5 3 3
INFO:root:28558:!! Found smaller !!!! 3 4
INFO:root:28558:XX add new best (7, 9) is not 2 3 3
INFO:root:28558:!! Found smaller !!!! 3 4
INFO:root:28558:XX add new best (7, 2) is not 5 3 3
INFO:root:28558:!! Found smaller !!!! 3 4
INFO:root:28558:XX add new best (7, 2) is not 5 3 3
INFO:root:28558:!! Found smaller !!!! 3 4
INFO:root:28558:XX add new best (7, 2) is not 5 3 3
INFO:root:28558:!! Found smaller !!!! 3 4
INFO:root:28558:XX add new best (7, 9) is not 2 3 3
INFO:root:28558:!! Found smaller !!!! 3 4
INFO:root:28558:XX add new best (7, 9) is not 2 3 3
INFO:root:28559:!! Found smaller !!!! 3 4
INFO:root:28559:XX add new best (7, 9) is not 2 3 3
INFO:root:28559:!! Found smaller !!!! 3 4
INFO:root:28559:XX add new best (7, 2) is not 5 3 3
INFO:root:28559:!! Found smaller !!!! 3 4
INFO:root:28559:XX add new best (7, 2) is not 5 3 3
INFO:root:28559:!! Found smaller !!!! 3 4
INFO:root:28559:XX add new best (7, 9) is not 2 3 3
INFO:root:28559:!! Found smaller !!!! 3 4
INFO:root:28559:XX add new best (7, 9) is not 2 3 3
INFO:root:28559:!! Found smaller !!!! 3 4
INFO:root:28559:XX add new best (7, 9) is not 2 3 3
INFO:root:28559:!! Found smaller !!!! 3 4
INFO:root:28559:XX add new best (7, 2) is not 5 3 3
INFO:root:28559:!! Found smaller !!!! 3 4
INFO:root:28559:XX add new best (7, 2) is not 5 3 3
INFO:root:28560:!! Found smaller !!!! 3 4
INFO:root:28560:XX add new best (7, 2) is not 5 3 3
INFO:root:28560:!! Found smaller !!!! 3 4
INFO:root:28560:XX add new best (7, 2) is not 5 3 3
INFO:root:28560:!! Found smaller !!!! 3 4
INFO:root:28560:XX add new best (7, 2) is not 5 3 3
INFO:root:28560:!! Found smaller !!!! 3 4
INFO:root:28560:XX add new best (7, 2) is not 5 3 3
INFO:root:28560:!! Found smaller !!!! 3 4
INFO:root:28560:XX add new best (7, 2) is not 5 3 3
INFO:root:28560:!! Found smaller !!!! 3 4
INFO:root:28560:XX add new best (7, 9) is not 2 3 3
INFO:root:28560:!! Found smaller !!!! 3 4
INFO:root:28560:XX add new best (7, 9) is not 2 3 3
INFO:root:28560:!! Found smaller !!!! 3 4
INFO:root:28560:XX add new best (7, 2) is not 5 3 3
INFO:root:28560:!! Found smaller !!!! 3 4
INFO:root:28561:XX add new best (7, 2) is not 5 3 3
INFO:root:28561:!! Found smaller !!!! 3 4
INFO:root:28561:XX add new best (7, 2) is not 5 3 3
INFO:root:28650:Minimal choices : 2 [(7, 2) is not 5, (7, 9) is not 2]
INFO:root:28651:Starting Step 17
INFO:root:29201:Current state [[[[4], [7], [1, 2], [9], [5], [3], [1, 2], [6], [8]], [[6], [8], [9], [1], [7], [2], [4], [3], [5]], [[1, 2, 3], [1, 2, 3], [5], [8], [4, 6], [4, 6], [7], [1, 2], [9]], [[3, 5], [4], [7], [2], [8], [5, 6], [3, 6], [9], [1]], [[9], [2, 3, 5], [6], [3, 5], [1], [7], [8], [4], [2, 3]], [[8], [1, 2, 3], [1, 2, 3], [4], [3, 6], [9], [5], [7], [2, 3, 6]], [[7], [1, 2, 3, 5, 6], [4], [3, 5], [2, 3], [1, 5], [9], [8], [2, 3, 6]], [[1, 2, 3, 5], [1, 2, 3, 5, 6], [1, 2, 3], [7], [9], [8], [1, 2, 6], [1, 2], [4]], [[1, 2, 3], [9], [8], [6], [2, 3, 4], [1, 4], [1, 2, 3], [5], [7]]]]
INFO:root:29201:Doing checkSmall1
INFO:root:29201:Getting tiny MUSes, distance 1, for 82 puzlits, 1 repeats
INFO:root:29240:Chunked 82 in [6, 6, 5, 5, 5, 5, 5, 5, 5, 5, 5, 5, 5, 5, 5, 5]
INFO:root:29312:Chunked 72 in [5, 5, 5, 5, 5, 5, 5, 5, 4, 4, 4, 4, 4, 4, 4, 4]
INFO:root:29356:XX found first (7, 2) is not 5 3
INFO:root:29356:XX found first (7, 9) is not 2 3
INFO:root:29356:XX add new best (7, 9) is not 2 3 3
INFO:root:29356:XX add new best (7, 2) is not 5 3 3
INFO:root:29356:XX add new best (7, 2) is not 5 3 3
INFO:root:29356:XX add new best (7, 9) is not 2 3 3
INFO:root:29356:XX add new best (7, 2) is not 5 3 3
INFO:root:29356:XX add new best (7, 9) is not 2 3 3
INFO:root:29356:XX add new best (7, 9) is not 2 3 3
INFO:root:29356:XX add new best (7, 9) is not 2 3 3
INFO:root:29357:XX add new best (7, 2) is not 5 3 3
INFO:root:29357:XX add new best (7, 9) is not 2 3 3
INFO:root:29357:XX add new best (7, 9) is not 2 3 3
INFO:root:29357:XX add new best (7, 9) is not 2 3 3
INFO:root:29357:XX add new best (7, 2) is not 5 3 3
INFO:root:29357:XX add new best (7, 2) is not 5 3 3
INFO:root:29357:XX add new best (7, 9) is not 2 3 3
INFO:root:29357:XX add new best (7, 9) is not 2 3 3
INFO:root:29357:XX add new best (7, 2) is not 5 3 3
INFO:root:29357:XX add new best (7, 9) is not 2 3 3
INFO:root:29357:XX add new best (7, 2) is not 5 3 3
INFO:root:29357:XX add new best (7, 2) is not 5 3 3
INFO:root:29357:XX add new best (7, 9) is not 2 3 3
INFO:root:29357:XX add new best (7, 2) is not 5 3 3
INFO:root:29358:XX add new best (7, 9) is not 2 3 3
INFO:root:29358:XX add new best (7, 2) is not 5 3 3
INFO:root:29358:XX add new best (7, 2) is not 5 3 3
INFO:root:29358:XX add new best (7, 9) is not 2 3 3
INFO:root:29358:XX add new best (7, 9) is not 2 3 3
INFO:root:29358:XX add new best (7, 9) is not 2 3 3
INFO:root:29358:XX add new best (7, 2) is not 5 3 3
INFO:root:29358:XX add new best (7, 2) is not 5 3 3
INFO:root:29358:XX add new best (7, 2) is not 5 3 3
INFO:root:29358:XX add new best (7, 2) is not 5 3 3
INFO:root:29358:XX add new best (7, 2) is not 5 3 3
INFO:root:29358:XX add new best (7, 2) is not 5 3 3
INFO:root:29358:XX add new best (7, 9) is not 2 3 3
INFO:root:29358:XX add new best (7, 2) is not 5 3 3
INFO:root:29359:XX add new best (7, 2) is not 5 3 3
INFO:root:29359:XX add new best (7, 2) is not 5 3 3
INFO:root:29359:XX add new best (7, 9) is not 2 3 3
INFO:root:29359:XX add new best (7, 2) is not 5 3 3
INFO:root:29359:XX add new best (7, 9) is not 2 3 3
INFO:root:29359:XX add new best (7, 2) is not 5 3 3
INFO:root:29359:XX add new best (7, 2) is not 5 3 3
INFO:root:29359:XX add new best (7, 2) is not 5 3 3
INFO:root:29359:XX add new best (7, 2) is not 5 3 3
INFO:root:29359:XX add new best (7, 2) is not 5 3 3
INFO:root:29359:XX add new best (7, 9) is not 2 3 3
INFO:root:29359:XX add new best (7, 2) is not 5 3 3
INFO:root:29359:XX add new best (7, 9) is not 2 3 3
INFO:root:29359:XX add new best (7, 9) is not 2 3 3
INFO:root:29359:XX add new best (7, 2) is not 5 3 3
INFO:root:29360:XX add new best (7, 2) is not 5 3 3
INFO:root:29360:XX add new best (7, 2) is not 5 3 3
INFO:root:29360:XX add new best (7, 2) is not 5 3 3
INFO:root:29360:XX add new best (7, 9) is not 2 3 3
INFO:root:29360:XX add new best (7, 2) is not 5 3 3
INFO:root:29360:XX add new best (7, 9) is not 2 3 3
INFO:root:29360:XX add new best (7, 2) is not 5 3 3
INFO:root:29360:XX add new best (7, 9) is not 2 3 3
INFO:root:29360:XX add new best (7, 2) is not 5 3 3
INFO:root:29360:XX add new best (7, 9) is not 2 3 3
INFO:root:29360:XX add new best (7, 2) is not 5 3 3
INFO:root:29360:XX add new best (7, 9) is not 2 3 3
INFO:root:29360:XX add new best (7, 2) is not 5 3 3
INFO:root:29361:XX add new best (7, 2) is not 5 3 3
INFO:root:29361:XX add new best (7, 2) is not 5 3 3
INFO:root:29361:XX add new best (7, 9) is not 2 3 3
INFO:root:29361:XX add new best (7, 2) is not 5 3 3
INFO:root:29361:XX add new best (7, 2) is not 5 3 3
INFO:root:29361:XX add new best (7, 2) is not 5 3 3
INFO:root:29409:Considering 100 * 82 jobs for minsize=3
INFO:root:29427:Chunked 8200 in [513, 513, 513, 513, 513, 513, 513, 513, 512, 512, 512, 512, 512, 512, 512, 512]
INFO:root:35976:Minimal choices : 2 [(7, 2) is not 5, (7, 9) is not 2]
INFO:root:35977:Starting Step 18
INFO:root:36512:Current state [[[[4], [7], [1, 2], [9], [5], [3], [1, 2], [6], [8]], [[6], [8], [9], [1], [7], [2], [4], [3], [5]], [[1, 2, 3], [1, 2, 3], [5], [8], [4, 6], [4, 6], [7], [1, 2], [9]], [[3, 5], [4], [7], [2], [8], [5, 6], [3, 6], [9], [1]], [[9], [2, 3, 5], [6], [3, 5], [1], [7], [8], [4], [2]], [[8], [1, 2, 3], [1, 2, 3], [4], [3, 6], [9], [5], [7], [2, 3, 6]], [[7], [1, 2, 3, 5, 6], [4], [3, 5], [2, 3], [1, 5], [9], [8], [2, 3, 6]], [[1, 2, 3, 5], [1, 2, 3, 5, 6], [1, 2, 3], [7], [9], [8], [1, 2, 6], [1, 2], [4]], [[1, 2, 3], [9], [8], [6], [2, 3, 4], [1, 4], [1, 2, 3], [5], [7]]]]
INFO:root:36512:Doing checkSmall1
INFO:root:36512:Getting tiny MUSes, distance 1, for 81 puzlits, 1 repeats
INFO:root:36550:Chunked 81 in [6, 5, 5, 5, 5, 5, 5, 5, 5, 5, 5, 5, 5, 5, 5, 5]
INFO:root:36569:XX found first (5, 9) is 2 1
INFO:root:36582:Early exit from checkSmall1
INFO:root:36594:Starting Step 19
INFO:root:37141:Current state [[[[4], [7], [1, 2], [9], [5], [3], [1, 2], [6], [8]], [[6], [8], [9], [1], [7], [2], [4], [3], [5]], [[1, 2, 3], [1, 2, 3], [5], [8], [4, 6], [4, 6], [7], [1, 2], [9]], [[3, 5], [4], [7], [2], [8], [5, 6], [3, 6], [9], [1]], [[9], [2, 3, 5], [6], [3, 5], [1], [7], [8], [4], [2]], [[8], [1, 2, 3], [1, 2, 3], [4], [3, 6], [9], [5], [7], [2, 3, 6]], [[7], [1, 2, 3, 5, 6], [4], [3, 5], [2, 3], [1, 5], [9], [8], [2, 3, 6]], [[1, 2, 3, 5], [1, 2, 3, 5, 6], [1, 2, 3], [7], [9], [8], [1, 2, 6], [1, 2], [4]], [[1, 2, 3], [9], [8], [6], [2, 3, 4], [1, 4], [1, 2, 3], [5], [7]]]]
INFO:root:37141:Doing checkSmall1
INFO:root:37141:Getting tiny MUSes, distance 1, for 80 puzlits, 1 repeats
INFO:root:37178:Chunked 80 in [5, 5, 5, 5, 5, 5, 5, 5, 5, 5, 5, 5, 5, 5, 5, 5]
INFO:root:37200:XX found first (5, 2) is not 2 1
INFO:root:37200:XX found first (6, 9) is not 2 1
INFO:root:37200:XX found first (7, 9) is not 2 1
INFO:root:37212:Early exit from checkSmall1
INFO:root:37221:Starting Step 20
INFO:root:37768:Current state [[[[4], [7], [1, 2], [9], [5], [3], [1, 2], [6], [8]], [[6], [8], [9], [1], [7], [2], [4], [3], [5]], [[1, 2, 3], [1, 2, 3], [5], [8], [4, 6], [4, 6], [7], [1, 2], [9]], [[3, 5], [4], [7], [2], [8], [5, 6], [3, 6], [9], [1]], [[9], [3, 5], [6], [3, 5], [1], [7], [8], [4], [2]], [[8], [1, 2, 3], [1, 2, 3], [4], [3, 6], [9], [5], [7], [3, 6]], [[7], [1, 2, 3, 5, 6], [4], [3, 5], [2, 3], [1, 5], [9], [8], [3, 6]], [[1, 2, 3, 5], [1, 2, 3, 5, 6], [1, 2, 3], [7], [9], [8], [1, 2, 6], [1, 2], [4]], [[1, 2, 3], [9], [8], [6], [2, 3, 4], [1, 4], [1, 2, 3], [5], [7]]]]
INFO:root:37768:Doing checkSmall1
INFO:root:37768:Getting tiny MUSes, distance 1, for 77 puzlits, 1 repeats
INFO:root:37805:Chunked 77 in [5, 5, 5, 5, 5, 5, 5, 5, 5, 5, 5, 5, 5, 4, 4, 4]
INFO:root:37873:Chunked 43 in [3, 3, 3, 3, 3, 3, 3, 3, 3, 3, 3, 2, 2, 2, 2, 2]
INFO:root:37902:XX found first (7, 2) is not 5 3
INFO:root:37902:XX add new best (7, 2) is not 5 3 3
INFO:root:37902:XX add new best (7, 2) is not 5 3 3
INFO:root:37903:XX add new best (7, 2) is not 5 3 3
INFO:root:37903:XX add new best (7, 2) is not 5 3 3
INFO:root:37903:XX add new best (7, 2) is not 5 3 3
INFO:root:37903:XX add new best (7, 2) is not 5 3 3
INFO:root:37903:XX add new best (7, 2) is not 5 3 3
INFO:root:37903:XX add new best (7, 2) is not 5 3 3
INFO:root:37903:XX add new best (7, 2) is not 5 3 3
INFO:root:37903:XX add new best (7, 2) is not 5 3 3
INFO:root:37903:XX add new best (7, 2) is not 5 3 3
INFO:root:37903:XX add new best (7, 2) is not 5 3 3
INFO:root:37903:XX add new best (7, 2) is not 5 3 3
INFO:root:37903:XX add new best (7, 2) is not 5 3 3
INFO:root:37903:XX add new best (7, 2) is not 5 3 3
INFO:root:37904:XX add new best (7, 2) is not 5 3 3
INFO:root:37904:XX add new best (7, 2) is not 5 3 3
INFO:root:37904:XX add new best (7, 2) is not 5 3 3
INFO:root:37904:XX add new best (7, 2) is not 5 3 3
INFO:root:37904:XX add new best (7, 2) is not 5 3 3
INFO:root:37904:XX add new best (7, 2) is not 5 3 3
INFO:root:37904:XX add new best (7, 2) is not 5 3 3
INFO:root:37904:XX add new best (7, 2) is not 5 3 3
INFO:root:37904:XX add new best (7, 2) is not 5 3 3
INFO:root:37904:XX add new best (7, 2) is not 5 3 3
INFO:root:37904:XX add new best (7, 2) is not 5 3 3
INFO:root:37904:XX add new best (7, 2) is not 5 3 3
INFO:root:37904:XX add new best (7, 2) is not 5 3 3
INFO:root:37904:XX add new best (7, 2) is not 5 3 3
INFO:root:37905:XX add new best (7, 2) is not 5 3 3
INFO:root:37905:XX add new best (7, 2) is not 5 3 3
INFO:root:37905:XX add new best (7, 2) is not 5 3 3
INFO:root:37905:XX add new best (7, 2) is not 5 3 3
INFO:root:37905:XX add new best (7, 2) is not 5 3 3
INFO:root:37905:XX add new best (7, 2) is not 5 3 3
INFO:root:37905:XX add new best (7, 2) is not 5 3 3
INFO:root:37905:XX add new best (7, 2) is not 5 3 3
INFO:root:37905:XX add new best (7, 2) is not 5 3 3
INFO:root:37905:XX add new best (7, 2) is not 5 3 3
INFO:root:37905:XX add new best (7, 2) is not 5 3 3
INFO:root:37905:XX add new best (7, 2) is not 5 3 3
INFO:root:37905:XX add new best (7, 2) is not 5 3 3
INFO:root:37954:Considering 100 * 77 jobs for minsize=3
INFO:root:37970:Chunked 7700 in [482, 482, 482, 482, 481, 481, 481, 481, 481, 481, 481, 481, 481, 481, 481, 481]
INFO:root:43912:Minimal choices : 1 [(7, 2) is not 5]
INFO:root:43912:Starting Step 21
INFO:root:44452:Current state [[[[4], [7], [1, 2], [9], [5], [3], [1, 2], [6], [8]], [[6], [8], [9], [1], [7], [2], [4], [3], [5]], [[1, 2, 3], [1, 2, 3], [5], [8], [4, 6], [4, 6], [7], [1, 2], [9]], [[3, 5], [4], [7], [2], [8], [5, 6], [3, 6], [9], [1]], [[9], [3, 5], [6], [3, 5], [1], [7], [8], [4], [2]], [[8], [1, 2], [1, 2, 3], [4], [3, 6], [9], [5], [7], [3, 6]], [[7], [1, 2, 3, 5, 6], [4], [3, 5], [2, 3], [1, 5], [9], [8], [3, 6]], [[1, 2, 3, 5], [1, 2, 3, 5, 6], [1, 2, 3], [7], [9], [8], [1, 2, 6], [1, 2], [4]], [[1, 2, 3], [9], [8], [6], [2, 3, 4], [1, 4], [1, 2, 3], [5], [7]]]]
INFO:root:44452:Doing checkSmall1
INFO:root:44452:Getting tiny MUSes, distance 1, for 76 puzlits, 1 repeats
INFO:root:44489:Chunked 76 in [5, 5, 5, 5, 5, 5, 5, 5, 5, 5, 5, 5, 4, 4, 4, 4]
INFO:root:44559:Chunked 43 in [3, 3, 3, 3, 3, 3, 3, 3, 3, 3, 3, 2, 2, 2, 2, 2]
INFO:root:44585:XX found first (7, 2) is not 5 3
INFO:root:44585:XX add new best (7, 2) is not 5 3 3
INFO:root:44585:XX add new best (7, 2) is not 5 3 3
INFO:root:44585:XX add new best (7, 2) is not 5 3 3
INFO:root:44585:XX add new best (7, 2) is not 5 3 3
INFO:root:44585:XX add new best (7, 2) is not 5 3 3
INFO:root:44585:XX add new best (7, 2) is not 5 3 3
INFO:root:44585:XX add new best (7, 2) is not 5 3 3
INFO:root:44585:XX add new best (7, 2) is not 5 3 3
INFO:root:44586:XX add new best (7, 2) is not 5 3 3
INFO:root:44586:XX add new best (7, 2) is not 5 3 3
INFO:root:44586:XX add new best (7, 2) is not 5 3 3
INFO:root:44586:XX add new best (7, 2) is not 5 3 3
INFO:root:44586:XX add new best (7, 2) is not 5 3 3
INFO:root:44586:XX add new best (7, 2) is not 5 3 3
INFO:root:44586:XX add new best (7, 2) is not 5 3 3
INFO:root:44586:XX add new best (7, 2) is not 5 3 3
INFO:root:44586:XX add new best (7, 2) is not 5 3 3
INFO:root:44586:XX add new best (7, 2) is not 5 3 3
INFO:root:44586:XX add new best (7, 2) is not 5 3 3
INFO:root:44586:XX add new best (7, 2) is not 5 3 3
INFO:root:44586:XX add new best (7, 2) is not 5 3 3
INFO:root:44587:XX add new best (7, 2) is not 5 3 3
INFO:root:44587:XX add new best (7, 2) is not 5 3 3
INFO:root:44587:XX add new best (7, 2) is not 5 3 3
INFO:root:44587:XX add new best (7, 2) is not 5 3 3
INFO:root:44587:XX add new best (7, 2) is not 5 3 3
INFO:root:44587:XX add new best (7, 2) is not 5 3 3
INFO:root:44587:XX add new best (7, 2) is not 5 3 3
INFO:root:44587:XX add new best (7, 2) is not 5 3 3
INFO:root:44587:XX add new best (7, 2) is not 5 3 3
INFO:root:44587:XX add new best (7, 2) is not 5 3 3
INFO:root:44587:XX add new best (7, 2) is not 5 3 3
INFO:root:44587:XX add new best (7, 2) is not 5 3 3
INFO:root:44587:XX add new best (7, 2) is not 5 3 3
INFO:root:44587:XX add new best (7, 2) is not 5 3 3
INFO:root:44588:XX add new best (7, 2) is not 5 3 3
INFO:root:44588:XX add new best (7, 2) is not 5 3 3
INFO:root:44588:XX add new best (7, 2) is not 5 3 3
INFO:root:44588:XX add new best (7, 2) is not 5 3 3
INFO:root:44588:XX add new best (7, 2) is not 5 3 3
INFO:root:44588:XX add new best (7, 2) is not 5 3 3
INFO:root:44588:XX add new best (7, 2) is not 5 3 3
INFO:root:44636:Considering 100 * 76 jobs for minsize=3
INFO:root:44653:Chunked 7600 in [475, 475, 475, 475, 475, 475, 475, 475, 475, 475, 475, 475, 475, 475, 475, 475]
INFO:root:50555:Minimal choices : 1 [(7, 2) is not 5]
INFO:root:50556:Starting Step 22
INFO:root:51098:Current state [[[[4], [7], [1, 2], [9], [5], [3], [1, 2], [6], [8]], [[6], [8], [9], [1], [7], [2], [4], [3], [5]], [[1, 2, 3], [1, 2, 3], [5], [8], [4, 6], [4, 6], [7], [1, 2], [9]], [[3, 5], [4], [7], [2], [8], [5, 6], [3, 6], [9], [1]], [[9], [3, 5], [6], [3, 5], [1], [7], [8], [4], [2]], [[8], [1, 2], [1, 2], [4], [3, 6], [9], [5], [7], [3, 6]], [[7], [1, 2, 3, 5, 6], [4], [3, 5], [2, 3], [1, 5], [9], [8], [3, 6]], [[1, 2, 3, 5], [1, 2, 3, 5, 6], [1, 2, 3], [7], [9], [8], [1, 2, 6], [1, 2], [4]], [[1, 2, 3], [9], [8], [6], [2, 3, 4], [1, 4], [1, 2, 3], [5], [7]]]]
INFO:root:51098:Doing checkSmall1
INFO:root:51098:Getting tiny MUSes, distance 1, for 75 puzlits, 1 repeats
INFO:root:51135:Chunked 75 in [5, 5, 5, 5, 5, 5, 5, 5, 5, 5, 5, 4, 4, 4, 4, 4]
INFO:root:51155:XX found first (8, 3) is 3 1
INFO:root:51168:Early exit from checkSmall1
INFO:root:51179:Starting Step 23
INFO:root:51723:Current state [[[[4], [7], [1, 2], [9], [5], [3], [1, 2], [6], [8]], [[6], [8], [9], [1], [7], [2], [4], [3], [5]], [[1, 2, 3], [1, 2, 3], [5], [8], [4, 6], [4, 6], [7], [1, 2], [9]], [[3, 5], [4], [7], [2], [8], [5, 6], [3, 6], [9], [1]], [[9], [3, 5], [6], [3, 5], [1], [7], [8], [4], [2]], [[8], [1, 2], [1, 2], [4], [3, 6], [9], [5], [7], [3, 6]], [[7], [1, 2, 3, 5, 6], [4], [3, 5], [2, 3], [1, 5], [9], [8], [3, 6]], [[1, 2, 3, 5], [1, 2, 3, 5, 6], [3], [7], [9], [8], [1, 2, 6], [1, 2], [4]], [[1, 2, 3], [9], [8], [6], [2, 3, 4], [1, 4], [1, 2, 3], [5], [7]]]]
INFO:root:51723:Doing checkSmall1
INFO:root:51723:Getting tiny MUSes, distance 1, for 74 puzlits, 1 repeats
INFO:root:51759:Chunked 74 in [5, 5, 5, 5, 5, 5, 5, 5, 5, 5, 4, 4, 4, 4, 4, 4]
INFO:root:51783:XX found first (8, 1) is not 3 1
INFO:root:51783:XX found first (7, 2) is not 3 1
INFO:root:51783:XX found first (9, 1) is not 3 1
INFO:root:51784:XX found first (8, 2) is not 3 1
INFO:root:51784:XX found first (8, 3) is not 1 1
INFO:root:51784:XX found first (8, 3) is not 2 1
INFO:root:51796:Early exit from checkSmall1
INFO:root:51805:Starting Step 24
INFO:root:52355:Current state [[[[4], [7], [1, 2], [9], [5], [3], [1, 2], [6], [8]], [[6], [8], [9], [1], [7], [2], [4], [3], [5]], [[1, 2, 3], [1, 2, 3], [5], [8], [4, 6], [4, 6], [7], [1, 2], [9]], [[3, 5], [4], [7], [2], [8], [5, 6], [3, 6], [9], [1]], [[9], [3, 5], [6], [3, 5], [1], [7], [8], [4], [2]], [[8], [1, 2], [1, 2], [4], [3, 6], [9], [5], [7], [3, 6]], [[7], [1, 2, 5, 6], [4], [3, 5], [2, 3], [1, 5], [9], [8], [3, 6]], [[1, 2, 5], [1, 2, 5, 6], [3], [7], [9], [8], [1, 2, 6], [1, 2], [4]], [[1, 2], [9], [8], [6], [2, 3, 4], [1, 4], [1, 2, 3], [5], [7]]]]
INFO:root:52355:Doing checkSmall1
INFO:root:52355:Getting tiny MUSes, distance 1, for 68 puzlits, 1 repeats
INFO:root:52392:Chunked 68 in [5, 5, 5, 5, 4, 4, 4, 4, 4, 4, 4, 4, 4, 4, 4, 4]
INFO:root:52459:Chunked 43 in [3, 3, 3, 3, 3, 3, 3, 3, 3, 3, 3, 2, 2, 2, 2, 2]
INFO:root:52488:XX found first (7, 2) is not 5 3
INFO:root:52488:XX add new best (7, 2) is not 5 3 3
INFO:root:52488:XX add new best (7, 2) is not 5 3 3
INFO:root:52488:XX add new best (7, 2) is not 5 3 3
INFO:root:52488:XX add new best (7, 2) is not 5 3 3
INFO:root:52488:XX add new best (7, 2) is not 5 3 3
INFO:root:52488:XX add new best (7, 2) is not 5 3 3
INFO:root:52488:XX add new best (7, 2) is not 5 3 3
INFO:root:52488:XX add new best (7, 2) is not 5 3 3
INFO:root:52488:XX add new best (7, 2) is not 5 3 3
INFO:root:52488:XX add new best (7, 2) is not 5 3 3
INFO:root:52488:XX add new best (7, 2) is not 5 3 3
INFO:root:52489:XX add new best (7, 2) is not 5 3 3
INFO:root:52489:XX add new best (7, 2) is not 5 3 3
INFO:root:52489:XX add new best (7, 2) is not 5 3 3
INFO:root:52489:XX add new best (7, 2) is not 5 3 3
INFO:root:52489:XX add new best (7, 2) is not 5 3 3
INFO:root:52489:XX add new best (7, 2) is not 5 3 3
INFO:root:52489:XX add new best (7, 2) is not 5 3 3
INFO:root:52489:XX add new best (7, 2) is not 5 3 3
INFO:root:52489:XX add new best (7, 2) is not 5 3 3
INFO:root:52489:XX add new best (7, 2) is not 5 3 3
INFO:root:52489:XX add new best (7, 2) is not 5 3 3
INFO:root:52489:XX add new best (7, 2) is not 5 3 3
INFO:root:52489:XX add new best (7, 2) is not 5 3 3
INFO:root:52489:XX add new best (7, 2) is not 5 3 3
INFO:root:52490:XX add new best (7, 2) is not 5 3 3
INFO:root:52490:XX add new best (7, 2) is not 5 3 3
INFO:root:52490:XX add new best (7, 2) is not 5 3 3
INFO:root:52490:XX add new best (7, 2) is not 5 3 3
INFO:root:52490:XX add new best (7, 2) is not 5 3 3
INFO:root:52490:XX add new best (7, 2) is not 5 3 3
INFO:root:52490:XX add new best (7, 2) is not 5 3 3
INFO:root:52490:XX add new best (7, 2) is not 5 3 3
INFO:root:52490:XX add new best (7, 2) is not 5 3 3
INFO:root:52490:XX add new best (7, 2) is not 5 3 3
INFO:root:52490:XX add new best (7, 2) is not 5 3 3
INFO:root:52490:XX add new best (7, 2) is not 5 3 3
INFO:root:52490:XX add new best (7, 2) is not 5 3 3
INFO:root:52490:XX add new best (7, 2) is not 5 3 3
INFO:root:52491:XX add new best (7, 2) is not 5 3 3
INFO:root:52491:XX add new best (7, 2) is not 5 3 3
INFO:root:52491:XX add new best (7, 2) is not 5 3 3
INFO:root:52540:Considering 100 * 68 jobs for minsize=3
INFO:root:52555:Chunked 6800 in [425, 425, 425, 425, 425, 425, 425, 425, 425, 425, 425, 425, 425, 425, 425, 425]
INFO:root:57865:Minimal choices : 1 [(7, 2) is not 5]
INFO:root:57865:Starting Step 25
INFO:root:58410:Current state [[[[4], [7], [1, 2], [9], [5], [3], [1, 2], [6], [8]], [[6], [8], [9], [1], [7], [2], [4], [3], [5]], [[1, 2, 3], [1, 2, 3], [5], [8], [4, 6], [4, 6], [7], [1, 2], [9]], [[3, 5], [4], [7], [2], [8], [5, 6], [3, 6], [9], [1]], [[9], [3, 5], [6], [3, 5], [1], [7], [8], [4], [2]], [[8], [1, 2], [1, 2], [4], [3, 6], [9], [5], [7], [3, 6]], [[7], [1, 2, 5, 6], [4], [3, 5], [2, 3], [1, 5], [9], [8], [3, 6]], [[1, 2, 5], [1, 2, 5, 6], [3], [7], [9], [8], [1, 2, 6], [1, 2], [4]], [[1, 2], [9], [8], [6], [2, 4], [1, 4], [1, 2, 3], [5], [7]]]]
INFO:root:58410:Doing checkSmall1
INFO:root:58410:Getting tiny MUSes, distance 1, for 67 puzlits, 1 repeats
INFO:root:58448:Chunked 67 in [5, 5, 5, 4, 4, 4, 4, 4, 4, 4, 4, 4, 4, 4, 4, 4]
INFO:root:58468:XX found first (9, 7) is 3 1
INFO:root:58481:Early exit from checkSmall1
INFO:root:58494:Starting Step 26
INFO:root:59040:Current state [[[[4], [7], [1, 2], [9], [5], [3], [1, 2], [6], [8]], [[6], [8], [9], [1], [7], [2], [4], [3], [5]], [[1, 2, 3], [1, 2, 3], [5], [8], [4, 6], [4, 6], [7], [1, 2], [9]], [[3, 5], [4], [7], [2], [8], [5, 6], [3, 6], [9], [1]], [[9], [3, 5], [6], [3, 5], [1], [7], [8], [4], [2]], [[8], [1, 2], [1, 2], [4], [3, 6], [9], [5], [7], [3, 6]], [[7], [1, 2, 5, 6], [4], [3, 5], [2, 3], [1, 5], [9], [8], [3, 6]], [[1, 2, 5], [1, 2, 5, 6], [3], [7], [9], [8], [1, 2, 6], [1, 2], [4]], [[1, 2], [9], [8], [6], [2, 4], [1, 4], [3], [5], [7]]]]
INFO:root:59040:Doing checkSmall1
INFO:root:59041:Getting tiny MUSes, distance 1, for 66 puzlits, 1 repeats
INFO:root:59077:Chunked 66 in [5, 5, 4, 4, 4, 4, 4, 4, 4, 4, 4, 4, 4, 4, 4, 4]
INFO:root:59095:XX found first (7, 9) is not 3 1
INFO:root:59095:XX found first (9, 7) is not 1 1
INFO:root:59095:XX found first (9, 7) is not 2 1
INFO:root:59095:XX found first (4, 7) is not 3 1
INFO:root:59108:Early exit from checkSmall1
INFO:root:59116:Starting Step 27
INFO:root:59677:Current state [[[[4], [7], [1, 2], [9], [5], [3], [1, 2], [6], [8]], [[6], [8], [9], [1], [7], [2], [4], [3], [5]], [[1, 2, 3], [1, 2, 3], [5], [8], [4, 6], [4, 6], [7], [1, 2], [9]], [[3, 5], [4], [7], [2], [8], [5, 6], [6], [9], [1]], [[9], [3, 5], [6], [3, 5], [1], [7], [8], [4], [2]], [[8], [1, 2], [1, 2], [4], [3, 6], [9], [5], [7], [3, 6]], [[7], [1, 2, 5, 6], [4], [3, 5], [2, 3], [1, 5], [9], [8], [6]], [[1, 2, 5], [1, 2, 5, 6], [3], [7], [9], [8], [1, 2, 6], [1, 2], [4]], [[1, 2], [9], [8], [6], [2, 4], [1, 4], [3], [5], [7]]]]
INFO:root:59677:Doing checkSmall1
INFO:root:59677:Getting tiny MUSes, distance 1, for 62 puzlits, 1 repeats
INFO:root:59714:Chunked 62 in [4, 4, 4, 4, 4, 4, 4, 4, 4, 4, 4, 4, 4, 4, 3, 3]
INFO:root:59734:XX found first (6, 9) is 3 1
INFO:root:59734:XX found first (4, 7) is 6 1
INFO:root:59734:XX found first (7, 9) is 6 1
INFO:root:59734:XX found first (4, 1) is 3 1
INFO:root:59746:Early exit from checkSmall1
INFO:root:59767:Starting Step 28
INFO:root:60328:Current state [[[[4], [7], [1, 2], [9], [5], [3], [1, 2], [6], [8]], [[6], [8], [9], [1], [7], [2], [4], [3], [5]], [[1, 2, 3], [1, 2, 3], [5], [8], [4, 6], [4, 6], [7], [1, 2], [9]], [[3], [4], [7], [2], [8], [5, 6], [6], [9], [1]], [[9], [3, 5], [6], [3, 5], [1], [7], [8], [4], [2]], [[8], [1, 2], [1, 2], [4], [3, 6], [9], [5], [7], [3]], [[7], [1, 2, 5, 6], [4], [3, 5], [2, 3], [1, 5], [9], [8], [6]], [[1, 2, 5], [1, 2, 5, 6], [3], [7], [9], [8], [1, 2, 6], [1, 2], [4]], [[1, 2], [9], [8], [6], [2, 4], [1, 4], [3], [5], [7]]]]
INFO:root:60329:Doing checkSmall1
INFO:root:60329:Getting tiny MUSes, distance 1, for 58 puzlits, 1 repeats
INFO:root:60366:Chunked 58 in [4, 4, 4, 4, 4, 4, 4, 4, 4, 4, 3, 3, 3, 3, 3, 3]
INFO:root:60382:XX found first (6, 9) is not 6 1
INFO:root:60382:XX found first (8, 7) is not 6 1
INFO:root:60382:XX found first (4, 1) is not 5 1
INFO:root:60382:XX found first (3, 1) is not 3 1
INFO:root:60382:XX found first (5, 2) is not 3 1
INFO:root:60382:XX found first (6, 5) is not 3 1
INFO:root:60382:XX found first (4, 6) is not 6 1
INFO:root:60382:XX found first (7, 2) is not 6 1
INFO:root:60395:Early exit from checkSmall1
INFO:root:60404:Starting Step 29
INFO:root:60969:Current state [[[[4], [7], [1, 2], [9], [5], [3], [1, 2], [6], [8]], [[6], [8], [9], [1], [7], [2], [4], [3], [5]], [[1, 2], [1, 2, 3], [5], [8], [4, 6], [4, 6], [7], [1, 2], [9]], [[3], [4], [7], [2], [8], [5], [6], [9], [1]], [[9], [5], [6], [3, 5], [1], [7], [8], [4], [2]], [[8], [1, 2], [1, 2], [4], [6], [9], [5], [7], [3]], [[7], [1, 2, 5], [4], [3, 5], [2, 3], [1, 5], [9], [8], [6]], [[1, 2, 5], [1, 2, 5, 6], [3], [7], [9], [8], [1, 2], [1, 2], [4]], [[1, 2], [9], [8], [6], [2, 4], [1, 4], [3], [5], [7]]]]
INFO:root:60969:Doing checkSmall1
INFO:root:60969:Getting tiny MUSes, distance 1, for 50 puzlits, 1 repeats
INFO:root:61006:Chunked 50 in [4, 4, 3, 3, 3, 3, 3, 3, 3, 3, 3, 3, 3, 3, 3, 3]
INFO:root:61021:XX found first (5, 4) is 3 1
INFO:root:61022:XX found first (5, 2) is 5 1
INFO:root:61022:XX found first (4, 6) is 5 1
INFO:root:61022:XX found first (3, 6) is 6 1
INFO:root:61022:XX found first (8, 2) is 6 1
INFO:root:61022:XX found first (8, 1) is 5 1
INFO:root:61022:XX found first (6, 5) is 6 1
INFO:root:61022:XX found first (3, 2) is 3 1
INFO:root:61022:XX found first (7, 5) is 3 1
INFO:root:61035:Early exit from checkSmall1
INFO:root:61069:Starting Step 30
INFO:root:61643:Current state [[[[4], [7], [1, 2], [9], [5], [3], [1, 2], [6], [8]], [[6], [8], [9], [1], [7], [2], [4], [3], [5]], [[1, 2], [3], [5], [8], [4, 6], [6], [7], [1, 2], [9]], [[3], [4], [7], [2], [8], [5], [6], [9], [1]], [[9], [5], [6], [3], [1], [7], [8], [4], [2]], [[8], [1, 2], [1, 2], [4], [6], [9], [5], [7], [3]], [[7], [1, 2, 5], [4], [3, 5], [3], [1, 5], [9], [8], [6]], [[5], [6], [3], [7], [9], [8], [1, 2], [1, 2], [4]], [[1, 2], [9], [8], [6], [2, 4], [1, 4], [3], [5], [7]]]]
INFO:root:61643:Doing checkSmall1
INFO:root:61644:Getting tiny MUSes, distance 1, for 41 puzlits, 1 repeats
INFO:root:61681:Chunked 41 in [3, 3, 3, 3, 3, 3, 3, 3, 3, 2, 2, 2, 2, 2, 2, 2]
INFO:root:61695:XX found first (3, 2) is not 2 1
INFO:root:61695:XX found first (7, 6) is not 5 1
INFO:root:61695:XX found first (8, 2) is not 1 1
INFO:root:61696:XX found first (8, 2) is not 2 1
INFO:root:61696:XX found first (7, 2) is not 5 1
INFO:root:61696:XX found first (3, 5) is not 6 1
INFO:root:61696:XX found first (5, 4) is not 5 1
INFO:root:61696:XX found first (8, 1) is not 2 1
INFO:root:61696:XX found first (3, 6) is not 4 1
INFO:root:61696:XX found first (7, 4) is not 3 1
INFO:root:61696:XX found first (8, 1) is not 1 1
INFO:root:61696:XX found first (7, 5) is not 2 1
INFO:root:61696:XX found first (3, 2) is not 1 1
INFO:root:61696:XX found first (8, 2) is not 5 1
INFO:root:61709:Early exit from checkSmall1
INFO:root:61718:Starting Step 31
INFO:root:62293:Current state [[[[4], [7], [1, 2], [9], [5], [3], [1, 2], [6], [8]], [[6], [8], [9], [1], [7], [2], [4], [3], [5]], [[1, 2], [3], [5], [8], [4], [6], [7], [1, 2], [9]], [[3], [4], [7], [2], [8], [5], [6], [9], [1]], [[9], [5], [6], [3], [1], [7], [8], [4], [2]], [[8], [1, 2], [1, 2], [4], [6], [9], [5], [7], [3]], [[7], [1, 2], [4], [5], [3], [1], [9], [8], [6]], [[5], [6], [3], [7], [9], [8], [1, 2], [1, 2], [4]], [[1, 2], [9], [8], [6], [2, 4], [1, 4], [3], [5], [7]]]]
INFO:root:62293:Doing checkSmall1
INFO:root:62293:Getting tiny MUSes, distance 1, for 27 puzlits, 1 repeats
INFO:root:62330:Chunked 27 in [2, 2, 2, 2, 2, 2, 2, 2, 2, 2, 2, 1, 1, 1, 1, 1]
INFO:root:62342:XX found first (7, 6) is 1 1
INFO:root:62342:XX found first (9, 5) is 2 1
INFO:root:62343:XX found first (7, 2) is 2 1
INFO:root:62343:XX found first (7, 4) is 5 1
INFO:root:62343:XX found first (9, 6) is 4 1
INFO:root:62343:XX found first (3, 5) is 4 1
INFO:root:62355:Early exit from checkSmall1
INFO:root:62383:Starting Step 32
INFO:root:62958:Current state [[[[4], [7], [1, 2], [9], [5], [3], [1, 2], [6], [8]], [[6], [8], [9], [1], [7], [2], [4], [3], [5]], [[1, 2], [3], [5], [8], [4], [6], [7], [1, 2], [9]], [[3], [4], [7], [2], [8], [5], [6], [9], [1]], [[9], [5], [6], [3], [1], [7], [8], [4], [2]], [[8], [1, 2], [1, 2], [4], [6], [9], [5], [7], [3]], [[7], [2], [4], [5], [3], [1], [9], [8], [6]], [[5], [6], [3], [7], [9], [8], [1, 2], [1, 2], [4]], [[1, 2], [9], [8], [6], [2], [4], [3], [5], [7]]]]
INFO:root:62958:Doing checkSmall1
INFO:root:62958:Getting tiny MUSes, distance 1, for 21 puzlits, 1 repeats
INFO:root:62995:Chunked 21 in [2, 2, 2, 2, 2, 1, 1, 1, 1, 1, 1, 1, 1, 1, 1, 1]
INFO:root:63006:XX found first (9, 5) is not 4 1
INFO:root:63006:XX found first (9, 6) is not 1 1
INFO:root:63006:XX found first (7, 2) is not 1 1
INFO:root:63007:XX found first (6, 2) is not 2 1
INFO:root:63007:XX found first (9, 1) is not 2 1
INFO:root:63019:Early exit from checkSmall1
INFO:root:63027:Starting Step 33
INFO:root:63612:Current state [[[[4], [7], [1, 2], [9], [5], [3], [1, 2], [6], [8]], [[6], [8], [9], [1], [7], [2], [4], [3], [5]], [[1, 2], [3], [5], [8], [4], [6], [7], [1, 2], [9]], [[3], [4], [7], [2], [8], [5], [6], [9], [1]], [[9], [5], [6], [3], [1], [7], [8], [4], [2]], [[8], [1], [1, 2], [4], [6], [9], [5], [7], [3]], [[7], [2], [4], [5], [3], [1], [9], [8], [6]], [[5], [6], [3], [7], [9], [8], [1, 2], [1, 2], [4]], [[1], [9], [8], [6], [2], [4], [3], [5], [7]]]]
INFO:root:63612:Doing checkSmall1
INFO:root:63612:Getting tiny MUSes, distance 1, for 16 puzlits, 1 repeats
INFO:root:63649:Chunked 16 in [1, 1, 1, 1, 1, 1, 1, 1, 1, 1, 1, 1, 1, 1, 1, 1]
INFO:root:63660:XX found first (6, 2) is 1 1
INFO:root:63661:XX found first (9, 1) is 1 1
INFO:root:63661:XX found first (3, 1) is 2 1
INFO:root:63661:XX found first (6, 3) is 2 1
INFO:root:63674:Early exit from checkSmall1
INFO:root:63696:Starting Step 34
INFO:root:64286:Current state [[[[4], [7], [1, 2], [9], [5], [3], [1, 2], [6], [8]], [[6], [8], [9], [1], [7], [2], [4], [3], [5]], [[2], [3], [5], [8], [4], [6], [7], [1, 2], [9]], [[3], [4], [7], [2], [8], [5], [6], [9], [1]], [[9], [5], [6], [3], [1], [7], [8], [4], [2]], [[8], [1], [2], [4], [6], [9], [5], [7], [3]], [[7], [2], [4], [5], [3], [1], [9], [8], [6]], [[5], [6], [3], [7], [9], [8], [1, 2], [1, 2], [4]], [[1], [9], [8], [6], [2], [4], [3], [5], [7]]]]
INFO:root:64286:Doing checkSmall1
INFO:root:64286:Getting tiny MUSes, distance 1, for 12 puzlits, 1 repeats
INFO:root:64323:Chunked 12 in [1, 1, 1, 1, 1, 1, 1, 1, 1, 1, 1, 1, 0, 0, 0, 0]
INFO:root:64333:XX found first (1, 3) is not 2 1
INFO:root:64334:XX found first (3, 8) is not 2 1
INFO:root:64334:XX found first (3, 1) is not 1 1
INFO:root:64334:XX found first (6, 3) is not 1 1
INFO:root:64346:Early exit from checkSmall1
INFO:root:64355:Starting Step 35
INFO:root:64943:Current state [[[[4], [7], [1], [9], [5], [3], [1, 2], [6], [8]], [[6], [8], [9], [1], [7], [2], [4], [3], [5]], [[2], [3], [5], [8], [4], [6], [7], [1], [9]], [[3], [4], [7], [2], [8], [5], [6], [9], [1]], [[9], [5], [6], [3], [1], [7], [8], [4], [2]], [[8], [1], [2], [4], [6], [9], [5], [7], [3]], [[7], [2], [4], [5], [3], [1], [9], [8], [6]], [[5], [6], [3], [7], [9], [8], [1, 2], [1, 2], [4]], [[1], [9], [8], [6], [2], [4], [3], [5], [7]]]]
INFO:root:64943:Doing checkSmall1
INFO:root:64943:Getting tiny MUSes, distance 1, for 8 puzlits, 1 repeats
INFO:root:64980:Chunked 8 in [1, 1, 1, 1, 1, 1, 1, 1, 0, 0, 0, 0, 0, 0, 0, 0]
INFO:root:64989:XX found first (1, 7) is 2 1
INFO:root:64989:XX found first (1, 3) is 1 1
INFO:root:64989:XX found first (8, 8) is 2 1
INFO:root:64989:XX found first (3, 8) is 1 1
INFO:root:65002:Early exit from checkSmall1
INFO:root:65021:Starting Step 36
INFO:root:65611:Current state [[[[4], [7], [1], [9], [5], [3], [2], [6], [8]], [[6], [8], [9], [1], [7], [2], [4], [3], [5]], [[2], [3], [5], [8], [4], [6], [7], [1], [9]], [[3], [4], [7], [2], [8], [5], [6], [9], [1]], [[9], [5], [6], [3], [1], [7], [8], [4], [2]], [[8], [1], [2], [4], [6], [9], [5], [7], [3]], [[7], [2], [4], [5], [3], [1], [9], [8], [6]], [[5], [6], [3], [7], [9], [8], [1, 2], [2], [4]], [[1], [9], [8], [6], [2], [4], [3], [5], [7]]]]
INFO:root:65611:Doing checkSmall1
INFO:root:65611:Getting tiny MUSes, distance 1, for 4 puzlits, 1 repeats
INFO:root:65648:Chunked 4 in [1, 1, 1, 1, 0, 0, 0, 0, 0, 0, 0, 0, 0, 0, 0, 0]
INFO:root:65656:XX found first (8, 8) is not 1 1
INFO:root:65656:XX found first (8, 7) is not 2 1
INFO:root:65656:XX found first (1, 7) is not 1 1
INFO:root:65668:Early exit from checkSmall1
INFO:root:65677:Starting Step 37
INFO:root:66270:Current state [[[[4], [7], [1], [9], [5], [3], [2], [6], [8]], [[6], [8], [9], [1], [7], [2], [4], [3], [5]], [[2], [3], [5], [8], [4], [6], [7], [1], [9]], [[3], [4], [7], [2], [8], [5], [6], [9], [1]], [[9], [5], [6], [3], [1], [7], [8], [4], [2]], [[8], [1], [2], [4], [6], [9], [5], [7], [3]], [[7], [2], [4], [5], [3], [1], [9], [8], [6]], [[5], [6], [3], [7], [9], [8], [1], [2], [4]], [[1], [9], [8], [6], [2], [4], [3], [5], [7]]]]
INFO:root:66271:Doing checkSmall1
INFO:root:66271:Getting tiny MUSes, distance 1, for 1 puzlits, 1 repeats
INFO:root:66307:Chunked 1 in [1, 0, 0, 0, 0, 0, 0, 0, 0, 0, 0, 0, 0, 0, 0, 0]
INFO:root:66313:XX found first (8, 7) is 1 1
INFO:root:66326:Early exit from checkSmall1
INFO:root:66338:Total Solver Calls 824955
INFO:root:66338:Trace: [(3, [(7, 2) is not 5]), (3, [(7, 2) is not 5]), (3, [(7, 2) is not 5]), (3, [(7, 2) is not 5]), (3, [(7, 2) is not 5])]
INFO:root:66338:Trace Quality: [(3, 1), (3, 1), (3, 1), (3, 1), (3, 1)]
INFO:root:66338:Trace Sorted: [(3, 1), (3, 1), (3, 1), (3, 1), (3, 1)]
INFO:root:66338:Finished
INFO:root:66338:Full Trace [(3, [(7, 2) is not 5]), (3, [(7, 2) is not 5]), (3, [(7, 2) is not 5]), (3, [(7, 2) is not 5]), (3, [(7, 2) is not 5])]

real	1m6.621s
user	9m52.947s
sys	0m19.977s
