INFO:root:4687:Starting Step 1
INFO:root:4714:Current state [[[[1, 2, 3, 4, 5, 6, 7, 8, 9], [7], [1, 2, 3, 4, 5, 6, 7, 8, 9], [1, 2, 3, 4, 5, 6, 7, 8, 9], [1, 2, 3, 4, 5, 6, 7, 8, 9], [3], [1, 2, 3, 4, 5, 6, 7, 8, 9], [6], [1, 2, 3, 4, 5, 6, 7, 8, 9]], [[1, 2, 3, 4, 5, 6, 7, 8, 9], [1, 2, 3, 4, 5, 6, 7, 8, 9], [1, 2, 3, 4, 5, 6, 7, 8, 9], [1], [1, 2, 3, 4, 5, 6, 7, 8, 9], [2], [1, 2, 3, 4, 5, 6, 7, 8, 9], [1, 2, 3, 4, 5, 6, 7, 8, 9], [1, 2, 3, 4, 5, 6, 7, 8, 9]], [[1, 2, 3, 4, 5, 6, 7, 8, 9], [1, 2, 3, 4, 5, 6, 7, 8, 9], [5], [1, 2, 3, 4, 5, 6, 7, 8, 9], [1, 2, 3, 4, 5, 6, 7, 8, 9], [1, 2, 3, 4, 5, 6, 7, 8, 9], [7], [1, 2, 3, 4, 5, 6, 7, 8, 9], [9]], [[1, 2, 3, 4, 5, 6, 7, 8, 9], [1, 2, 3, 4, 5, 6, 7, 8, 9], [7], [2], [1, 2, 3, 4, 5, 6, 7, 8, 9], [1, 2, 3, 4, 5, 6, 7, 8, 9], [1, 2, 3, 4, 5, 6, 7, 8, 9], [1, 2, 3, 4, 5, 6, 7, 8, 9], [1]], [[1, 2, 3, 4, 5, 6, 7, 8, 9], [1, 2, 3, 4, 5, 6, 7, 8, 9], [6], [1, 2, 3, 4, 5, 6, 7, 8, 9], [1], [1, 2, 3, 4, 5, 6, 7, 8, 9], [8], [4], [1, 2, 3, 4, 5, 6, 7, 8, 9]], [[8], [1, 2, 3, 4, 5, 6, 7, 8, 9], [1, 2, 3, 4, 5, 6, 7, 8, 9], [1, 2, 3, 4, 5, 6, 7, 8, 9], [1, 2, 3, 4, 5, 6, 7, 8, 9], [1, 2, 3, 4, 5, 6, 7, 8, 9], [5], [1, 2, 3, 4, 5, 6, 7, 8, 9], [1, 2, 3, 4, 5, 6, 7, 8, 9]], [[7], [1, 2, 3, 4, 5, 6, 7, 8, 9], [4], [1, 2, 3, 4, 5, 6, 7, 8, 9], [1, 2, 3, 4, 5, 6, 7, 8, 9], [1, 2, 3, 4, 5, 6, 7, 8, 9], [9], [1, 2, 3, 4, 5, 6, 7, 8, 9], [1, 2, 3, 4, 5, 6, 7, 8, 9]], [[1, 2, 3, 4, 5, 6, 7, 8, 9], [1, 2, 3, 4, 5, 6, 7, 8, 9], [1, 2, 3, 4, 5, 6, 7, 8, 9], [7], [1, 2, 3, 4, 5, 6, 7, 8, 9], [8], [1, 2, 3, 4, 5, 6, 7, 8, 9], [1, 2, 3, 4, 5, 6, 7, 8, 9], [1, 2, 3, 4, 5, 6, 7, 8, 9]], [[1, 2, 3, 4, 5, 6, 7, 8, 9], [9], [1, 2, 3, 4, 5, 6, 7, 8, 9], [6], [1, 2, 3, 4, 5, 6, 7, 8, 9], [1, 2, 3, 4, 5, 6, 7, 8, 9], [1, 2, 3, 4, 5, 6, 7, 8, 9], [5], [1, 2, 3, 4, 5, 6, 7, 8, 9]]]]
INFO:root:4714:Doing checkSmall1
INFO:root:4714:Getting tiny MUSes, distance 1, for 704 puzlits, 1 repeats
INFO:root:4769:Chunked 704 in [44, 44, 44, 44, 44, 44, 44, 44, 44, 44, 44, 44, 44, 44, 44, 44]
INFO:root:4886:XX found first (3, 6) is not 3 1
INFO:root:4887:XX found first (3, 6) is not 7 1
INFO:root:4887:XX found first (3, 7) is not 1 1
INFO:root:4887:XX found first (8, 3) is not 5 1
INFO:root:4887:XX found first (5, 8) is not 7 1
INFO:root:4887:XX found first (1, 7) is not 3 1
INFO:root:4887:XX found first (8, 1) is not 9 1
INFO:root:4887:XX found first (6, 9) is not 4 1
INFO:root:4887:XX found first (7, 9) is not 4 1
INFO:root:4887:XX found first (6, 6) is not 8 1
INFO:root:4887:XX found first (7, 7) is not 8 1
INFO:root:4887:XX found first (8, 4) is not 9 1
INFO:root:4887:XX found first (1, 7) is not 7 1
INFO:root:4887:XX found first (8, 6) is not 7 1
INFO:root:4887:XX found first (4, 4) is not 1 1
INFO:root:4887:XX found first (9, 8) is not 8 1
INFO:root:4887:XX found first (3, 4) is not 6 1
INFO:root:4887:XX found first (9, 6) is not 8 1
INFO:root:4887:XX found first (1, 9) is not 1 1
INFO:root:4887:XX found first (5, 8) is not 9 1
INFO:root:4887:XX found first (4, 8) is not 5 1
INFO:root:4887:XX found first (2, 8) is not 1 1
INFO:root:4887:XX found first (1, 9) is not 3 1
INFO:root:4887:XX found first (2, 5) is not 2 1
INFO:root:4887:XX found first (7, 7) is not 7 1
INFO:root:4888:XX found first (8, 7) is not 5 1
INFO:root:4888:XX found first (7, 4) is not 7 1
INFO:root:4888:XX found first (2, 7) is not 5 1
INFO:root:4888:XX found first (2, 9) is not 9 1
INFO:root:4888:XX found first (6, 4) is not 7 1
INFO:root:4888:XX found first (5, 3) is not 9 1
INFO:root:4888:XX found first (8, 4) is not 1 1
INFO:root:4888:XX found first (8, 7) is not 9 1
INFO:root:4888:XX found first (4, 7) is not 2 1
INFO:root:4888:XX found first (9, 6) is not 9 1
INFO:root:4888:XX found first (7, 9) is not 1 1
INFO:root:4888:XX found first (8, 8) is not 5 1
INFO:root:4888:XX found first (5, 7) is not 7 1
INFO:root:4888:XX found first (6, 5) is not 1 1
INFO:root:4888:XX found first (4, 8) is not 1 1
INFO:root:4888:XX found first (6, 6) is not 1 1
INFO:root:4888:XX found first (7, 5) is not 1 1
INFO:root:4888:XX found first (2, 4) is not 4 1
INFO:root:4888:XX found first (2, 7) is not 7 1
INFO:root:4888:XX found first (3, 5) is not 1 1
INFO:root:4888:XX found first (5, 3) is not 8 1
INFO:root:4889:XX found first (4, 3) is not 9 1
INFO:root:4889:XX found first (7, 6) is not 6 1
INFO:root:4889:XX found first (3, 5) is not 2 1
INFO:root:4889:XX found first (2, 8) is not 2 1
INFO:root:4889:XX found first (4, 9) is not 7 1
INFO:root:4889:XX found first (6, 5) is not 5 1
INFO:root:4889:XX found first (8, 6) is not 4 1
INFO:root:4889:XX found first (1, 7) is not 5 1
INFO:root:4889:XX found first (3, 3) is not 8 1
INFO:root:4889:XX found first (6, 2) is not 6 1
INFO:root:4889:XX found first (5, 6) is not 2 1
INFO:root:4889:XX found first (7, 4) is not 6 1
INFO:root:4889:XX found first (1, 8) is not 9 1
INFO:root:4889:XX found first (3, 1) is not 9 1
INFO:root:4889:XX found first (8, 4) is not 6 1
INFO:root:4889:XX found first (3, 6) is not 1 1
INFO:root:4889:XX found first (6, 7) is not 8 1
INFO:root:4889:XX found first (8, 1) is not 4 1
INFO:root:4889:XX found first (2, 4) is not 3 1
INFO:root:4889:XX found first (5, 3) is not 1 1
INFO:root:4889:XX found first (9, 9) is not 9 1
INFO:root:4889:XX found first (2, 7) is not 6 1
INFO:root:4889:XX found first (5, 7) is not 1 1
INFO:root:4889:XX found first (2, 4) is not 8 1
INFO:root:4890:XX found first (6, 4) is not 5 1
INFO:root:4890:XX found first (8, 8) is not 6 1
INFO:root:4890:XX found first (5, 6) is not 1 1
INFO:root:4890:XX found first (2, 1) is not 1 1
INFO:root:4890:XX found first (6, 1) is not 9 1
INFO:root:4890:XX found first (8, 4) is not 8 1
INFO:root:4890:XX found first (3, 7) is not 8 1
INFO:root:4890:XX found first (3, 9) is not 6 1
INFO:root:4890:XX found first (3, 6) is not 2 1
INFO:root:4890:XX found first (5, 6) is not 6 1
INFO:root:4890:XX found first (8, 6) is not 5 1
INFO:root:4890:XX found first (5, 5) is not 5 1
INFO:root:4890:XX found first (1, 6) is not 6 1
INFO:root:4890:XX found first (7, 5) is not 7 1
INFO:root:4890:XX found first (6, 7) is not 7 1
INFO:root:4890:XX found first (5, 7) is not 2 1
INFO:root:4890:XX found first (6, 4) is not 1 1
INFO:root:4890:XX found first (3, 6) is not 9 1
INFO:root:4890:XX found first (8, 6) is not 2 1
INFO:root:4890:XX found first (9, 2) is not 8 1
INFO:root:4890:XX found first (2, 6) is not 1 1
INFO:root:4890:XX found first (6, 7) is not 6 1
INFO:root:4890:XX found first (3, 8) is not 9 1
INFO:root:4890:XX found first (2, 4) is not 9 1
INFO:root:4891:XX found first (8, 9) is not 9 1
INFO:root:4891:XX found first (4, 7) is not 7 1
INFO:root:4891:XX found first (1, 8) is not 7 1
INFO:root:4891:XX found first (9, 7) is not 5 1
INFO:root:4891:XX found first (4, 1) is not 8 1
INFO:root:4891:XX found first (5, 4) is not 6 1
INFO:root:4891:XX found first (9, 8) is not 7 1
INFO:root:4891:XX found first (6, 4) is not 2 1
INFO:root:4891:XX found first (3, 8) is not 6 1
INFO:root:4891:XX found first (9, 4) is not 1 1
INFO:root:4891:XX found first (8, 6) is not 1 1
INFO:root:4891:XX found first (5, 2) is not 6 1
INFO:root:4891:XX found first (1, 2) is not 1 1
INFO:root:4891:XX found first (2, 6) is not 5 1
INFO:root:4891:XX found first (8, 8) is not 7 1
INFO:root:4891:XX found first (9, 8) is not 2 1
INFO:root:4891:XX found first (9, 1) is not 4 1
INFO:root:4891:XX found first (6, 1) is not 7 1
INFO:root:4891:XX found first (1, 2) is not 6 1
INFO:root:4891:XX found first (3, 3) is not 6 1
INFO:root:4891:XX found first (3, 7) is not 4 1
INFO:root:4891:XX found first (6, 7) is not 4 1
INFO:root:4891:XX found first (1, 4) is not 2 1
INFO:root:4891:XX found first (9, 8) is not 6 1
INFO:root:4891:XX found first (6, 8) is not 8 1
INFO:root:4892:XX found first (7, 1) is not 3 1
INFO:root:4892:XX found first (7, 5) is not 8 1
INFO:root:4892:XX found first (5, 8) is not 3 1
INFO:root:4892:XX found first (4, 6) is not 7 1
INFO:root:4892:XX found first (9, 9) is not 5 1
INFO:root:4892:XX found first (7, 8) is not 4 1
INFO:root:4892:XX found first (5, 5) is not 4 1
INFO:root:4892:XX found first (5, 3) is not 3 1
INFO:root:4892:XX found first (5, 5) is not 2 1
INFO:root:4892:XX found first (8, 3) is not 9 1
INFO:root:4892:XX found first (3, 5) is not 5 1
INFO:root:4892:XX found first (7, 5) is not 9 1
INFO:root:4892:XX found first (8, 2) is not 4 1
INFO:root:4892:XX found first (2, 7) is not 9 1
INFO:root:4892:XX found first (3, 4) is not 9 1
INFO:root:4892:XX found first (4, 1) is not 1 1
INFO:root:4892:XX found first (5, 4) is not 7 1
INFO:root:4892:XX found first (9, 9) is not 6 1
INFO:root:4892:XX found first (8, 8) is not 8 1
INFO:root:4892:XX found first (9, 1) is not 7 1
INFO:root:4892:XX found first (1, 1) is not 7 1
INFO:root:4892:XX found first (5, 4) is not 4 1
INFO:root:4892:XX found first (1, 2) is not 4 1
INFO:root:4893:XX found first (8, 5) is not 6 1
INFO:root:4893:XX found first (1, 5) is not 1 1
INFO:root:4893:XX found first (2, 4) is not 2 1
INFO:root:4893:XX found first (7, 9) is not 5 1
INFO:root:4893:XX found first (2, 3) is not 4 1
INFO:root:4893:XX found first (7, 8) is not 9 1
INFO:root:4893:XX found first (6, 2) is not 5 1
INFO:root:4893:XX found first (7, 7) is not 1 1
INFO:root:4893:XX found first (3, 7) is not 2 1
INFO:root:4893:XX found first (9, 1) is not 5 1
INFO:root:4893:XX found first (7, 3) is not 7 1
INFO:root:4893:XX found first (5, 4) is not 8 1
INFO:root:4893:XX found first (7, 1) is not 9 1
INFO:root:4893:XX found first (9, 6) is not 5 1
INFO:root:4893:XX found first (7, 8) is not 6 1
INFO:root:4893:XX found first (3, 4) is not 7 1
INFO:root:4893:XX found first (3, 3) is not 7 1
INFO:root:4893:XX found first (5, 5) is not 8 1
INFO:root:4893:XX found first (8, 2) is not 8 1
INFO:root:4893:XX found first (4, 1) is not 2 1
INFO:root:4893:XX found first (3, 9) is not 1 1
INFO:root:4893:XX found first (2, 9) is not 6 1
INFO:root:4893:XX found first (7, 8) is not 5 1
INFO:root:4893:XX found first (4, 6) is not 8 1
INFO:root:4894:XX found first (1, 8) is not 2 1
INFO:root:4894:XX found first (6, 7) is not 2 1
INFO:root:4894:XX found first (1, 3) is not 3 1
INFO:root:4894:XX found first (4, 2) is not 7 1
INFO:root:4894:XX found first (6, 3) is not 5 1
INFO:root:4894:XX found first (9, 2) is not 4 1
INFO:root:4894:XX found first (6, 7) is not 9 1
INFO:root:4894:XX found first (4, 4) is not 5 1
INFO:root:4894:XX found first (9, 5) is not 7 1
INFO:root:4894:XX found first (5, 9) is not 6 1
INFO:root:4894:XX found first (9, 8) is not 4 1
INFO:root:4894:XX found first (7, 3) is not 3 1
INFO:root:4894:XX found first (8, 3) is not 6 1
INFO:root:4894:XX found first (7, 3) is not 5 1
INFO:root:4894:XX found first (9, 6) is not 6 1
INFO:root:4894:XX found first (9, 5) is not 8 1
INFO:root:4894:XX found first (7, 2) is not 7 1
INFO:root:4894:XX found first (7, 4) is not 9 1
INFO:root:4894:XX found first (8, 5) is not 7 1
INFO:root:4894:XX found first (1, 7) is not 8 1
INFO:root:4894:XX found first (9, 4) is not 8 1
INFO:root:4894:XX found first (7, 7) is not 6 1
INFO:root:4894:XX found first (2, 6) is not 6 1
INFO:root:4894:XX found first (5, 4) is not 1 1
INFO:root:4895:XX found first (3, 4) is not 1 1
INFO:root:4895:XX found first (4, 8) is not 4 1
INFO:root:4895:XX found first (1, 2) is not 5 1
INFO:root:4895:XX found first (2, 8) is not 9 1
INFO:root:4895:XX found first (2, 4) is not 6 1
INFO:root:4895:XX found first (2, 9) is not 7 1
INFO:root:4895:XX found first (2, 3) is not 2 1
INFO:root:4895:XX found first (3, 6) is not 5 1
INFO:root:4895:XX found first (5, 7) is not 5 1
INFO:root:4895:XX found first (9, 3) is not 5 1
INFO:root:4895:XX found first (5, 5) is not 9 1
INFO:root:4895:XX found first (1, 2) is not 3 1
INFO:root:4895:XX found first (7, 3) is not 2 1
INFO:root:4895:XX found first (2, 8) is not 6 1
INFO:root:4895:XX found first (6, 3) is not 7 1
INFO:root:4895:XX found first (1, 7) is not 9 1
INFO:root:4895:XX found first (5, 8) is not 8 1
INFO:root:4895:XX found first (9, 1) is not 8 1
INFO:root:4895:XX found first (6, 5) is not 8 1
INFO:root:4895:XX found first (4, 2) is not 8 1
INFO:root:4895:XX found first (9, 7) is not 8 1
INFO:root:4895:XX found first (7, 1) is not 8 1
INFO:root:4895:XX found first (7, 7) is not 5 1
INFO:root:4895:XX found first (7, 1) is not 5 1
INFO:root:4896:XX found first (8, 4) is not 4 1
INFO:root:4896:XX found first (4, 9) is not 8 1
INFO:root:4896:XX found first (5, 9) is not 4 1
INFO:root:4896:XX found first (4, 6) is not 3 1
INFO:root:4896:XX found first (2, 3) is not 7 1
INFO:root:4896:XX found first (1, 3) is not 4 1
INFO:root:4896:XX found first (4, 5) is not 1 1
INFO:root:4896:XX found first (2, 4) is not 5 1
INFO:root:4896:XX found first (8, 6) is not 3 1
INFO:root:4896:XX found first (7, 3) is not 9 1
INFO:root:4896:XX found first (9, 7) is not 6 1
INFO:root:4896:XX found first (3, 5) is not 3 1
INFO:root:4896:XX found first (2, 7) is not 1 1
INFO:root:4896:XX found first (3, 7) is not 5 1
INFO:root:4896:XX found first (1, 6) is not 8 1
INFO:root:4896:XX found first (8, 9) is not 5 1
INFO:root:4896:XX found first (2, 2) is not 9 1
INFO:root:4896:XX found first (5, 5) is not 6 1
INFO:root:4896:XX found first (8, 9) is not 8 1
INFO:root:4896:XX found first (3, 4) is not 3 1
INFO:root:4896:XX found first (2, 6) is not 3 1
INFO:root:4896:XX found first (9, 5) is not 6 1
INFO:root:4896:XX found first (8, 7) is not 8 1
INFO:root:4896:XX found first (4, 4) is not 6 1
INFO:root:4897:XX found first (2, 9) is not 1 1
INFO:root:4897:XX found first (1, 6) is not 9 1
INFO:root:4897:XX found first (5, 3) is not 7 1
INFO:root:4897:XX found first (5, 4) is not 2 1
INFO:root:4897:XX found first (7, 4) is not 2 1
INFO:root:4897:XX found first (4, 3) is not 2 1
INFO:root:4897:XX found first (2, 5) is not 3 1
INFO:root:4897:XX found first (2, 1) is not 5 1
INFO:root:4897:XX found first (2, 2) is not 1 1
INFO:root:4897:XX found first (2, 5) is not 1 1
INFO:root:4897:XX found first (1, 2) is not 9 1
INFO:root:4897:XX found first (7, 6) is not 7 1
INFO:root:4897:XX found first (6, 9) is not 5 1
INFO:root:4897:XX found first (6, 7) is not 3 1
INFO:root:4897:XX found first (6, 6) is not 3 1
INFO:root:4897:XX found first (1, 8) is not 4 1
INFO:root:4897:XX found first (1, 1) is not 8 1
INFO:root:4897:XX found first (4, 8) is not 2 1
INFO:root:4897:XX found first (7, 6) is not 9 1
INFO:root:4897:XX found first (2, 6) is not 4 1
INFO:root:4897:XX found first (1, 4) is not 3 1
INFO:root:4897:XX found first (9, 6) is not 3 1
INFO:root:4897:XX found first (4, 3) is not 3 1
INFO:root:4897:XX found first (2, 8) is not 4 1
INFO:root:4898:XX found first (3, 8) is not 4 1
INFO:root:4898:XX found first (2, 1) is not 2 1
INFO:root:4898:XX found first (3, 4) is not 5 1
INFO:root:4898:XX found first (5, 1) is not 8 1
INFO:root:4898:XX found first (7, 9) is not 9 1
INFO:root:4898:XX found first (5, 7) is not 9 1
INFO:root:4898:XX found first (5, 7) is not 4 1
INFO:root:4898:XX found first (5, 7) is not 3 1
INFO:root:4898:XX found first (9, 3) is not 9 1
INFO:root:4898:XX found first (6, 1) is not 3 1
INFO:root:4898:XX found first (4, 3) is not 8 1
INFO:root:4898:XX found first (4, 3) is not 4 1
INFO:root:4898:XX found first (9, 3) is not 7 1
INFO:root:4898:XX found first (3, 8) is not 5 1
INFO:root:4898:XX found first (5, 3) is not 2 1
INFO:root:4898:XX found first (1, 1) is not 5 1
INFO:root:4898:XX found first (5, 1) is not 4 1
INFO:root:4898:XX found first (3, 7) is not 6 1
INFO:root:4898:XX found first (5, 1) is not 6 1
INFO:root:4898:XX found first (6, 3) is not 8 1
INFO:root:4898:XX found first (1, 6) is not 2 1
INFO:root:4898:XX found first (3, 3) is not 2 1
INFO:root:4898:XX found first (4, 7) is not 4 1
INFO:root:4898:XX found first (6, 3) is not 4 1
INFO:root:4898:XX found first (4, 4) is not 8 1
INFO:root:4899:XX found first (9, 7) is not 7 1
INFO:root:4899:XX found first (2, 3) is not 6 1
INFO:root:4899:XX found first (7, 7) is not 3 1
INFO:root:4899:XX found first (9, 2) is not 1 1
INFO:root:4899:XX found first (3, 3) is not 9 1
INFO:root:4899:XX found first (6, 9) is not 8 1
INFO:root:4899:XX found first (3, 1) is not 5 1
INFO:root:4899:XX found first (2, 2) is not 7 1
INFO:root:4899:XX found first (4, 5) is not 7 1
INFO:root:4899:XX found first (8, 1) is not 8 1
INFO:root:4899:XX found first (6, 1) is not 6 1
INFO:root:4899:XX found first (4, 3) is not 6 1
INFO:root:4899:XX found first (5, 6) is not 4 1
INFO:root:4899:XX found first (4, 4) is not 4 1
INFO:root:4899:XX found first (4, 2) is not 2 1
INFO:root:4899:XX found first (8, 9) is not 1 1
INFO:root:4899:XX found first (8, 6) is not 9 1
INFO:root:4899:XX found first (5, 9) is not 5 1
INFO:root:4899:XX found first (4, 4) is not 7 1
INFO:root:4899:XX found first (6, 8) is not 1 1
INFO:root:4899:XX found first (4, 4) is not 9 1
INFO:root:4899:XX found first (1, 8) is not 1 1
INFO:root:4899:XX found first (8, 4) is not 3 1
INFO:root:4900:XX found first (4, 1) is not 6 1
INFO:root:4900:XX found first (3, 9) is not 8 1
INFO:root:4900:XX found first (5, 9) is not 1 1
INFO:root:4900:XX found first (6, 5) is not 2 1
INFO:root:4900:XX found first (4, 7) is not 1 1
INFO:root:4900:XX found first (6, 1) is not 5 1
INFO:root:4900:XX found first (8, 8) is not 4 1
INFO:root:4900:XX found first (9, 1) is not 9 1
INFO:root:4900:XX found first (5, 7) is not 6 1
INFO:root:4900:XX found first (9, 8) is not 1 1
INFO:root:4900:XX found first (7, 1) is not 2 1
INFO:root:4900:XX found first (2, 7) is not 8 1
INFO:root:4900:XX found first (7, 6) is not 2 1
INFO:root:4900:XX found first (3, 2) is not 7 1
INFO:root:4900:XX found first (3, 7) is not 9 1
INFO:root:4900:XX found first (1, 8) is not 5 1
INFO:root:4900:XX found first (9, 4) is not 3 1
INFO:root:4900:XX found first (7, 3) is not 8 1
INFO:root:4900:XX found first (3, 5) is not 9 1
INFO:root:4900:XX found first (7, 1) is not 4 1
INFO:root:4900:XX found first (9, 8) is not 3 1
INFO:root:4900:XX found first (7, 2) is not 9 1
INFO:root:4900:XX found first (1, 5) is not 3 1
INFO:root:4900:XX found first (5, 2) is not 4 1
INFO:root:4901:XX found first (2, 9) is not 2 1
INFO:root:4901:XX found first (1, 2) is not 8 1
INFO:root:4901:XX found first (8, 2) is not 9 1
INFO:root:4901:XX found first (5, 8) is not 2 1
INFO:root:4901:XX found first (8, 7) is not 7 1
INFO:root:4901:XX found first (2, 3) is not 5 1
INFO:root:4901:XX found first (6, 3) is not 6 1
INFO:root:4901:XX found first (5, 2) is not 7 1
INFO:root:4901:XX found first (8, 1) is not 7 1
INFO:root:4901:XX found first (4, 7) is not 8 1
INFO:root:4901:XX found first (6, 8) is not 5 1
INFO:root:4901:XX found first (5, 8) is not 5 1
INFO:root:4901:XX found first (6, 4) is not 6 1
INFO:root:4901:XX found first (5, 6) is not 3 1
INFO:root:4901:XX found first (2, 3) is not 1 1
INFO:root:4901:XX found first (2, 1) is not 7 1
INFO:root:4901:XX found first (4, 7) is not 9 1
INFO:root:4901:XX found first (5, 3) is not 4 1
INFO:root:4901:XX found first (9, 2) is not 6 1
INFO:root:4901:XX found first (6, 1) is not 4 1
INFO:root:4901:XX found first (1, 6) is not 4 1
INFO:root:4901:XX found first (9, 2) is not 2 1
INFO:root:4902:XX found first (8, 5) is not 1 1
INFO:root:4902:XX found first (7, 5) is not 4 1
INFO:root:4902:XX found first (6, 6) is not 5 1
INFO:root:4902:XX found first (9, 6) is not 2 1
INFO:root:4902:XX found first (1, 3) is not 7 1
INFO:root:4902:XX found first (8, 5) is not 8 1
INFO:root:4902:XX found first (1, 6) is not 5 1
INFO:root:4902:XX found first (4, 8) is not 6 1
INFO:root:4902:XX found first (9, 4) is not 9 1
INFO:root:4902:XX found first (2, 2) is not 2 1
INFO:root:4902:XX found first (3, 6) is not 8 1
INFO:root:4902:XX found first (7, 6) is not 4 1
INFO:root:4902:XX found first (2, 6) is not 8 1
INFO:root:4902:XX found first (1, 2) is not 2 1
INFO:root:4902:XX found first (9, 5) is not 9 1
INFO:root:4902:XX found first (8, 2) is not 7 1
INFO:root:4902:XX found first (4, 9) is not 3 1
INFO:root:4902:XX found first (1, 9) is not 9 1
INFO:root:4902:XX found first (4, 2) is not 9 1
INFO:root:4902:XX found first (3, 1) is not 7 1
INFO:root:4902:XX found first (9, 4) is not 4 1
INFO:root:4902:XX found first (8, 4) is not 2 1
INFO:root:4902:XX found first (3, 5) is not 7 1
INFO:root:4902:XX found first (3, 2) is not 9 1
INFO:root:4903:XX found first (9, 9) is not 1 1
INFO:root:4903:XX found first (7, 8) is not 7 1
INFO:root:4903:XX found first (3, 1) is not 8 1
INFO:root:4903:XX found first (5, 1) is not 7 1
INFO:root:4903:XX found first (5, 5) is not 7 1
INFO:root:4903:XX found first (9, 5) is not 5 1
INFO:root:4903:XX found first (5, 2) is not 9 1
INFO:root:4903:XX found first (7, 4) is not 8 1
INFO:root:4903:XX found first (4, 9) is not 4 1
INFO:root:4903:XX found first (9, 1) is not 6 1
INFO:root:4903:XX found first (3, 3) is not 1 1
INFO:root:4903:XX found first (8, 6) is not 6 1
INFO:root:4903:XX found first (7, 4) is not 1 1
INFO:root:4903:XX found first (1, 9) is not 7 1
INFO:root:4903:XX found first (9, 2) is not 7 1
INFO:root:4903:XX found first (1, 3) is not 6 1
INFO:root:4903:XX found first (5, 5) is not 3 1
INFO:root:4903:XX found first (4, 9) is not 9 1
INFO:root:4903:XX found first (9, 4) is not 7 1
INFO:root:4903:XX found first (2, 1) is not 8 1
INFO:root:4903:XX found first (9, 5) is not 1 1
INFO:root:4903:XX found first (5, 8) is not 1 1
INFO:root:4903:XX found first (7, 4) is not 4 1
INFO:root:4903:XX found first (6, 2) is not 8 1
INFO:root:4904:XX found first (4, 8) is not 7 1
INFO:root:4904:XX found first (5, 2) is not 8 1
INFO:root:4904:XX found first (3, 9) is not 5 1
INFO:root:4904:XX found first (2, 6) is not 7 1
INFO:root:4904:XX found first (1, 7) is not 6 1
INFO:root:4904:XX found first (1, 8) is not 8 1
INFO:root:4904:XX found first (4, 5) is not 2 1
INFO:root:4904:XX found first (6, 7) is not 1 1
INFO:root:4904:XX found first (9, 8) is not 9 1
INFO:root:4904:XX found first (7, 9) is not 7 1
INFO:root:4904:XX found first (9, 3) is not 6 1
INFO:root:4904:XX found first (3, 9) is not 7 1
INFO:root:4904:XX found first (9, 2) is not 3 1
INFO:root:4904:XX found first (4, 2) is not 6 1
INFO:root:4904:XX found first (7, 5) is not 6 1
INFO:root:4904:XX found first (3, 9) is not 4 1
INFO:root:4904:XX found first (3, 2) is not 5 1
INFO:root:4904:XX found first (6, 8) is not 6 1
INFO:root:4904:XX found first (8, 3) is not 7 1
INFO:root:4904:XX found first (7, 1) is not 1 1
INFO:root:4904:XX found first (4, 9) is not 6 1
INFO:root:4904:XX found first (9, 3) is not 4 1
INFO:root:4904:XX found first (7, 2) is not 4 1
INFO:root:4904:XX found first (4, 3) is not 5 1
INFO:root:4905:XX found first (9, 4) is not 5 1
INFO:root:4905:XX found first (1, 1) is not 6 1
INFO:root:4905:XX found first (5, 6) is not 8 1
INFO:root:4905:XX found first (4, 3) is not 1 1
INFO:root:4905:XX found first (6, 2) is not 7 1
INFO:root:4905:XX found first (5, 3) is not 5 1
INFO:root:4905:XX found first (7, 3) is not 1 1
INFO:root:4905:XX found first (5, 2) is not 1 1
INFO:root:4905:XX found first (4, 2) is not 1 1
INFO:root:4905:XX found first (6, 8) is not 4 1
INFO:root:4905:XX found first (7, 3) is not 6 1
INFO:root:4905:XX found first (9, 2) is not 5 1
INFO:root:4905:XX found first (6, 4) is not 8 1
INFO:root:4905:XX found first (4, 6) is not 2 1
INFO:root:4905:XX found first (8, 4) is not 5 1
INFO:root:4905:XX found first (4, 9) is not 5 1
INFO:root:4905:XX found first (1, 5) is not 6 1
INFO:root:4905:XX found first (5, 9) is not 8 1
INFO:root:4905:XX found first (3, 8) is not 7 1
INFO:root:4905:XX found first (2, 6) is not 9 1
INFO:root:4905:XX found first (3, 3) is not 4 1
INFO:root:4905:XX found first (3, 4) is not 2 1
INFO:root:4905:XX found first (7, 7) is not 2 1
INFO:root:4905:XX found first (4, 7) is not 5 1
INFO:root:4905:XX found first (2, 4) is not 7 1
INFO:root:4906:XX found first (4, 8) is not 8 1
INFO:root:4906:XX found first (1, 9) is not 6 1
INFO:root:4906:XX found first (2, 7) is not 2 1
INFO:root:4906:XX found first (3, 7) is not 3 1
INFO:root:4906:XX found first (2, 8) is not 7 1
INFO:root:4906:XX found first (7, 7) is not 4 1
INFO:root:4906:XX found first (1, 3) is not 5 1
INFO:root:4906:XX found first (8, 8) is not 9 1
INFO:root:4906:XX found first (6, 1) is not 2 1
INFO:root:4906:XX found first (1, 5) is not 2 1
INFO:root:4906:XX found first (3, 9) is not 2 1
INFO:root:4906:XX found first (7, 1) is not 6 1
INFO:root:4906:XX found first (6, 9) is not 1 1
INFO:root:4906:XX found first (3, 3) is not 3 1
INFO:root:4906:XX found first (4, 9) is not 2 1
INFO:root:4906:XX found first (7, 6) is not 3 1
INFO:root:4906:XX found first (2, 2) is not 5 1
INFO:root:4906:XX found first (1, 4) is not 1 1
INFO:root:4906:XX found first (1, 8) is not 3 1
INFO:root:4906:XX found first (6, 6) is not 2 1
INFO:root:4906:XX found first (9, 6) is not 7 1
INFO:root:4906:XX found first (8, 3) is not 8 1
INFO:root:4906:XX found first (1, 6) is not 7 1
INFO:root:4906:XX found first (8, 3) is not 4 1
INFO:root:4907:XX found first (9, 4) is not 2 1
INFO:root:4907:XX found first (5, 8) is not 6 1
INFO:root:4907:XX found first (1, 6) is not 1 1
INFO:root:4907:XX found first (1, 1) is not 3 1
INFO:root:4907:XX found first (9, 7) is not 9 1
INFO:root:4907:XX found first (5, 9) is not 9 1
INFO:root:4907:XX found first (1, 4) is not 7 1
INFO:root:4907:XX found first (3, 9) is not 3 1
INFO:root:4907:XX found first (4, 4) is not 3 1
INFO:root:4907:XX found first (1, 5) is not 7 1
INFO:root:4907:XX found first (7, 6) is not 8 1
INFO:root:4907:XX found first (6, 9) is not 9 1
INFO:root:4907:XX found first (1, 4) is not 6 1
INFO:root:4907:XX found first (4, 6) is not 1 1
INFO:root:4907:XX found first (5, 1) is not 1 1
INFO:root:4907:XX found first (6, 2) is not 9 1
INFO:root:4907:XX found first (6, 1) is not 1 1
INFO:root:4907:XX found first (2, 8) is not 5 1
INFO:root:4907:XX found first (4, 1) is not 7 1
INFO:root:4907:XX found first (8, 9) is not 7 1
INFO:root:4920:Early exit from checkSmall1
INFO:root:4981:Starting Step 2
INFO:root:5437:Current state [[[[1, 2, 4, 9], [7], [1, 2, 8, 9], [4, 5, 8, 9], [4, 5, 8, 9], [3], [1, 2, 4], [6], [2, 4, 5, 8]], [[3, 4, 6, 9], [3, 4, 6, 8], [3, 8, 9], [1], [4, 5, 6, 7, 8, 9], [2], [3, 4], [3, 8], [3, 4, 5, 8]], [[1, 2, 3, 4, 6], [1, 2, 3, 4, 6, 8], [5], [4, 8], [4, 6, 8], [4, 6], [7], [1, 2, 3, 8], [9]], [[3, 4, 5, 9], [3, 4, 5], [7], [2], [3, 4, 5, 6, 8, 9], [4, 5, 6, 9], [3, 6], [3, 9], [1]], [[2, 3, 5, 9], [2, 3, 5], [6], [3, 5, 9], [1], [5, 7, 9], [8], [4], [2, 3, 7]], [[8], [1, 2, 3, 4], [1, 2, 3, 9], [3, 4, 9], [3, 4, 6, 7, 9], [4, 6, 7, 9], [5], [2, 3, 7, 9], [2, 3, 6, 7]], [[7], [1, 2, 3, 5, 6, 8], [4], [3, 5], [2, 3, 5], [1, 5], [9], [1, 2, 3, 8], [2, 3, 6, 8]], [[1, 2, 3, 5, 6], [1, 2, 3, 5, 6], [1, 2, 3], [7], [2, 3, 4, 5, 9], [8], [1, 2, 3, 4, 6], [1, 2, 3], [2, 3, 4, 6]], [[1, 2, 3], [9], [1, 2, 3, 8], [6], [2, 3, 4], [1, 4], [1, 2, 3, 4], [5], [2, 3, 4, 7, 8]]]]
INFO:root:5437:Doing checkSmall1
INFO:root:5437:Getting tiny MUSes, distance 1, for 207 puzlits, 1 repeats
INFO:root:5472:Chunked 207 in [13, 13, 13, 13, 13, 13, 13, 13, 13, 13, 13, 13, 13, 13, 13, 12]
INFO:root:5519:XX found first (6, 8) is 7 1
INFO:root:5520:XX found first (4, 5) is 8 1
INFO:root:5520:XX found first (8, 5) is 9 1
INFO:root:5520:XX found first (9, 9) is 7 1
INFO:root:5520:XX found first (2, 5) is 7 1
INFO:root:5531:Early exit from checkSmall1
INFO:root:5552:Starting Step 3
INFO:root:6017:Current state [[[[1, 2, 4, 9], [7], [1, 2, 8, 9], [4, 5, 8, 9], [4, 5, 8, 9], [3], [1, 2, 4], [6], [2, 4, 5, 8]], [[3, 4, 6, 9], [3, 4, 6, 8], [3, 8, 9], [1], [7], [2], [3, 4], [3, 8], [3, 4, 5, 8]], [[1, 2, 3, 4, 6], [1, 2, 3, 4, 6, 8], [5], [4, 8], [4, 6, 8], [4, 6], [7], [1, 2, 3, 8], [9]], [[3, 4, 5, 9], [3, 4, 5], [7], [2], [8], [4, 5, 6, 9], [3, 6], [3, 9], [1]], [[2, 3, 5, 9], [2, 3, 5], [6], [3, 5, 9], [1], [5, 7, 9], [8], [4], [2, 3, 7]], [[8], [1, 2, 3, 4], [1, 2, 3, 9], [3, 4, 9], [3, 4, 6, 7, 9], [4, 6, 7, 9], [5], [7], [2, 3, 6, 7]], [[7], [1, 2, 3, 5, 6, 8], [4], [3, 5], [2, 3, 5], [1, 5], [9], [1, 2, 3, 8], [2, 3, 6, 8]], [[1, 2, 3, 5, 6], [1, 2, 3, 5, 6], [1, 2, 3], [7], [9], [8], [1, 2, 3, 4, 6], [1, 2, 3], [2, 3, 4, 6]], [[1, 2, 3], [9], [1, 2, 3, 8], [6], [2, 3, 4], [1, 4], [1, 2, 3, 4], [5], [7]]]]
INFO:root:6017:Doing checkSmall1
INFO:root:6017:Getting tiny MUSes, distance 1, for 202 puzlits, 1 repeats
INFO:root:6052:Chunked 202 in [13, 13, 13, 13, 13, 13, 13, 13, 13, 13, 12, 12, 12, 12, 12, 12]
INFO:root:6099:XX found first (6, 5) is not 9 1
INFO:root:6099:XX found first (2, 5) is not 6 1
INFO:root:6099:XX found first (4, 5) is not 5 1
INFO:root:6099:XX found first (2, 5) is not 5 1
INFO:root:6099:XX found first (9, 9) is not 3 1
INFO:root:6099:XX found first (1, 5) is not 8 1
INFO:root:6099:XX found first (6, 6) is not 7 1
INFO:root:6099:XX found first (5, 9) is not 7 1
INFO:root:6099:XX found first (9, 9) is not 2 1
INFO:root:6099:XX found first (6, 9) is not 7 1
INFO:root:6099:XX found first (1, 5) is not 9 1
INFO:root:6099:XX found first (4, 5) is not 6 1
INFO:root:6100:XX found first (9, 9) is not 4 1
INFO:root:6100:XX found first (4, 5) is not 9 1
INFO:root:6100:XX found first (8, 5) is not 2 1
INFO:root:6100:XX found first (8, 5) is not 5 1
INFO:root:6100:XX found first (6, 8) is not 3 1
INFO:root:6100:XX found first (6, 8) is not 9 1
INFO:root:6100:XX found first (4, 5) is not 4 1
INFO:root:6100:XX found first (4, 5) is not 3 1
INFO:root:6100:XX found first (6, 5) is not 7 1
INFO:root:6100:XX found first (6, 8) is not 2 1
INFO:root:6100:XX found first (3, 5) is not 8 1
INFO:root:6100:XX found first (2, 5) is not 9 1
INFO:root:6100:XX found first (2, 5) is not 4 1
INFO:root:6100:XX found first (9, 9) is not 8 1
INFO:root:6100:XX found first (8, 5) is not 4 1
INFO:root:6100:XX found first (8, 5) is not 3 1
INFO:root:6100:XX found first (2, 5) is not 8 1
INFO:root:6112:Early exit from checkSmall1
INFO:root:6123:Starting Step 4
INFO:root:6604:Current state [[[[1, 2, 4, 9], [7], [1, 2, 8, 9], [4, 5, 8, 9], [4, 5], [3], [1, 2, 4], [6], [2, 4, 5, 8]], [[3, 4, 6, 9], [3, 4, 6, 8], [3, 8, 9], [1], [7], [2], [3, 4], [3, 8], [3, 4, 5, 8]], [[1, 2, 3, 4, 6], [1, 2, 3, 4, 6, 8], [5], [4, 8], [4, 6], [4, 6], [7], [1, 2, 3, 8], [9]], [[3, 4, 5, 9], [3, 4, 5], [7], [2], [8], [4, 5, 6, 9], [3, 6], [3, 9], [1]], [[2, 3, 5, 9], [2, 3, 5], [6], [3, 5, 9], [1], [5, 7, 9], [8], [4], [2, 3]], [[8], [1, 2, 3, 4], [1, 2, 3, 9], [3, 4, 9], [3, 4, 6], [4, 6, 9], [5], [7], [2, 3, 6]], [[7], [1, 2, 3, 5, 6, 8], [4], [3, 5], [2, 3, 5], [1, 5], [9], [1, 2, 3, 8], [2, 3, 6, 8]], [[1, 2, 3, 5, 6], [1, 2, 3, 5, 6], [1, 2, 3], [7], [9], [8], [1, 2, 3, 4, 6], [1, 2, 3], [2, 3, 4, 6]], [[1, 2, 3], [9], [1, 2, 3, 8], [6], [2, 3, 4], [1, 4], [1, 2, 3, 4], [5], [7]]]]
INFO:root:6604:Doing checkSmall1
INFO:root:6604:Getting tiny MUSes, distance 1, for 173 puzlits, 1 repeats
INFO:root:6639:Chunked 173 in [11, 11, 11, 11, 11, 11, 11, 11, 11, 11, 11, 11, 11, 10, 10, 10]
INFO:root:6679:XX found first (1, 4) is 9 1
INFO:root:6679:XX found first (2, 9) is 5 1
INFO:root:6679:XX found first (5, 6) is 7 1
INFO:root:6679:XX found first (9, 3) is 8 1
INFO:root:6679:XX found first (4, 8) is 9 1
INFO:root:6691:Early exit from checkSmall1
INFO:root:6710:Starting Step 5
INFO:root:7196:Current state [[[[1, 2, 4, 9], [7], [1, 2, 8, 9], [9], [4, 5], [3], [1, 2, 4], [6], [2, 4, 5, 8]], [[3, 4, 6, 9], [3, 4, 6, 8], [3, 8, 9], [1], [7], [2], [3, 4], [3, 8], [5]], [[1, 2, 3, 4, 6], [1, 2, 3, 4, 6, 8], [5], [4, 8], [4, 6], [4, 6], [7], [1, 2, 3, 8], [9]], [[3, 4, 5, 9], [3, 4, 5], [7], [2], [8], [4, 5, 6, 9], [3, 6], [9], [1]], [[2, 3, 5, 9], [2, 3, 5], [6], [3, 5, 9], [1], [7], [8], [4], [2, 3]], [[8], [1, 2, 3, 4], [1, 2, 3, 9], [3, 4, 9], [3, 4, 6], [4, 6, 9], [5], [7], [2, 3, 6]], [[7], [1, 2, 3, 5, 6, 8], [4], [3, 5], [2, 3, 5], [1, 5], [9], [1, 2, 3, 8], [2, 3, 6, 8]], [[1, 2, 3, 5, 6], [1, 2, 3, 5, 6], [1, 2, 3], [7], [9], [8], [1, 2, 3, 4, 6], [1, 2, 3], [2, 3, 4, 6]], [[1, 2, 3], [9], [8], [6], [2, 3, 4], [1, 4], [1, 2, 3, 4], [5], [7]]]]
INFO:root:7196:Doing checkSmall1
INFO:root:7196:Getting tiny MUSes, distance 1, for 168 puzlits, 1 repeats
INFO:root:7231:Chunked 168 in [11, 11, 11, 11, 11, 11, 11, 11, 10, 10, 10, 10, 10, 10, 10, 10]
INFO:root:7267:XX found first (5, 6) is not 9 1
INFO:root:7267:XX found first (1, 4) is not 8 1
INFO:root:7267:XX found first (4, 6) is not 9 1
INFO:root:7267:XX found first (9, 3) is not 2 1
INFO:root:7267:XX found first (2, 9) is not 3 1
INFO:root:7267:XX found first (1, 4) is not 4 1
INFO:root:7267:XX found first (5, 4) is not 9 1
INFO:root:7267:XX found first (6, 4) is not 9 1
INFO:root:7267:XX found first (7, 2) is not 8 1
INFO:root:7268:XX found first (9, 3) is not 1 1
INFO:root:7268:XX found first (9, 3) is not 3 1
INFO:root:7268:XX found first (2, 9) is not 4 1
INFO:root:7268:XX found first (1, 1) is not 9 1
INFO:root:7268:XX found first (1, 9) is not 5 1
INFO:root:7268:XX found first (2, 3) is not 8 1
INFO:root:7268:XX found first (4, 8) is not 3 1
INFO:root:7268:XX found first (1, 3) is not 9 1
INFO:root:7268:XX found first (1, 4) is not 5 1
INFO:root:7268:XX found first (1, 3) is not 8 1
INFO:root:7268:XX found first (4, 1) is not 9 1
INFO:root:7268:XX found first (2, 9) is not 8 1
INFO:root:7268:XX found first (5, 6) is not 5 1
INFO:root:7280:Early exit from checkSmall1
INFO:root:7289:Starting Step 6
INFO:root:7794:Current state [[[[1, 2, 4], [7], [1, 2], [9], [4, 5], [3], [1, 2, 4], [6], [2, 4, 8]], [[3, 4, 6, 9], [3, 4, 6, 8], [3, 9], [1], [7], [2], [3, 4], [3, 8], [5]], [[1, 2, 3, 4, 6], [1, 2, 3, 4, 6, 8], [5], [4, 8], [4, 6], [4, 6], [7], [1, 2, 3, 8], [9]], [[3, 4, 5], [3, 4, 5], [7], [2], [8], [4, 5, 6], [3, 6], [9], [1]], [[2, 3, 5, 9], [2, 3, 5], [6], [3, 5], [1], [7], [8], [4], [2, 3]], [[8], [1, 2, 3, 4], [1, 2, 3, 9], [3, 4], [3, 4, 6], [4, 6, 9], [5], [7], [2, 3, 6]], [[7], [1, 2, 3, 5, 6], [4], [3, 5], [2, 3, 5], [1, 5], [9], [1, 2, 3, 8], [2, 3, 6, 8]], [[1, 2, 3, 5, 6], [1, 2, 3, 5, 6], [1, 2, 3], [7], [9], [8], [1, 2, 3, 4, 6], [1, 2, 3], [2, 3, 4, 6]], [[1, 2, 3], [9], [8], [6], [2, 3, 4], [1, 4], [1, 2, 3, 4], [5], [7]]]]
INFO:root:7794:Doing checkSmall1
INFO:root:7794:Getting tiny MUSes, distance 1, for 146 puzlits, 1 repeats
INFO:root:7828:Chunked 146 in [10, 10, 9, 9, 9, 9, 9, 9, 9, 9, 9, 9, 9, 9, 9, 9]
INFO:root:7862:XX found first (5, 1) is 9 1
INFO:root:7862:XX found first (6, 6) is 9 1
INFO:root:7862:XX found first (1, 5) is 5 1
INFO:root:7862:XX found first (1, 9) is 8 1
INFO:root:7863:XX found first (3, 4) is 8 1
INFO:root:7874:Early exit from checkSmall1
INFO:root:7895:Starting Step 7
INFO:root:8398:Current state [[[[1, 2, 4], [7], [1, 2], [9], [5], [3], [1, 2, 4], [6], [8]], [[3, 4, 6, 9], [3, 4, 6, 8], [3, 9], [1], [7], [2], [3, 4], [3, 8], [5]], [[1, 2, 3, 4, 6], [1, 2, 3, 4, 6, 8], [5], [8], [4, 6], [4, 6], [7], [1, 2, 3, 8], [9]], [[3, 4, 5], [3, 4, 5], [7], [2], [8], [4, 5, 6], [3, 6], [9], [1]], [[9], [2, 3, 5], [6], [3, 5], [1], [7], [8], [4], [2, 3]], [[8], [1, 2, 3, 4], [1, 2, 3, 9], [3, 4], [3, 4, 6], [9], [5], [7], [2, 3, 6]], [[7], [1, 2, 3, 5, 6], [4], [3, 5], [2, 3, 5], [1, 5], [9], [1, 2, 3, 8], [2, 3, 6, 8]], [[1, 2, 3, 5, 6], [1, 2, 3, 5, 6], [1, 2, 3], [7], [9], [8], [1, 2, 3, 4, 6], [1, 2, 3], [2, 3, 4, 6]], [[1, 2, 3], [9], [8], [6], [2, 3, 4], [1, 4], [1, 2, 3, 4], [5], [7]]]]
INFO:root:8398:Doing checkSmall1
INFO:root:8398:Getting tiny MUSes, distance 1, for 141 puzlits, 1 repeats
INFO:root:8433:Chunked 141 in [9, 9, 9, 9, 9, 9, 9, 9, 9, 9, 9, 9, 9, 8, 8, 8]
INFO:root:8465:XX found first (3, 2) is not 8 1
INFO:root:8465:XX found first (7, 5) is not 5 1
INFO:root:8465:XX found first (6, 3) is not 9 1
INFO:root:8465:XX found first (5, 1) is not 3 1
INFO:root:8465:XX found first (1, 9) is not 2 1
INFO:root:8465:XX found first (5, 1) is not 5 1
INFO:root:8465:XX found first (1, 9) is not 4 1
INFO:root:8466:XX found first (1, 5) is not 4 1
INFO:root:8466:XX found first (7, 9) is not 8 1
INFO:root:8466:XX found first (6, 6) is not 6 1
INFO:root:8466:XX found first (6, 6) is not 4 1
INFO:root:8466:XX found first (5, 1) is not 2 1
INFO:root:8466:XX found first (2, 1) is not 9 1
INFO:root:8466:XX found first (2, 8) is not 8 1
INFO:root:8466:XX found first (3, 8) is not 8 1
INFO:root:8466:XX found first (3, 4) is not 4 1
INFO:root:8478:Early exit from checkSmall1
INFO:root:8487:Starting Step 8
INFO:root:9002:Current state [[[[1, 2, 4], [7], [1, 2], [9], [5], [3], [1, 2, 4], [6], [8]], [[3, 4, 6], [3, 4, 6, 8], [3, 9], [1], [7], [2], [3, 4], [3], [5]], [[1, 2, 3, 4, 6], [1, 2, 3, 4, 6], [5], [8], [4, 6], [4, 6], [7], [1, 2, 3], [9]], [[3, 4, 5], [3, 4, 5], [7], [2], [8], [4, 5, 6], [3, 6], [9], [1]], [[9], [2, 3, 5], [6], [3, 5], [1], [7], [8], [4], [2, 3]], [[8], [1, 2, 3, 4], [1, 2, 3], [3, 4], [3, 4, 6], [9], [5], [7], [2, 3, 6]], [[7], [1, 2, 3, 5, 6], [4], [3, 5], [2, 3], [1, 5], [9], [1, 2, 3, 8], [2, 3, 6]], [[1, 2, 3, 5, 6], [1, 2, 3, 5, 6], [1, 2, 3], [7], [9], [8], [1, 2, 3, 4, 6], [1, 2, 3], [2, 3, 4, 6]], [[1, 2, 3], [9], [8], [6], [2, 3, 4], [1, 4], [1, 2, 3, 4], [5], [7]]]]
INFO:root:9002:Doing checkSmall1
INFO:root:9002:Getting tiny MUSes, distance 1, for 125 puzlits, 1 repeats
INFO:root:9037:Chunked 125 in [8, 8, 8, 8, 8, 8, 8, 8, 8, 8, 8, 8, 8, 7, 7, 7]
INFO:root:9068:XX found first (2, 8) is 3 1
INFO:root:9068:XX found first (7, 8) is 8 1
INFO:root:9069:XX found first (2, 3) is 9 1
INFO:root:9069:XX found first (2, 2) is 8 1
INFO:root:9069:XX found first (8, 9) is 4 1
INFO:root:9069:XX found first (6, 4) is 4 1
INFO:root:9081:Early exit from checkSmall1
INFO:root:9105:Starting Step 9
INFO:root:9628:Current state [[[[1, 2, 4], [7], [1, 2], [9], [5], [3], [1, 2, 4], [6], [8]], [[3, 4, 6], [8], [9], [1], [7], [2], [3, 4], [3], [5]], [[1, 2, 3, 4, 6], [1, 2, 3, 4, 6], [5], [8], [4, 6], [4, 6], [7], [1, 2, 3], [9]], [[3, 4, 5], [3, 4, 5], [7], [2], [8], [4, 5, 6], [3, 6], [9], [1]], [[9], [2, 3, 5], [6], [3, 5], [1], [7], [8], [4], [2, 3]], [[8], [1, 2, 3, 4], [1, 2, 3], [4], [3, 4, 6], [9], [5], [7], [2, 3, 6]], [[7], [1, 2, 3, 5, 6], [4], [3, 5], [2, 3], [1, 5], [9], [8], [2, 3, 6]], [[1, 2, 3, 5, 6], [1, 2, 3, 5, 6], [1, 2, 3], [7], [9], [8], [1, 2, 3, 4, 6], [1, 2, 3], [4]], [[1, 2, 3], [9], [8], [6], [2, 3, 4], [1, 4], [1, 2, 3, 4], [5], [7]]]]
INFO:root:9628:Doing checkSmall1
INFO:root:9628:Getting tiny MUSes, distance 1, for 119 puzlits, 1 repeats
INFO:root:9664:Chunked 119 in [8, 8, 8, 8, 8, 8, 8, 7, 7, 7, 7, 7, 7, 7, 7, 7]
INFO:root:9688:XX found first (2, 2) is not 6 1
INFO:root:9689:XX found first (2, 7) is not 3 1
INFO:root:9689:XX found first (8, 9) is not 2 1
INFO:root:9689:XX found first (8, 7) is not 4 1
INFO:root:9689:XX found first (7, 8) is not 2 1
INFO:root:9689:XX found first (2, 3) is not 3 1
INFO:root:9689:XX found first (2, 1) is not 3 1
INFO:root:9689:XX found first (8, 8) is not 3 1
INFO:root:9689:XX found first (7, 8) is not 1 1
INFO:root:9689:XX found first (3, 8) is not 3 1
INFO:root:9689:XX found first (6, 2) is not 4 1
INFO:root:9689:XX found first (8, 9) is not 3 1
INFO:root:9689:XX found first (2, 2) is not 4 1
INFO:root:9689:XX found first (2, 2) is not 3 1
INFO:root:9689:XX found first (8, 9) is not 6 1
INFO:root:9689:XX found first (9, 7) is not 4 1
INFO:root:9689:XX found first (6, 4) is not 3 1
INFO:root:9689:XX found first (7, 8) is not 3 1
INFO:root:9689:XX found first (4, 6) is not 4 1
INFO:root:9689:XX found first (6, 5) is not 4 1
INFO:root:9701:Early exit from checkSmall1
INFO:root:9711:Starting Step 10
INFO:root:10244:Current state [[[[1, 2, 4], [7], [1, 2], [9], [5], [3], [1, 2, 4], [6], [8]], [[4, 6], [8], [9], [1], [7], [2], [4], [3], [5]], [[1, 2, 3, 4, 6], [1, 2, 3, 4, 6], [5], [8], [4, 6], [4, 6], [7], [1, 2], [9]], [[3, 4, 5], [3, 4, 5], [7], [2], [8], [5, 6], [3, 6], [9], [1]], [[9], [2, 3, 5], [6], [3, 5], [1], [7], [8], [4], [2, 3]], [[8], [1, 2, 3], [1, 2, 3], [4], [3, 6], [9], [5], [7], [2, 3, 6]], [[7], [1, 2, 3, 5, 6], [4], [3, 5], [2, 3], [1, 5], [9], [8], [2, 3, 6]], [[1, 2, 3, 5, 6], [1, 2, 3, 5, 6], [1, 2, 3], [7], [9], [8], [1, 2, 3, 6], [1, 2], [4]], [[1, 2, 3], [9], [8], [6], [2, 3, 4], [1, 4], [1, 2, 3], [5], [7]]]]
INFO:root:10244:Doing checkSmall1
INFO:root:10244:Getting tiny MUSes, distance 1, for 99 puzlits, 1 repeats
INFO:root:10279:Chunked 99 in [7, 7, 7, 6, 6, 6, 6, 6, 6, 6, 6, 6, 6, 6, 6, 6]
INFO:root:10306:XX found first (2, 1) is 6 1
INFO:root:10306:XX found first (2, 7) is 4 1
INFO:root:10318:Early exit from checkSmall1
INFO:root:10330:Starting Step 11
INFO:root:10859:Current state [[[[1, 2, 4], [7], [1, 2], [9], [5], [3], [1, 2, 4], [6], [8]], [[6], [8], [9], [1], [7], [2], [4], [3], [5]], [[1, 2, 3, 4, 6], [1, 2, 3, 4, 6], [5], [8], [4, 6], [4, 6], [7], [1, 2], [9]], [[3, 4, 5], [3, 4, 5], [7], [2], [8], [5, 6], [3, 6], [9], [1]], [[9], [2, 3, 5], [6], [3, 5], [1], [7], [8], [4], [2, 3]], [[8], [1, 2, 3], [1, 2, 3], [4], [3, 6], [9], [5], [7], [2, 3, 6]], [[7], [1, 2, 3, 5, 6], [4], [3, 5], [2, 3], [1, 5], [9], [8], [2, 3, 6]], [[1, 2, 3, 5, 6], [1, 2, 3, 5, 6], [1, 2, 3], [7], [9], [8], [1, 2, 3, 6], [1, 2], [4]], [[1, 2, 3], [9], [8], [6], [2, 3, 4], [1, 4], [1, 2, 3], [5], [7]]]]
INFO:root:10859:Doing checkSmall1
INFO:root:10859:Getting tiny MUSes, distance 1, for 97 puzlits, 1 repeats
INFO:root:10894:Chunked 97 in [7, 6, 6, 6, 6, 6, 6, 6, 6, 6, 6, 6, 6, 6, 6, 6]
INFO:root:10915:XX found first (3, 1) is not 6 1
INFO:root:10915:XX found first (2, 1) is not 4 1
INFO:root:10915:XX found first (3, 2) is not 6 1
INFO:root:10915:XX found first (8, 1) is not 6 1
INFO:root:10915:XX found first (1, 7) is not 4 1
INFO:root:10927:Early exit from checkSmall1
INFO:root:10935:Starting Step 12
INFO:root:11480:Current state [[[[1, 2, 4], [7], [1, 2], [9], [5], [3], [1, 2], [6], [8]], [[6], [8], [9], [1], [7], [2], [4], [3], [5]], [[1, 2, 3, 4], [1, 2, 3, 4], [5], [8], [4, 6], [4, 6], [7], [1, 2], [9]], [[3, 4, 5], [3, 4, 5], [7], [2], [8], [5, 6], [3, 6], [9], [1]], [[9], [2, 3, 5], [6], [3, 5], [1], [7], [8], [4], [2, 3]], [[8], [1, 2, 3], [1, 2, 3], [4], [3, 6], [9], [5], [7], [2, 3, 6]], [[7], [1, 2, 3, 5, 6], [4], [3, 5], [2, 3], [1, 5], [9], [8], [2, 3, 6]], [[1, 2, 3, 5], [1, 2, 3, 5, 6], [1, 2, 3], [7], [9], [8], [1, 2, 3, 6], [1, 2], [4]], [[1, 2, 3], [9], [8], [6], [2, 3, 4], [1, 4], [1, 2, 3], [5], [7]]]]
INFO:root:11481:Doing checkSmall1
INFO:root:11481:Getting tiny MUSes, distance 1, for 92 puzlits, 1 repeats
INFO:root:11517:Chunked 92 in [6, 6, 6, 6, 6, 6, 6, 6, 6, 6, 6, 6, 5, 5, 5, 5]
INFO:root:11537:XX found first (1, 1) is 4 1
INFO:root:11549:Early exit from checkSmall1
INFO:root:11560:Starting Step 13
INFO:root:12097:Current state [[[[4], [7], [1, 2], [9], [5], [3], [1, 2], [6], [8]], [[6], [8], [9], [1], [7], [2], [4], [3], [5]], [[1, 2, 3, 4], [1, 2, 3, 4], [5], [8], [4, 6], [4, 6], [7], [1, 2], [9]], [[3, 4, 5], [3, 4, 5], [7], [2], [8], [5, 6], [3, 6], [9], [1]], [[9], [2, 3, 5], [6], [3, 5], [1], [7], [8], [4], [2, 3]], [[8], [1, 2, 3], [1, 2, 3], [4], [3, 6], [9], [5], [7], [2, 3, 6]], [[7], [1, 2, 3, 5, 6], [4], [3, 5], [2, 3], [1, 5], [9], [8], [2, 3, 6]], [[1, 2, 3, 5], [1, 2, 3, 5, 6], [1, 2, 3], [7], [9], [8], [1, 2, 3, 6], [1, 2], [4]], [[1, 2, 3], [9], [8], [6], [2, 3, 4], [1, 4], [1, 2, 3], [5], [7]]]]
INFO:root:12097:Doing checkSmall1
INFO:root:12097:Getting tiny MUSes, distance 1, for 91 puzlits, 1 repeats
INFO:root:12132:Chunked 91 in [6, 6, 6, 6, 6, 6, 6, 6, 6, 6, 6, 5, 5, 5, 5, 5]
INFO:root:12156:XX found first (1, 1) is not 2 1
INFO:root:12156:XX found first (4, 1) is not 4 1
INFO:root:12156:XX found first (3, 2) is not 4 1
INFO:root:12156:XX found first (1, 1) is not 1 1
INFO:root:12156:XX found first (3, 1) is not 4 1
INFO:root:12168:Early exit from checkSmall1
INFO:root:12176:Starting Step 14
INFO:root:12715:Current state [[[[4], [7], [1, 2], [9], [5], [3], [1, 2], [6], [8]], [[6], [8], [9], [1], [7], [2], [4], [3], [5]], [[1, 2, 3], [1, 2, 3], [5], [8], [4, 6], [4, 6], [7], [1, 2], [9]], [[3, 5], [3, 4, 5], [7], [2], [8], [5, 6], [3, 6], [9], [1]], [[9], [2, 3, 5], [6], [3, 5], [1], [7], [8], [4], [2, 3]], [[8], [1, 2, 3], [1, 2, 3], [4], [3, 6], [9], [5], [7], [2, 3, 6]], [[7], [1, 2, 3, 5, 6], [4], [3, 5], [2, 3], [1, 5], [9], [8], [2, 3, 6]], [[1, 2, 3, 5], [1, 2, 3, 5, 6], [1, 2, 3], [7], [9], [8], [1, 2, 3, 6], [1, 2], [4]], [[1, 2, 3], [9], [8], [6], [2, 3, 4], [1, 4], [1, 2, 3], [5], [7]]]]
INFO:root:12715:Doing checkSmall1
INFO:root:12715:Getting tiny MUSes, distance 1, for 86 puzlits, 1 repeats
INFO:root:12750:Chunked 86 in [6, 6, 6, 6, 6, 6, 5, 5, 5, 5, 5, 5, 5, 5, 5, 5]
INFO:root:12772:XX found first (4, 2) is 4 1
INFO:root:12784:Early exit from checkSmall1
INFO:root:12795:Starting Step 15
INFO:root:13332:Current state [[[[4], [7], [1, 2], [9], [5], [3], [1, 2], [6], [8]], [[6], [8], [9], [1], [7], [2], [4], [3], [5]], [[1, 2, 3], [1, 2, 3], [5], [8], [4, 6], [4, 6], [7], [1, 2], [9]], [[3, 5], [4], [7], [2], [8], [5, 6], [3, 6], [9], [1]], [[9], [2, 3, 5], [6], [3, 5], [1], [7], [8], [4], [2, 3]], [[8], [1, 2, 3], [1, 2, 3], [4], [3, 6], [9], [5], [7], [2, 3, 6]], [[7], [1, 2, 3, 5, 6], [4], [3, 5], [2, 3], [1, 5], [9], [8], [2, 3, 6]], [[1, 2, 3, 5], [1, 2, 3, 5, 6], [1, 2, 3], [7], [9], [8], [1, 2, 3, 6], [1, 2], [4]], [[1, 2, 3], [9], [8], [6], [2, 3, 4], [1, 4], [1, 2, 3], [5], [7]]]]
INFO:root:13332:Doing checkSmall1
INFO:root:13332:Getting tiny MUSes, distance 1, for 85 puzlits, 1 repeats
INFO:root:13367:Chunked 85 in [6, 6, 6, 6, 6, 5, 5, 5, 5, 5, 5, 5, 5, 5, 5, 5]
INFO:root:13390:XX found first (4, 2) is not 3 1
INFO:root:13390:XX found first (4, 2) is not 5 1
INFO:root:13402:Early exit from checkSmall1
INFO:root:13411:Starting Step 16
INFO:root:13950:Current state [[[[4], [7], [1, 2], [9], [5], [3], [1, 2], [6], [8]], [[6], [8], [9], [1], [7], [2], [4], [3], [5]], [[1, 2, 3], [1, 2, 3], [5], [8], [4, 6], [4, 6], [7], [1, 2], [9]], [[3, 5], [4], [7], [2], [8], [5, 6], [3, 6], [9], [1]], [[9], [2, 3, 5], [6], [3, 5], [1], [7], [8], [4], [2, 3]], [[8], [1, 2, 3], [1, 2, 3], [4], [3, 6], [9], [5], [7], [2, 3, 6]], [[7], [1, 2, 3, 5, 6], [4], [3, 5], [2, 3], [1, 5], [9], [8], [2, 3, 6]], [[1, 2, 3, 5], [1, 2, 3, 5, 6], [1, 2, 3], [7], [9], [8], [1, 2, 3, 6], [1, 2], [4]], [[1, 2, 3], [9], [8], [6], [2, 3, 4], [1, 4], [1, 2, 3], [5], [7]]]]
INFO:root:13951:Doing checkSmall1
INFO:root:13951:Getting tiny MUSes, distance 1, for 83 puzlits, 1 repeats
INFO:root:13986:Chunked 83 in [6, 6, 6, 5, 5, 5, 5, 5, 5, 5, 5, 5, 5, 5, 5, 5]
INFO:root:14053:Considering 100 * 83 jobs for minsize=3
INFO:root:14069:Chunked 8300 in [519, 519, 519, 519, 519, 519, 519, 519, 519, 519, 519, 519, 518, 518, 518, 518]
INFO:root:21504:Considering 100 * 83 jobs for minsize=4
INFO:root:21575:Chunked 8300 in [519, 519, 519, 519, 519, 519, 519, 519, 519, 519, 519, 519, 518, 518, 518, 518]
INFO:root:31565:!! Found smaller !!!! 3 4
INFO:root:31566:XX found first (7, 9) is not 2 3
INFO:root:31566:!! Found smaller !!!! 3 4
INFO:root:31566:XX add new best (7, 9) is not 2 3 3
INFO:root:31566:!! Found smaller !!!! 3 4
INFO:root:31566:XX found first (7, 2) is not 5 3
INFO:root:31566:!! Found smaller !!!! 3 4
INFO:root:31566:XX add new best (7, 2) is not 5 3 3
INFO:root:31566:!! Found smaller !!!! 3 4
INFO:root:31566:XX add new best (7, 9) is not 2 3 3
INFO:root:31566:!! Found smaller !!!! 3 4
INFO:root:31566:XX add new best (7, 2) is not 5 3 3
INFO:root:31566:!! Found smaller !!!! 3 4
INFO:root:31566:XX add new best (7, 2) is not 5 3 3
INFO:root:31567:!! Found smaller !!!! 3 4
INFO:root:31567:XX add new best (7, 9) is not 2 3 3
INFO:root:31567:!! Found smaller !!!! 3 4
INFO:root:31567:XX add new best (7, 2) is not 5 3 3
INFO:root:31567:!! Found smaller !!!! 3 4
INFO:root:31567:XX add new best (7, 2) is not 5 3 3
INFO:root:31567:!! Found smaller !!!! 3 4
INFO:root:31567:XX add new best (7, 2) is not 5 3 3
INFO:root:31567:!! Found smaller !!!! 3 4
INFO:root:31567:XX add new best (7, 9) is not 2 3 3
INFO:root:31567:!! Found smaller !!!! 3 4
INFO:root:31567:XX add new best (7, 9) is not 2 3 3
INFO:root:31567:!! Found smaller !!!! 3 4
INFO:root:31567:XX add new best (7, 2) is not 5 3 3
INFO:root:31567:!! Found smaller !!!! 3 4
INFO:root:31567:XX add new best (7, 2) is not 5 3 3
INFO:root:31567:!! Found smaller !!!! 3 4
INFO:root:31568:XX add new best (7, 2) is not 5 3 3
INFO:root:31568:!! Found smaller !!!! 3 4
INFO:root:31568:XX add new best (7, 9) is not 2 3 3
INFO:root:31568:!! Found smaller !!!! 3 4
INFO:root:31568:XX add new best (7, 2) is not 5 3 3
INFO:root:31568:!! Found smaller !!!! 3 4
INFO:root:31568:XX add new best (7, 2) is not 5 3 3
INFO:root:31568:!! Found smaller !!!! 3 4
INFO:root:31568:XX add new best (7, 2) is not 5 3 3
INFO:root:31568:!! Found smaller !!!! 3 4
INFO:root:31568:XX add new best (7, 2) is not 5 3 3
INFO:root:31568:!! Found smaller !!!! 3 4
INFO:root:31568:XX add new best (7, 9) is not 2 3 3
INFO:root:31568:!! Found smaller !!!! 3 4
INFO:root:31568:XX add new best (7, 2) is not 5 3 3
INFO:root:31568:!! Found smaller !!!! 3 4
INFO:root:31568:XX add new best (7, 9) is not 2 3 3
INFO:root:31569:!! Found smaller !!!! 3 4
INFO:root:31569:XX add new best (7, 9) is not 2 3 3
INFO:root:31569:!! Found smaller !!!! 3 4
INFO:root:31569:XX add new best (7, 2) is not 5 3 3
INFO:root:31569:!! Found smaller !!!! 3 4
INFO:root:31569:XX add new best (7, 9) is not 2 3 3
INFO:root:31569:!! Found smaller !!!! 3 4
INFO:root:31569:XX add new best (7, 2) is not 5 3 3
INFO:root:31569:!! Found smaller !!!! 3 4
INFO:root:31569:XX add new best (7, 2) is not 5 3 3
INFO:root:31569:!! Found smaller !!!! 3 4
INFO:root:31569:XX add new best (7, 2) is not 5 3 3
INFO:root:31569:!! Found smaller !!!! 3 4
INFO:root:31569:XX add new best (7, 2) is not 5 3 3
INFO:root:31570:!! Found smaller !!!! 3 4
INFO:root:31570:XX add new best (7, 2) is not 5 3 3
INFO:root:31570:!! Found smaller !!!! 3 4
INFO:root:31570:XX add new best (7, 9) is not 2 3 3
INFO:root:31570:!! Found smaller !!!! 3 4
INFO:root:31570:XX add new best (7, 2) is not 5 3 3
INFO:root:31570:!! Found smaller !!!! 3 4
INFO:root:31570:XX add new best (7, 9) is not 2 3 3
INFO:root:31570:!! Found smaller !!!! 3 4
INFO:root:31570:XX add new best (7, 9) is not 2 3 3
INFO:root:31570:!! Found smaller !!!! 3 4
INFO:root:31570:XX add new best (7, 2) is not 5 3 3
INFO:root:31570:!! Found smaller !!!! 3 4
INFO:root:31570:XX add new best (7, 2) is not 5 3 3
INFO:root:31570:!! Found smaller !!!! 3 4
INFO:root:31570:XX add new best (7, 2) is not 5 3 3
INFO:root:31570:!! Found smaller !!!! 3 4
INFO:root:31571:XX add new best (7, 9) is not 2 3 3
INFO:root:31571:!! Found smaller !!!! 3 4
INFO:root:31571:XX add new best (7, 2) is not 5 3 3
INFO:root:31571:!! Found smaller !!!! 3 4
INFO:root:31571:XX add new best (7, 9) is not 2 3 3
INFO:root:31571:!! Found smaller !!!! 3 4
INFO:root:31571:XX add new best (7, 9) is not 2 3 3
INFO:root:31571:!! Found smaller !!!! 3 4
INFO:root:31571:XX add new best (7, 2) is not 5 3 3
INFO:root:31571:!! Found smaller !!!! 3 4
INFO:root:31571:XX add new best (7, 2) is not 5 3 3
INFO:root:31571:!! Found smaller !!!! 3 4
INFO:root:31571:XX add new best (7, 2) is not 5 3 3
INFO:root:31571:!! Found smaller !!!! 3 4
INFO:root:31571:XX add new best (7, 2) is not 5 3 3
INFO:root:31571:!! Found smaller !!!! 3 4
INFO:root:31571:XX add new best (7, 2) is not 5 3 3
INFO:root:31572:!! Found smaller !!!! 3 4
INFO:root:31572:XX add new best (7, 2) is not 5 3 3
INFO:root:31572:!! Found smaller !!!! 3 4
INFO:root:31572:XX add new best (7, 2) is not 5 3 3
INFO:root:31572:!! Found smaller !!!! 3 4
INFO:root:31572:XX add new best (7, 2) is not 5 3 3
INFO:root:31572:!! Found smaller !!!! 3 4
INFO:root:31572:XX add new best (7, 9) is not 2 3 3
INFO:root:31572:!! Found smaller !!!! 3 4
INFO:root:31572:XX add new best (7, 2) is not 5 3 3
INFO:root:31572:!! Found smaller !!!! 3 4
INFO:root:31572:XX add new best (7, 2) is not 5 3 3
INFO:root:31572:!! Found smaller !!!! 3 4
INFO:root:31572:XX add new best (7, 2) is not 5 3 3
INFO:root:31572:!! Found smaller !!!! 3 4
INFO:root:31572:XX add new best (7, 2) is not 5 3 3
INFO:root:31572:!! Found smaller !!!! 3 4
INFO:root:31573:XX add new best (7, 2) is not 5 3 3
INFO:root:31573:!! Found smaller !!!! 3 4
INFO:root:31573:XX add new best (7, 2) is not 5 3 3
INFO:root:31573:!! Found smaller !!!! 3 4
INFO:root:31573:XX add new best (7, 9) is not 2 3 3
INFO:root:31573:!! Found smaller !!!! 3 4
INFO:root:31573:XX add new best (7, 2) is not 5 3 3
INFO:root:31573:!! Found smaller !!!! 3 4
INFO:root:31573:XX add new best (7, 2) is not 5 3 3
INFO:root:31573:!! Found smaller !!!! 3 4
INFO:root:31573:XX add new best (7, 2) is not 5 3 3
INFO:root:31573:!! Found smaller !!!! 3 4
INFO:root:31573:XX add new best (7, 9) is not 2 3 3
INFO:root:31573:!! Found smaller !!!! 3 4
INFO:root:31573:XX add new best (7, 2) is not 5 3 3
INFO:root:31573:!! Found smaller !!!! 3 4
INFO:root:31573:XX add new best (7, 9) is not 2 3 3
INFO:root:31660:Minimal choices : 2 [(7, 2) is not 5, (7, 9) is not 2]
INFO:root:31660:Starting Step 17
INFO:root:32203:Current state [[[[4], [7], [1, 2], [9], [5], [3], [1, 2], [6], [8]], [[6], [8], [9], [1], [7], [2], [4], [3], [5]], [[1, 2, 3], [1, 2, 3], [5], [8], [4, 6], [4, 6], [7], [1, 2], [9]], [[3, 5], [4], [7], [2], [8], [5, 6], [3, 6], [9], [1]], [[9], [2, 3, 5], [6], [3, 5], [1], [7], [8], [4], [2, 3]], [[8], [1, 2, 3], [1, 2, 3], [4], [3, 6], [9], [5], [7], [2, 3, 6]], [[7], [1, 2, 3, 5, 6], [4], [3, 5], [2, 3], [1, 5], [9], [8], [2, 3, 6]], [[1, 2, 3, 5], [1, 2, 3, 5, 6], [1, 2, 3], [7], [9], [8], [1, 2, 6], [1, 2], [4]], [[1, 2, 3], [9], [8], [6], [2, 3, 4], [1, 4], [1, 2, 3], [5], [7]]]]
INFO:root:32203:Doing checkSmall1
INFO:root:32203:Getting tiny MUSes, distance 1, for 82 puzlits, 1 repeats
INFO:root:32240:Chunked 82 in [6, 6, 5, 5, 5, 5, 5, 5, 5, 5, 5, 5, 5, 5, 5, 5]
INFO:root:32307:Chunked 65 in [5, 4, 4, 4, 4, 4, 4, 4, 4, 4, 4, 4, 4, 4, 4, 4]
INFO:root:32340:XX found first (7, 9) is not 2 3
INFO:root:32340:XX found first (7, 2) is not 5 3
INFO:root:32340:XX add new best (7, 2) is not 5 3 3
INFO:root:32340:XX add new best (7, 9) is not 2 3 3
INFO:root:32340:XX add new best (7, 9) is not 2 3 3
INFO:root:32340:XX add new best (7, 9) is not 2 3 3
INFO:root:32340:XX add new best (7, 9) is not 2 3 3
INFO:root:32340:XX add new best (7, 9) is not 2 3 3
INFO:root:32340:XX add new best (7, 2) is not 5 3 3
INFO:root:32340:XX add new best (7, 9) is not 2 3 3
INFO:root:32340:XX add new best (7, 2) is not 5 3 3
INFO:root:32340:XX add new best (7, 2) is not 5 3 3
INFO:root:32340:XX add new best (7, 2) is not 5 3 3
INFO:root:32341:XX add new best (7, 9) is not 2 3 3
INFO:root:32341:XX add new best (7, 2) is not 5 3 3
INFO:root:32341:XX add new best (7, 2) is not 5 3 3
INFO:root:32341:XX add new best (7, 2) is not 5 3 3
INFO:root:32341:XX add new best (7, 2) is not 5 3 3
INFO:root:32341:XX add new best (7, 2) is not 5 3 3
INFO:root:32341:XX add new best (7, 2) is not 5 3 3
INFO:root:32341:XX add new best (7, 2) is not 5 3 3
INFO:root:32341:XX add new best (7, 2) is not 5 3 3
INFO:root:32341:XX add new best (7, 2) is not 5 3 3
INFO:root:32341:XX add new best (7, 2) is not 5 3 3
INFO:root:32341:XX add new best (7, 9) is not 2 3 3
INFO:root:32341:XX add new best (7, 2) is not 5 3 3
INFO:root:32341:XX add new best (7, 2) is not 5 3 3
INFO:root:32341:XX add new best (7, 2) is not 5 3 3
INFO:root:32342:XX add new best (7, 2) is not 5 3 3
INFO:root:32342:XX add new best (7, 2) is not 5 3 3
INFO:root:32342:XX add new best (7, 2) is not 5 3 3
INFO:root:32342:XX add new best (7, 9) is not 2 3 3
INFO:root:32342:XX add new best (7, 2) is not 5 3 3
INFO:root:32342:XX add new best (7, 9) is not 2 3 3
INFO:root:32342:XX add new best (7, 2) is not 5 3 3
INFO:root:32342:XX add new best (7, 2) is not 5 3 3
INFO:root:32342:XX add new best (7, 2) is not 5 3 3
INFO:root:32342:XX add new best (7, 2) is not 5 3 3
INFO:root:32342:XX add new best (7, 2) is not 5 3 3
INFO:root:32342:XX add new best (7, 2) is not 5 3 3
INFO:root:32342:XX add new best (7, 9) is not 2 3 3
INFO:root:32342:XX add new best (7, 2) is not 5 3 3
INFO:root:32342:XX add new best (7, 2) is not 5 3 3
INFO:root:32343:XX add new best (7, 2) is not 5 3 3
INFO:root:32343:XX add new best (7, 2) is not 5 3 3
INFO:root:32343:XX add new best (7, 9) is not 2 3 3
INFO:root:32343:XX add new best (7, 2) is not 5 3 3
INFO:root:32343:XX add new best (7, 2) is not 5 3 3
INFO:root:32343:XX add new best (7, 2) is not 5 3 3
INFO:root:32343:XX add new best (7, 9) is not 2 3 3
INFO:root:32343:XX add new best (7, 2) is not 5 3 3
INFO:root:32343:XX add new best (7, 9) is not 2 3 3
INFO:root:32343:XX add new best (7, 2) is not 5 3 3
INFO:root:32343:XX add new best (7, 9) is not 2 3 3
INFO:root:32343:XX add new best (7, 2) is not 5 3 3
INFO:root:32343:XX add new best (7, 2) is not 5 3 3
INFO:root:32343:XX add new best (7, 9) is not 2 3 3
INFO:root:32343:XX add new best (7, 9) is not 2 3 3
INFO:root:32344:XX add new best (7, 9) is not 2 3 3
INFO:root:32344:XX add new best (7, 2) is not 5 3 3
INFO:root:32344:XX add new best (7, 2) is not 5 3 3
INFO:root:32344:XX add new best (7, 9) is not 2 3 3
INFO:root:32344:XX add new best (7, 2) is not 5 3 3
INFO:root:32344:XX add new best (7, 9) is not 2 3 3
INFO:root:32344:XX add new best (7, 2) is not 5 3 3
INFO:root:32391:Considering 100 * 82 jobs for minsize=3
INFO:root:32409:Chunked 8200 in [513, 513, 513, 513, 513, 513, 513, 513, 512, 512, 512, 512, 512, 512, 512, 512]
INFO:root:39861:Minimal choices : 2 [(7, 2) is not 5, (7, 9) is not 2]
INFO:root:39862:Starting Step 18
INFO:root:40405:Current state [[[[4], [7], [1, 2], [9], [5], [3], [1, 2], [6], [8]], [[6], [8], [9], [1], [7], [2], [4], [3], [5]], [[1, 2, 3], [1, 2, 3], [5], [8], [4, 6], [4, 6], [7], [1, 2], [9]], [[3, 5], [4], [7], [2], [8], [5, 6], [3, 6], [9], [1]], [[9], [2, 3, 5], [6], [3, 5], [1], [7], [8], [4], [2]], [[8], [1, 2, 3], [1, 2, 3], [4], [3, 6], [9], [5], [7], [2, 3, 6]], [[7], [1, 2, 3, 5, 6], [4], [3, 5], [2, 3], [1, 5], [9], [8], [2, 3, 6]], [[1, 2, 3, 5], [1, 2, 3, 5, 6], [1, 2, 3], [7], [9], [8], [1, 2, 6], [1, 2], [4]], [[1, 2, 3], [9], [8], [6], [2, 3, 4], [1, 4], [1, 2, 3], [5], [7]]]]
INFO:root:40405:Doing checkSmall1
INFO:root:40405:Getting tiny MUSes, distance 1, for 81 puzlits, 1 repeats
INFO:root:40442:Chunked 81 in [6, 5, 5, 5, 5, 5, 5, 5, 5, 5, 5, 5, 5, 5, 5, 5]
INFO:root:40462:XX found first (5, 9) is 2 1
INFO:root:40475:Early exit from checkSmall1
INFO:root:40486:Starting Step 19
INFO:root:41035:Current state [[[[4], [7], [1, 2], [9], [5], [3], [1, 2], [6], [8]], [[6], [8], [9], [1], [7], [2], [4], [3], [5]], [[1, 2, 3], [1, 2, 3], [5], [8], [4, 6], [4, 6], [7], [1, 2], [9]], [[3, 5], [4], [7], [2], [8], [5, 6], [3, 6], [9], [1]], [[9], [2, 3, 5], [6], [3, 5], [1], [7], [8], [4], [2]], [[8], [1, 2, 3], [1, 2, 3], [4], [3, 6], [9], [5], [7], [2, 3, 6]], [[7], [1, 2, 3, 5, 6], [4], [3, 5], [2, 3], [1, 5], [9], [8], [2, 3, 6]], [[1, 2, 3, 5], [1, 2, 3, 5, 6], [1, 2, 3], [7], [9], [8], [1, 2, 6], [1, 2], [4]], [[1, 2, 3], [9], [8], [6], [2, 3, 4], [1, 4], [1, 2, 3], [5], [7]]]]
INFO:root:41035:Doing checkSmall1
INFO:root:41035:Getting tiny MUSes, distance 1, for 80 puzlits, 1 repeats
INFO:root:41072:Chunked 80 in [5, 5, 5, 5, 5, 5, 5, 5, 5, 5, 5, 5, 5, 5, 5, 5]
INFO:root:41093:XX found first (5, 2) is not 2 1
INFO:root:41093:XX found first (6, 9) is not 2 1
INFO:root:41093:XX found first (7, 9) is not 2 1
INFO:root:41106:Early exit from checkSmall1
INFO:root:41114:Starting Step 20
INFO:root:41659:Current state [[[[4], [7], [1, 2], [9], [5], [3], [1, 2], [6], [8]], [[6], [8], [9], [1], [7], [2], [4], [3], [5]], [[1, 2, 3], [1, 2, 3], [5], [8], [4, 6], [4, 6], [7], [1, 2], [9]], [[3, 5], [4], [7], [2], [8], [5, 6], [3, 6], [9], [1]], [[9], [3, 5], [6], [3, 5], [1], [7], [8], [4], [2]], [[8], [1, 2, 3], [1, 2, 3], [4], [3, 6], [9], [5], [7], [3, 6]], [[7], [1, 2, 3, 5, 6], [4], [3, 5], [2, 3], [1, 5], [9], [8], [3, 6]], [[1, 2, 3, 5], [1, 2, 3, 5, 6], [1, 2, 3], [7], [9], [8], [1, 2, 6], [1, 2], [4]], [[1, 2, 3], [9], [8], [6], [2, 3, 4], [1, 4], [1, 2, 3], [5], [7]]]]
INFO:root:41659:Doing checkSmall1
INFO:root:41659:Getting tiny MUSes, distance 1, for 77 puzlits, 1 repeats
INFO:root:41695:Chunked 77 in [5, 5, 5, 5, 5, 5, 5, 5, 5, 5, 5, 5, 5, 4, 4, 4]
INFO:root:41762:Chunked 44 in [3, 3, 3, 3, 3, 3, 3, 3, 3, 3, 3, 3, 2, 2, 2, 2]
INFO:root:41788:XX found first (7, 2) is not 5 3
INFO:root:41789:XX add new best (7, 2) is not 5 3 3
INFO:root:41789:XX add new best (7, 2) is not 5 3 3
INFO:root:41789:XX add new best (7, 2) is not 5 3 3
INFO:root:41789:XX add new best (7, 2) is not 5 3 3
INFO:root:41789:XX add new best (7, 2) is not 5 3 3
INFO:root:41789:XX add new best (7, 2) is not 5 3 3
INFO:root:41789:XX add new best (7, 2) is not 5 3 3
INFO:root:41789:XX add new best (7, 2) is not 5 3 3
INFO:root:41789:XX add new best (7, 2) is not 5 3 3
INFO:root:41789:XX add new best (7, 2) is not 5 3 3
INFO:root:41789:XX add new best (7, 2) is not 5 3 3
INFO:root:41789:XX add new best (7, 2) is not 5 3 3
INFO:root:41789:XX add new best (7, 2) is not 5 3 3
INFO:root:41790:XX add new best (7, 2) is not 5 3 3
INFO:root:41790:XX add new best (7, 2) is not 5 3 3
INFO:root:41790:XX add new best (7, 2) is not 5 3 3
INFO:root:41790:XX add new best (7, 2) is not 5 3 3
INFO:root:41790:XX add new best (7, 2) is not 5 3 3
INFO:root:41790:XX add new best (7, 2) is not 5 3 3
INFO:root:41790:XX add new best (7, 2) is not 5 3 3
INFO:root:41790:XX add new best (7, 2) is not 5 3 3
INFO:root:41790:XX add new best (7, 2) is not 5 3 3
INFO:root:41790:XX add new best (7, 2) is not 5 3 3
INFO:root:41790:XX add new best (7, 2) is not 5 3 3
INFO:root:41790:XX add new best (7, 2) is not 5 3 3
INFO:root:41790:XX add new best (7, 2) is not 5 3 3
INFO:root:41791:XX add new best (7, 2) is not 5 3 3
INFO:root:41791:XX add new best (7, 2) is not 5 3 3
INFO:root:41791:XX add new best (7, 2) is not 5 3 3
INFO:root:41791:XX add new best (7, 2) is not 5 3 3
INFO:root:41791:XX add new best (7, 2) is not 5 3 3
INFO:root:41791:XX add new best (7, 2) is not 5 3 3
INFO:root:41791:XX add new best (7, 2) is not 5 3 3
INFO:root:41791:XX add new best (7, 2) is not 5 3 3
INFO:root:41791:XX add new best (7, 2) is not 5 3 3
INFO:root:41791:XX add new best (7, 2) is not 5 3 3
INFO:root:41791:XX add new best (7, 2) is not 5 3 3
INFO:root:41791:XX add new best (7, 2) is not 5 3 3
INFO:root:41791:XX add new best (7, 2) is not 5 3 3
INFO:root:41791:XX add new best (7, 2) is not 5 3 3
INFO:root:41791:XX add new best (7, 2) is not 5 3 3
INFO:root:41792:XX add new best (7, 2) is not 5 3 3
INFO:root:41792:XX add new best (7, 2) is not 5 3 3
INFO:root:41840:Considering 100 * 77 jobs for minsize=3
INFO:root:41856:Chunked 7700 in [482, 482, 482, 482, 481, 481, 481, 481, 481, 481, 481, 481, 481, 481, 481, 481]
INFO:root:49088:Minimal choices : 1 [(7, 2) is not 5]
INFO:root:49088:Starting Step 21
INFO:root:49630:Current state [[[[4], [7], [1, 2], [9], [5], [3], [1, 2], [6], [8]], [[6], [8], [9], [1], [7], [2], [4], [3], [5]], [[1, 2, 3], [1, 2, 3], [5], [8], [4, 6], [4, 6], [7], [1, 2], [9]], [[3, 5], [4], [7], [2], [8], [5, 6], [3, 6], [9], [1]], [[9], [3, 5], [6], [3, 5], [1], [7], [8], [4], [2]], [[8], [1, 2], [1, 2, 3], [4], [3, 6], [9], [5], [7], [3, 6]], [[7], [1, 2, 3, 5, 6], [4], [3, 5], [2, 3], [1, 5], [9], [8], [3, 6]], [[1, 2, 3, 5], [1, 2, 3, 5, 6], [1, 2, 3], [7], [9], [8], [1, 2, 6], [1, 2], [4]], [[1, 2, 3], [9], [8], [6], [2, 3, 4], [1, 4], [1, 2, 3], [5], [7]]]]
INFO:root:49630:Doing checkSmall1
INFO:root:49630:Getting tiny MUSes, distance 1, for 76 puzlits, 1 repeats
INFO:root:49667:Chunked 76 in [5, 5, 5, 5, 5, 5, 5, 5, 5, 5, 5, 5, 4, 4, 4, 4]
INFO:root:49736:Chunked 44 in [3, 3, 3, 3, 3, 3, 3, 3, 3, 3, 3, 3, 2, 2, 2, 2]
INFO:root:49762:XX found first (7, 2) is not 5 3
INFO:root:49762:XX add new best (7, 2) is not 5 3 3
INFO:root:49762:XX add new best (7, 2) is not 5 3 3
INFO:root:49762:XX add new best (7, 2) is not 5 3 3
INFO:root:49762:XX add new best (7, 2) is not 5 3 3
INFO:root:49762:XX add new best (7, 2) is not 5 3 3
INFO:root:49762:XX add new best (7, 2) is not 5 3 3
INFO:root:49762:XX add new best (7, 2) is not 5 3 3
INFO:root:49762:XX add new best (7, 2) is not 5 3 3
INFO:root:49762:XX add new best (7, 2) is not 5 3 3
INFO:root:49762:XX add new best (7, 2) is not 5 3 3
INFO:root:49763:XX add new best (7, 2) is not 5 3 3
INFO:root:49763:XX add new best (7, 2) is not 5 3 3
INFO:root:49763:XX add new best (7, 2) is not 5 3 3
INFO:root:49763:XX add new best (7, 2) is not 5 3 3
INFO:root:49763:XX add new best (7, 2) is not 5 3 3
INFO:root:49763:XX add new best (7, 2) is not 5 3 3
INFO:root:49763:XX add new best (7, 2) is not 5 3 3
INFO:root:49763:XX add new best (7, 2) is not 5 3 3
INFO:root:49763:XX add new best (7, 2) is not 5 3 3
INFO:root:49763:XX add new best (7, 2) is not 5 3 3
INFO:root:49763:XX add new best (7, 2) is not 5 3 3
INFO:root:49763:XX add new best (7, 2) is not 5 3 3
INFO:root:49763:XX add new best (7, 2) is not 5 3 3
INFO:root:49763:XX add new best (7, 2) is not 5 3 3
INFO:root:49764:XX add new best (7, 2) is not 5 3 3
INFO:root:49764:XX add new best (7, 2) is not 5 3 3
INFO:root:49764:XX add new best (7, 2) is not 5 3 3
INFO:root:49764:XX add new best (7, 2) is not 5 3 3
INFO:root:49764:XX add new best (7, 2) is not 5 3 3
INFO:root:49764:XX add new best (7, 2) is not 5 3 3
INFO:root:49764:XX add new best (7, 2) is not 5 3 3
INFO:root:49764:XX add new best (7, 2) is not 5 3 3
INFO:root:49764:XX add new best (7, 2) is not 5 3 3
INFO:root:49764:XX add new best (7, 2) is not 5 3 3
INFO:root:49764:XX add new best (7, 2) is not 5 3 3
INFO:root:49764:XX add new best (7, 2) is not 5 3 3
INFO:root:49764:XX add new best (7, 2) is not 5 3 3
INFO:root:49765:XX add new best (7, 2) is not 5 3 3
INFO:root:49765:XX add new best (7, 2) is not 5 3 3
INFO:root:49765:XX add new best (7, 2) is not 5 3 3
INFO:root:49765:XX add new best (7, 2) is not 5 3 3
INFO:root:49765:XX add new best (7, 2) is not 5 3 3
INFO:root:49765:XX add new best (7, 2) is not 5 3 3
INFO:root:49814:Considering 100 * 76 jobs for minsize=3
INFO:root:49830:Chunked 7600 in [475, 475, 475, 475, 475, 475, 475, 475, 475, 475, 475, 475, 475, 475, 475, 475]
INFO:root:57072:Minimal choices : 1 [(7, 2) is not 5]
INFO:root:57073:Starting Step 22
INFO:root:57618:Current state [[[[4], [7], [1, 2], [9], [5], [3], [1, 2], [6], [8]], [[6], [8], [9], [1], [7], [2], [4], [3], [5]], [[1, 2, 3], [1, 2, 3], [5], [8], [4, 6], [4, 6], [7], [1, 2], [9]], [[3, 5], [4], [7], [2], [8], [5, 6], [3, 6], [9], [1]], [[9], [3, 5], [6], [3, 5], [1], [7], [8], [4], [2]], [[8], [1, 2], [1, 2], [4], [3, 6], [9], [5], [7], [3, 6]], [[7], [1, 2, 3, 5, 6], [4], [3, 5], [2, 3], [1, 5], [9], [8], [3, 6]], [[1, 2, 3, 5], [1, 2, 3, 5, 6], [1, 2, 3], [7], [9], [8], [1, 2, 6], [1, 2], [4]], [[1, 2, 3], [9], [8], [6], [2, 3, 4], [1, 4], [1, 2, 3], [5], [7]]]]
INFO:root:57618:Doing checkSmall1
INFO:root:57618:Getting tiny MUSes, distance 1, for 75 puzlits, 1 repeats
INFO:root:57655:Chunked 75 in [5, 5, 5, 5, 5, 5, 5, 5, 5, 5, 5, 4, 4, 4, 4, 4]
INFO:root:57675:XX found first (8, 3) is 3 1
INFO:root:57688:Early exit from checkSmall1
INFO:root:57699:Starting Step 23
INFO:root:58247:Current state [[[[4], [7], [1, 2], [9], [5], [3], [1, 2], [6], [8]], [[6], [8], [9], [1], [7], [2], [4], [3], [5]], [[1, 2, 3], [1, 2, 3], [5], [8], [4, 6], [4, 6], [7], [1, 2], [9]], [[3, 5], [4], [7], [2], [8], [5, 6], [3, 6], [9], [1]], [[9], [3, 5], [6], [3, 5], [1], [7], [8], [4], [2]], [[8], [1, 2], [1, 2], [4], [3, 6], [9], [5], [7], [3, 6]], [[7], [1, 2, 3, 5, 6], [4], [3, 5], [2, 3], [1, 5], [9], [8], [3, 6]], [[1, 2, 3, 5], [1, 2, 3, 5, 6], [3], [7], [9], [8], [1, 2, 6], [1, 2], [4]], [[1, 2, 3], [9], [8], [6], [2, 3, 4], [1, 4], [1, 2, 3], [5], [7]]]]
INFO:root:58247:Doing checkSmall1
INFO:root:58247:Getting tiny MUSes, distance 1, for 74 puzlits, 1 repeats
INFO:root:58284:Chunked 74 in [5, 5, 5, 5, 5, 5, 5, 5, 5, 5, 4, 4, 4, 4, 4, 4]
INFO:root:58302:XX found first (8, 1) is not 3 1
INFO:root:58302:XX found first (7, 2) is not 3 1
INFO:root:58302:XX found first (9, 1) is not 3 1
INFO:root:58302:XX found first (8, 2) is not 3 1
INFO:root:58302:XX found first (8, 3) is not 1 1
INFO:root:58302:XX found first (8, 3) is not 2 1
INFO:root:58315:Early exit from checkSmall1
INFO:root:58323:Starting Step 24
INFO:root:58878:Current state [[[[4], [7], [1, 2], [9], [5], [3], [1, 2], [6], [8]], [[6], [8], [9], [1], [7], [2], [4], [3], [5]], [[1, 2, 3], [1, 2, 3], [5], [8], [4, 6], [4, 6], [7], [1, 2], [9]], [[3, 5], [4], [7], [2], [8], [5, 6], [3, 6], [9], [1]], [[9], [3, 5], [6], [3, 5], [1], [7], [8], [4], [2]], [[8], [1, 2], [1, 2], [4], [3, 6], [9], [5], [7], [3, 6]], [[7], [1, 2, 5, 6], [4], [3, 5], [2, 3], [1, 5], [9], [8], [3, 6]], [[1, 2, 5], [1, 2, 5, 6], [3], [7], [9], [8], [1, 2, 6], [1, 2], [4]], [[1, 2], [9], [8], [6], [2, 3, 4], [1, 4], [1, 2, 3], [5], [7]]]]
INFO:root:58878:Doing checkSmall1
INFO:root:58878:Getting tiny MUSes, distance 1, for 68 puzlits, 1 repeats
INFO:root:58914:Chunked 68 in [5, 5, 5, 5, 4, 4, 4, 4, 4, 4, 4, 4, 4, 4, 4, 4]
INFO:root:58982:Chunked 44 in [3, 3, 3, 3, 3, 3, 3, 3, 3, 3, 3, 3, 2, 2, 2, 2]
INFO:root:59010:XX found first (7, 2) is not 5 3
INFO:root:59010:XX add new best (7, 2) is not 5 3 3
INFO:root:59010:XX add new best (7, 2) is not 5 3 3
INFO:root:59010:XX add new best (7, 2) is not 5 3 3
INFO:root:59010:XX add new best (7, 2) is not 5 3 3
INFO:root:59010:XX add new best (7, 2) is not 5 3 3
INFO:root:59010:XX add new best (7, 2) is not 5 3 3
INFO:root:59011:XX add new best (7, 2) is not 5 3 3
INFO:root:59011:XX add new best (7, 2) is not 5 3 3
INFO:root:59011:XX add new best (7, 2) is not 5 3 3
INFO:root:59011:XX add new best (7, 2) is not 5 3 3
INFO:root:59011:XX add new best (7, 2) is not 5 3 3
INFO:root:59011:XX add new best (7, 2) is not 5 3 3
INFO:root:59011:XX add new best (7, 2) is not 5 3 3
INFO:root:59011:XX add new best (7, 2) is not 5 3 3
INFO:root:59011:XX add new best (7, 2) is not 5 3 3
INFO:root:59011:XX add new best (7, 2) is not 5 3 3
INFO:root:59011:XX add new best (7, 2) is not 5 3 3
INFO:root:59011:XX add new best (7, 2) is not 5 3 3
INFO:root:59011:XX add new best (7, 2) is not 5 3 3
INFO:root:59012:XX add new best (7, 2) is not 5 3 3
INFO:root:59012:XX add new best (7, 2) is not 5 3 3
INFO:root:59012:XX add new best (7, 2) is not 5 3 3
INFO:root:59012:XX add new best (7, 2) is not 5 3 3
INFO:root:59012:XX add new best (7, 2) is not 5 3 3
INFO:root:59012:XX add new best (7, 2) is not 5 3 3
INFO:root:59012:XX add new best (7, 2) is not 5 3 3
INFO:root:59012:XX add new best (7, 2) is not 5 3 3
INFO:root:59012:XX add new best (7, 2) is not 5 3 3
INFO:root:59012:XX add new best (7, 2) is not 5 3 3
INFO:root:59012:XX add new best (7, 2) is not 5 3 3
INFO:root:59012:XX add new best (7, 2) is not 5 3 3
INFO:root:59012:XX add new best (7, 2) is not 5 3 3
INFO:root:59012:XX add new best (7, 2) is not 5 3 3
INFO:root:59012:XX add new best (7, 2) is not 5 3 3
INFO:root:59013:XX add new best (7, 2) is not 5 3 3
INFO:root:59013:XX add new best (7, 2) is not 5 3 3
INFO:root:59013:XX add new best (7, 2) is not 5 3 3
INFO:root:59013:XX add new best (7, 2) is not 5 3 3
INFO:root:59013:XX add new best (7, 2) is not 5 3 3
INFO:root:59013:XX add new best (7, 2) is not 5 3 3
INFO:root:59013:XX add new best (7, 2) is not 5 3 3
INFO:root:59013:XX add new best (7, 2) is not 5 3 3
INFO:root:59013:XX add new best (7, 2) is not 5 3 3
INFO:root:59061:Considering 100 * 68 jobs for minsize=3
INFO:root:59077:Chunked 6800 in [425, 425, 425, 425, 425, 425, 425, 425, 425, 425, 425, 425, 425, 425, 425, 425]
INFO:root:65706:Minimal choices : 1 [(7, 2) is not 5]
INFO:root:65707:Starting Step 25
INFO:root:66270:Current state [[[[4], [7], [1, 2], [9], [5], [3], [1, 2], [6], [8]], [[6], [8], [9], [1], [7], [2], [4], [3], [5]], [[1, 2, 3], [1, 2, 3], [5], [8], [4, 6], [4, 6], [7], [1, 2], [9]], [[3, 5], [4], [7], [2], [8], [5, 6], [3, 6], [9], [1]], [[9], [3, 5], [6], [3, 5], [1], [7], [8], [4], [2]], [[8], [1, 2], [1, 2], [4], [3, 6], [9], [5], [7], [3, 6]], [[7], [1, 2, 5, 6], [4], [3, 5], [2, 3], [1, 5], [9], [8], [3, 6]], [[1, 2, 5], [1, 2, 5, 6], [3], [7], [9], [8], [1, 2, 6], [1, 2], [4]], [[1, 2], [9], [8], [6], [2, 4], [1, 4], [1, 2, 3], [5], [7]]]]
INFO:root:66270:Doing checkSmall1
INFO:root:66270:Getting tiny MUSes, distance 1, for 67 puzlits, 1 repeats
INFO:root:66308:Chunked 67 in [5, 5, 5, 4, 4, 4, 4, 4, 4, 4, 4, 4, 4, 4, 4, 4]
INFO:root:66329:XX found first (9, 7) is 3 1
INFO:root:66341:Early exit from checkSmall1
INFO:root:66354:Starting Step 26
INFO:root:66914:Current state [[[[4], [7], [1, 2], [9], [5], [3], [1, 2], [6], [8]], [[6], [8], [9], [1], [7], [2], [4], [3], [5]], [[1, 2, 3], [1, 2, 3], [5], [8], [4, 6], [4, 6], [7], [1, 2], [9]], [[3, 5], [4], [7], [2], [8], [5, 6], [3, 6], [9], [1]], [[9], [3, 5], [6], [3, 5], [1], [7], [8], [4], [2]], [[8], [1, 2], [1, 2], [4], [3, 6], [9], [5], [7], [3, 6]], [[7], [1, 2, 5, 6], [4], [3, 5], [2, 3], [1, 5], [9], [8], [3, 6]], [[1, 2, 5], [1, 2, 5, 6], [3], [7], [9], [8], [1, 2, 6], [1, 2], [4]], [[1, 2], [9], [8], [6], [2, 4], [1, 4], [3], [5], [7]]]]
INFO:root:66915:Doing checkSmall1
INFO:root:66915:Getting tiny MUSes, distance 1, for 66 puzlits, 1 repeats
INFO:root:66952:Chunked 66 in [5, 5, 4, 4, 4, 4, 4, 4, 4, 4, 4, 4, 4, 4, 4, 4]
INFO:root:66970:XX found first (7, 9) is not 3 1
INFO:root:66970:XX found first (9, 7) is not 1 1
INFO:root:66970:XX found first (9, 7) is not 2 1
INFO:root:66970:XX found first (4, 7) is not 3 1
INFO:root:66983:Early exit from checkSmall1
INFO:root:66992:Starting Step 27
INFO:root:67545:Current state [[[[4], [7], [1, 2], [9], [5], [3], [1, 2], [6], [8]], [[6], [8], [9], [1], [7], [2], [4], [3], [5]], [[1, 2, 3], [1, 2, 3], [5], [8], [4, 6], [4, 6], [7], [1, 2], [9]], [[3, 5], [4], [7], [2], [8], [5, 6], [6], [9], [1]], [[9], [3, 5], [6], [3, 5], [1], [7], [8], [4], [2]], [[8], [1, 2], [1, 2], [4], [3, 6], [9], [5], [7], [3, 6]], [[7], [1, 2, 5, 6], [4], [3, 5], [2, 3], [1, 5], [9], [8], [6]], [[1, 2, 5], [1, 2, 5, 6], [3], [7], [9], [8], [1, 2, 6], [1, 2], [4]], [[1, 2], [9], [8], [6], [2, 4], [1, 4], [3], [5], [7]]]]
INFO:root:67545:Doing checkSmall1
INFO:root:67545:Getting tiny MUSes, distance 1, for 62 puzlits, 1 repeats
INFO:root:67581:Chunked 62 in [4, 4, 4, 4, 4, 4, 4, 4, 4, 4, 4, 4, 4, 4, 3, 3]
INFO:root:67598:XX found first (6, 9) is 3 1
INFO:root:67598:XX found first (4, 7) is 6 1
INFO:root:67598:XX found first (7, 9) is 6 1
INFO:root:67598:XX found first (4, 1) is 3 1
INFO:root:67611:Early exit from checkSmall1
INFO:root:67632:Starting Step 28
INFO:root:68197:Current state [[[[4], [7], [1, 2], [9], [5], [3], [1, 2], [6], [8]], [[6], [8], [9], [1], [7], [2], [4], [3], [5]], [[1, 2, 3], [1, 2, 3], [5], [8], [4, 6], [4, 6], [7], [1, 2], [9]], [[3], [4], [7], [2], [8], [5, 6], [6], [9], [1]], [[9], [3, 5], [6], [3, 5], [1], [7], [8], [4], [2]], [[8], [1, 2], [1, 2], [4], [3, 6], [9], [5], [7], [3]], [[7], [1, 2, 5, 6], [4], [3, 5], [2, 3], [1, 5], [9], [8], [6]], [[1, 2, 5], [1, 2, 5, 6], [3], [7], [9], [8], [1, 2, 6], [1, 2], [4]], [[1, 2], [9], [8], [6], [2, 4], [1, 4], [3], [5], [7]]]]
INFO:root:68197:Doing checkSmall1
INFO:root:68198:Getting tiny MUSes, distance 1, for 58 puzlits, 1 repeats
INFO:root:68234:Chunked 58 in [4, 4, 4, 4, 4, 4, 4, 4, 4, 4, 3, 3, 3, 3, 3, 3]
INFO:root:68252:XX found first (6, 9) is not 6 1
INFO:root:68252:XX found first (8, 7) is not 6 1
INFO:root:68252:XX found first (4, 1) is not 5 1
INFO:root:68252:XX found first (3, 1) is not 3 1
INFO:root:68252:XX found first (5, 2) is not 3 1
INFO:root:68252:XX found first (6, 5) is not 3 1
INFO:root:68252:XX found first (4, 6) is not 6 1
INFO:root:68252:XX found first (7, 2) is not 6 1
INFO:root:68264:Early exit from checkSmall1
INFO:root:68273:Starting Step 29
INFO:root:68835:Current state [[[[4], [7], [1, 2], [9], [5], [3], [1, 2], [6], [8]], [[6], [8], [9], [1], [7], [2], [4], [3], [5]], [[1, 2], [1, 2, 3], [5], [8], [4, 6], [4, 6], [7], [1, 2], [9]], [[3], [4], [7], [2], [8], [5], [6], [9], [1]], [[9], [5], [6], [3, 5], [1], [7], [8], [4], [2]], [[8], [1, 2], [1, 2], [4], [6], [9], [5], [7], [3]], [[7], [1, 2, 5], [4], [3, 5], [2, 3], [1, 5], [9], [8], [6]], [[1, 2, 5], [1, 2, 5, 6], [3], [7], [9], [8], [1, 2], [1, 2], [4]], [[1, 2], [9], [8], [6], [2, 4], [1, 4], [3], [5], [7]]]]
INFO:root:68835:Doing checkSmall1
INFO:root:68835:Getting tiny MUSes, distance 1, for 50 puzlits, 1 repeats
INFO:root:68871:Chunked 50 in [4, 4, 3, 3, 3, 3, 3, 3, 3, 3, 3, 3, 3, 3, 3, 3]
INFO:root:68888:XX found first (5, 4) is 3 1
INFO:root:68888:XX found first (5, 2) is 5 1
INFO:root:68889:XX found first (4, 6) is 5 1
INFO:root:68889:XX found first (3, 6) is 6 1
INFO:root:68889:XX found first (8, 2) is 6 1
INFO:root:68889:XX found first (8, 1) is 5 1
INFO:root:68889:XX found first (6, 5) is 6 1
INFO:root:68889:XX found first (3, 2) is 3 1
INFO:root:68889:XX found first (7, 5) is 3 1
INFO:root:68901:Early exit from checkSmall1
INFO:root:68935:Starting Step 30
INFO:root:69504:Current state [[[[4], [7], [1, 2], [9], [5], [3], [1, 2], [6], [8]], [[6], [8], [9], [1], [7], [2], [4], [3], [5]], [[1, 2], [3], [5], [8], [4, 6], [6], [7], [1, 2], [9]], [[3], [4], [7], [2], [8], [5], [6], [9], [1]], [[9], [5], [6], [3], [1], [7], [8], [4], [2]], [[8], [1, 2], [1, 2], [4], [6], [9], [5], [7], [3]], [[7], [1, 2, 5], [4], [3, 5], [3], [1, 5], [9], [8], [6]], [[5], [6], [3], [7], [9], [8], [1, 2], [1, 2], [4]], [[1, 2], [9], [8], [6], [2, 4], [1, 4], [3], [5], [7]]]]
INFO:root:69504:Doing checkSmall1
INFO:root:69504:Getting tiny MUSes, distance 1, for 41 puzlits, 1 repeats
INFO:root:69540:Chunked 41 in [3, 3, 3, 3, 3, 3, 3, 3, 3, 2, 2, 2, 2, 2, 2, 2]
INFO:root:69558:XX found first (3, 2) is not 2 1
INFO:root:69558:XX found first (7, 6) is not 5 1
INFO:root:69558:XX found first (8, 2) is not 1 1
INFO:root:69559:XX found first (8, 2) is not 2 1
INFO:root:69559:XX found first (7, 2) is not 5 1
INFO:root:69559:XX found first (3, 5) is not 6 1
INFO:root:69559:XX found first (5, 4) is not 5 1
INFO:root:69559:XX found first (8, 1) is not 2 1
INFO:root:69559:XX found first (3, 6) is not 4 1
INFO:root:69559:XX found first (7, 4) is not 3 1
INFO:root:69559:XX found first (8, 1) is not 1 1
INFO:root:69559:XX found first (7, 5) is not 2 1
INFO:root:69559:XX found first (3, 2) is not 1 1
INFO:root:69559:XX found first (8, 2) is not 5 1
INFO:root:69571:Early exit from checkSmall1
INFO:root:69580:Starting Step 31
INFO:root:70161:Current state [[[[4], [7], [1, 2], [9], [5], [3], [1, 2], [6], [8]], [[6], [8], [9], [1], [7], [2], [4], [3], [5]], [[1, 2], [3], [5], [8], [4], [6], [7], [1, 2], [9]], [[3], [4], [7], [2], [8], [5], [6], [9], [1]], [[9], [5], [6], [3], [1], [7], [8], [4], [2]], [[8], [1, 2], [1, 2], [4], [6], [9], [5], [7], [3]], [[7], [1, 2], [4], [5], [3], [1], [9], [8], [6]], [[5], [6], [3], [7], [9], [8], [1, 2], [1, 2], [4]], [[1, 2], [9], [8], [6], [2, 4], [1, 4], [3], [5], [7]]]]
INFO:root:70161:Doing checkSmall1
INFO:root:70161:Getting tiny MUSes, distance 1, for 27 puzlits, 1 repeats
INFO:root:70197:Chunked 27 in [2, 2, 2, 2, 2, 2, 2, 2, 2, 2, 2, 1, 1, 1, 1, 1]
INFO:root:70210:XX found first (7, 6) is 1 1
INFO:root:70210:XX found first (9, 5) is 2 1
INFO:root:70210:XX found first (7, 2) is 2 1
INFO:root:70210:XX found first (7, 4) is 5 1
INFO:root:70210:XX found first (9, 6) is 4 1
INFO:root:70210:XX found first (3, 5) is 4 1
INFO:root:70223:Early exit from checkSmall1
INFO:root:70250:Starting Step 32
INFO:root:70833:Current state [[[[4], [7], [1, 2], [9], [5], [3], [1, 2], [6], [8]], [[6], [8], [9], [1], [7], [2], [4], [3], [5]], [[1, 2], [3], [5], [8], [4], [6], [7], [1, 2], [9]], [[3], [4], [7], [2], [8], [5], [6], [9], [1]], [[9], [5], [6], [3], [1], [7], [8], [4], [2]], [[8], [1, 2], [1, 2], [4], [6], [9], [5], [7], [3]], [[7], [2], [4], [5], [3], [1], [9], [8], [6]], [[5], [6], [3], [7], [9], [8], [1, 2], [1, 2], [4]], [[1, 2], [9], [8], [6], [2], [4], [3], [5], [7]]]]
INFO:root:70833:Doing checkSmall1
INFO:root:70833:Getting tiny MUSes, distance 1, for 21 puzlits, 1 repeats
INFO:root:70871:Chunked 21 in [2, 2, 2, 2, 2, 1, 1, 1, 1, 1, 1, 1, 1, 1, 1, 1]
INFO:root:70883:XX found first (9, 5) is not 4 1
INFO:root:70883:XX found first (9, 6) is not 1 1
INFO:root:70883:XX found first (7, 2) is not 1 1
INFO:root:70883:XX found first (6, 2) is not 2 1
INFO:root:70883:XX found first (9, 1) is not 2 1
INFO:root:70895:Early exit from checkSmall1
INFO:root:70904:Starting Step 33
INFO:root:71488:Current state [[[[4], [7], [1, 2], [9], [5], [3], [1, 2], [6], [8]], [[6], [8], [9], [1], [7], [2], [4], [3], [5]], [[1, 2], [3], [5], [8], [4], [6], [7], [1, 2], [9]], [[3], [4], [7], [2], [8], [5], [6], [9], [1]], [[9], [5], [6], [3], [1], [7], [8], [4], [2]], [[8], [1], [1, 2], [4], [6], [9], [5], [7], [3]], [[7], [2], [4], [5], [3], [1], [9], [8], [6]], [[5], [6], [3], [7], [9], [8], [1, 2], [1, 2], [4]], [[1], [9], [8], [6], [2], [4], [3], [5], [7]]]]
INFO:root:71488:Doing checkSmall1
INFO:root:71488:Getting tiny MUSes, distance 1, for 16 puzlits, 1 repeats
INFO:root:71524:Chunked 16 in [1, 1, 1, 1, 1, 1, 1, 1, 1, 1, 1, 1, 1, 1, 1, 1]
INFO:root:71538:XX found first (6, 2) is 1 1
INFO:root:71538:XX found first (9, 1) is 1 1
INFO:root:71538:XX found first (3, 1) is 2 1
INFO:root:71538:XX found first (6, 3) is 2 1
INFO:root:71551:Early exit from checkSmall1
INFO:root:71573:Starting Step 34
INFO:root:72166:Current state [[[[4], [7], [1, 2], [9], [5], [3], [1, 2], [6], [8]], [[6], [8], [9], [1], [7], [2], [4], [3], [5]], [[2], [3], [5], [8], [4], [6], [7], [1, 2], [9]], [[3], [4], [7], [2], [8], [5], [6], [9], [1]], [[9], [5], [6], [3], [1], [7], [8], [4], [2]], [[8], [1], [2], [4], [6], [9], [5], [7], [3]], [[7], [2], [4], [5], [3], [1], [9], [8], [6]], [[5], [6], [3], [7], [9], [8], [1, 2], [1, 2], [4]], [[1], [9], [8], [6], [2], [4], [3], [5], [7]]]]
INFO:root:72166:Doing checkSmall1
INFO:root:72166:Getting tiny MUSes, distance 1, for 12 puzlits, 1 repeats
INFO:root:72203:Chunked 12 in [1, 1, 1, 1, 1, 1, 1, 1, 1, 1, 1, 1, 0, 0, 0, 0]
INFO:root:72214:XX found first (1, 3) is not 2 1
INFO:root:72214:XX found first (3, 8) is not 2 1
INFO:root:72214:XX found first (3, 1) is not 1 1
INFO:root:72214:XX found first (6, 3) is not 1 1
INFO:root:72227:Early exit from checkSmall1
INFO:root:72236:Starting Step 35
INFO:root:72831:Current state [[[[4], [7], [1], [9], [5], [3], [1, 2], [6], [8]], [[6], [8], [9], [1], [7], [2], [4], [3], [5]], [[2], [3], [5], [8], [4], [6], [7], [1], [9]], [[3], [4], [7], [2], [8], [5], [6], [9], [1]], [[9], [5], [6], [3], [1], [7], [8], [4], [2]], [[8], [1], [2], [4], [6], [9], [5], [7], [3]], [[7], [2], [4], [5], [3], [1], [9], [8], [6]], [[5], [6], [3], [7], [9], [8], [1, 2], [1, 2], [4]], [[1], [9], [8], [6], [2], [4], [3], [5], [7]]]]
INFO:root:72832:Doing checkSmall1
INFO:root:72832:Getting tiny MUSes, distance 1, for 8 puzlits, 1 repeats
INFO:root:72869:Chunked 8 in [1, 1, 1, 1, 1, 1, 1, 1, 0, 0, 0, 0, 0, 0, 0, 0]
INFO:root:72878:XX found first (1, 7) is 2 1
INFO:root:72878:XX found first (1, 3) is 1 1
INFO:root:72878:XX found first (8, 8) is 2 1
INFO:root:72878:XX found first (3, 8) is 1 1
INFO:root:72891:Early exit from checkSmall1
INFO:root:72910:Starting Step 36
INFO:root:73499:Current state [[[[4], [7], [1], [9], [5], [3], [2], [6], [8]], [[6], [8], [9], [1], [7], [2], [4], [3], [5]], [[2], [3], [5], [8], [4], [6], [7], [1], [9]], [[3], [4], [7], [2], [8], [5], [6], [9], [1]], [[9], [5], [6], [3], [1], [7], [8], [4], [2]], [[8], [1], [2], [4], [6], [9], [5], [7], [3]], [[7], [2], [4], [5], [3], [1], [9], [8], [6]], [[5], [6], [3], [7], [9], [8], [1, 2], [2], [4]], [[1], [9], [8], [6], [2], [4], [3], [5], [7]]]]
INFO:root:73499:Doing checkSmall1
INFO:root:73499:Getting tiny MUSes, distance 1, for 4 puzlits, 1 repeats
INFO:root:73535:Chunked 4 in [1, 1, 1, 1, 0, 0, 0, 0, 0, 0, 0, 0, 0, 0, 0, 0]
INFO:root:73543:XX found first (8, 8) is not 1 1
INFO:root:73543:XX found first (8, 7) is not 2 1
INFO:root:73543:XX found first (1, 7) is not 1 1
INFO:root:73556:Early exit from checkSmall1
INFO:root:73564:Starting Step 37
INFO:root:74159:Current state [[[[4], [7], [1], [9], [5], [3], [2], [6], [8]], [[6], [8], [9], [1], [7], [2], [4], [3], [5]], [[2], [3], [5], [8], [4], [6], [7], [1], [9]], [[3], [4], [7], [2], [8], [5], [6], [9], [1]], [[9], [5], [6], [3], [1], [7], [8], [4], [2]], [[8], [1], [2], [4], [6], [9], [5], [7], [3]], [[7], [2], [4], [5], [3], [1], [9], [8], [6]], [[5], [6], [3], [7], [9], [8], [1], [2], [4]], [[1], [9], [8], [6], [2], [4], [3], [5], [7]]]]
INFO:root:74160:Doing checkSmall1
INFO:root:74160:Getting tiny MUSes, distance 1, for 1 puzlits, 1 repeats
INFO:root:74196:Chunked 1 in [1, 0, 0, 0, 0, 0, 0, 0, 0, 0, 0, 0, 0, 0, 0, 0]
INFO:root:74202:XX found first (8, 7) is 1 1
INFO:root:74214:Early exit from checkSmall1
INFO:root:74227:Total Solver Calls 471538
INFO:root:74227:Trace: [(3, [(7, 2) is not 5]), (3, [(7, 2) is not 5]), (3, [(7, 2) is not 5]), (3, [(7, 2) is not 5]), (3, [(7, 2) is not 5])]
INFO:root:74227:Trace Quality: [(3, 1), (3, 1), (3, 1), (3, 1), (3, 1)]
INFO:root:74227:Trace Sorted: [(3, 1), (3, 1), (3, 1), (3, 1), (3, 1)]
INFO:root:74227:Finished
INFO:root:74227:Full Trace [(3, [(7, 2) is not 5]), (3, [(7, 2) is not 5]), (3, [(7, 2) is not 5]), (3, [(7, 2) is not 5]), (3, [(7, 2) is not 5])]

real	1m14.513s
user	11m56.298s
sys	0m19.135s
