INFO:root:7661:Starting Step 1
INFO:root:7690:Current state [[[[1, 2, 3, 4, 5, 6, 7, 8, 9], [7], [1, 2, 3, 4, 5, 6, 7, 8, 9], [1, 2, 3, 4, 5, 6, 7, 8, 9], [1, 2, 3, 4, 5, 6, 7, 8, 9], [3], [1, 2, 3, 4, 5, 6, 7, 8, 9], [6], [1, 2, 3, 4, 5, 6, 7, 8, 9]], [[1, 2, 3, 4, 5, 6, 7, 8, 9], [1, 2, 3, 4, 5, 6, 7, 8, 9], [1, 2, 3, 4, 5, 6, 7, 8, 9], [1], [1, 2, 3, 4, 5, 6, 7, 8, 9], [2], [1, 2, 3, 4, 5, 6, 7, 8, 9], [1, 2, 3, 4, 5, 6, 7, 8, 9], [1, 2, 3, 4, 5, 6, 7, 8, 9]], [[1, 2, 3, 4, 5, 6, 7, 8, 9], [1, 2, 3, 4, 5, 6, 7, 8, 9], [5], [1, 2, 3, 4, 5, 6, 7, 8, 9], [1, 2, 3, 4, 5, 6, 7, 8, 9], [1, 2, 3, 4, 5, 6, 7, 8, 9], [7], [1, 2, 3, 4, 5, 6, 7, 8, 9], [9]], [[1, 2, 3, 4, 5, 6, 7, 8, 9], [1, 2, 3, 4, 5, 6, 7, 8, 9], [7], [2], [1, 2, 3, 4, 5, 6, 7, 8, 9], [1, 2, 3, 4, 5, 6, 7, 8, 9], [1, 2, 3, 4, 5, 6, 7, 8, 9], [1, 2, 3, 4, 5, 6, 7, 8, 9], [1]], [[1, 2, 3, 4, 5, 6, 7, 8, 9], [1, 2, 3, 4, 5, 6, 7, 8, 9], [6], [1, 2, 3, 4, 5, 6, 7, 8, 9], [1], [1, 2, 3, 4, 5, 6, 7, 8, 9], [8], [4], [1, 2, 3, 4, 5, 6, 7, 8, 9]], [[8], [1, 2, 3, 4, 5, 6, 7, 8, 9], [1, 2, 3, 4, 5, 6, 7, 8, 9], [1, 2, 3, 4, 5, 6, 7, 8, 9], [1, 2, 3, 4, 5, 6, 7, 8, 9], [1, 2, 3, 4, 5, 6, 7, 8, 9], [5], [1, 2, 3, 4, 5, 6, 7, 8, 9], [1, 2, 3, 4, 5, 6, 7, 8, 9]], [[7], [1, 2, 3, 4, 5, 6, 7, 8, 9], [4], [1, 2, 3, 4, 5, 6, 7, 8, 9], [1, 2, 3, 4, 5, 6, 7, 8, 9], [1, 2, 3, 4, 5, 6, 7, 8, 9], [9], [1, 2, 3, 4, 5, 6, 7, 8, 9], [1, 2, 3, 4, 5, 6, 7, 8, 9]], [[1, 2, 3, 4, 5, 6, 7, 8, 9], [1, 2, 3, 4, 5, 6, 7, 8, 9], [1, 2, 3, 4, 5, 6, 7, 8, 9], [7], [1, 2, 3, 4, 5, 6, 7, 8, 9], [8], [1, 2, 3, 4, 5, 6, 7, 8, 9], [1, 2, 3, 4, 5, 6, 7, 8, 9], [1, 2, 3, 4, 5, 6, 7, 8, 9]], [[1, 2, 3, 4, 5, 6, 7, 8, 9], [9], [1, 2, 3, 4, 5, 6, 7, 8, 9], [6], [1, 2, 3, 4, 5, 6, 7, 8, 9], [1, 2, 3, 4, 5, 6, 7, 8, 9], [1, 2, 3, 4, 5, 6, 7, 8, 9], [5], [1, 2, 3, 4, 5, 6, 7, 8, 9]]]]
INFO:root:7690:Doing checkSmall1
INFO:root:7691:Getting tiny MUSes, distance 1, for 704 puzlits, 1 repeats
INFO:root:7748:Chunked 704 in [44, 44, 44, 44, 44, 44, 44, 44, 44, 44, 44, 44, 44, 44, 44, 44]
INFO:root:7866:XX found first (3, 6) is not 3 1
INFO:root:7866:XX found first (3, 6) is not 7 1
INFO:root:7866:XX found first (3, 7) is not 1 1
INFO:root:7866:XX found first (8, 3) is not 5 1
INFO:root:7866:XX found first (5, 8) is not 7 1
INFO:root:7866:XX found first (1, 7) is not 3 1
INFO:root:7866:XX found first (8, 1) is not 9 1
INFO:root:7866:XX found first (6, 9) is not 4 1
INFO:root:7866:XX found first (7, 9) is not 4 1
INFO:root:7866:XX found first (6, 6) is not 8 1
INFO:root:7866:XX found first (7, 7) is not 8 1
INFO:root:7866:XX found first (8, 4) is not 9 1
INFO:root:7866:XX found first (1, 7) is not 7 1
INFO:root:7866:XX found first (8, 6) is not 7 1
INFO:root:7867:XX found first (4, 4) is not 1 1
INFO:root:7867:XX found first (9, 8) is not 8 1
INFO:root:7867:XX found first (3, 4) is not 6 1
INFO:root:7867:XX found first (9, 6) is not 8 1
INFO:root:7867:XX found first (1, 9) is not 1 1
INFO:root:7867:XX found first (5, 8) is not 9 1
INFO:root:7867:XX found first (4, 8) is not 5 1
INFO:root:7867:XX found first (2, 8) is not 1 1
INFO:root:7867:XX found first (1, 9) is not 3 1
INFO:root:7867:XX found first (2, 5) is not 2 1
INFO:root:7867:XX found first (7, 7) is not 7 1
INFO:root:7867:XX found first (8, 7) is not 5 1
INFO:root:7867:XX found first (7, 4) is not 7 1
INFO:root:7867:XX found first (2, 7) is not 5 1
INFO:root:7867:XX found first (2, 9) is not 9 1
INFO:root:7867:XX found first (6, 4) is not 7 1
INFO:root:7867:XX found first (5, 3) is not 9 1
INFO:root:7867:XX found first (8, 4) is not 1 1
INFO:root:7867:XX found first (8, 7) is not 9 1
INFO:root:7867:XX found first (4, 7) is not 2 1
INFO:root:7867:XX found first (9, 6) is not 9 1
INFO:root:7867:XX found first (7, 9) is not 1 1
INFO:root:7867:XX found first (8, 8) is not 5 1
INFO:root:7867:XX found first (5, 7) is not 7 1
INFO:root:7867:XX found first (6, 5) is not 1 1
INFO:root:7868:XX found first (4, 8) is not 1 1
INFO:root:7868:XX found first (6, 6) is not 1 1
INFO:root:7868:XX found first (7, 5) is not 1 1
INFO:root:7868:XX found first (2, 4) is not 4 1
INFO:root:7868:XX found first (2, 7) is not 7 1
INFO:root:7868:XX found first (3, 5) is not 1 1
INFO:root:7868:XX found first (5, 3) is not 8 1
INFO:root:7868:XX found first (4, 3) is not 9 1
INFO:root:7868:XX found first (7, 6) is not 6 1
INFO:root:7868:XX found first (3, 5) is not 2 1
INFO:root:7868:XX found first (2, 8) is not 2 1
INFO:root:7868:XX found first (4, 9) is not 7 1
INFO:root:7868:XX found first (6, 5) is not 5 1
INFO:root:7868:XX found first (8, 6) is not 4 1
INFO:root:7868:XX found first (1, 7) is not 5 1
INFO:root:7868:XX found first (3, 3) is not 8 1
INFO:root:7868:XX found first (6, 2) is not 6 1
INFO:root:7868:XX found first (5, 6) is not 2 1
INFO:root:7868:XX found first (7, 4) is not 6 1
INFO:root:7868:XX found first (1, 8) is not 9 1
INFO:root:7868:XX found first (3, 1) is not 9 1
INFO:root:7869:XX found first (8, 4) is not 6 1
INFO:root:7869:XX found first (3, 6) is not 1 1
INFO:root:7869:XX found first (6, 7) is not 8 1
INFO:root:7869:XX found first (8, 1) is not 4 1
INFO:root:7869:XX found first (2, 4) is not 3 1
INFO:root:7869:XX found first (5, 3) is not 1 1
INFO:root:7869:XX found first (9, 9) is not 9 1
INFO:root:7869:XX found first (2, 7) is not 6 1
INFO:root:7869:XX found first (5, 7) is not 1 1
INFO:root:7869:XX found first (2, 4) is not 8 1
INFO:root:7869:XX found first (6, 4) is not 5 1
INFO:root:7869:XX found first (8, 8) is not 6 1
INFO:root:7869:XX found first (5, 6) is not 1 1
INFO:root:7869:XX found first (2, 1) is not 1 1
INFO:root:7869:XX found first (6, 1) is not 9 1
INFO:root:7869:XX found first (8, 4) is not 8 1
INFO:root:7869:XX found first (3, 7) is not 8 1
INFO:root:7869:XX found first (3, 9) is not 6 1
INFO:root:7869:XX found first (3, 6) is not 2 1
INFO:root:7869:XX found first (5, 6) is not 6 1
INFO:root:7869:XX found first (8, 6) is not 5 1
INFO:root:7869:XX found first (5, 5) is not 5 1
INFO:root:7869:XX found first (1, 6) is not 6 1
INFO:root:7869:XX found first (7, 5) is not 7 1
INFO:root:7869:XX found first (6, 7) is not 7 1
INFO:root:7870:XX found first (5, 7) is not 2 1
INFO:root:7870:XX found first (6, 4) is not 1 1
INFO:root:7870:XX found first (3, 6) is not 9 1
INFO:root:7870:XX found first (8, 6) is not 2 1
INFO:root:7870:XX found first (9, 2) is not 8 1
INFO:root:7870:XX found first (2, 6) is not 1 1
INFO:root:7870:XX found first (6, 7) is not 6 1
INFO:root:7870:XX found first (3, 8) is not 9 1
INFO:root:7870:XX found first (2, 4) is not 9 1
INFO:root:7870:XX found first (8, 9) is not 9 1
INFO:root:7870:XX found first (4, 7) is not 7 1
INFO:root:7870:XX found first (1, 8) is not 7 1
INFO:root:7870:XX found first (9, 7) is not 5 1
INFO:root:7870:XX found first (4, 1) is not 8 1
INFO:root:7870:XX found first (5, 4) is not 6 1
INFO:root:7870:XX found first (9, 8) is not 7 1
INFO:root:7870:XX found first (6, 4) is not 2 1
INFO:root:7870:XX found first (3, 8) is not 6 1
INFO:root:7870:XX found first (9, 4) is not 1 1
INFO:root:7870:XX found first (8, 6) is not 1 1
INFO:root:7870:XX found first (5, 2) is not 6 1
INFO:root:7870:XX found first (1, 2) is not 1 1
INFO:root:7870:XX found first (2, 6) is not 5 1
INFO:root:7870:XX found first (8, 8) is not 7 1
INFO:root:7871:XX found first (9, 8) is not 2 1
INFO:root:7871:XX found first (9, 1) is not 4 1
INFO:root:7871:XX found first (6, 1) is not 7 1
INFO:root:7871:XX found first (1, 2) is not 6 1
INFO:root:7871:XX found first (3, 3) is not 6 1
INFO:root:7871:XX found first (3, 7) is not 4 1
INFO:root:7871:XX found first (6, 7) is not 4 1
INFO:root:7871:XX found first (1, 4) is not 2 1
INFO:root:7871:XX found first (9, 8) is not 6 1
INFO:root:7871:XX found first (6, 8) is not 8 1
INFO:root:7871:XX found first (7, 1) is not 3 1
INFO:root:7871:XX found first (7, 5) is not 8 1
INFO:root:7871:XX found first (5, 8) is not 3 1
INFO:root:7871:XX found first (4, 6) is not 7 1
INFO:root:7871:XX found first (9, 9) is not 5 1
INFO:root:7871:XX found first (7, 8) is not 4 1
INFO:root:7871:XX found first (5, 5) is not 4 1
INFO:root:7871:XX found first (5, 3) is not 3 1
INFO:root:7871:XX found first (5, 5) is not 2 1
INFO:root:7871:XX found first (8, 3) is not 9 1
INFO:root:7871:XX found first (3, 5) is not 5 1
INFO:root:7871:XX found first (7, 5) is not 9 1
INFO:root:7871:XX found first (8, 2) is not 4 1
INFO:root:7872:XX found first (2, 7) is not 9 1
INFO:root:7872:XX found first (3, 4) is not 9 1
INFO:root:7872:XX found first (4, 1) is not 1 1
INFO:root:7872:XX found first (5, 4) is not 7 1
INFO:root:7872:XX found first (9, 9) is not 6 1
INFO:root:7872:XX found first (8, 8) is not 8 1
INFO:root:7872:XX found first (9, 1) is not 7 1
INFO:root:7872:XX found first (1, 1) is not 7 1
INFO:root:7872:XX found first (5, 4) is not 4 1
INFO:root:7872:XX found first (1, 2) is not 4 1
INFO:root:7872:XX found first (8, 5) is not 6 1
INFO:root:7872:XX found first (1, 5) is not 1 1
INFO:root:7872:XX found first (2, 4) is not 2 1
INFO:root:7872:XX found first (7, 9) is not 5 1
INFO:root:7872:XX found first (2, 3) is not 4 1
INFO:root:7872:XX found first (7, 8) is not 9 1
INFO:root:7872:XX found first (6, 2) is not 5 1
INFO:root:7872:XX found first (7, 7) is not 1 1
INFO:root:7872:XX found first (3, 7) is not 2 1
INFO:root:7872:XX found first (9, 1) is not 5 1
INFO:root:7872:XX found first (7, 3) is not 7 1
INFO:root:7872:XX found first (5, 4) is not 8 1
INFO:root:7872:XX found first (7, 1) is not 9 1
INFO:root:7872:XX found first (9, 6) is not 5 1
INFO:root:7872:XX found first (7, 8) is not 6 1
INFO:root:7873:XX found first (3, 4) is not 7 1
INFO:root:7873:XX found first (3, 3) is not 7 1
INFO:root:7873:XX found first (5, 5) is not 8 1
INFO:root:7873:XX found first (8, 2) is not 8 1
INFO:root:7873:XX found first (4, 1) is not 2 1
INFO:root:7873:XX found first (3, 9) is not 1 1
INFO:root:7873:XX found first (2, 9) is not 6 1
INFO:root:7873:XX found first (7, 8) is not 5 1
INFO:root:7873:XX found first (4, 6) is not 8 1
INFO:root:7873:XX found first (1, 8) is not 2 1
INFO:root:7873:XX found first (6, 7) is not 2 1
INFO:root:7873:XX found first (1, 3) is not 3 1
INFO:root:7873:XX found first (4, 2) is not 7 1
INFO:root:7873:XX found first (6, 3) is not 5 1
INFO:root:7873:XX found first (9, 2) is not 4 1
INFO:root:7873:XX found first (6, 7) is not 9 1
INFO:root:7873:XX found first (4, 4) is not 5 1
INFO:root:7873:XX found first (9, 5) is not 7 1
INFO:root:7873:XX found first (5, 9) is not 6 1
INFO:root:7873:XX found first (9, 8) is not 4 1
INFO:root:7873:XX found first (7, 3) is not 3 1
INFO:root:7873:XX found first (8, 3) is not 6 1
INFO:root:7873:XX found first (7, 3) is not 5 1
INFO:root:7873:XX found first (9, 6) is not 6 1
INFO:root:7874:XX found first (9, 5) is not 8 1
INFO:root:7874:XX found first (7, 2) is not 7 1
INFO:root:7874:XX found first (7, 4) is not 9 1
INFO:root:7874:XX found first (8, 5) is not 7 1
INFO:root:7874:XX found first (1, 7) is not 8 1
INFO:root:7874:XX found first (9, 4) is not 8 1
INFO:root:7874:XX found first (7, 7) is not 6 1
INFO:root:7874:XX found first (2, 6) is not 6 1
INFO:root:7874:XX found first (5, 4) is not 1 1
INFO:root:7874:XX found first (3, 4) is not 1 1
INFO:root:7874:XX found first (4, 8) is not 4 1
INFO:root:7874:XX found first (1, 2) is not 5 1
INFO:root:7874:XX found first (2, 8) is not 9 1
INFO:root:7874:XX found first (2, 4) is not 6 1
INFO:root:7874:XX found first (2, 9) is not 7 1
INFO:root:7874:XX found first (2, 3) is not 2 1
INFO:root:7874:XX found first (3, 6) is not 5 1
INFO:root:7874:XX found first (5, 7) is not 5 1
INFO:root:7874:XX found first (9, 3) is not 5 1
INFO:root:7874:XX found first (5, 5) is not 9 1
INFO:root:7874:XX found first (1, 2) is not 3 1
INFO:root:7874:XX found first (7, 3) is not 2 1
INFO:root:7874:XX found first (2, 8) is not 6 1
INFO:root:7874:XX found first (6, 3) is not 7 1
INFO:root:7875:XX found first (1, 7) is not 9 1
INFO:root:7875:XX found first (5, 8) is not 8 1
INFO:root:7875:XX found first (9, 1) is not 8 1
INFO:root:7875:XX found first (6, 5) is not 8 1
INFO:root:7875:XX found first (4, 2) is not 8 1
INFO:root:7875:XX found first (9, 7) is not 8 1
INFO:root:7875:XX found first (7, 1) is not 8 1
INFO:root:7875:XX found first (7, 7) is not 5 1
INFO:root:7875:XX found first (7, 1) is not 5 1
INFO:root:7875:XX found first (8, 4) is not 4 1
INFO:root:7875:XX found first (4, 9) is not 8 1
INFO:root:7875:XX found first (5, 9) is not 4 1
INFO:root:7875:XX found first (4, 6) is not 3 1
INFO:root:7875:XX found first (2, 3) is not 7 1
INFO:root:7875:XX found first (1, 3) is not 4 1
INFO:root:7875:XX found first (4, 5) is not 1 1
INFO:root:7875:XX found first (2, 4) is not 5 1
INFO:root:7875:XX found first (8, 6) is not 3 1
INFO:root:7875:XX found first (7, 3) is not 9 1
INFO:root:7875:XX found first (9, 7) is not 6 1
INFO:root:7875:XX found first (3, 5) is not 3 1
INFO:root:7875:XX found first (2, 7) is not 1 1
INFO:root:7875:XX found first (3, 7) is not 5 1
INFO:root:7876:XX found first (1, 6) is not 8 1
INFO:root:7876:XX found first (8, 9) is not 5 1
INFO:root:7876:XX found first (2, 2) is not 9 1
INFO:root:7876:XX found first (5, 5) is not 6 1
INFO:root:7876:XX found first (8, 9) is not 8 1
INFO:root:7876:XX found first (3, 4) is not 3 1
INFO:root:7876:XX found first (2, 6) is not 3 1
INFO:root:7876:XX found first (9, 5) is not 6 1
INFO:root:7876:XX found first (8, 7) is not 8 1
INFO:root:7876:XX found first (4, 4) is not 6 1
INFO:root:7876:XX found first (2, 9) is not 1 1
INFO:root:7876:XX found first (1, 6) is not 9 1
INFO:root:7876:XX found first (5, 3) is not 7 1
INFO:root:7876:XX found first (5, 4) is not 2 1
INFO:root:7876:XX found first (7, 4) is not 2 1
INFO:root:7876:XX found first (4, 3) is not 2 1
INFO:root:7876:XX found first (2, 5) is not 3 1
INFO:root:7876:XX found first (2, 1) is not 5 1
INFO:root:7876:XX found first (2, 2) is not 1 1
INFO:root:7876:XX found first (2, 5) is not 1 1
INFO:root:7876:XX found first (1, 2) is not 9 1
INFO:root:7876:XX found first (7, 6) is not 7 1
INFO:root:7876:XX found first (6, 9) is not 5 1
INFO:root:7876:XX found first (6, 7) is not 3 1
INFO:root:7877:XX found first (6, 6) is not 3 1
INFO:root:7877:XX found first (1, 8) is not 4 1
INFO:root:7877:XX found first (1, 1) is not 8 1
INFO:root:7877:XX found first (4, 8) is not 2 1
INFO:root:7877:XX found first (7, 6) is not 9 1
INFO:root:7877:XX found first (2, 6) is not 4 1
INFO:root:7877:XX found first (1, 4) is not 3 1
INFO:root:7877:XX found first (9, 6) is not 3 1
INFO:root:7877:XX found first (4, 3) is not 3 1
INFO:root:7877:XX found first (2, 8) is not 4 1
INFO:root:7877:XX found first (3, 8) is not 4 1
INFO:root:7877:XX found first (2, 1) is not 2 1
INFO:root:7877:XX found first (3, 4) is not 5 1
INFO:root:7877:XX found first (5, 1) is not 8 1
INFO:root:7877:XX found first (7, 9) is not 9 1
INFO:root:7877:XX found first (5, 7) is not 9 1
INFO:root:7877:XX found first (5, 7) is not 4 1
INFO:root:7877:XX found first (5, 7) is not 3 1
INFO:root:7877:XX found first (9, 3) is not 9 1
INFO:root:7877:XX found first (6, 1) is not 3 1
INFO:root:7877:XX found first (4, 3) is not 8 1
INFO:root:7877:XX found first (4, 3) is not 4 1
INFO:root:7877:XX found first (9, 3) is not 7 1
INFO:root:7877:XX found first (3, 8) is not 5 1
INFO:root:7877:XX found first (5, 3) is not 2 1
INFO:root:7878:XX found first (1, 1) is not 5 1
INFO:root:7878:XX found first (5, 1) is not 4 1
INFO:root:7878:XX found first (3, 7) is not 6 1
INFO:root:7878:XX found first (5, 1) is not 6 1
INFO:root:7878:XX found first (6, 3) is not 8 1
INFO:root:7878:XX found first (1, 6) is not 2 1
INFO:root:7878:XX found first (3, 3) is not 2 1
INFO:root:7878:XX found first (4, 7) is not 4 1
INFO:root:7878:XX found first (6, 3) is not 4 1
INFO:root:7878:XX found first (4, 4) is not 8 1
INFO:root:7878:XX found first (9, 7) is not 7 1
INFO:root:7878:XX found first (2, 3) is not 6 1
INFO:root:7878:XX found first (7, 7) is not 3 1
INFO:root:7878:XX found first (9, 2) is not 1 1
INFO:root:7878:XX found first (3, 3) is not 9 1
INFO:root:7878:XX found first (6, 9) is not 8 1
INFO:root:7878:XX found first (3, 1) is not 5 1
INFO:root:7878:XX found first (2, 2) is not 7 1
INFO:root:7878:XX found first (4, 5) is not 7 1
INFO:root:7878:XX found first (8, 1) is not 8 1
INFO:root:7878:XX found first (6, 1) is not 6 1
INFO:root:7878:XX found first (4, 3) is not 6 1
INFO:root:7878:XX found first (5, 6) is not 4 1
INFO:root:7879:XX found first (4, 4) is not 4 1
INFO:root:7879:XX found first (4, 2) is not 2 1
INFO:root:7879:XX found first (8, 9) is not 1 1
INFO:root:7879:XX found first (8, 6) is not 9 1
INFO:root:7879:XX found first (5, 9) is not 5 1
INFO:root:7879:XX found first (4, 4) is not 7 1
INFO:root:7879:XX found first (6, 8) is not 1 1
INFO:root:7879:XX found first (4, 4) is not 9 1
INFO:root:7879:XX found first (1, 8) is not 1 1
INFO:root:7879:XX found first (8, 4) is not 3 1
INFO:root:7879:XX found first (4, 1) is not 6 1
INFO:root:7879:XX found first (3, 9) is not 8 1
INFO:root:7879:XX found first (5, 9) is not 1 1
INFO:root:7879:XX found first (6, 5) is not 2 1
INFO:root:7879:XX found first (4, 7) is not 1 1
INFO:root:7879:XX found first (6, 1) is not 5 1
INFO:root:7879:XX found first (8, 8) is not 4 1
INFO:root:7879:XX found first (9, 1) is not 9 1
INFO:root:7879:XX found first (5, 7) is not 6 1
INFO:root:7879:XX found first (9, 8) is not 1 1
INFO:root:7879:XX found first (7, 1) is not 2 1
INFO:root:7879:XX found first (2, 7) is not 8 1
INFO:root:7879:XX found first (7, 6) is not 2 1
INFO:root:7879:XX found first (3, 2) is not 7 1
INFO:root:7880:XX found first (3, 7) is not 9 1
INFO:root:7880:XX found first (1, 8) is not 5 1
INFO:root:7880:XX found first (9, 4) is not 3 1
INFO:root:7880:XX found first (7, 3) is not 8 1
INFO:root:7880:XX found first (3, 5) is not 9 1
INFO:root:7880:XX found first (7, 1) is not 4 1
INFO:root:7880:XX found first (9, 8) is not 3 1
INFO:root:7880:XX found first (7, 2) is not 9 1
INFO:root:7880:XX found first (1, 5) is not 3 1
INFO:root:7880:XX found first (5, 2) is not 4 1
INFO:root:7880:XX found first (2, 9) is not 2 1
INFO:root:7880:XX found first (1, 2) is not 8 1
INFO:root:7880:XX found first (8, 2) is not 9 1
INFO:root:7880:XX found first (5, 8) is not 2 1
INFO:root:7880:XX found first (8, 7) is not 7 1
INFO:root:7880:XX found first (2, 3) is not 5 1
INFO:root:7880:XX found first (6, 3) is not 6 1
INFO:root:7880:XX found first (5, 2) is not 7 1
INFO:root:7880:XX found first (8, 1) is not 7 1
INFO:root:7880:XX found first (4, 7) is not 8 1
INFO:root:7880:XX found first (6, 8) is not 5 1
INFO:root:7880:XX found first (5, 8) is not 5 1
INFO:root:7880:XX found first (6, 4) is not 6 1
INFO:root:7880:XX found first (5, 6) is not 3 1
INFO:root:7881:XX found first (2, 3) is not 1 1
INFO:root:7881:XX found first (2, 1) is not 7 1
INFO:root:7881:XX found first (4, 7) is not 9 1
INFO:root:7881:XX found first (5, 3) is not 4 1
INFO:root:7881:XX found first (9, 2) is not 6 1
INFO:root:7881:XX found first (6, 1) is not 4 1
INFO:root:7881:XX found first (1, 6) is not 4 1
INFO:root:7881:XX found first (9, 2) is not 2 1
INFO:root:7881:XX found first (8, 5) is not 1 1
INFO:root:7881:XX found first (7, 5) is not 4 1
INFO:root:7881:XX found first (6, 6) is not 5 1
INFO:root:7881:XX found first (9, 6) is not 2 1
INFO:root:7881:XX found first (1, 3) is not 7 1
INFO:root:7881:XX found first (8, 5) is not 8 1
INFO:root:7881:XX found first (1, 6) is not 5 1
INFO:root:7881:XX found first (4, 8) is not 6 1
INFO:root:7881:XX found first (9, 4) is not 9 1
INFO:root:7881:XX found first (2, 2) is not 2 1
INFO:root:7881:XX found first (3, 6) is not 8 1
INFO:root:7881:XX found first (7, 6) is not 4 1
INFO:root:7881:XX found first (2, 6) is not 8 1
INFO:root:7881:XX found first (1, 2) is not 2 1
INFO:root:7881:XX found first (9, 5) is not 9 1
INFO:root:7882:XX found first (8, 2) is not 7 1
INFO:root:7882:XX found first (4, 9) is not 3 1
INFO:root:7882:XX found first (1, 9) is not 9 1
INFO:root:7882:XX found first (4, 2) is not 9 1
INFO:root:7882:XX found first (3, 1) is not 7 1
INFO:root:7882:XX found first (9, 4) is not 4 1
INFO:root:7882:XX found first (8, 4) is not 2 1
INFO:root:7882:XX found first (3, 5) is not 7 1
INFO:root:7882:XX found first (3, 2) is not 9 1
INFO:root:7882:XX found first (9, 9) is not 1 1
INFO:root:7882:XX found first (7, 8) is not 7 1
INFO:root:7882:XX found first (3, 1) is not 8 1
INFO:root:7882:XX found first (5, 1) is not 7 1
INFO:root:7882:XX found first (5, 5) is not 7 1
INFO:root:7882:XX found first (9, 5) is not 5 1
INFO:root:7882:XX found first (5, 2) is not 9 1
INFO:root:7882:XX found first (7, 4) is not 8 1
INFO:root:7882:XX found first (4, 9) is not 4 1
INFO:root:7882:XX found first (9, 1) is not 6 1
INFO:root:7882:XX found first (3, 3) is not 1 1
INFO:root:7882:XX found first (8, 6) is not 6 1
INFO:root:7882:XX found first (7, 4) is not 1 1
INFO:root:7882:XX found first (1, 9) is not 7 1
INFO:root:7883:XX found first (9, 2) is not 7 1
INFO:root:7883:XX found first (1, 3) is not 6 1
INFO:root:7883:XX found first (5, 5) is not 3 1
INFO:root:7883:XX found first (4, 9) is not 9 1
INFO:root:7883:XX found first (9, 4) is not 7 1
INFO:root:7883:XX found first (2, 1) is not 8 1
INFO:root:7883:XX found first (9, 5) is not 1 1
INFO:root:7883:XX found first (5, 8) is not 1 1
INFO:root:7883:XX found first (7, 4) is not 4 1
INFO:root:7883:XX found first (6, 2) is not 8 1
INFO:root:7883:XX found first (4, 8) is not 7 1
INFO:root:7883:XX found first (5, 2) is not 8 1
INFO:root:7883:XX found first (3, 9) is not 5 1
INFO:root:7883:XX found first (2, 6) is not 7 1
INFO:root:7883:XX found first (1, 7) is not 6 1
INFO:root:7883:XX found first (1, 8) is not 8 1
INFO:root:7883:XX found first (4, 5) is not 2 1
INFO:root:7883:XX found first (6, 7) is not 1 1
INFO:root:7883:XX found first (9, 8) is not 9 1
INFO:root:7883:XX found first (7, 9) is not 7 1
INFO:root:7883:XX found first (9, 3) is not 6 1
INFO:root:7883:XX found first (3, 9) is not 7 1
INFO:root:7883:XX found first (9, 2) is not 3 1
INFO:root:7883:XX found first (4, 2) is not 6 1
INFO:root:7883:XX found first (7, 5) is not 6 1
INFO:root:7884:XX found first (3, 9) is not 4 1
INFO:root:7884:XX found first (3, 2) is not 5 1
INFO:root:7884:XX found first (6, 8) is not 6 1
INFO:root:7884:XX found first (8, 3) is not 7 1
INFO:root:7884:XX found first (7, 1) is not 1 1
INFO:root:7884:XX found first (4, 9) is not 6 1
INFO:root:7884:XX found first (9, 3) is not 4 1
INFO:root:7884:XX found first (7, 2) is not 4 1
INFO:root:7884:XX found first (4, 3) is not 5 1
INFO:root:7884:XX found first (9, 4) is not 5 1
INFO:root:7884:XX found first (1, 1) is not 6 1
INFO:root:7884:XX found first (5, 6) is not 8 1
INFO:root:7884:XX found first (4, 3) is not 1 1
INFO:root:7884:XX found first (6, 2) is not 7 1
INFO:root:7884:XX found first (5, 3) is not 5 1
INFO:root:7884:XX found first (7, 3) is not 1 1
INFO:root:7884:XX found first (5, 2) is not 1 1
INFO:root:7884:XX found first (4, 2) is not 1 1
INFO:root:7884:XX found first (6, 8) is not 4 1
INFO:root:7884:XX found first (7, 3) is not 6 1
INFO:root:7884:XX found first (9, 2) is not 5 1
INFO:root:7884:XX found first (6, 4) is not 8 1
INFO:root:7884:XX found first (4, 6) is not 2 1
INFO:root:7884:XX found first (8, 4) is not 5 1
INFO:root:7885:XX found first (4, 9) is not 5 1
INFO:root:7885:XX found first (1, 5) is not 6 1
INFO:root:7885:XX found first (5, 9) is not 8 1
INFO:root:7885:XX found first (3, 8) is not 7 1
INFO:root:7885:XX found first (2, 6) is not 9 1
INFO:root:7885:XX found first (3, 3) is not 4 1
INFO:root:7885:XX found first (3, 4) is not 2 1
INFO:root:7885:XX found first (7, 7) is not 2 1
INFO:root:7885:XX found first (4, 7) is not 5 1
INFO:root:7885:XX found first (2, 4) is not 7 1
INFO:root:7885:XX found first (4, 8) is not 8 1
INFO:root:7885:XX found first (1, 9) is not 6 1
INFO:root:7885:XX found first (2, 7) is not 2 1
INFO:root:7885:XX found first (3, 7) is not 3 1
INFO:root:7885:XX found first (2, 8) is not 7 1
INFO:root:7885:XX found first (7, 7) is not 4 1
INFO:root:7885:XX found first (1, 3) is not 5 1
INFO:root:7885:XX found first (8, 8) is not 9 1
INFO:root:7885:XX found first (6, 1) is not 2 1
INFO:root:7885:XX found first (1, 5) is not 2 1
INFO:root:7885:XX found first (3, 9) is not 2 1
INFO:root:7885:XX found first (7, 1) is not 6 1
INFO:root:7885:XX found first (6, 9) is not 1 1
INFO:root:7885:XX found first (3, 3) is not 3 1
INFO:root:7885:XX found first (4, 9) is not 2 1
INFO:root:7886:XX found first (7, 6) is not 3 1
INFO:root:7886:XX found first (2, 2) is not 5 1
INFO:root:7886:XX found first (1, 4) is not 1 1
INFO:root:7886:XX found first (1, 8) is not 3 1
INFO:root:7886:XX found first (6, 6) is not 2 1
INFO:root:7886:XX found first (9, 6) is not 7 1
INFO:root:7886:XX found first (8, 3) is not 8 1
INFO:root:7886:XX found first (1, 6) is not 7 1
INFO:root:7886:XX found first (8, 3) is not 4 1
INFO:root:7886:XX found first (9, 4) is not 2 1
INFO:root:7886:XX found first (5, 8) is not 6 1
INFO:root:7886:XX found first (1, 6) is not 1 1
INFO:root:7886:XX found first (1, 1) is not 3 1
INFO:root:7886:XX found first (9, 7) is not 9 1
INFO:root:7886:XX found first (5, 9) is not 9 1
INFO:root:7886:XX found first (1, 4) is not 7 1
INFO:root:7886:XX found first (3, 9) is not 3 1
INFO:root:7886:XX found first (4, 4) is not 3 1
INFO:root:7886:XX found first (1, 5) is not 7 1
INFO:root:7886:XX found first (7, 6) is not 8 1
INFO:root:7886:XX found first (6, 9) is not 9 1
INFO:root:7886:XX found first (1, 4) is not 6 1
INFO:root:7886:XX found first (4, 6) is not 1 1
INFO:root:7887:XX found first (5, 1) is not 1 1
INFO:root:7887:XX found first (6, 2) is not 9 1
INFO:root:7887:XX found first (6, 1) is not 1 1
INFO:root:7887:XX found first (2, 8) is not 5 1
INFO:root:7887:XX found first (4, 1) is not 7 1
INFO:root:7887:XX found first (8, 9) is not 7 1
INFO:root:7899:Early exit from checkSmall1
INFO:root:7963:Starting Step 2
INFO:root:8456:Current state [[[[1, 2, 4, 9], [7], [1, 2, 8, 9], [4, 5, 8, 9], [4, 5, 8, 9], [3], [1, 2, 4], [6], [2, 4, 5, 8]], [[3, 4, 6, 9], [3, 4, 6, 8], [3, 8, 9], [1], [4, 5, 6, 7, 8, 9], [2], [3, 4], [3, 8], [3, 4, 5, 8]], [[1, 2, 3, 4, 6], [1, 2, 3, 4, 6, 8], [5], [4, 8], [4, 6, 8], [4, 6], [7], [1, 2, 3, 8], [9]], [[3, 4, 5, 9], [3, 4, 5], [7], [2], [3, 4, 5, 6, 8, 9], [4, 5, 6, 9], [3, 6], [3, 9], [1]], [[2, 3, 5, 9], [2, 3, 5], [6], [3, 5, 9], [1], [5, 7, 9], [8], [4], [2, 3, 7]], [[8], [1, 2, 3, 4], [1, 2, 3, 9], [3, 4, 9], [3, 4, 6, 7, 9], [4, 6, 7, 9], [5], [2, 3, 7, 9], [2, 3, 6, 7]], [[7], [1, 2, 3, 5, 6, 8], [4], [3, 5], [2, 3, 5], [1, 5], [9], [1, 2, 3, 8], [2, 3, 6, 8]], [[1, 2, 3, 5, 6], [1, 2, 3, 5, 6], [1, 2, 3], [7], [2, 3, 4, 5, 9], [8], [1, 2, 3, 4, 6], [1, 2, 3], [2, 3, 4, 6]], [[1, 2, 3], [9], [1, 2, 3, 8], [6], [2, 3, 4], [1, 4], [1, 2, 3, 4], [5], [2, 3, 4, 7, 8]]]]
INFO:root:8456:Doing checkSmall1
INFO:root:8456:Getting tiny MUSes, distance 1, for 207 puzlits, 1 repeats
INFO:root:8493:Chunked 207 in [13, 13, 13, 13, 13, 13, 13, 13, 13, 13, 13, 13, 13, 13, 13, 12]
INFO:root:8542:XX found first (6, 8) is 7 1
INFO:root:8542:XX found first (4, 5) is 8 1
INFO:root:8543:XX found first (8, 5) is 9 1
INFO:root:8543:XX found first (9, 9) is 7 1
INFO:root:8543:XX found first (2, 5) is 7 1
INFO:root:8555:Early exit from checkSmall1
INFO:root:8576:Starting Step 3
INFO:root:9069:Current state [[[[1, 2, 4, 9], [7], [1, 2, 8, 9], [4, 5, 8, 9], [4, 5, 8, 9], [3], [1, 2, 4], [6], [2, 4, 5, 8]], [[3, 4, 6, 9], [3, 4, 6, 8], [3, 8, 9], [1], [7], [2], [3, 4], [3, 8], [3, 4, 5, 8]], [[1, 2, 3, 4, 6], [1, 2, 3, 4, 6, 8], [5], [4, 8], [4, 6, 8], [4, 6], [7], [1, 2, 3, 8], [9]], [[3, 4, 5, 9], [3, 4, 5], [7], [2], [8], [4, 5, 6, 9], [3, 6], [3, 9], [1]], [[2, 3, 5, 9], [2, 3, 5], [6], [3, 5, 9], [1], [5, 7, 9], [8], [4], [2, 3, 7]], [[8], [1, 2, 3, 4], [1, 2, 3, 9], [3, 4, 9], [3, 4, 6, 7, 9], [4, 6, 7, 9], [5], [7], [2, 3, 6, 7]], [[7], [1, 2, 3, 5, 6, 8], [4], [3, 5], [2, 3, 5], [1, 5], [9], [1, 2, 3, 8], [2, 3, 6, 8]], [[1, 2, 3, 5, 6], [1, 2, 3, 5, 6], [1, 2, 3], [7], [9], [8], [1, 2, 3, 4, 6], [1, 2, 3], [2, 3, 4, 6]], [[1, 2, 3], [9], [1, 2, 3, 8], [6], [2, 3, 4], [1, 4], [1, 2, 3, 4], [5], [7]]]]
INFO:root:9070:Doing checkSmall1
INFO:root:9070:Getting tiny MUSes, distance 1, for 202 puzlits, 1 repeats
INFO:root:9105:Chunked 202 in [13, 13, 13, 13, 13, 13, 13, 13, 13, 13, 12, 12, 12, 12, 12, 12]
INFO:root:9145:XX found first (6, 5) is not 9 1
INFO:root:9145:XX found first (2, 5) is not 6 1
INFO:root:9145:XX found first (4, 5) is not 5 1
INFO:root:9145:XX found first (2, 5) is not 5 1
INFO:root:9145:XX found first (9, 9) is not 3 1
INFO:root:9145:XX found first (1, 5) is not 8 1
INFO:root:9145:XX found first (6, 6) is not 7 1
INFO:root:9146:XX found first (5, 9) is not 7 1
INFO:root:9146:XX found first (9, 9) is not 2 1
INFO:root:9146:XX found first (6, 9) is not 7 1
INFO:root:9146:XX found first (1, 5) is not 9 1
INFO:root:9146:XX found first (4, 5) is not 6 1
INFO:root:9146:XX found first (9, 9) is not 4 1
INFO:root:9146:XX found first (4, 5) is not 9 1
INFO:root:9146:XX found first (8, 5) is not 2 1
INFO:root:9146:XX found first (8, 5) is not 5 1
INFO:root:9146:XX found first (6, 8) is not 3 1
INFO:root:9146:XX found first (6, 8) is not 9 1
INFO:root:9146:XX found first (4, 5) is not 4 1
INFO:root:9146:XX found first (4, 5) is not 3 1
INFO:root:9146:XX found first (6, 5) is not 7 1
INFO:root:9146:XX found first (6, 8) is not 2 1
INFO:root:9146:XX found first (3, 5) is not 8 1
INFO:root:9146:XX found first (2, 5) is not 9 1
INFO:root:9146:XX found first (2, 5) is not 4 1
INFO:root:9146:XX found first (9, 9) is not 8 1
INFO:root:9146:XX found first (8, 5) is not 4 1
INFO:root:9146:XX found first (8, 5) is not 3 1
INFO:root:9146:XX found first (2, 5) is not 8 1
INFO:root:9159:Early exit from checkSmall1
INFO:root:9170:Starting Step 4
INFO:root:9689:Current state [[[[1, 2, 4, 9], [7], [1, 2, 8, 9], [4, 5, 8, 9], [4, 5], [3], [1, 2, 4], [6], [2, 4, 5, 8]], [[3, 4, 6, 9], [3, 4, 6, 8], [3, 8, 9], [1], [7], [2], [3, 4], [3, 8], [3, 4, 5, 8]], [[1, 2, 3, 4, 6], [1, 2, 3, 4, 6, 8], [5], [4, 8], [4, 6], [4, 6], [7], [1, 2, 3, 8], [9]], [[3, 4, 5, 9], [3, 4, 5], [7], [2], [8], [4, 5, 6, 9], [3, 6], [3, 9], [1]], [[2, 3, 5, 9], [2, 3, 5], [6], [3, 5, 9], [1], [5, 7, 9], [8], [4], [2, 3]], [[8], [1, 2, 3, 4], [1, 2, 3, 9], [3, 4, 9], [3, 4, 6], [4, 6, 9], [5], [7], [2, 3, 6]], [[7], [1, 2, 3, 5, 6, 8], [4], [3, 5], [2, 3, 5], [1, 5], [9], [1, 2, 3, 8], [2, 3, 6, 8]], [[1, 2, 3, 5, 6], [1, 2, 3, 5, 6], [1, 2, 3], [7], [9], [8], [1, 2, 3, 4, 6], [1, 2, 3], [2, 3, 4, 6]], [[1, 2, 3], [9], [1, 2, 3, 8], [6], [2, 3, 4], [1, 4], [1, 2, 3, 4], [5], [7]]]]
INFO:root:9690:Doing checkSmall1
INFO:root:9690:Getting tiny MUSes, distance 1, for 173 puzlits, 1 repeats
INFO:root:9725:Chunked 173 in [11, 11, 11, 11, 11, 11, 11, 11, 11, 11, 11, 11, 11, 10, 10, 10]
INFO:root:9763:XX found first (1, 4) is 9 1
INFO:root:9763:XX found first (2, 9) is 5 1
INFO:root:9763:XX found first (5, 6) is 7 1
INFO:root:9764:XX found first (9, 3) is 8 1
INFO:root:9764:XX found first (4, 8) is 9 1
INFO:root:9775:Early exit from checkSmall1
INFO:root:9796:Starting Step 5
INFO:root:10315:Current state [[[[1, 2, 4, 9], [7], [1, 2, 8, 9], [9], [4, 5], [3], [1, 2, 4], [6], [2, 4, 5, 8]], [[3, 4, 6, 9], [3, 4, 6, 8], [3, 8, 9], [1], [7], [2], [3, 4], [3, 8], [5]], [[1, 2, 3, 4, 6], [1, 2, 3, 4, 6, 8], [5], [4, 8], [4, 6], [4, 6], [7], [1, 2, 3, 8], [9]], [[3, 4, 5, 9], [3, 4, 5], [7], [2], [8], [4, 5, 6, 9], [3, 6], [9], [1]], [[2, 3, 5, 9], [2, 3, 5], [6], [3, 5, 9], [1], [7], [8], [4], [2, 3]], [[8], [1, 2, 3, 4], [1, 2, 3, 9], [3, 4, 9], [3, 4, 6], [4, 6, 9], [5], [7], [2, 3, 6]], [[7], [1, 2, 3, 5, 6, 8], [4], [3, 5], [2, 3, 5], [1, 5], [9], [1, 2, 3, 8], [2, 3, 6, 8]], [[1, 2, 3, 5, 6], [1, 2, 3, 5, 6], [1, 2, 3], [7], [9], [8], [1, 2, 3, 4, 6], [1, 2, 3], [2, 3, 4, 6]], [[1, 2, 3], [9], [8], [6], [2, 3, 4], [1, 4], [1, 2, 3, 4], [5], [7]]]]
INFO:root:10316:Doing checkSmall1
INFO:root:10316:Getting tiny MUSes, distance 1, for 168 puzlits, 1 repeats
INFO:root:10351:Chunked 168 in [11, 11, 11, 11, 11, 11, 11, 11, 10, 10, 10, 10, 10, 10, 10, 10]
INFO:root:10387:XX found first (5, 6) is not 9 1
INFO:root:10387:XX found first (1, 4) is not 8 1
INFO:root:10387:XX found first (4, 6) is not 9 1
INFO:root:10387:XX found first (9, 3) is not 2 1
INFO:root:10387:XX found first (2, 9) is not 3 1
INFO:root:10387:XX found first (1, 4) is not 4 1
INFO:root:10387:XX found first (5, 4) is not 9 1
INFO:root:10387:XX found first (6, 4) is not 9 1
INFO:root:10387:XX found first (7, 2) is not 8 1
INFO:root:10387:XX found first (9, 3) is not 1 1
INFO:root:10387:XX found first (9, 3) is not 3 1
INFO:root:10388:XX found first (2, 9) is not 4 1
INFO:root:10388:XX found first (1, 1) is not 9 1
INFO:root:10388:XX found first (1, 9) is not 5 1
INFO:root:10388:XX found first (2, 3) is not 8 1
INFO:root:10388:XX found first (4, 8) is not 3 1
INFO:root:10388:XX found first (1, 3) is not 9 1
INFO:root:10388:XX found first (1, 4) is not 5 1
INFO:root:10388:XX found first (1, 3) is not 8 1
INFO:root:10388:XX found first (4, 1) is not 9 1
INFO:root:10388:XX found first (2, 9) is not 8 1
INFO:root:10388:XX found first (5, 6) is not 5 1
INFO:root:10400:Early exit from checkSmall1
INFO:root:10410:Starting Step 6
INFO:root:10945:Current state [[[[1, 2, 4], [7], [1, 2], [9], [4, 5], [3], [1, 2, 4], [6], [2, 4, 8]], [[3, 4, 6, 9], [3, 4, 6, 8], [3, 9], [1], [7], [2], [3, 4], [3, 8], [5]], [[1, 2, 3, 4, 6], [1, 2, 3, 4, 6, 8], [5], [4, 8], [4, 6], [4, 6], [7], [1, 2, 3, 8], [9]], [[3, 4, 5], [3, 4, 5], [7], [2], [8], [4, 5, 6], [3, 6], [9], [1]], [[2, 3, 5, 9], [2, 3, 5], [6], [3, 5], [1], [7], [8], [4], [2, 3]], [[8], [1, 2, 3, 4], [1, 2, 3, 9], [3, 4], [3, 4, 6], [4, 6, 9], [5], [7], [2, 3, 6]], [[7], [1, 2, 3, 5, 6], [4], [3, 5], [2, 3, 5], [1, 5], [9], [1, 2, 3, 8], [2, 3, 6, 8]], [[1, 2, 3, 5, 6], [1, 2, 3, 5, 6], [1, 2, 3], [7], [9], [8], [1, 2, 3, 4, 6], [1, 2, 3], [2, 3, 4, 6]], [[1, 2, 3], [9], [8], [6], [2, 3, 4], [1, 4], [1, 2, 3, 4], [5], [7]]]]
INFO:root:10945:Doing checkSmall1
INFO:root:10945:Getting tiny MUSes, distance 1, for 146 puzlits, 1 repeats
INFO:root:10980:Chunked 146 in [10, 10, 9, 9, 9, 9, 9, 9, 9, 9, 9, 9, 9, 9, 9, 9]
INFO:root:11013:XX found first (5, 1) is 9 1
INFO:root:11013:XX found first (6, 6) is 9 1
INFO:root:11013:XX found first (1, 5) is 5 1
INFO:root:11013:XX found first (1, 9) is 8 1
INFO:root:11013:XX found first (3, 4) is 8 1
INFO:root:11026:Early exit from checkSmall1
INFO:root:11047:Starting Step 7
INFO:root:11587:Current state [[[[1, 2, 4], [7], [1, 2], [9], [5], [3], [1, 2, 4], [6], [8]], [[3, 4, 6, 9], [3, 4, 6, 8], [3, 9], [1], [7], [2], [3, 4], [3, 8], [5]], [[1, 2, 3, 4, 6], [1, 2, 3, 4, 6, 8], [5], [8], [4, 6], [4, 6], [7], [1, 2, 3, 8], [9]], [[3, 4, 5], [3, 4, 5], [7], [2], [8], [4, 5, 6], [3, 6], [9], [1]], [[9], [2, 3, 5], [6], [3, 5], [1], [7], [8], [4], [2, 3]], [[8], [1, 2, 3, 4], [1, 2, 3, 9], [3, 4], [3, 4, 6], [9], [5], [7], [2, 3, 6]], [[7], [1, 2, 3, 5, 6], [4], [3, 5], [2, 3, 5], [1, 5], [9], [1, 2, 3, 8], [2, 3, 6, 8]], [[1, 2, 3, 5, 6], [1, 2, 3, 5, 6], [1, 2, 3], [7], [9], [8], [1, 2, 3, 4, 6], [1, 2, 3], [2, 3, 4, 6]], [[1, 2, 3], [9], [8], [6], [2, 3, 4], [1, 4], [1, 2, 3, 4], [5], [7]]]]
INFO:root:11587:Doing checkSmall1
INFO:root:11588:Getting tiny MUSes, distance 1, for 141 puzlits, 1 repeats
INFO:root:11623:Chunked 141 in [9, 9, 9, 9, 9, 9, 9, 9, 9, 9, 9, 9, 9, 8, 8, 8]
INFO:root:11655:XX found first (3, 2) is not 8 1
INFO:root:11655:XX found first (7, 5) is not 5 1
INFO:root:11656:XX found first (6, 3) is not 9 1
INFO:root:11656:XX found first (5, 1) is not 3 1
INFO:root:11656:XX found first (1, 9) is not 2 1
INFO:root:11656:XX found first (5, 1) is not 5 1
INFO:root:11656:XX found first (1, 9) is not 4 1
INFO:root:11656:XX found first (1, 5) is not 4 1
INFO:root:11656:XX found first (7, 9) is not 8 1
INFO:root:11656:XX found first (6, 6) is not 6 1
INFO:root:11656:XX found first (6, 6) is not 4 1
INFO:root:11656:XX found first (5, 1) is not 2 1
INFO:root:11656:XX found first (2, 1) is not 9 1
INFO:root:11656:XX found first (2, 8) is not 8 1
INFO:root:11656:XX found first (3, 8) is not 8 1
INFO:root:11656:XX found first (3, 4) is not 4 1
INFO:root:11668:Early exit from checkSmall1
INFO:root:11677:Starting Step 8
INFO:root:12229:Current state [[[[1, 2, 4], [7], [1, 2], [9], [5], [3], [1, 2, 4], [6], [8]], [[3, 4, 6], [3, 4, 6, 8], [3, 9], [1], [7], [2], [3, 4], [3], [5]], [[1, 2, 3, 4, 6], [1, 2, 3, 4, 6], [5], [8], [4, 6], [4, 6], [7], [1, 2, 3], [9]], [[3, 4, 5], [3, 4, 5], [7], [2], [8], [4, 5, 6], [3, 6], [9], [1]], [[9], [2, 3, 5], [6], [3, 5], [1], [7], [8], [4], [2, 3]], [[8], [1, 2, 3, 4], [1, 2, 3], [3, 4], [3, 4, 6], [9], [5], [7], [2, 3, 6]], [[7], [1, 2, 3, 5, 6], [4], [3, 5], [2, 3], [1, 5], [9], [1, 2, 3, 8], [2, 3, 6]], [[1, 2, 3, 5, 6], [1, 2, 3, 5, 6], [1, 2, 3], [7], [9], [8], [1, 2, 3, 4, 6], [1, 2, 3], [2, 3, 4, 6]], [[1, 2, 3], [9], [8], [6], [2, 3, 4], [1, 4], [1, 2, 3, 4], [5], [7]]]]
INFO:root:12229:Doing checkSmall1
INFO:root:12229:Getting tiny MUSes, distance 1, for 125 puzlits, 1 repeats
INFO:root:12265:Chunked 125 in [8, 8, 8, 8, 8, 8, 8, 8, 8, 8, 8, 8, 8, 7, 7, 7]
INFO:root:12289:XX found first (2, 8) is 3 1
INFO:root:12290:XX found first (7, 8) is 8 1
INFO:root:12290:XX found first (2, 3) is 9 1
INFO:root:12290:XX found first (2, 2) is 8 1
INFO:root:12290:XX found first (8, 9) is 4 1
INFO:root:12290:XX found first (6, 4) is 4 1
INFO:root:12302:Early exit from checkSmall1
INFO:root:12328:Starting Step 9
INFO:root:12885:Current state [[[[1, 2, 4], [7], [1, 2], [9], [5], [3], [1, 2, 4], [6], [8]], [[3, 4, 6], [8], [9], [1], [7], [2], [3, 4], [3], [5]], [[1, 2, 3, 4, 6], [1, 2, 3, 4, 6], [5], [8], [4, 6], [4, 6], [7], [1, 2, 3], [9]], [[3, 4, 5], [3, 4, 5], [7], [2], [8], [4, 5, 6], [3, 6], [9], [1]], [[9], [2, 3, 5], [6], [3, 5], [1], [7], [8], [4], [2, 3]], [[8], [1, 2, 3, 4], [1, 2, 3], [4], [3, 4, 6], [9], [5], [7], [2, 3, 6]], [[7], [1, 2, 3, 5, 6], [4], [3, 5], [2, 3], [1, 5], [9], [8], [2, 3, 6]], [[1, 2, 3, 5, 6], [1, 2, 3, 5, 6], [1, 2, 3], [7], [9], [8], [1, 2, 3, 4, 6], [1, 2, 3], [4]], [[1, 2, 3], [9], [8], [6], [2, 3, 4], [1, 4], [1, 2, 3, 4], [5], [7]]]]
INFO:root:12885:Doing checkSmall1
INFO:root:12885:Getting tiny MUSes, distance 1, for 119 puzlits, 1 repeats
INFO:root:12921:Chunked 119 in [8, 8, 8, 8, 8, 8, 8, 7, 7, 7, 7, 7, 7, 7, 7, 7]
INFO:root:12946:XX found first (2, 2) is not 6 1
INFO:root:12946:XX found first (2, 7) is not 3 1
INFO:root:12946:XX found first (8, 9) is not 2 1
INFO:root:12946:XX found first (8, 7) is not 4 1
INFO:root:12946:XX found first (7, 8) is not 2 1
INFO:root:12946:XX found first (2, 3) is not 3 1
INFO:root:12946:XX found first (2, 1) is not 3 1
INFO:root:12946:XX found first (8, 8) is not 3 1
INFO:root:12947:XX found first (7, 8) is not 1 1
INFO:root:12947:XX found first (3, 8) is not 3 1
INFO:root:12947:XX found first (6, 2) is not 4 1
INFO:root:12947:XX found first (8, 9) is not 3 1
INFO:root:12947:XX found first (2, 2) is not 4 1
INFO:root:12947:XX found first (2, 2) is not 3 1
INFO:root:12947:XX found first (8, 9) is not 6 1
INFO:root:12947:XX found first (9, 7) is not 4 1
INFO:root:12947:XX found first (6, 4) is not 3 1
INFO:root:12947:XX found first (7, 8) is not 3 1
INFO:root:12947:XX found first (4, 6) is not 4 1
INFO:root:12947:XX found first (6, 5) is not 4 1
INFO:root:12959:Early exit from checkSmall1
INFO:root:12969:Starting Step 10
INFO:root:13545:Current state [[[[1, 2, 4], [7], [1, 2], [9], [5], [3], [1, 2, 4], [6], [8]], [[4, 6], [8], [9], [1], [7], [2], [4], [3], [5]], [[1, 2, 3, 4, 6], [1, 2, 3, 4, 6], [5], [8], [4, 6], [4, 6], [7], [1, 2], [9]], [[3, 4, 5], [3, 4, 5], [7], [2], [8], [5, 6], [3, 6], [9], [1]], [[9], [2, 3, 5], [6], [3, 5], [1], [7], [8], [4], [2, 3]], [[8], [1, 2, 3], [1, 2, 3], [4], [3, 6], [9], [5], [7], [2, 3, 6]], [[7], [1, 2, 3, 5, 6], [4], [3, 5], [2, 3], [1, 5], [9], [8], [2, 3, 6]], [[1, 2, 3, 5, 6], [1, 2, 3, 5, 6], [1, 2, 3], [7], [9], [8], [1, 2, 3, 6], [1, 2], [4]], [[1, 2, 3], [9], [8], [6], [2, 3, 4], [1, 4], [1, 2, 3], [5], [7]]]]
INFO:root:13545:Doing checkSmall1
INFO:root:13545:Getting tiny MUSes, distance 1, for 99 puzlits, 1 repeats
INFO:root:13581:Chunked 99 in [7, 7, 7, 6, 6, 6, 6, 6, 6, 6, 6, 6, 6, 6, 6, 6]
INFO:root:13605:XX found first (2, 1) is 6 1
INFO:root:13605:XX found first (2, 7) is 4 1
INFO:root:13617:Early exit from checkSmall1
INFO:root:13629:Starting Step 11
INFO:root:14195:Current state [[[[1, 2, 4], [7], [1, 2], [9], [5], [3], [1, 2, 4], [6], [8]], [[6], [8], [9], [1], [7], [2], [4], [3], [5]], [[1, 2, 3, 4, 6], [1, 2, 3, 4, 6], [5], [8], [4, 6], [4, 6], [7], [1, 2], [9]], [[3, 4, 5], [3, 4, 5], [7], [2], [8], [5, 6], [3, 6], [9], [1]], [[9], [2, 3, 5], [6], [3, 5], [1], [7], [8], [4], [2, 3]], [[8], [1, 2, 3], [1, 2, 3], [4], [3, 6], [9], [5], [7], [2, 3, 6]], [[7], [1, 2, 3, 5, 6], [4], [3, 5], [2, 3], [1, 5], [9], [8], [2, 3, 6]], [[1, 2, 3, 5, 6], [1, 2, 3, 5, 6], [1, 2, 3], [7], [9], [8], [1, 2, 3, 6], [1, 2], [4]], [[1, 2, 3], [9], [8], [6], [2, 3, 4], [1, 4], [1, 2, 3], [5], [7]]]]
INFO:root:14196:Doing checkSmall1
INFO:root:14196:Getting tiny MUSes, distance 1, for 97 puzlits, 1 repeats
INFO:root:14231:Chunked 97 in [7, 6, 6, 6, 6, 6, 6, 6, 6, 6, 6, 6, 6, 6, 6, 6]
INFO:root:14255:XX found first (3, 1) is not 6 1
INFO:root:14255:XX found first (2, 1) is not 4 1
INFO:root:14255:XX found first (3, 2) is not 6 1
INFO:root:14255:XX found first (8, 1) is not 6 1
INFO:root:14255:XX found first (1, 7) is not 4 1
INFO:root:14267:Early exit from checkSmall1
INFO:root:14276:Starting Step 12
INFO:root:14854:Current state [[[[1, 2, 4], [7], [1, 2], [9], [5], [3], [1, 2], [6], [8]], [[6], [8], [9], [1], [7], [2], [4], [3], [5]], [[1, 2, 3, 4], [1, 2, 3, 4], [5], [8], [4, 6], [4, 6], [7], [1, 2], [9]], [[3, 4, 5], [3, 4, 5], [7], [2], [8], [5, 6], [3, 6], [9], [1]], [[9], [2, 3, 5], [6], [3, 5], [1], [7], [8], [4], [2, 3]], [[8], [1, 2, 3], [1, 2, 3], [4], [3, 6], [9], [5], [7], [2, 3, 6]], [[7], [1, 2, 3, 5, 6], [4], [3, 5], [2, 3], [1, 5], [9], [8], [2, 3, 6]], [[1, 2, 3, 5], [1, 2, 3, 5, 6], [1, 2, 3], [7], [9], [8], [1, 2, 3, 6], [1, 2], [4]], [[1, 2, 3], [9], [8], [6], [2, 3, 4], [1, 4], [1, 2, 3], [5], [7]]]]
INFO:root:14854:Doing checkSmall1
INFO:root:14855:Getting tiny MUSes, distance 1, for 92 puzlits, 1 repeats
INFO:root:14891:Chunked 92 in [6, 6, 6, 6, 6, 6, 6, 6, 6, 6, 6, 6, 5, 5, 5, 5]
INFO:root:14913:XX found first (1, 1) is 4 1
INFO:root:14925:Early exit from checkSmall1
INFO:root:14936:Starting Step 13
INFO:root:15513:Current state [[[[4], [7], [1, 2], [9], [5], [3], [1, 2], [6], [8]], [[6], [8], [9], [1], [7], [2], [4], [3], [5]], [[1, 2, 3, 4], [1, 2, 3, 4], [5], [8], [4, 6], [4, 6], [7], [1, 2], [9]], [[3, 4, 5], [3, 4, 5], [7], [2], [8], [5, 6], [3, 6], [9], [1]], [[9], [2, 3, 5], [6], [3, 5], [1], [7], [8], [4], [2, 3]], [[8], [1, 2, 3], [1, 2, 3], [4], [3, 6], [9], [5], [7], [2, 3, 6]], [[7], [1, 2, 3, 5, 6], [4], [3, 5], [2, 3], [1, 5], [9], [8], [2, 3, 6]], [[1, 2, 3, 5], [1, 2, 3, 5, 6], [1, 2, 3], [7], [9], [8], [1, 2, 3, 6], [1, 2], [4]], [[1, 2, 3], [9], [8], [6], [2, 3, 4], [1, 4], [1, 2, 3], [5], [7]]]]
INFO:root:15513:Doing checkSmall1
INFO:root:15513:Getting tiny MUSes, distance 1, for 91 puzlits, 1 repeats
INFO:root:15549:Chunked 91 in [6, 6, 6, 6, 6, 6, 6, 6, 6, 6, 6, 5, 5, 5, 5, 5]
INFO:root:15569:XX found first (1, 1) is not 2 1
INFO:root:15569:XX found first (4, 1) is not 4 1
INFO:root:15569:XX found first (3, 2) is not 4 1
INFO:root:15569:XX found first (1, 1) is not 1 1
INFO:root:15569:XX found first (3, 1) is not 4 1
INFO:root:15581:Early exit from checkSmall1
INFO:root:15590:Starting Step 14
INFO:root:16166:Current state [[[[4], [7], [1, 2], [9], [5], [3], [1, 2], [6], [8]], [[6], [8], [9], [1], [7], [2], [4], [3], [5]], [[1, 2, 3], [1, 2, 3], [5], [8], [4, 6], [4, 6], [7], [1, 2], [9]], [[3, 5], [3, 4, 5], [7], [2], [8], [5, 6], [3, 6], [9], [1]], [[9], [2, 3, 5], [6], [3, 5], [1], [7], [8], [4], [2, 3]], [[8], [1, 2, 3], [1, 2, 3], [4], [3, 6], [9], [5], [7], [2, 3, 6]], [[7], [1, 2, 3, 5, 6], [4], [3, 5], [2, 3], [1, 5], [9], [8], [2, 3, 6]], [[1, 2, 3, 5], [1, 2, 3, 5, 6], [1, 2, 3], [7], [9], [8], [1, 2, 3, 6], [1, 2], [4]], [[1, 2, 3], [9], [8], [6], [2, 3, 4], [1, 4], [1, 2, 3], [5], [7]]]]
INFO:root:16166:Doing checkSmall1
INFO:root:16166:Getting tiny MUSes, distance 1, for 86 puzlits, 1 repeats
INFO:root:16202:Chunked 86 in [6, 6, 6, 6, 6, 6, 5, 5, 5, 5, 5, 5, 5, 5, 5, 5]
INFO:root:16228:XX found first (4, 2) is 4 1
INFO:root:16240:Early exit from checkSmall1
INFO:root:16251:Starting Step 15
INFO:root:16833:Current state [[[[4], [7], [1, 2], [9], [5], [3], [1, 2], [6], [8]], [[6], [8], [9], [1], [7], [2], [4], [3], [5]], [[1, 2, 3], [1, 2, 3], [5], [8], [4, 6], [4, 6], [7], [1, 2], [9]], [[3, 5], [4], [7], [2], [8], [5, 6], [3, 6], [9], [1]], [[9], [2, 3, 5], [6], [3, 5], [1], [7], [8], [4], [2, 3]], [[8], [1, 2, 3], [1, 2, 3], [4], [3, 6], [9], [5], [7], [2, 3, 6]], [[7], [1, 2, 3, 5, 6], [4], [3, 5], [2, 3], [1, 5], [9], [8], [2, 3, 6]], [[1, 2, 3, 5], [1, 2, 3, 5, 6], [1, 2, 3], [7], [9], [8], [1, 2, 3, 6], [1, 2], [4]], [[1, 2, 3], [9], [8], [6], [2, 3, 4], [1, 4], [1, 2, 3], [5], [7]]]]
INFO:root:16833:Doing checkSmall1
INFO:root:16833:Getting tiny MUSes, distance 1, for 85 puzlits, 1 repeats
INFO:root:16869:Chunked 85 in [6, 6, 6, 6, 6, 5, 5, 5, 5, 5, 5, 5, 5, 5, 5, 5]
INFO:root:16890:XX found first (4, 2) is not 3 1
INFO:root:16890:XX found first (4, 2) is not 5 1
INFO:root:16902:Early exit from checkSmall1
INFO:root:16910:Starting Step 16
INFO:root:17486:Current state [[[[4], [7], [1, 2], [9], [5], [3], [1, 2], [6], [8]], [[6], [8], [9], [1], [7], [2], [4], [3], [5]], [[1, 2, 3], [1, 2, 3], [5], [8], [4, 6], [4, 6], [7], [1, 2], [9]], [[3, 5], [4], [7], [2], [8], [5, 6], [3, 6], [9], [1]], [[9], [2, 3, 5], [6], [3, 5], [1], [7], [8], [4], [2, 3]], [[8], [1, 2, 3], [1, 2, 3], [4], [3, 6], [9], [5], [7], [2, 3, 6]], [[7], [1, 2, 3, 5, 6], [4], [3, 5], [2, 3], [1, 5], [9], [8], [2, 3, 6]], [[1, 2, 3, 5], [1, 2, 3, 5, 6], [1, 2, 3], [7], [9], [8], [1, 2, 3, 6], [1, 2], [4]], [[1, 2, 3], [9], [8], [6], [2, 3, 4], [1, 4], [1, 2, 3], [5], [7]]]]
INFO:root:17487:Doing checkSmall1
INFO:root:17487:Getting tiny MUSes, distance 1, for 83 puzlits, 1 repeats
INFO:root:17522:Chunked 83 in [6, 6, 6, 5, 5, 5, 5, 5, 5, 5, 5, 5, 5, 5, 5, 5]
INFO:root:17588:Considering 100 * 83 jobs for minsize=3
INFO:root:17605:Chunked 8300 in [519, 519, 519, 519, 519, 519, 519, 519, 519, 519, 519, 519, 518, 518, 518, 518]
INFO:root:25174:Considering 100 * 83 jobs for minsize=4
INFO:root:25248:Chunked 8300 in [519, 519, 519, 519, 519, 519, 519, 519, 519, 519, 519, 519, 518, 518, 518, 518]
INFO:root:35343:!! Found smaller !!!! 3 4
INFO:root:35344:XX found first (7, 9) is not 2 3
INFO:root:35344:!! Found smaller !!!! 3 4
INFO:root:35344:XX add new best (7, 9) is not 2 3 3
INFO:root:35344:!! Found smaller !!!! 3 4
INFO:root:35344:XX found first (7, 2) is not 5 3
INFO:root:35344:!! Found smaller !!!! 3 4
INFO:root:35344:XX add new best (7, 2) is not 5 3 3
INFO:root:35344:!! Found smaller !!!! 3 4
INFO:root:35344:XX add new best (7, 9) is not 2 3 3
INFO:root:35344:!! Found smaller !!!! 3 4
INFO:root:35344:XX add new best (7, 2) is not 5 3 3
INFO:root:35344:!! Found smaller !!!! 3 4
INFO:root:35344:XX add new best (7, 2) is not 5 3 3
INFO:root:35345:!! Found smaller !!!! 3 4
INFO:root:35345:XX add new best (7, 9) is not 2 3 3
INFO:root:35345:!! Found smaller !!!! 3 4
INFO:root:35345:XX add new best (7, 2) is not 5 3 3
INFO:root:35345:!! Found smaller !!!! 3 4
INFO:root:35345:XX add new best (7, 2) is not 5 3 3
INFO:root:35345:!! Found smaller !!!! 3 4
INFO:root:35345:XX add new best (7, 2) is not 5 3 3
INFO:root:35345:!! Found smaller !!!! 3 4
INFO:root:35345:XX add new best (7, 9) is not 2 3 3
INFO:root:35345:!! Found smaller !!!! 3 4
INFO:root:35345:XX add new best (7, 9) is not 2 3 3
INFO:root:35345:!! Found smaller !!!! 3 4
INFO:root:35345:XX add new best (7, 2) is not 5 3 3
INFO:root:35345:!! Found smaller !!!! 3 4
INFO:root:35345:XX add new best (7, 2) is not 5 3 3
INFO:root:35346:!! Found smaller !!!! 3 4
INFO:root:35346:XX add new best (7, 2) is not 5 3 3
INFO:root:35346:!! Found smaller !!!! 3 4
INFO:root:35346:XX add new best (7, 9) is not 2 3 3
INFO:root:35346:!! Found smaller !!!! 3 4
INFO:root:35346:XX add new best (7, 2) is not 5 3 3
INFO:root:35346:!! Found smaller !!!! 3 4
INFO:root:35346:XX add new best (7, 2) is not 5 3 3
INFO:root:35346:!! Found smaller !!!! 3 4
INFO:root:35346:XX add new best (7, 2) is not 5 3 3
INFO:root:35346:!! Found smaller !!!! 3 4
INFO:root:35346:XX add new best (7, 2) is not 5 3 3
INFO:root:35346:!! Found smaller !!!! 3 4
INFO:root:35346:XX add new best (7, 9) is not 2 3 3
INFO:root:35346:!! Found smaller !!!! 3 4
INFO:root:35346:XX add new best (7, 2) is not 5 3 3
INFO:root:35347:!! Found smaller !!!! 3 4
INFO:root:35347:XX add new best (7, 9) is not 2 3 3
INFO:root:35347:!! Found smaller !!!! 3 4
INFO:root:35347:XX add new best (7, 9) is not 2 3 3
INFO:root:35347:!! Found smaller !!!! 3 4
INFO:root:35347:XX add new best (7, 2) is not 5 3 3
INFO:root:35347:!! Found smaller !!!! 3 4
INFO:root:35347:XX add new best (7, 9) is not 2 3 3
INFO:root:35347:!! Found smaller !!!! 3 4
INFO:root:35347:XX add new best (7, 2) is not 5 3 3
INFO:root:35347:!! Found smaller !!!! 3 4
INFO:root:35347:XX add new best (7, 2) is not 5 3 3
INFO:root:35347:!! Found smaller !!!! 3 4
INFO:root:35347:XX add new best (7, 2) is not 5 3 3
INFO:root:35348:!! Found smaller !!!! 3 4
INFO:root:35348:XX add new best (7, 2) is not 5 3 3
INFO:root:35348:!! Found smaller !!!! 3 4
INFO:root:35348:XX add new best (7, 2) is not 5 3 3
INFO:root:35348:!! Found smaller !!!! 3 4
INFO:root:35348:XX add new best (7, 9) is not 2 3 3
INFO:root:35348:!! Found smaller !!!! 3 4
INFO:root:35348:XX add new best (7, 2) is not 5 3 3
INFO:root:35348:!! Found smaller !!!! 3 4
INFO:root:35348:XX add new best (7, 9) is not 2 3 3
INFO:root:35348:!! Found smaller !!!! 3 4
INFO:root:35348:XX add new best (7, 9) is not 2 3 3
INFO:root:35348:!! Found smaller !!!! 3 4
INFO:root:35348:XX add new best (7, 2) is not 5 3 3
INFO:root:35348:!! Found smaller !!!! 3 4
INFO:root:35348:XX add new best (7, 2) is not 5 3 3
INFO:root:35349:!! Found smaller !!!! 3 4
INFO:root:35349:XX add new best (7, 9) is not 2 3 3
INFO:root:35349:!! Found smaller !!!! 3 4
INFO:root:35349:XX add new best (7, 2) is not 5 3 3
INFO:root:35349:!! Found smaller !!!! 3 4
INFO:root:35349:XX add new best (7, 9) is not 2 3 3
INFO:root:35349:!! Found smaller !!!! 3 4
INFO:root:35349:XX add new best (7, 9) is not 2 3 3
INFO:root:35349:!! Found smaller !!!! 3 4
INFO:root:35349:XX add new best (7, 2) is not 5 3 3
INFO:root:35349:!! Found smaller !!!! 3 4
INFO:root:35349:XX add new best (7, 2) is not 5 3 3
INFO:root:35349:!! Found smaller !!!! 3 4
INFO:root:35349:XX add new best (7, 2) is not 5 3 3
INFO:root:35349:!! Found smaller !!!! 3 4
INFO:root:35349:XX add new best (7, 2) is not 5 3 3
INFO:root:35350:!! Found smaller !!!! 3 4
INFO:root:35350:XX add new best (7, 2) is not 5 3 3
INFO:root:35350:!! Found smaller !!!! 3 4
INFO:root:35350:XX add new best (7, 2) is not 5 3 3
INFO:root:35350:!! Found smaller !!!! 3 4
INFO:root:35350:XX add new best (7, 2) is not 5 3 3
INFO:root:35350:!! Found smaller !!!! 3 4
INFO:root:35350:XX add new best (7, 2) is not 5 3 3
INFO:root:35350:!! Found smaller !!!! 3 4
INFO:root:35350:XX add new best (7, 9) is not 2 3 3
INFO:root:35350:!! Found smaller !!!! 3 4
INFO:root:35350:XX add new best (7, 2) is not 5 3 3
INFO:root:35350:!! Found smaller !!!! 3 4
INFO:root:35350:XX add new best (7, 2) is not 5 3 3
INFO:root:35350:!! Found smaller !!!! 3 4
INFO:root:35350:XX add new best (7, 2) is not 5 3 3
INFO:root:35351:!! Found smaller !!!! 3 4
INFO:root:35351:XX add new best (7, 2) is not 5 3 3
INFO:root:35351:!! Found smaller !!!! 3 4
INFO:root:35351:XX add new best (7, 2) is not 5 3 3
INFO:root:35351:!! Found smaller !!!! 3 4
INFO:root:35351:XX add new best (7, 2) is not 5 3 3
INFO:root:35351:!! Found smaller !!!! 3 4
INFO:root:35351:XX add new best (7, 9) is not 2 3 3
INFO:root:35351:!! Found smaller !!!! 3 4
INFO:root:35351:XX add new best (7, 2) is not 5 3 3
INFO:root:35351:!! Found smaller !!!! 3 4
INFO:root:35351:XX add new best (7, 2) is not 5 3 3
INFO:root:35351:!! Found smaller !!!! 3 4
INFO:root:35351:XX add new best (7, 2) is not 5 3 3
INFO:root:35351:!! Found smaller !!!! 3 4
INFO:root:35351:XX add new best (7, 9) is not 2 3 3
INFO:root:35351:!! Found smaller !!!! 3 4
INFO:root:35352:XX add new best (7, 2) is not 5 3 3
INFO:root:35352:!! Found smaller !!!! 3 4
INFO:root:35352:XX add new best (7, 9) is not 2 3 3
INFO:root:35439:Minimal choices : 2 [(7, 2) is not 5, (7, 9) is not 2]
INFO:root:35440:Starting Step 17
INFO:root:36025:Current state [[[[4], [7], [1, 2], [9], [5], [3], [1, 2], [6], [8]], [[6], [8], [9], [1], [7], [2], [4], [3], [5]], [[1, 2, 3], [1, 2, 3], [5], [8], [4, 6], [4, 6], [7], [1, 2], [9]], [[3, 5], [4], [7], [2], [8], [5, 6], [3, 6], [9], [1]], [[9], [2, 3, 5], [6], [3, 5], [1], [7], [8], [4], [2, 3]], [[8], [1, 2, 3], [1, 2, 3], [4], [3, 6], [9], [5], [7], [2, 3, 6]], [[7], [1, 2, 3, 5, 6], [4], [3, 5], [2, 3], [1, 5], [9], [8], [2, 3, 6]], [[1, 2, 3, 5], [1, 2, 3, 5, 6], [1, 2, 3], [7], [9], [8], [1, 2, 6], [1, 2], [4]], [[1, 2, 3], [9], [8], [6], [2, 3, 4], [1, 4], [1, 2, 3], [5], [7]]]]
INFO:root:36025:Doing checkSmall1
INFO:root:36025:Getting tiny MUSes, distance 1, for 82 puzlits, 1 repeats
INFO:root:36063:Chunked 82 in [6, 6, 5, 5, 5, 5, 5, 5, 5, 5, 5, 5, 5, 5, 5, 5]
INFO:root:36138:Chunked 64 in [4, 4, 4, 4, 4, 4, 4, 4, 4, 4, 4, 4, 4, 4, 4, 4]
INFO:root:36171:XX found first (7, 9) is not 2 3
INFO:root:36172:XX found first (7, 2) is not 5 3
INFO:root:36172:XX add new best (7, 2) is not 5 3 3
INFO:root:36172:XX add new best (7, 9) is not 2 3 3
INFO:root:36172:XX add new best (7, 9) is not 2 3 3
INFO:root:36172:XX add new best (7, 9) is not 2 3 3
INFO:root:36172:XX add new best (7, 9) is not 2 3 3
INFO:root:36172:XX add new best (7, 9) is not 2 3 3
INFO:root:36172:XX add new best (7, 2) is not 5 3 3
INFO:root:36172:XX add new best (7, 9) is not 2 3 3
INFO:root:36172:XX add new best (7, 2) is not 5 3 3
INFO:root:36172:XX add new best (7, 2) is not 5 3 3
INFO:root:36172:XX add new best (7, 2) is not 5 3 3
INFO:root:36172:XX add new best (7, 9) is not 2 3 3
INFO:root:36173:XX add new best (7, 2) is not 5 3 3
INFO:root:36173:XX add new best (7, 2) is not 5 3 3
INFO:root:36173:XX add new best (7, 2) is not 5 3 3
INFO:root:36173:XX add new best (7, 2) is not 5 3 3
INFO:root:36173:XX add new best (7, 2) is not 5 3 3
INFO:root:36173:XX add new best (7, 2) is not 5 3 3
INFO:root:36173:XX add new best (7, 2) is not 5 3 3
INFO:root:36173:XX add new best (7, 2) is not 5 3 3
INFO:root:36173:XX add new best (7, 2) is not 5 3 3
INFO:root:36173:XX add new best (7, 9) is not 2 3 3
INFO:root:36173:XX add new best (7, 9) is not 2 3 3
INFO:root:36173:XX add new best (7, 2) is not 5 3 3
INFO:root:36173:XX add new best (7, 2) is not 5 3 3
INFO:root:36173:XX add new best (7, 2) is not 5 3 3
INFO:root:36173:XX add new best (7, 2) is not 5 3 3
INFO:root:36174:XX add new best (7, 2) is not 5 3 3
INFO:root:36174:XX add new best (7, 2) is not 5 3 3
INFO:root:36174:XX add new best (7, 9) is not 2 3 3
INFO:root:36174:XX add new best (7, 2) is not 5 3 3
INFO:root:36174:XX add new best (7, 9) is not 2 3 3
INFO:root:36174:XX add new best (7, 2) is not 5 3 3
INFO:root:36174:XX add new best (7, 2) is not 5 3 3
INFO:root:36174:XX add new best (7, 2) is not 5 3 3
INFO:root:36174:XX add new best (7, 2) is not 5 3 3
INFO:root:36174:XX add new best (7, 2) is not 5 3 3
INFO:root:36174:XX add new best (7, 2) is not 5 3 3
INFO:root:36174:XX add new best (7, 9) is not 2 3 3
INFO:root:36174:XX add new best (7, 2) is not 5 3 3
INFO:root:36174:XX add new best (7, 2) is not 5 3 3
INFO:root:36175:XX add new best (7, 2) is not 5 3 3
INFO:root:36175:XX add new best (7, 2) is not 5 3 3
INFO:root:36175:XX add new best (7, 9) is not 2 3 3
INFO:root:36175:XX add new best (7, 2) is not 5 3 3
INFO:root:36175:XX add new best (7, 2) is not 5 3 3
INFO:root:36175:XX add new best (7, 2) is not 5 3 3
INFO:root:36175:XX add new best (7, 9) is not 2 3 3
INFO:root:36175:XX add new best (7, 2) is not 5 3 3
INFO:root:36175:XX add new best (7, 9) is not 2 3 3
INFO:root:36175:XX add new best (7, 2) is not 5 3 3
INFO:root:36175:XX add new best (7, 9) is not 2 3 3
INFO:root:36175:XX add new best (7, 2) is not 5 3 3
INFO:root:36175:XX add new best (7, 2) is not 5 3 3
INFO:root:36175:XX add new best (7, 9) is not 2 3 3
INFO:root:36175:XX add new best (7, 9) is not 2 3 3
INFO:root:36176:XX add new best (7, 2) is not 5 3 3
INFO:root:36176:XX add new best (7, 2) is not 5 3 3
INFO:root:36176:XX add new best (7, 9) is not 2 3 3
INFO:root:36176:XX add new best (7, 2) is not 5 3 3
INFO:root:36176:XX add new best (7, 9) is not 2 3 3
INFO:root:36176:XX add new best (7, 2) is not 5 3 3
INFO:root:36225:Considering 100 * 82 jobs for minsize=3
INFO:root:36242:Chunked 8200 in [513, 513, 513, 513, 513, 513, 513, 513, 512, 512, 512, 512, 512, 512, 512, 512]
INFO:root:43816:Minimal choices : 2 [(7, 2) is not 5, (7, 9) is not 2]
INFO:root:43817:Starting Step 18
INFO:root:44397:Current state [[[[4], [7], [1, 2], [9], [5], [3], [1, 2], [6], [8]], [[6], [8], [9], [1], [7], [2], [4], [3], [5]], [[1, 2, 3], [1, 2, 3], [5], [8], [4, 6], [4, 6], [7], [1, 2], [9]], [[3, 5], [4], [7], [2], [8], [5, 6], [3, 6], [9], [1]], [[9], [2, 3, 5], [6], [3, 5], [1], [7], [8], [4], [2]], [[8], [1, 2, 3], [1, 2, 3], [4], [3, 6], [9], [5], [7], [2, 3, 6]], [[7], [1, 2, 3, 5, 6], [4], [3, 5], [2, 3], [1, 5], [9], [8], [2, 3, 6]], [[1, 2, 3, 5], [1, 2, 3, 5, 6], [1, 2, 3], [7], [9], [8], [1, 2, 6], [1, 2], [4]], [[1, 2, 3], [9], [8], [6], [2, 3, 4], [1, 4], [1, 2, 3], [5], [7]]]]
INFO:root:44397:Doing checkSmall1
INFO:root:44397:Getting tiny MUSes, distance 1, for 81 puzlits, 1 repeats
INFO:root:44436:Chunked 81 in [6, 5, 5, 5, 5, 5, 5, 5, 5, 5, 5, 5, 5, 5, 5, 5]
INFO:root:44463:XX found first (5, 9) is 2 1
INFO:root:44476:Early exit from checkSmall1
INFO:root:44487:Starting Step 19
INFO:root:45077:Current state [[[[4], [7], [1, 2], [9], [5], [3], [1, 2], [6], [8]], [[6], [8], [9], [1], [7], [2], [4], [3], [5]], [[1, 2, 3], [1, 2, 3], [5], [8], [4, 6], [4, 6], [7], [1, 2], [9]], [[3, 5], [4], [7], [2], [8], [5, 6], [3, 6], [9], [1]], [[9], [2, 3, 5], [6], [3, 5], [1], [7], [8], [4], [2]], [[8], [1, 2, 3], [1, 2, 3], [4], [3, 6], [9], [5], [7], [2, 3, 6]], [[7], [1, 2, 3, 5, 6], [4], [3, 5], [2, 3], [1, 5], [9], [8], [2, 3, 6]], [[1, 2, 3, 5], [1, 2, 3, 5, 6], [1, 2, 3], [7], [9], [8], [1, 2, 6], [1, 2], [4]], [[1, 2, 3], [9], [8], [6], [2, 3, 4], [1, 4], [1, 2, 3], [5], [7]]]]
INFO:root:45077:Doing checkSmall1
INFO:root:45077:Getting tiny MUSes, distance 1, for 80 puzlits, 1 repeats
INFO:root:45114:Chunked 80 in [5, 5, 5, 5, 5, 5, 5, 5, 5, 5, 5, 5, 5, 5, 5, 5]
INFO:root:45137:XX found first (5, 2) is not 2 1
INFO:root:45138:XX found first (6, 9) is not 2 1
INFO:root:45138:XX found first (7, 9) is not 2 1
INFO:root:45151:Early exit from checkSmall1
INFO:root:45160:Starting Step 20
INFO:root:45740:Current state [[[[4], [7], [1, 2], [9], [5], [3], [1, 2], [6], [8]], [[6], [8], [9], [1], [7], [2], [4], [3], [5]], [[1, 2, 3], [1, 2, 3], [5], [8], [4, 6], [4, 6], [7], [1, 2], [9]], [[3, 5], [4], [7], [2], [8], [5, 6], [3, 6], [9], [1]], [[9], [3, 5], [6], [3, 5], [1], [7], [8], [4], [2]], [[8], [1, 2, 3], [1, 2, 3], [4], [3, 6], [9], [5], [7], [3, 6]], [[7], [1, 2, 3, 5, 6], [4], [3, 5], [2, 3], [1, 5], [9], [8], [3, 6]], [[1, 2, 3, 5], [1, 2, 3, 5, 6], [1, 2, 3], [7], [9], [8], [1, 2, 6], [1, 2], [4]], [[1, 2, 3], [9], [8], [6], [2, 3, 4], [1, 4], [1, 2, 3], [5], [7]]]]
INFO:root:45740:Doing checkSmall1
INFO:root:45740:Getting tiny MUSes, distance 1, for 77 puzlits, 1 repeats
INFO:root:45777:Chunked 77 in [5, 5, 5, 5, 5, 5, 5, 5, 5, 5, 5, 5, 5, 4, 4, 4]
INFO:root:45846:Chunked 43 in [3, 3, 3, 3, 3, 3, 3, 3, 3, 3, 3, 2, 2, 2, 2, 2]
INFO:root:45871:XX found first (7, 2) is not 5 3
INFO:root:45871:XX add new best (7, 2) is not 5 3 3
INFO:root:45871:XX add new best (7, 2) is not 5 3 3
INFO:root:45871:XX add new best (7, 2) is not 5 3 3
INFO:root:45871:XX add new best (7, 2) is not 5 3 3
INFO:root:45871:XX add new best (7, 2) is not 5 3 3
INFO:root:45872:XX add new best (7, 2) is not 5 3 3
INFO:root:45872:XX add new best (7, 2) is not 5 3 3
INFO:root:45872:XX add new best (7, 2) is not 5 3 3
INFO:root:45872:XX add new best (7, 2) is not 5 3 3
INFO:root:45872:XX add new best (7, 2) is not 5 3 3
INFO:root:45872:XX add new best (7, 2) is not 5 3 3
INFO:root:45872:XX add new best (7, 2) is not 5 3 3
INFO:root:45872:XX add new best (7, 2) is not 5 3 3
INFO:root:45872:XX add new best (7, 2) is not 5 3 3
INFO:root:45872:XX add new best (7, 2) is not 5 3 3
INFO:root:45872:XX add new best (7, 2) is not 5 3 3
INFO:root:45872:XX add new best (7, 2) is not 5 3 3
INFO:root:45872:XX add new best (7, 2) is not 5 3 3
INFO:root:45872:XX add new best (7, 2) is not 5 3 3
INFO:root:45872:XX add new best (7, 2) is not 5 3 3
INFO:root:45873:XX add new best (7, 2) is not 5 3 3
INFO:root:45873:XX add new best (7, 2) is not 5 3 3
INFO:root:45873:XX add new best (7, 2) is not 5 3 3
INFO:root:45873:XX add new best (7, 2) is not 5 3 3
INFO:root:45873:XX add new best (7, 2) is not 5 3 3
INFO:root:45873:XX add new best (7, 2) is not 5 3 3
INFO:root:45873:XX add new best (7, 2) is not 5 3 3
INFO:root:45873:XX add new best (7, 2) is not 5 3 3
INFO:root:45873:XX add new best (7, 2) is not 5 3 3
INFO:root:45873:XX add new best (7, 2) is not 5 3 3
INFO:root:45873:XX add new best (7, 2) is not 5 3 3
INFO:root:45873:XX add new best (7, 2) is not 5 3 3
INFO:root:45874:XX add new best (7, 2) is not 5 3 3
INFO:root:45874:XX add new best (7, 2) is not 5 3 3
INFO:root:45874:XX add new best (7, 2) is not 5 3 3
INFO:root:45874:XX add new best (7, 2) is not 5 3 3
INFO:root:45874:XX add new best (7, 2) is not 5 3 3
INFO:root:45874:XX add new best (7, 2) is not 5 3 3
INFO:root:45874:XX add new best (7, 2) is not 5 3 3
INFO:root:45874:XX add new best (7, 2) is not 5 3 3
INFO:root:45874:XX add new best (7, 2) is not 5 3 3
INFO:root:45874:XX add new best (7, 2) is not 5 3 3
INFO:root:45923:Considering 100 * 77 jobs for minsize=3
INFO:root:45939:Chunked 7700 in [482, 482, 482, 482, 481, 481, 481, 481, 481, 481, 481, 481, 481, 481, 481, 481]
INFO:root:53340:Minimal choices : 1 [(7, 2) is not 5]
INFO:root:53340:Starting Step 21
INFO:root:53930:Current state [[[[4], [7], [1, 2], [9], [5], [3], [1, 2], [6], [8]], [[6], [8], [9], [1], [7], [2], [4], [3], [5]], [[1, 2, 3], [1, 2, 3], [5], [8], [4, 6], [4, 6], [7], [1, 2], [9]], [[3, 5], [4], [7], [2], [8], [5, 6], [3, 6], [9], [1]], [[9], [3, 5], [6], [3, 5], [1], [7], [8], [4], [2]], [[8], [1, 2], [1, 2, 3], [4], [3, 6], [9], [5], [7], [3, 6]], [[7], [1, 2, 3, 5, 6], [4], [3, 5], [2, 3], [1, 5], [9], [8], [3, 6]], [[1, 2, 3, 5], [1, 2, 3, 5, 6], [1, 2, 3], [7], [9], [8], [1, 2, 6], [1, 2], [4]], [[1, 2, 3], [9], [8], [6], [2, 3, 4], [1, 4], [1, 2, 3], [5], [7]]]]
INFO:root:53931:Doing checkSmall1
INFO:root:53931:Getting tiny MUSes, distance 1, for 76 puzlits, 1 repeats
INFO:root:53969:Chunked 76 in [5, 5, 5, 5, 5, 5, 5, 5, 5, 5, 5, 5, 4, 4, 4, 4]
INFO:root:54039:Chunked 43 in [3, 3, 3, 3, 3, 3, 3, 3, 3, 3, 3, 2, 2, 2, 2, 2]
INFO:root:54065:XX found first (7, 2) is not 5 3
INFO:root:54065:XX add new best (7, 2) is not 5 3 3
INFO:root:54065:XX add new best (7, 2) is not 5 3 3
INFO:root:54065:XX add new best (7, 2) is not 5 3 3
INFO:root:54065:XX add new best (7, 2) is not 5 3 3
INFO:root:54065:XX add new best (7, 2) is not 5 3 3
INFO:root:54065:XX add new best (7, 2) is not 5 3 3
INFO:root:54065:XX add new best (7, 2) is not 5 3 3
INFO:root:54065:XX add new best (7, 2) is not 5 3 3
INFO:root:54066:XX add new best (7, 2) is not 5 3 3
INFO:root:54066:XX add new best (7, 2) is not 5 3 3
INFO:root:54066:XX add new best (7, 2) is not 5 3 3
INFO:root:54066:XX add new best (7, 2) is not 5 3 3
INFO:root:54066:XX add new best (7, 2) is not 5 3 3
INFO:root:54066:XX add new best (7, 2) is not 5 3 3
INFO:root:54066:XX add new best (7, 2) is not 5 3 3
INFO:root:54066:XX add new best (7, 2) is not 5 3 3
INFO:root:54066:XX add new best (7, 2) is not 5 3 3
INFO:root:54066:XX add new best (7, 2) is not 5 3 3
INFO:root:54066:XX add new best (7, 2) is not 5 3 3
INFO:root:54066:XX add new best (7, 2) is not 5 3 3
INFO:root:54066:XX add new best (7, 2) is not 5 3 3
INFO:root:54066:XX add new best (7, 2) is not 5 3 3
INFO:root:54067:XX add new best (7, 2) is not 5 3 3
INFO:root:54067:XX add new best (7, 2) is not 5 3 3
INFO:root:54067:XX add new best (7, 2) is not 5 3 3
INFO:root:54067:XX add new best (7, 2) is not 5 3 3
INFO:root:54067:XX add new best (7, 2) is not 5 3 3
INFO:root:54067:XX add new best (7, 2) is not 5 3 3
INFO:root:54067:XX add new best (7, 2) is not 5 3 3
INFO:root:54067:XX add new best (7, 2) is not 5 3 3
INFO:root:54067:XX add new best (7, 2) is not 5 3 3
INFO:root:54067:XX add new best (7, 2) is not 5 3 3
INFO:root:54067:XX add new best (7, 2) is not 5 3 3
INFO:root:54067:XX add new best (7, 2) is not 5 3 3
INFO:root:54067:XX add new best (7, 2) is not 5 3 3
INFO:root:54067:XX add new best (7, 2) is not 5 3 3
INFO:root:54068:XX add new best (7, 2) is not 5 3 3
INFO:root:54068:XX add new best (7, 2) is not 5 3 3
INFO:root:54068:XX add new best (7, 2) is not 5 3 3
INFO:root:54068:XX add new best (7, 2) is not 5 3 3
INFO:root:54068:XX add new best (7, 2) is not 5 3 3
INFO:root:54068:XX add new best (7, 2) is not 5 3 3
INFO:root:54119:Considering 100 * 76 jobs for minsize=3
INFO:root:54134:Chunked 7600 in [475, 475, 475, 475, 475, 475, 475, 475, 475, 475, 475, 475, 475, 475, 475, 475]
INFO:root:61421:Minimal choices : 1 [(7, 2) is not 5]
INFO:root:61421:Starting Step 22
INFO:root:62007:Current state [[[[4], [7], [1, 2], [9], [5], [3], [1, 2], [6], [8]], [[6], [8], [9], [1], [7], [2], [4], [3], [5]], [[1, 2, 3], [1, 2, 3], [5], [8], [4, 6], [4, 6], [7], [1, 2], [9]], [[3, 5], [4], [7], [2], [8], [5, 6], [3, 6], [9], [1]], [[9], [3, 5], [6], [3, 5], [1], [7], [8], [4], [2]], [[8], [1, 2], [1, 2], [4], [3, 6], [9], [5], [7], [3, 6]], [[7], [1, 2, 3, 5, 6], [4], [3, 5], [2, 3], [1, 5], [9], [8], [3, 6]], [[1, 2, 3, 5], [1, 2, 3, 5, 6], [1, 2, 3], [7], [9], [8], [1, 2, 6], [1, 2], [4]], [[1, 2, 3], [9], [8], [6], [2, 3, 4], [1, 4], [1, 2, 3], [5], [7]]]]
INFO:root:62007:Doing checkSmall1
INFO:root:62007:Getting tiny MUSes, distance 1, for 75 puzlits, 1 repeats
INFO:root:62045:Chunked 75 in [5, 5, 5, 5, 5, 5, 5, 5, 5, 5, 5, 4, 4, 4, 4, 4]
INFO:root:62065:XX found first (8, 3) is 3 1
INFO:root:62078:Early exit from checkSmall1
INFO:root:62089:Starting Step 23
INFO:root:62675:Current state [[[[4], [7], [1, 2], [9], [5], [3], [1, 2], [6], [8]], [[6], [8], [9], [1], [7], [2], [4], [3], [5]], [[1, 2, 3], [1, 2, 3], [5], [8], [4, 6], [4, 6], [7], [1, 2], [9]], [[3, 5], [4], [7], [2], [8], [5, 6], [3, 6], [9], [1]], [[9], [3, 5], [6], [3, 5], [1], [7], [8], [4], [2]], [[8], [1, 2], [1, 2], [4], [3, 6], [9], [5], [7], [3, 6]], [[7], [1, 2, 3, 5, 6], [4], [3, 5], [2, 3], [1, 5], [9], [8], [3, 6]], [[1, 2, 3, 5], [1, 2, 3, 5, 6], [3], [7], [9], [8], [1, 2, 6], [1, 2], [4]], [[1, 2, 3], [9], [8], [6], [2, 3, 4], [1, 4], [1, 2, 3], [5], [7]]]]
INFO:root:62675:Doing checkSmall1
INFO:root:62675:Getting tiny MUSes, distance 1, for 74 puzlits, 1 repeats
INFO:root:62712:Chunked 74 in [5, 5, 5, 5, 5, 5, 5, 5, 5, 5, 4, 4, 4, 4, 4, 4]
INFO:root:62731:XX found first (8, 1) is not 3 1
INFO:root:62731:XX found first (7, 2) is not 3 1
INFO:root:62731:XX found first (9, 1) is not 3 1
INFO:root:62731:XX found first (8, 2) is not 3 1
INFO:root:62731:XX found first (8, 3) is not 1 1
INFO:root:62731:XX found first (8, 3) is not 2 1
INFO:root:62744:Early exit from checkSmall1
INFO:root:62753:Starting Step 24
INFO:root:63342:Current state [[[[4], [7], [1, 2], [9], [5], [3], [1, 2], [6], [8]], [[6], [8], [9], [1], [7], [2], [4], [3], [5]], [[1, 2, 3], [1, 2, 3], [5], [8], [4, 6], [4, 6], [7], [1, 2], [9]], [[3, 5], [4], [7], [2], [8], [5, 6], [3, 6], [9], [1]], [[9], [3, 5], [6], [3, 5], [1], [7], [8], [4], [2]], [[8], [1, 2], [1, 2], [4], [3, 6], [9], [5], [7], [3, 6]], [[7], [1, 2, 5, 6], [4], [3, 5], [2, 3], [1, 5], [9], [8], [3, 6]], [[1, 2, 5], [1, 2, 5, 6], [3], [7], [9], [8], [1, 2, 6], [1, 2], [4]], [[1, 2], [9], [8], [6], [2, 3, 4], [1, 4], [1, 2, 3], [5], [7]]]]
INFO:root:63343:Doing checkSmall1
INFO:root:63343:Getting tiny MUSes, distance 1, for 68 puzlits, 1 repeats
INFO:root:63380:Chunked 68 in [5, 5, 5, 5, 4, 4, 4, 4, 4, 4, 4, 4, 4, 4, 4, 4]
INFO:root:63448:Chunked 43 in [3, 3, 3, 3, 3, 3, 3, 3, 3, 3, 3, 2, 2, 2, 2, 2]
INFO:root:63479:XX found first (7, 2) is not 5 3
INFO:root:63479:XX add new best (7, 2) is not 5 3 3
INFO:root:63479:XX add new best (7, 2) is not 5 3 3
INFO:root:63479:XX add new best (7, 2) is not 5 3 3
INFO:root:63479:XX add new best (7, 2) is not 5 3 3
INFO:root:63479:XX add new best (7, 2) is not 5 3 3
INFO:root:63479:XX add new best (7, 2) is not 5 3 3
INFO:root:63480:XX add new best (7, 2) is not 5 3 3
INFO:root:63480:XX add new best (7, 2) is not 5 3 3
INFO:root:63480:XX add new best (7, 2) is not 5 3 3
INFO:root:63480:XX add new best (7, 2) is not 5 3 3
INFO:root:63480:XX add new best (7, 2) is not 5 3 3
INFO:root:63480:XX add new best (7, 2) is not 5 3 3
INFO:root:63480:XX add new best (7, 2) is not 5 3 3
INFO:root:63480:XX add new best (7, 2) is not 5 3 3
INFO:root:63480:XX add new best (7, 2) is not 5 3 3
INFO:root:63480:XX add new best (7, 2) is not 5 3 3
INFO:root:63480:XX add new best (7, 2) is not 5 3 3
INFO:root:63480:XX add new best (7, 2) is not 5 3 3
INFO:root:63480:XX add new best (7, 2) is not 5 3 3
INFO:root:63481:XX add new best (7, 2) is not 5 3 3
INFO:root:63481:XX add new best (7, 2) is not 5 3 3
INFO:root:63481:XX add new best (7, 2) is not 5 3 3
INFO:root:63481:XX add new best (7, 2) is not 5 3 3
INFO:root:63481:XX add new best (7, 2) is not 5 3 3
INFO:root:63481:XX add new best (7, 2) is not 5 3 3
INFO:root:63481:XX add new best (7, 2) is not 5 3 3
INFO:root:63481:XX add new best (7, 2) is not 5 3 3
INFO:root:63481:XX add new best (7, 2) is not 5 3 3
INFO:root:63481:XX add new best (7, 2) is not 5 3 3
INFO:root:63481:XX add new best (7, 2) is not 5 3 3
INFO:root:63481:XX add new best (7, 2) is not 5 3 3
INFO:root:63481:XX add new best (7, 2) is not 5 3 3
INFO:root:63481:XX add new best (7, 2) is not 5 3 3
INFO:root:63482:XX add new best (7, 2) is not 5 3 3
INFO:root:63482:XX add new best (7, 2) is not 5 3 3
INFO:root:63482:XX add new best (7, 2) is not 5 3 3
INFO:root:63482:XX add new best (7, 2) is not 5 3 3
INFO:root:63482:XX add new best (7, 2) is not 5 3 3
INFO:root:63482:XX add new best (7, 2) is not 5 3 3
INFO:root:63482:XX add new best (7, 2) is not 5 3 3
INFO:root:63482:XX add new best (7, 2) is not 5 3 3
INFO:root:63482:XX add new best (7, 2) is not 5 3 3
INFO:root:63532:Considering 100 * 68 jobs for minsize=3
INFO:root:63547:Chunked 6800 in [425, 425, 425, 425, 425, 425, 425, 425, 425, 425, 425, 425, 425, 425, 425, 425]
INFO:root:70192:Minimal choices : 1 [(7, 2) is not 5]
INFO:root:70193:Starting Step 25
INFO:root:70787:Current state [[[[4], [7], [1, 2], [9], [5], [3], [1, 2], [6], [8]], [[6], [8], [9], [1], [7], [2], [4], [3], [5]], [[1, 2, 3], [1, 2, 3], [5], [8], [4, 6], [4, 6], [7], [1, 2], [9]], [[3, 5], [4], [7], [2], [8], [5, 6], [3, 6], [9], [1]], [[9], [3, 5], [6], [3, 5], [1], [7], [8], [4], [2]], [[8], [1, 2], [1, 2], [4], [3, 6], [9], [5], [7], [3, 6]], [[7], [1, 2, 5, 6], [4], [3, 5], [2, 3], [1, 5], [9], [8], [3, 6]], [[1, 2, 5], [1, 2, 5, 6], [3], [7], [9], [8], [1, 2, 6], [1, 2], [4]], [[1, 2], [9], [8], [6], [2, 4], [1, 4], [1, 2, 3], [5], [7]]]]
INFO:root:70787:Doing checkSmall1
INFO:root:70787:Getting tiny MUSes, distance 1, for 67 puzlits, 1 repeats
INFO:root:70825:Chunked 67 in [5, 5, 5, 4, 4, 4, 4, 4, 4, 4, 4, 4, 4, 4, 4, 4]
INFO:root:70843:XX found first (9, 7) is 3 1
INFO:root:70857:Early exit from checkSmall1
INFO:root:70870:Starting Step 26
INFO:root:71470:Current state [[[[4], [7], [1, 2], [9], [5], [3], [1, 2], [6], [8]], [[6], [8], [9], [1], [7], [2], [4], [3], [5]], [[1, 2, 3], [1, 2, 3], [5], [8], [4, 6], [4, 6], [7], [1, 2], [9]], [[3, 5], [4], [7], [2], [8], [5, 6], [3, 6], [9], [1]], [[9], [3, 5], [6], [3, 5], [1], [7], [8], [4], [2]], [[8], [1, 2], [1, 2], [4], [3, 6], [9], [5], [7], [3, 6]], [[7], [1, 2, 5, 6], [4], [3, 5], [2, 3], [1, 5], [9], [8], [3, 6]], [[1, 2, 5], [1, 2, 5, 6], [3], [7], [9], [8], [1, 2, 6], [1, 2], [4]], [[1, 2], [9], [8], [6], [2, 4], [1, 4], [3], [5], [7]]]]
INFO:root:71470:Doing checkSmall1
INFO:root:71470:Getting tiny MUSes, distance 1, for 66 puzlits, 1 repeats
INFO:root:71507:Chunked 66 in [5, 5, 4, 4, 4, 4, 4, 4, 4, 4, 4, 4, 4, 4, 4, 4]
INFO:root:71526:XX found first (7, 9) is not 3 1
INFO:root:71526:XX found first (9, 7) is not 1 1
INFO:root:71526:XX found first (9, 7) is not 2 1
INFO:root:71526:XX found first (4, 7) is not 3 1
INFO:root:71539:Early exit from checkSmall1
INFO:root:71548:Starting Step 27
INFO:root:72142:Current state [[[[4], [7], [1, 2], [9], [5], [3], [1, 2], [6], [8]], [[6], [8], [9], [1], [7], [2], [4], [3], [5]], [[1, 2, 3], [1, 2, 3], [5], [8], [4, 6], [4, 6], [7], [1, 2], [9]], [[3, 5], [4], [7], [2], [8], [5, 6], [6], [9], [1]], [[9], [3, 5], [6], [3, 5], [1], [7], [8], [4], [2]], [[8], [1, 2], [1, 2], [4], [3, 6], [9], [5], [7], [3, 6]], [[7], [1, 2, 5, 6], [4], [3, 5], [2, 3], [1, 5], [9], [8], [6]], [[1, 2, 5], [1, 2, 5, 6], [3], [7], [9], [8], [1, 2, 6], [1, 2], [4]], [[1, 2], [9], [8], [6], [2, 4], [1, 4], [3], [5], [7]]]]
INFO:root:72143:Doing checkSmall1
INFO:root:72143:Getting tiny MUSes, distance 1, for 62 puzlits, 1 repeats
INFO:root:72180:Chunked 62 in [4, 4, 4, 4, 4, 4, 4, 4, 4, 4, 4, 4, 4, 4, 3, 3]
INFO:root:72199:XX found first (6, 9) is 3 1
INFO:root:72199:XX found first (4, 7) is 6 1
INFO:root:72199:XX found first (7, 9) is 6 1
INFO:root:72199:XX found first (4, 1) is 3 1
INFO:root:72212:Early exit from checkSmall1
INFO:root:72234:Starting Step 28
INFO:root:72832:Current state [[[[4], [7], [1, 2], [9], [5], [3], [1, 2], [6], [8]], [[6], [8], [9], [1], [7], [2], [4], [3], [5]], [[1, 2, 3], [1, 2, 3], [5], [8], [4, 6], [4, 6], [7], [1, 2], [9]], [[3], [4], [7], [2], [8], [5, 6], [6], [9], [1]], [[9], [3, 5], [6], [3, 5], [1], [7], [8], [4], [2]], [[8], [1, 2], [1, 2], [4], [3, 6], [9], [5], [7], [3]], [[7], [1, 2, 5, 6], [4], [3, 5], [2, 3], [1, 5], [9], [8], [6]], [[1, 2, 5], [1, 2, 5, 6], [3], [7], [9], [8], [1, 2, 6], [1, 2], [4]], [[1, 2], [9], [8], [6], [2, 4], [1, 4], [3], [5], [7]]]]
INFO:root:72833:Doing checkSmall1
INFO:root:72833:Getting tiny MUSes, distance 1, for 58 puzlits, 1 repeats
INFO:root:72869:Chunked 58 in [4, 4, 4, 4, 4, 4, 4, 4, 4, 4, 3, 3, 3, 3, 3, 3]
INFO:root:72888:XX found first (6, 9) is not 6 1
INFO:root:72888:XX found first (8, 7) is not 6 1
INFO:root:72888:XX found first (4, 1) is not 5 1
INFO:root:72888:XX found first (3, 1) is not 3 1
INFO:root:72888:XX found first (5, 2) is not 3 1
INFO:root:72888:XX found first (6, 5) is not 3 1
INFO:root:72888:XX found first (4, 6) is not 6 1
INFO:root:72888:XX found first (7, 2) is not 6 1
INFO:root:72902:Early exit from checkSmall1
INFO:root:72910:Starting Step 29
INFO:root:73512:Current state [[[[4], [7], [1, 2], [9], [5], [3], [1, 2], [6], [8]], [[6], [8], [9], [1], [7], [2], [4], [3], [5]], [[1, 2], [1, 2, 3], [5], [8], [4, 6], [4, 6], [7], [1, 2], [9]], [[3], [4], [7], [2], [8], [5], [6], [9], [1]], [[9], [5], [6], [3, 5], [1], [7], [8], [4], [2]], [[8], [1, 2], [1, 2], [4], [6], [9], [5], [7], [3]], [[7], [1, 2, 5], [4], [3, 5], [2, 3], [1, 5], [9], [8], [6]], [[1, 2, 5], [1, 2, 5, 6], [3], [7], [9], [8], [1, 2], [1, 2], [4]], [[1, 2], [9], [8], [6], [2, 4], [1, 4], [3], [5], [7]]]]
INFO:root:73513:Doing checkSmall1
INFO:root:73513:Getting tiny MUSes, distance 1, for 50 puzlits, 1 repeats
INFO:root:73550:Chunked 50 in [4, 4, 3, 3, 3, 3, 3, 3, 3, 3, 3, 3, 3, 3, 3, 3]
INFO:root:73567:XX found first (5, 4) is 3 1
INFO:root:73567:XX found first (5, 2) is 5 1
INFO:root:73568:XX found first (4, 6) is 5 1
INFO:root:73568:XX found first (3, 6) is 6 1
INFO:root:73568:XX found first (8, 2) is 6 1
INFO:root:73568:XX found first (8, 1) is 5 1
INFO:root:73568:XX found first (6, 5) is 6 1
INFO:root:73568:XX found first (3, 2) is 3 1
INFO:root:73568:XX found first (7, 5) is 3 1
INFO:root:73581:Early exit from checkSmall1
INFO:root:73617:Starting Step 30
INFO:root:74223:Current state [[[[4], [7], [1, 2], [9], [5], [3], [1, 2], [6], [8]], [[6], [8], [9], [1], [7], [2], [4], [3], [5]], [[1, 2], [3], [5], [8], [4, 6], [6], [7], [1, 2], [9]], [[3], [4], [7], [2], [8], [5], [6], [9], [1]], [[9], [5], [6], [3], [1], [7], [8], [4], [2]], [[8], [1, 2], [1, 2], [4], [6], [9], [5], [7], [3]], [[7], [1, 2, 5], [4], [3, 5], [3], [1, 5], [9], [8], [6]], [[5], [6], [3], [7], [9], [8], [1, 2], [1, 2], [4]], [[1, 2], [9], [8], [6], [2, 4], [1, 4], [3], [5], [7]]]]
INFO:root:74224:Doing checkSmall1
INFO:root:74224:Getting tiny MUSes, distance 1, for 41 puzlits, 1 repeats
INFO:root:74261:Chunked 41 in [3, 3, 3, 3, 3, 3, 3, 3, 3, 2, 2, 2, 2, 2, 2, 2]
INFO:root:74276:XX found first (3, 2) is not 2 1
INFO:root:74277:XX found first (7, 6) is not 5 1
INFO:root:74277:XX found first (8, 2) is not 1 1
INFO:root:74277:XX found first (8, 2) is not 2 1
INFO:root:74277:XX found first (7, 2) is not 5 1
INFO:root:74277:XX found first (3, 5) is not 6 1
INFO:root:74277:XX found first (5, 4) is not 5 1
INFO:root:74277:XX found first (8, 1) is not 2 1
INFO:root:74277:XX found first (3, 6) is not 4 1
INFO:root:74277:XX found first (7, 4) is not 3 1
INFO:root:74277:XX found first (8, 1) is not 1 1
INFO:root:74277:XX found first (7, 5) is not 2 1
INFO:root:74277:XX found first (3, 2) is not 1 1
INFO:root:74277:XX found first (8, 2) is not 5 1
INFO:root:74291:Early exit from checkSmall1
INFO:root:74300:Starting Step 31
INFO:root:74923:Current state [[[[4], [7], [1, 2], [9], [5], [3], [1, 2], [6], [8]], [[6], [8], [9], [1], [7], [2], [4], [3], [5]], [[1, 2], [3], [5], [8], [4], [6], [7], [1, 2], [9]], [[3], [4], [7], [2], [8], [5], [6], [9], [1]], [[9], [5], [6], [3], [1], [7], [8], [4], [2]], [[8], [1, 2], [1, 2], [4], [6], [9], [5], [7], [3]], [[7], [1, 2], [4], [5], [3], [1], [9], [8], [6]], [[5], [6], [3], [7], [9], [8], [1, 2], [1, 2], [4]], [[1, 2], [9], [8], [6], [2, 4], [1, 4], [3], [5], [7]]]]
INFO:root:74923:Doing checkSmall1
INFO:root:74923:Getting tiny MUSes, distance 1, for 27 puzlits, 1 repeats
INFO:root:74960:Chunked 27 in [2, 2, 2, 2, 2, 2, 2, 2, 2, 2, 2, 1, 1, 1, 1, 1]
INFO:root:74972:XX found first (7, 6) is 1 1
INFO:root:74972:XX found first (9, 5) is 2 1
INFO:root:74972:XX found first (7, 2) is 2 1
INFO:root:74972:XX found first (7, 4) is 5 1
INFO:root:74972:XX found first (9, 6) is 4 1
INFO:root:74972:XX found first (3, 5) is 4 1
INFO:root:74986:Early exit from checkSmall1
INFO:root:75015:Starting Step 32
INFO:root:75641:Current state [[[[4], [7], [1, 2], [9], [5], [3], [1, 2], [6], [8]], [[6], [8], [9], [1], [7], [2], [4], [3], [5]], [[1, 2], [3], [5], [8], [4], [6], [7], [1, 2], [9]], [[3], [4], [7], [2], [8], [5], [6], [9], [1]], [[9], [5], [6], [3], [1], [7], [8], [4], [2]], [[8], [1, 2], [1, 2], [4], [6], [9], [5], [7], [3]], [[7], [2], [4], [5], [3], [1], [9], [8], [6]], [[5], [6], [3], [7], [9], [8], [1, 2], [1, 2], [4]], [[1, 2], [9], [8], [6], [2], [4], [3], [5], [7]]]]
INFO:root:75641:Doing checkSmall1
INFO:root:75641:Getting tiny MUSes, distance 1, for 21 puzlits, 1 repeats
INFO:root:75678:Chunked 21 in [2, 2, 2, 2, 2, 1, 1, 1, 1, 1, 1, 1, 1, 1, 1, 1]
INFO:root:75690:XX found first (9, 5) is not 4 1
INFO:root:75690:XX found first (9, 6) is not 1 1
INFO:root:75690:XX found first (7, 2) is not 1 1
INFO:root:75690:XX found first (6, 2) is not 2 1
INFO:root:75690:XX found first (9, 1) is not 2 1
INFO:root:75703:Early exit from checkSmall1
INFO:root:75712:Starting Step 33
INFO:root:76339:Current state [[[[4], [7], [1, 2], [9], [5], [3], [1, 2], [6], [8]], [[6], [8], [9], [1], [7], [2], [4], [3], [5]], [[1, 2], [3], [5], [8], [4], [6], [7], [1, 2], [9]], [[3], [4], [7], [2], [8], [5], [6], [9], [1]], [[9], [5], [6], [3], [1], [7], [8], [4], [2]], [[8], [1], [1, 2], [4], [6], [9], [5], [7], [3]], [[7], [2], [4], [5], [3], [1], [9], [8], [6]], [[5], [6], [3], [7], [9], [8], [1, 2], [1, 2], [4]], [[1], [9], [8], [6], [2], [4], [3], [5], [7]]]]
INFO:root:76339:Doing checkSmall1
INFO:root:76339:Getting tiny MUSes, distance 1, for 16 puzlits, 1 repeats
INFO:root:76376:Chunked 16 in [1, 1, 1, 1, 1, 1, 1, 1, 1, 1, 1, 1, 1, 1, 1, 1]
INFO:root:76387:XX found first (6, 2) is 1 1
INFO:root:76387:XX found first (9, 1) is 1 1
INFO:root:76387:XX found first (3, 1) is 2 1
INFO:root:76387:XX found first (6, 3) is 2 1
INFO:root:76401:Early exit from checkSmall1
INFO:root:76424:Starting Step 34
INFO:root:77048:Current state [[[[4], [7], [1, 2], [9], [5], [3], [1, 2], [6], [8]], [[6], [8], [9], [1], [7], [2], [4], [3], [5]], [[2], [3], [5], [8], [4], [6], [7], [1, 2], [9]], [[3], [4], [7], [2], [8], [5], [6], [9], [1]], [[9], [5], [6], [3], [1], [7], [8], [4], [2]], [[8], [1], [2], [4], [6], [9], [5], [7], [3]], [[7], [2], [4], [5], [3], [1], [9], [8], [6]], [[5], [6], [3], [7], [9], [8], [1, 2], [1, 2], [4]], [[1], [9], [8], [6], [2], [4], [3], [5], [7]]]]
INFO:root:77048:Doing checkSmall1
INFO:root:77048:Getting tiny MUSes, distance 1, for 12 puzlits, 1 repeats
INFO:root:77085:Chunked 12 in [1, 1, 1, 1, 1, 1, 1, 1, 1, 1, 1, 1, 0, 0, 0, 0]
INFO:root:77096:XX found first (1, 3) is not 2 1
INFO:root:77096:XX found first (3, 8) is not 2 1
INFO:root:77096:XX found first (3, 1) is not 1 1
INFO:root:77096:XX found first (6, 3) is not 1 1
INFO:root:77110:Early exit from checkSmall1
INFO:root:77118:Starting Step 35
INFO:root:77751:Current state [[[[4], [7], [1], [9], [5], [3], [1, 2], [6], [8]], [[6], [8], [9], [1], [7], [2], [4], [3], [5]], [[2], [3], [5], [8], [4], [6], [7], [1], [9]], [[3], [4], [7], [2], [8], [5], [6], [9], [1]], [[9], [5], [6], [3], [1], [7], [8], [4], [2]], [[8], [1], [2], [4], [6], [9], [5], [7], [3]], [[7], [2], [4], [5], [3], [1], [9], [8], [6]], [[5], [6], [3], [7], [9], [8], [1, 2], [1, 2], [4]], [[1], [9], [8], [6], [2], [4], [3], [5], [7]]]]
INFO:root:77752:Doing checkSmall1
INFO:root:77752:Getting tiny MUSes, distance 1, for 8 puzlits, 1 repeats
INFO:root:77788:Chunked 8 in [1, 1, 1, 1, 1, 1, 1, 1, 0, 0, 0, 0, 0, 0, 0, 0]
INFO:root:77797:XX found first (1, 7) is 2 1
INFO:root:77797:XX found first (1, 3) is 1 1
INFO:root:77798:XX found first (8, 8) is 2 1
INFO:root:77798:XX found first (3, 8) is 1 1
INFO:root:77811:Early exit from checkSmall1
INFO:root:77831:Starting Step 36
INFO:root:78462:Current state [[[[4], [7], [1], [9], [5], [3], [2], [6], [8]], [[6], [8], [9], [1], [7], [2], [4], [3], [5]], [[2], [3], [5], [8], [4], [6], [7], [1], [9]], [[3], [4], [7], [2], [8], [5], [6], [9], [1]], [[9], [5], [6], [3], [1], [7], [8], [4], [2]], [[8], [1], [2], [4], [6], [9], [5], [7], [3]], [[7], [2], [4], [5], [3], [1], [9], [8], [6]], [[5], [6], [3], [7], [9], [8], [1, 2], [2], [4]], [[1], [9], [8], [6], [2], [4], [3], [5], [7]]]]
INFO:root:78462:Doing checkSmall1
INFO:root:78462:Getting tiny MUSes, distance 1, for 4 puzlits, 1 repeats
INFO:root:78500:Chunked 4 in [1, 1, 1, 1, 0, 0, 0, 0, 0, 0, 0, 0, 0, 0, 0, 0]
INFO:root:78507:XX found first (8, 8) is not 1 1
INFO:root:78507:XX found first (8, 7) is not 2 1
INFO:root:78508:XX found first (1, 7) is not 1 1
INFO:root:78521:Early exit from checkSmall1
INFO:root:78529:Starting Step 37
INFO:root:79166:Current state [[[[4], [7], [1], [9], [5], [3], [2], [6], [8]], [[6], [8], [9], [1], [7], [2], [4], [3], [5]], [[2], [3], [5], [8], [4], [6], [7], [1], [9]], [[3], [4], [7], [2], [8], [5], [6], [9], [1]], [[9], [5], [6], [3], [1], [7], [8], [4], [2]], [[8], [1], [2], [4], [6], [9], [5], [7], [3]], [[7], [2], [4], [5], [3], [1], [9], [8], [6]], [[5], [6], [3], [7], [9], [8], [1], [2], [4]], [[1], [9], [8], [6], [2], [4], [3], [5], [7]]]]
INFO:root:79166:Doing checkSmall1
INFO:root:79166:Getting tiny MUSes, distance 1, for 1 puzlits, 1 repeats
INFO:root:79203:Chunked 1 in [1, 0, 0, 0, 0, 0, 0, 0, 0, 0, 0, 0, 0, 0, 0, 0]
INFO:root:79209:XX found first (8, 7) is 1 1
INFO:root:79223:Early exit from checkSmall1
INFO:root:79236:Total Solver Calls 400028
INFO:root:79236:Trace: [(3, [(7, 2) is not 5]), (3, [(7, 2) is not 5]), (3, [(7, 2) is not 5]), (3, [(7, 2) is not 5]), (3, [(7, 2) is not 5])]
INFO:root:79236:Trace Quality: [(3, 1), (3, 1), (3, 1), (3, 1), (3, 1)]
INFO:root:79236:Trace Sorted: [(3, 1), (3, 1), (3, 1), (3, 1), (3, 1)]
INFO:root:79236:Finished
INFO:root:79236:Full Trace [(3, [(7, 2) is not 5]), (3, [(7, 2) is not 5]), (3, [(7, 2) is not 5]), (3, [(7, 2) is not 5]), (3, [(7, 2) is not 5])]

real	1m19.498s
user	12m7.656s
sys	0m19.446s
