INFO:root:5929:Starting Step 1
INFO:root:5998:Current state [[[[8], [5], [1, 2, 3, 4, 5, 6, 7, 8, 9], [1, 2, 3, 4, 5, 6, 7, 8, 9], [2], [1, 2, 3, 4, 5, 6, 7, 8, 9], [1, 2, 3, 4, 5, 6, 7, 8, 9], [1, 2, 3, 4, 5, 6, 7, 8, 9], [1, 2, 3, 4, 5, 6, 7, 8, 9]], [[1, 2, 3, 4, 5, 6, 7, 8, 9], [2], [1, 2, 3, 4, 5, 6, 7, 8, 9], [1, 2, 3, 4, 5, 6, 7, 8, 9], [1, 2, 3, 4, 5, 6, 7, 8, 9], [1, 2, 3, 4, 5, 6, 7, 8, 9], [1, 2, 3, 4, 5, 6, 7, 8, 9], [1, 2, 3, 4, 5, 6, 7, 8, 9], [3]], [[1, 2, 3, 4, 5, 6, 7, 8, 9], [1, 2, 3, 4, 5, 6, 7, 8, 9], [9], [1], [1, 2, 3, 4, 5, 6, 7, 8, 9], [8], [1, 2, 3, 4, 5, 6, 7, 8, 9], [1, 2, 3, 4, 5, 6, 7, 8, 9], [1, 2, 3, 4, 5, 6, 7, 8, 9]], [[1, 2, 3, 4, 5, 6, 7, 8, 9], [4], [1, 2, 3, 4, 5, 6, 7, 8, 9], [1, 2, 3, 4, 5, 6, 7, 8, 9], [8], [1, 2, 3, 4, 5, 6, 7, 8, 9], [1], [5], [1, 2, 3, 4, 5, 6, 7, 8, 9]], [[1, 2, 3, 4, 5, 6, 7, 8, 9], [9], [1, 2, 3, 4, 5, 6, 7, 8, 9], [1, 2, 3, 4, 5, 6, 7, 8, 9], [1], [1, 2, 3, 4, 5, 6, 7, 8, 9], [1, 2, 3, 4, 5, 6, 7, 8, 9], [2], [1, 2, 3, 4, 5, 6, 7, 8, 9]], [[1, 2, 3, 4, 5, 6, 7, 8, 9], [8], [3], [1, 2, 3, 4, 5, 6, 7, 8, 9], [6], [1, 2, 3, 4, 5, 6, 7, 8, 9], [1, 2, 3, 4, 5, 6, 7, 8, 9], [7], [1, 2, 3, 4, 5, 6, 7, 8, 9]], [[1, 2, 3, 4, 5, 6, 7, 8, 9], [1, 2, 3, 4, 5, 6, 7, 8, 9], [1, 2, 3, 4, 5, 6, 7, 8, 9], [6], [1, 2, 3, 4, 5, 6, 7, 8, 9], [5], [8], [1, 2, 3, 4, 5, 6, 7, 8, 9], [1, 2, 3, 4, 5, 6, 7, 8, 9]], [[2], [1, 2, 3, 4, 5, 6, 7, 8, 9], [1, 2, 3, 4, 5, 6, 7, 8, 9], [1, 2, 3, 4, 5, 6, 7, 8, 9], [1, 2, 3, 4, 5, 6, 7, 8, 9], [1, 2, 3, 4, 5, 6, 7, 8, 9], [1, 2, 3, 4, 5, 6, 7, 8, 9], [3], [1, 2, 3, 4, 5, 6, 7, 8, 9]], [[1, 2, 3, 4, 5, 6, 7, 8, 9], [1, 2, 3, 4, 5, 6, 7, 8, 9], [1, 2, 3, 4, 5, 6, 7, 8, 9], [1, 2, 3, 4, 5, 6, 7, 8, 9], [9], [1, 2, 3, 4, 5, 6, 7, 8, 9], [1, 2, 3, 4, 5, 6, 7, 8, 9], [4], [7]]]]
INFO:root:5999:Doing checkSmall1
INFO:root:5999:Getting tiny MUSes, distance 1, for 702 puzlits, 1 repeats
INFO:root:6056:Chunked 702 in [44, 44, 44, 44, 44, 44, 44, 44, 44, 44, 44, 44, 44, 44, 43, 43]
INFO:root:6179:XX found first (3, 3) is not 5 1
INFO:root:6180:XX found first (3, 6) is not 3 1
INFO:root:6180:XX found first (9, 6) is not 7 1
INFO:root:6180:XX found first (3, 3) is not 7 1
INFO:root:6180:XX found first (6, 8) is not 1 1
INFO:root:6180:XX found first (1, 7) is not 2 1
INFO:root:6180:XX found first (3, 6) is not 2 1
INFO:root:6180:XX found first (1, 7) is not 3 1
INFO:root:6180:XX found first (7, 8) is not 8 1
INFO:root:6180:XX found first (6, 7) is not 8 1
INFO:root:6180:XX found first (8, 4) is not 9 1
INFO:root:6180:XX found first (3, 8) is not 7 1
INFO:root:6180:XX found first (6, 7) is not 1 1
INFO:root:6180:XX found first (6, 5) is not 7 1
INFO:root:6180:XX found first (6, 5) is not 9 1
INFO:root:6180:XX found first (8, 1) is not 1 1
INFO:root:6180:XX found first (1, 7) is not 8 1
INFO:root:6180:XX found first (6, 1) is not 7 1
INFO:root:6180:XX found first (4, 1) is not 8 1
INFO:root:6180:XX found first (6, 2) is not 4 1
INFO:root:6180:XX found first (6, 9) is not 5 1
INFO:root:6180:XX found first (6, 3) is not 5 1
INFO:root:6180:XX found first (8, 6) is not 5 1
INFO:root:6181:XX found first (4, 2) is not 6 1
INFO:root:6181:XX found first (2, 4) is not 8 1
INFO:root:6181:XX found first (3, 7) is not 9 1
INFO:root:6181:XX found first (8, 8) is not 7 1
INFO:root:6181:XX found first (2, 7) is not 2 1
INFO:root:6181:XX found first (9, 9) is not 5 1
INFO:root:6181:XX found first (2, 4) is not 3 1
INFO:root:6181:XX found first (3, 1) is not 9 1
INFO:root:6181:XX found first (7, 4) is not 2 1
INFO:root:6181:XX found first (6, 6) is not 8 1
INFO:root:6181:XX found first (1, 9) is not 3 1
INFO:root:6181:XX found first (8, 3) is not 3 1
INFO:root:6181:XX found first (9, 6) is not 8 1
INFO:root:6181:XX found first (7, 9) is not 7 1
INFO:root:6181:XX found first (6, 7) is not 6 1
INFO:root:6181:XX found first (2, 9) is not 4 1
INFO:root:6181:XX found first (4, 2) is not 8 1
INFO:root:6181:XX found first (4, 8) is not 4 1
INFO:root:6181:XX found first (5, 8) is not 8 1
INFO:root:6181:XX found first (5, 6) is not 8 1
INFO:root:6181:XX found first (4, 4) is not 1 1
INFO:root:6181:XX found first (9, 9) is not 9 1
INFO:root:6181:XX found first (7, 9) is not 3 1
INFO:root:6182:XX found first (9, 2) is not 9 1
INFO:root:6182:XX found first (6, 1) is not 8 1
INFO:root:6182:XX found first (9, 6) is not 4 1
INFO:root:6182:XX found first (3, 4) is not 7 1
INFO:root:6182:XX found first (7, 5) is not 1 1
INFO:root:6182:XX found first (5, 7) is not 8 1
INFO:root:6182:XX found first (7, 5) is not 2 1
INFO:root:6182:XX found first (2, 9) is not 9 1
INFO:root:6182:XX found first (3, 9) is not 1 1
INFO:root:6182:XX found first (6, 5) is not 5 1
INFO:root:6182:XX found first (2, 5) is not 2 1
INFO:root:6182:XX found first (9, 8) is not 2 1
INFO:root:6182:XX found first (5, 5) is not 6 1
INFO:root:6182:XX found first (9, 9) is not 4 1
INFO:root:6182:XX found first (5, 8) is not 9 1
INFO:root:6182:XX found first (6, 8) is not 9 1
INFO:root:6182:XX found first (7, 5) is not 8 1
INFO:root:6182:XX found first (3, 6) is not 4 1
INFO:root:6182:XX found first (5, 5) is not 9 1
INFO:root:6182:XX found first (7, 3) is not 9 1
INFO:root:6182:XX found first (8, 9) is not 7 1
INFO:root:6182:XX found first (8, 8) is not 8 1
INFO:root:6182:XX found first (6, 4) is not 3 1
INFO:root:6182:XX found first (8, 8) is not 6 1
INFO:root:6182:XX found first (5, 5) is not 5 1
INFO:root:6183:XX found first (3, 7) is not 3 1
INFO:root:6183:XX found first (4, 8) is not 6 1
INFO:root:6183:XX found first (6, 8) is not 3 1
INFO:root:6183:XX found first (5, 6) is not 1 1
INFO:root:6183:XX found first (3, 5) is not 2 1
INFO:root:6183:XX found first (6, 6) is not 3 1
INFO:root:6183:XX found first (5, 4) is not 8 1
INFO:root:6183:XX found first (4, 6) is not 8 1
INFO:root:6183:XX found first (5, 2) is not 6 1
INFO:root:6183:XX found first (9, 1) is not 4 1
INFO:root:6183:XX found first (8, 1) is not 5 1
INFO:root:6183:XX found first (3, 6) is not 5 1
INFO:root:6183:XX found first (9, 7) is not 3 1
INFO:root:6183:XX found first (8, 8) is not 1 1
INFO:root:6183:XX found first (2, 6) is not 1 1
INFO:root:6183:XX found first (4, 8) is not 7 1
INFO:root:6183:XX found first (9, 7) is not 1 1
INFO:root:6183:XX found first (4, 1) is not 1 1
INFO:root:6183:XX found first (9, 3) is not 7 1
INFO:root:6183:XX found first (3, 9) is not 7 1
INFO:root:6183:XX found first (8, 8) is not 5 1
INFO:root:6183:XX found first (5, 3) is not 9 1
INFO:root:6183:XX found first (1, 9) is not 2 1
INFO:root:6183:XX found first (5, 6) is not 2 1
INFO:root:6183:XX found first (1, 8) is not 7 1
INFO:root:6184:XX found first (5, 9) is not 3 1
INFO:root:6184:XX found first (6, 4) is not 6 1
INFO:root:6184:XX found first (6, 3) is not 6 1
INFO:root:6184:XX found first (7, 7) is not 7 1
INFO:root:6184:XX found first (3, 2) is not 4 1
INFO:root:6184:XX found first (8, 7) is not 2 1
INFO:root:6184:XX found first (8, 7) is not 8 1
INFO:root:6184:XX found first (1, 2) is not 2 1
INFO:root:6184:XX found first (2, 8) is not 7 1
INFO:root:6184:XX found first (2, 1) is not 3 1
INFO:root:6184:XX found first (8, 5) is not 9 1
INFO:root:6184:XX found first (4, 8) is not 2 1
INFO:root:6184:XX found first (7, 7) is not 2 1
INFO:root:6184:XX found first (9, 7) is not 4 1
INFO:root:6184:XX found first (1, 2) is not 8 1
INFO:root:6184:XX found first (8, 1) is not 4 1
INFO:root:6184:XX found first (8, 1) is not 3 1
INFO:root:6184:XX found first (6, 9) is not 2 1
INFO:root:6184:XX found first (3, 6) is not 9 1
INFO:root:6184:XX found first (7, 9) is not 5 1
INFO:root:6184:XX found first (2, 2) is not 9 1
INFO:root:6184:XX found first (9, 8) is not 5 1
INFO:root:6184:XX found first (6, 9) is not 8 1
INFO:root:6184:XX found first (9, 5) is not 6 1
INFO:root:6184:XX found first (8, 2) is not 9 1
INFO:root:6184:XX found first (7, 9) is not 8 1
INFO:root:6185:XX found first (5, 5) is not 2 1
INFO:root:6185:XX found first (4, 5) is not 9 1
INFO:root:6185:XX found first (8, 1) is not 6 1
INFO:root:6185:XX found first (3, 5) is not 1 1
INFO:root:6185:XX found first (7, 6) is not 2 1
INFO:root:6185:XX found first (2, 7) is not 8 1
INFO:root:6185:XX found first (1, 9) is not 8 1
INFO:root:6185:XX found first (4, 1) is not 5 1
INFO:root:6185:XX found first (5, 4) is not 2 1
INFO:root:6185:XX found first (5, 2) is not 7 1
INFO:root:6185:XX found first (4, 7) is not 3 1
INFO:root:6185:XX found first (8, 2) is not 2 1
INFO:root:6185:XX found first (7, 4) is not 3 1
INFO:root:6185:XX found first (4, 1) is not 4 1
INFO:root:6185:XX found first (8, 8) is not 4 1
INFO:root:6185:XX found first (1, 1) is not 7 1
INFO:root:6185:XX found first (6, 5) is not 2 1
INFO:root:6185:XX found first (1, 2) is not 6 1
INFO:root:6185:XX found first (8, 5) is not 6 1
INFO:root:6185:XX found first (1, 5) is not 3 1
INFO:root:6185:XX found first (2, 4) is not 2 1
INFO:root:6185:XX found first (8, 5) is not 2 1
INFO:root:6185:XX found first (7, 5) is not 5 1
INFO:root:6185:XX found first (2, 3) is not 5 1
INFO:root:6185:XX found first (4, 5) is not 5 1
INFO:root:6186:XX found first (9, 5) is not 8 1
INFO:root:6186:XX found first (4, 1) is not 2 1
INFO:root:6186:XX found first (9, 1) is not 7 1
INFO:root:6186:XX found first (5, 7) is not 2 1
INFO:root:6186:XX found first (9, 9) is not 6 1
INFO:root:6186:XX found first (6, 5) is not 4 1
INFO:root:6186:XX found first (1, 5) is not 1 1
INFO:root:6186:XX found first (1, 3) is not 3 1
INFO:root:6186:XX found first (5, 3) is not 3 1
INFO:root:6186:XX found first (5, 1) is not 3 1
INFO:root:6186:XX found first (3, 4) is not 8 1
INFO:root:6186:XX found first (3, 3) is not 6 1
INFO:root:6186:XX found first (5, 5) is not 3 1
INFO:root:6186:XX found first (2, 5) is not 9 1
INFO:root:6186:XX found first (4, 7) is not 8 1
INFO:root:6186:XX found first (7, 4) is not 5 1
INFO:root:6186:XX found first (5, 4) is not 1 1
INFO:root:6186:XX found first (2, 9) is not 6 1
INFO:root:6186:XX found first (7, 8) is not 5 1
INFO:root:6186:XX found first (1, 4) is not 1 1
INFO:root:6186:XX found first (7, 1) is not 6 1
INFO:root:6186:XX found first (1, 8) is not 3 1
INFO:root:6186:XX found first (9, 5) is not 5 1
INFO:root:6186:XX found first (7, 8) is not 6 1
INFO:root:6186:XX found first (9, 2) is not 2 1
INFO:root:6187:XX found first (7, 4) is not 7 1
INFO:root:6187:XX found first (8, 9) is not 3 1
INFO:root:6187:XX found first (7, 6) is not 9 1
INFO:root:6187:XX found first (4, 9) is not 8 1
INFO:root:6187:XX found first (4, 3) is not 9 1
INFO:root:6187:XX found first (4, 2) is not 5 1
INFO:root:6187:XX found first (9, 8) is not 3 1
INFO:root:6187:XX found first (5, 5) is not 7 1
INFO:root:6187:XX found first (4, 7) is not 7 1
INFO:root:6187:XX found first (6, 4) is not 8 1
INFO:root:6187:XX found first (7, 2) is not 8 1
INFO:root:6187:XX found first (7, 6) is not 6 1
INFO:root:6187:XX found first (6, 1) is not 3 1
INFO:root:6187:XX found first (9, 4) is not 1 1
INFO:root:6187:XX found first (6, 3) is not 9 1
INFO:root:6187:XX found first (9, 3) is not 9 1
INFO:root:6187:XX found first (3, 2) is not 8 1
INFO:root:6187:XX found first (4, 4) is not 4 1
INFO:root:6187:XX found first (5, 4) is not 6 1
INFO:root:6187:XX found first (3, 4) is not 9 1
INFO:root:6187:XX found first (6, 6) is not 1 1
INFO:root:6187:XX found first (7, 2) is not 6 1
INFO:root:6187:XX found first (6, 9) is not 6 1
INFO:root:6187:XX found first (7, 7) is not 9 1
INFO:root:6188:XX found first (8, 3) is not 2 1
INFO:root:6188:XX found first (9, 4) is not 6 1
INFO:root:6188:XX found first (9, 8) is not 1 1
INFO:root:6188:XX found first (2, 6) is not 5 1
INFO:root:6188:XX found first (7, 3) is not 3 1
INFO:root:6188:XX found first (3, 4) is not 2 1
INFO:root:6188:XX found first (3, 8) is not 3 1
INFO:root:6188:XX found first (1, 2) is not 7 1
INFO:root:6188:XX found first (1, 5) is not 7 1
INFO:root:6188:XX found first (7, 6) is not 1 1
INFO:root:6188:XX found first (7, 5) is not 9 1
INFO:root:6188:XX found first (2, 4) is not 6 1
INFO:root:6188:XX found first (2, 9) is not 7 1
INFO:root:6188:XX found first (2, 3) is not 3 1
INFO:root:6188:XX found first (3, 6) is not 6 1
INFO:root:6188:XX found first (8, 7) is not 1 1
INFO:root:6188:XX found first (1, 4) is not 5 1
INFO:root:6188:XX found first (8, 8) is not 9 1
INFO:root:6188:XX found first (1, 9) is not 5 1
INFO:root:6188:XX found first (7, 8) is not 3 1
INFO:root:6188:XX found first (1, 2) is not 4 1
INFO:root:6188:XX found first (7, 6) is not 8 1
INFO:root:6188:XX found first (2, 8) is not 5 1
INFO:root:6188:XX found first (6, 3) is not 1 1
INFO:root:6188:XX found first (9, 1) is not 8 1
INFO:root:6189:XX found first (6, 6) is not 5 1
INFO:root:6189:XX found first (4, 2) is not 9 1
INFO:root:6189:XX found first (9, 7) is not 7 1
INFO:root:6189:XX found first (6, 2) is not 5 1
INFO:root:6189:XX found first (7, 7) is not 5 1
INFO:root:6189:XX found first (8, 4) is not 5 1
INFO:root:6189:XX found first (9, 8) is not 6 1
INFO:root:6189:XX found first (4, 5) is not 7 1
INFO:root:6189:XX found first (5, 8) is not 7 1
INFO:root:6189:XX found first (2, 3) is not 8 1
INFO:root:6189:XX found first (3, 8) is not 9 1
INFO:root:6189:XX found first (7, 3) is not 8 1
INFO:root:6189:XX found first (1, 3) is not 5 1
INFO:root:6189:XX found first (8, 6) is not 3 1
INFO:root:6189:XX found first (9, 2) is not 4 1
INFO:root:6189:XX found first (1, 6) is not 1 1
INFO:root:6189:XX found first (6, 6) is not 6 1
INFO:root:6189:XX found first (5, 4) is not 9 1
INFO:root:6189:XX found first (5, 9) is not 2 1
INFO:root:6189:XX found first (9, 5) is not 2 1
INFO:root:6189:XX found first (3, 4) is not 4 1
INFO:root:6189:XX found first (4, 5) is not 3 1
INFO:root:6189:XX found first (2, 6) is not 2 1
INFO:root:6189:XX found first (9, 5) is not 4 1
INFO:root:6189:XX found first (1, 5) is not 6 1
INFO:root:6190:XX found first (7, 9) is not 6 1
INFO:root:6190:XX found first (7, 8) is not 2 1
INFO:root:6190:XX found first (8, 4) is not 6 1
INFO:root:6190:XX found first (4, 4) is not 5 1
INFO:root:6190:XX found first (1, 7) is not 1 1
INFO:root:6190:XX found first (5, 3) is not 8 1
INFO:root:6190:XX found first (7, 3) is not 5 1
INFO:root:6190:XX found first (4, 3) is not 3 1
INFO:root:6190:XX found first (2, 7) is not 3 1
INFO:root:6190:XX found first (8, 6) is not 9 1
INFO:root:6190:XX found first (2, 5) is not 3 1
INFO:root:6190:XX found first (2, 1) is not 5 1
INFO:root:6190:XX found first (2, 2) is not 1 1
INFO:root:6190:XX found first (8, 7) is not 3 1
INFO:root:6190:XX found first (2, 5) is not 1 1
INFO:root:6190:XX found first (6, 8) is not 2 1
INFO:root:6190:XX found first (7, 6) is not 7 1
INFO:root:6190:XX found first (6, 9) is not 1 1
INFO:root:6190:XX found first (9, 4) is not 9 1
INFO:root:6190:XX found first (6, 7) is not 2 1
INFO:root:6190:XX found first (1, 8) is not 5 1
INFO:root:6190:XX found first (1, 1) is not 9 1
INFO:root:6190:XX found first (4, 8) is not 3 1
INFO:root:6190:XX found first (6, 2) is not 1 1
INFO:root:6190:XX found first (2, 6) is not 3 1
INFO:root:6190:XX found first (5, 8) is not 4 1
INFO:root:6191:XX found first (3, 2) is not 2 1
INFO:root:6191:XX found first (3, 5) is not 9 1
INFO:root:6191:XX found first (4, 3) is not 4 1
INFO:root:6191:XX found first (2, 8) is not 3 1
INFO:root:6191:XX found first (3, 8) is not 5 1
INFO:root:6191:XX found first (2, 1) is not 2 1
INFO:root:6191:XX found first (6, 2) is not 3 1
INFO:root:6191:XX found first (3, 4) is not 6 1
INFO:root:6191:XX found first (5, 1) is not 9 1
INFO:root:6191:XX found first (1, 1) is not 4 1
INFO:root:6191:XX found first (5, 7) is not 9 1
INFO:root:6191:XX found first (5, 7) is not 5 1
INFO:root:6191:XX found first (7, 1) is not 5 1
INFO:root:6191:XX found first (4, 3) is not 8 1
INFO:root:6191:XX found first (4, 3) is not 5 1
INFO:root:6191:XX found first (2, 1) is not 9 1
INFO:root:6191:XX found first (5, 3) is not 4 1
INFO:root:6191:XX found first (2, 9) is not 2 1
INFO:root:6191:XX found first (1, 1) is not 5 1
INFO:root:6191:XX found first (3, 7) is not 8 1
INFO:root:6191:XX found first (6, 3) is not 2 1
INFO:root:6191:XX found first (5, 7) is not 1 1
INFO:root:6191:XX found first (3, 3) is not 2 1
INFO:root:6191:XX found first (4, 7) is not 5 1
INFO:root:6191:XX found first (9, 9) is not 2 1
INFO:root:6191:XX found first (2, 3) is not 9 1
INFO:root:6192:XX found first (9, 9) is not 3 1
INFO:root:6192:XX found first (5, 2) is not 1 1
INFO:root:6192:XX found first (9, 2) is not 8 1
INFO:root:6192:XX found first (7, 7) is not 3 1
INFO:root:6192:XX found first (3, 3) is not 8 1
INFO:root:6192:XX found first (3, 1) is not 5 1
INFO:root:6192:XX found first (2, 2) is not 8 1
INFO:root:6192:XX found first (4, 5) is not 6 1
INFO:root:6192:XX found first (8, 1) is not 9 1
INFO:root:6192:XX found first (6, 1) is not 6 1
INFO:root:6192:XX found first (5, 6) is not 5 1
INFO:root:6192:XX found first (8, 2) is not 4 1
INFO:root:6192:XX found first (4, 2) is not 2 1
INFO:root:6192:XX found first (1, 3) is not 9 1
INFO:root:6192:XX found first (8, 6) is not 8 1
INFO:root:6192:XX found first (5, 9) is not 5 1
INFO:root:6192:XX found first (4, 4) is not 6 1
INFO:root:6192:XX found first (6, 7) is not 5 1
INFO:root:6192:XX found first (2, 5) is not 6 1
INFO:root:6192:XX found first (4, 4) is not 8 1
INFO:root:6192:XX found first (1, 8) is not 2 1
INFO:root:6192:XX found first (3, 9) is not 9 1
INFO:root:6192:XX found first (5, 2) is not 3 1
INFO:root:6192:XX found first (5, 9) is not 1 1
INFO:root:6193:XX found first (6, 5) is not 3 1
INFO:root:6193:XX found first (2, 2) is not 7 1
INFO:root:6193:XX found first (4, 7) is not 2 1
INFO:root:6193:XX found first (7, 2) is not 9 1
INFO:root:6193:XX found first (4, 1) is not 9 1
INFO:root:6193:XX found first (9, 1) is not 9 1
INFO:root:6193:XX found first (8, 1) is not 7 1
INFO:root:6193:XX found first (6, 7) is not 7 1
INFO:root:6193:XX found first (5, 7) is not 7 1
INFO:root:6193:XX found first (9, 7) is not 9 1
INFO:root:6193:XX found first (6, 9) is not 7 1
INFO:root:6193:XX found first (7, 5) is not 6 1
INFO:root:6193:XX found first (3, 8) is not 1 1
INFO:root:6193:XX found first (9, 8) is not 7 1
INFO:root:6193:XX found first (8, 7) is not 7 1
INFO:root:6193:XX found first (3, 6) is not 1 1
INFO:root:6193:XX found first (7, 2) is not 4 1
INFO:root:6193:XX found first (1, 5) is not 5 1
INFO:root:6193:XX found first (5, 2) is not 5 1
INFO:root:6193:XX found first (2, 9) is not 1 1
INFO:root:6193:XX found first (3, 8) is not 2 1
INFO:root:6193:XX found first (1, 2) is not 9 1
INFO:root:6193:XX found first (4, 7) is not 4 1
INFO:root:6193:XX found first (5, 8) is not 3 1
INFO:root:6193:XX found first (6, 3) is not 4 1
INFO:root:6194:XX found first (8, 6) is not 2 1
INFO:root:6194:XX found first (6, 3) is not 7 1
INFO:root:6194:XX found first (5, 2) is not 8 1
INFO:root:6194:XX found first (6, 8) is not 4 1
INFO:root:6194:XX found first (9, 4) is not 5 1
INFO:root:6194:XX found first (4, 7) is not 9 1
INFO:root:6194:XX found first (6, 8) is not 6 1
INFO:root:6194:XX found first (5, 8) is not 5 1
INFO:root:6194:XX found first (6, 4) is not 7 1
INFO:root:6194:XX found first (2, 3) is not 2 1
INFO:root:6194:XX found first (4, 8) is not 1 1
INFO:root:6194:XX found first (2, 9) is not 8 1
INFO:root:6194:XX found first (3, 1) is not 2 1
INFO:root:6194:XX found first (6, 1) is not 4 1
INFO:root:6194:XX found first (1, 6) is not 5 1
INFO:root:6194:XX found first (8, 2) is not 3 1
INFO:root:6194:XX found first (8, 5) is not 1 1
INFO:root:6194:XX found first (7, 4) is not 8 1
INFO:root:6194:XX found first (6, 6) is not 7 1
INFO:root:6194:XX found first (8, 3) is not 9 1
INFO:root:6194:XX found first (1, 3) is not 8 1
INFO:root:6194:XX found first (8, 5) is not 8 1
INFO:root:6194:XX found first (4, 8) is not 8 1
INFO:root:6194:XX found first (4, 9) is not 2 1
INFO:root:6194:XX found first (9, 4) is not 7 1
INFO:root:6195:XX found first (5, 9) is not 7 1
INFO:root:6195:XX found first (2, 2) is not 3 1
INFO:root:6195:XX found first (3, 7) is not 1 1
INFO:root:6195:XX found first (7, 6) is not 3 1
INFO:root:6195:XX found first (3, 5) is not 6 1
INFO:root:6195:XX found first (6, 3) is not 8 1
INFO:root:6195:XX found first (1, 1) is not 1 1
INFO:root:6195:XX found first (9, 6) is not 9 1
INFO:root:6195:XX found first (1, 2) is not 3 1
INFO:root:6195:XX found first (9, 5) is not 7 1
INFO:root:6195:XX found first (6, 4) is not 1 1
INFO:root:6195:XX found first (8, 2) is not 8 1
INFO:root:6195:XX found first (4, 9) is not 4 1
INFO:root:6195:XX found first (6, 5) is not 1 1
INFO:root:6195:XX found first (4, 3) is not 1 1
INFO:root:6195:XX found first (9, 6) is not 5 1
INFO:root:6195:XX found first (8, 4) is not 3 1
INFO:root:6195:XX found first (3, 5) is not 8 1
INFO:root:6195:XX found first (3, 2) is not 9 1
INFO:root:6195:XX found first (9, 8) is not 9 1
INFO:root:6195:XX found first (7, 8) is not 7 1
INFO:root:6195:XX found first (3, 1) is not 8 1
INFO:root:6195:XX found first (5, 1) is not 8 1
INFO:root:6195:XX found first (5, 5) is not 8 1
INFO:root:6195:XX found first (9, 5) is not 3 1
INFO:root:6196:XX found first (9, 9) is not 1 1
INFO:root:6196:XX found first (5, 3) is not 2 1
INFO:root:6196:XX found first (7, 4) is not 9 1
INFO:root:6196:XX found first (4, 9) is not 5 1
INFO:root:6196:XX found first (9, 5) is not 1 1
INFO:root:6196:XX found first (3, 3) is not 1 1
INFO:root:6196:XX found first (6, 2) is not 2 1
INFO:root:6196:XX found first (2, 9) is not 5 1
INFO:root:6196:XX found first (8, 6) is not 6 1
INFO:root:6196:XX found first (7, 4) is not 1 1
INFO:root:6196:XX found first (1, 9) is not 7 1
INFO:root:6196:XX found first (5, 6) is not 6 1
INFO:root:6196:XX found first (9, 2) is not 7 1
INFO:root:6196:XX found first (5, 5) is not 4 1
INFO:root:6196:XX found first (9, 1) is not 2 1
INFO:root:6196:XX found first (5, 1) is not 1 1
INFO:root:6196:XX found first (8, 5) is not 3 1
INFO:root:6196:XX found first (2, 4) is not 1 1
INFO:root:6196:XX found first (2, 1) is not 8 1
INFO:root:6196:XX found first (5, 8) is not 1 1
INFO:root:6196:XX found first (7, 4) is not 4 1
INFO:root:6196:XX found first (6, 2) is not 7 1
INFO:root:6196:XX found first (4, 8) is not 9 1
INFO:root:6196:XX found first (5, 3) is not 1 1
INFO:root:6196:XX found first (1, 8) is not 8 1
INFO:root:6196:XX found first (4, 5) is not 1 1
INFO:root:6197:XX found first (6, 7) is not 3 1
INFO:root:6197:XX found first (1, 1) is not 2 1
INFO:root:6197:XX found first (9, 8) is not 8 1
INFO:root:6197:XX found first (4, 6) is not 5 1
INFO:root:6197:XX found first (3, 9) is not 8 1
INFO:root:6197:XX found first (4, 2) is not 7 1
INFO:root:6197:XX found first (3, 2) is not 5 1
INFO:root:6197:XX found first (6, 8) is not 8 1
INFO:root:6197:XX found first (7, 8) is not 4 1
INFO:root:6197:XX found first (2, 2) is not 5 1
INFO:root:6197:XX found first (8, 4) is not 1 1
INFO:root:6197:XX found first (1, 7) is not 5 1
INFO:root:6197:XX found first (8, 8) is not 2 1
INFO:root:6197:XX found first (4, 9) is not 7 1
INFO:root:6197:XX found first (9, 3) is not 3 1
INFO:root:6197:XX found first (7, 2) is not 5 1
INFO:root:6197:XX found first (2, 5) is not 8 1
INFO:root:6197:XX found first (3, 8) is not 4 1
INFO:root:6197:XX found first (9, 4) is not 4 1
INFO:root:6197:XX found first (3, 1) is not 1 1
INFO:root:6197:XX found first (1, 1) is not 6 1
INFO:root:6197:XX found first (5, 6) is not 9 1
INFO:root:6197:XX found first (4, 6) is not 4 1
INFO:root:6197:XX found first (6, 2) is not 6 1
INFO:root:6197:XX found first (7, 3) is not 2 1
INFO:root:6198:XX found first (9, 3) is not 4 1
INFO:root:6198:XX found first (5, 2) is not 2 1
INFO:root:6198:XX found first (3, 4) is not 5 1
INFO:root:6198:XX found first (4, 2) is not 1 1
INFO:root:6198:XX found first (6, 8) is not 5 1
INFO:root:6198:XX found first (7, 3) is not 6 1
INFO:root:6198:XX found first (6, 1) is not 9 1
INFO:root:6198:XX found first (2, 2) is not 4 1
INFO:root:6198:XX found first (9, 2) is not 5 1
INFO:root:6198:XX found first (3, 6) is not 7 1
INFO:root:6198:XX found first (4, 2) is not 3 1
INFO:root:6198:XX found first (8, 9) is not 4 1
INFO:root:6198:XX found first (9, 9) is not 8 1
INFO:root:6198:XX found first (1, 5) is not 8 1
INFO:root:6198:XX found first (3, 8) is not 8 1
INFO:root:6198:XX found first (2, 6) is not 8 1
INFO:root:6198:XX found first (3, 3) is not 4 1
INFO:root:6198:XX found first (3, 4) is not 3 1
INFO:root:6198:XX found first (7, 7) is not 4 1
INFO:root:6198:XX found first (4, 7) is not 6 1
INFO:root:6198:XX found first (1, 6) is not 2 1
INFO:root:6198:XX found first (6, 5) is not 8 1
INFO:root:6198:XX found first (8, 2) is not 5 1
INFO:root:6198:XX found first (4, 9) is not 1 1
INFO:root:6198:XX found first (5, 1) is not 4 1
INFO:root:6199:XX found first (2, 7) is not 1 1
INFO:root:6199:XX found first (8, 7) is not 4 1
INFO:root:6199:XX found first (7, 7) is not 6 1
INFO:root:6199:XX found first (8, 9) is not 2 1
INFO:root:6199:XX found first (6, 1) is not 2 1
INFO:root:6199:XX found first (2, 8) is not 2 1
INFO:root:6199:XX found first (7, 9) is not 4 1
INFO:root:6199:XX found first (7, 2) is not 2 1
INFO:root:6199:XX found first (1, 5) is not 4 1
INFO:root:6199:XX found first (3, 9) is not 3 1
INFO:root:6199:XX found first (7, 1) is not 8 1
INFO:root:6199:XX found first (4, 5) is not 2 1
INFO:root:6199:XX found first (6, 9) is not 3 1
INFO:root:6199:XX found first (8, 5) is not 5 1
INFO:root:6199:XX found first (3, 3) is not 3 1
INFO:root:6199:XX found first (4, 9) is not 3 1
INFO:root:6199:XX found first (7, 6) is not 4 1
INFO:root:6199:XX found first (8, 9) is not 8 1
INFO:root:6199:XX found first (2, 2) is not 6 1
INFO:root:6199:XX found first (1, 4) is not 2 1
INFO:root:6199:XX found first (1, 8) is not 4 1
INFO:root:6199:XX found first (1, 2) is not 1 1
INFO:root:6199:XX found first (9, 6) is not 6 1
INFO:root:6199:XX found first (8, 4) is not 2 1
INFO:root:6199:XX found first (1, 6) is not 8 1
INFO:root:6199:XX found first (4, 6) is not 6 1
INFO:root:6200:XX found first (5, 8) is not 6 1
INFO:root:6200:XX found first (1, 1) is not 3 1
INFO:root:6200:XX found first (9, 7) is not 8 1
INFO:root:6200:XX found first (5, 9) is not 9 1
INFO:root:6200:XX found first (1, 4) is not 8 1
INFO:root:6200:XX found first (4, 1) is not 3 1
INFO:root:6200:XX found first (4, 5) is not 4 1
INFO:root:6200:XX found first (1, 4) is not 6 1
INFO:root:6200:XX found first (3, 2) is not 1 1
INFO:root:6200:XX found first (9, 3) is not 2 1
INFO:root:6200:XX found first (1, 5) is not 9 1
INFO:root:6200:XX found first (1, 3) is not 2 1
INFO:root:6200:XX found first (7, 7) is not 1 1
INFO:root:6200:XX found first (7, 1) is not 2 1
INFO:root:6200:XX found first (8, 1) is not 8 1
INFO:root:6200:XX found first (5, 2) is not 4 1
INFO:root:6200:XX found first (4, 6) is not 1 1
INFO:root:6200:XX found first (5, 1) is not 2 1
INFO:root:6200:XX found first (6, 2) is not 9 1
INFO:root:6200:XX found first (2, 8) is not 4 1
INFO:root:6213:Early exit from checkSmall1
INFO:root:6277:Starting Step 2
INFO:root:6780:Current state [[[[8], [5], [1, 4, 6, 7], [3, 4, 7, 9], [2], [3, 4, 6, 7, 9], [4, 6, 7, 9], [1, 6, 9], [1, 4, 6, 9]], [[1, 4, 6, 7], [2], [1, 4, 6, 7], [4, 5, 7, 9], [4, 5, 7], [4, 6, 7, 9], [4, 5, 6, 7, 9], [1, 6, 8, 9], [3]], [[3, 4, 6, 7], [3, 6, 7], [9], [1], [3, 4, 5, 7], [8], [2, 4, 5, 6, 7], [6], [2, 4, 5, 6]], [[6, 7], [4], [2, 6, 7], [2, 3, 7, 9], [8], [2, 3, 7, 9], [1], [5], [6, 9]], [[5, 6, 7], [9], [5, 6, 7], [3, 4, 5, 7], [1], [3, 4, 7], [3, 4, 6], [2], [4, 6, 8]], [[1, 5], [8], [3], [2, 4, 5, 9], [6], [2, 4, 9], [4, 9], [7], [4, 9]], [[1, 3, 4, 7, 9], [1, 3, 7], [1, 4, 7], [6], [3, 4, 7], [5], [8], [1, 9], [1, 2, 9]], [[2], [1, 6, 7], [1, 4, 5, 6, 7, 8], [4, 7, 8], [4, 7], [1, 4, 7], [5, 6, 9], [3], [1, 5, 6, 9]], [[1, 3, 5, 6], [1, 3, 6], [1, 5, 6, 8], [2, 3, 8], [9], [1, 2, 3], [2, 5, 6], [4], [7]]]]
INFO:root:6780:Doing checkSmall1
INFO:root:6780:Getting tiny MUSes, distance 1, for 183 puzlits, 1 repeats
INFO:root:6816:Chunked 183 in [12, 12, 12, 12, 12, 12, 12, 11, 11, 11, 11, 11, 11, 11, 11, 11]
INFO:root:6858:XX found first (2, 8) is 8 1
INFO:root:6859:XX found first (5, 7) is 3 1
INFO:root:6859:XX found first (4, 3) is 2 1
INFO:root:6859:XX found first (7, 1) is 9 1
INFO:root:6859:XX found first (6, 1) is 1 1
INFO:root:6859:XX found first (7, 9) is 2 1
INFO:root:6859:XX found first (5, 9) is 8 1
INFO:root:6859:XX found first (3, 8) is 6 1
INFO:root:6871:Early exit from checkSmall1
INFO:root:6900:Starting Step 3
INFO:root:7415:Current state [[[[8], [5], [1, 4, 6, 7], [3, 4, 7, 9], [2], [3, 4, 6, 7, 9], [4, 6, 7, 9], [1, 6, 9], [1, 4, 6, 9]], [[1, 4, 6, 7], [2], [1, 4, 6, 7], [4, 5, 7, 9], [4, 5, 7], [4, 6, 7, 9], [4, 5, 6, 7, 9], [8], [3]], [[3, 4, 6, 7], [3, 6, 7], [9], [1], [3, 4, 5, 7], [8], [2, 4, 5, 6, 7], [6], [2, 4, 5, 6]], [[6, 7], [4], [2], [2, 3, 7, 9], [8], [2, 3, 7, 9], [1], [5], [6, 9]], [[5, 6, 7], [9], [5, 6, 7], [3, 4, 5, 7], [1], [3, 4, 7], [3], [2], [8]], [[1], [8], [3], [2, 4, 5, 9], [6], [2, 4, 9], [4, 9], [7], [4, 9]], [[9], [1, 3, 7], [1, 4, 7], [6], [3, 4, 7], [5], [8], [1, 9], [2]], [[2], [1, 6, 7], [1, 4, 5, 6, 7, 8], [4, 7, 8], [4, 7], [1, 4, 7], [5, 6, 9], [3], [1, 5, 6, 9]], [[1, 3, 5, 6], [1, 3, 6], [1, 5, 6, 8], [2, 3, 8], [9], [1, 2, 3], [2, 5, 6], [4], [7]]]]
INFO:root:7415:Doing checkSmall1
INFO:root:7415:Getting tiny MUSes, distance 1, for 175 puzlits, 1 repeats
INFO:root:7451:Chunked 175 in [11, 11, 11, 11, 11, 11, 11, 11, 11, 11, 11, 11, 11, 11, 11, 10]
INFO:root:7480:XX found first (3, 7) is not 6 1
INFO:root:7480:XX found first (7, 9) is not 9 1
INFO:root:7480:XX found first (2, 8) is not 9 1
INFO:root:7480:XX found first (1, 7) is not 6 1
INFO:root:7480:XX found first (3, 9) is not 6 1
INFO:root:7480:XX found first (7, 8) is not 9 1
INFO:root:7480:XX found first (2, 7) is not 6 1
INFO:root:7480:XX found first (4, 3) is not 6 1
INFO:root:7480:XX found first (5, 4) is not 3 1
INFO:root:7480:XX found first (4, 6) is not 2 1
INFO:root:7480:XX found first (7, 1) is not 1 1
INFO:root:7480:XX found first (3, 9) is not 2 1
INFO:root:7480:XX found first (5, 9) is not 4 1
INFO:root:7480:XX found first (5, 9) is not 6 1
INFO:root:7480:XX found first (9, 7) is not 2 1
INFO:root:7480:XX found first (3, 2) is not 6 1
INFO:root:7480:XX found first (4, 3) is not 7 1
INFO:root:7480:XX found first (6, 1) is not 5 1
INFO:root:7480:XX found first (3, 1) is not 6 1
INFO:root:7480:XX found first (5, 7) is not 6 1
INFO:root:7481:XX found first (7, 1) is not 3 1
INFO:root:7481:XX found first (5, 6) is not 3 1
INFO:root:7481:XX found first (5, 7) is not 4 1
INFO:root:7481:XX found first (1, 9) is not 6 1
INFO:root:7481:XX found first (2, 8) is not 6 1
INFO:root:7481:XX found first (7, 9) is not 1 1
INFO:root:7481:XX found first (7, 1) is not 7 1
INFO:root:7481:XX found first (4, 4) is not 2 1
INFO:root:7481:XX found first (1, 8) is not 6 1
INFO:root:7481:XX found first (2, 1) is not 1 1
INFO:root:7481:XX found first (2, 8) is not 1 1
INFO:root:7481:XX found first (7, 1) is not 4 1
INFO:root:7481:XX found first (9, 1) is not 1 1
INFO:root:7493:Early exit from checkSmall1
INFO:root:7504:Starting Step 4
INFO:root:8034:Current state [[[[8], [5], [1, 4, 6, 7], [3, 4, 7, 9], [2], [3, 4, 6, 7, 9], [4, 7, 9], [1, 9], [1, 4, 9]], [[4, 6, 7], [2], [1, 4, 6, 7], [4, 5, 7, 9], [4, 5, 7], [4, 6, 7, 9], [4, 5, 7, 9], [8], [3]], [[3, 4, 7], [3, 7], [9], [1], [3, 4, 5, 7], [8], [2, 4, 5, 7], [6], [4, 5]], [[6, 7], [4], [2], [3, 7, 9], [8], [3, 7, 9], [1], [5], [6, 9]], [[5, 6, 7], [9], [5, 6, 7], [4, 5, 7], [1], [4, 7], [3], [2], [8]], [[1], [8], [3], [2, 4, 5, 9], [6], [2, 4, 9], [4, 9], [7], [4, 9]], [[9], [1, 3, 7], [1, 4, 7], [6], [3, 4, 7], [5], [8], [1], [2]], [[2], [1, 6, 7], [1, 4, 5, 6, 7, 8], [4, 7, 8], [4, 7], [1, 4, 7], [5, 6, 9], [3], [1, 5, 6, 9]], [[3, 5, 6], [1, 3, 6], [1, 5, 6, 8], [2, 3, 8], [9], [1, 2, 3], [5, 6], [4], [7]]]]
INFO:root:8034:Doing checkSmall1
INFO:root:8035:Getting tiny MUSes, distance 1, for 142 puzlits, 1 repeats
INFO:root:8070:Chunked 142 in [9, 9, 9, 9, 9, 9, 9, 9, 9, 9, 9, 9, 9, 9, 8, 8]
INFO:root:8103:XX found first (6, 4) is 5 1
INFO:root:8103:XX found first (1, 8) is 9 1
INFO:root:8103:XX found first (7, 8) is 1 1
INFO:root:8103:XX found first (3, 7) is 2 1
INFO:root:8103:XX found first (4, 9) is 6 1
INFO:root:8103:XX found first (2, 3) is 1 1
INFO:root:8115:Early exit from checkSmall1
INFO:root:8140:Starting Step 5
INFO:root:8681:Current state [[[[8], [5], [1, 4, 6, 7], [3, 4, 7, 9], [2], [3, 4, 6, 7, 9], [4, 7, 9], [9], [1, 4, 9]], [[4, 6, 7], [2], [1], [4, 5, 7, 9], [4, 5, 7], [4, 6, 7, 9], [4, 5, 7, 9], [8], [3]], [[3, 4, 7], [3, 7], [9], [1], [3, 4, 5, 7], [8], [2], [6], [4, 5]], [[6, 7], [4], [2], [3, 7, 9], [8], [3, 7, 9], [1], [5], [6]], [[5, 6, 7], [9], [5, 6, 7], [4, 5, 7], [1], [4, 7], [3], [2], [8]], [[1], [8], [3], [5], [6], [2, 4, 9], [4, 9], [7], [4, 9]], [[9], [1, 3, 7], [1, 4, 7], [6], [3, 4, 7], [5], [8], [1], [2]], [[2], [1, 6, 7], [1, 4, 5, 6, 7, 8], [4, 7, 8], [4, 7], [1, 4, 7], [5, 6, 9], [3], [1, 5, 6, 9]], [[3, 5, 6], [1, 3, 6], [1, 5, 6, 8], [2, 3, 8], [9], [1, 2, 3], [5, 6], [4], [7]]]]
INFO:root:8681:Doing checkSmall1
INFO:root:8681:Getting tiny MUSes, distance 1, for 136 puzlits, 1 repeats
INFO:root:8716:Chunked 136 in [9, 9, 9, 9, 9, 9, 9, 9, 8, 8, 8, 8, 8, 8, 8, 8]
INFO:root:8747:XX found first (4, 1) is not 6 1
INFO:root:8748:XX found first (6, 4) is not 9 1
INFO:root:8748:XX found first (2, 3) is not 7 1
INFO:root:8748:XX found first (2, 3) is not 4 1
INFO:root:8748:XX found first (5, 4) is not 5 1
INFO:root:8748:XX found first (2, 7) is not 9 1
INFO:root:8748:XX found first (8, 3) is not 1 1
INFO:root:8748:XX found first (8, 9) is not 6 1
INFO:root:8748:XX found first (3, 7) is not 4 1
INFO:root:8748:XX found first (1, 4) is not 9 1
INFO:root:8748:XX found first (2, 3) is not 6 1
INFO:root:8748:XX found first (7, 3) is not 1 1
INFO:root:8748:XX found first (1, 3) is not 1 1
INFO:root:8748:XX found first (6, 4) is not 4 1
INFO:root:8748:XX found first (8, 9) is not 1 1
INFO:root:8748:XX found first (1, 8) is not 1 1
INFO:root:8748:XX found first (1, 7) is not 9 1
INFO:root:8748:XX found first (9, 3) is not 1 1
INFO:root:8748:XX found first (7, 2) is not 1 1
INFO:root:8748:XX found first (1, 6) is not 9 1
INFO:root:8748:XX found first (1, 9) is not 9 1
INFO:root:8748:XX found first (6, 4) is not 2 1
INFO:root:8749:XX found first (2, 4) is not 5 1
INFO:root:8749:XX found first (4, 9) is not 9 1
INFO:root:8749:XX found first (3, 7) is not 7 1
INFO:root:8749:XX found first (3, 7) is not 5 1
INFO:root:8761:Early exit from checkSmall1
INFO:root:8771:Starting Step 6
INFO:root:9328:Current state [[[[8], [5], [4, 6, 7], [3, 4, 7], [2], [3, 4, 6, 7], [4, 7], [9], [1, 4]], [[4, 6, 7], [2], [1], [4, 7, 9], [4, 5, 7], [4, 6, 7, 9], [4, 5, 7], [8], [3]], [[3, 4, 7], [3, 7], [9], [1], [3, 4, 5, 7], [8], [2], [6], [4, 5]], [[7], [4], [2], [3, 7, 9], [8], [3, 7, 9], [1], [5], [6]], [[5, 6, 7], [9], [5, 6, 7], [4, 7], [1], [4, 7], [3], [2], [8]], [[1], [8], [3], [5], [6], [2, 4, 9], [4, 9], [7], [4, 9]], [[9], [3, 7], [4, 7], [6], [3, 4, 7], [5], [8], [1], [2]], [[2], [1, 6, 7], [4, 5, 6, 7, 8], [4, 7, 8], [4, 7], [1, 4, 7], [5, 6, 9], [3], [5, 9]], [[3, 5, 6], [1, 3, 6], [5, 6, 8], [2, 3, 8], [9], [1, 2, 3], [5, 6], [4], [7]]]]
INFO:root:9328:Doing checkSmall1
INFO:root:9328:Getting tiny MUSes, distance 1, for 110 puzlits, 1 repeats
INFO:root:9363:Chunked 110 in [7, 7, 7, 7, 7, 7, 7, 7, 7, 7, 7, 7, 7, 7, 6, 6]
INFO:root:9390:XX found first (6, 6) is 2 1
INFO:root:9390:XX found first (4, 1) is 7 1
INFO:root:9390:XX found first (9, 4) is 2 1
INFO:root:9390:XX found first (1, 9) is 1 1
INFO:root:9402:Early exit from checkSmall1
INFO:root:9421:Starting Step 7
INFO:root:9982:Current state [[[[8], [5], [4, 6, 7], [3, 4, 7], [2], [3, 4, 6, 7], [4, 7], [9], [1]], [[4, 6, 7], [2], [1], [4, 7, 9], [4, 5, 7], [4, 6, 7, 9], [4, 5, 7], [8], [3]], [[3, 4, 7], [3, 7], [9], [1], [3, 4, 5, 7], [8], [2], [6], [4, 5]], [[7], [4], [2], [3, 7, 9], [8], [3, 7, 9], [1], [5], [6]], [[5, 6, 7], [9], [5, 6, 7], [4, 7], [1], [4, 7], [3], [2], [8]], [[1], [8], [3], [5], [6], [2], [4, 9], [7], [4, 9]], [[9], [3, 7], [4, 7], [6], [3, 4, 7], [5], [8], [1], [2]], [[2], [1, 6, 7], [4, 5, 6, 7, 8], [4, 7, 8], [4, 7], [1, 4, 7], [5, 6, 9], [3], [5, 9]], [[3, 5, 6], [1, 3, 6], [5, 6, 8], [2], [9], [1, 2, 3], [5, 6], [4], [7]]]]
INFO:root:9982:Doing checkSmall1
INFO:root:9982:Getting tiny MUSes, distance 1, for 106 puzlits, 1 repeats
INFO:root:10018:Chunked 106 in [7, 7, 7, 7, 7, 7, 7, 7, 7, 7, 6, 6, 6, 6, 6, 6]
INFO:root:10042:XX found first (5, 1) is not 7 1
INFO:root:10042:XX found first (4, 4) is not 7 1
INFO:root:10042:XX found first (9, 4) is not 8 1
INFO:root:10042:XX found first (3, 1) is not 7 1
INFO:root:10042:XX found first (5, 3) is not 7 1
INFO:root:10042:XX found first (6, 6) is not 9 1
INFO:root:10042:XX found first (9, 4) is not 3 1
INFO:root:10042:XX found first (1, 9) is not 4 1
INFO:root:10042:XX found first (2, 1) is not 7 1
INFO:root:10042:XX found first (6, 6) is not 4 1
INFO:root:10042:XX found first (9, 6) is not 2 1
INFO:root:10042:XX found first (4, 6) is not 7 1
INFO:root:10054:Early exit from checkSmall1
INFO:root:10063:Starting Step 8
INFO:root:10629:Current state [[[[8], [5], [4, 6, 7], [3, 4, 7], [2], [3, 4, 6, 7], [4, 7], [9], [1]], [[4, 6], [2], [1], [4, 7, 9], [4, 5, 7], [4, 6, 7, 9], [4, 5, 7], [8], [3]], [[3, 4], [3, 7], [9], [1], [3, 4, 5, 7], [8], [2], [6], [4, 5]], [[7], [4], [2], [3, 9], [8], [3, 9], [1], [5], [6]], [[5, 6], [9], [5, 6], [4, 7], [1], [4, 7], [3], [2], [8]], [[1], [8], [3], [5], [6], [2], [4, 9], [7], [4, 9]], [[9], [3, 7], [4, 7], [6], [3, 4, 7], [5], [8], [1], [2]], [[2], [1, 6, 7], [4, 5, 6, 7, 8], [4, 7, 8], [4, 7], [1, 4, 7], [5, 6, 9], [3], [5, 9]], [[3, 5, 6], [1, 3, 6], [5, 6, 8], [2], [9], [1, 3], [5, 6], [4], [7]]]]
INFO:root:10629:Doing checkSmall1
INFO:root:10629:Getting tiny MUSes, distance 1, for 94 puzlits, 1 repeats
INFO:root:10664:Chunked 94 in [6, 6, 6, 6, 6, 6, 6, 6, 6, 6, 6, 6, 6, 6, 5, 5]
INFO:root:10685:XX found first (9, 3) is 8 1
INFO:root:10685:XX found first (8, 4) is 8 1
INFO:root:10697:Early exit from checkSmall1
INFO:root:10713:Starting Step 9
INFO:root:11284:Current state [[[[8], [5], [4, 6, 7], [3, 4, 7], [2], [3, 4, 6, 7], [4, 7], [9], [1]], [[4, 6], [2], [1], [4, 7, 9], [4, 5, 7], [4, 6, 7, 9], [4, 5, 7], [8], [3]], [[3, 4], [3, 7], [9], [1], [3, 4, 5, 7], [8], [2], [6], [4, 5]], [[7], [4], [2], [3, 9], [8], [3, 9], [1], [5], [6]], [[5, 6], [9], [5, 6], [4, 7], [1], [4, 7], [3], [2], [8]], [[1], [8], [3], [5], [6], [2], [4, 9], [7], [4, 9]], [[9], [3, 7], [4, 7], [6], [3, 4, 7], [5], [8], [1], [2]], [[2], [1, 6, 7], [4, 5, 6, 7, 8], [8], [4, 7], [1, 4, 7], [5, 6, 9], [3], [5, 9]], [[3, 5, 6], [1, 3, 6], [8], [2], [9], [1, 3], [5, 6], [4], [7]]]]
INFO:root:11284:Doing checkSmall1
INFO:root:11284:Getting tiny MUSes, distance 1, for 92 puzlits, 1 repeats
INFO:root:11319:Chunked 92 in [6, 6, 6, 6, 6, 6, 6, 6, 6, 6, 6, 6, 5, 5, 5, 5]
INFO:root:11340:XX found first (8, 4) is not 7 1
INFO:root:11340:XX found first (8, 4) is not 4 1
INFO:root:11340:XX found first (9, 3) is not 6 1
INFO:root:11340:XX found first (9, 3) is not 5 1
INFO:root:11340:XX found first (8, 3) is not 8 1
INFO:root:11352:Early exit from checkSmall1
INFO:root:11360:Starting Step 10
INFO:root:11936:Current state [[[[8], [5], [4, 6, 7], [3, 4, 7], [2], [3, 4, 6, 7], [4, 7], [9], [1]], [[4, 6], [2], [1], [4, 7, 9], [4, 5, 7], [4, 6, 7, 9], [4, 5, 7], [8], [3]], [[3, 4], [3, 7], [9], [1], [3, 4, 5, 7], [8], [2], [6], [4, 5]], [[7], [4], [2], [3, 9], [8], [3, 9], [1], [5], [6]], [[5, 6], [9], [5, 6], [4, 7], [1], [4, 7], [3], [2], [8]], [[1], [8], [3], [5], [6], [2], [4, 9], [7], [4, 9]], [[9], [3, 7], [4, 7], [6], [3, 4, 7], [5], [8], [1], [2]], [[2], [1, 6, 7], [4, 5, 6, 7], [8], [4, 7], [1, 4, 7], [5, 6, 9], [3], [5, 9]], [[3, 5, 6], [1, 3, 6], [8], [2], [9], [1, 3], [5, 6], [4], [7]]]]
INFO:root:11936:Doing checkSmall1
INFO:root:11936:Getting tiny MUSes, distance 1, for 87 puzlits, 1 repeats
INFO:root:11972:Chunked 87 in [6, 6, 6, 6, 6, 6, 6, 5, 5, 5, 5, 5, 5, 5, 5, 5]
INFO:root:12041:Considering 100 * 87 jobs for minsize=3
INFO:root:12059:Chunked 8700 in [544, 544, 544, 544, 544, 544, 544, 544, 544, 544, 544, 544, 543, 543, 543, 543]
INFO:root:19740:Considering 100 * 87 jobs for minsize=4
INFO:root:19755:Chunked 8700 in [544, 544, 544, 544, 544, 544, 544, 544, 544, 544, 544, 544, 543, 543, 543, 543]
INFO:root:30029:!! Found smaller !!!! 3 4
INFO:root:30029:XX found first (3, 5) is not 3 3
INFO:root:30029:!! Found smaller !!!! 3 4
INFO:root:30029:XX found first (9, 1) is not 6 3
INFO:root:30029:!! Found smaller !!!! 3 4
INFO:root:30029:XX found first (1, 3) is not 4 3
INFO:root:30029:!! Found smaller !!!! 3 4
INFO:root:30029:XX add new best (1, 3) is not 4 3 3
INFO:root:30029:!! Found smaller !!!! 3 4
INFO:root:30029:XX add new best (1, 3) is not 4 3 3
INFO:root:30029:!! Found smaller !!!! 3 4
INFO:root:30029:XX found first (8, 3) is not 6 3
INFO:root:30029:!! Found smaller !!!! 3 4
INFO:root:30030:XX add new best (3, 5) is not 3 3 3
INFO:root:30030:!! Found smaller !!!! 3 4
INFO:root:30030:XX add new best (3, 5) is not 3 3 3
INFO:root:30030:!! Found smaller !!!! 3 4
INFO:root:30030:XX add new best (9, 1) is not 6 3 3
INFO:root:30030:!! Found smaller !!!! 3 4
INFO:root:30030:XX add new best (3, 5) is not 3 3 3
INFO:root:30030:!! Found smaller !!!! 3 4
INFO:root:30030:XX add new best (1, 3) is not 4 3 3
INFO:root:30030:!! Found smaller !!!! 3 4
INFO:root:30030:XX add new best (8, 3) is not 6 3 3
INFO:root:30030:!! Found smaller !!!! 3 4
INFO:root:30030:XX add new best (3, 5) is not 3 3 3
INFO:root:30030:!! Found smaller !!!! 3 4
INFO:root:30030:XX add new best (9, 1) is not 6 3 3
INFO:root:30030:!! Found smaller !!!! 3 4
INFO:root:30030:XX add new best (3, 5) is not 3 3 3
INFO:root:30030:!! Found smaller !!!! 3 4
INFO:root:30031:XX add new best (8, 3) is not 6 3 3
INFO:root:30031:!! Found smaller !!!! 3 4
INFO:root:30031:XX add new best (9, 1) is not 6 3 3
INFO:root:30031:!! Found smaller !!!! 3 4
INFO:root:30031:XX add new best (3, 5) is not 3 3 3
INFO:root:30031:!! Found smaller !!!! 3 4
INFO:root:30031:XX add new best (3, 5) is not 3 3 3
INFO:root:30031:!! Found smaller !!!! 3 4
INFO:root:30031:XX add new best (1, 3) is not 4 3 3
INFO:root:30031:!! Found smaller !!!! 3 4
INFO:root:30031:XX add new best (8, 3) is not 6 3 3
INFO:root:30031:!! Found smaller !!!! 3 4
INFO:root:30031:XX add new best (3, 5) is not 3 3 3
INFO:root:30031:!! Found smaller !!!! 3 4
INFO:root:30031:XX add new best (3, 5) is not 3 3 3
INFO:root:30031:!! Found smaller !!!! 3 4
INFO:root:30031:XX add new best (1, 3) is not 4 3 3
INFO:root:30032:!! Found smaller !!!! 3 4
INFO:root:30032:XX add new best (1, 3) is not 4 3 3
INFO:root:30032:!! Found smaller !!!! 3 4
INFO:root:30032:XX add new best (1, 3) is not 4 3 3
INFO:root:30032:!! Found smaller !!!! 3 4
INFO:root:30032:XX add new best (3, 5) is not 3 3 3
INFO:root:30032:!! Found smaller !!!! 3 4
INFO:root:30032:XX add new best (1, 3) is not 4 3 3
INFO:root:30032:!! Found smaller !!!! 3 4
INFO:root:30032:XX add new best (1, 3) is not 4 3 3
INFO:root:30032:!! Found smaller !!!! 3 4
INFO:root:30032:XX add new best (3, 5) is not 3 3 3
INFO:root:30032:!! Found smaller !!!! 3 4
INFO:root:30032:XX add new best (8, 3) is not 6 3 3
INFO:root:30032:!! Found smaller !!!! 3 4
INFO:root:30032:XX add new best (3, 5) is not 3 3 3
INFO:root:30032:!! Found smaller !!!! 3 4
INFO:root:30032:XX add new best (9, 1) is not 6 3 3
INFO:root:30032:!! Found smaller !!!! 3 4
INFO:root:30033:XX add new best (9, 1) is not 6 3 3
INFO:root:30033:!! Found smaller !!!! 3 4
INFO:root:30033:XX add new best (8, 3) is not 6 3 3
INFO:root:30033:!! Found smaller !!!! 3 4
INFO:root:30033:XX add new best (3, 5) is not 3 3 3
INFO:root:30033:!! Found smaller !!!! 3 4
INFO:root:30033:XX add new best (1, 3) is not 4 3 3
INFO:root:30033:!! Found smaller !!!! 3 4
INFO:root:30033:XX add new best (8, 3) is not 6 3 3
INFO:root:30033:!! Found smaller !!!! 3 4
INFO:root:30033:XX add new best (3, 5) is not 3 3 3
INFO:root:30033:!! Found smaller !!!! 3 4
INFO:root:30033:XX add new best (8, 3) is not 6 3 3
INFO:root:30033:!! Found smaller !!!! 3 4
INFO:root:30033:XX add new best (9, 1) is not 6 3 3
INFO:root:30033:!! Found smaller !!!! 3 4
INFO:root:30033:XX add new best (1, 3) is not 4 3 3
INFO:root:30033:!! Found smaller !!!! 3 4
INFO:root:30034:XX add new best (1, 3) is not 4 3 3
INFO:root:30034:!! Found smaller !!!! 3 4
INFO:root:30034:XX add new best (3, 5) is not 3 3 3
INFO:root:30034:!! Found smaller !!!! 3 4
INFO:root:30034:XX add new best (1, 3) is not 4 3 3
INFO:root:30034:!! Found smaller !!!! 3 4
INFO:root:30034:XX add new best (9, 1) is not 6 3 3
INFO:root:30034:!! Found smaller !!!! 3 4
INFO:root:30034:XX add new best (9, 1) is not 6 3 3
INFO:root:30034:!! Found smaller !!!! 3 4
INFO:root:30034:XX add new best (8, 3) is not 6 3 3
INFO:root:30034:!! Found smaller !!!! 3 4
INFO:root:30034:XX add new best (9, 1) is not 6 3 3
INFO:root:30034:!! Found smaller !!!! 3 4
INFO:root:30034:XX add new best (8, 3) is not 6 3 3
INFO:root:30034:!! Found smaller !!!! 3 4
INFO:root:30034:XX add new best (3, 5) is not 3 3 3
INFO:root:30034:!! Found smaller !!!! 3 4
INFO:root:30035:XX add new best (9, 1) is not 6 3 3
INFO:root:30035:!! Found smaller !!!! 3 4
INFO:root:30035:XX add new best (1, 3) is not 4 3 3
INFO:root:30035:!! Found smaller !!!! 3 4
INFO:root:30035:XX add new best (8, 3) is not 6 3 3
INFO:root:30035:!! Found smaller !!!! 3 4
INFO:root:30035:XX add new best (3, 5) is not 3 3 3
INFO:root:30035:!! Found smaller !!!! 3 4
INFO:root:30035:XX add new best (3, 5) is not 3 3 3
INFO:root:30035:!! Found smaller !!!! 3 4
INFO:root:30035:XX add new best (1, 3) is not 4 3 3
INFO:root:30035:!! Found smaller !!!! 3 4
INFO:root:30035:XX add new best (9, 1) is not 6 3 3
INFO:root:30035:!! Found smaller !!!! 3 4
INFO:root:30035:XX add new best (9, 1) is not 6 3 3
INFO:root:30035:!! Found smaller !!!! 3 4
INFO:root:30035:XX add new best (1, 3) is not 4 3 3
INFO:root:30035:!! Found smaller !!!! 3 4
INFO:root:30035:XX add new best (1, 3) is not 4 3 3
INFO:root:30036:!! Found smaller !!!! 3 4
INFO:root:30036:XX add new best (1, 3) is not 4 3 3
INFO:root:30036:!! Found smaller !!!! 3 4
INFO:root:30036:XX add new best (1, 3) is not 4 3 3
INFO:root:30036:!! Found smaller !!!! 3 4
INFO:root:30036:XX add new best (8, 3) is not 6 3 3
INFO:root:30036:!! Found smaller !!!! 3 4
INFO:root:30036:XX add new best (3, 5) is not 3 3 3
INFO:root:30036:!! Found smaller !!!! 3 4
INFO:root:30036:XX add new best (8, 3) is not 6 3 3
INFO:root:30036:!! Found smaller !!!! 3 4
INFO:root:30036:XX add new best (3, 5) is not 3 3 3
INFO:root:30036:!! Found smaller !!!! 3 4
INFO:root:30036:XX add new best (3, 5) is not 3 3 3
INFO:root:30036:!! Found smaller !!!! 3 4
INFO:root:30036:XX add new best (8, 3) is not 6 3 3
INFO:root:30036:!! Found smaller !!!! 3 4
INFO:root:30036:XX add new best (1, 3) is not 4 3 3
INFO:root:30037:!! Found smaller !!!! 3 4
INFO:root:30037:XX add new best (9, 1) is not 6 3 3
INFO:root:30037:!! Found smaller !!!! 3 4
INFO:root:30037:XX add new best (9, 1) is not 6 3 3
INFO:root:30037:!! Found smaller !!!! 3 4
INFO:root:30037:XX add new best (3, 5) is not 3 3 3
INFO:root:30037:!! Found smaller !!!! 3 4
INFO:root:30037:XX add new best (3, 5) is not 3 3 3
INFO:root:30037:!! Found smaller !!!! 3 4
INFO:root:30037:XX add new best (1, 3) is not 4 3 3
INFO:root:30037:!! Found smaller !!!! 3 4
INFO:root:30037:XX add new best (3, 5) is not 3 3 3
INFO:root:30037:!! Found smaller !!!! 3 4
INFO:root:30037:XX add new best (8, 3) is not 6 3 3
INFO:root:30037:!! Found smaller !!!! 3 4
INFO:root:30037:XX add new best (8, 3) is not 6 3 3
INFO:root:30037:!! Found smaller !!!! 3 4
INFO:root:30038:XX add new best (1, 3) is not 4 3 3
INFO:root:30038:!! Found smaller !!!! 3 4
INFO:root:30038:XX add new best (1, 3) is not 4 3 3
INFO:root:30038:!! Found smaller !!!! 3 4
INFO:root:30038:XX add new best (1, 3) is not 4 3 3
INFO:root:30038:!! Found smaller !!!! 3 4
INFO:root:30038:XX add new best (8, 3) is not 6 3 3
INFO:root:30038:!! Found smaller !!!! 3 4
INFO:root:30038:XX add new best (3, 5) is not 3 3 3
INFO:root:30038:!! Found smaller !!!! 3 4
INFO:root:30038:XX add new best (3, 5) is not 3 3 3
INFO:root:30038:!! Found smaller !!!! 3 4
INFO:root:30038:XX add new best (8, 3) is not 6 3 3
INFO:root:30038:!! Found smaller !!!! 3 4
INFO:root:30038:XX add new best (8, 3) is not 6 3 3
INFO:root:30038:!! Found smaller !!!! 3 4
INFO:root:30038:XX add new best (1, 3) is not 4 3 3
INFO:root:30038:!! Found smaller !!!! 3 4
INFO:root:30038:XX add new best (3, 5) is not 3 3 3
INFO:root:30039:!! Found smaller !!!! 3 4
INFO:root:30039:XX add new best (1, 3) is not 4 3 3
INFO:root:30039:!! Found smaller !!!! 3 4
INFO:root:30039:XX add new best (3, 5) is not 3 3 3
INFO:root:30039:!! Found smaller !!!! 3 4
INFO:root:30039:XX add new best (1, 3) is not 4 3 3
INFO:root:30039:!! Found smaller !!!! 3 4
INFO:root:30039:XX add new best (1, 3) is not 4 3 3
INFO:root:30039:!! Found smaller !!!! 3 4
INFO:root:30039:XX add new best (8, 3) is not 6 3 3
INFO:root:30039:!! Found smaller !!!! 3 4
INFO:root:30039:XX add new best (1, 3) is not 4 3 3
INFO:root:30039:!! Found smaller !!!! 3 4
INFO:root:30039:XX add new best (3, 5) is not 3 3 3
INFO:root:30039:!! Found smaller !!!! 3 4
INFO:root:30039:XX add new best (1, 3) is not 4 3 3
INFO:root:30039:!! Found smaller !!!! 3 4
INFO:root:30040:XX add new best (3, 5) is not 3 3 3
INFO:root:30040:!! Found smaller !!!! 3 4
INFO:root:30040:XX add new best (3, 5) is not 3 3 3
INFO:root:30040:!! Found smaller !!!! 3 4
INFO:root:30040:XX add new best (3, 5) is not 3 3 3
INFO:root:30040:!! Found smaller !!!! 3 4
INFO:root:30040:XX add new best (8, 3) is not 6 3 3
INFO:root:30040:!! Found smaller !!!! 3 4
INFO:root:30040:XX add new best (1, 3) is not 4 3 3
INFO:root:30040:!! Found smaller !!!! 3 4
INFO:root:30040:XX add new best (3, 5) is not 3 3 3
INFO:root:30040:!! Found smaller !!!! 3 4
INFO:root:30040:XX add new best (9, 1) is not 6 3 3
INFO:root:30040:!! Found smaller !!!! 3 4
INFO:root:30040:XX add new best (3, 5) is not 3 3 3
INFO:root:30040:!! Found smaller !!!! 3 4
INFO:root:30040:XX add new best (3, 5) is not 3 3 3
INFO:root:30040:!! Found smaller !!!! 3 4
INFO:root:30040:XX add new best (8, 3) is not 6 3 3
INFO:root:30041:!! Found smaller !!!! 3 4
INFO:root:30041:XX add new best (1, 3) is not 4 3 3
INFO:root:30041:!! Found smaller !!!! 3 4
INFO:root:30041:XX add new best (9, 1) is not 6 3 3
INFO:root:30041:!! Found smaller !!!! 3 4
INFO:root:30041:XX add new best (8, 3) is not 6 3 3
INFO:root:30041:!! Found smaller !!!! 3 4
INFO:root:30041:XX add new best (3, 5) is not 3 3 3
INFO:root:30041:!! Found smaller !!!! 3 4
INFO:root:30041:XX add new best (3, 5) is not 3 3 3
INFO:root:30041:!! Found smaller !!!! 3 4
INFO:root:30041:XX add new best (8, 3) is not 6 3 3
INFO:root:30041:!! Found smaller !!!! 3 4
INFO:root:30041:XX add new best (1, 3) is not 4 3 3
INFO:root:30041:!! Found smaller !!!! 3 4
INFO:root:30041:XX add new best (3, 5) is not 3 3 3
INFO:root:30041:!! Found smaller !!!! 3 4
INFO:root:30041:XX add new best (8, 3) is not 6 3 3
INFO:root:30042:!! Found smaller !!!! 3 4
INFO:root:30042:XX add new best (3, 5) is not 3 3 3
INFO:root:30042:!! Found smaller !!!! 3 4
INFO:root:30042:XX add new best (8, 3) is not 6 3 3
INFO:root:30042:!! Found smaller !!!! 3 4
INFO:root:30042:XX add new best (1, 3) is not 4 3 3
INFO:root:30042:!! Found smaller !!!! 3 4
INFO:root:30042:XX add new best (1, 3) is not 4 3 3
INFO:root:30042:!! Found smaller !!!! 3 4
INFO:root:30042:XX add new best (9, 1) is not 6 3 3
INFO:root:30042:!! Found smaller !!!! 3 4
INFO:root:30042:XX add new best (3, 5) is not 3 3 3
INFO:root:30042:!! Found smaller !!!! 3 4
INFO:root:30042:XX add new best (1, 3) is not 4 3 3
INFO:root:30042:!! Found smaller !!!! 3 4
INFO:root:30042:XX add new best (3, 5) is not 3 3 3
INFO:root:30042:!! Found smaller !!!! 3 4
INFO:root:30042:XX add new best (8, 3) is not 6 3 3
INFO:root:30043:!! Found smaller !!!! 3 4
INFO:root:30043:XX add new best (1, 3) is not 4 3 3
INFO:root:30043:!! Found smaller !!!! 3 4
INFO:root:30043:XX add new best (1, 3) is not 4 3 3
INFO:root:30043:!! Found smaller !!!! 3 4
INFO:root:30043:XX add new best (3, 5) is not 3 3 3
INFO:root:30043:!! Found smaller !!!! 3 4
INFO:root:30043:XX add new best (8, 3) is not 6 3 3
INFO:root:30043:!! Found smaller !!!! 3 4
INFO:root:30043:XX add new best (8, 3) is not 6 3 3
INFO:root:30043:!! Found smaller !!!! 3 4
INFO:root:30043:XX add new best (3, 5) is not 3 3 3
INFO:root:30043:!! Found smaller !!!! 3 4
INFO:root:30043:XX add new best (9, 1) is not 6 3 3
INFO:root:30043:!! Found smaller !!!! 3 4
INFO:root:30043:XX add new best (3, 5) is not 3 3 3
INFO:root:30043:!! Found smaller !!!! 3 4
INFO:root:30044:XX add new best (1, 3) is not 4 3 3
INFO:root:30044:!! Found smaller !!!! 3 4
INFO:root:30044:XX add new best (3, 5) is not 3 3 3
INFO:root:30044:!! Found smaller !!!! 3 4
INFO:root:30044:XX add new best (3, 5) is not 3 3 3
INFO:root:30044:!! Found smaller !!!! 3 4
INFO:root:30044:XX add new best (3, 5) is not 3 3 3
INFO:root:30044:!! Found smaller !!!! 3 4
INFO:root:30044:XX add new best (1, 3) is not 4 3 3
INFO:root:30044:!! Found smaller !!!! 3 4
INFO:root:30044:XX add new best (1, 3) is not 4 3 3
INFO:root:30044:!! Found smaller !!!! 3 4
INFO:root:30044:XX add new best (9, 1) is not 6 3 3
INFO:root:30044:!! Found smaller !!!! 3 4
INFO:root:30044:XX add new best (1, 3) is not 4 3 3
INFO:root:30044:!! Found smaller !!!! 3 4
INFO:root:30044:XX add new best (8, 3) is not 6 3 3
INFO:root:30044:!! Found smaller !!!! 3 4
INFO:root:30045:XX add new best (9, 1) is not 6 3 3
INFO:root:30045:!! Found smaller !!!! 3 4
INFO:root:30045:XX add new best (9, 1) is not 6 3 3
INFO:root:30045:!! Found smaller !!!! 3 4
INFO:root:30045:XX add new best (3, 5) is not 3 3 3
INFO:root:30045:!! Found smaller !!!! 3 4
INFO:root:30045:XX add new best (1, 3) is not 4 3 3
INFO:root:30045:!! Found smaller !!!! 3 4
INFO:root:30045:XX add new best (9, 1) is not 6 3 3
INFO:root:30045:!! Found smaller !!!! 3 4
INFO:root:30045:XX add new best (1, 3) is not 4 3 3
INFO:root:30045:!! Found smaller !!!! 3 4
INFO:root:30045:XX add new best (3, 5) is not 3 3 3
INFO:root:30045:!! Found smaller !!!! 3 4
INFO:root:30045:XX add new best (8, 3) is not 6 3 3
INFO:root:30204:Minimal choices : 4 [(1, 3) is not 4, (3, 5) is not 3, (8, 3) is not 6, (9, 1) is not 6]
INFO:root:30205:Starting Step 11
INFO:root:30791:Current state [[[[8], [5], [4, 6, 7], [3, 4, 7], [2], [3, 4, 6, 7], [4, 7], [9], [1]], [[4, 6], [2], [1], [4, 7, 9], [4, 5, 7], [4, 6, 7, 9], [4, 5, 7], [8], [3]], [[3, 4], [3, 7], [9], [1], [4, 5, 7], [8], [2], [6], [4, 5]], [[7], [4], [2], [3, 9], [8], [3, 9], [1], [5], [6]], [[5, 6], [9], [5, 6], [4, 7], [1], [4, 7], [3], [2], [8]], [[1], [8], [3], [5], [6], [2], [4, 9], [7], [4, 9]], [[9], [3, 7], [4, 7], [6], [3, 4, 7], [5], [8], [1], [2]], [[2], [1, 6, 7], [4, 5, 6, 7], [8], [4, 7], [1, 4, 7], [5, 6, 9], [3], [5, 9]], [[3, 5, 6], [1, 3, 6], [8], [2], [9], [1, 3], [5, 6], [4], [7]]]]
INFO:root:30791:Doing checkSmall1
INFO:root:30791:Getting tiny MUSes, distance 1, for 86 puzlits, 1 repeats
INFO:root:30829:Chunked 86 in [6, 6, 6, 6, 6, 6, 5, 5, 5, 5, 5, 5, 5, 5, 5, 5]
INFO:root:30850:XX found first (7, 5) is 3 1
INFO:root:30862:Early exit from checkSmall1
INFO:root:30875:Starting Step 12
INFO:root:31450:Current state [[[[8], [5], [4, 6, 7], [3, 4, 7], [2], [3, 4, 6, 7], [4, 7], [9], [1]], [[4, 6], [2], [1], [4, 7, 9], [4, 5, 7], [4, 6, 7, 9], [4, 5, 7], [8], [3]], [[3, 4], [3, 7], [9], [1], [4, 5, 7], [8], [2], [6], [4, 5]], [[7], [4], [2], [3, 9], [8], [3, 9], [1], [5], [6]], [[5, 6], [9], [5, 6], [4, 7], [1], [4, 7], [3], [2], [8]], [[1], [8], [3], [5], [6], [2], [4, 9], [7], [4, 9]], [[9], [3, 7], [4, 7], [6], [3], [5], [8], [1], [2]], [[2], [1, 6, 7], [4, 5, 6, 7], [8], [4, 7], [1, 4, 7], [5, 6, 9], [3], [5, 9]], [[3, 5, 6], [1, 3, 6], [8], [2], [9], [1, 3], [5, 6], [4], [7]]]]
INFO:root:31450:Doing checkSmall1
INFO:root:31450:Getting tiny MUSes, distance 1, for 85 puzlits, 1 repeats
INFO:root:31487:Chunked 85 in [6, 6, 6, 6, 6, 5, 5, 5, 5, 5, 5, 5, 5, 5, 5, 5]
INFO:root:31507:XX found first (7, 2) is not 3 1
INFO:root:31508:XX found first (7, 5) is not 4 1
INFO:root:31508:XX found first (9, 6) is not 3 1
INFO:root:31508:XX found first (7, 5) is not 7 1
INFO:root:31521:Early exit from checkSmall1
INFO:root:31529:Starting Step 13
INFO:root:32107:Current state [[[[8], [5], [4, 6, 7], [3, 4, 7], [2], [3, 4, 6, 7], [4, 7], [9], [1]], [[4, 6], [2], [1], [4, 7, 9], [4, 5, 7], [4, 6, 7, 9], [4, 5, 7], [8], [3]], [[3, 4], [3, 7], [9], [1], [4, 5, 7], [8], [2], [6], [4, 5]], [[7], [4], [2], [3, 9], [8], [3, 9], [1], [5], [6]], [[5, 6], [9], [5, 6], [4, 7], [1], [4, 7], [3], [2], [8]], [[1], [8], [3], [5], [6], [2], [4, 9], [7], [4, 9]], [[9], [7], [4, 7], [6], [3], [5], [8], [1], [2]], [[2], [1, 6, 7], [4, 5, 6, 7], [8], [4, 7], [1, 4, 7], [5, 6, 9], [3], [5, 9]], [[3, 5, 6], [1, 3, 6], [8], [2], [9], [1], [5, 6], [4], [7]]]]
INFO:root:32107:Doing checkSmall1
INFO:root:32107:Getting tiny MUSes, distance 1, for 81 puzlits, 1 repeats
INFO:root:32144:Chunked 81 in [6, 5, 5, 5, 5, 5, 5, 5, 5, 5, 5, 5, 5, 5, 5, 5]
INFO:root:32165:XX found first (7, 2) is 7 1
INFO:root:32165:XX found first (7, 3) is 4 1
INFO:root:32165:XX found first (9, 6) is 1 1
INFO:root:32178:Early exit from checkSmall1
INFO:root:32197:Starting Step 14
INFO:root:32773:Current state [[[[8], [5], [4, 6, 7], [3, 4, 7], [2], [3, 4, 6, 7], [4, 7], [9], [1]], [[4, 6], [2], [1], [4, 7, 9], [4, 5, 7], [4, 6, 7, 9], [4, 5, 7], [8], [3]], [[3, 4], [3, 7], [9], [1], [4, 5, 7], [8], [2], [6], [4, 5]], [[7], [4], [2], [3, 9], [8], [3, 9], [1], [5], [6]], [[5, 6], [9], [5, 6], [4, 7], [1], [4, 7], [3], [2], [8]], [[1], [8], [3], [5], [6], [2], [4, 9], [7], [4, 9]], [[9], [7], [4], [6], [3], [5], [8], [1], [2]], [[2], [1, 6, 7], [4, 5, 6, 7], [8], [4, 7], [1, 4, 7], [5, 6, 9], [3], [5, 9]], [[3, 5, 6], [1, 3, 6], [8], [2], [9], [1], [5, 6], [4], [7]]]]
INFO:root:32773:Doing checkSmall1
INFO:root:32773:Getting tiny MUSes, distance 1, for 78 puzlits, 1 repeats
INFO:root:32810:Chunked 78 in [5, 5, 5, 5, 5, 5, 5, 5, 5, 5, 5, 5, 5, 5, 4, 4]
INFO:root:32830:XX found first (9, 2) is not 1 1
INFO:root:32830:XX found first (8, 3) is not 7 1
INFO:root:32830:XX found first (8, 2) is not 7 1
INFO:root:32830:XX found first (3, 2) is not 7 1
INFO:root:32830:XX found first (8, 6) is not 1 1
INFO:root:32830:XX found first (7, 3) is not 7 1
INFO:root:32830:XX found first (8, 3) is not 4 1
INFO:root:32830:XX found first (1, 3) is not 4 1
INFO:root:32842:Early exit from checkSmall1
INFO:root:32851:Starting Step 15
INFO:root:33434:Current state [[[[8], [5], [6, 7], [3, 4, 7], [2], [3, 4, 6, 7], [4, 7], [9], [1]], [[4, 6], [2], [1], [4, 7, 9], [4, 5, 7], [4, 6, 7, 9], [4, 5, 7], [8], [3]], [[3, 4], [3], [9], [1], [4, 5, 7], [8], [2], [6], [4, 5]], [[7], [4], [2], [3, 9], [8], [3, 9], [1], [5], [6]], [[5, 6], [9], [5, 6], [4, 7], [1], [4, 7], [3], [2], [8]], [[1], [8], [3], [5], [6], [2], [4, 9], [7], [4, 9]], [[9], [7], [4], [6], [3], [5], [8], [1], [2]], [[2], [1, 6], [5, 6], [8], [4, 7], [4, 7], [5, 6, 9], [3], [5, 9]], [[3, 5, 6], [3, 6], [8], [2], [9], [1], [5, 6], [4], [7]]]]
INFO:root:33434:Doing checkSmall1
INFO:root:33434:Getting tiny MUSes, distance 1, for 70 puzlits, 1 repeats
INFO:root:33471:Chunked 70 in [5, 5, 5, 5, 5, 5, 4, 4, 4, 4, 4, 4, 4, 4, 4, 4]
INFO:root:33489:XX found first (8, 2) is 1 1
INFO:root:33489:XX found first (3, 5) is 7 1
INFO:root:33489:XX found first (1, 3) is 7 1
INFO:root:33489:XX found first (3, 2) is 3 1
INFO:root:33502:Early exit from checkSmall1
INFO:root:33523:Starting Step 16
INFO:root:34113:Current state [[[[8], [5], [7], [3, 4, 7], [2], [3, 4, 6, 7], [4, 7], [9], [1]], [[4, 6], [2], [1], [4, 7, 9], [4, 5, 7], [4, 6, 7, 9], [4, 5, 7], [8], [3]], [[3, 4], [3], [9], [1], [7], [8], [2], [6], [4, 5]], [[7], [4], [2], [3, 9], [8], [3, 9], [1], [5], [6]], [[5, 6], [9], [5, 6], [4, 7], [1], [4, 7], [3], [2], [8]], [[1], [8], [3], [5], [6], [2], [4, 9], [7], [4, 9]], [[9], [7], [4], [6], [3], [5], [8], [1], [2]], [[2], [1], [5, 6], [8], [4, 7], [4, 7], [5, 6, 9], [3], [5, 9]], [[3, 5, 6], [3, 6], [8], [2], [9], [1], [5, 6], [4], [7]]]]
INFO:root:34113:Doing checkSmall1
INFO:root:34114:Getting tiny MUSes, distance 1, for 66 puzlits, 1 repeats
INFO:root:34151:Chunked 66 in [5, 5, 4, 4, 4, 4, 4, 4, 4, 4, 4, 4, 4, 4, 4, 4]
INFO:root:34169:XX found first (1, 6) is not 7 1
INFO:root:34169:XX found first (1, 7) is not 7 1
INFO:root:34169:XX found first (3, 5) is not 4 1
INFO:root:34169:XX found first (1, 3) is not 6 1
INFO:root:34169:XX found first (9, 2) is not 3 1
INFO:root:34169:XX found first (2, 4) is not 7 1
INFO:root:34169:XX found first (2, 5) is not 7 1
INFO:root:34169:XX found first (8, 5) is not 7 1
INFO:root:34169:XX found first (8, 2) is not 6 1
INFO:root:34169:XX found first (3, 1) is not 3 1
INFO:root:34169:XX found first (2, 6) is not 7 1
INFO:root:34169:XX found first (1, 4) is not 7 1
INFO:root:34169:XX found first (3, 5) is not 5 1
INFO:root:34182:Early exit from checkSmall1
INFO:root:34191:Starting Step 17
INFO:root:34797:Current state [[[[8], [5], [7], [3, 4], [2], [3, 4, 6], [4], [9], [1]], [[4, 6], [2], [1], [4, 9], [4, 5], [4, 6, 9], [4, 5, 7], [8], [3]], [[4], [3], [9], [1], [7], [8], [2], [6], [4, 5]], [[7], [4], [2], [3, 9], [8], [3, 9], [1], [5], [6]], [[5, 6], [9], [5, 6], [4, 7], [1], [4, 7], [3], [2], [8]], [[1], [8], [3], [5], [6], [2], [4, 9], [7], [4, 9]], [[9], [7], [4], [6], [3], [5], [8], [1], [2]], [[2], [1], [5, 6], [8], [4], [4, 7], [5, 6, 9], [3], [5, 9]], [[3, 5, 6], [6], [8], [2], [9], [1], [5, 6], [4], [7]]]]
INFO:root:34797:Doing checkSmall1
INFO:root:34797:Getting tiny MUSes, distance 1, for 53 puzlits, 1 repeats
INFO:root:34835:Chunked 53 in [4, 4, 4, 4, 4, 3, 3, 3, 3, 3, 3, 3, 3, 3, 3, 3]
INFO:root:34852:XX found first (9, 1) is 3 1
INFO:root:34852:XX found first (1, 6) is 6 1
INFO:root:34852:XX found first (3, 1) is 4 1
INFO:root:34852:XX found first (2, 5) is 5 1
INFO:root:34852:XX found first (8, 6) is 7 1
INFO:root:34852:XX found first (5, 4) is 7 1
INFO:root:34852:XX found first (1, 7) is 4 1
INFO:root:34853:XX found first (8, 5) is 4 1
INFO:root:34853:XX found first (2, 7) is 7 1
INFO:root:34853:XX found first (3, 9) is 5 1
INFO:root:34853:XX found first (2, 1) is 6 1
INFO:root:34853:XX found first (9, 2) is 6 1
INFO:root:34865:Early exit from checkSmall1
INFO:root:34913:Starting Step 18
INFO:root:35524:Current state [[[[8], [5], [7], [3, 4], [2], [6], [4], [9], [1]], [[6], [2], [1], [4, 9], [5], [4, 6, 9], [7], [8], [3]], [[4], [3], [9], [1], [7], [8], [2], [6], [5]], [[7], [4], [2], [3, 9], [8], [3, 9], [1], [5], [6]], [[5, 6], [9], [5, 6], [7], [1], [4, 7], [3], [2], [8]], [[1], [8], [3], [5], [6], [2], [4, 9], [7], [4, 9]], [[9], [7], [4], [6], [3], [5], [8], [1], [2]], [[2], [1], [5, 6], [8], [4], [7], [5, 6, 9], [3], [5, 9]], [[3], [6], [8], [2], [9], [1], [5, 6], [4], [7]]]]
INFO:root:35524:Doing checkSmall1
INFO:root:35524:Getting tiny MUSes, distance 1, for 41 puzlits, 1 repeats
INFO:root:35562:Chunked 41 in [3, 3, 3, 3, 3, 3, 3, 3, 3, 2, 2, 2, 2, 2, 2, 2]
INFO:root:35576:XX found first (1, 6) is not 3 1
INFO:root:35576:XX found first (3, 9) is not 4 1
INFO:root:35576:XX found first (5, 4) is not 4 1
INFO:root:35577:XX found first (2, 1) is not 4 1
INFO:root:35577:XX found first (2, 5) is not 4 1
INFO:root:35577:XX found first (2, 7) is not 4 1
INFO:root:35577:XX found first (1, 6) is not 4 1
INFO:root:35577:XX found first (9, 1) is not 6 1
INFO:root:35577:XX found first (9, 1) is not 5 1
INFO:root:35577:XX found first (5, 1) is not 6 1
INFO:root:35577:XX found first (2, 6) is not 6 1
INFO:root:35577:XX found first (1, 4) is not 4 1
INFO:root:35577:XX found first (8, 3) is not 6 1
INFO:root:35577:XX found first (9, 7) is not 6 1
INFO:root:35577:XX found first (8, 6) is not 4 1
INFO:root:35577:XX found first (8, 9) is not 5 1
INFO:root:35577:XX found first (5, 6) is not 7 1
INFO:root:35577:XX found first (2, 7) is not 5 1
INFO:root:35577:XX found first (6, 7) is not 4 1
INFO:root:35590:Early exit from checkSmall1
INFO:root:35599:Starting Step 19
INFO:root:36212:Current state [[[[8], [5], [7], [3], [2], [6], [4], [9], [1]], [[6], [2], [1], [4, 9], [5], [4, 9], [7], [8], [3]], [[4], [3], [9], [1], [7], [8], [2], [6], [5]], [[7], [4], [2], [3, 9], [8], [3, 9], [1], [5], [6]], [[5], [9], [5, 6], [7], [1], [4], [3], [2], [8]], [[1], [8], [3], [5], [6], [2], [9], [7], [4, 9]], [[9], [7], [4], [6], [3], [5], [8], [1], [2]], [[2], [1], [5], [8], [4], [7], [5, 6, 9], [3], [9]], [[3], [6], [8], [2], [9], [1], [5], [4], [7]]]]
INFO:root:36213:Doing checkSmall1
INFO:root:36213:Getting tiny MUSes, distance 1, for 22 puzlits, 1 repeats
INFO:root:36249:Chunked 22 in [2, 2, 2, 2, 2, 2, 1, 1, 1, 1, 1, 1, 1, 1, 1, 1]
INFO:root:36261:XX found first (5, 1) is 5 1
INFO:root:36262:XX found first (4, 6) is 3 1
INFO:root:36262:XX found first (8, 3) is 5 1
INFO:root:36262:XX found first (5, 3) is 6 1
INFO:root:36262:XX found first (6, 9) is 4 1
INFO:root:36262:XX found first (8, 7) is 6 1
INFO:root:36262:XX found first (2, 4) is 4 1
INFO:root:36262:XX found first (6, 7) is 9 1
INFO:root:36262:XX found first (9, 7) is 5 1
INFO:root:36262:XX found first (5, 6) is 4 1
INFO:root:36262:XX found first (1, 4) is 3 1
INFO:root:36262:XX found first (8, 9) is 9 1
INFO:root:36274:Early exit from checkSmall1
INFO:root:36325:Starting Step 20
INFO:root:36965:Current state [[[[8], [5], [7], [3], [2], [6], [4], [9], [1]], [[6], [2], [1], [4], [5], [4, 9], [7], [8], [3]], [[4], [3], [9], [1], [7], [8], [2], [6], [5]], [[7], [4], [2], [3, 9], [8], [3], [1], [5], [6]], [[5], [9], [6], [7], [1], [4], [3], [2], [8]], [[1], [8], [3], [5], [6], [2], [9], [7], [4]], [[9], [7], [4], [6], [3], [5], [8], [1], [2]], [[2], [1], [5], [8], [4], [7], [6], [3], [9]], [[3], [6], [8], [2], [9], [1], [5], [4], [7]]]]
INFO:root:36965:Doing checkSmall1
INFO:root:36965:Getting tiny MUSes, distance 1, for 10 puzlits, 1 repeats
INFO:root:37002:Chunked 10 in [1, 1, 1, 1, 1, 1, 1, 1, 1, 1, 0, 0, 0, 0, 0, 0]
INFO:root:37011:XX found first (2, 6) is not 4 1
INFO:root:37011:XX found first (8, 7) is not 5 1
INFO:root:37011:XX found first (4, 4) is not 3 1
INFO:root:37011:XX found first (2, 4) is not 9 1
INFO:root:37011:XX found first (4, 6) is not 9 1
INFO:root:37011:XX found first (5, 3) is not 5 1
INFO:root:37011:XX found first (6, 9) is not 9 1
INFO:root:37011:XX found first (8, 7) is not 9 1
INFO:root:37024:Early exit from checkSmall1
INFO:root:37033:Starting Step 21
INFO:root:37673:Current state [[[[8], [5], [7], [3], [2], [6], [4], [9], [1]], [[6], [2], [1], [4], [5], [9], [7], [8], [3]], [[4], [3], [9], [1], [7], [8], [2], [6], [5]], [[7], [4], [2], [9], [8], [3], [1], [5], [6]], [[5], [9], [6], [7], [1], [4], [3], [2], [8]], [[1], [8], [3], [5], [6], [2], [9], [7], [4]], [[9], [7], [4], [6], [3], [5], [8], [1], [2]], [[2], [1], [5], [8], [4], [7], [6], [3], [9]], [[3], [6], [8], [2], [9], [1], [5], [4], [7]]]]
INFO:root:37673:Doing checkSmall1
INFO:root:37674:Getting tiny MUSes, distance 1, for 2 puzlits, 1 repeats
INFO:root:37711:Chunked 2 in [1, 1, 0, 0, 0, 0, 0, 0, 0, 0, 0, 0, 0, 0, 0, 0]
INFO:root:37718:XX found first (2, 6) is 9 1
INFO:root:37718:XX found first (4, 4) is 9 1
INFO:root:37730:Early exit from checkSmall1
INFO:root:37746:Total Solver Calls 168853
INFO:root:37746:Trace: [(3, [(1, 3) is not 4])]
INFO:root:37746:Trace Quality: [(3, 1)]
INFO:root:37746:Trace Sorted: [(3, 1)]
INFO:root:37746:Finished
INFO:root:37746:Full Trace [(3, [(1, 3) is not 4])]

real	0m38.016s
user	4m50.321s
sys	0m10.573s
