INFO:root:2746:Starting Step 1
INFO:root:2777:Current state [[[[8], [5], [1, 2, 3, 4, 5, 6, 7, 8, 9], [1, 2, 3, 4, 5, 6, 7, 8, 9], [2], [1, 2, 3, 4, 5, 6, 7, 8, 9], [1, 2, 3, 4, 5, 6, 7, 8, 9], [1, 2, 3, 4, 5, 6, 7, 8, 9], [1, 2, 3, 4, 5, 6, 7, 8, 9]], [[1, 2, 3, 4, 5, 6, 7, 8, 9], [2], [1, 2, 3, 4, 5, 6, 7, 8, 9], [1, 2, 3, 4, 5, 6, 7, 8, 9], [1, 2, 3, 4, 5, 6, 7, 8, 9], [1, 2, 3, 4, 5, 6, 7, 8, 9], [1, 2, 3, 4, 5, 6, 7, 8, 9], [1, 2, 3, 4, 5, 6, 7, 8, 9], [3]], [[1, 2, 3, 4, 5, 6, 7, 8, 9], [1, 2, 3, 4, 5, 6, 7, 8, 9], [9], [1], [1, 2, 3, 4, 5, 6, 7, 8, 9], [8], [1, 2, 3, 4, 5, 6, 7, 8, 9], [1, 2, 3, 4, 5, 6, 7, 8, 9], [1, 2, 3, 4, 5, 6, 7, 8, 9]], [[1, 2, 3, 4, 5, 6, 7, 8, 9], [4], [1, 2, 3, 4, 5, 6, 7, 8, 9], [1, 2, 3, 4, 5, 6, 7, 8, 9], [8], [1, 2, 3, 4, 5, 6, 7, 8, 9], [1], [5], [1, 2, 3, 4, 5, 6, 7, 8, 9]], [[1, 2, 3, 4, 5, 6, 7, 8, 9], [9], [1, 2, 3, 4, 5, 6, 7, 8, 9], [1, 2, 3, 4, 5, 6, 7, 8, 9], [1], [1, 2, 3, 4, 5, 6, 7, 8, 9], [1, 2, 3, 4, 5, 6, 7, 8, 9], [2], [1, 2, 3, 4, 5, 6, 7, 8, 9]], [[1, 2, 3, 4, 5, 6, 7, 8, 9], [8], [3], [1, 2, 3, 4, 5, 6, 7, 8, 9], [6], [1, 2, 3, 4, 5, 6, 7, 8, 9], [1, 2, 3, 4, 5, 6, 7, 8, 9], [7], [1, 2, 3, 4, 5, 6, 7, 8, 9]], [[1, 2, 3, 4, 5, 6, 7, 8, 9], [1, 2, 3, 4, 5, 6, 7, 8, 9], [1, 2, 3, 4, 5, 6, 7, 8, 9], [6], [1, 2, 3, 4, 5, 6, 7, 8, 9], [5], [8], [1, 2, 3, 4, 5, 6, 7, 8, 9], [1, 2, 3, 4, 5, 6, 7, 8, 9]], [[2], [1, 2, 3, 4, 5, 6, 7, 8, 9], [1, 2, 3, 4, 5, 6, 7, 8, 9], [1, 2, 3, 4, 5, 6, 7, 8, 9], [1, 2, 3, 4, 5, 6, 7, 8, 9], [1, 2, 3, 4, 5, 6, 7, 8, 9], [1, 2, 3, 4, 5, 6, 7, 8, 9], [3], [1, 2, 3, 4, 5, 6, 7, 8, 9]], [[1, 2, 3, 4, 5, 6, 7, 8, 9], [1, 2, 3, 4, 5, 6, 7, 8, 9], [1, 2, 3, 4, 5, 6, 7, 8, 9], [1, 2, 3, 4, 5, 6, 7, 8, 9], [9], [1, 2, 3, 4, 5, 6, 7, 8, 9], [1, 2, 3, 4, 5, 6, 7, 8, 9], [4], [7]]]]
INFO:root:2777:Doing checkSmall1
INFO:root:2778:Getting tiny MUSes, distance 1, for 702 puzlits, 1 repeats
INFO:root:2867:Chunked 702 in [44, 44, 44, 44, 44, 44, 44, 44, 44, 44, 44, 44, 44, 44, 43, 43]
INFO:root:2982:XX found first (3, 3) is not 5 1
INFO:root:2982:XX found first (3, 6) is not 3 1
INFO:root:2982:XX found first (9, 6) is not 7 1
INFO:root:2982:XX found first (3, 3) is not 7 1
INFO:root:2982:XX found first (6, 8) is not 1 1
INFO:root:2982:XX found first (1, 7) is not 2 1
INFO:root:2982:XX found first (3, 6) is not 2 1
INFO:root:2983:XX found first (1, 7) is not 3 1
INFO:root:2983:XX found first (7, 8) is not 8 1
INFO:root:2983:XX found first (6, 7) is not 8 1
INFO:root:2983:XX found first (8, 4) is not 9 1
INFO:root:2983:XX found first (3, 8) is not 7 1
INFO:root:2983:XX found first (6, 7) is not 1 1
INFO:root:2983:XX found first (6, 5) is not 7 1
INFO:root:2983:XX found first (6, 5) is not 9 1
INFO:root:2983:XX found first (8, 1) is not 1 1
INFO:root:2983:XX found first (1, 7) is not 8 1
INFO:root:2983:XX found first (6, 1) is not 7 1
INFO:root:2983:XX found first (4, 1) is not 8 1
INFO:root:2983:XX found first (6, 2) is not 4 1
INFO:root:2983:XX found first (6, 9) is not 5 1
INFO:root:2983:XX found first (6, 3) is not 5 1
INFO:root:2983:XX found first (8, 6) is not 5 1
INFO:root:2983:XX found first (4, 2) is not 6 1
INFO:root:2983:XX found first (2, 4) is not 8 1
INFO:root:2983:XX found first (3, 7) is not 9 1
INFO:root:2983:XX found first (8, 8) is not 7 1
INFO:root:2983:XX found first (2, 7) is not 2 1
INFO:root:2983:XX found first (9, 9) is not 5 1
INFO:root:2983:XX found first (2, 4) is not 3 1
INFO:root:2983:XX found first (3, 1) is not 9 1
INFO:root:2984:XX found first (7, 4) is not 2 1
INFO:root:2984:XX found first (6, 6) is not 8 1
INFO:root:2984:XX found first (1, 9) is not 3 1
INFO:root:2984:XX found first (8, 3) is not 3 1
INFO:root:2984:XX found first (9, 6) is not 8 1
INFO:root:2984:XX found first (7, 9) is not 7 1
INFO:root:2984:XX found first (6, 7) is not 6 1
INFO:root:2984:XX found first (2, 9) is not 4 1
INFO:root:2984:XX found first (4, 2) is not 8 1
INFO:root:2984:XX found first (4, 8) is not 4 1
INFO:root:2984:XX found first (5, 8) is not 8 1
INFO:root:2984:XX found first (5, 6) is not 8 1
INFO:root:2984:XX found first (4, 4) is not 1 1
INFO:root:2984:XX found first (9, 9) is not 9 1
INFO:root:2984:XX found first (7, 9) is not 3 1
INFO:root:2984:XX found first (9, 2) is not 9 1
INFO:root:2984:XX found first (6, 1) is not 8 1
INFO:root:2984:XX found first (9, 6) is not 4 1
INFO:root:2984:XX found first (3, 4) is not 7 1
INFO:root:2984:XX found first (7, 5) is not 1 1
INFO:root:2984:XX found first (5, 7) is not 8 1
INFO:root:2984:XX found first (7, 5) is not 2 1
INFO:root:2984:XX found first (2, 9) is not 9 1
INFO:root:2985:XX found first (3, 9) is not 1 1
INFO:root:2985:XX found first (6, 5) is not 5 1
INFO:root:2985:XX found first (2, 5) is not 2 1
INFO:root:2985:XX found first (9, 8) is not 2 1
INFO:root:2985:XX found first (5, 5) is not 6 1
INFO:root:2985:XX found first (9, 9) is not 4 1
INFO:root:2985:XX found first (5, 8) is not 9 1
INFO:root:2985:XX found first (6, 8) is not 9 1
INFO:root:2985:XX found first (7, 5) is not 8 1
INFO:root:2985:XX found first (3, 6) is not 4 1
INFO:root:2985:XX found first (5, 5) is not 9 1
INFO:root:2985:XX found first (7, 3) is not 9 1
INFO:root:2985:XX found first (8, 9) is not 7 1
INFO:root:2985:XX found first (8, 8) is not 8 1
INFO:root:2985:XX found first (6, 4) is not 3 1
INFO:root:2985:XX found first (8, 8) is not 6 1
INFO:root:2985:XX found first (5, 5) is not 5 1
INFO:root:2985:XX found first (3, 7) is not 3 1
INFO:root:2985:XX found first (4, 8) is not 6 1
INFO:root:2985:XX found first (6, 8) is not 3 1
INFO:root:2985:XX found first (5, 6) is not 1 1
INFO:root:2985:XX found first (3, 5) is not 2 1
INFO:root:2985:XX found first (6, 6) is not 3 1
INFO:root:2985:XX found first (5, 4) is not 8 1
INFO:root:2985:XX found first (4, 6) is not 8 1
INFO:root:2986:XX found first (5, 2) is not 6 1
INFO:root:2986:XX found first (9, 1) is not 4 1
INFO:root:2986:XX found first (8, 1) is not 5 1
INFO:root:2986:XX found first (3, 6) is not 5 1
INFO:root:2986:XX found first (9, 7) is not 3 1
INFO:root:2986:XX found first (8, 8) is not 1 1
INFO:root:2986:XX found first (2, 6) is not 1 1
INFO:root:2986:XX found first (4, 8) is not 7 1
INFO:root:2986:XX found first (9, 7) is not 1 1
INFO:root:2986:XX found first (4, 1) is not 1 1
INFO:root:2986:XX found first (9, 3) is not 7 1
INFO:root:2986:XX found first (3, 9) is not 7 1
INFO:root:2986:XX found first (8, 8) is not 5 1
INFO:root:2986:XX found first (5, 3) is not 9 1
INFO:root:2986:XX found first (1, 9) is not 2 1
INFO:root:2986:XX found first (5, 6) is not 2 1
INFO:root:2986:XX found first (1, 8) is not 7 1
INFO:root:2986:XX found first (5, 9) is not 3 1
INFO:root:2986:XX found first (6, 4) is not 6 1
INFO:root:2986:XX found first (6, 3) is not 6 1
INFO:root:2986:XX found first (7, 7) is not 7 1
INFO:root:2986:XX found first (3, 2) is not 4 1
INFO:root:2986:XX found first (8, 7) is not 2 1
INFO:root:2986:XX found first (8, 7) is not 8 1
INFO:root:2987:XX found first (1, 2) is not 2 1
INFO:root:2987:XX found first (2, 8) is not 7 1
INFO:root:2987:XX found first (2, 1) is not 3 1
INFO:root:2987:XX found first (8, 5) is not 9 1
INFO:root:2987:XX found first (4, 8) is not 2 1
INFO:root:2987:XX found first (7, 7) is not 2 1
INFO:root:2987:XX found first (9, 7) is not 4 1
INFO:root:2987:XX found first (1, 2) is not 8 1
INFO:root:2987:XX found first (8, 1) is not 4 1
INFO:root:2987:XX found first (8, 1) is not 3 1
INFO:root:2987:XX found first (6, 9) is not 2 1
INFO:root:2987:XX found first (3, 6) is not 9 1
INFO:root:2987:XX found first (7, 9) is not 5 1
INFO:root:2987:XX found first (2, 2) is not 9 1
INFO:root:2987:XX found first (9, 8) is not 5 1
INFO:root:2987:XX found first (6, 9) is not 8 1
INFO:root:2987:XX found first (9, 5) is not 6 1
INFO:root:2987:XX found first (8, 2) is not 9 1
INFO:root:2987:XX found first (7, 9) is not 8 1
INFO:root:2987:XX found first (5, 5) is not 2 1
INFO:root:2987:XX found first (4, 5) is not 9 1
INFO:root:2987:XX found first (8, 1) is not 6 1
INFO:root:2987:XX found first (3, 5) is not 1 1
INFO:root:2987:XX found first (7, 6) is not 2 1
INFO:root:2987:XX found first (2, 7) is not 8 1
INFO:root:2987:XX found first (1, 9) is not 8 1
INFO:root:2988:XX found first (4, 1) is not 5 1
INFO:root:2988:XX found first (5, 4) is not 2 1
INFO:root:2988:XX found first (5, 2) is not 7 1
INFO:root:2988:XX found first (4, 7) is not 3 1
INFO:root:2988:XX found first (8, 2) is not 2 1
INFO:root:2988:XX found first (7, 4) is not 3 1
INFO:root:2988:XX found first (4, 1) is not 4 1
INFO:root:2988:XX found first (8, 8) is not 4 1
INFO:root:2988:XX found first (1, 1) is not 7 1
INFO:root:2988:XX found first (6, 5) is not 2 1
INFO:root:2988:XX found first (1, 2) is not 6 1
INFO:root:2988:XX found first (8, 5) is not 6 1
INFO:root:2988:XX found first (1, 5) is not 3 1
INFO:root:2988:XX found first (2, 4) is not 2 1
INFO:root:2988:XX found first (8, 5) is not 2 1
INFO:root:2988:XX found first (7, 5) is not 5 1
INFO:root:2988:XX found first (2, 3) is not 5 1
INFO:root:2988:XX found first (4, 5) is not 5 1
INFO:root:2988:XX found first (9, 5) is not 8 1
INFO:root:2988:XX found first (4, 1) is not 2 1
INFO:root:2988:XX found first (9, 1) is not 7 1
INFO:root:2988:XX found first (5, 7) is not 2 1
INFO:root:2988:XX found first (9, 9) is not 6 1
INFO:root:2989:XX found first (6, 5) is not 4 1
INFO:root:2989:XX found first (1, 5) is not 1 1
INFO:root:2989:XX found first (1, 3) is not 3 1
INFO:root:2989:XX found first (5, 3) is not 3 1
INFO:root:2989:XX found first (5, 1) is not 3 1
INFO:root:2989:XX found first (3, 4) is not 8 1
INFO:root:2989:XX found first (3, 3) is not 6 1
INFO:root:2989:XX found first (5, 5) is not 3 1
INFO:root:2989:XX found first (2, 5) is not 9 1
INFO:root:2989:XX found first (4, 7) is not 8 1
INFO:root:2989:XX found first (7, 4) is not 5 1
INFO:root:2989:XX found first (5, 4) is not 1 1
INFO:root:2989:XX found first (2, 9) is not 6 1
INFO:root:2989:XX found first (7, 8) is not 5 1
INFO:root:2989:XX found first (1, 4) is not 1 1
INFO:root:2989:XX found first (7, 1) is not 6 1
INFO:root:2989:XX found first (1, 8) is not 3 1
INFO:root:2989:XX found first (9, 5) is not 5 1
INFO:root:2989:XX found first (7, 8) is not 6 1
INFO:root:2989:XX found first (9, 2) is not 2 1
INFO:root:2989:XX found first (7, 4) is not 7 1
INFO:root:2989:XX found first (8, 9) is not 3 1
INFO:root:2989:XX found first (7, 6) is not 9 1
INFO:root:2990:XX found first (4, 9) is not 8 1
INFO:root:2990:XX found first (4, 3) is not 9 1
INFO:root:2990:XX found first (4, 2) is not 5 1
INFO:root:2990:XX found first (9, 8) is not 3 1
INFO:root:2990:XX found first (5, 5) is not 7 1
INFO:root:2990:XX found first (4, 7) is not 7 1
INFO:root:2990:XX found first (6, 4) is not 8 1
INFO:root:2990:XX found first (7, 2) is not 8 1
INFO:root:2990:XX found first (7, 6) is not 6 1
INFO:root:2990:XX found first (6, 1) is not 3 1
INFO:root:2990:XX found first (9, 4) is not 1 1
INFO:root:2990:XX found first (6, 3) is not 9 1
INFO:root:2990:XX found first (9, 3) is not 9 1
INFO:root:2990:XX found first (3, 2) is not 8 1
INFO:root:2990:XX found first (4, 4) is not 4 1
INFO:root:2990:XX found first (5, 4) is not 6 1
INFO:root:2990:XX found first (3, 4) is not 9 1
INFO:root:2990:XX found first (6, 6) is not 1 1
INFO:root:2990:XX found first (7, 2) is not 6 1
INFO:root:2990:XX found first (6, 9) is not 6 1
INFO:root:2990:XX found first (7, 7) is not 9 1
INFO:root:2990:XX found first (8, 3) is not 2 1
INFO:root:2990:XX found first (9, 4) is not 6 1
INFO:root:2990:XX found first (9, 8) is not 1 1
INFO:root:2990:XX found first (2, 6) is not 5 1
INFO:root:2991:XX found first (7, 3) is not 3 1
INFO:root:2991:XX found first (3, 4) is not 2 1
INFO:root:2991:XX found first (3, 8) is not 3 1
INFO:root:2991:XX found first (1, 2) is not 7 1
INFO:root:2991:XX found first (1, 5) is not 7 1
INFO:root:2991:XX found first (7, 6) is not 1 1
INFO:root:2991:XX found first (7, 5) is not 9 1
INFO:root:2991:XX found first (2, 4) is not 6 1
INFO:root:2991:XX found first (2, 9) is not 7 1
INFO:root:2991:XX found first (2, 3) is not 3 1
INFO:root:2991:XX found first (3, 6) is not 6 1
INFO:root:2991:XX found first (8, 7) is not 1 1
INFO:root:2991:XX found first (1, 4) is not 5 1
INFO:root:2991:XX found first (8, 8) is not 9 1
INFO:root:2991:XX found first (1, 9) is not 5 1
INFO:root:2991:XX found first (7, 8) is not 3 1
INFO:root:2991:XX found first (1, 2) is not 4 1
INFO:root:2991:XX found first (7, 6) is not 8 1
INFO:root:2991:XX found first (2, 8) is not 5 1
INFO:root:2991:XX found first (6, 3) is not 1 1
INFO:root:2991:XX found first (9, 1) is not 8 1
INFO:root:2991:XX found first (6, 6) is not 5 1
INFO:root:2991:XX found first (4, 2) is not 9 1
INFO:root:2991:XX found first (9, 7) is not 7 1
INFO:root:2992:XX found first (6, 2) is not 5 1
INFO:root:2992:XX found first (7, 7) is not 5 1
INFO:root:2992:XX found first (8, 4) is not 5 1
INFO:root:2992:XX found first (9, 8) is not 6 1
INFO:root:2992:XX found first (4, 5) is not 7 1
INFO:root:2992:XX found first (5, 8) is not 7 1
INFO:root:2992:XX found first (2, 3) is not 8 1
INFO:root:2992:XX found first (3, 8) is not 9 1
INFO:root:2992:XX found first (7, 3) is not 8 1
INFO:root:2992:XX found first (1, 3) is not 5 1
INFO:root:2992:XX found first (8, 6) is not 3 1
INFO:root:2992:XX found first (9, 2) is not 4 1
INFO:root:2992:XX found first (1, 6) is not 1 1
INFO:root:2992:XX found first (6, 6) is not 6 1
INFO:root:2992:XX found first (5, 4) is not 9 1
INFO:root:2992:XX found first (5, 9) is not 2 1
INFO:root:2992:XX found first (9, 5) is not 2 1
INFO:root:2992:XX found first (3, 4) is not 4 1
INFO:root:2992:XX found first (4, 5) is not 3 1
INFO:root:2992:XX found first (2, 6) is not 2 1
INFO:root:2992:XX found first (9, 5) is not 4 1
INFO:root:2992:XX found first (1, 5) is not 6 1
INFO:root:2992:XX found first (7, 9) is not 6 1
INFO:root:2992:XX found first (7, 8) is not 2 1
INFO:root:2992:XX found first (8, 4) is not 6 1
INFO:root:2993:XX found first (4, 4) is not 5 1
INFO:root:2993:XX found first (1, 7) is not 1 1
INFO:root:2993:XX found first (5, 3) is not 8 1
INFO:root:2993:XX found first (7, 3) is not 5 1
INFO:root:2993:XX found first (4, 3) is not 3 1
INFO:root:2993:XX found first (2, 7) is not 3 1
INFO:root:2993:XX found first (8, 6) is not 9 1
INFO:root:2993:XX found first (2, 5) is not 3 1
INFO:root:2993:XX found first (2, 1) is not 5 1
INFO:root:2993:XX found first (2, 2) is not 1 1
INFO:root:2993:XX found first (8, 7) is not 3 1
INFO:root:2993:XX found first (2, 5) is not 1 1
INFO:root:2993:XX found first (6, 8) is not 2 1
INFO:root:2993:XX found first (7, 6) is not 7 1
INFO:root:2993:XX found first (6, 9) is not 1 1
INFO:root:2993:XX found first (9, 4) is not 9 1
INFO:root:2993:XX found first (6, 7) is not 2 1
INFO:root:2993:XX found first (1, 8) is not 5 1
INFO:root:2993:XX found first (1, 1) is not 9 1
INFO:root:2993:XX found first (4, 8) is not 3 1
INFO:root:2993:XX found first (6, 2) is not 1 1
INFO:root:2993:XX found first (2, 6) is not 3 1
INFO:root:2993:XX found first (5, 8) is not 4 1
INFO:root:2993:XX found first (3, 2) is not 2 1
INFO:root:2993:XX found first (3, 5) is not 9 1
INFO:root:2994:XX found first (4, 3) is not 4 1
INFO:root:2994:XX found first (2, 8) is not 3 1
INFO:root:2994:XX found first (3, 8) is not 5 1
INFO:root:2994:XX found first (2, 1) is not 2 1
INFO:root:2994:XX found first (6, 2) is not 3 1
INFO:root:2994:XX found first (3, 4) is not 6 1
INFO:root:2994:XX found first (5, 1) is not 9 1
INFO:root:2994:XX found first (1, 1) is not 4 1
INFO:root:2994:XX found first (5, 7) is not 9 1
INFO:root:2994:XX found first (5, 7) is not 5 1
INFO:root:2994:XX found first (7, 1) is not 5 1
INFO:root:2994:XX found first (4, 3) is not 8 1
INFO:root:2994:XX found first (4, 3) is not 5 1
INFO:root:2994:XX found first (2, 1) is not 9 1
INFO:root:2994:XX found first (5, 3) is not 4 1
INFO:root:2994:XX found first (2, 9) is not 2 1
INFO:root:2994:XX found first (1, 1) is not 5 1
INFO:root:2994:XX found first (3, 7) is not 8 1
INFO:root:2994:XX found first (6, 3) is not 2 1
INFO:root:2994:XX found first (5, 7) is not 1 1
INFO:root:2994:XX found first (3, 3) is not 2 1
INFO:root:2994:XX found first (4, 7) is not 5 1
INFO:root:2994:XX found first (9, 9) is not 2 1
INFO:root:2994:XX found first (2, 3) is not 9 1
INFO:root:2994:XX found first (9, 9) is not 3 1
INFO:root:2995:XX found first (5, 2) is not 1 1
INFO:root:2995:XX found first (9, 2) is not 8 1
INFO:root:2995:XX found first (7, 7) is not 3 1
INFO:root:2995:XX found first (3, 3) is not 8 1
INFO:root:2995:XX found first (3, 1) is not 5 1
INFO:root:2995:XX found first (2, 2) is not 8 1
INFO:root:2995:XX found first (4, 5) is not 6 1
INFO:root:2995:XX found first (8, 1) is not 9 1
INFO:root:2995:XX found first (6, 1) is not 6 1
INFO:root:2995:XX found first (5, 6) is not 5 1
INFO:root:2995:XX found first (8, 2) is not 4 1
INFO:root:2995:XX found first (4, 2) is not 2 1
INFO:root:2995:XX found first (1, 3) is not 9 1
INFO:root:2995:XX found first (8, 6) is not 8 1
INFO:root:2995:XX found first (5, 9) is not 5 1
INFO:root:2995:XX found first (4, 4) is not 6 1
INFO:root:2995:XX found first (6, 7) is not 5 1
INFO:root:2995:XX found first (2, 5) is not 6 1
INFO:root:2995:XX found first (4, 4) is not 8 1
INFO:root:2995:XX found first (1, 8) is not 2 1
INFO:root:2995:XX found first (3, 9) is not 9 1
INFO:root:2995:XX found first (5, 2) is not 3 1
INFO:root:2995:XX found first (5, 9) is not 1 1
INFO:root:2996:XX found first (6, 5) is not 3 1
INFO:root:2996:XX found first (2, 2) is not 7 1
INFO:root:2996:XX found first (4, 7) is not 2 1
INFO:root:2996:XX found first (7, 2) is not 9 1
INFO:root:2996:XX found first (4, 1) is not 9 1
INFO:root:2996:XX found first (9, 1) is not 9 1
INFO:root:2996:XX found first (8, 1) is not 7 1
INFO:root:2996:XX found first (6, 7) is not 7 1
INFO:root:2996:XX found first (5, 7) is not 7 1
INFO:root:2996:XX found first (9, 7) is not 9 1
INFO:root:2996:XX found first (6, 9) is not 7 1
INFO:root:2996:XX found first (7, 5) is not 6 1
INFO:root:2996:XX found first (3, 8) is not 1 1
INFO:root:2996:XX found first (9, 8) is not 7 1
INFO:root:2996:XX found first (8, 7) is not 7 1
INFO:root:2996:XX found first (3, 6) is not 1 1
INFO:root:2996:XX found first (7, 2) is not 4 1
INFO:root:2996:XX found first (1, 5) is not 5 1
INFO:root:2996:XX found first (5, 2) is not 5 1
INFO:root:2996:XX found first (2, 9) is not 1 1
INFO:root:2996:XX found first (3, 8) is not 2 1
INFO:root:2996:XX found first (1, 2) is not 9 1
INFO:root:2996:XX found first (4, 7) is not 4 1
INFO:root:2996:XX found first (5, 8) is not 3 1
INFO:root:2997:XX found first (6, 3) is not 4 1
INFO:root:2997:XX found first (8, 6) is not 2 1
INFO:root:2997:XX found first (6, 3) is not 7 1
INFO:root:2997:XX found first (5, 2) is not 8 1
INFO:root:2997:XX found first (6, 8) is not 4 1
INFO:root:2997:XX found first (9, 4) is not 5 1
INFO:root:2997:XX found first (4, 7) is not 9 1
INFO:root:2997:XX found first (6, 8) is not 6 1
INFO:root:2997:XX found first (5, 8) is not 5 1
INFO:root:2997:XX found first (6, 4) is not 7 1
INFO:root:2997:XX found first (2, 3) is not 2 1
INFO:root:2997:XX found first (4, 8) is not 1 1
INFO:root:2997:XX found first (2, 9) is not 8 1
INFO:root:2997:XX found first (3, 1) is not 2 1
INFO:root:2997:XX found first (6, 1) is not 4 1
INFO:root:2997:XX found first (1, 6) is not 5 1
INFO:root:2997:XX found first (8, 2) is not 3 1
INFO:root:2997:XX found first (8, 5) is not 1 1
INFO:root:2997:XX found first (7, 4) is not 8 1
INFO:root:2997:XX found first (6, 6) is not 7 1
INFO:root:2997:XX found first (8, 3) is not 9 1
INFO:root:2997:XX found first (1, 3) is not 8 1
INFO:root:2997:XX found first (8, 5) is not 8 1
INFO:root:2997:XX found first (4, 8) is not 8 1
INFO:root:2997:XX found first (4, 9) is not 2 1
INFO:root:2998:XX found first (9, 4) is not 7 1
INFO:root:2998:XX found first (5, 9) is not 7 1
INFO:root:2998:XX found first (2, 2) is not 3 1
INFO:root:2998:XX found first (3, 7) is not 1 1
INFO:root:2998:XX found first (7, 6) is not 3 1
INFO:root:2998:XX found first (3, 5) is not 6 1
INFO:root:2998:XX found first (6, 3) is not 8 1
INFO:root:2998:XX found first (1, 1) is not 1 1
INFO:root:2998:XX found first (9, 6) is not 9 1
INFO:root:2998:XX found first (1, 2) is not 3 1
INFO:root:2998:XX found first (9, 5) is not 7 1
INFO:root:2998:XX found first (6, 4) is not 1 1
INFO:root:2998:XX found first (8, 2) is not 8 1
INFO:root:2998:XX found first (4, 9) is not 4 1
INFO:root:2998:XX found first (6, 5) is not 1 1
INFO:root:2998:XX found first (4, 3) is not 1 1
INFO:root:2998:XX found first (9, 6) is not 5 1
INFO:root:2998:XX found first (8, 4) is not 3 1
INFO:root:2998:XX found first (3, 5) is not 8 1
INFO:root:2998:XX found first (3, 2) is not 9 1
INFO:root:2998:XX found first (9, 8) is not 9 1
INFO:root:2998:XX found first (7, 8) is not 7 1
INFO:root:2998:XX found first (3, 1) is not 8 1
INFO:root:2998:XX found first (5, 1) is not 8 1
INFO:root:2999:XX found first (5, 5) is not 8 1
INFO:root:2999:XX found first (9, 5) is not 3 1
INFO:root:2999:XX found first (9, 9) is not 1 1
INFO:root:2999:XX found first (5, 3) is not 2 1
INFO:root:2999:XX found first (7, 4) is not 9 1
INFO:root:2999:XX found first (4, 9) is not 5 1
INFO:root:2999:XX found first (9, 5) is not 1 1
INFO:root:2999:XX found first (3, 3) is not 1 1
INFO:root:2999:XX found first (6, 2) is not 2 1
INFO:root:2999:XX found first (2, 9) is not 5 1
INFO:root:2999:XX found first (8, 6) is not 6 1
INFO:root:2999:XX found first (7, 4) is not 1 1
INFO:root:2999:XX found first (1, 9) is not 7 1
INFO:root:2999:XX found first (5, 6) is not 6 1
INFO:root:2999:XX found first (9, 2) is not 7 1
INFO:root:2999:XX found first (5, 5) is not 4 1
INFO:root:2999:XX found first (9, 1) is not 2 1
INFO:root:2999:XX found first (5, 1) is not 1 1
INFO:root:2999:XX found first (8, 5) is not 3 1
INFO:root:2999:XX found first (2, 4) is not 1 1
INFO:root:2999:XX found first (2, 1) is not 8 1
INFO:root:2999:XX found first (5, 8) is not 1 1
INFO:root:2999:XX found first (7, 4) is not 4 1
INFO:root:2999:XX found first (6, 2) is not 7 1
INFO:root:2999:XX found first (4, 8) is not 9 1
INFO:root:3000:XX found first (5, 3) is not 1 1
INFO:root:3000:XX found first (1, 8) is not 8 1
INFO:root:3000:XX found first (4, 5) is not 1 1
INFO:root:3000:XX found first (6, 7) is not 3 1
INFO:root:3000:XX found first (1, 1) is not 2 1
INFO:root:3000:XX found first (9, 8) is not 8 1
INFO:root:3000:XX found first (4, 6) is not 5 1
INFO:root:3000:XX found first (3, 9) is not 8 1
INFO:root:3000:XX found first (4, 2) is not 7 1
INFO:root:3000:XX found first (3, 2) is not 5 1
INFO:root:3000:XX found first (6, 8) is not 8 1
INFO:root:3000:XX found first (7, 8) is not 4 1
INFO:root:3000:XX found first (2, 2) is not 5 1
INFO:root:3000:XX found first (8, 4) is not 1 1
INFO:root:3000:XX found first (1, 7) is not 5 1
INFO:root:3000:XX found first (8, 8) is not 2 1
INFO:root:3000:XX found first (4, 9) is not 7 1
INFO:root:3000:XX found first (9, 3) is not 3 1
INFO:root:3000:XX found first (7, 2) is not 5 1
INFO:root:3000:XX found first (2, 5) is not 8 1
INFO:root:3000:XX found first (3, 8) is not 4 1
INFO:root:3000:XX found first (9, 4) is not 4 1
INFO:root:3000:XX found first (3, 1) is not 1 1
INFO:root:3000:XX found first (1, 1) is not 6 1
INFO:root:3000:XX found first (5, 6) is not 9 1
INFO:root:3001:XX found first (4, 6) is not 4 1
INFO:root:3001:XX found first (6, 2) is not 6 1
INFO:root:3001:XX found first (7, 3) is not 2 1
INFO:root:3001:XX found first (9, 3) is not 4 1
INFO:root:3001:XX found first (5, 2) is not 2 1
INFO:root:3001:XX found first (3, 4) is not 5 1
INFO:root:3001:XX found first (4, 2) is not 1 1
INFO:root:3001:XX found first (6, 8) is not 5 1
INFO:root:3001:XX found first (7, 3) is not 6 1
INFO:root:3001:XX found first (6, 1) is not 9 1
INFO:root:3001:XX found first (2, 2) is not 4 1
INFO:root:3001:XX found first (9, 2) is not 5 1
INFO:root:3001:XX found first (3, 6) is not 7 1
INFO:root:3001:XX found first (4, 2) is not 3 1
INFO:root:3001:XX found first (8, 9) is not 4 1
INFO:root:3001:XX found first (9, 9) is not 8 1
INFO:root:3001:XX found first (1, 5) is not 8 1
INFO:root:3001:XX found first (3, 8) is not 8 1
INFO:root:3001:XX found first (2, 6) is not 8 1
INFO:root:3001:XX found first (3, 3) is not 4 1
INFO:root:3001:XX found first (3, 4) is not 3 1
INFO:root:3001:XX found first (7, 7) is not 4 1
INFO:root:3001:XX found first (4, 7) is not 6 1
INFO:root:3001:XX found first (1, 6) is not 2 1
INFO:root:3001:XX found first (6, 5) is not 8 1
INFO:root:3002:XX found first (8, 2) is not 5 1
INFO:root:3002:XX found first (4, 9) is not 1 1
INFO:root:3002:XX found first (5, 1) is not 4 1
INFO:root:3002:XX found first (2, 7) is not 1 1
INFO:root:3002:XX found first (8, 7) is not 4 1
INFO:root:3002:XX found first (7, 7) is not 6 1
INFO:root:3002:XX found first (8, 9) is not 2 1
INFO:root:3002:XX found first (6, 1) is not 2 1
INFO:root:3002:XX found first (2, 8) is not 2 1
INFO:root:3002:XX found first (7, 9) is not 4 1
INFO:root:3002:XX found first (7, 2) is not 2 1
INFO:root:3002:XX found first (1, 5) is not 4 1
INFO:root:3002:XX found first (3, 9) is not 3 1
INFO:root:3002:XX found first (7, 1) is not 8 1
INFO:root:3002:XX found first (4, 5) is not 2 1
INFO:root:3002:XX found first (6, 9) is not 3 1
INFO:root:3002:XX found first (8, 5) is not 5 1
INFO:root:3002:XX found first (3, 3) is not 3 1
INFO:root:3002:XX found first (4, 9) is not 3 1
INFO:root:3002:XX found first (7, 6) is not 4 1
INFO:root:3002:XX found first (8, 9) is not 8 1
INFO:root:3002:XX found first (2, 2) is not 6 1
INFO:root:3002:XX found first (1, 4) is not 2 1
INFO:root:3003:XX found first (1, 8) is not 4 1
INFO:root:3003:XX found first (1, 2) is not 1 1
INFO:root:3003:XX found first (9, 6) is not 6 1
INFO:root:3003:XX found first (8, 4) is not 2 1
INFO:root:3003:XX found first (1, 6) is not 8 1
INFO:root:3003:XX found first (4, 6) is not 6 1
INFO:root:3003:XX found first (5, 8) is not 6 1
INFO:root:3003:XX found first (1, 1) is not 3 1
INFO:root:3003:XX found first (9, 7) is not 8 1
INFO:root:3003:XX found first (5, 9) is not 9 1
INFO:root:3003:XX found first (1, 4) is not 8 1
INFO:root:3003:XX found first (4, 1) is not 3 1
INFO:root:3003:XX found first (4, 5) is not 4 1
INFO:root:3003:XX found first (1, 4) is not 6 1
INFO:root:3003:XX found first (3, 2) is not 1 1
INFO:root:3003:XX found first (9, 3) is not 2 1
INFO:root:3003:XX found first (1, 5) is not 9 1
INFO:root:3003:XX found first (1, 3) is not 2 1
INFO:root:3003:XX found first (7, 7) is not 1 1
INFO:root:3003:XX found first (7, 1) is not 2 1
INFO:root:3003:XX found first (8, 1) is not 8 1
INFO:root:3003:XX found first (5, 2) is not 4 1
INFO:root:3003:XX found first (4, 6) is not 1 1
INFO:root:3003:XX found first (5, 1) is not 2 1
INFO:root:3003:XX found first (6, 2) is not 9 1
INFO:root:3004:XX found first (2, 8) is not 4 1
INFO:root:3015:Early exit from checkSmall1
INFO:root:3080:Starting Step 2
INFO:root:3587:Current state [[[[8], [5], [1, 4, 6, 7], [3, 4, 7, 9], [2], [3, 4, 6, 7, 9], [4, 6, 7, 9], [1, 6, 9], [1, 4, 6, 9]], [[1, 4, 6, 7], [2], [1, 4, 6, 7], [4, 5, 7, 9], [4, 5, 7], [4, 6, 7, 9], [4, 5, 6, 7, 9], [1, 6, 8, 9], [3]], [[3, 4, 6, 7], [3, 6, 7], [9], [1], [3, 4, 5, 7], [8], [2, 4, 5, 6, 7], [6], [2, 4, 5, 6]], [[6, 7], [4], [2, 6, 7], [2, 3, 7, 9], [8], [2, 3, 7, 9], [1], [5], [6, 9]], [[5, 6, 7], [9], [5, 6, 7], [3, 4, 5, 7], [1], [3, 4, 7], [3, 4, 6], [2], [4, 6, 8]], [[1, 5], [8], [3], [2, 4, 5, 9], [6], [2, 4, 9], [4, 9], [7], [4, 9]], [[1, 3, 4, 7, 9], [1, 3, 7], [1, 4, 7], [6], [3, 4, 7], [5], [8], [1, 9], [1, 2, 9]], [[2], [1, 6, 7], [1, 4, 5, 6, 7, 8], [4, 7, 8], [4, 7], [1, 4, 7], [5, 6, 9], [3], [1, 5, 6, 9]], [[1, 3, 5, 6], [1, 3, 6], [1, 5, 6, 8], [2, 3, 8], [9], [1, 2, 3], [2, 5, 6], [4], [7]]]]
INFO:root:3588:Doing checkSmall1
INFO:root:3588:Getting tiny MUSes, distance 1, for 183 puzlits, 1 repeats
INFO:root:3624:Chunked 183 in [12, 12, 12, 12, 12, 12, 12, 11, 11, 11, 11, 11, 11, 11, 11, 11]
INFO:root:3668:XX found first (2, 8) is 8 1
INFO:root:3668:XX found first (5, 7) is 3 1
INFO:root:3668:XX found first (4, 3) is 2 1
INFO:root:3668:XX found first (7, 1) is 9 1
INFO:root:3668:XX found first (6, 1) is 1 1
INFO:root:3668:XX found first (7, 9) is 2 1
INFO:root:3668:XX found first (5, 9) is 8 1
INFO:root:3668:XX found first (3, 8) is 6 1
INFO:root:3680:Early exit from checkSmall1
INFO:root:3708:Starting Step 3
INFO:root:4218:Current state [[[[8], [5], [1, 4, 6, 7], [3, 4, 7, 9], [2], [3, 4, 6, 7, 9], [4, 6, 7, 9], [1, 6, 9], [1, 4, 6, 9]], [[1, 4, 6, 7], [2], [1, 4, 6, 7], [4, 5, 7, 9], [4, 5, 7], [4, 6, 7, 9], [4, 5, 6, 7, 9], [8], [3]], [[3, 4, 6, 7], [3, 6, 7], [9], [1], [3, 4, 5, 7], [8], [2, 4, 5, 6, 7], [6], [2, 4, 5, 6]], [[6, 7], [4], [2], [2, 3, 7, 9], [8], [2, 3, 7, 9], [1], [5], [6, 9]], [[5, 6, 7], [9], [5, 6, 7], [3, 4, 5, 7], [1], [3, 4, 7], [3], [2], [8]], [[1], [8], [3], [2, 4, 5, 9], [6], [2, 4, 9], [4, 9], [7], [4, 9]], [[9], [1, 3, 7], [1, 4, 7], [6], [3, 4, 7], [5], [8], [1, 9], [2]], [[2], [1, 6, 7], [1, 4, 5, 6, 7, 8], [4, 7, 8], [4, 7], [1, 4, 7], [5, 6, 9], [3], [1, 5, 6, 9]], [[1, 3, 5, 6], [1, 3, 6], [1, 5, 6, 8], [2, 3, 8], [9], [1, 2, 3], [2, 5, 6], [4], [7]]]]
INFO:root:4218:Doing checkSmall1
INFO:root:4218:Getting tiny MUSes, distance 1, for 175 puzlits, 1 repeats
INFO:root:4253:Chunked 175 in [11, 11, 11, 11, 11, 11, 11, 11, 11, 11, 11, 11, 11, 11, 11, 10]
INFO:root:4291:XX found first (3, 7) is not 6 1
INFO:root:4291:XX found first (7, 9) is not 9 1
INFO:root:4291:XX found first (2, 8) is not 9 1
INFO:root:4291:XX found first (1, 7) is not 6 1
INFO:root:4291:XX found first (3, 9) is not 6 1
INFO:root:4291:XX found first (7, 8) is not 9 1
INFO:root:4291:XX found first (2, 7) is not 6 1
INFO:root:4291:XX found first (4, 3) is not 6 1
INFO:root:4291:XX found first (5, 4) is not 3 1
INFO:root:4291:XX found first (4, 6) is not 2 1
INFO:root:4291:XX found first (7, 1) is not 1 1
INFO:root:4291:XX found first (3, 9) is not 2 1
INFO:root:4291:XX found first (5, 9) is not 4 1
INFO:root:4292:XX found first (5, 9) is not 6 1
INFO:root:4292:XX found first (9, 7) is not 2 1
INFO:root:4292:XX found first (3, 2) is not 6 1
INFO:root:4292:XX found first (4, 3) is not 7 1
INFO:root:4292:XX found first (6, 1) is not 5 1
INFO:root:4292:XX found first (3, 1) is not 6 1
INFO:root:4292:XX found first (5, 7) is not 6 1
INFO:root:4292:XX found first (7, 1) is not 3 1
INFO:root:4292:XX found first (5, 6) is not 3 1
INFO:root:4292:XX found first (5, 7) is not 4 1
INFO:root:4292:XX found first (1, 9) is not 6 1
INFO:root:4292:XX found first (2, 8) is not 6 1
INFO:root:4292:XX found first (7, 9) is not 1 1
INFO:root:4292:XX found first (7, 1) is not 7 1
INFO:root:4292:XX found first (4, 4) is not 2 1
INFO:root:4292:XX found first (1, 8) is not 6 1
INFO:root:4292:XX found first (2, 1) is not 1 1
INFO:root:4292:XX found first (2, 8) is not 1 1
INFO:root:4292:XX found first (7, 1) is not 4 1
INFO:root:4292:XX found first (9, 1) is not 1 1
INFO:root:4304:Early exit from checkSmall1
INFO:root:4315:Starting Step 4
INFO:root:4853:Current state [[[[8], [5], [1, 4, 6, 7], [3, 4, 7, 9], [2], [3, 4, 6, 7, 9], [4, 7, 9], [1, 9], [1, 4, 9]], [[4, 6, 7], [2], [1, 4, 6, 7], [4, 5, 7, 9], [4, 5, 7], [4, 6, 7, 9], [4, 5, 7, 9], [8], [3]], [[3, 4, 7], [3, 7], [9], [1], [3, 4, 5, 7], [8], [2, 4, 5, 7], [6], [4, 5]], [[6, 7], [4], [2], [3, 7, 9], [8], [3, 7, 9], [1], [5], [6, 9]], [[5, 6, 7], [9], [5, 6, 7], [4, 5, 7], [1], [4, 7], [3], [2], [8]], [[1], [8], [3], [2, 4, 5, 9], [6], [2, 4, 9], [4, 9], [7], [4, 9]], [[9], [1, 3, 7], [1, 4, 7], [6], [3, 4, 7], [5], [8], [1], [2]], [[2], [1, 6, 7], [1, 4, 5, 6, 7, 8], [4, 7, 8], [4, 7], [1, 4, 7], [5, 6, 9], [3], [1, 5, 6, 9]], [[3, 5, 6], [1, 3, 6], [1, 5, 6, 8], [2, 3, 8], [9], [1, 2, 3], [5, 6], [4], [7]]]]
INFO:root:4853:Doing checkSmall1
INFO:root:4853:Getting tiny MUSes, distance 1, for 142 puzlits, 1 repeats
INFO:root:4889:Chunked 142 in [9, 9, 9, 9, 9, 9, 9, 9, 9, 9, 9, 9, 9, 9, 8, 8]
INFO:root:4921:XX found first (6, 4) is 5 1
INFO:root:4921:XX found first (1, 8) is 9 1
INFO:root:4921:XX found first (7, 8) is 1 1
INFO:root:4921:XX found first (3, 7) is 2 1
INFO:root:4921:XX found first (4, 9) is 6 1
INFO:root:4921:XX found first (2, 3) is 1 1
INFO:root:4933:Early exit from checkSmall1
INFO:root:4959:Starting Step 5
INFO:root:5498:Current state [[[[8], [5], [1, 4, 6, 7], [3, 4, 7, 9], [2], [3, 4, 6, 7, 9], [4, 7, 9], [9], [1, 4, 9]], [[4, 6, 7], [2], [1], [4, 5, 7, 9], [4, 5, 7], [4, 6, 7, 9], [4, 5, 7, 9], [8], [3]], [[3, 4, 7], [3, 7], [9], [1], [3, 4, 5, 7], [8], [2], [6], [4, 5]], [[6, 7], [4], [2], [3, 7, 9], [8], [3, 7, 9], [1], [5], [6]], [[5, 6, 7], [9], [5, 6, 7], [4, 5, 7], [1], [4, 7], [3], [2], [8]], [[1], [8], [3], [5], [6], [2, 4, 9], [4, 9], [7], [4, 9]], [[9], [1, 3, 7], [1, 4, 7], [6], [3, 4, 7], [5], [8], [1], [2]], [[2], [1, 6, 7], [1, 4, 5, 6, 7, 8], [4, 7, 8], [4, 7], [1, 4, 7], [5, 6, 9], [3], [1, 5, 6, 9]], [[3, 5, 6], [1, 3, 6], [1, 5, 6, 8], [2, 3, 8], [9], [1, 2, 3], [5, 6], [4], [7]]]]
INFO:root:5498:Doing checkSmall1
INFO:root:5498:Getting tiny MUSes, distance 1, for 136 puzlits, 1 repeats
INFO:root:5533:Chunked 136 in [9, 9, 9, 9, 9, 9, 9, 9, 8, 8, 8, 8, 8, 8, 8, 8]
INFO:root:5564:XX found first (4, 1) is not 6 1
INFO:root:5564:XX found first (6, 4) is not 9 1
INFO:root:5564:XX found first (2, 3) is not 7 1
INFO:root:5564:XX found first (2, 3) is not 4 1
INFO:root:5564:XX found first (5, 4) is not 5 1
INFO:root:5564:XX found first (2, 7) is not 9 1
INFO:root:5564:XX found first (8, 3) is not 1 1
INFO:root:5564:XX found first (8, 9) is not 6 1
INFO:root:5564:XX found first (3, 7) is not 4 1
INFO:root:5564:XX found first (1, 4) is not 9 1
INFO:root:5564:XX found first (2, 3) is not 6 1
INFO:root:5564:XX found first (7, 3) is not 1 1
INFO:root:5564:XX found first (1, 3) is not 1 1
INFO:root:5564:XX found first (6, 4) is not 4 1
INFO:root:5564:XX found first (8, 9) is not 1 1
INFO:root:5564:XX found first (1, 8) is not 1 1
INFO:root:5565:XX found first (1, 7) is not 9 1
INFO:root:5565:XX found first (9, 3) is not 1 1
INFO:root:5565:XX found first (7, 2) is not 1 1
INFO:root:5565:XX found first (1, 6) is not 9 1
INFO:root:5565:XX found first (1, 9) is not 9 1
INFO:root:5565:XX found first (6, 4) is not 2 1
INFO:root:5565:XX found first (2, 4) is not 5 1
INFO:root:5565:XX found first (4, 9) is not 9 1
INFO:root:5565:XX found first (3, 7) is not 7 1
INFO:root:5565:XX found first (3, 7) is not 5 1
INFO:root:5577:Early exit from checkSmall1
INFO:root:5587:Starting Step 6
INFO:root:6148:Current state [[[[8], [5], [4, 6, 7], [3, 4, 7], [2], [3, 4, 6, 7], [4, 7], [9], [1, 4]], [[4, 6, 7], [2], [1], [4, 7, 9], [4, 5, 7], [4, 6, 7, 9], [4, 5, 7], [8], [3]], [[3, 4, 7], [3, 7], [9], [1], [3, 4, 5, 7], [8], [2], [6], [4, 5]], [[7], [4], [2], [3, 7, 9], [8], [3, 7, 9], [1], [5], [6]], [[5, 6, 7], [9], [5, 6, 7], [4, 7], [1], [4, 7], [3], [2], [8]], [[1], [8], [3], [5], [6], [2, 4, 9], [4, 9], [7], [4, 9]], [[9], [3, 7], [4, 7], [6], [3, 4, 7], [5], [8], [1], [2]], [[2], [1, 6, 7], [4, 5, 6, 7, 8], [4, 7, 8], [4, 7], [1, 4, 7], [5, 6, 9], [3], [5, 9]], [[3, 5, 6], [1, 3, 6], [5, 6, 8], [2, 3, 8], [9], [1, 2, 3], [5, 6], [4], [7]]]]
INFO:root:6148:Doing checkSmall1
INFO:root:6149:Getting tiny MUSes, distance 1, for 110 puzlits, 1 repeats
INFO:root:6183:Chunked 110 in [7, 7, 7, 7, 7, 7, 7, 7, 7, 7, 7, 7, 7, 7, 6, 6]
INFO:root:6211:XX found first (6, 6) is 2 1
INFO:root:6211:XX found first (4, 1) is 7 1
INFO:root:6211:XX found first (9, 4) is 2 1
INFO:root:6211:XX found first (1, 9) is 1 1
INFO:root:6223:Early exit from checkSmall1
INFO:root:6242:Starting Step 7
INFO:root:6807:Current state [[[[8], [5], [4, 6, 7], [3, 4, 7], [2], [3, 4, 6, 7], [4, 7], [9], [1]], [[4, 6, 7], [2], [1], [4, 7, 9], [4, 5, 7], [4, 6, 7, 9], [4, 5, 7], [8], [3]], [[3, 4, 7], [3, 7], [9], [1], [3, 4, 5, 7], [8], [2], [6], [4, 5]], [[7], [4], [2], [3, 7, 9], [8], [3, 7, 9], [1], [5], [6]], [[5, 6, 7], [9], [5, 6, 7], [4, 7], [1], [4, 7], [3], [2], [8]], [[1], [8], [3], [5], [6], [2], [4, 9], [7], [4, 9]], [[9], [3, 7], [4, 7], [6], [3, 4, 7], [5], [8], [1], [2]], [[2], [1, 6, 7], [4, 5, 6, 7, 8], [4, 7, 8], [4, 7], [1, 4, 7], [5, 6, 9], [3], [5, 9]], [[3, 5, 6], [1, 3, 6], [5, 6, 8], [2], [9], [1, 2, 3], [5, 6], [4], [7]]]]
INFO:root:6807:Doing checkSmall1
INFO:root:6807:Getting tiny MUSes, distance 1, for 106 puzlits, 1 repeats
INFO:root:6842:Chunked 106 in [7, 7, 7, 7, 7, 7, 7, 7, 7, 7, 6, 6, 6, 6, 6, 6]
INFO:root:6866:XX found first (5, 1) is not 7 1
INFO:root:6866:XX found first (4, 4) is not 7 1
INFO:root:6866:XX found first (9, 4) is not 8 1
INFO:root:6866:XX found first (3, 1) is not 7 1
INFO:root:6866:XX found first (5, 3) is not 7 1
INFO:root:6866:XX found first (6, 6) is not 9 1
INFO:root:6866:XX found first (9, 4) is not 3 1
INFO:root:6867:XX found first (1, 9) is not 4 1
INFO:root:6867:XX found first (2, 1) is not 7 1
INFO:root:6867:XX found first (6, 6) is not 4 1
INFO:root:6867:XX found first (9, 6) is not 2 1
INFO:root:6867:XX found first (4, 6) is not 7 1
INFO:root:6879:Early exit from checkSmall1
INFO:root:6888:Starting Step 8
INFO:root:7465:Current state [[[[8], [5], [4, 6, 7], [3, 4, 7], [2], [3, 4, 6, 7], [4, 7], [9], [1]], [[4, 6], [2], [1], [4, 7, 9], [4, 5, 7], [4, 6, 7, 9], [4, 5, 7], [8], [3]], [[3, 4], [3, 7], [9], [1], [3, 4, 5, 7], [8], [2], [6], [4, 5]], [[7], [4], [2], [3, 9], [8], [3, 9], [1], [5], [6]], [[5, 6], [9], [5, 6], [4, 7], [1], [4, 7], [3], [2], [8]], [[1], [8], [3], [5], [6], [2], [4, 9], [7], [4, 9]], [[9], [3, 7], [4, 7], [6], [3, 4, 7], [5], [8], [1], [2]], [[2], [1, 6, 7], [4, 5, 6, 7, 8], [4, 7, 8], [4, 7], [1, 4, 7], [5, 6, 9], [3], [5, 9]], [[3, 5, 6], [1, 3, 6], [5, 6, 8], [2], [9], [1, 3], [5, 6], [4], [7]]]]
INFO:root:7466:Doing checkSmall1
INFO:root:7466:Getting tiny MUSes, distance 1, for 94 puzlits, 1 repeats
INFO:root:7502:Chunked 94 in [6, 6, 6, 6, 6, 6, 6, 6, 6, 6, 6, 6, 6, 6, 5, 5]
INFO:root:7526:XX found first (9, 3) is 8 1
INFO:root:7526:XX found first (8, 4) is 8 1
INFO:root:7537:Early exit from checkSmall1
INFO:root:7554:Starting Step 9
INFO:root:8126:Current state [[[[8], [5], [4, 6, 7], [3, 4, 7], [2], [3, 4, 6, 7], [4, 7], [9], [1]], [[4, 6], [2], [1], [4, 7, 9], [4, 5, 7], [4, 6, 7, 9], [4, 5, 7], [8], [3]], [[3, 4], [3, 7], [9], [1], [3, 4, 5, 7], [8], [2], [6], [4, 5]], [[7], [4], [2], [3, 9], [8], [3, 9], [1], [5], [6]], [[5, 6], [9], [5, 6], [4, 7], [1], [4, 7], [3], [2], [8]], [[1], [8], [3], [5], [6], [2], [4, 9], [7], [4, 9]], [[9], [3, 7], [4, 7], [6], [3, 4, 7], [5], [8], [1], [2]], [[2], [1, 6, 7], [4, 5, 6, 7, 8], [8], [4, 7], [1, 4, 7], [5, 6, 9], [3], [5, 9]], [[3, 5, 6], [1, 3, 6], [8], [2], [9], [1, 3], [5, 6], [4], [7]]]]
INFO:root:8127:Doing checkSmall1
INFO:root:8127:Getting tiny MUSes, distance 1, for 92 puzlits, 1 repeats
INFO:root:8162:Chunked 92 in [6, 6, 6, 6, 6, 6, 6, 6, 6, 6, 6, 6, 5, 5, 5, 5]
INFO:root:8185:XX found first (8, 4) is not 7 1
INFO:root:8185:XX found first (8, 4) is not 4 1
INFO:root:8185:XX found first (9, 3) is not 6 1
INFO:root:8185:XX found first (9, 3) is not 5 1
INFO:root:8185:XX found first (8, 3) is not 8 1
INFO:root:8197:Early exit from checkSmall1
INFO:root:8206:Starting Step 10
INFO:root:8784:Current state [[[[8], [5], [4, 6, 7], [3, 4, 7], [2], [3, 4, 6, 7], [4, 7], [9], [1]], [[4, 6], [2], [1], [4, 7, 9], [4, 5, 7], [4, 6, 7, 9], [4, 5, 7], [8], [3]], [[3, 4], [3, 7], [9], [1], [3, 4, 5, 7], [8], [2], [6], [4, 5]], [[7], [4], [2], [3, 9], [8], [3, 9], [1], [5], [6]], [[5, 6], [9], [5, 6], [4, 7], [1], [4, 7], [3], [2], [8]], [[1], [8], [3], [5], [6], [2], [4, 9], [7], [4, 9]], [[9], [3, 7], [4, 7], [6], [3, 4, 7], [5], [8], [1], [2]], [[2], [1, 6, 7], [4, 5, 6, 7], [8], [4, 7], [1, 4, 7], [5, 6, 9], [3], [5, 9]], [[3, 5, 6], [1, 3, 6], [8], [2], [9], [1, 3], [5, 6], [4], [7]]]]
INFO:root:8784:Doing checkSmall1
INFO:root:8784:Getting tiny MUSes, distance 1, for 87 puzlits, 1 repeats
INFO:root:8821:Chunked 87 in [6, 6, 6, 6, 6, 6, 6, 5, 5, 5, 5, 5, 5, 5, 5, 5]
INFO:root:8891:Considering 100 * 87 jobs for minsize=3
INFO:root:8909:Chunked 8700 in [544, 544, 544, 544, 544, 544, 544, 544, 544, 544, 544, 544, 543, 543, 543, 543]
INFO:root:15180:Considering 100 * 87 jobs for minsize=4
INFO:root:15196:Chunked 8700 in [544, 544, 544, 544, 544, 544, 544, 544, 544, 544, 544, 544, 543, 543, 543, 543]
INFO:root:22491:!! Found smaller !!!! 3 4
INFO:root:22491:XX found first (3, 5) is not 3 3
INFO:root:22492:!! Found smaller !!!! 3 4
INFO:root:22492:XX found first (9, 1) is not 6 3
INFO:root:22492:!! Found smaller !!!! 3 4
INFO:root:22492:XX found first (1, 3) is not 4 3
INFO:root:22492:!! Found smaller !!!! 3 4
INFO:root:22492:XX add new best (1, 3) is not 4 3 3
INFO:root:22492:!! Found smaller !!!! 3 4
INFO:root:22492:XX add new best (9, 1) is not 6 3 3
INFO:root:22492:!! Found smaller !!!! 3 4
INFO:root:22492:XX add new best (3, 5) is not 3 3 3
INFO:root:22492:!! Found smaller !!!! 3 4
INFO:root:22492:XX add new best (3, 5) is not 3 3 3
INFO:root:22492:!! Found smaller !!!! 3 4
INFO:root:22492:XX add new best (9, 1) is not 6 3 3
INFO:root:22492:!! Found smaller !!!! 3 4
INFO:root:22492:XX add new best (1, 3) is not 4 3 3
INFO:root:22493:!! Found smaller !!!! 3 4
INFO:root:22493:XX add new best (9, 1) is not 6 3 3
INFO:root:22493:!! Found smaller !!!! 3 4
INFO:root:22493:XX found first (8, 3) is not 6 3
INFO:root:22493:!! Found smaller !!!! 3 4
INFO:root:22493:XX add new best (3, 5) is not 3 3 3
INFO:root:22493:!! Found smaller !!!! 3 4
INFO:root:22493:XX add new best (3, 5) is not 3 3 3
INFO:root:22493:!! Found smaller !!!! 3 4
INFO:root:22493:XX add new best (3, 5) is not 3 3 3
INFO:root:22493:!! Found smaller !!!! 3 4
INFO:root:22493:XX add new best (1, 3) is not 4 3 3
INFO:root:22493:!! Found smaller !!!! 3 4
INFO:root:22493:XX add new best (9, 1) is not 6 3 3
INFO:root:22493:!! Found smaller !!!! 3 4
INFO:root:22493:XX add new best (8, 3) is not 6 3 3
INFO:root:22493:!! Found smaller !!!! 3 4
INFO:root:22493:XX add new best (3, 5) is not 3 3 3
INFO:root:22493:!! Found smaller !!!! 3 4
INFO:root:22494:XX add new best (3, 5) is not 3 3 3
INFO:root:22494:!! Found smaller !!!! 3 4
INFO:root:22494:XX add new best (1, 3) is not 4 3 3
INFO:root:22494:!! Found smaller !!!! 3 4
INFO:root:22494:XX add new best (1, 3) is not 4 3 3
INFO:root:22494:!! Found smaller !!!! 3 4
INFO:root:22494:XX add new best (8, 3) is not 6 3 3
INFO:root:22494:!! Found smaller !!!! 3 4
INFO:root:22494:XX add new best (3, 5) is not 3 3 3
INFO:root:22494:!! Found smaller !!!! 3 4
INFO:root:22494:XX add new best (3, 5) is not 3 3 3
INFO:root:22494:!! Found smaller !!!! 3 4
INFO:root:22494:XX add new best (3, 5) is not 3 3 3
INFO:root:22494:!! Found smaller !!!! 3 4
INFO:root:22494:XX add new best (8, 3) is not 6 3 3
INFO:root:22494:!! Found smaller !!!! 3 4
INFO:root:22494:XX add new best (1, 3) is not 4 3 3
INFO:root:22495:!! Found smaller !!!! 3 4
INFO:root:22495:XX add new best (1, 3) is not 4 3 3
INFO:root:22495:!! Found smaller !!!! 3 4
INFO:root:22495:XX add new best (8, 3) is not 6 3 3
INFO:root:22495:!! Found smaller !!!! 3 4
INFO:root:22495:XX add new best (3, 5) is not 3 3 3
INFO:root:22495:!! Found smaller !!!! 3 4
INFO:root:22495:XX add new best (3, 5) is not 3 3 3
INFO:root:22495:!! Found smaller !!!! 3 4
INFO:root:22495:XX add new best (9, 1) is not 6 3 3
INFO:root:22495:!! Found smaller !!!! 3 4
INFO:root:22495:XX add new best (3, 5) is not 3 3 3
INFO:root:22495:!! Found smaller !!!! 3 4
INFO:root:22495:XX add new best (9, 1) is not 6 3 3
INFO:root:22495:!! Found smaller !!!! 3 4
INFO:root:22495:XX add new best (9, 1) is not 6 3 3
INFO:root:22495:!! Found smaller !!!! 3 4
INFO:root:22495:XX add new best (3, 5) is not 3 3 3
INFO:root:22495:!! Found smaller !!!! 3 4
INFO:root:22496:XX add new best (1, 3) is not 4 3 3
INFO:root:22496:!! Found smaller !!!! 3 4
INFO:root:22496:XX add new best (8, 3) is not 6 3 3
INFO:root:22496:!! Found smaller !!!! 3 4
INFO:root:22496:XX add new best (3, 5) is not 3 3 3
INFO:root:22496:!! Found smaller !!!! 3 4
INFO:root:22496:XX add new best (9, 1) is not 6 3 3
INFO:root:22496:!! Found smaller !!!! 3 4
INFO:root:22496:XX add new best (1, 3) is not 4 3 3
INFO:root:22496:!! Found smaller !!!! 3 4
INFO:root:22496:XX add new best (3, 5) is not 3 3 3
INFO:root:22496:!! Found smaller !!!! 3 4
INFO:root:22496:XX add new best (3, 5) is not 3 3 3
INFO:root:22496:!! Found smaller !!!! 3 4
INFO:root:22496:XX add new best (8, 3) is not 6 3 3
INFO:root:22496:!! Found smaller !!!! 3 4
INFO:root:22496:XX add new best (3, 5) is not 3 3 3
INFO:root:22496:!! Found smaller !!!! 3 4
INFO:root:22496:XX add new best (9, 1) is not 6 3 3
INFO:root:22497:!! Found smaller !!!! 3 4
INFO:root:22497:XX add new best (3, 5) is not 3 3 3
INFO:root:22497:!! Found smaller !!!! 3 4
INFO:root:22497:XX add new best (1, 3) is not 4 3 3
INFO:root:22497:!! Found smaller !!!! 3 4
INFO:root:22497:XX add new best (1, 3) is not 4 3 3
INFO:root:22497:!! Found smaller !!!! 3 4
INFO:root:22497:XX add new best (1, 3) is not 4 3 3
INFO:root:22497:!! Found smaller !!!! 3 4
INFO:root:22497:XX add new best (8, 3) is not 6 3 3
INFO:root:22497:!! Found smaller !!!! 3 4
INFO:root:22497:XX add new best (3, 5) is not 3 3 3
INFO:root:22497:!! Found smaller !!!! 3 4
INFO:root:22497:XX add new best (3, 5) is not 3 3 3
INFO:root:22497:!! Found smaller !!!! 3 4
INFO:root:22497:XX add new best (9, 1) is not 6 3 3
INFO:root:22497:!! Found smaller !!!! 3 4
INFO:root:22497:XX add new best (8, 3) is not 6 3 3
INFO:root:22498:!! Found smaller !!!! 3 4
INFO:root:22498:XX add new best (1, 3) is not 4 3 3
INFO:root:22498:!! Found smaller !!!! 3 4
INFO:root:22498:XX add new best (1, 3) is not 4 3 3
INFO:root:22498:!! Found smaller !!!! 3 4
INFO:root:22498:XX add new best (8, 3) is not 6 3 3
INFO:root:22498:!! Found smaller !!!! 3 4
INFO:root:22498:XX add new best (3, 5) is not 3 3 3
INFO:root:22498:!! Found smaller !!!! 3 4
INFO:root:22498:XX add new best (1, 3) is not 4 3 3
INFO:root:22498:!! Found smaller !!!! 3 4
INFO:root:22498:XX add new best (9, 1) is not 6 3 3
INFO:root:22498:!! Found smaller !!!! 3 4
INFO:root:22498:XX add new best (1, 3) is not 4 3 3
INFO:root:22498:!! Found smaller !!!! 3 4
INFO:root:22498:XX add new best (1, 3) is not 4 3 3
INFO:root:22498:!! Found smaller !!!! 3 4
INFO:root:22498:XX add new best (8, 3) is not 6 3 3
INFO:root:22498:!! Found smaller !!!! 3 4
INFO:root:22499:XX add new best (9, 1) is not 6 3 3
INFO:root:22499:!! Found smaller !!!! 3 4
INFO:root:22499:XX add new best (1, 3) is not 4 3 3
INFO:root:22499:!! Found smaller !!!! 3 4
INFO:root:22499:XX add new best (9, 1) is not 6 3 3
INFO:root:22499:!! Found smaller !!!! 3 4
INFO:root:22499:XX add new best (3, 5) is not 3 3 3
INFO:root:22499:!! Found smaller !!!! 3 4
INFO:root:22499:XX add new best (3, 5) is not 3 3 3
INFO:root:22499:!! Found smaller !!!! 3 4
INFO:root:22499:XX add new best (8, 3) is not 6 3 3
INFO:root:22499:!! Found smaller !!!! 3 4
INFO:root:22499:XX add new best (9, 1) is not 6 3 3
INFO:root:22499:!! Found smaller !!!! 3 4
INFO:root:22499:XX add new best (1, 3) is not 4 3 3
INFO:root:22499:!! Found smaller !!!! 3 4
INFO:root:22499:XX add new best (3, 5) is not 3 3 3
INFO:root:22499:!! Found smaller !!!! 3 4
INFO:root:22499:XX add new best (1, 3) is not 4 3 3
INFO:root:22500:!! Found smaller !!!! 3 4
INFO:root:22500:XX add new best (9, 1) is not 6 3 3
INFO:root:22500:!! Found smaller !!!! 3 4
INFO:root:22500:XX add new best (1, 3) is not 4 3 3
INFO:root:22500:!! Found smaller !!!! 3 4
INFO:root:22500:XX add new best (9, 1) is not 6 3 3
INFO:root:22500:!! Found smaller !!!! 3 4
INFO:root:22500:XX add new best (1, 3) is not 4 3 3
INFO:root:22500:!! Found smaller !!!! 3 4
INFO:root:22500:XX add new best (1, 3) is not 4 3 3
INFO:root:22500:!! Found smaller !!!! 3 4
INFO:root:22500:XX add new best (3, 5) is not 3 3 3
INFO:root:22500:!! Found smaller !!!! 3 4
INFO:root:22500:XX add new best (1, 3) is not 4 3 3
INFO:root:22500:!! Found smaller !!!! 3 4
INFO:root:22500:XX add new best (8, 3) is not 6 3 3
INFO:root:22500:!! Found smaller !!!! 3 4
INFO:root:22500:XX add new best (3, 5) is not 3 3 3
INFO:root:22501:!! Found smaller !!!! 3 4
INFO:root:22501:XX add new best (3, 5) is not 3 3 3
INFO:root:22501:!! Found smaller !!!! 3 4
INFO:root:22501:XX add new best (8, 3) is not 6 3 3
INFO:root:22501:!! Found smaller !!!! 3 4
INFO:root:22501:XX add new best (8, 3) is not 6 3 3
INFO:root:22501:!! Found smaller !!!! 3 4
INFO:root:22501:XX add new best (8, 3) is not 6 3 3
INFO:root:22501:!! Found smaller !!!! 3 4
INFO:root:22501:XX add new best (1, 3) is not 4 3 3
INFO:root:22501:!! Found smaller !!!! 3 4
INFO:root:22501:XX add new best (1, 3) is not 4 3 3
INFO:root:22501:!! Found smaller !!!! 3 4
INFO:root:22501:XX add new best (1, 3) is not 4 3 3
INFO:root:22501:!! Found smaller !!!! 3 4
INFO:root:22501:XX add new best (3, 5) is not 3 3 3
INFO:root:22501:!! Found smaller !!!! 3 4
INFO:root:22501:XX add new best (1, 3) is not 4 3 3
INFO:root:22502:!! Found smaller !!!! 3 4
INFO:root:22502:XX add new best (8, 3) is not 6 3 3
INFO:root:22502:!! Found smaller !!!! 3 4
INFO:root:22502:XX add new best (8, 3) is not 6 3 3
INFO:root:22502:!! Found smaller !!!! 3 4
INFO:root:22502:XX add new best (3, 5) is not 3 3 3
INFO:root:22502:!! Found smaller !!!! 3 4
INFO:root:22502:XX add new best (9, 1) is not 6 3 3
INFO:root:22502:!! Found smaller !!!! 3 4
INFO:root:22502:XX add new best (8, 3) is not 6 3 3
INFO:root:22502:!! Found smaller !!!! 3 4
INFO:root:22502:XX add new best (8, 3) is not 6 3 3
INFO:root:22502:!! Found smaller !!!! 3 4
INFO:root:22502:XX add new best (8, 3) is not 6 3 3
INFO:root:22502:!! Found smaller !!!! 3 4
INFO:root:22502:XX add new best (1, 3) is not 4 3 3
INFO:root:22502:!! Found smaller !!!! 3 4
INFO:root:22502:XX add new best (3, 5) is not 3 3 3
INFO:root:22502:!! Found smaller !!!! 3 4
INFO:root:22503:XX add new best (1, 3) is not 4 3 3
INFO:root:22503:!! Found smaller !!!! 3 4
INFO:root:22503:XX add new best (8, 3) is not 6 3 3
INFO:root:22503:!! Found smaller !!!! 3 4
INFO:root:22503:XX add new best (9, 1) is not 6 3 3
INFO:root:22503:!! Found smaller !!!! 3 4
INFO:root:22503:XX add new best (3, 5) is not 3 3 3
INFO:root:22503:!! Found smaller !!!! 3 4
INFO:root:22503:XX add new best (3, 5) is not 3 3 3
INFO:root:22503:!! Found smaller !!!! 3 4
INFO:root:22503:XX add new best (1, 3) is not 4 3 3
INFO:root:22503:!! Found smaller !!!! 3 4
INFO:root:22503:XX add new best (3, 5) is not 3 3 3
INFO:root:22503:!! Found smaller !!!! 3 4
INFO:root:22503:XX add new best (1, 3) is not 4 3 3
INFO:root:22503:!! Found smaller !!!! 3 4
INFO:root:22503:XX add new best (3, 5) is not 3 3 3
INFO:root:22503:!! Found smaller !!!! 3 4
INFO:root:22503:XX add new best (3, 5) is not 3 3 3
INFO:root:22504:!! Found smaller !!!! 3 4
INFO:root:22504:XX add new best (3, 5) is not 3 3 3
INFO:root:22504:!! Found smaller !!!! 3 4
INFO:root:22504:XX add new best (3, 5) is not 3 3 3
INFO:root:22504:!! Found smaller !!!! 3 4
INFO:root:22504:XX add new best (8, 3) is not 6 3 3
INFO:root:22504:!! Found smaller !!!! 3 4
INFO:root:22504:XX add new best (3, 5) is not 3 3 3
INFO:root:22504:!! Found smaller !!!! 3 4
INFO:root:22504:XX add new best (8, 3) is not 6 3 3
INFO:root:22504:!! Found smaller !!!! 3 4
INFO:root:22504:XX add new best (1, 3) is not 4 3 3
INFO:root:22504:!! Found smaller !!!! 3 4
INFO:root:22504:XX add new best (3, 5) is not 3 3 3
INFO:root:22504:!! Found smaller !!!! 3 4
INFO:root:22504:XX add new best (3, 5) is not 3 3 3
INFO:root:22504:!! Found smaller !!!! 3 4
INFO:root:22504:XX add new best (8, 3) is not 6 3 3
INFO:root:22505:!! Found smaller !!!! 3 4
INFO:root:22505:XX add new best (9, 1) is not 6 3 3
INFO:root:22505:!! Found smaller !!!! 3 4
INFO:root:22505:XX add new best (9, 1) is not 6 3 3
INFO:root:22505:!! Found smaller !!!! 3 4
INFO:root:22505:XX add new best (3, 5) is not 3 3 3
INFO:root:22505:!! Found smaller !!!! 3 4
INFO:root:22505:XX add new best (1, 3) is not 4 3 3
INFO:root:22505:!! Found smaller !!!! 3 4
INFO:root:22505:XX add new best (9, 1) is not 6 3 3
INFO:root:22505:!! Found smaller !!!! 3 4
INFO:root:22505:XX add new best (8, 3) is not 6 3 3
INFO:root:22505:!! Found smaller !!!! 3 4
INFO:root:22505:XX add new best (9, 1) is not 6 3 3
INFO:root:22505:!! Found smaller !!!! 3 4
INFO:root:22505:XX add new best (1, 3) is not 4 3 3
INFO:root:22505:!! Found smaller !!!! 3 4
INFO:root:22505:XX add new best (9, 1) is not 6 3 3
INFO:root:22505:!! Found smaller !!!! 3 4
INFO:root:22506:XX add new best (1, 3) is not 4 3 3
INFO:root:22506:!! Found smaller !!!! 3 4
INFO:root:22506:XX add new best (3, 5) is not 3 3 3
INFO:root:22506:!! Found smaller !!!! 3 4
INFO:root:22506:XX add new best (3, 5) is not 3 3 3
INFO:root:22506:!! Found smaller !!!! 3 4
INFO:root:22506:XX add new best (3, 5) is not 3 3 3
INFO:root:22506:!! Found smaller !!!! 3 4
INFO:root:22506:XX add new best (1, 3) is not 4 3 3
INFO:root:22506:!! Found smaller !!!! 3 4
INFO:root:22506:XX add new best (3, 5) is not 3 3 3
INFO:root:22506:!! Found smaller !!!! 3 4
INFO:root:22506:XX add new best (1, 3) is not 4 3 3
INFO:root:22506:!! Found smaller !!!! 3 4
INFO:root:22506:XX add new best (3, 5) is not 3 3 3
INFO:root:22506:!! Found smaller !!!! 3 4
INFO:root:22506:XX add new best (3, 5) is not 3 3 3
INFO:root:22507:!! Found smaller !!!! 3 4
INFO:root:22507:XX add new best (3, 5) is not 3 3 3
INFO:root:22507:!! Found smaller !!!! 3 4
INFO:root:22507:XX add new best (1, 3) is not 4 3 3
INFO:root:22507:!! Found smaller !!!! 3 4
INFO:root:22507:XX add new best (1, 3) is not 4 3 3
INFO:root:22507:!! Found smaller !!!! 3 4
INFO:root:22507:XX add new best (1, 3) is not 4 3 3
INFO:root:22507:!! Found smaller !!!! 3 4
INFO:root:22507:XX add new best (3, 5) is not 3 3 3
INFO:root:22507:!! Found smaller !!!! 3 4
INFO:root:22507:XX add new best (1, 3) is not 4 3 3
INFO:root:22507:!! Found smaller !!!! 3 4
INFO:root:22507:XX add new best (9, 1) is not 6 3 3
INFO:root:22507:!! Found smaller !!!! 3 4
INFO:root:22507:XX add new best (1, 3) is not 4 3 3
INFO:root:22507:!! Found smaller !!!! 3 4
INFO:root:22507:XX add new best (1, 3) is not 4 3 3
INFO:root:22507:!! Found smaller !!!! 3 4
INFO:root:22508:XX add new best (3, 5) is not 3 3 3
INFO:root:22508:!! Found smaller !!!! 3 4
INFO:root:22508:XX add new best (3, 5) is not 3 3 3
INFO:root:22508:!! Found smaller !!!! 3 4
INFO:root:22508:XX add new best (3, 5) is not 3 3 3
INFO:root:22508:!! Found smaller !!!! 3 4
INFO:root:22508:XX add new best (1, 3) is not 4 3 3
INFO:root:22508:!! Found smaller !!!! 3 4
INFO:root:22508:XX add new best (8, 3) is not 6 3 3
INFO:root:22508:!! Found smaller !!!! 3 4
INFO:root:22508:XX add new best (1, 3) is not 4 3 3
INFO:root:22508:!! Found smaller !!!! 3 4
INFO:root:22508:XX add new best (3, 5) is not 3 3 3
INFO:root:22508:!! Found smaller !!!! 3 4
INFO:root:22508:XX add new best (1, 3) is not 4 3 3
INFO:root:22508:!! Found smaller !!!! 3 4
INFO:root:22508:XX add new best (9, 1) is not 6 3 3
INFO:root:22508:!! Found smaller !!!! 3 4
INFO:root:22509:XX add new best (9, 1) is not 6 3 3
INFO:root:22509:!! Found smaller !!!! 3 4
INFO:root:22509:XX add new best (3, 5) is not 3 3 3
INFO:root:22509:!! Found smaller !!!! 3 4
INFO:root:22509:XX add new best (9, 1) is not 6 3 3
INFO:root:22509:!! Found smaller !!!! 3 4
INFO:root:22509:XX add new best (8, 3) is not 6 3 3
INFO:root:22509:!! Found smaller !!!! 3 4
INFO:root:22509:XX add new best (3, 5) is not 3 3 3
INFO:root:22509:!! Found smaller !!!! 3 4
INFO:root:22509:XX add new best (8, 3) is not 6 3 3
INFO:root:22509:!! Found smaller !!!! 3 4
INFO:root:22509:XX add new best (1, 3) is not 4 3 3
INFO:root:22509:!! Found smaller !!!! 3 4
INFO:root:22509:XX add new best (1, 3) is not 4 3 3
INFO:root:22509:!! Found smaller !!!! 3 4
INFO:root:22509:XX add new best (1, 3) is not 4 3 3
INFO:root:22509:!! Found smaller !!!! 3 4
INFO:root:22509:XX add new best (9, 1) is not 6 3 3
INFO:root:22510:!! Found smaller !!!! 3 4
INFO:root:22510:XX add new best (1, 3) is not 4 3 3
INFO:root:22510:!! Found smaller !!!! 3 4
INFO:root:22510:XX add new best (3, 5) is not 3 3 3
INFO:root:22510:!! Found smaller !!!! 3 4
INFO:root:22510:XX add new best (3, 5) is not 3 3 3
INFO:root:22510:!! Found smaller !!!! 3 4
INFO:root:22510:XX add new best (9, 1) is not 6 3 3
INFO:root:22510:!! Found smaller !!!! 3 4
INFO:root:22510:XX add new best (1, 3) is not 4 3 3
INFO:root:22510:!! Found smaller !!!! 3 4
INFO:root:22510:XX add new best (8, 3) is not 6 3 3
INFO:root:22510:!! Found smaller !!!! 3 4
INFO:root:22510:XX add new best (8, 3) is not 6 3 3
INFO:root:22510:!! Found smaller !!!! 3 4
INFO:root:22510:XX add new best (9, 1) is not 6 3 3
INFO:root:22510:!! Found smaller !!!! 3 4
INFO:root:22510:XX add new best (8, 3) is not 6 3 3
INFO:root:22510:!! Found smaller !!!! 3 4
INFO:root:22511:XX add new best (1, 3) is not 4 3 3
INFO:root:22511:!! Found smaller !!!! 3 4
INFO:root:22511:XX add new best (1, 3) is not 4 3 3
INFO:root:22511:!! Found smaller !!!! 3 4
INFO:root:22511:XX add new best (8, 3) is not 6 3 3
INFO:root:22511:!! Found smaller !!!! 3 4
INFO:root:22511:XX add new best (9, 1) is not 6 3 3
INFO:root:22511:!! Found smaller !!!! 3 4
INFO:root:22511:XX add new best (1, 3) is not 4 3 3
INFO:root:22511:!! Found smaller !!!! 3 4
INFO:root:22511:XX add new best (3, 5) is not 3 3 3
INFO:root:22511:!! Found smaller !!!! 3 4
INFO:root:22511:XX add new best (8, 3) is not 6 3 3
INFO:root:22511:!! Found smaller !!!! 3 4
INFO:root:22511:XX add new best (1, 3) is not 4 3 3
INFO:root:22686:Minimal choices : 4 [(1, 3) is not 4, (3, 5) is not 3, (8, 3) is not 6, (9, 1) is not 6]
INFO:root:22687:Starting Step 11
INFO:root:23269:Current state [[[[8], [5], [4, 6, 7], [3, 4, 7], [2], [3, 4, 6, 7], [4, 7], [9], [1]], [[4, 6], [2], [1], [4, 7, 9], [4, 5, 7], [4, 6, 7, 9], [4, 5, 7], [8], [3]], [[3, 4], [3, 7], [9], [1], [4, 5, 7], [8], [2], [6], [4, 5]], [[7], [4], [2], [3, 9], [8], [3, 9], [1], [5], [6]], [[5, 6], [9], [5, 6], [4, 7], [1], [4, 7], [3], [2], [8]], [[1], [8], [3], [5], [6], [2], [4, 9], [7], [4, 9]], [[9], [3, 7], [4, 7], [6], [3, 4, 7], [5], [8], [1], [2]], [[2], [1, 6, 7], [4, 5, 6, 7], [8], [4, 7], [1, 4, 7], [5, 6, 9], [3], [5, 9]], [[3, 5, 6], [1, 3, 6], [8], [2], [9], [1, 3], [5, 6], [4], [7]]]]
INFO:root:23269:Doing checkSmall1
INFO:root:23269:Getting tiny MUSes, distance 1, for 86 puzlits, 1 repeats
INFO:root:23307:Chunked 86 in [6, 6, 6, 6, 6, 6, 5, 5, 5, 5, 5, 5, 5, 5, 5, 5]
INFO:root:23334:XX found first (7, 5) is 3 1
INFO:root:23346:Early exit from checkSmall1
INFO:root:23359:Starting Step 12
INFO:root:23939:Current state [[[[8], [5], [4, 6, 7], [3, 4, 7], [2], [3, 4, 6, 7], [4, 7], [9], [1]], [[4, 6], [2], [1], [4, 7, 9], [4, 5, 7], [4, 6, 7, 9], [4, 5, 7], [8], [3]], [[3, 4], [3, 7], [9], [1], [4, 5, 7], [8], [2], [6], [4, 5]], [[7], [4], [2], [3, 9], [8], [3, 9], [1], [5], [6]], [[5, 6], [9], [5, 6], [4, 7], [1], [4, 7], [3], [2], [8]], [[1], [8], [3], [5], [6], [2], [4, 9], [7], [4, 9]], [[9], [3, 7], [4, 7], [6], [3], [5], [8], [1], [2]], [[2], [1, 6, 7], [4, 5, 6, 7], [8], [4, 7], [1, 4, 7], [5, 6, 9], [3], [5, 9]], [[3, 5, 6], [1, 3, 6], [8], [2], [9], [1, 3], [5, 6], [4], [7]]]]
INFO:root:23939:Doing checkSmall1
INFO:root:23939:Getting tiny MUSes, distance 1, for 85 puzlits, 1 repeats
INFO:root:23977:Chunked 85 in [6, 6, 6, 6, 6, 5, 5, 5, 5, 5, 5, 5, 5, 5, 5, 5]
INFO:root:23997:XX found first (7, 2) is not 3 1
INFO:root:23997:XX found first (7, 5) is not 4 1
INFO:root:23997:XX found first (9, 6) is not 3 1
INFO:root:23997:XX found first (7, 5) is not 7 1
INFO:root:24010:Early exit from checkSmall1
INFO:root:24018:Starting Step 13
INFO:root:24601:Current state [[[[8], [5], [4, 6, 7], [3, 4, 7], [2], [3, 4, 6, 7], [4, 7], [9], [1]], [[4, 6], [2], [1], [4, 7, 9], [4, 5, 7], [4, 6, 7, 9], [4, 5, 7], [8], [3]], [[3, 4], [3, 7], [9], [1], [4, 5, 7], [8], [2], [6], [4, 5]], [[7], [4], [2], [3, 9], [8], [3, 9], [1], [5], [6]], [[5, 6], [9], [5, 6], [4, 7], [1], [4, 7], [3], [2], [8]], [[1], [8], [3], [5], [6], [2], [4, 9], [7], [4, 9]], [[9], [7], [4, 7], [6], [3], [5], [8], [1], [2]], [[2], [1, 6, 7], [4, 5, 6, 7], [8], [4, 7], [1, 4, 7], [5, 6, 9], [3], [5, 9]], [[3, 5, 6], [1, 3, 6], [8], [2], [9], [1], [5, 6], [4], [7]]]]
INFO:root:24601:Doing checkSmall1
INFO:root:24601:Getting tiny MUSes, distance 1, for 81 puzlits, 1 repeats
INFO:root:24638:Chunked 81 in [6, 5, 5, 5, 5, 5, 5, 5, 5, 5, 5, 5, 5, 5, 5, 5]
INFO:root:24660:XX found first (7, 2) is 7 1
INFO:root:24660:XX found first (7, 3) is 4 1
INFO:root:24660:XX found first (9, 6) is 1 1
INFO:root:24673:Early exit from checkSmall1
INFO:root:24693:Starting Step 14
INFO:root:25278:Current state [[[[8], [5], [4, 6, 7], [3, 4, 7], [2], [3, 4, 6, 7], [4, 7], [9], [1]], [[4, 6], [2], [1], [4, 7, 9], [4, 5, 7], [4, 6, 7, 9], [4, 5, 7], [8], [3]], [[3, 4], [3, 7], [9], [1], [4, 5, 7], [8], [2], [6], [4, 5]], [[7], [4], [2], [3, 9], [8], [3, 9], [1], [5], [6]], [[5, 6], [9], [5, 6], [4, 7], [1], [4, 7], [3], [2], [8]], [[1], [8], [3], [5], [6], [2], [4, 9], [7], [4, 9]], [[9], [7], [4], [6], [3], [5], [8], [1], [2]], [[2], [1, 6, 7], [4, 5, 6, 7], [8], [4, 7], [1, 4, 7], [5, 6, 9], [3], [5, 9]], [[3, 5, 6], [1, 3, 6], [8], [2], [9], [1], [5, 6], [4], [7]]]]
INFO:root:25278:Doing checkSmall1
INFO:root:25278:Getting tiny MUSes, distance 1, for 78 puzlits, 1 repeats
INFO:root:25315:Chunked 78 in [5, 5, 5, 5, 5, 5, 5, 5, 5, 5, 5, 5, 5, 5, 4, 4]
INFO:root:25336:XX found first (9, 2) is not 1 1
INFO:root:25336:XX found first (8, 3) is not 7 1
INFO:root:25337:XX found first (8, 2) is not 7 1
INFO:root:25337:XX found first (3, 2) is not 7 1
INFO:root:25337:XX found first (8, 6) is not 1 1
INFO:root:25337:XX found first (7, 3) is not 7 1
INFO:root:25337:XX found first (8, 3) is not 4 1
INFO:root:25337:XX found first (1, 3) is not 4 1
INFO:root:25350:Early exit from checkSmall1
INFO:root:25358:Starting Step 15
INFO:root:25949:Current state [[[[8], [5], [6, 7], [3, 4, 7], [2], [3, 4, 6, 7], [4, 7], [9], [1]], [[4, 6], [2], [1], [4, 7, 9], [4, 5, 7], [4, 6, 7, 9], [4, 5, 7], [8], [3]], [[3, 4], [3], [9], [1], [4, 5, 7], [8], [2], [6], [4, 5]], [[7], [4], [2], [3, 9], [8], [3, 9], [1], [5], [6]], [[5, 6], [9], [5, 6], [4, 7], [1], [4, 7], [3], [2], [8]], [[1], [8], [3], [5], [6], [2], [4, 9], [7], [4, 9]], [[9], [7], [4], [6], [3], [5], [8], [1], [2]], [[2], [1, 6], [5, 6], [8], [4, 7], [4, 7], [5, 6, 9], [3], [5, 9]], [[3, 5, 6], [3, 6], [8], [2], [9], [1], [5, 6], [4], [7]]]]
INFO:root:25949:Doing checkSmall1
INFO:root:25949:Getting tiny MUSes, distance 1, for 70 puzlits, 1 repeats
INFO:root:25986:Chunked 70 in [5, 5, 5, 5, 5, 5, 4, 4, 4, 4, 4, 4, 4, 4, 4, 4]
INFO:root:26004:XX found first (8, 2) is 1 1
INFO:root:26005:XX found first (3, 5) is 7 1
INFO:root:26005:XX found first (1, 3) is 7 1
INFO:root:26005:XX found first (3, 2) is 3 1
INFO:root:26018:Early exit from checkSmall1
INFO:root:26039:Starting Step 16
INFO:root:26626:Current state [[[[8], [5], [7], [3, 4, 7], [2], [3, 4, 6, 7], [4, 7], [9], [1]], [[4, 6], [2], [1], [4, 7, 9], [4, 5, 7], [4, 6, 7, 9], [4, 5, 7], [8], [3]], [[3, 4], [3], [9], [1], [7], [8], [2], [6], [4, 5]], [[7], [4], [2], [3, 9], [8], [3, 9], [1], [5], [6]], [[5, 6], [9], [5, 6], [4, 7], [1], [4, 7], [3], [2], [8]], [[1], [8], [3], [5], [6], [2], [4, 9], [7], [4, 9]], [[9], [7], [4], [6], [3], [5], [8], [1], [2]], [[2], [1], [5, 6], [8], [4, 7], [4, 7], [5, 6, 9], [3], [5, 9]], [[3, 5, 6], [3, 6], [8], [2], [9], [1], [5, 6], [4], [7]]]]
INFO:root:26626:Doing checkSmall1
INFO:root:26626:Getting tiny MUSes, distance 1, for 66 puzlits, 1 repeats
INFO:root:26663:Chunked 66 in [5, 5, 4, 4, 4, 4, 4, 4, 4, 4, 4, 4, 4, 4, 4, 4]
INFO:root:26681:XX found first (1, 6) is not 7 1
INFO:root:26681:XX found first (1, 7) is not 7 1
INFO:root:26681:XX found first (3, 5) is not 4 1
INFO:root:26681:XX found first (1, 3) is not 6 1
INFO:root:26681:XX found first (9, 2) is not 3 1
INFO:root:26681:XX found first (2, 4) is not 7 1
INFO:root:26681:XX found first (2, 5) is not 7 1
INFO:root:26682:XX found first (8, 5) is not 7 1
INFO:root:26682:XX found first (8, 2) is not 6 1
INFO:root:26682:XX found first (3, 1) is not 3 1
INFO:root:26682:XX found first (2, 6) is not 7 1
INFO:root:26682:XX found first (1, 4) is not 7 1
INFO:root:26682:XX found first (3, 5) is not 5 1
INFO:root:26695:Early exit from checkSmall1
INFO:root:26704:Starting Step 17
INFO:root:27299:Current state [[[[8], [5], [7], [3, 4], [2], [3, 4, 6], [4], [9], [1]], [[4, 6], [2], [1], [4, 9], [4, 5], [4, 6, 9], [4, 5, 7], [8], [3]], [[4], [3], [9], [1], [7], [8], [2], [6], [4, 5]], [[7], [4], [2], [3, 9], [8], [3, 9], [1], [5], [6]], [[5, 6], [9], [5, 6], [4, 7], [1], [4, 7], [3], [2], [8]], [[1], [8], [3], [5], [6], [2], [4, 9], [7], [4, 9]], [[9], [7], [4], [6], [3], [5], [8], [1], [2]], [[2], [1], [5, 6], [8], [4], [4, 7], [5, 6, 9], [3], [5, 9]], [[3, 5, 6], [6], [8], [2], [9], [1], [5, 6], [4], [7]]]]
INFO:root:27300:Doing checkSmall1
INFO:root:27300:Getting tiny MUSes, distance 1, for 53 puzlits, 1 repeats
INFO:root:27336:Chunked 53 in [4, 4, 4, 4, 4, 3, 3, 3, 3, 3, 3, 3, 3, 3, 3, 3]
INFO:root:27353:XX found first (9, 1) is 3 1
INFO:root:27353:XX found first (1, 6) is 6 1
INFO:root:27353:XX found first (3, 1) is 4 1
INFO:root:27353:XX found first (2, 5) is 5 1
INFO:root:27353:XX found first (8, 6) is 7 1
INFO:root:27353:XX found first (5, 4) is 7 1
INFO:root:27353:XX found first (1, 7) is 4 1
INFO:root:27353:XX found first (8, 5) is 4 1
INFO:root:27353:XX found first (2, 7) is 7 1
INFO:root:27353:XX found first (3, 9) is 5 1
INFO:root:27353:XX found first (2, 1) is 6 1
INFO:root:27353:XX found first (9, 2) is 6 1
INFO:root:27366:Early exit from checkSmall1
INFO:root:27414:Starting Step 18
INFO:root:28022:Current state [[[[8], [5], [7], [3, 4], [2], [6], [4], [9], [1]], [[6], [2], [1], [4, 9], [5], [4, 6, 9], [7], [8], [3]], [[4], [3], [9], [1], [7], [8], [2], [6], [5]], [[7], [4], [2], [3, 9], [8], [3, 9], [1], [5], [6]], [[5, 6], [9], [5, 6], [7], [1], [4, 7], [3], [2], [8]], [[1], [8], [3], [5], [6], [2], [4, 9], [7], [4, 9]], [[9], [7], [4], [6], [3], [5], [8], [1], [2]], [[2], [1], [5, 6], [8], [4], [7], [5, 6, 9], [3], [5, 9]], [[3], [6], [8], [2], [9], [1], [5, 6], [4], [7]]]]
INFO:root:28023:Doing checkSmall1
INFO:root:28023:Getting tiny MUSes, distance 1, for 41 puzlits, 1 repeats
INFO:root:28060:Chunked 41 in [3, 3, 3, 3, 3, 3, 3, 3, 3, 2, 2, 2, 2, 2, 2, 2]
INFO:root:28127:XX found first (1, 6) is not 3 1
INFO:root:28127:XX found first (3, 9) is not 4 1
INFO:root:28127:XX found first (5, 4) is not 4 1
INFO:root:28127:XX found first (2, 1) is not 4 1
INFO:root:28128:XX found first (2, 5) is not 4 1
INFO:root:28128:XX found first (2, 7) is not 4 1
INFO:root:28128:XX found first (1, 6) is not 4 1
INFO:root:28128:XX found first (9, 1) is not 6 1
INFO:root:28128:XX found first (9, 1) is not 5 1
INFO:root:28128:XX found first (5, 1) is not 6 1
INFO:root:28128:XX found first (2, 6) is not 6 1
INFO:root:28128:XX found first (1, 4) is not 4 1
INFO:root:28128:XX found first (8, 3) is not 6 1
INFO:root:28128:XX found first (9, 7) is not 6 1
INFO:root:28128:XX found first (8, 6) is not 4 1
INFO:root:28128:XX found first (8, 9) is not 5 1
INFO:root:28128:XX found first (5, 6) is not 7 1
INFO:root:28128:XX found first (2, 7) is not 5 1
INFO:root:28128:XX found first (6, 7) is not 4 1
INFO:root:28142:Early exit from checkSmall1
INFO:root:28151:Starting Step 19
INFO:root:28774:Current state [[[[8], [5], [7], [3], [2], [6], [4], [9], [1]], [[6], [2], [1], [4, 9], [5], [4, 9], [7], [8], [3]], [[4], [3], [9], [1], [7], [8], [2], [6], [5]], [[7], [4], [2], [3, 9], [8], [3, 9], [1], [5], [6]], [[5], [9], [5, 6], [7], [1], [4], [3], [2], [8]], [[1], [8], [3], [5], [6], [2], [9], [7], [4, 9]], [[9], [7], [4], [6], [3], [5], [8], [1], [2]], [[2], [1], [5], [8], [4], [7], [5, 6, 9], [3], [9]], [[3], [6], [8], [2], [9], [1], [5], [4], [7]]]]
INFO:root:28775:Doing checkSmall1
INFO:root:28775:Getting tiny MUSes, distance 1, for 22 puzlits, 1 repeats
INFO:root:28811:Chunked 22 in [2, 2, 2, 2, 2, 2, 1, 1, 1, 1, 1, 1, 1, 1, 1, 1]
INFO:root:28824:XX found first (5, 1) is 5 1
INFO:root:28824:XX found first (4, 6) is 3 1
INFO:root:28824:XX found first (8, 3) is 5 1
INFO:root:28824:XX found first (5, 3) is 6 1
INFO:root:28824:XX found first (6, 9) is 4 1
INFO:root:28824:XX found first (8, 7) is 6 1
INFO:root:28824:XX found first (2, 4) is 4 1
INFO:root:28824:XX found first (6, 7) is 9 1
INFO:root:28824:XX found first (9, 7) is 5 1
INFO:root:28824:XX found first (5, 6) is 4 1
INFO:root:28824:XX found first (1, 4) is 3 1
INFO:root:28824:XX found first (8, 9) is 9 1
INFO:root:28837:Early exit from checkSmall1
INFO:root:28887:Starting Step 20
INFO:root:29511:Current state [[[[8], [5], [7], [3], [2], [6], [4], [9], [1]], [[6], [2], [1], [4], [5], [4, 9], [7], [8], [3]], [[4], [3], [9], [1], [7], [8], [2], [6], [5]], [[7], [4], [2], [3, 9], [8], [3], [1], [5], [6]], [[5], [9], [6], [7], [1], [4], [3], [2], [8]], [[1], [8], [3], [5], [6], [2], [9], [7], [4]], [[9], [7], [4], [6], [3], [5], [8], [1], [2]], [[2], [1], [5], [8], [4], [7], [6], [3], [9]], [[3], [6], [8], [2], [9], [1], [5], [4], [7]]]]
INFO:root:29511:Doing checkSmall1
INFO:root:29511:Getting tiny MUSes, distance 1, for 10 puzlits, 1 repeats
INFO:root:29547:Chunked 10 in [1, 1, 1, 1, 1, 1, 1, 1, 1, 1, 0, 0, 0, 0, 0, 0]
INFO:root:29556:XX found first (2, 6) is not 4 1
INFO:root:29556:XX found first (8, 7) is not 5 1
INFO:root:29556:XX found first (4, 4) is not 3 1
INFO:root:29557:XX found first (2, 4) is not 9 1
INFO:root:29557:XX found first (4, 6) is not 9 1
INFO:root:29557:XX found first (5, 3) is not 5 1
INFO:root:29557:XX found first (6, 9) is not 9 1
INFO:root:29557:XX found first (8, 7) is not 9 1
INFO:root:29569:Early exit from checkSmall1
INFO:root:29578:Starting Step 21
INFO:root:30209:Current state [[[[8], [5], [7], [3], [2], [6], [4], [9], [1]], [[6], [2], [1], [4], [5], [9], [7], [8], [3]], [[4], [3], [9], [1], [7], [8], [2], [6], [5]], [[7], [4], [2], [9], [8], [3], [1], [5], [6]], [[5], [9], [6], [7], [1], [4], [3], [2], [8]], [[1], [8], [3], [5], [6], [2], [9], [7], [4]], [[9], [7], [4], [6], [3], [5], [8], [1], [2]], [[2], [1], [5], [8], [4], [7], [6], [3], [9]], [[3], [6], [8], [2], [9], [1], [5], [4], [7]]]]
INFO:root:30209:Doing checkSmall1
INFO:root:30209:Getting tiny MUSes, distance 1, for 2 puzlits, 1 repeats
INFO:root:30246:Chunked 2 in [1, 1, 0, 0, 0, 0, 0, 0, 0, 0, 0, 0, 0, 0, 0, 0]
INFO:root:30252:XX found first (2, 6) is 9 1
INFO:root:30252:XX found first (4, 4) is 9 1
INFO:root:30265:Early exit from checkSmall1
INFO:root:30280:Total Solver Calls 308801
INFO:root:30280:Trace: [(3, [(1, 3) is not 4])]
INFO:root:30280:Trace Quality: [(3, 1)]
INFO:root:30281:Trace Sorted: [(3, 1)]
INFO:root:30281:Finished
INFO:root:30281:Full Trace [(3, [(1, 3) is not 4])]

real	0m30.620s
user	3m43.442s
sys	0m10.827s
