INFO:root:6312:Starting Step 1
INFO:root:6340:Current state [[[[8], [5], [1, 2, 3, 4, 5, 6, 7, 8, 9], [1, 2, 3, 4, 5, 6, 7, 8, 9], [2], [1, 2, 3, 4, 5, 6, 7, 8, 9], [1, 2, 3, 4, 5, 6, 7, 8, 9], [1, 2, 3, 4, 5, 6, 7, 8, 9], [1, 2, 3, 4, 5, 6, 7, 8, 9]], [[1, 2, 3, 4, 5, 6, 7, 8, 9], [2], [1, 2, 3, 4, 5, 6, 7, 8, 9], [1, 2, 3, 4, 5, 6, 7, 8, 9], [1, 2, 3, 4, 5, 6, 7, 8, 9], [1, 2, 3, 4, 5, 6, 7, 8, 9], [1, 2, 3, 4, 5, 6, 7, 8, 9], [1, 2, 3, 4, 5, 6, 7, 8, 9], [3]], [[1, 2, 3, 4, 5, 6, 7, 8, 9], [1, 2, 3, 4, 5, 6, 7, 8, 9], [9], [1], [1, 2, 3, 4, 5, 6, 7, 8, 9], [8], [1, 2, 3, 4, 5, 6, 7, 8, 9], [1, 2, 3, 4, 5, 6, 7, 8, 9], [1, 2, 3, 4, 5, 6, 7, 8, 9]], [[1, 2, 3, 4, 5, 6, 7, 8, 9], [4], [1, 2, 3, 4, 5, 6, 7, 8, 9], [1, 2, 3, 4, 5, 6, 7, 8, 9], [8], [1, 2, 3, 4, 5, 6, 7, 8, 9], [1], [5], [1, 2, 3, 4, 5, 6, 7, 8, 9]], [[1, 2, 3, 4, 5, 6, 7, 8, 9], [9], [1, 2, 3, 4, 5, 6, 7, 8, 9], [1, 2, 3, 4, 5, 6, 7, 8, 9], [1], [1, 2, 3, 4, 5, 6, 7, 8, 9], [1, 2, 3, 4, 5, 6, 7, 8, 9], [2], [1, 2, 3, 4, 5, 6, 7, 8, 9]], [[1, 2, 3, 4, 5, 6, 7, 8, 9], [8], [3], [1, 2, 3, 4, 5, 6, 7, 8, 9], [6], [1, 2, 3, 4, 5, 6, 7, 8, 9], [1, 2, 3, 4, 5, 6, 7, 8, 9], [7], [1, 2, 3, 4, 5, 6, 7, 8, 9]], [[1, 2, 3, 4, 5, 6, 7, 8, 9], [1, 2, 3, 4, 5, 6, 7, 8, 9], [1, 2, 3, 4, 5, 6, 7, 8, 9], [6], [1, 2, 3, 4, 5, 6, 7, 8, 9], [5], [8], [1, 2, 3, 4, 5, 6, 7, 8, 9], [1, 2, 3, 4, 5, 6, 7, 8, 9]], [[2], [1, 2, 3, 4, 5, 6, 7, 8, 9], [1, 2, 3, 4, 5, 6, 7, 8, 9], [1, 2, 3, 4, 5, 6, 7, 8, 9], [1, 2, 3, 4, 5, 6, 7, 8, 9], [1, 2, 3, 4, 5, 6, 7, 8, 9], [1, 2, 3, 4, 5, 6, 7, 8, 9], [3], [1, 2, 3, 4, 5, 6, 7, 8, 9]], [[1, 2, 3, 4, 5, 6, 7, 8, 9], [1, 2, 3, 4, 5, 6, 7, 8, 9], [1, 2, 3, 4, 5, 6, 7, 8, 9], [1, 2, 3, 4, 5, 6, 7, 8, 9], [9], [1, 2, 3, 4, 5, 6, 7, 8, 9], [1, 2, 3, 4, 5, 6, 7, 8, 9], [4], [7]]]]
INFO:root:6340:Doing checkSmall1
INFO:root:6340:Getting tiny MUSes, distance 1, for 702 puzlits, 1 repeats
INFO:root:6398:Chunked 702 in [44, 44, 44, 44, 44, 44, 44, 44, 44, 44, 44, 44, 44, 44, 43, 43]
INFO:root:6515:XX found first (3, 3) is not 5 1
INFO:root:6515:XX found first (3, 6) is not 3 1
INFO:root:6515:XX found first (9, 6) is not 7 1
INFO:root:6515:XX found first (3, 3) is not 7 1
INFO:root:6515:XX found first (6, 8) is not 1 1
INFO:root:6515:XX found first (1, 7) is not 2 1
INFO:root:6515:XX found first (3, 6) is not 2 1
INFO:root:6515:XX found first (1, 7) is not 3 1
INFO:root:6515:XX found first (7, 8) is not 8 1
INFO:root:6515:XX found first (6, 7) is not 8 1
INFO:root:6515:XX found first (8, 4) is not 9 1
INFO:root:6515:XX found first (3, 8) is not 7 1
INFO:root:6515:XX found first (6, 7) is not 1 1
INFO:root:6516:XX found first (6, 5) is not 7 1
INFO:root:6516:XX found first (6, 5) is not 9 1
INFO:root:6516:XX found first (8, 1) is not 1 1
INFO:root:6516:XX found first (1, 7) is not 8 1
INFO:root:6516:XX found first (6, 1) is not 7 1
INFO:root:6516:XX found first (4, 1) is not 8 1
INFO:root:6516:XX found first (6, 2) is not 4 1
INFO:root:6516:XX found first (6, 9) is not 5 1
INFO:root:6516:XX found first (6, 3) is not 5 1
INFO:root:6516:XX found first (8, 6) is not 5 1
INFO:root:6516:XX found first (4, 2) is not 6 1
INFO:root:6516:XX found first (2, 4) is not 8 1
INFO:root:6516:XX found first (3, 7) is not 9 1
INFO:root:6516:XX found first (8, 8) is not 7 1
INFO:root:6516:XX found first (2, 7) is not 2 1
INFO:root:6516:XX found first (9, 9) is not 5 1
INFO:root:6516:XX found first (2, 4) is not 3 1
INFO:root:6516:XX found first (3, 1) is not 9 1
INFO:root:6516:XX found first (7, 4) is not 2 1
INFO:root:6516:XX found first (6, 6) is not 8 1
INFO:root:6516:XX found first (1, 9) is not 3 1
INFO:root:6516:XX found first (8, 3) is not 3 1
INFO:root:6516:XX found first (9, 6) is not 8 1
INFO:root:6516:XX found first (7, 9) is not 7 1
INFO:root:6517:XX found first (6, 7) is not 6 1
INFO:root:6517:XX found first (2, 9) is not 4 1
INFO:root:6517:XX found first (4, 2) is not 8 1
INFO:root:6517:XX found first (4, 8) is not 4 1
INFO:root:6517:XX found first (5, 8) is not 8 1
INFO:root:6517:XX found first (5, 6) is not 8 1
INFO:root:6517:XX found first (4, 4) is not 1 1
INFO:root:6517:XX found first (9, 9) is not 9 1
INFO:root:6517:XX found first (7, 9) is not 3 1
INFO:root:6517:XX found first (9, 2) is not 9 1
INFO:root:6517:XX found first (6, 1) is not 8 1
INFO:root:6517:XX found first (9, 6) is not 4 1
INFO:root:6517:XX found first (3, 4) is not 7 1
INFO:root:6517:XX found first (7, 5) is not 1 1
INFO:root:6517:XX found first (5, 7) is not 8 1
INFO:root:6517:XX found first (7, 5) is not 2 1
INFO:root:6517:XX found first (2, 9) is not 9 1
INFO:root:6517:XX found first (3, 9) is not 1 1
INFO:root:6517:XX found first (6, 5) is not 5 1
INFO:root:6517:XX found first (2, 5) is not 2 1
INFO:root:6517:XX found first (9, 8) is not 2 1
INFO:root:6518:XX found first (5, 5) is not 6 1
INFO:root:6518:XX found first (9, 9) is not 4 1
INFO:root:6518:XX found first (5, 8) is not 9 1
INFO:root:6518:XX found first (6, 8) is not 9 1
INFO:root:6518:XX found first (7, 5) is not 8 1
INFO:root:6518:XX found first (3, 6) is not 4 1
INFO:root:6518:XX found first (5, 5) is not 9 1
INFO:root:6518:XX found first (7, 3) is not 9 1
INFO:root:6518:XX found first (8, 9) is not 7 1
INFO:root:6518:XX found first (8, 8) is not 8 1
INFO:root:6518:XX found first (6, 4) is not 3 1
INFO:root:6518:XX found first (8, 8) is not 6 1
INFO:root:6518:XX found first (5, 5) is not 5 1
INFO:root:6518:XX found first (3, 7) is not 3 1
INFO:root:6518:XX found first (4, 8) is not 6 1
INFO:root:6518:XX found first (6, 8) is not 3 1
INFO:root:6518:XX found first (5, 6) is not 1 1
INFO:root:6518:XX found first (3, 5) is not 2 1
INFO:root:6518:XX found first (6, 6) is not 3 1
INFO:root:6518:XX found first (5, 4) is not 8 1
INFO:root:6518:XX found first (4, 6) is not 8 1
INFO:root:6518:XX found first (5, 2) is not 6 1
INFO:root:6518:XX found first (9, 1) is not 4 1
INFO:root:6518:XX found first (8, 1) is not 5 1
INFO:root:6518:XX found first (3, 6) is not 5 1
INFO:root:6519:XX found first (9, 7) is not 3 1
INFO:root:6519:XX found first (8, 8) is not 1 1
INFO:root:6519:XX found first (2, 6) is not 1 1
INFO:root:6519:XX found first (4, 8) is not 7 1
INFO:root:6519:XX found first (9, 7) is not 1 1
INFO:root:6519:XX found first (4, 1) is not 1 1
INFO:root:6519:XX found first (9, 3) is not 7 1
INFO:root:6519:XX found first (3, 9) is not 7 1
INFO:root:6519:XX found first (8, 8) is not 5 1
INFO:root:6519:XX found first (5, 3) is not 9 1
INFO:root:6519:XX found first (1, 9) is not 2 1
INFO:root:6519:XX found first (5, 6) is not 2 1
INFO:root:6519:XX found first (1, 8) is not 7 1
INFO:root:6519:XX found first (5, 9) is not 3 1
INFO:root:6519:XX found first (6, 4) is not 6 1
INFO:root:6519:XX found first (6, 3) is not 6 1
INFO:root:6519:XX found first (7, 7) is not 7 1
INFO:root:6519:XX found first (3, 2) is not 4 1
INFO:root:6519:XX found first (8, 7) is not 2 1
INFO:root:6519:XX found first (8, 7) is not 8 1
INFO:root:6519:XX found first (1, 2) is not 2 1
INFO:root:6519:XX found first (2, 8) is not 7 1
INFO:root:6519:XX found first (2, 1) is not 3 1
INFO:root:6520:XX found first (8, 5) is not 9 1
INFO:root:6520:XX found first (4, 8) is not 2 1
INFO:root:6520:XX found first (7, 7) is not 2 1
INFO:root:6520:XX found first (9, 7) is not 4 1
INFO:root:6520:XX found first (1, 2) is not 8 1
INFO:root:6520:XX found first (8, 1) is not 4 1
INFO:root:6520:XX found first (8, 1) is not 3 1
INFO:root:6520:XX found first (6, 9) is not 2 1
INFO:root:6520:XX found first (3, 6) is not 9 1
INFO:root:6520:XX found first (7, 9) is not 5 1
INFO:root:6520:XX found first (2, 2) is not 9 1
INFO:root:6520:XX found first (9, 8) is not 5 1
INFO:root:6520:XX found first (6, 9) is not 8 1
INFO:root:6520:XX found first (9, 5) is not 6 1
INFO:root:6520:XX found first (8, 2) is not 9 1
INFO:root:6520:XX found first (7, 9) is not 8 1
INFO:root:6520:XX found first (5, 5) is not 2 1
INFO:root:6520:XX found first (4, 5) is not 9 1
INFO:root:6520:XX found first (8, 1) is not 6 1
INFO:root:6520:XX found first (3, 5) is not 1 1
INFO:root:6520:XX found first (7, 6) is not 2 1
INFO:root:6520:XX found first (2, 7) is not 8 1
INFO:root:6520:XX found first (1, 9) is not 8 1
INFO:root:6520:XX found first (4, 1) is not 5 1
INFO:root:6521:XX found first (5, 4) is not 2 1
INFO:root:6521:XX found first (5, 2) is not 7 1
INFO:root:6521:XX found first (4, 7) is not 3 1
INFO:root:6521:XX found first (8, 2) is not 2 1
INFO:root:6521:XX found first (7, 4) is not 3 1
INFO:root:6521:XX found first (4, 1) is not 4 1
INFO:root:6521:XX found first (8, 8) is not 4 1
INFO:root:6521:XX found first (1, 1) is not 7 1
INFO:root:6521:XX found first (6, 5) is not 2 1
INFO:root:6521:XX found first (1, 2) is not 6 1
INFO:root:6521:XX found first (8, 5) is not 6 1
INFO:root:6521:XX found first (1, 5) is not 3 1
INFO:root:6521:XX found first (2, 4) is not 2 1
INFO:root:6521:XX found first (8, 5) is not 2 1
INFO:root:6521:XX found first (7, 5) is not 5 1
INFO:root:6521:XX found first (2, 3) is not 5 1
INFO:root:6521:XX found first (4, 5) is not 5 1
INFO:root:6521:XX found first (9, 5) is not 8 1
INFO:root:6521:XX found first (4, 1) is not 2 1
INFO:root:6521:XX found first (9, 1) is not 7 1
INFO:root:6521:XX found first (5, 7) is not 2 1
INFO:root:6521:XX found first (9, 9) is not 6 1
INFO:root:6521:XX found first (6, 5) is not 4 1
INFO:root:6521:XX found first (1, 5) is not 1 1
INFO:root:6522:XX found first (1, 3) is not 3 1
INFO:root:6522:XX found first (5, 3) is not 3 1
INFO:root:6522:XX found first (5, 1) is not 3 1
INFO:root:6522:XX found first (3, 4) is not 8 1
INFO:root:6522:XX found first (3, 3) is not 6 1
INFO:root:6522:XX found first (5, 5) is not 3 1
INFO:root:6522:XX found first (2, 5) is not 9 1
INFO:root:6522:XX found first (4, 7) is not 8 1
INFO:root:6522:XX found first (7, 4) is not 5 1
INFO:root:6522:XX found first (5, 4) is not 1 1
INFO:root:6522:XX found first (2, 9) is not 6 1
INFO:root:6522:XX found first (7, 8) is not 5 1
INFO:root:6522:XX found first (1, 4) is not 1 1
INFO:root:6522:XX found first (7, 1) is not 6 1
INFO:root:6522:XX found first (1, 8) is not 3 1
INFO:root:6522:XX found first (9, 5) is not 5 1
INFO:root:6522:XX found first (7, 8) is not 6 1
INFO:root:6522:XX found first (9, 2) is not 2 1
INFO:root:6522:XX found first (7, 4) is not 7 1
INFO:root:6522:XX found first (8, 9) is not 3 1
INFO:root:6522:XX found first (7, 6) is not 9 1
INFO:root:6522:XX found first (4, 9) is not 8 1
INFO:root:6523:XX found first (4, 3) is not 9 1
INFO:root:6523:XX found first (4, 2) is not 5 1
INFO:root:6523:XX found first (9, 8) is not 3 1
INFO:root:6523:XX found first (5, 5) is not 7 1
INFO:root:6523:XX found first (4, 7) is not 7 1
INFO:root:6523:XX found first (6, 4) is not 8 1
INFO:root:6523:XX found first (7, 2) is not 8 1
INFO:root:6523:XX found first (7, 6) is not 6 1
INFO:root:6523:XX found first (6, 1) is not 3 1
INFO:root:6523:XX found first (9, 4) is not 1 1
INFO:root:6523:XX found first (6, 3) is not 9 1
INFO:root:6523:XX found first (9, 3) is not 9 1
INFO:root:6523:XX found first (3, 2) is not 8 1
INFO:root:6523:XX found first (4, 4) is not 4 1
INFO:root:6523:XX found first (5, 4) is not 6 1
INFO:root:6523:XX found first (3, 4) is not 9 1
INFO:root:6523:XX found first (6, 6) is not 1 1
INFO:root:6523:XX found first (7, 2) is not 6 1
INFO:root:6523:XX found first (6, 9) is not 6 1
INFO:root:6523:XX found first (7, 7) is not 9 1
INFO:root:6523:XX found first (8, 3) is not 2 1
INFO:root:6523:XX found first (9, 4) is not 6 1
INFO:root:6523:XX found first (9, 8) is not 1 1
INFO:root:6523:XX found first (2, 6) is not 5 1
INFO:root:6524:XX found first (7, 3) is not 3 1
INFO:root:6524:XX found first (3, 4) is not 2 1
INFO:root:6524:XX found first (3, 8) is not 3 1
INFO:root:6524:XX found first (1, 2) is not 7 1
INFO:root:6524:XX found first (1, 5) is not 7 1
INFO:root:6524:XX found first (7, 6) is not 1 1
INFO:root:6524:XX found first (7, 5) is not 9 1
INFO:root:6524:XX found first (2, 4) is not 6 1
INFO:root:6524:XX found first (2, 9) is not 7 1
INFO:root:6524:XX found first (2, 3) is not 3 1
INFO:root:6524:XX found first (3, 6) is not 6 1
INFO:root:6524:XX found first (8, 7) is not 1 1
INFO:root:6524:XX found first (1, 4) is not 5 1
INFO:root:6524:XX found first (8, 8) is not 9 1
INFO:root:6524:XX found first (1, 9) is not 5 1
INFO:root:6524:XX found first (7, 8) is not 3 1
INFO:root:6524:XX found first (1, 2) is not 4 1
INFO:root:6524:XX found first (7, 6) is not 8 1
INFO:root:6524:XX found first (2, 8) is not 5 1
INFO:root:6524:XX found first (6, 3) is not 1 1
INFO:root:6524:XX found first (9, 1) is not 8 1
INFO:root:6524:XX found first (6, 6) is not 5 1
INFO:root:6524:XX found first (4, 2) is not 9 1
INFO:root:6525:XX found first (9, 7) is not 7 1
INFO:root:6525:XX found first (6, 2) is not 5 1
INFO:root:6525:XX found first (7, 7) is not 5 1
INFO:root:6525:XX found first (8, 4) is not 5 1
INFO:root:6525:XX found first (9, 8) is not 6 1
INFO:root:6525:XX found first (4, 5) is not 7 1
INFO:root:6525:XX found first (5, 8) is not 7 1
INFO:root:6525:XX found first (2, 3) is not 8 1
INFO:root:6525:XX found first (3, 8) is not 9 1
INFO:root:6525:XX found first (7, 3) is not 8 1
INFO:root:6525:XX found first (1, 3) is not 5 1
INFO:root:6525:XX found first (8, 6) is not 3 1
INFO:root:6525:XX found first (9, 2) is not 4 1
INFO:root:6525:XX found first (1, 6) is not 1 1
INFO:root:6525:XX found first (6, 6) is not 6 1
INFO:root:6525:XX found first (5, 4) is not 9 1
INFO:root:6525:XX found first (5, 9) is not 2 1
INFO:root:6525:XX found first (9, 5) is not 2 1
INFO:root:6525:XX found first (3, 4) is not 4 1
INFO:root:6525:XX found first (4, 5) is not 3 1
INFO:root:6525:XX found first (2, 6) is not 2 1
INFO:root:6525:XX found first (9, 5) is not 4 1
INFO:root:6525:XX found first (1, 5) is not 6 1
INFO:root:6525:XX found first (7, 9) is not 6 1
INFO:root:6526:XX found first (7, 8) is not 2 1
INFO:root:6526:XX found first (8, 4) is not 6 1
INFO:root:6526:XX found first (4, 4) is not 5 1
INFO:root:6526:XX found first (1, 7) is not 1 1
INFO:root:6526:XX found first (5, 3) is not 8 1
INFO:root:6526:XX found first (7, 3) is not 5 1
INFO:root:6526:XX found first (4, 3) is not 3 1
INFO:root:6526:XX found first (2, 7) is not 3 1
INFO:root:6526:XX found first (8, 6) is not 9 1
INFO:root:6526:XX found first (2, 5) is not 3 1
INFO:root:6526:XX found first (2, 1) is not 5 1
INFO:root:6526:XX found first (2, 2) is not 1 1
INFO:root:6526:XX found first (8, 7) is not 3 1
INFO:root:6526:XX found first (2, 5) is not 1 1
INFO:root:6526:XX found first (6, 8) is not 2 1
INFO:root:6526:XX found first (7, 6) is not 7 1
INFO:root:6526:XX found first (6, 9) is not 1 1
INFO:root:6526:XX found first (9, 4) is not 9 1
INFO:root:6526:XX found first (6, 7) is not 2 1
INFO:root:6526:XX found first (1, 8) is not 5 1
INFO:root:6526:XX found first (1, 1) is not 9 1
INFO:root:6526:XX found first (4, 8) is not 3 1
INFO:root:6526:XX found first (6, 2) is not 1 1
INFO:root:6526:XX found first (2, 6) is not 3 1
INFO:root:6527:XX found first (5, 8) is not 4 1
INFO:root:6527:XX found first (3, 2) is not 2 1
INFO:root:6527:XX found first (3, 5) is not 9 1
INFO:root:6527:XX found first (4, 3) is not 4 1
INFO:root:6527:XX found first (2, 8) is not 3 1
INFO:root:6527:XX found first (3, 8) is not 5 1
INFO:root:6527:XX found first (2, 1) is not 2 1
INFO:root:6527:XX found first (6, 2) is not 3 1
INFO:root:6527:XX found first (3, 4) is not 6 1
INFO:root:6527:XX found first (5, 1) is not 9 1
INFO:root:6527:XX found first (1, 1) is not 4 1
INFO:root:6527:XX found first (5, 7) is not 9 1
INFO:root:6527:XX found first (5, 7) is not 5 1
INFO:root:6527:XX found first (7, 1) is not 5 1
INFO:root:6527:XX found first (4, 3) is not 8 1
INFO:root:6527:XX found first (4, 3) is not 5 1
INFO:root:6527:XX found first (2, 1) is not 9 1
INFO:root:6527:XX found first (5, 3) is not 4 1
INFO:root:6527:XX found first (2, 9) is not 2 1
INFO:root:6527:XX found first (1, 1) is not 5 1
INFO:root:6527:XX found first (3, 7) is not 8 1
INFO:root:6527:XX found first (6, 3) is not 2 1
INFO:root:6527:XX found first (5, 7) is not 1 1
INFO:root:6527:XX found first (3, 3) is not 2 1
INFO:root:6528:XX found first (4, 7) is not 5 1
INFO:root:6528:XX found first (9, 9) is not 2 1
INFO:root:6528:XX found first (2, 3) is not 9 1
INFO:root:6528:XX found first (9, 9) is not 3 1
INFO:root:6528:XX found first (5, 2) is not 1 1
INFO:root:6528:XX found first (9, 2) is not 8 1
INFO:root:6528:XX found first (7, 7) is not 3 1
INFO:root:6528:XX found first (3, 3) is not 8 1
INFO:root:6528:XX found first (3, 1) is not 5 1
INFO:root:6528:XX found first (2, 2) is not 8 1
INFO:root:6528:XX found first (4, 5) is not 6 1
INFO:root:6528:XX found first (8, 1) is not 9 1
INFO:root:6528:XX found first (6, 1) is not 6 1
INFO:root:6528:XX found first (5, 6) is not 5 1
INFO:root:6528:XX found first (8, 2) is not 4 1
INFO:root:6528:XX found first (4, 2) is not 2 1
INFO:root:6528:XX found first (1, 3) is not 9 1
INFO:root:6528:XX found first (8, 6) is not 8 1
INFO:root:6528:XX found first (5, 9) is not 5 1
INFO:root:6528:XX found first (4, 4) is not 6 1
INFO:root:6528:XX found first (6, 7) is not 5 1
INFO:root:6528:XX found first (2, 5) is not 6 1
INFO:root:6528:XX found first (4, 4) is not 8 1
INFO:root:6529:XX found first (1, 8) is not 2 1
INFO:root:6529:XX found first (3, 9) is not 9 1
INFO:root:6529:XX found first (5, 2) is not 3 1
INFO:root:6529:XX found first (5, 9) is not 1 1
INFO:root:6529:XX found first (6, 5) is not 3 1
INFO:root:6529:XX found first (2, 2) is not 7 1
INFO:root:6529:XX found first (4, 7) is not 2 1
INFO:root:6529:XX found first (7, 2) is not 9 1
INFO:root:6529:XX found first (4, 1) is not 9 1
INFO:root:6529:XX found first (9, 1) is not 9 1
INFO:root:6529:XX found first (8, 1) is not 7 1
INFO:root:6529:XX found first (6, 7) is not 7 1
INFO:root:6529:XX found first (5, 7) is not 7 1
INFO:root:6529:XX found first (9, 7) is not 9 1
INFO:root:6529:XX found first (6, 9) is not 7 1
INFO:root:6529:XX found first (7, 5) is not 6 1
INFO:root:6529:XX found first (3, 8) is not 1 1
INFO:root:6529:XX found first (9, 8) is not 7 1
INFO:root:6529:XX found first (8, 7) is not 7 1
INFO:root:6529:XX found first (3, 6) is not 1 1
INFO:root:6529:XX found first (7, 2) is not 4 1
INFO:root:6529:XX found first (1, 5) is not 5 1
INFO:root:6529:XX found first (5, 2) is not 5 1
INFO:root:6529:XX found first (2, 9) is not 1 1
INFO:root:6530:XX found first (3, 8) is not 2 1
INFO:root:6530:XX found first (1, 2) is not 9 1
INFO:root:6530:XX found first (4, 7) is not 4 1
INFO:root:6530:XX found first (5, 8) is not 3 1
INFO:root:6530:XX found first (6, 3) is not 4 1
INFO:root:6530:XX found first (8, 6) is not 2 1
INFO:root:6530:XX found first (6, 3) is not 7 1
INFO:root:6530:XX found first (5, 2) is not 8 1
INFO:root:6530:XX found first (6, 8) is not 4 1
INFO:root:6530:XX found first (9, 4) is not 5 1
INFO:root:6530:XX found first (4, 7) is not 9 1
INFO:root:6530:XX found first (6, 8) is not 6 1
INFO:root:6530:XX found first (5, 8) is not 5 1
INFO:root:6530:XX found first (6, 4) is not 7 1
INFO:root:6530:XX found first (2, 3) is not 2 1
INFO:root:6530:XX found first (4, 8) is not 1 1
INFO:root:6530:XX found first (2, 9) is not 8 1
INFO:root:6530:XX found first (3, 1) is not 2 1
INFO:root:6530:XX found first (6, 1) is not 4 1
INFO:root:6530:XX found first (1, 6) is not 5 1
INFO:root:6530:XX found first (8, 2) is not 3 1
INFO:root:6530:XX found first (8, 5) is not 1 1
INFO:root:6530:XX found first (7, 4) is not 8 1
INFO:root:6530:XX found first (6, 6) is not 7 1
INFO:root:6531:XX found first (8, 3) is not 9 1
INFO:root:6531:XX found first (1, 3) is not 8 1
INFO:root:6531:XX found first (8, 5) is not 8 1
INFO:root:6531:XX found first (4, 8) is not 8 1
INFO:root:6531:XX found first (4, 9) is not 2 1
INFO:root:6531:XX found first (9, 4) is not 7 1
INFO:root:6531:XX found first (5, 9) is not 7 1
INFO:root:6531:XX found first (2, 2) is not 3 1
INFO:root:6531:XX found first (3, 7) is not 1 1
INFO:root:6531:XX found first (7, 6) is not 3 1
INFO:root:6531:XX found first (3, 5) is not 6 1
INFO:root:6531:XX found first (6, 3) is not 8 1
INFO:root:6531:XX found first (1, 1) is not 1 1
INFO:root:6531:XX found first (9, 6) is not 9 1
INFO:root:6531:XX found first (1, 2) is not 3 1
INFO:root:6531:XX found first (9, 5) is not 7 1
INFO:root:6531:XX found first (6, 4) is not 1 1
INFO:root:6531:XX found first (8, 2) is not 8 1
INFO:root:6531:XX found first (4, 9) is not 4 1
INFO:root:6531:XX found first (6, 5) is not 1 1
INFO:root:6531:XX found first (4, 3) is not 1 1
INFO:root:6531:XX found first (9, 6) is not 5 1
INFO:root:6531:XX found first (8, 4) is not 3 1
INFO:root:6532:XX found first (3, 5) is not 8 1
INFO:root:6532:XX found first (3, 2) is not 9 1
INFO:root:6532:XX found first (9, 8) is not 9 1
INFO:root:6532:XX found first (7, 8) is not 7 1
INFO:root:6532:XX found first (3, 1) is not 8 1
INFO:root:6532:XX found first (5, 1) is not 8 1
INFO:root:6532:XX found first (5, 5) is not 8 1
INFO:root:6532:XX found first (9, 5) is not 3 1
INFO:root:6532:XX found first (9, 9) is not 1 1
INFO:root:6532:XX found first (5, 3) is not 2 1
INFO:root:6532:XX found first (7, 4) is not 9 1
INFO:root:6532:XX found first (4, 9) is not 5 1
INFO:root:6532:XX found first (9, 5) is not 1 1
INFO:root:6532:XX found first (3, 3) is not 1 1
INFO:root:6532:XX found first (6, 2) is not 2 1
INFO:root:6532:XX found first (2, 9) is not 5 1
INFO:root:6532:XX found first (8, 6) is not 6 1
INFO:root:6532:XX found first (7, 4) is not 1 1
INFO:root:6532:XX found first (1, 9) is not 7 1
INFO:root:6532:XX found first (5, 6) is not 6 1
INFO:root:6532:XX found first (9, 2) is not 7 1
INFO:root:6532:XX found first (5, 5) is not 4 1
INFO:root:6532:XX found first (9, 1) is not 2 1
INFO:root:6532:XX found first (5, 1) is not 1 1
INFO:root:6533:XX found first (8, 5) is not 3 1
INFO:root:6533:XX found first (2, 4) is not 1 1
INFO:root:6533:XX found first (2, 1) is not 8 1
INFO:root:6533:XX found first (5, 8) is not 1 1
INFO:root:6533:XX found first (7, 4) is not 4 1
INFO:root:6533:XX found first (6, 2) is not 7 1
INFO:root:6533:XX found first (4, 8) is not 9 1
INFO:root:6533:XX found first (5, 3) is not 1 1
INFO:root:6533:XX found first (1, 8) is not 8 1
INFO:root:6533:XX found first (4, 5) is not 1 1
INFO:root:6533:XX found first (6, 7) is not 3 1
INFO:root:6533:XX found first (1, 1) is not 2 1
INFO:root:6533:XX found first (9, 8) is not 8 1
INFO:root:6533:XX found first (4, 6) is not 5 1
INFO:root:6533:XX found first (3, 9) is not 8 1
INFO:root:6533:XX found first (4, 2) is not 7 1
INFO:root:6533:XX found first (3, 2) is not 5 1
INFO:root:6533:XX found first (6, 8) is not 8 1
INFO:root:6533:XX found first (7, 8) is not 4 1
INFO:root:6533:XX found first (2, 2) is not 5 1
INFO:root:6533:XX found first (8, 4) is not 1 1
INFO:root:6533:XX found first (1, 7) is not 5 1
INFO:root:6533:XX found first (8, 8) is not 2 1
INFO:root:6533:XX found first (4, 9) is not 7 1
INFO:root:6534:XX found first (9, 3) is not 3 1
INFO:root:6534:XX found first (7, 2) is not 5 1
INFO:root:6534:XX found first (2, 5) is not 8 1
INFO:root:6534:XX found first (3, 8) is not 4 1
INFO:root:6534:XX found first (9, 4) is not 4 1
INFO:root:6534:XX found first (3, 1) is not 1 1
INFO:root:6534:XX found first (1, 1) is not 6 1
INFO:root:6534:XX found first (5, 6) is not 9 1
INFO:root:6534:XX found first (4, 6) is not 4 1
INFO:root:6534:XX found first (6, 2) is not 6 1
INFO:root:6534:XX found first (7, 3) is not 2 1
INFO:root:6534:XX found first (9, 3) is not 4 1
INFO:root:6534:XX found first (5, 2) is not 2 1
INFO:root:6534:XX found first (3, 4) is not 5 1
INFO:root:6534:XX found first (4, 2) is not 1 1
INFO:root:6534:XX found first (6, 8) is not 5 1
INFO:root:6534:XX found first (7, 3) is not 6 1
INFO:root:6534:XX found first (6, 1) is not 9 1
INFO:root:6534:XX found first (2, 2) is not 4 1
INFO:root:6534:XX found first (9, 2) is not 5 1
INFO:root:6534:XX found first (3, 6) is not 7 1
INFO:root:6534:XX found first (4, 2) is not 3 1
INFO:root:6534:XX found first (8, 9) is not 4 1
INFO:root:6534:XX found first (9, 9) is not 8 1
INFO:root:6535:XX found first (1, 5) is not 8 1
INFO:root:6535:XX found first (3, 8) is not 8 1
INFO:root:6535:XX found first (2, 6) is not 8 1
INFO:root:6535:XX found first (3, 3) is not 4 1
INFO:root:6535:XX found first (3, 4) is not 3 1
INFO:root:6535:XX found first (7, 7) is not 4 1
INFO:root:6535:XX found first (4, 7) is not 6 1
INFO:root:6535:XX found first (1, 6) is not 2 1
INFO:root:6535:XX found first (6, 5) is not 8 1
INFO:root:6535:XX found first (8, 2) is not 5 1
INFO:root:6535:XX found first (4, 9) is not 1 1
INFO:root:6535:XX found first (5, 1) is not 4 1
INFO:root:6535:XX found first (2, 7) is not 1 1
INFO:root:6535:XX found first (8, 7) is not 4 1
INFO:root:6535:XX found first (7, 7) is not 6 1
INFO:root:6535:XX found first (8, 9) is not 2 1
INFO:root:6535:XX found first (6, 1) is not 2 1
INFO:root:6535:XX found first (2, 8) is not 2 1
INFO:root:6535:XX found first (7, 9) is not 4 1
INFO:root:6535:XX found first (7, 2) is not 2 1
INFO:root:6535:XX found first (1, 5) is not 4 1
INFO:root:6535:XX found first (3, 9) is not 3 1
INFO:root:6535:XX found first (7, 1) is not 8 1
INFO:root:6535:XX found first (4, 5) is not 2 1
INFO:root:6536:XX found first (6, 9) is not 3 1
INFO:root:6536:XX found first (8, 5) is not 5 1
INFO:root:6536:XX found first (3, 3) is not 3 1
INFO:root:6536:XX found first (4, 9) is not 3 1
INFO:root:6536:XX found first (7, 6) is not 4 1
INFO:root:6536:XX found first (8, 9) is not 8 1
INFO:root:6536:XX found first (2, 2) is not 6 1
INFO:root:6536:XX found first (1, 4) is not 2 1
INFO:root:6536:XX found first (1, 8) is not 4 1
INFO:root:6536:XX found first (1, 2) is not 1 1
INFO:root:6536:XX found first (9, 6) is not 6 1
INFO:root:6536:XX found first (8, 4) is not 2 1
INFO:root:6536:XX found first (1, 6) is not 8 1
INFO:root:6536:XX found first (4, 6) is not 6 1
INFO:root:6536:XX found first (5, 8) is not 6 1
INFO:root:6536:XX found first (1, 1) is not 3 1
INFO:root:6536:XX found first (9, 7) is not 8 1
INFO:root:6536:XX found first (5, 9) is not 9 1
INFO:root:6536:XX found first (1, 4) is not 8 1
INFO:root:6536:XX found first (4, 1) is not 3 1
INFO:root:6536:XX found first (4, 5) is not 4 1
INFO:root:6536:XX found first (1, 4) is not 6 1
INFO:root:6536:XX found first (3, 2) is not 1 1
INFO:root:6536:XX found first (9, 3) is not 2 1
INFO:root:6537:XX found first (1, 5) is not 9 1
INFO:root:6537:XX found first (1, 3) is not 2 1
INFO:root:6537:XX found first (7, 7) is not 1 1
INFO:root:6537:XX found first (7, 1) is not 2 1
INFO:root:6537:XX found first (8, 1) is not 8 1
INFO:root:6537:XX found first (5, 2) is not 4 1
INFO:root:6537:XX found first (4, 6) is not 1 1
INFO:root:6537:XX found first (5, 1) is not 2 1
INFO:root:6537:XX found first (6, 2) is not 9 1
INFO:root:6537:XX found first (2, 8) is not 4 1
INFO:root:6549:Early exit from checkSmall1
INFO:root:6610:Starting Step 2
INFO:root:7086:Current state [[[[8], [5], [1, 4, 6, 7], [3, 4, 7, 9], [2], [3, 4, 6, 7, 9], [4, 6, 7, 9], [1, 6, 9], [1, 4, 6, 9]], [[1, 4, 6, 7], [2], [1, 4, 6, 7], [4, 5, 7, 9], [4, 5, 7], [4, 6, 7, 9], [4, 5, 6, 7, 9], [1, 6, 8, 9], [3]], [[3, 4, 6, 7], [3, 6, 7], [9], [1], [3, 4, 5, 7], [8], [2, 4, 5, 6, 7], [6], [2, 4, 5, 6]], [[6, 7], [4], [2, 6, 7], [2, 3, 7, 9], [8], [2, 3, 7, 9], [1], [5], [6, 9]], [[5, 6, 7], [9], [5, 6, 7], [3, 4, 5, 7], [1], [3, 4, 7], [3, 4, 6], [2], [4, 6, 8]], [[1, 5], [8], [3], [2, 4, 5, 9], [6], [2, 4, 9], [4, 9], [7], [4, 9]], [[1, 3, 4, 7, 9], [1, 3, 7], [1, 4, 7], [6], [3, 4, 7], [5], [8], [1, 9], [1, 2, 9]], [[2], [1, 6, 7], [1, 4, 5, 6, 7, 8], [4, 7, 8], [4, 7], [1, 4, 7], [5, 6, 9], [3], [1, 5, 6, 9]], [[1, 3, 5, 6], [1, 3, 6], [1, 5, 6, 8], [2, 3, 8], [9], [1, 2, 3], [2, 5, 6], [4], [7]]]]
INFO:root:7086:Doing checkSmall1
INFO:root:7086:Getting tiny MUSes, distance 1, for 183 puzlits, 1 repeats
INFO:root:7123:Chunked 183 in [12, 12, 12, 12, 12, 12, 12, 11, 11, 11, 11, 11, 11, 11, 11, 11]
INFO:root:7164:XX found first (2, 8) is 8 1
INFO:root:7164:XX found first (5, 7) is 3 1
INFO:root:7164:XX found first (4, 3) is 2 1
INFO:root:7164:XX found first (7, 1) is 9 1
INFO:root:7165:XX found first (6, 1) is 1 1
INFO:root:7165:XX found first (7, 9) is 2 1
INFO:root:7165:XX found first (5, 9) is 8 1
INFO:root:7165:XX found first (3, 8) is 6 1
INFO:root:7176:Early exit from checkSmall1
INFO:root:7203:Starting Step 3
INFO:root:7684:Current state [[[[8], [5], [1, 4, 6, 7], [3, 4, 7, 9], [2], [3, 4, 6, 7, 9], [4, 6, 7, 9], [1, 6, 9], [1, 4, 6, 9]], [[1, 4, 6, 7], [2], [1, 4, 6, 7], [4, 5, 7, 9], [4, 5, 7], [4, 6, 7, 9], [4, 5, 6, 7, 9], [8], [3]], [[3, 4, 6, 7], [3, 6, 7], [9], [1], [3, 4, 5, 7], [8], [2, 4, 5, 6, 7], [6], [2, 4, 5, 6]], [[6, 7], [4], [2], [2, 3, 7, 9], [8], [2, 3, 7, 9], [1], [5], [6, 9]], [[5, 6, 7], [9], [5, 6, 7], [3, 4, 5, 7], [1], [3, 4, 7], [3], [2], [8]], [[1], [8], [3], [2, 4, 5, 9], [6], [2, 4, 9], [4, 9], [7], [4, 9]], [[9], [1, 3, 7], [1, 4, 7], [6], [3, 4, 7], [5], [8], [1, 9], [2]], [[2], [1, 6, 7], [1, 4, 5, 6, 7, 8], [4, 7, 8], [4, 7], [1, 4, 7], [5, 6, 9], [3], [1, 5, 6, 9]], [[1, 3, 5, 6], [1, 3, 6], [1, 5, 6, 8], [2, 3, 8], [9], [1, 2, 3], [2, 5, 6], [4], [7]]]]
INFO:root:7684:Doing checkSmall1
INFO:root:7684:Getting tiny MUSes, distance 1, for 175 puzlits, 1 repeats
INFO:root:7719:Chunked 175 in [11, 11, 11, 11, 11, 11, 11, 11, 11, 11, 11, 11, 11, 11, 11, 10]
INFO:root:7755:XX found first (3, 7) is not 6 1
INFO:root:7755:XX found first (7, 9) is not 9 1
INFO:root:7755:XX found first (2, 8) is not 9 1
INFO:root:7755:XX found first (1, 7) is not 6 1
INFO:root:7755:XX found first (3, 9) is not 6 1
INFO:root:7755:XX found first (7, 8) is not 9 1
INFO:root:7755:XX found first (2, 7) is not 6 1
INFO:root:7755:XX found first (4, 3) is not 6 1
INFO:root:7756:XX found first (5, 4) is not 3 1
INFO:root:7756:XX found first (4, 6) is not 2 1
INFO:root:7756:XX found first (7, 1) is not 1 1
INFO:root:7756:XX found first (3, 9) is not 2 1
INFO:root:7756:XX found first (5, 9) is not 4 1
INFO:root:7756:XX found first (5, 9) is not 6 1
INFO:root:7756:XX found first (9, 7) is not 2 1
INFO:root:7756:XX found first (3, 2) is not 6 1
INFO:root:7756:XX found first (4, 3) is not 7 1
INFO:root:7756:XX found first (6, 1) is not 5 1
INFO:root:7756:XX found first (3, 1) is not 6 1
INFO:root:7756:XX found first (5, 7) is not 6 1
INFO:root:7756:XX found first (7, 1) is not 3 1
INFO:root:7756:XX found first (5, 6) is not 3 1
INFO:root:7756:XX found first (5, 7) is not 4 1
INFO:root:7756:XX found first (1, 9) is not 6 1
INFO:root:7756:XX found first (2, 8) is not 6 1
INFO:root:7756:XX found first (7, 9) is not 1 1
INFO:root:7756:XX found first (7, 1) is not 7 1
INFO:root:7756:XX found first (4, 4) is not 2 1
INFO:root:7756:XX found first (1, 8) is not 6 1
INFO:root:7756:XX found first (2, 1) is not 1 1
INFO:root:7756:XX found first (2, 8) is not 1 1
INFO:root:7756:XX found first (7, 1) is not 4 1
INFO:root:7757:XX found first (9, 1) is not 1 1
INFO:root:7769:Early exit from checkSmall1
INFO:root:7779:Starting Step 4
INFO:root:8280:Current state [[[[8], [5], [1, 4, 6, 7], [3, 4, 7, 9], [2], [3, 4, 6, 7, 9], [4, 7, 9], [1, 9], [1, 4, 9]], [[4, 6, 7], [2], [1, 4, 6, 7], [4, 5, 7, 9], [4, 5, 7], [4, 6, 7, 9], [4, 5, 7, 9], [8], [3]], [[3, 4, 7], [3, 7], [9], [1], [3, 4, 5, 7], [8], [2, 4, 5, 7], [6], [4, 5]], [[6, 7], [4], [2], [3, 7, 9], [8], [3, 7, 9], [1], [5], [6, 9]], [[5, 6, 7], [9], [5, 6, 7], [4, 5, 7], [1], [4, 7], [3], [2], [8]], [[1], [8], [3], [2, 4, 5, 9], [6], [2, 4, 9], [4, 9], [7], [4, 9]], [[9], [1, 3, 7], [1, 4, 7], [6], [3, 4, 7], [5], [8], [1], [2]], [[2], [1, 6, 7], [1, 4, 5, 6, 7, 8], [4, 7, 8], [4, 7], [1, 4, 7], [5, 6, 9], [3], [1, 5, 6, 9]], [[3, 5, 6], [1, 3, 6], [1, 5, 6, 8], [2, 3, 8], [9], [1, 2, 3], [5, 6], [4], [7]]]]
INFO:root:8280:Doing checkSmall1
INFO:root:8280:Getting tiny MUSes, distance 1, for 142 puzlits, 1 repeats
INFO:root:8315:Chunked 142 in [9, 9, 9, 9, 9, 9, 9, 9, 9, 9, 9, 9, 9, 9, 8, 8]
INFO:root:8349:XX found first (6, 4) is 5 1
INFO:root:8350:XX found first (1, 8) is 9 1
INFO:root:8350:XX found first (7, 8) is 1 1
INFO:root:8350:XX found first (3, 7) is 2 1
INFO:root:8350:XX found first (4, 9) is 6 1
INFO:root:8350:XX found first (2, 3) is 1 1
INFO:root:8362:Early exit from checkSmall1
INFO:root:8385:Starting Step 5
INFO:root:8892:Current state [[[[8], [5], [1, 4, 6, 7], [3, 4, 7, 9], [2], [3, 4, 6, 7, 9], [4, 7, 9], [9], [1, 4, 9]], [[4, 6, 7], [2], [1], [4, 5, 7, 9], [4, 5, 7], [4, 6, 7, 9], [4, 5, 7, 9], [8], [3]], [[3, 4, 7], [3, 7], [9], [1], [3, 4, 5, 7], [8], [2], [6], [4, 5]], [[6, 7], [4], [2], [3, 7, 9], [8], [3, 7, 9], [1], [5], [6]], [[5, 6, 7], [9], [5, 6, 7], [4, 5, 7], [1], [4, 7], [3], [2], [8]], [[1], [8], [3], [5], [6], [2, 4, 9], [4, 9], [7], [4, 9]], [[9], [1, 3, 7], [1, 4, 7], [6], [3, 4, 7], [5], [8], [1], [2]], [[2], [1, 6, 7], [1, 4, 5, 6, 7, 8], [4, 7, 8], [4, 7], [1, 4, 7], [5, 6, 9], [3], [1, 5, 6, 9]], [[3, 5, 6], [1, 3, 6], [1, 5, 6, 8], [2, 3, 8], [9], [1, 2, 3], [5, 6], [4], [7]]]]
INFO:root:8892:Doing checkSmall1
INFO:root:8892:Getting tiny MUSes, distance 1, for 136 puzlits, 1 repeats
INFO:root:8927:Chunked 136 in [9, 9, 9, 9, 9, 9, 9, 9, 8, 8, 8, 8, 8, 8, 8, 8]
INFO:root:8956:XX found first (4, 1) is not 6 1
INFO:root:8956:XX found first (6, 4) is not 9 1
INFO:root:8956:XX found first (2, 3) is not 7 1
INFO:root:8956:XX found first (2, 3) is not 4 1
INFO:root:8956:XX found first (5, 4) is not 5 1
INFO:root:8956:XX found first (2, 7) is not 9 1
INFO:root:8956:XX found first (8, 3) is not 1 1
INFO:root:8956:XX found first (8, 9) is not 6 1
INFO:root:8956:XX found first (3, 7) is not 4 1
INFO:root:8957:XX found first (1, 4) is not 9 1
INFO:root:8957:XX found first (2, 3) is not 6 1
INFO:root:8957:XX found first (7, 3) is not 1 1
INFO:root:8957:XX found first (1, 3) is not 1 1
INFO:root:8957:XX found first (6, 4) is not 4 1
INFO:root:8957:XX found first (8, 9) is not 1 1
INFO:root:8957:XX found first (1, 8) is not 1 1
INFO:root:8957:XX found first (1, 7) is not 9 1
INFO:root:8957:XX found first (9, 3) is not 1 1
INFO:root:8957:XX found first (7, 2) is not 1 1
INFO:root:8957:XX found first (1, 6) is not 9 1
INFO:root:8957:XX found first (1, 9) is not 9 1
INFO:root:8957:XX found first (6, 4) is not 2 1
INFO:root:8957:XX found first (2, 4) is not 5 1
INFO:root:8957:XX found first (4, 9) is not 9 1
INFO:root:8957:XX found first (3, 7) is not 7 1
INFO:root:8957:XX found first (3, 7) is not 5 1
INFO:root:8970:Early exit from checkSmall1
INFO:root:8980:Starting Step 6
INFO:root:9500:Current state [[[[8], [5], [4, 6, 7], [3, 4, 7], [2], [3, 4, 6, 7], [4, 7], [9], [1, 4]], [[4, 6, 7], [2], [1], [4, 7, 9], [4, 5, 7], [4, 6, 7, 9], [4, 5, 7], [8], [3]], [[3, 4, 7], [3, 7], [9], [1], [3, 4, 5, 7], [8], [2], [6], [4, 5]], [[7], [4], [2], [3, 7, 9], [8], [3, 7, 9], [1], [5], [6]], [[5, 6, 7], [9], [5, 6, 7], [4, 7], [1], [4, 7], [3], [2], [8]], [[1], [8], [3], [5], [6], [2, 4, 9], [4, 9], [7], [4, 9]], [[9], [3, 7], [4, 7], [6], [3, 4, 7], [5], [8], [1], [2]], [[2], [1, 6, 7], [4, 5, 6, 7, 8], [4, 7, 8], [4, 7], [1, 4, 7], [5, 6, 9], [3], [5, 9]], [[3, 5, 6], [1, 3, 6], [5, 6, 8], [2, 3, 8], [9], [1, 2, 3], [5, 6], [4], [7]]]]
INFO:root:9500:Doing checkSmall1
INFO:root:9500:Getting tiny MUSes, distance 1, for 110 puzlits, 1 repeats
INFO:root:9535:Chunked 110 in [7, 7, 7, 7, 7, 7, 7, 7, 7, 7, 7, 7, 7, 7, 6, 6]
INFO:root:9558:XX found first (6, 6) is 2 1
INFO:root:9558:XX found first (4, 1) is 7 1
INFO:root:9559:XX found first (9, 4) is 2 1
INFO:root:9559:XX found first (1, 9) is 1 1
INFO:root:9571:Early exit from checkSmall1
INFO:root:9589:Starting Step 7
INFO:root:10118:Current state [[[[8], [5], [4, 6, 7], [3, 4, 7], [2], [3, 4, 6, 7], [4, 7], [9], [1]], [[4, 6, 7], [2], [1], [4, 7, 9], [4, 5, 7], [4, 6, 7, 9], [4, 5, 7], [8], [3]], [[3, 4, 7], [3, 7], [9], [1], [3, 4, 5, 7], [8], [2], [6], [4, 5]], [[7], [4], [2], [3, 7, 9], [8], [3, 7, 9], [1], [5], [6]], [[5, 6, 7], [9], [5, 6, 7], [4, 7], [1], [4, 7], [3], [2], [8]], [[1], [8], [3], [5], [6], [2], [4, 9], [7], [4, 9]], [[9], [3, 7], [4, 7], [6], [3, 4, 7], [5], [8], [1], [2]], [[2], [1, 6, 7], [4, 5, 6, 7, 8], [4, 7, 8], [4, 7], [1, 4, 7], [5, 6, 9], [3], [5, 9]], [[3, 5, 6], [1, 3, 6], [5, 6, 8], [2], [9], [1, 2, 3], [5, 6], [4], [7]]]]
INFO:root:10118:Doing checkSmall1
INFO:root:10118:Getting tiny MUSes, distance 1, for 106 puzlits, 1 repeats
INFO:root:10153:Chunked 106 in [7, 7, 7, 7, 7, 7, 7, 7, 7, 7, 6, 6, 6, 6, 6, 6]
INFO:root:10180:XX found first (5, 1) is not 7 1
INFO:root:10180:XX found first (4, 4) is not 7 1
INFO:root:10180:XX found first (9, 4) is not 8 1
INFO:root:10180:XX found first (3, 1) is not 7 1
INFO:root:10181:XX found first (5, 3) is not 7 1
INFO:root:10181:XX found first (6, 6) is not 9 1
INFO:root:10181:XX found first (9, 4) is not 3 1
INFO:root:10181:XX found first (1, 9) is not 4 1
INFO:root:10181:XX found first (2, 1) is not 7 1
INFO:root:10181:XX found first (6, 6) is not 4 1
INFO:root:10181:XX found first (9, 6) is not 2 1
INFO:root:10181:XX found first (4, 6) is not 7 1
INFO:root:10193:Early exit from checkSmall1
INFO:root:10202:Starting Step 8
INFO:root:10743:Current state [[[[8], [5], [4, 6, 7], [3, 4, 7], [2], [3, 4, 6, 7], [4, 7], [9], [1]], [[4, 6], [2], [1], [4, 7, 9], [4, 5, 7], [4, 6, 7, 9], [4, 5, 7], [8], [3]], [[3, 4], [3, 7], [9], [1], [3, 4, 5, 7], [8], [2], [6], [4, 5]], [[7], [4], [2], [3, 9], [8], [3, 9], [1], [5], [6]], [[5, 6], [9], [5, 6], [4, 7], [1], [4, 7], [3], [2], [8]], [[1], [8], [3], [5], [6], [2], [4, 9], [7], [4, 9]], [[9], [3, 7], [4, 7], [6], [3, 4, 7], [5], [8], [1], [2]], [[2], [1, 6, 7], [4, 5, 6, 7, 8], [4, 7, 8], [4, 7], [1, 4, 7], [5, 6, 9], [3], [5, 9]], [[3, 5, 6], [1, 3, 6], [5, 6, 8], [2], [9], [1, 3], [5, 6], [4], [7]]]]
INFO:root:10744:Doing checkSmall1
INFO:root:10744:Getting tiny MUSes, distance 1, for 94 puzlits, 1 repeats
INFO:root:10780:Chunked 94 in [6, 6, 6, 6, 6, 6, 6, 6, 6, 6, 6, 6, 6, 6, 5, 5]
INFO:root:10801:XX found first (9, 3) is 8 1
INFO:root:10801:XX found first (8, 4) is 8 1
INFO:root:10812:Early exit from checkSmall1
INFO:root:10828:Starting Step 9
INFO:root:11367:Current state [[[[8], [5], [4, 6, 7], [3, 4, 7], [2], [3, 4, 6, 7], [4, 7], [9], [1]], [[4, 6], [2], [1], [4, 7, 9], [4, 5, 7], [4, 6, 7, 9], [4, 5, 7], [8], [3]], [[3, 4], [3, 7], [9], [1], [3, 4, 5, 7], [8], [2], [6], [4, 5]], [[7], [4], [2], [3, 9], [8], [3, 9], [1], [5], [6]], [[5, 6], [9], [5, 6], [4, 7], [1], [4, 7], [3], [2], [8]], [[1], [8], [3], [5], [6], [2], [4, 9], [7], [4, 9]], [[9], [3, 7], [4, 7], [6], [3, 4, 7], [5], [8], [1], [2]], [[2], [1, 6, 7], [4, 5, 6, 7, 8], [8], [4, 7], [1, 4, 7], [5, 6, 9], [3], [5, 9]], [[3, 5, 6], [1, 3, 6], [8], [2], [9], [1, 3], [5, 6], [4], [7]]]]
INFO:root:11367:Doing checkSmall1
INFO:root:11367:Getting tiny MUSes, distance 1, for 92 puzlits, 1 repeats
INFO:root:11403:Chunked 92 in [6, 6, 6, 6, 6, 6, 6, 6, 6, 6, 6, 6, 5, 5, 5, 5]
INFO:root:11427:XX found first (8, 4) is not 7 1
INFO:root:11428:XX found first (8, 4) is not 4 1
INFO:root:11428:XX found first (9, 3) is not 6 1
INFO:root:11428:XX found first (9, 3) is not 5 1
INFO:root:11428:XX found first (8, 3) is not 8 1
INFO:root:11439:Early exit from checkSmall1
INFO:root:11448:Starting Step 10
INFO:root:11985:Current state [[[[8], [5], [4, 6, 7], [3, 4, 7], [2], [3, 4, 6, 7], [4, 7], [9], [1]], [[4, 6], [2], [1], [4, 7, 9], [4, 5, 7], [4, 6, 7, 9], [4, 5, 7], [8], [3]], [[3, 4], [3, 7], [9], [1], [3, 4, 5, 7], [8], [2], [6], [4, 5]], [[7], [4], [2], [3, 9], [8], [3, 9], [1], [5], [6]], [[5, 6], [9], [5, 6], [4, 7], [1], [4, 7], [3], [2], [8]], [[1], [8], [3], [5], [6], [2], [4, 9], [7], [4, 9]], [[9], [3, 7], [4, 7], [6], [3, 4, 7], [5], [8], [1], [2]], [[2], [1, 6, 7], [4, 5, 6, 7], [8], [4, 7], [1, 4, 7], [5, 6, 9], [3], [5, 9]], [[3, 5, 6], [1, 3, 6], [8], [2], [9], [1, 3], [5, 6], [4], [7]]]]
INFO:root:11985:Doing checkSmall1
INFO:root:11985:Getting tiny MUSes, distance 1, for 87 puzlits, 1 repeats
INFO:root:12020:Chunked 87 in [6, 6, 6, 6, 6, 6, 6, 5, 5, 5, 5, 5, 5, 5, 5, 5]
INFO:root:12086:Considering 100 * 87 jobs for minsize=3
INFO:root:12103:Chunked 8700 in [544, 544, 544, 544, 544, 544, 544, 544, 544, 544, 544, 544, 543, 543, 543, 543]
INFO:root:18806:Considering 100 * 87 jobs for minsize=4
INFO:root:18822:Chunked 8700 in [544, 544, 544, 544, 544, 544, 544, 544, 544, 544, 544, 544, 543, 543, 543, 543]
INFO:root:26650:!! Found smaller !!!! 3 4
INFO:root:26650:XX found first (3, 5) is not 3 3
INFO:root:26651:!! Found smaller !!!! 3 4
INFO:root:26651:XX add new best (3, 5) is not 3 3 3
INFO:root:26651:!! Found smaller !!!! 3 4
INFO:root:26651:XX found first (1, 3) is not 4 3
INFO:root:26651:!! Found smaller !!!! 3 4
INFO:root:26651:XX add new best (1, 3) is not 4 3 3
INFO:root:26651:!! Found smaller !!!! 3 4
INFO:root:26651:XX add new best (3, 5) is not 3 3 3
INFO:root:26651:!! Found smaller !!!! 3 4
INFO:root:26651:XX found first (8, 3) is not 6 3
INFO:root:26651:!! Found smaller !!!! 3 4
INFO:root:26651:XX add new best (3, 5) is not 3 3 3
INFO:root:26651:!! Found smaller !!!! 3 4
INFO:root:26651:XX add new best (1, 3) is not 4 3 3
INFO:root:26651:!! Found smaller !!!! 3 4
INFO:root:26652:XX add new best (8, 3) is not 6 3 3
INFO:root:26652:!! Found smaller !!!! 3 4
INFO:root:26652:XX found first (9, 1) is not 6 3
INFO:root:26652:!! Found smaller !!!! 3 4
INFO:root:26652:XX add new best (3, 5) is not 3 3 3
INFO:root:26652:!! Found smaller !!!! 3 4
INFO:root:26652:XX add new best (8, 3) is not 6 3 3
INFO:root:26652:!! Found smaller !!!! 3 4
INFO:root:26652:XX add new best (3, 5) is not 3 3 3
INFO:root:26652:!! Found smaller !!!! 3 4
INFO:root:26652:XX add new best (3, 5) is not 3 3 3
INFO:root:26652:!! Found smaller !!!! 3 4
INFO:root:26652:XX add new best (3, 5) is not 3 3 3
INFO:root:26652:!! Found smaller !!!! 3 4
INFO:root:26652:XX add new best (9, 1) is not 6 3 3
INFO:root:26652:!! Found smaller !!!! 3 4
INFO:root:26652:XX add new best (3, 5) is not 3 3 3
INFO:root:26652:!! Found smaller !!!! 3 4
INFO:root:26652:XX add new best (8, 3) is not 6 3 3
INFO:root:26653:!! Found smaller !!!! 3 4
INFO:root:26653:XX add new best (1, 3) is not 4 3 3
INFO:root:26653:!! Found smaller !!!! 3 4
INFO:root:26653:XX add new best (1, 3) is not 4 3 3
INFO:root:26653:!! Found smaller !!!! 3 4
INFO:root:26653:XX add new best (3, 5) is not 3 3 3
INFO:root:26653:!! Found smaller !!!! 3 4
INFO:root:26653:XX add new best (1, 3) is not 4 3 3
INFO:root:26653:!! Found smaller !!!! 3 4
INFO:root:26653:XX add new best (1, 3) is not 4 3 3
INFO:root:26653:!! Found smaller !!!! 3 4
INFO:root:26653:XX add new best (1, 3) is not 4 3 3
INFO:root:26653:!! Found smaller !!!! 3 4
INFO:root:26653:XX add new best (1, 3) is not 4 3 3
INFO:root:26653:!! Found smaller !!!! 3 4
INFO:root:26653:XX add new best (9, 1) is not 6 3 3
INFO:root:26653:!! Found smaller !!!! 3 4
INFO:root:26654:XX add new best (8, 3) is not 6 3 3
INFO:root:26654:!! Found smaller !!!! 3 4
INFO:root:26654:XX add new best (8, 3) is not 6 3 3
INFO:root:26654:!! Found smaller !!!! 3 4
INFO:root:26654:XX add new best (8, 3) is not 6 3 3
INFO:root:26654:!! Found smaller !!!! 3 4
INFO:root:26654:XX add new best (1, 3) is not 4 3 3
INFO:root:26654:!! Found smaller !!!! 3 4
INFO:root:26654:XX add new best (9, 1) is not 6 3 3
INFO:root:26654:!! Found smaller !!!! 3 4
INFO:root:26654:XX add new best (3, 5) is not 3 3 3
INFO:root:26654:!! Found smaller !!!! 3 4
INFO:root:26654:XX add new best (3, 5) is not 3 3 3
INFO:root:26654:!! Found smaller !!!! 3 4
INFO:root:26654:XX add new best (9, 1) is not 6 3 3
INFO:root:26654:!! Found smaller !!!! 3 4
INFO:root:26654:XX add new best (3, 5) is not 3 3 3
INFO:root:26654:!! Found smaller !!!! 3 4
INFO:root:26654:XX add new best (9, 1) is not 6 3 3
INFO:root:26655:!! Found smaller !!!! 3 4
INFO:root:26655:XX add new best (9, 1) is not 6 3 3
INFO:root:26655:!! Found smaller !!!! 3 4
INFO:root:26655:XX add new best (8, 3) is not 6 3 3
INFO:root:26655:!! Found smaller !!!! 3 4
INFO:root:26655:XX add new best (1, 3) is not 4 3 3
INFO:root:26655:!! Found smaller !!!! 3 4
INFO:root:26655:XX add new best (3, 5) is not 3 3 3
INFO:root:26655:!! Found smaller !!!! 3 4
INFO:root:26655:XX add new best (1, 3) is not 4 3 3
INFO:root:26655:!! Found smaller !!!! 3 4
INFO:root:26655:XX add new best (3, 5) is not 3 3 3
INFO:root:26655:!! Found smaller !!!! 3 4
INFO:root:26655:XX add new best (8, 3) is not 6 3 3
INFO:root:26655:!! Found smaller !!!! 3 4
INFO:root:26655:XX add new best (3, 5) is not 3 3 3
INFO:root:26655:!! Found smaller !!!! 3 4
INFO:root:26655:XX add new best (1, 3) is not 4 3 3
INFO:root:26655:!! Found smaller !!!! 3 4
INFO:root:26656:XX add new best (3, 5) is not 3 3 3
INFO:root:26656:!! Found smaller !!!! 3 4
INFO:root:26656:XX add new best (3, 5) is not 3 3 3
INFO:root:26656:!! Found smaller !!!! 3 4
INFO:root:26656:XX add new best (1, 3) is not 4 3 3
INFO:root:26656:!! Found smaller !!!! 3 4
INFO:root:26656:XX add new best (1, 3) is not 4 3 3
INFO:root:26656:!! Found smaller !!!! 3 4
INFO:root:26656:XX add new best (1, 3) is not 4 3 3
INFO:root:26656:!! Found smaller !!!! 3 4
INFO:root:26656:XX add new best (3, 5) is not 3 3 3
INFO:root:26656:!! Found smaller !!!! 3 4
INFO:root:26656:XX add new best (8, 3) is not 6 3 3
INFO:root:26656:!! Found smaller !!!! 3 4
INFO:root:26656:XX add new best (9, 1) is not 6 3 3
INFO:root:26656:!! Found smaller !!!! 3 4
INFO:root:26656:XX add new best (3, 5) is not 3 3 3
INFO:root:26656:!! Found smaller !!!! 3 4
INFO:root:26657:XX add new best (8, 3) is not 6 3 3
INFO:root:26657:!! Found smaller !!!! 3 4
INFO:root:26657:XX add new best (3, 5) is not 3 3 3
INFO:root:26657:!! Found smaller !!!! 3 4
INFO:root:26657:XX add new best (8, 3) is not 6 3 3
INFO:root:26657:!! Found smaller !!!! 3 4
INFO:root:26657:XX add new best (1, 3) is not 4 3 3
INFO:root:26657:!! Found smaller !!!! 3 4
INFO:root:26657:XX add new best (1, 3) is not 4 3 3
INFO:root:26657:!! Found smaller !!!! 3 4
INFO:root:26657:XX add new best (3, 5) is not 3 3 3
INFO:root:26657:!! Found smaller !!!! 3 4
INFO:root:26657:XX add new best (3, 5) is not 3 3 3
INFO:root:26657:!! Found smaller !!!! 3 4
INFO:root:26657:XX add new best (1, 3) is not 4 3 3
INFO:root:26657:!! Found smaller !!!! 3 4
INFO:root:26657:XX add new best (3, 5) is not 3 3 3
INFO:root:26657:!! Found smaller !!!! 3 4
INFO:root:26657:XX add new best (8, 3) is not 6 3 3
INFO:root:26658:!! Found smaller !!!! 3 4
INFO:root:26658:XX add new best (8, 3) is not 6 3 3
INFO:root:26658:!! Found smaller !!!! 3 4
INFO:root:26658:XX add new best (1, 3) is not 4 3 3
INFO:root:26658:!! Found smaller !!!! 3 4
INFO:root:26658:XX add new best (1, 3) is not 4 3 3
INFO:root:26658:!! Found smaller !!!! 3 4
INFO:root:26658:XX add new best (1, 3) is not 4 3 3
INFO:root:26658:!! Found smaller !!!! 3 4
INFO:root:26658:XX add new best (9, 1) is not 6 3 3
INFO:root:26658:!! Found smaller !!!! 3 4
INFO:root:26658:XX add new best (9, 1) is not 6 3 3
INFO:root:26658:!! Found smaller !!!! 3 4
INFO:root:26658:XX add new best (3, 5) is not 3 3 3
INFO:root:26658:!! Found smaller !!!! 3 4
INFO:root:26658:XX add new best (3, 5) is not 3 3 3
INFO:root:26658:!! Found smaller !!!! 3 4
INFO:root:26658:XX add new best (8, 3) is not 6 3 3
INFO:root:26658:!! Found smaller !!!! 3 4
INFO:root:26659:XX add new best (8, 3) is not 6 3 3
INFO:root:26659:!! Found smaller !!!! 3 4
INFO:root:26659:XX add new best (9, 1) is not 6 3 3
INFO:root:26659:!! Found smaller !!!! 3 4
INFO:root:26659:XX add new best (1, 3) is not 4 3 3
INFO:root:26659:!! Found smaller !!!! 3 4
INFO:root:26659:XX add new best (3, 5) is not 3 3 3
INFO:root:26659:!! Found smaller !!!! 3 4
INFO:root:26659:XX add new best (3, 5) is not 3 3 3
INFO:root:26659:!! Found smaller !!!! 3 4
INFO:root:26659:XX add new best (8, 3) is not 6 3 3
INFO:root:26659:!! Found smaller !!!! 3 4
INFO:root:26659:XX add new best (1, 3) is not 4 3 3
INFO:root:26659:!! Found smaller !!!! 3 4
INFO:root:26659:XX add new best (9, 1) is not 6 3 3
INFO:root:26659:!! Found smaller !!!! 3 4
INFO:root:26659:XX add new best (1, 3) is not 4 3 3
INFO:root:26659:!! Found smaller !!!! 3 4
INFO:root:26659:XX add new best (9, 1) is not 6 3 3
INFO:root:26660:!! Found smaller !!!! 3 4
INFO:root:26660:XX add new best (1, 3) is not 4 3 3
INFO:root:26660:!! Found smaller !!!! 3 4
INFO:root:26660:XX add new best (3, 5) is not 3 3 3
INFO:root:26660:!! Found smaller !!!! 3 4
INFO:root:26660:XX add new best (1, 3) is not 4 3 3
INFO:root:26660:!! Found smaller !!!! 3 4
INFO:root:26660:XX add new best (1, 3) is not 4 3 3
INFO:root:26660:!! Found smaller !!!! 3 4
INFO:root:26660:XX add new best (1, 3) is not 4 3 3
INFO:root:26660:!! Found smaller !!!! 3 4
INFO:root:26660:XX add new best (3, 5) is not 3 3 3
INFO:root:26660:!! Found smaller !!!! 3 4
INFO:root:26660:XX add new best (8, 3) is not 6 3 3
INFO:root:26660:!! Found smaller !!!! 3 4
INFO:root:26660:XX add new best (9, 1) is not 6 3 3
INFO:root:26660:!! Found smaller !!!! 3 4
INFO:root:26660:XX add new best (9, 1) is not 6 3 3
INFO:root:26661:!! Found smaller !!!! 3 4
INFO:root:26661:XX add new best (1, 3) is not 4 3 3
INFO:root:26661:!! Found smaller !!!! 3 4
INFO:root:26661:XX add new best (1, 3) is not 4 3 3
INFO:root:26661:!! Found smaller !!!! 3 4
INFO:root:26661:XX add new best (9, 1) is not 6 3 3
INFO:root:26661:!! Found smaller !!!! 3 4
INFO:root:26661:XX add new best (9, 1) is not 6 3 3
INFO:root:26661:!! Found smaller !!!! 3 4
INFO:root:26661:XX add new best (3, 5) is not 3 3 3
INFO:root:26661:!! Found smaller !!!! 3 4
INFO:root:26661:XX add new best (1, 3) is not 4 3 3
INFO:root:26661:!! Found smaller !!!! 3 4
INFO:root:26661:XX add new best (3, 5) is not 3 3 3
INFO:root:26661:!! Found smaller !!!! 3 4
INFO:root:26661:XX add new best (9, 1) is not 6 3 3
INFO:root:26661:!! Found smaller !!!! 3 4
INFO:root:26661:XX add new best (8, 3) is not 6 3 3
INFO:root:26662:!! Found smaller !!!! 3 4
INFO:root:26662:XX add new best (3, 5) is not 3 3 3
INFO:root:26662:!! Found smaller !!!! 3 4
INFO:root:26662:XX add new best (1, 3) is not 4 3 3
INFO:root:26662:!! Found smaller !!!! 3 4
INFO:root:26662:XX add new best (8, 3) is not 6 3 3
INFO:root:26662:!! Found smaller !!!! 3 4
INFO:root:26662:XX add new best (3, 5) is not 3 3 3
INFO:root:26662:!! Found smaller !!!! 3 4
INFO:root:26662:XX add new best (1, 3) is not 4 3 3
INFO:root:26662:!! Found smaller !!!! 3 4
INFO:root:26662:XX add new best (9, 1) is not 6 3 3
INFO:root:26662:!! Found smaller !!!! 3 4
INFO:root:26662:XX add new best (3, 5) is not 3 3 3
INFO:root:26662:!! Found smaller !!!! 3 4
INFO:root:26662:XX add new best (1, 3) is not 4 3 3
INFO:root:26662:!! Found smaller !!!! 3 4
INFO:root:26662:XX add new best (3, 5) is not 3 3 3
INFO:root:26663:!! Found smaller !!!! 3 4
INFO:root:26663:XX add new best (1, 3) is not 4 3 3
INFO:root:26663:!! Found smaller !!!! 3 4
INFO:root:26663:XX add new best (3, 5) is not 3 3 3
INFO:root:26663:!! Found smaller !!!! 3 4
INFO:root:26663:XX add new best (8, 3) is not 6 3 3
INFO:root:26663:!! Found smaller !!!! 3 4
INFO:root:26663:XX add new best (3, 5) is not 3 3 3
INFO:root:26663:!! Found smaller !!!! 3 4
INFO:root:26663:XX add new best (9, 1) is not 6 3 3
INFO:root:26663:!! Found smaller !!!! 3 4
INFO:root:26663:XX add new best (8, 3) is not 6 3 3
INFO:root:26663:!! Found smaller !!!! 3 4
INFO:root:26663:XX add new best (3, 5) is not 3 3 3
INFO:root:26663:!! Found smaller !!!! 3 4
INFO:root:26663:XX add new best (3, 5) is not 3 3 3
INFO:root:26663:!! Found smaller !!!! 3 4
INFO:root:26663:XX add new best (3, 5) is not 3 3 3
INFO:root:26663:!! Found smaller !!!! 3 4
INFO:root:26664:XX add new best (8, 3) is not 6 3 3
INFO:root:26664:!! Found smaller !!!! 3 4
INFO:root:26664:XX add new best (9, 1) is not 6 3 3
INFO:root:26664:!! Found smaller !!!! 3 4
INFO:root:26664:XX add new best (3, 5) is not 3 3 3
INFO:root:26664:!! Found smaller !!!! 3 4
INFO:root:26664:XX add new best (9, 1) is not 6 3 3
INFO:root:26664:!! Found smaller !!!! 3 4
INFO:root:26664:XX add new best (9, 1) is not 6 3 3
INFO:root:26664:!! Found smaller !!!! 3 4
INFO:root:26664:XX add new best (9, 1) is not 6 3 3
INFO:root:26664:!! Found smaller !!!! 3 4
INFO:root:26664:XX add new best (8, 3) is not 6 3 3
INFO:root:26664:!! Found smaller !!!! 3 4
INFO:root:26664:XX add new best (3, 5) is not 3 3 3
INFO:root:26664:!! Found smaller !!!! 3 4
INFO:root:26664:XX add new best (3, 5) is not 3 3 3
INFO:root:26664:!! Found smaller !!!! 3 4
INFO:root:26665:XX add new best (8, 3) is not 6 3 3
INFO:root:26665:!! Found smaller !!!! 3 4
INFO:root:26665:XX add new best (3, 5) is not 3 3 3
INFO:root:26665:!! Found smaller !!!! 3 4
INFO:root:26665:XX add new best (1, 3) is not 4 3 3
INFO:root:26665:!! Found smaller !!!! 3 4
INFO:root:26665:XX add new best (1, 3) is not 4 3 3
INFO:root:26665:!! Found smaller !!!! 3 4
INFO:root:26665:XX add new best (9, 1) is not 6 3 3
INFO:root:26665:!! Found smaller !!!! 3 4
INFO:root:26665:XX add new best (8, 3) is not 6 3 3
INFO:root:26665:!! Found smaller !!!! 3 4
INFO:root:26665:XX add new best (1, 3) is not 4 3 3
INFO:root:26665:!! Found smaller !!!! 3 4
INFO:root:26665:XX add new best (9, 1) is not 6 3 3
INFO:root:26665:!! Found smaller !!!! 3 4
INFO:root:26665:XX add new best (9, 1) is not 6 3 3
INFO:root:26665:!! Found smaller !!!! 3 4
INFO:root:26666:XX add new best (3, 5) is not 3 3 3
INFO:root:26666:!! Found smaller !!!! 3 4
INFO:root:26666:XX add new best (8, 3) is not 6 3 3
INFO:root:26666:!! Found smaller !!!! 3 4
INFO:root:26666:XX add new best (3, 5) is not 3 3 3
INFO:root:26666:!! Found smaller !!!! 3 4
INFO:root:26666:XX add new best (8, 3) is not 6 3 3
INFO:root:26666:!! Found smaller !!!! 3 4
INFO:root:26666:XX add new best (3, 5) is not 3 3 3
INFO:root:26666:!! Found smaller !!!! 3 4
INFO:root:26666:XX add new best (9, 1) is not 6 3 3
INFO:root:26666:!! Found smaller !!!! 3 4
INFO:root:26666:XX add new best (1, 3) is not 4 3 3
INFO:root:26666:!! Found smaller !!!! 3 4
INFO:root:26666:XX add new best (1, 3) is not 4 3 3
INFO:root:26666:!! Found smaller !!!! 3 4
INFO:root:26666:XX add new best (1, 3) is not 4 3 3
INFO:root:26666:!! Found smaller !!!! 3 4
INFO:root:26666:XX add new best (3, 5) is not 3 3 3
INFO:root:26667:!! Found smaller !!!! 3 4
INFO:root:26667:XX add new best (3, 5) is not 3 3 3
INFO:root:26667:!! Found smaller !!!! 3 4
INFO:root:26667:XX add new best (3, 5) is not 3 3 3
INFO:root:26667:!! Found smaller !!!! 3 4
INFO:root:26667:XX add new best (3, 5) is not 3 3 3
INFO:root:26667:!! Found smaller !!!! 3 4
INFO:root:26667:XX add new best (1, 3) is not 4 3 3
INFO:root:26667:!! Found smaller !!!! 3 4
INFO:root:26667:XX add new best (8, 3) is not 6 3 3
INFO:root:26667:!! Found smaller !!!! 3 4
INFO:root:26667:XX add new best (1, 3) is not 4 3 3
INFO:root:26667:!! Found smaller !!!! 3 4
INFO:root:26667:XX add new best (9, 1) is not 6 3 3
INFO:root:26667:!! Found smaller !!!! 3 4
INFO:root:26667:XX add new best (8, 3) is not 6 3 3
INFO:root:26667:!! Found smaller !!!! 3 4
INFO:root:26667:XX add new best (9, 1) is not 6 3 3
INFO:root:26667:!! Found smaller !!!! 3 4
INFO:root:26668:XX add new best (3, 5) is not 3 3 3
INFO:root:26668:!! Found smaller !!!! 3 4
INFO:root:26668:XX add new best (9, 1) is not 6 3 3
INFO:root:26668:!! Found smaller !!!! 3 4
INFO:root:26668:XX add new best (3, 5) is not 3 3 3
INFO:root:26668:!! Found smaller !!!! 3 4
INFO:root:26668:XX add new best (1, 3) is not 4 3 3
INFO:root:26668:!! Found smaller !!!! 3 4
INFO:root:26668:XX add new best (8, 3) is not 6 3 3
INFO:root:26668:!! Found smaller !!!! 3 4
INFO:root:26668:XX add new best (9, 1) is not 6 3 3
INFO:root:26668:!! Found smaller !!!! 3 4
INFO:root:26668:XX add new best (3, 5) is not 3 3 3
INFO:root:26668:!! Found smaller !!!! 3 4
INFO:root:26668:XX add new best (9, 1) is not 6 3 3
INFO:root:26668:!! Found smaller !!!! 3 4
INFO:root:26668:XX add new best (1, 3) is not 4 3 3
INFO:root:26668:!! Found smaller !!!! 3 4
INFO:root:26668:XX add new best (1, 3) is not 4 3 3
INFO:root:26669:!! Found smaller !!!! 3 4
INFO:root:26669:XX add new best (9, 1) is not 6 3 3
INFO:root:26669:!! Found smaller !!!! 3 4
INFO:root:26669:XX add new best (1, 3) is not 4 3 3
INFO:root:26669:!! Found smaller !!!! 3 4
INFO:root:26669:XX add new best (8, 3) is not 6 3 3
INFO:root:26669:!! Found smaller !!!! 3 4
INFO:root:26669:XX add new best (8, 3) is not 6 3 3
INFO:root:26669:!! Found smaller !!!! 3 4
INFO:root:26669:XX add new best (3, 5) is not 3 3 3
INFO:root:26669:!! Found smaller !!!! 3 4
INFO:root:26669:XX add new best (8, 3) is not 6 3 3
INFO:root:26669:!! Found smaller !!!! 3 4
INFO:root:26669:XX add new best (1, 3) is not 4 3 3
INFO:root:26669:!! Found smaller !!!! 3 4
INFO:root:26669:XX add new best (1, 3) is not 4 3 3
INFO:root:26669:!! Found smaller !!!! 3 4
INFO:root:26669:XX add new best (1, 3) is not 4 3 3
INFO:root:26670:!! Found smaller !!!! 3 4
INFO:root:26670:XX add new best (1, 3) is not 4 3 3
INFO:root:26670:!! Found smaller !!!! 3 4
INFO:root:26670:XX add new best (9, 1) is not 6 3 3
INFO:root:26670:!! Found smaller !!!! 3 4
INFO:root:26670:XX add new best (3, 5) is not 3 3 3
INFO:root:26670:!! Found smaller !!!! 3 4
INFO:root:26670:XX add new best (3, 5) is not 3 3 3
INFO:root:26670:!! Found smaller !!!! 3 4
INFO:root:26670:XX add new best (1, 3) is not 4 3 3
INFO:root:26842:Minimal choices : 4 [(1, 3) is not 4, (3, 5) is not 3, (8, 3) is not 6, (9, 1) is not 6]
INFO:root:26843:Starting Step 11
INFO:root:27383:Current state [[[[8], [5], [4, 6, 7], [3, 4, 7], [2], [3, 4, 6, 7], [4, 7], [9], [1]], [[4, 6], [2], [1], [4, 7, 9], [4, 5, 7], [4, 6, 7, 9], [4, 5, 7], [8], [3]], [[3, 4], [3, 7], [9], [1], [4, 5, 7], [8], [2], [6], [4, 5]], [[7], [4], [2], [3, 9], [8], [3, 9], [1], [5], [6]], [[5, 6], [9], [5, 6], [4, 7], [1], [4, 7], [3], [2], [8]], [[1], [8], [3], [5], [6], [2], [4, 9], [7], [4, 9]], [[9], [3, 7], [4, 7], [6], [3, 4, 7], [5], [8], [1], [2]], [[2], [1, 6, 7], [4, 5, 6, 7], [8], [4, 7], [1, 4, 7], [5, 6, 9], [3], [5, 9]], [[3, 5, 6], [1, 3, 6], [8], [2], [9], [1, 3], [5, 6], [4], [7]]]]
INFO:root:27383:Doing checkSmall1
INFO:root:27383:Getting tiny MUSes, distance 1, for 86 puzlits, 1 repeats
INFO:root:27421:Chunked 86 in [6, 6, 6, 6, 6, 6, 5, 5, 5, 5, 5, 5, 5, 5, 5, 5]
INFO:root:27445:XX found first (7, 5) is 3 1
INFO:root:27457:Early exit from checkSmall1
INFO:root:27469:Starting Step 12
INFO:root:28007:Current state [[[[8], [5], [4, 6, 7], [3, 4, 7], [2], [3, 4, 6, 7], [4, 7], [9], [1]], [[4, 6], [2], [1], [4, 7, 9], [4, 5, 7], [4, 6, 7, 9], [4, 5, 7], [8], [3]], [[3, 4], [3, 7], [9], [1], [4, 5, 7], [8], [2], [6], [4, 5]], [[7], [4], [2], [3, 9], [8], [3, 9], [1], [5], [6]], [[5, 6], [9], [5, 6], [4, 7], [1], [4, 7], [3], [2], [8]], [[1], [8], [3], [5], [6], [2], [4, 9], [7], [4, 9]], [[9], [3, 7], [4, 7], [6], [3], [5], [8], [1], [2]], [[2], [1, 6, 7], [4, 5, 6, 7], [8], [4, 7], [1, 4, 7], [5, 6, 9], [3], [5, 9]], [[3, 5, 6], [1, 3, 6], [8], [2], [9], [1, 3], [5, 6], [4], [7]]]]
INFO:root:28007:Doing checkSmall1
INFO:root:28007:Getting tiny MUSes, distance 1, for 85 puzlits, 1 repeats
INFO:root:28044:Chunked 85 in [6, 6, 6, 6, 6, 5, 5, 5, 5, 5, 5, 5, 5, 5, 5, 5]
INFO:root:28067:XX found first (7, 2) is not 3 1
INFO:root:28067:XX found first (7, 5) is not 4 1
INFO:root:28067:XX found first (9, 6) is not 3 1
INFO:root:28067:XX found first (7, 5) is not 7 1
INFO:root:28080:Early exit from checkSmall1
INFO:root:28088:Starting Step 13
INFO:root:28629:Current state [[[[8], [5], [4, 6, 7], [3, 4, 7], [2], [3, 4, 6, 7], [4, 7], [9], [1]], [[4, 6], [2], [1], [4, 7, 9], [4, 5, 7], [4, 6, 7, 9], [4, 5, 7], [8], [3]], [[3, 4], [3, 7], [9], [1], [4, 5, 7], [8], [2], [6], [4, 5]], [[7], [4], [2], [3, 9], [8], [3, 9], [1], [5], [6]], [[5, 6], [9], [5, 6], [4, 7], [1], [4, 7], [3], [2], [8]], [[1], [8], [3], [5], [6], [2], [4, 9], [7], [4, 9]], [[9], [7], [4, 7], [6], [3], [5], [8], [1], [2]], [[2], [1, 6, 7], [4, 5, 6, 7], [8], [4, 7], [1, 4, 7], [5, 6, 9], [3], [5, 9]], [[3, 5, 6], [1, 3, 6], [8], [2], [9], [1], [5, 6], [4], [7]]]]
INFO:root:28629:Doing checkSmall1
INFO:root:28629:Getting tiny MUSes, distance 1, for 81 puzlits, 1 repeats
INFO:root:28665:Chunked 81 in [6, 5, 5, 5, 5, 5, 5, 5, 5, 5, 5, 5, 5, 5, 5, 5]
INFO:root:28687:XX found first (7, 2) is 7 1
INFO:root:28687:XX found first (7, 3) is 4 1
INFO:root:28687:XX found first (9, 6) is 1 1
INFO:root:28700:Early exit from checkSmall1
INFO:root:28719:Starting Step 14
INFO:root:29262:Current state [[[[8], [5], [4, 6, 7], [3, 4, 7], [2], [3, 4, 6, 7], [4, 7], [9], [1]], [[4, 6], [2], [1], [4, 7, 9], [4, 5, 7], [4, 6, 7, 9], [4, 5, 7], [8], [3]], [[3, 4], [3, 7], [9], [1], [4, 5, 7], [8], [2], [6], [4, 5]], [[7], [4], [2], [3, 9], [8], [3, 9], [1], [5], [6]], [[5, 6], [9], [5, 6], [4, 7], [1], [4, 7], [3], [2], [8]], [[1], [8], [3], [5], [6], [2], [4, 9], [7], [4, 9]], [[9], [7], [4], [6], [3], [5], [8], [1], [2]], [[2], [1, 6, 7], [4, 5, 6, 7], [8], [4, 7], [1, 4, 7], [5, 6, 9], [3], [5, 9]], [[3, 5, 6], [1, 3, 6], [8], [2], [9], [1], [5, 6], [4], [7]]]]
INFO:root:29262:Doing checkSmall1
INFO:root:29262:Getting tiny MUSes, distance 1, for 78 puzlits, 1 repeats
INFO:root:29299:Chunked 78 in [5, 5, 5, 5, 5, 5, 5, 5, 5, 5, 5, 5, 5, 5, 4, 4]
INFO:root:29320:XX found first (9, 2) is not 1 1
INFO:root:29320:XX found first (8, 3) is not 7 1
INFO:root:29320:XX found first (8, 2) is not 7 1
INFO:root:29320:XX found first (3, 2) is not 7 1
INFO:root:29320:XX found first (8, 6) is not 1 1
INFO:root:29320:XX found first (7, 3) is not 7 1
INFO:root:29320:XX found first (8, 3) is not 4 1
INFO:root:29321:XX found first (1, 3) is not 4 1
INFO:root:29333:Early exit from checkSmall1
INFO:root:29342:Starting Step 15
INFO:root:29895:Current state [[[[8], [5], [6, 7], [3, 4, 7], [2], [3, 4, 6, 7], [4, 7], [9], [1]], [[4, 6], [2], [1], [4, 7, 9], [4, 5, 7], [4, 6, 7, 9], [4, 5, 7], [8], [3]], [[3, 4], [3], [9], [1], [4, 5, 7], [8], [2], [6], [4, 5]], [[7], [4], [2], [3, 9], [8], [3, 9], [1], [5], [6]], [[5, 6], [9], [5, 6], [4, 7], [1], [4, 7], [3], [2], [8]], [[1], [8], [3], [5], [6], [2], [4, 9], [7], [4, 9]], [[9], [7], [4], [6], [3], [5], [8], [1], [2]], [[2], [1, 6], [5, 6], [8], [4, 7], [4, 7], [5, 6, 9], [3], [5, 9]], [[3, 5, 6], [3, 6], [8], [2], [9], [1], [5, 6], [4], [7]]]]
INFO:root:29895:Doing checkSmall1
INFO:root:29895:Getting tiny MUSes, distance 1, for 70 puzlits, 1 repeats
INFO:root:29933:Chunked 70 in [5, 5, 5, 5, 5, 5, 4, 4, 4, 4, 4, 4, 4, 4, 4, 4]
INFO:root:29956:XX found first (8, 2) is 1 1
INFO:root:29956:XX found first (3, 5) is 7 1
INFO:root:29956:XX found first (1, 3) is 7 1
INFO:root:29956:XX found first (3, 2) is 3 1
INFO:root:29969:Early exit from checkSmall1
INFO:root:29989:Starting Step 16
INFO:root:30544:Current state [[[[8], [5], [7], [3, 4, 7], [2], [3, 4, 6, 7], [4, 7], [9], [1]], [[4, 6], [2], [1], [4, 7, 9], [4, 5, 7], [4, 6, 7, 9], [4, 5, 7], [8], [3]], [[3, 4], [3], [9], [1], [7], [8], [2], [6], [4, 5]], [[7], [4], [2], [3, 9], [8], [3, 9], [1], [5], [6]], [[5, 6], [9], [5, 6], [4, 7], [1], [4, 7], [3], [2], [8]], [[1], [8], [3], [5], [6], [2], [4, 9], [7], [4, 9]], [[9], [7], [4], [6], [3], [5], [8], [1], [2]], [[2], [1], [5, 6], [8], [4, 7], [4, 7], [5, 6, 9], [3], [5, 9]], [[3, 5, 6], [3, 6], [8], [2], [9], [1], [5, 6], [4], [7]]]]
INFO:root:30544:Doing checkSmall1
INFO:root:30545:Getting tiny MUSes, distance 1, for 66 puzlits, 1 repeats
INFO:root:30581:Chunked 66 in [5, 5, 4, 4, 4, 4, 4, 4, 4, 4, 4, 4, 4, 4, 4, 4]
INFO:root:30599:XX found first (1, 6) is not 7 1
INFO:root:30599:XX found first (1, 7) is not 7 1
INFO:root:30599:XX found first (3, 5) is not 4 1
INFO:root:30599:XX found first (1, 3) is not 6 1
INFO:root:30599:XX found first (9, 2) is not 3 1
INFO:root:30600:XX found first (2, 4) is not 7 1
INFO:root:30600:XX found first (2, 5) is not 7 1
INFO:root:30600:XX found first (8, 5) is not 7 1
INFO:root:30600:XX found first (8, 2) is not 6 1
INFO:root:30600:XX found first (3, 1) is not 3 1
INFO:root:30600:XX found first (2, 6) is not 7 1
INFO:root:30600:XX found first (1, 4) is not 7 1
INFO:root:30600:XX found first (3, 5) is not 5 1
INFO:root:30613:Early exit from checkSmall1
INFO:root:30622:Starting Step 17
INFO:root:31176:Current state [[[[8], [5], [7], [3, 4], [2], [3, 4, 6], [4], [9], [1]], [[4, 6], [2], [1], [4, 9], [4, 5], [4, 6, 9], [4, 5, 7], [8], [3]], [[4], [3], [9], [1], [7], [8], [2], [6], [4, 5]], [[7], [4], [2], [3, 9], [8], [3, 9], [1], [5], [6]], [[5, 6], [9], [5, 6], [4, 7], [1], [4, 7], [3], [2], [8]], [[1], [8], [3], [5], [6], [2], [4, 9], [7], [4, 9]], [[9], [7], [4], [6], [3], [5], [8], [1], [2]], [[2], [1], [5, 6], [8], [4], [4, 7], [5, 6, 9], [3], [5, 9]], [[3, 5, 6], [6], [8], [2], [9], [1], [5, 6], [4], [7]]]]
INFO:root:31176:Doing checkSmall1
INFO:root:31176:Getting tiny MUSes, distance 1, for 53 puzlits, 1 repeats
INFO:root:31213:Chunked 53 in [4, 4, 4, 4, 4, 3, 3, 3, 3, 3, 3, 3, 3, 3, 3, 3]
INFO:root:31229:XX found first (9, 1) is 3 1
INFO:root:31229:XX found first (1, 6) is 6 1
INFO:root:31229:XX found first (3, 1) is 4 1
INFO:root:31229:XX found first (2, 5) is 5 1
INFO:root:31229:XX found first (8, 6) is 7 1
INFO:root:31229:XX found first (5, 4) is 7 1
INFO:root:31229:XX found first (1, 7) is 4 1
INFO:root:31229:XX found first (8, 5) is 4 1
INFO:root:31229:XX found first (2, 7) is 7 1
INFO:root:31229:XX found first (3, 9) is 5 1
INFO:root:31229:XX found first (2, 1) is 6 1
INFO:root:31229:XX found first (9, 2) is 6 1
INFO:root:31242:Early exit from checkSmall1
INFO:root:31287:Starting Step 18
INFO:root:31860:Current state [[[[8], [5], [7], [3, 4], [2], [6], [4], [9], [1]], [[6], [2], [1], [4, 9], [5], [4, 6, 9], [7], [8], [3]], [[4], [3], [9], [1], [7], [8], [2], [6], [5]], [[7], [4], [2], [3, 9], [8], [3, 9], [1], [5], [6]], [[5, 6], [9], [5, 6], [7], [1], [4, 7], [3], [2], [8]], [[1], [8], [3], [5], [6], [2], [4, 9], [7], [4, 9]], [[9], [7], [4], [6], [3], [5], [8], [1], [2]], [[2], [1], [5, 6], [8], [4], [7], [5, 6, 9], [3], [5, 9]], [[3], [6], [8], [2], [9], [1], [5, 6], [4], [7]]]]
INFO:root:31860:Doing checkSmall1
INFO:root:31860:Getting tiny MUSes, distance 1, for 41 puzlits, 1 repeats
INFO:root:31898:Chunked 41 in [3, 3, 3, 3, 3, 3, 3, 3, 3, 2, 2, 2, 2, 2, 2, 2]
INFO:root:31911:XX found first (1, 6) is not 3 1
INFO:root:31911:XX found first (3, 9) is not 4 1
INFO:root:31911:XX found first (5, 4) is not 4 1
INFO:root:31911:XX found first (2, 1) is not 4 1
INFO:root:31911:XX found first (2, 5) is not 4 1
INFO:root:31911:XX found first (2, 7) is not 4 1
INFO:root:31911:XX found first (1, 6) is not 4 1
INFO:root:31911:XX found first (9, 1) is not 6 1
INFO:root:31911:XX found first (9, 1) is not 5 1
INFO:root:31912:XX found first (5, 1) is not 6 1
INFO:root:31912:XX found first (2, 6) is not 6 1
INFO:root:31912:XX found first (1, 4) is not 4 1
INFO:root:31912:XX found first (8, 3) is not 6 1
INFO:root:31912:XX found first (9, 7) is not 6 1
INFO:root:31912:XX found first (8, 6) is not 4 1
INFO:root:31912:XX found first (8, 9) is not 5 1
INFO:root:31912:XX found first (5, 6) is not 7 1
INFO:root:31912:XX found first (2, 7) is not 5 1
INFO:root:31912:XX found first (6, 7) is not 4 1
INFO:root:31924:Early exit from checkSmall1
INFO:root:31933:Starting Step 19
INFO:root:32509:Current state [[[[8], [5], [7], [3], [2], [6], [4], [9], [1]], [[6], [2], [1], [4, 9], [5], [4, 9], [7], [8], [3]], [[4], [3], [9], [1], [7], [8], [2], [6], [5]], [[7], [4], [2], [3, 9], [8], [3, 9], [1], [5], [6]], [[5], [9], [5, 6], [7], [1], [4], [3], [2], [8]], [[1], [8], [3], [5], [6], [2], [9], [7], [4, 9]], [[9], [7], [4], [6], [3], [5], [8], [1], [2]], [[2], [1], [5], [8], [4], [7], [5, 6, 9], [3], [9]], [[3], [6], [8], [2], [9], [1], [5], [4], [7]]]]
INFO:root:32509:Doing checkSmall1
INFO:root:32509:Getting tiny MUSes, distance 1, for 22 puzlits, 1 repeats
INFO:root:32594:Chunked 22 in [2, 2, 2, 2, 2, 2, 1, 1, 1, 1, 1, 1, 1, 1, 1, 1]
INFO:root:32606:XX found first (5, 1) is 5 1
INFO:root:32606:XX found first (4, 6) is 3 1
INFO:root:32606:XX found first (8, 3) is 5 1
INFO:root:32606:XX found first (5, 3) is 6 1
INFO:root:32606:XX found first (6, 9) is 4 1
INFO:root:32606:XX found first (8, 7) is 6 1
INFO:root:32606:XX found first (2, 4) is 4 1
INFO:root:32606:XX found first (6, 7) is 9 1
INFO:root:32606:XX found first (9, 7) is 5 1
INFO:root:32606:XX found first (5, 6) is 4 1
INFO:root:32606:XX found first (1, 4) is 3 1
INFO:root:32607:XX found first (8, 9) is 9 1
INFO:root:32619:Early exit from checkSmall1
INFO:root:32667:Starting Step 20
INFO:root:33263:Current state [[[[8], [5], [7], [3], [2], [6], [4], [9], [1]], [[6], [2], [1], [4], [5], [4, 9], [7], [8], [3]], [[4], [3], [9], [1], [7], [8], [2], [6], [5]], [[7], [4], [2], [3, 9], [8], [3], [1], [5], [6]], [[5], [9], [6], [7], [1], [4], [3], [2], [8]], [[1], [8], [3], [5], [6], [2], [9], [7], [4]], [[9], [7], [4], [6], [3], [5], [8], [1], [2]], [[2], [1], [5], [8], [4], [7], [6], [3], [9]], [[3], [6], [8], [2], [9], [1], [5], [4], [7]]]]
INFO:root:33264:Doing checkSmall1
INFO:root:33264:Getting tiny MUSes, distance 1, for 10 puzlits, 1 repeats
INFO:root:33301:Chunked 10 in [1, 1, 1, 1, 1, 1, 1, 1, 1, 1, 0, 0, 0, 0, 0, 0]
INFO:root:33309:XX found first (2, 6) is not 4 1
INFO:root:33309:XX found first (8, 7) is not 5 1
INFO:root:33309:XX found first (4, 4) is not 3 1
INFO:root:33309:XX found first (2, 4) is not 9 1
INFO:root:33309:XX found first (4, 6) is not 9 1
INFO:root:33309:XX found first (5, 3) is not 5 1
INFO:root:33309:XX found first (6, 9) is not 9 1
INFO:root:33309:XX found first (8, 7) is not 9 1
INFO:root:33322:Early exit from checkSmall1
INFO:root:33331:Starting Step 21
INFO:root:33937:Current state [[[[8], [5], [7], [3], [2], [6], [4], [9], [1]], [[6], [2], [1], [4], [5], [9], [7], [8], [3]], [[4], [3], [9], [1], [7], [8], [2], [6], [5]], [[7], [4], [2], [9], [8], [3], [1], [5], [6]], [[5], [9], [6], [7], [1], [4], [3], [2], [8]], [[1], [8], [3], [5], [6], [2], [9], [7], [4]], [[9], [7], [4], [6], [3], [5], [8], [1], [2]], [[2], [1], [5], [8], [4], [7], [6], [3], [9]], [[3], [6], [8], [2], [9], [1], [5], [4], [7]]]]
INFO:root:33937:Doing checkSmall1
INFO:root:33937:Getting tiny MUSes, distance 1, for 2 puzlits, 1 repeats
INFO:root:33974:Chunked 2 in [1, 1, 0, 0, 0, 0, 0, 0, 0, 0, 0, 0, 0, 0, 0, 0]
INFO:root:33980:XX found first (2, 6) is 9 1
INFO:root:33980:XX found first (4, 4) is 9 1
INFO:root:33993:Early exit from checkSmall1
INFO:root:34008:Total Solver Calls 330556
INFO:root:34008:Trace: [(3, [(1, 3) is not 4])]
INFO:root:34008:Trace Quality: [(3, 1)]
INFO:root:34008:Trace Sorted: [(3, 1)]
INFO:root:34009:Finished
INFO:root:34009:Full Trace [(3, [(1, 3) is not 4])]

real	0m34.289s
user	3m58.865s
sys	0m10.913s
