INFO:root:5195:Starting Step 1
INFO:root:5226:Current state [[[[8], [5], [1, 2, 3, 4, 5, 6, 7, 8, 9], [1, 2, 3, 4, 5, 6, 7, 8, 9], [2], [1, 2, 3, 4, 5, 6, 7, 8, 9], [1, 2, 3, 4, 5, 6, 7, 8, 9], [1, 2, 3, 4, 5, 6, 7, 8, 9], [1, 2, 3, 4, 5, 6, 7, 8, 9]], [[1, 2, 3, 4, 5, 6, 7, 8, 9], [2], [1, 2, 3, 4, 5, 6, 7, 8, 9], [1, 2, 3, 4, 5, 6, 7, 8, 9], [1, 2, 3, 4, 5, 6, 7, 8, 9], [1, 2, 3, 4, 5, 6, 7, 8, 9], [1, 2, 3, 4, 5, 6, 7, 8, 9], [1, 2, 3, 4, 5, 6, 7, 8, 9], [3]], [[1, 2, 3, 4, 5, 6, 7, 8, 9], [1, 2, 3, 4, 5, 6, 7, 8, 9], [9], [1], [1, 2, 3, 4, 5, 6, 7, 8, 9], [8], [1, 2, 3, 4, 5, 6, 7, 8, 9], [1, 2, 3, 4, 5, 6, 7, 8, 9], [1, 2, 3, 4, 5, 6, 7, 8, 9]], [[1, 2, 3, 4, 5, 6, 7, 8, 9], [4], [1, 2, 3, 4, 5, 6, 7, 8, 9], [1, 2, 3, 4, 5, 6, 7, 8, 9], [8], [1, 2, 3, 4, 5, 6, 7, 8, 9], [1], [5], [1, 2, 3, 4, 5, 6, 7, 8, 9]], [[1, 2, 3, 4, 5, 6, 7, 8, 9], [9], [1, 2, 3, 4, 5, 6, 7, 8, 9], [1, 2, 3, 4, 5, 6, 7, 8, 9], [1], [1, 2, 3, 4, 5, 6, 7, 8, 9], [1, 2, 3, 4, 5, 6, 7, 8, 9], [2], [1, 2, 3, 4, 5, 6, 7, 8, 9]], [[1, 2, 3, 4, 5, 6, 7, 8, 9], [8], [3], [1, 2, 3, 4, 5, 6, 7, 8, 9], [6], [1, 2, 3, 4, 5, 6, 7, 8, 9], [1, 2, 3, 4, 5, 6, 7, 8, 9], [7], [1, 2, 3, 4, 5, 6, 7, 8, 9]], [[1, 2, 3, 4, 5, 6, 7, 8, 9], [1, 2, 3, 4, 5, 6, 7, 8, 9], [1, 2, 3, 4, 5, 6, 7, 8, 9], [6], [1, 2, 3, 4, 5, 6, 7, 8, 9], [5], [8], [1, 2, 3, 4, 5, 6, 7, 8, 9], [1, 2, 3, 4, 5, 6, 7, 8, 9]], [[2], [1, 2, 3, 4, 5, 6, 7, 8, 9], [1, 2, 3, 4, 5, 6, 7, 8, 9], [1, 2, 3, 4, 5, 6, 7, 8, 9], [1, 2, 3, 4, 5, 6, 7, 8, 9], [1, 2, 3, 4, 5, 6, 7, 8, 9], [1, 2, 3, 4, 5, 6, 7, 8, 9], [3], [1, 2, 3, 4, 5, 6, 7, 8, 9]], [[1, 2, 3, 4, 5, 6, 7, 8, 9], [1, 2, 3, 4, 5, 6, 7, 8, 9], [1, 2, 3, 4, 5, 6, 7, 8, 9], [1, 2, 3, 4, 5, 6, 7, 8, 9], [9], [1, 2, 3, 4, 5, 6, 7, 8, 9], [1, 2, 3, 4, 5, 6, 7, 8, 9], [4], [7]]]]
INFO:root:5226:Doing checkSmall1
INFO:root:5226:Getting tiny MUSes, distance 1, for 702 puzlits, 1 repeats
INFO:root:5285:Chunked 702 in [44, 44, 44, 44, 44, 44, 44, 44, 44, 44, 44, 44, 44, 44, 43, 43]
INFO:root:5404:XX found first (3, 3) is not 5 1
INFO:root:5404:XX found first (3, 6) is not 3 1
INFO:root:5404:XX found first (9, 6) is not 7 1
INFO:root:5404:XX found first (3, 3) is not 7 1
INFO:root:5404:XX found first (6, 8) is not 1 1
INFO:root:5404:XX found first (1, 7) is not 2 1
INFO:root:5404:XX found first (3, 6) is not 2 1
INFO:root:5404:XX found first (1, 7) is not 3 1
INFO:root:5404:XX found first (7, 8) is not 8 1
INFO:root:5404:XX found first (6, 7) is not 8 1
INFO:root:5405:XX found first (8, 4) is not 9 1
INFO:root:5405:XX found first (3, 8) is not 7 1
INFO:root:5405:XX found first (6, 7) is not 1 1
INFO:root:5405:XX found first (6, 5) is not 7 1
INFO:root:5405:XX found first (6, 5) is not 9 1
INFO:root:5405:XX found first (8, 1) is not 1 1
INFO:root:5405:XX found first (1, 7) is not 8 1
INFO:root:5405:XX found first (6, 1) is not 7 1
INFO:root:5405:XX found first (4, 1) is not 8 1
INFO:root:5405:XX found first (6, 2) is not 4 1
INFO:root:5405:XX found first (6, 9) is not 5 1
INFO:root:5405:XX found first (6, 3) is not 5 1
INFO:root:5405:XX found first (8, 6) is not 5 1
INFO:root:5405:XX found first (4, 2) is not 6 1
INFO:root:5405:XX found first (2, 4) is not 8 1
INFO:root:5405:XX found first (3, 7) is not 9 1
INFO:root:5405:XX found first (8, 8) is not 7 1
INFO:root:5405:XX found first (2, 7) is not 2 1
INFO:root:5405:XX found first (9, 9) is not 5 1
INFO:root:5405:XX found first (2, 4) is not 3 1
INFO:root:5405:XX found first (3, 1) is not 9 1
INFO:root:5405:XX found first (7, 4) is not 2 1
INFO:root:5405:XX found first (6, 6) is not 8 1
INFO:root:5405:XX found first (1, 9) is not 3 1
INFO:root:5406:XX found first (8, 3) is not 3 1
INFO:root:5406:XX found first (9, 6) is not 8 1
INFO:root:5406:XX found first (7, 9) is not 7 1
INFO:root:5406:XX found first (6, 7) is not 6 1
INFO:root:5406:XX found first (2, 9) is not 4 1
INFO:root:5406:XX found first (4, 2) is not 8 1
INFO:root:5406:XX found first (4, 8) is not 4 1
INFO:root:5406:XX found first (5, 8) is not 8 1
INFO:root:5406:XX found first (5, 6) is not 8 1
INFO:root:5406:XX found first (4, 4) is not 1 1
INFO:root:5406:XX found first (9, 9) is not 9 1
INFO:root:5406:XX found first (7, 9) is not 3 1
INFO:root:5406:XX found first (9, 2) is not 9 1
INFO:root:5406:XX found first (6, 1) is not 8 1
INFO:root:5406:XX found first (9, 6) is not 4 1
INFO:root:5406:XX found first (3, 4) is not 7 1
INFO:root:5406:XX found first (7, 5) is not 1 1
INFO:root:5406:XX found first (5, 7) is not 8 1
INFO:root:5406:XX found first (7, 5) is not 2 1
INFO:root:5406:XX found first (2, 9) is not 9 1
INFO:root:5406:XX found first (3, 9) is not 1 1
INFO:root:5407:XX found first (6, 5) is not 5 1
INFO:root:5407:XX found first (2, 5) is not 2 1
INFO:root:5407:XX found first (9, 8) is not 2 1
INFO:root:5407:XX found first (5, 5) is not 6 1
INFO:root:5407:XX found first (9, 9) is not 4 1
INFO:root:5407:XX found first (5, 8) is not 9 1
INFO:root:5407:XX found first (6, 8) is not 9 1
INFO:root:5407:XX found first (7, 5) is not 8 1
INFO:root:5407:XX found first (3, 6) is not 4 1
INFO:root:5407:XX found first (5, 5) is not 9 1
INFO:root:5407:XX found first (7, 3) is not 9 1
INFO:root:5407:XX found first (8, 9) is not 7 1
INFO:root:5407:XX found first (8, 8) is not 8 1
INFO:root:5407:XX found first (6, 4) is not 3 1
INFO:root:5407:XX found first (8, 8) is not 6 1
INFO:root:5407:XX found first (5, 5) is not 5 1
INFO:root:5407:XX found first (3, 7) is not 3 1
INFO:root:5407:XX found first (4, 8) is not 6 1
INFO:root:5407:XX found first (6, 8) is not 3 1
INFO:root:5407:XX found first (5, 6) is not 1 1
INFO:root:5407:XX found first (3, 5) is not 2 1
INFO:root:5407:XX found first (6, 6) is not 3 1
INFO:root:5407:XX found first (5, 4) is not 8 1
INFO:root:5407:XX found first (4, 6) is not 8 1
INFO:root:5408:XX found first (5, 2) is not 6 1
INFO:root:5408:XX found first (9, 1) is not 4 1
INFO:root:5408:XX found first (8, 1) is not 5 1
INFO:root:5408:XX found first (3, 6) is not 5 1
INFO:root:5408:XX found first (9, 7) is not 3 1
INFO:root:5408:XX found first (8, 8) is not 1 1
INFO:root:5408:XX found first (2, 6) is not 1 1
INFO:root:5408:XX found first (4, 8) is not 7 1
INFO:root:5408:XX found first (9, 7) is not 1 1
INFO:root:5408:XX found first (4, 1) is not 1 1
INFO:root:5408:XX found first (9, 3) is not 7 1
INFO:root:5408:XX found first (3, 9) is not 7 1
INFO:root:5408:XX found first (8, 8) is not 5 1
INFO:root:5408:XX found first (5, 3) is not 9 1
INFO:root:5408:XX found first (1, 9) is not 2 1
INFO:root:5408:XX found first (5, 6) is not 2 1
INFO:root:5408:XX found first (1, 8) is not 7 1
INFO:root:5408:XX found first (5, 9) is not 3 1
INFO:root:5408:XX found first (6, 4) is not 6 1
INFO:root:5408:XX found first (6, 3) is not 6 1
INFO:root:5408:XX found first (7, 7) is not 7 1
INFO:root:5408:XX found first (3, 2) is not 4 1
INFO:root:5408:XX found first (8, 7) is not 2 1
INFO:root:5408:XX found first (8, 7) is not 8 1
INFO:root:5409:XX found first (1, 2) is not 2 1
INFO:root:5409:XX found first (2, 8) is not 7 1
INFO:root:5409:XX found first (2, 1) is not 3 1
INFO:root:5409:XX found first (8, 5) is not 9 1
INFO:root:5409:XX found first (4, 8) is not 2 1
INFO:root:5409:XX found first (7, 7) is not 2 1
INFO:root:5409:XX found first (9, 7) is not 4 1
INFO:root:5409:XX found first (1, 2) is not 8 1
INFO:root:5409:XX found first (8, 1) is not 4 1
INFO:root:5409:XX found first (8, 1) is not 3 1
INFO:root:5409:XX found first (6, 9) is not 2 1
INFO:root:5409:XX found first (3, 6) is not 9 1
INFO:root:5409:XX found first (7, 9) is not 5 1
INFO:root:5409:XX found first (2, 2) is not 9 1
INFO:root:5409:XX found first (9, 8) is not 5 1
INFO:root:5409:XX found first (6, 9) is not 8 1
INFO:root:5409:XX found first (9, 5) is not 6 1
INFO:root:5409:XX found first (8, 2) is not 9 1
INFO:root:5409:XX found first (7, 9) is not 8 1
INFO:root:5409:XX found first (5, 5) is not 2 1
INFO:root:5409:XX found first (4, 5) is not 9 1
INFO:root:5409:XX found first (8, 1) is not 6 1
INFO:root:5409:XX found first (3, 5) is not 1 1
INFO:root:5409:XX found first (7, 6) is not 2 1
INFO:root:5409:XX found first (2, 7) is not 8 1
INFO:root:5410:XX found first (1, 9) is not 8 1
INFO:root:5410:XX found first (4, 1) is not 5 1
INFO:root:5410:XX found first (5, 4) is not 2 1
INFO:root:5410:XX found first (5, 2) is not 7 1
INFO:root:5410:XX found first (4, 7) is not 3 1
INFO:root:5410:XX found first (8, 2) is not 2 1
INFO:root:5410:XX found first (7, 4) is not 3 1
INFO:root:5410:XX found first (4, 1) is not 4 1
INFO:root:5410:XX found first (8, 8) is not 4 1
INFO:root:5410:XX found first (1, 1) is not 7 1
INFO:root:5410:XX found first (6, 5) is not 2 1
INFO:root:5410:XX found first (1, 2) is not 6 1
INFO:root:5410:XX found first (8, 5) is not 6 1
INFO:root:5410:XX found first (1, 5) is not 3 1
INFO:root:5410:XX found first (2, 4) is not 2 1
INFO:root:5410:XX found first (8, 5) is not 2 1
INFO:root:5410:XX found first (7, 5) is not 5 1
INFO:root:5410:XX found first (2, 3) is not 5 1
INFO:root:5410:XX found first (4, 5) is not 5 1
INFO:root:5410:XX found first (9, 5) is not 8 1
INFO:root:5410:XX found first (4, 1) is not 2 1
INFO:root:5410:XX found first (9, 1) is not 7 1
INFO:root:5410:XX found first (5, 7) is not 2 1
INFO:root:5411:XX found first (9, 9) is not 6 1
INFO:root:5411:XX found first (6, 5) is not 4 1
INFO:root:5411:XX found first (1, 5) is not 1 1
INFO:root:5411:XX found first (1, 3) is not 3 1
INFO:root:5411:XX found first (5, 3) is not 3 1
INFO:root:5411:XX found first (5, 1) is not 3 1
INFO:root:5411:XX found first (3, 4) is not 8 1
INFO:root:5411:XX found first (3, 3) is not 6 1
INFO:root:5411:XX found first (5, 5) is not 3 1
INFO:root:5411:XX found first (2, 5) is not 9 1
INFO:root:5411:XX found first (4, 7) is not 8 1
INFO:root:5411:XX found first (7, 4) is not 5 1
INFO:root:5411:XX found first (5, 4) is not 1 1
INFO:root:5411:XX found first (2, 9) is not 6 1
INFO:root:5411:XX found first (7, 8) is not 5 1
INFO:root:5411:XX found first (1, 4) is not 1 1
INFO:root:5411:XX found first (7, 1) is not 6 1
INFO:root:5411:XX found first (1, 8) is not 3 1
INFO:root:5411:XX found first (9, 5) is not 5 1
INFO:root:5411:XX found first (7, 8) is not 6 1
INFO:root:5411:XX found first (9, 2) is not 2 1
INFO:root:5411:XX found first (7, 4) is not 7 1
INFO:root:5412:XX found first (8, 9) is not 3 1
INFO:root:5412:XX found first (7, 6) is not 9 1
INFO:root:5412:XX found first (4, 9) is not 8 1
INFO:root:5412:XX found first (4, 3) is not 9 1
INFO:root:5412:XX found first (4, 2) is not 5 1
INFO:root:5412:XX found first (9, 8) is not 3 1
INFO:root:5412:XX found first (5, 5) is not 7 1
INFO:root:5412:XX found first (4, 7) is not 7 1
INFO:root:5412:XX found first (6, 4) is not 8 1
INFO:root:5412:XX found first (7, 2) is not 8 1
INFO:root:5412:XX found first (7, 6) is not 6 1
INFO:root:5412:XX found first (6, 1) is not 3 1
INFO:root:5412:XX found first (9, 4) is not 1 1
INFO:root:5412:XX found first (6, 3) is not 9 1
INFO:root:5412:XX found first (9, 3) is not 9 1
INFO:root:5412:XX found first (3, 2) is not 8 1
INFO:root:5412:XX found first (4, 4) is not 4 1
INFO:root:5412:XX found first (5, 4) is not 6 1
INFO:root:5412:XX found first (3, 4) is not 9 1
INFO:root:5412:XX found first (6, 6) is not 1 1
INFO:root:5412:XX found first (7, 2) is not 6 1
INFO:root:5412:XX found first (6, 9) is not 6 1
INFO:root:5412:XX found first (7, 7) is not 9 1
INFO:root:5412:XX found first (8, 3) is not 2 1
INFO:root:5413:XX found first (9, 4) is not 6 1
INFO:root:5413:XX found first (9, 8) is not 1 1
INFO:root:5413:XX found first (2, 6) is not 5 1
INFO:root:5413:XX found first (7, 3) is not 3 1
INFO:root:5413:XX found first (3, 4) is not 2 1
INFO:root:5413:XX found first (3, 8) is not 3 1
INFO:root:5413:XX found first (1, 2) is not 7 1
INFO:root:5413:XX found first (1, 5) is not 7 1
INFO:root:5413:XX found first (7, 6) is not 1 1
INFO:root:5413:XX found first (7, 5) is not 9 1
INFO:root:5413:XX found first (2, 4) is not 6 1
INFO:root:5413:XX found first (2, 9) is not 7 1
INFO:root:5413:XX found first (2, 3) is not 3 1
INFO:root:5413:XX found first (3, 6) is not 6 1
INFO:root:5413:XX found first (8, 7) is not 1 1
INFO:root:5413:XX found first (1, 4) is not 5 1
INFO:root:5413:XX found first (8, 8) is not 9 1
INFO:root:5413:XX found first (1, 9) is not 5 1
INFO:root:5413:XX found first (7, 8) is not 3 1
INFO:root:5413:XX found first (1, 2) is not 4 1
INFO:root:5413:XX found first (7, 6) is not 8 1
INFO:root:5413:XX found first (2, 8) is not 5 1
INFO:root:5413:XX found first (6, 3) is not 1 1
INFO:root:5414:XX found first (9, 1) is not 8 1
INFO:root:5414:XX found first (6, 6) is not 5 1
INFO:root:5414:XX found first (4, 2) is not 9 1
INFO:root:5414:XX found first (9, 7) is not 7 1
INFO:root:5414:XX found first (6, 2) is not 5 1
INFO:root:5414:XX found first (7, 7) is not 5 1
INFO:root:5414:XX found first (8, 4) is not 5 1
INFO:root:5414:XX found first (9, 8) is not 6 1
INFO:root:5414:XX found first (4, 5) is not 7 1
INFO:root:5414:XX found first (5, 8) is not 7 1
INFO:root:5414:XX found first (2, 3) is not 8 1
INFO:root:5414:XX found first (3, 8) is not 9 1
INFO:root:5414:XX found first (7, 3) is not 8 1
INFO:root:5414:XX found first (1, 3) is not 5 1
INFO:root:5414:XX found first (8, 6) is not 3 1
INFO:root:5414:XX found first (9, 2) is not 4 1
INFO:root:5414:XX found first (1, 6) is not 1 1
INFO:root:5414:XX found first (6, 6) is not 6 1
INFO:root:5414:XX found first (5, 4) is not 9 1
INFO:root:5414:XX found first (5, 9) is not 2 1
INFO:root:5414:XX found first (9, 5) is not 2 1
INFO:root:5414:XX found first (3, 4) is not 4 1
INFO:root:5414:XX found first (4, 5) is not 3 1
INFO:root:5414:XX found first (2, 6) is not 2 1
INFO:root:5415:XX found first (9, 5) is not 4 1
INFO:root:5415:XX found first (1, 5) is not 6 1
INFO:root:5415:XX found first (7, 9) is not 6 1
INFO:root:5415:XX found first (7, 8) is not 2 1
INFO:root:5415:XX found first (8, 4) is not 6 1
INFO:root:5415:XX found first (4, 4) is not 5 1
INFO:root:5415:XX found first (1, 7) is not 1 1
INFO:root:5415:XX found first (5, 3) is not 8 1
INFO:root:5415:XX found first (7, 3) is not 5 1
INFO:root:5415:XX found first (4, 3) is not 3 1
INFO:root:5415:XX found first (2, 7) is not 3 1
INFO:root:5415:XX found first (8, 6) is not 9 1
INFO:root:5415:XX found first (2, 5) is not 3 1
INFO:root:5415:XX found first (2, 1) is not 5 1
INFO:root:5415:XX found first (2, 2) is not 1 1
INFO:root:5415:XX found first (8, 7) is not 3 1
INFO:root:5415:XX found first (2, 5) is not 1 1
INFO:root:5415:XX found first (6, 8) is not 2 1
INFO:root:5415:XX found first (7, 6) is not 7 1
INFO:root:5415:XX found first (6, 9) is not 1 1
INFO:root:5415:XX found first (9, 4) is not 9 1
INFO:root:5415:XX found first (6, 7) is not 2 1
INFO:root:5415:XX found first (1, 8) is not 5 1
INFO:root:5415:XX found first (1, 1) is not 9 1
INFO:root:5415:XX found first (4, 8) is not 3 1
INFO:root:5416:XX found first (6, 2) is not 1 1
INFO:root:5416:XX found first (2, 6) is not 3 1
INFO:root:5416:XX found first (5, 8) is not 4 1
INFO:root:5416:XX found first (3, 2) is not 2 1
INFO:root:5416:XX found first (3, 5) is not 9 1
INFO:root:5416:XX found first (4, 3) is not 4 1
INFO:root:5416:XX found first (2, 8) is not 3 1
INFO:root:5416:XX found first (3, 8) is not 5 1
INFO:root:5416:XX found first (2, 1) is not 2 1
INFO:root:5416:XX found first (6, 2) is not 3 1
INFO:root:5416:XX found first (3, 4) is not 6 1
INFO:root:5416:XX found first (5, 1) is not 9 1
INFO:root:5416:XX found first (1, 1) is not 4 1
INFO:root:5416:XX found first (5, 7) is not 9 1
INFO:root:5416:XX found first (5, 7) is not 5 1
INFO:root:5416:XX found first (7, 1) is not 5 1
INFO:root:5416:XX found first (4, 3) is not 8 1
INFO:root:5416:XX found first (4, 3) is not 5 1
INFO:root:5416:XX found first (2, 1) is not 9 1
INFO:root:5416:XX found first (5, 3) is not 4 1
INFO:root:5416:XX found first (2, 9) is not 2 1
INFO:root:5416:XX found first (1, 1) is not 5 1
INFO:root:5416:XX found first (3, 7) is not 8 1
INFO:root:5416:XX found first (6, 3) is not 2 1
INFO:root:5417:XX found first (5, 7) is not 1 1
INFO:root:5417:XX found first (3, 3) is not 2 1
INFO:root:5417:XX found first (4, 7) is not 5 1
INFO:root:5417:XX found first (9, 9) is not 2 1
INFO:root:5417:XX found first (2, 3) is not 9 1
INFO:root:5417:XX found first (9, 9) is not 3 1
INFO:root:5417:XX found first (5, 2) is not 1 1
INFO:root:5417:XX found first (9, 2) is not 8 1
INFO:root:5417:XX found first (7, 7) is not 3 1
INFO:root:5417:XX found first (3, 3) is not 8 1
INFO:root:5417:XX found first (3, 1) is not 5 1
INFO:root:5417:XX found first (2, 2) is not 8 1
INFO:root:5417:XX found first (4, 5) is not 6 1
INFO:root:5417:XX found first (8, 1) is not 9 1
INFO:root:5417:XX found first (6, 1) is not 6 1
INFO:root:5417:XX found first (5, 6) is not 5 1
INFO:root:5417:XX found first (8, 2) is not 4 1
INFO:root:5417:XX found first (4, 2) is not 2 1
INFO:root:5417:XX found first (1, 3) is not 9 1
INFO:root:5417:XX found first (8, 6) is not 8 1
INFO:root:5417:XX found first (5, 9) is not 5 1
INFO:root:5417:XX found first (4, 4) is not 6 1
INFO:root:5417:XX found first (6, 7) is not 5 1
INFO:root:5418:XX found first (2, 5) is not 6 1
INFO:root:5418:XX found first (4, 4) is not 8 1
INFO:root:5418:XX found first (1, 8) is not 2 1
INFO:root:5418:XX found first (3, 9) is not 9 1
INFO:root:5418:XX found first (5, 2) is not 3 1
INFO:root:5418:XX found first (5, 9) is not 1 1
INFO:root:5418:XX found first (6, 5) is not 3 1
INFO:root:5418:XX found first (2, 2) is not 7 1
INFO:root:5418:XX found first (4, 7) is not 2 1
INFO:root:5418:XX found first (7, 2) is not 9 1
INFO:root:5418:XX found first (4, 1) is not 9 1
INFO:root:5418:XX found first (9, 1) is not 9 1
INFO:root:5418:XX found first (8, 1) is not 7 1
INFO:root:5418:XX found first (6, 7) is not 7 1
INFO:root:5418:XX found first (5, 7) is not 7 1
INFO:root:5418:XX found first (9, 7) is not 9 1
INFO:root:5418:XX found first (6, 9) is not 7 1
INFO:root:5418:XX found first (7, 5) is not 6 1
INFO:root:5418:XX found first (3, 8) is not 1 1
INFO:root:5418:XX found first (9, 8) is not 7 1
INFO:root:5418:XX found first (8, 7) is not 7 1
INFO:root:5418:XX found first (3, 6) is not 1 1
INFO:root:5418:XX found first (7, 2) is not 4 1
INFO:root:5418:XX found first (1, 5) is not 5 1
INFO:root:5419:XX found first (5, 2) is not 5 1
INFO:root:5419:XX found first (2, 9) is not 1 1
INFO:root:5419:XX found first (3, 8) is not 2 1
INFO:root:5419:XX found first (1, 2) is not 9 1
INFO:root:5419:XX found first (4, 7) is not 4 1
INFO:root:5419:XX found first (5, 8) is not 3 1
INFO:root:5419:XX found first (6, 3) is not 4 1
INFO:root:5419:XX found first (8, 6) is not 2 1
INFO:root:5419:XX found first (6, 3) is not 7 1
INFO:root:5419:XX found first (5, 2) is not 8 1
INFO:root:5419:XX found first (6, 8) is not 4 1
INFO:root:5419:XX found first (9, 4) is not 5 1
INFO:root:5419:XX found first (4, 7) is not 9 1
INFO:root:5419:XX found first (6, 8) is not 6 1
INFO:root:5419:XX found first (5, 8) is not 5 1
INFO:root:5419:XX found first (6, 4) is not 7 1
INFO:root:5419:XX found first (2, 3) is not 2 1
INFO:root:5419:XX found first (4, 8) is not 1 1
INFO:root:5419:XX found first (2, 9) is not 8 1
INFO:root:5419:XX found first (3, 1) is not 2 1
INFO:root:5419:XX found first (6, 1) is not 4 1
INFO:root:5419:XX found first (1, 6) is not 5 1
INFO:root:5419:XX found first (8, 2) is not 3 1
INFO:root:5419:XX found first (8, 5) is not 1 1
INFO:root:5420:XX found first (7, 4) is not 8 1
INFO:root:5420:XX found first (6, 6) is not 7 1
INFO:root:5420:XX found first (8, 3) is not 9 1
INFO:root:5420:XX found first (1, 3) is not 8 1
INFO:root:5420:XX found first (8, 5) is not 8 1
INFO:root:5420:XX found first (4, 8) is not 8 1
INFO:root:5420:XX found first (4, 9) is not 2 1
INFO:root:5420:XX found first (9, 4) is not 7 1
INFO:root:5420:XX found first (5, 9) is not 7 1
INFO:root:5420:XX found first (2, 2) is not 3 1
INFO:root:5420:XX found first (3, 7) is not 1 1
INFO:root:5420:XX found first (7, 6) is not 3 1
INFO:root:5420:XX found first (3, 5) is not 6 1
INFO:root:5420:XX found first (6, 3) is not 8 1
INFO:root:5420:XX found first (1, 1) is not 1 1
INFO:root:5420:XX found first (9, 6) is not 9 1
INFO:root:5420:XX found first (1, 2) is not 3 1
INFO:root:5420:XX found first (9, 5) is not 7 1
INFO:root:5420:XX found first (6, 4) is not 1 1
INFO:root:5420:XX found first (8, 2) is not 8 1
INFO:root:5420:XX found first (4, 9) is not 4 1
INFO:root:5420:XX found first (6, 5) is not 1 1
INFO:root:5420:XX found first (4, 3) is not 1 1
INFO:root:5421:XX found first (9, 6) is not 5 1
INFO:root:5421:XX found first (8, 4) is not 3 1
INFO:root:5421:XX found first (3, 5) is not 8 1
INFO:root:5421:XX found first (3, 2) is not 9 1
INFO:root:5421:XX found first (9, 8) is not 9 1
INFO:root:5421:XX found first (7, 8) is not 7 1
INFO:root:5421:XX found first (3, 1) is not 8 1
INFO:root:5421:XX found first (5, 1) is not 8 1
INFO:root:5421:XX found first (5, 5) is not 8 1
INFO:root:5421:XX found first (9, 5) is not 3 1
INFO:root:5421:XX found first (9, 9) is not 1 1
INFO:root:5421:XX found first (5, 3) is not 2 1
INFO:root:5421:XX found first (7, 4) is not 9 1
INFO:root:5421:XX found first (4, 9) is not 5 1
INFO:root:5421:XX found first (9, 5) is not 1 1
INFO:root:5421:XX found first (3, 3) is not 1 1
INFO:root:5421:XX found first (6, 2) is not 2 1
INFO:root:5421:XX found first (2, 9) is not 5 1
INFO:root:5421:XX found first (8, 6) is not 6 1
INFO:root:5421:XX found first (7, 4) is not 1 1
INFO:root:5421:XX found first (1, 9) is not 7 1
INFO:root:5421:XX found first (5, 6) is not 6 1
INFO:root:5421:XX found first (9, 2) is not 7 1
INFO:root:5421:XX found first (5, 5) is not 4 1
INFO:root:5421:XX found first (9, 1) is not 2 1
INFO:root:5422:XX found first (5, 1) is not 1 1
INFO:root:5422:XX found first (8, 5) is not 3 1
INFO:root:5422:XX found first (2, 4) is not 1 1
INFO:root:5422:XX found first (2, 1) is not 8 1
INFO:root:5422:XX found first (5, 8) is not 1 1
INFO:root:5422:XX found first (7, 4) is not 4 1
INFO:root:5422:XX found first (6, 2) is not 7 1
INFO:root:5422:XX found first (4, 8) is not 9 1
INFO:root:5422:XX found first (5, 3) is not 1 1
INFO:root:5422:XX found first (1, 8) is not 8 1
INFO:root:5422:XX found first (4, 5) is not 1 1
INFO:root:5422:XX found first (6, 7) is not 3 1
INFO:root:5422:XX found first (1, 1) is not 2 1
INFO:root:5422:XX found first (9, 8) is not 8 1
INFO:root:5422:XX found first (4, 6) is not 5 1
INFO:root:5422:XX found first (3, 9) is not 8 1
INFO:root:5422:XX found first (4, 2) is not 7 1
INFO:root:5422:XX found first (3, 2) is not 5 1
INFO:root:5422:XX found first (6, 8) is not 8 1
INFO:root:5422:XX found first (7, 8) is not 4 1
INFO:root:5422:XX found first (2, 2) is not 5 1
INFO:root:5422:XX found first (8, 4) is not 1 1
INFO:root:5422:XX found first (1, 7) is not 5 1
INFO:root:5422:XX found first (8, 8) is not 2 1
INFO:root:5423:XX found first (4, 9) is not 7 1
INFO:root:5423:XX found first (9, 3) is not 3 1
INFO:root:5423:XX found first (7, 2) is not 5 1
INFO:root:5423:XX found first (2, 5) is not 8 1
INFO:root:5423:XX found first (3, 8) is not 4 1
INFO:root:5423:XX found first (9, 4) is not 4 1
INFO:root:5423:XX found first (3, 1) is not 1 1
INFO:root:5423:XX found first (1, 1) is not 6 1
INFO:root:5423:XX found first (5, 6) is not 9 1
INFO:root:5423:XX found first (4, 6) is not 4 1
INFO:root:5423:XX found first (6, 2) is not 6 1
INFO:root:5423:XX found first (7, 3) is not 2 1
INFO:root:5423:XX found first (9, 3) is not 4 1
INFO:root:5423:XX found first (5, 2) is not 2 1
INFO:root:5423:XX found first (3, 4) is not 5 1
INFO:root:5423:XX found first (4, 2) is not 1 1
INFO:root:5423:XX found first (6, 8) is not 5 1
INFO:root:5423:XX found first (7, 3) is not 6 1
INFO:root:5423:XX found first (6, 1) is not 9 1
INFO:root:5423:XX found first (2, 2) is not 4 1
INFO:root:5423:XX found first (9, 2) is not 5 1
INFO:root:5423:XX found first (3, 6) is not 7 1
INFO:root:5423:XX found first (4, 2) is not 3 1
INFO:root:5423:XX found first (8, 9) is not 4 1
INFO:root:5424:XX found first (9, 9) is not 8 1
INFO:root:5424:XX found first (1, 5) is not 8 1
INFO:root:5424:XX found first (3, 8) is not 8 1
INFO:root:5424:XX found first (2, 6) is not 8 1
INFO:root:5424:XX found first (3, 3) is not 4 1
INFO:root:5424:XX found first (3, 4) is not 3 1
INFO:root:5424:XX found first (7, 7) is not 4 1
INFO:root:5424:XX found first (4, 7) is not 6 1
INFO:root:5424:XX found first (1, 6) is not 2 1
INFO:root:5424:XX found first (6, 5) is not 8 1
INFO:root:5424:XX found first (8, 2) is not 5 1
INFO:root:5424:XX found first (4, 9) is not 1 1
INFO:root:5424:XX found first (5, 1) is not 4 1
INFO:root:5424:XX found first (2, 7) is not 1 1
INFO:root:5424:XX found first (8, 7) is not 4 1
INFO:root:5424:XX found first (7, 7) is not 6 1
INFO:root:5424:XX found first (8, 9) is not 2 1
INFO:root:5424:XX found first (6, 1) is not 2 1
INFO:root:5424:XX found first (2, 8) is not 2 1
INFO:root:5424:XX found first (7, 9) is not 4 1
INFO:root:5424:XX found first (7, 2) is not 2 1
INFO:root:5424:XX found first (1, 5) is not 4 1
INFO:root:5424:XX found first (3, 9) is not 3 1
INFO:root:5424:XX found first (7, 1) is not 8 1
INFO:root:5425:XX found first (4, 5) is not 2 1
INFO:root:5425:XX found first (6, 9) is not 3 1
INFO:root:5425:XX found first (8, 5) is not 5 1
INFO:root:5425:XX found first (3, 3) is not 3 1
INFO:root:5425:XX found first (4, 9) is not 3 1
INFO:root:5425:XX found first (7, 6) is not 4 1
INFO:root:5425:XX found first (8, 9) is not 8 1
INFO:root:5425:XX found first (2, 2) is not 6 1
INFO:root:5425:XX found first (1, 4) is not 2 1
INFO:root:5425:XX found first (1, 8) is not 4 1
INFO:root:5425:XX found first (1, 2) is not 1 1
INFO:root:5425:XX found first (9, 6) is not 6 1
INFO:root:5425:XX found first (8, 4) is not 2 1
INFO:root:5425:XX found first (1, 6) is not 8 1
INFO:root:5425:XX found first (4, 6) is not 6 1
INFO:root:5425:XX found first (5, 8) is not 6 1
INFO:root:5425:XX found first (1, 1) is not 3 1
INFO:root:5425:XX found first (9, 7) is not 8 1
INFO:root:5425:XX found first (5, 9) is not 9 1
INFO:root:5425:XX found first (1, 4) is not 8 1
INFO:root:5425:XX found first (4, 1) is not 3 1
INFO:root:5425:XX found first (4, 5) is not 4 1
INFO:root:5425:XX found first (1, 4) is not 6 1
INFO:root:5425:XX found first (3, 2) is not 1 1
INFO:root:5426:XX found first (9, 3) is not 2 1
INFO:root:5426:XX found first (1, 5) is not 9 1
INFO:root:5426:XX found first (1, 3) is not 2 1
INFO:root:5426:XX found first (7, 7) is not 1 1
INFO:root:5426:XX found first (7, 1) is not 2 1
INFO:root:5426:XX found first (8, 1) is not 8 1
INFO:root:5426:XX found first (5, 2) is not 4 1
INFO:root:5426:XX found first (4, 6) is not 1 1
INFO:root:5426:XX found first (5, 1) is not 2 1
INFO:root:5426:XX found first (6, 2) is not 9 1
INFO:root:5426:XX found first (2, 8) is not 4 1
INFO:root:5439:Early exit from checkSmall1
INFO:root:5504:Starting Step 2
INFO:root:6016:Current state [[[[8], [5], [1, 4, 6, 7], [3, 4, 7, 9], [2], [3, 4, 6, 7, 9], [4, 6, 7, 9], [1, 6, 9], [1, 4, 6, 9]], [[1, 4, 6, 7], [2], [1, 4, 6, 7], [4, 5, 7, 9], [4, 5, 7], [4, 6, 7, 9], [4, 5, 6, 7, 9], [1, 6, 8, 9], [3]], [[3, 4, 6, 7], [3, 6, 7], [9], [1], [3, 4, 5, 7], [8], [2, 4, 5, 6, 7], [6], [2, 4, 5, 6]], [[6, 7], [4], [2, 6, 7], [2, 3, 7, 9], [8], [2, 3, 7, 9], [1], [5], [6, 9]], [[5, 6, 7], [9], [5, 6, 7], [3, 4, 5, 7], [1], [3, 4, 7], [3, 4, 6], [2], [4, 6, 8]], [[1, 5], [8], [3], [2, 4, 5, 9], [6], [2, 4, 9], [4, 9], [7], [4, 9]], [[1, 3, 4, 7, 9], [1, 3, 7], [1, 4, 7], [6], [3, 4, 7], [5], [8], [1, 9], [1, 2, 9]], [[2], [1, 6, 7], [1, 4, 5, 6, 7, 8], [4, 7, 8], [4, 7], [1, 4, 7], [5, 6, 9], [3], [1, 5, 6, 9]], [[1, 3, 5, 6], [1, 3, 6], [1, 5, 6, 8], [2, 3, 8], [9], [1, 2, 3], [2, 5, 6], [4], [7]]]]
INFO:root:6016:Doing checkSmall1
INFO:root:6016:Getting tiny MUSes, distance 1, for 183 puzlits, 1 repeats
INFO:root:6053:Chunked 183 in [12, 12, 12, 12, 12, 12, 12, 11, 11, 11, 11, 11, 11, 11, 11, 11]
INFO:root:6093:XX found first (2, 8) is 8 1
INFO:root:6093:XX found first (5, 7) is 3 1
INFO:root:6093:XX found first (4, 3) is 2 1
INFO:root:6093:XX found first (7, 1) is 9 1
INFO:root:6093:XX found first (6, 1) is 1 1
INFO:root:6093:XX found first (7, 9) is 2 1
INFO:root:6094:XX found first (5, 9) is 8 1
INFO:root:6094:XX found first (3, 8) is 6 1
INFO:root:6105:Early exit from checkSmall1
INFO:root:6134:Starting Step 3
INFO:root:6651:Current state [[[[8], [5], [1, 4, 6, 7], [3, 4, 7, 9], [2], [3, 4, 6, 7, 9], [4, 6, 7, 9], [1, 6, 9], [1, 4, 6, 9]], [[1, 4, 6, 7], [2], [1, 4, 6, 7], [4, 5, 7, 9], [4, 5, 7], [4, 6, 7, 9], [4, 5, 6, 7, 9], [8], [3]], [[3, 4, 6, 7], [3, 6, 7], [9], [1], [3, 4, 5, 7], [8], [2, 4, 5, 6, 7], [6], [2, 4, 5, 6]], [[6, 7], [4], [2], [2, 3, 7, 9], [8], [2, 3, 7, 9], [1], [5], [6, 9]], [[5, 6, 7], [9], [5, 6, 7], [3, 4, 5, 7], [1], [3, 4, 7], [3], [2], [8]], [[1], [8], [3], [2, 4, 5, 9], [6], [2, 4, 9], [4, 9], [7], [4, 9]], [[9], [1, 3, 7], [1, 4, 7], [6], [3, 4, 7], [5], [8], [1, 9], [2]], [[2], [1, 6, 7], [1, 4, 5, 6, 7, 8], [4, 7, 8], [4, 7], [1, 4, 7], [5, 6, 9], [3], [1, 5, 6, 9]], [[1, 3, 5, 6], [1, 3, 6], [1, 5, 6, 8], [2, 3, 8], [9], [1, 2, 3], [2, 5, 6], [4], [7]]]]
INFO:root:6651:Doing checkSmall1
INFO:root:6651:Getting tiny MUSes, distance 1, for 175 puzlits, 1 repeats
INFO:root:6687:Chunked 175 in [11, 11, 11, 11, 11, 11, 11, 11, 11, 11, 11, 11, 11, 11, 11, 10]
INFO:root:6720:XX found first (3, 7) is not 6 1
INFO:root:6720:XX found first (7, 9) is not 9 1
INFO:root:6720:XX found first (2, 8) is not 9 1
INFO:root:6720:XX found first (1, 7) is not 6 1
INFO:root:6720:XX found first (3, 9) is not 6 1
INFO:root:6720:XX found first (7, 8) is not 9 1
INFO:root:6720:XX found first (2, 7) is not 6 1
INFO:root:6720:XX found first (4, 3) is not 6 1
INFO:root:6720:XX found first (5, 4) is not 3 1
INFO:root:6720:XX found first (4, 6) is not 2 1
INFO:root:6720:XX found first (7, 1) is not 1 1
INFO:root:6720:XX found first (3, 9) is not 2 1
INFO:root:6720:XX found first (5, 9) is not 4 1
INFO:root:6720:XX found first (5, 9) is not 6 1
INFO:root:6720:XX found first (9, 7) is not 2 1
INFO:root:6721:XX found first (3, 2) is not 6 1
INFO:root:6721:XX found first (4, 3) is not 7 1
INFO:root:6721:XX found first (6, 1) is not 5 1
INFO:root:6721:XX found first (3, 1) is not 6 1
INFO:root:6721:XX found first (5, 7) is not 6 1
INFO:root:6721:XX found first (7, 1) is not 3 1
INFO:root:6721:XX found first (5, 6) is not 3 1
INFO:root:6721:XX found first (5, 7) is not 4 1
INFO:root:6721:XX found first (1, 9) is not 6 1
INFO:root:6721:XX found first (2, 8) is not 6 1
INFO:root:6721:XX found first (7, 9) is not 1 1
INFO:root:6721:XX found first (7, 1) is not 7 1
INFO:root:6721:XX found first (4, 4) is not 2 1
INFO:root:6721:XX found first (1, 8) is not 6 1
INFO:root:6721:XX found first (2, 1) is not 1 1
INFO:root:6721:XX found first (2, 8) is not 1 1
INFO:root:6721:XX found first (7, 1) is not 4 1
INFO:root:6721:XX found first (9, 1) is not 1 1
INFO:root:6733:Early exit from checkSmall1
INFO:root:6744:Starting Step 4
INFO:root:7288:Current state [[[[8], [5], [1, 4, 6, 7], [3, 4, 7, 9], [2], [3, 4, 6, 7, 9], [4, 7, 9], [1, 9], [1, 4, 9]], [[4, 6, 7], [2], [1, 4, 6, 7], [4, 5, 7, 9], [4, 5, 7], [4, 6, 7, 9], [4, 5, 7, 9], [8], [3]], [[3, 4, 7], [3, 7], [9], [1], [3, 4, 5, 7], [8], [2, 4, 5, 7], [6], [4, 5]], [[6, 7], [4], [2], [3, 7, 9], [8], [3, 7, 9], [1], [5], [6, 9]], [[5, 6, 7], [9], [5, 6, 7], [4, 5, 7], [1], [4, 7], [3], [2], [8]], [[1], [8], [3], [2, 4, 5, 9], [6], [2, 4, 9], [4, 9], [7], [4, 9]], [[9], [1, 3, 7], [1, 4, 7], [6], [3, 4, 7], [5], [8], [1], [2]], [[2], [1, 6, 7], [1, 4, 5, 6, 7, 8], [4, 7, 8], [4, 7], [1, 4, 7], [5, 6, 9], [3], [1, 5, 6, 9]], [[3, 5, 6], [1, 3, 6], [1, 5, 6, 8], [2, 3, 8], [9], [1, 2, 3], [5, 6], [4], [7]]]]
INFO:root:7289:Doing checkSmall1
INFO:root:7289:Getting tiny MUSes, distance 1, for 142 puzlits, 1 repeats
INFO:root:7324:Chunked 142 in [9, 9, 9, 9, 9, 9, 9, 9, 9, 9, 9, 9, 9, 9, 8, 8]
INFO:root:7359:XX found first (6, 4) is 5 1
INFO:root:7359:XX found first (1, 8) is 9 1
INFO:root:7359:XX found first (7, 8) is 1 1
INFO:root:7359:XX found first (3, 7) is 2 1
INFO:root:7359:XX found first (4, 9) is 6 1
INFO:root:7359:XX found first (2, 3) is 1 1
INFO:root:7371:Early exit from checkSmall1
INFO:root:7395:Starting Step 5
INFO:root:7936:Current state [[[[8], [5], [1, 4, 6, 7], [3, 4, 7, 9], [2], [3, 4, 6, 7, 9], [4, 7, 9], [9], [1, 4, 9]], [[4, 6, 7], [2], [1], [4, 5, 7, 9], [4, 5, 7], [4, 6, 7, 9], [4, 5, 7, 9], [8], [3]], [[3, 4, 7], [3, 7], [9], [1], [3, 4, 5, 7], [8], [2], [6], [4, 5]], [[6, 7], [4], [2], [3, 7, 9], [8], [3, 7, 9], [1], [5], [6]], [[5, 6, 7], [9], [5, 6, 7], [4, 5, 7], [1], [4, 7], [3], [2], [8]], [[1], [8], [3], [5], [6], [2, 4, 9], [4, 9], [7], [4, 9]], [[9], [1, 3, 7], [1, 4, 7], [6], [3, 4, 7], [5], [8], [1], [2]], [[2], [1, 6, 7], [1, 4, 5, 6, 7, 8], [4, 7, 8], [4, 7], [1, 4, 7], [5, 6, 9], [3], [1, 5, 6, 9]], [[3, 5, 6], [1, 3, 6], [1, 5, 6, 8], [2, 3, 8], [9], [1, 2, 3], [5, 6], [4], [7]]]]
INFO:root:7937:Doing checkSmall1
INFO:root:7937:Getting tiny MUSes, distance 1, for 136 puzlits, 1 repeats
INFO:root:7972:Chunked 136 in [9, 9, 9, 9, 9, 9, 9, 9, 8, 8, 8, 8, 8, 8, 8, 8]
INFO:root:7998:XX found first (4, 1) is not 6 1
INFO:root:7998:XX found first (6, 4) is not 9 1
INFO:root:7998:XX found first (2, 3) is not 7 1
INFO:root:7998:XX found first (2, 3) is not 4 1
INFO:root:7998:XX found first (5, 4) is not 5 1
INFO:root:7998:XX found first (2, 7) is not 9 1
INFO:root:7998:XX found first (8, 3) is not 1 1
INFO:root:7998:XX found first (8, 9) is not 6 1
INFO:root:7998:XX found first (3, 7) is not 4 1
INFO:root:7998:XX found first (1, 4) is not 9 1
INFO:root:7998:XX found first (2, 3) is not 6 1
INFO:root:7999:XX found first (7, 3) is not 1 1
INFO:root:7999:XX found first (1, 3) is not 1 1
INFO:root:7999:XX found first (6, 4) is not 4 1
INFO:root:7999:XX found first (8, 9) is not 1 1
INFO:root:7999:XX found first (1, 8) is not 1 1
INFO:root:7999:XX found first (1, 7) is not 9 1
INFO:root:7999:XX found first (9, 3) is not 1 1
INFO:root:7999:XX found first (7, 2) is not 1 1
INFO:root:7999:XX found first (1, 6) is not 9 1
INFO:root:7999:XX found first (1, 9) is not 9 1
INFO:root:7999:XX found first (6, 4) is not 2 1
INFO:root:7999:XX found first (2, 4) is not 5 1
INFO:root:7999:XX found first (4, 9) is not 9 1
INFO:root:7999:XX found first (3, 7) is not 7 1
INFO:root:7999:XX found first (3, 7) is not 5 1
INFO:root:8011:Early exit from checkSmall1
INFO:root:8021:Starting Step 6
INFO:root:8594:Current state [[[[8], [5], [4, 6, 7], [3, 4, 7], [2], [3, 4, 6, 7], [4, 7], [9], [1, 4]], [[4, 6, 7], [2], [1], [4, 7, 9], [4, 5, 7], [4, 6, 7, 9], [4, 5, 7], [8], [3]], [[3, 4, 7], [3, 7], [9], [1], [3, 4, 5, 7], [8], [2], [6], [4, 5]], [[7], [4], [2], [3, 7, 9], [8], [3, 7, 9], [1], [5], [6]], [[5, 6, 7], [9], [5, 6, 7], [4, 7], [1], [4, 7], [3], [2], [8]], [[1], [8], [3], [5], [6], [2, 4, 9], [4, 9], [7], [4, 9]], [[9], [3, 7], [4, 7], [6], [3, 4, 7], [5], [8], [1], [2]], [[2], [1, 6, 7], [4, 5, 6, 7, 8], [4, 7, 8], [4, 7], [1, 4, 7], [5, 6, 9], [3], [5, 9]], [[3, 5, 6], [1, 3, 6], [5, 6, 8], [2, 3, 8], [9], [1, 2, 3], [5, 6], [4], [7]]]]
INFO:root:8595:Doing checkSmall1
INFO:root:8595:Getting tiny MUSes, distance 1, for 110 puzlits, 1 repeats
INFO:root:8630:Chunked 110 in [7, 7, 7, 7, 7, 7, 7, 7, 7, 7, 7, 7, 7, 7, 6, 6]
INFO:root:8659:XX found first (6, 6) is 2 1
INFO:root:8659:XX found first (4, 1) is 7 1
INFO:root:8659:XX found first (9, 4) is 2 1
INFO:root:8659:XX found first (1, 9) is 1 1
INFO:root:8671:Early exit from checkSmall1
INFO:root:8689:Starting Step 7
INFO:root:9250:Current state [[[[8], [5], [4, 6, 7], [3, 4, 7], [2], [3, 4, 6, 7], [4, 7], [9], [1]], [[4, 6, 7], [2], [1], [4, 7, 9], [4, 5, 7], [4, 6, 7, 9], [4, 5, 7], [8], [3]], [[3, 4, 7], [3, 7], [9], [1], [3, 4, 5, 7], [8], [2], [6], [4, 5]], [[7], [4], [2], [3, 7, 9], [8], [3, 7, 9], [1], [5], [6]], [[5, 6, 7], [9], [5, 6, 7], [4, 7], [1], [4, 7], [3], [2], [8]], [[1], [8], [3], [5], [6], [2], [4, 9], [7], [4, 9]], [[9], [3, 7], [4, 7], [6], [3, 4, 7], [5], [8], [1], [2]], [[2], [1, 6, 7], [4, 5, 6, 7, 8], [4, 7, 8], [4, 7], [1, 4, 7], [5, 6, 9], [3], [5, 9]], [[3, 5, 6], [1, 3, 6], [5, 6, 8], [2], [9], [1, 2, 3], [5, 6], [4], [7]]]]
INFO:root:9251:Doing checkSmall1
INFO:root:9251:Getting tiny MUSes, distance 1, for 106 puzlits, 1 repeats
INFO:root:9286:Chunked 106 in [7, 7, 7, 7, 7, 7, 7, 7, 7, 7, 6, 6, 6, 6, 6, 6]
INFO:root:9311:XX found first (5, 1) is not 7 1
INFO:root:9311:XX found first (4, 4) is not 7 1
INFO:root:9311:XX found first (9, 4) is not 8 1
INFO:root:9312:XX found first (3, 1) is not 7 1
INFO:root:9312:XX found first (5, 3) is not 7 1
INFO:root:9312:XX found first (6, 6) is not 9 1
INFO:root:9312:XX found first (9, 4) is not 3 1
INFO:root:9312:XX found first (1, 9) is not 4 1
INFO:root:9312:XX found first (2, 1) is not 7 1
INFO:root:9312:XX found first (6, 6) is not 4 1
INFO:root:9312:XX found first (9, 6) is not 2 1
INFO:root:9312:XX found first (4, 6) is not 7 1
INFO:root:9324:Early exit from checkSmall1
INFO:root:9333:Starting Step 8
INFO:root:9903:Current state [[[[8], [5], [4, 6, 7], [3, 4, 7], [2], [3, 4, 6, 7], [4, 7], [9], [1]], [[4, 6], [2], [1], [4, 7, 9], [4, 5, 7], [4, 6, 7, 9], [4, 5, 7], [8], [3]], [[3, 4], [3, 7], [9], [1], [3, 4, 5, 7], [8], [2], [6], [4, 5]], [[7], [4], [2], [3, 9], [8], [3, 9], [1], [5], [6]], [[5, 6], [9], [5, 6], [4, 7], [1], [4, 7], [3], [2], [8]], [[1], [8], [3], [5], [6], [2], [4, 9], [7], [4, 9]], [[9], [3, 7], [4, 7], [6], [3, 4, 7], [5], [8], [1], [2]], [[2], [1, 6, 7], [4, 5, 6, 7, 8], [4, 7, 8], [4, 7], [1, 4, 7], [5, 6, 9], [3], [5, 9]], [[3, 5, 6], [1, 3, 6], [5, 6, 8], [2], [9], [1, 3], [5, 6], [4], [7]]]]
INFO:root:9904:Doing checkSmall1
INFO:root:9904:Getting tiny MUSes, distance 1, for 94 puzlits, 1 repeats
INFO:root:9939:Chunked 94 in [6, 6, 6, 6, 6, 6, 6, 6, 6, 6, 6, 6, 6, 6, 5, 5]
INFO:root:9963:XX found first (9, 3) is 8 1
INFO:root:9964:XX found first (8, 4) is 8 1
INFO:root:9976:Early exit from checkSmall1
INFO:root:9992:Starting Step 9
INFO:root:10566:Current state [[[[8], [5], [4, 6, 7], [3, 4, 7], [2], [3, 4, 6, 7], [4, 7], [9], [1]], [[4, 6], [2], [1], [4, 7, 9], [4, 5, 7], [4, 6, 7, 9], [4, 5, 7], [8], [3]], [[3, 4], [3, 7], [9], [1], [3, 4, 5, 7], [8], [2], [6], [4, 5]], [[7], [4], [2], [3, 9], [8], [3, 9], [1], [5], [6]], [[5, 6], [9], [5, 6], [4, 7], [1], [4, 7], [3], [2], [8]], [[1], [8], [3], [5], [6], [2], [4, 9], [7], [4, 9]], [[9], [3, 7], [4, 7], [6], [3, 4, 7], [5], [8], [1], [2]], [[2], [1, 6, 7], [4, 5, 6, 7, 8], [8], [4, 7], [1, 4, 7], [5, 6, 9], [3], [5, 9]], [[3, 5, 6], [1, 3, 6], [8], [2], [9], [1, 3], [5, 6], [4], [7]]]]
INFO:root:10566:Doing checkSmall1
INFO:root:10566:Getting tiny MUSes, distance 1, for 92 puzlits, 1 repeats
INFO:root:10601:Chunked 92 in [6, 6, 6, 6, 6, 6, 6, 6, 6, 6, 6, 6, 5, 5, 5, 5]
INFO:root:10623:XX found first (8, 4) is not 7 1
INFO:root:10623:XX found first (8, 4) is not 4 1
INFO:root:10623:XX found first (9, 3) is not 6 1
INFO:root:10623:XX found first (9, 3) is not 5 1
INFO:root:10623:XX found first (8, 3) is not 8 1
INFO:root:10635:Early exit from checkSmall1
INFO:root:10644:Starting Step 10
INFO:root:11229:Current state [[[[8], [5], [4, 6, 7], [3, 4, 7], [2], [3, 4, 6, 7], [4, 7], [9], [1]], [[4, 6], [2], [1], [4, 7, 9], [4, 5, 7], [4, 6, 7, 9], [4, 5, 7], [8], [3]], [[3, 4], [3, 7], [9], [1], [3, 4, 5, 7], [8], [2], [6], [4, 5]], [[7], [4], [2], [3, 9], [8], [3, 9], [1], [5], [6]], [[5, 6], [9], [5, 6], [4, 7], [1], [4, 7], [3], [2], [8]], [[1], [8], [3], [5], [6], [2], [4, 9], [7], [4, 9]], [[9], [3, 7], [4, 7], [6], [3, 4, 7], [5], [8], [1], [2]], [[2], [1, 6, 7], [4, 5, 6, 7], [8], [4, 7], [1, 4, 7], [5, 6, 9], [3], [5, 9]], [[3, 5, 6], [1, 3, 6], [8], [2], [9], [1, 3], [5, 6], [4], [7]]]]
INFO:root:11229:Doing checkSmall1
INFO:root:11229:Getting tiny MUSes, distance 1, for 87 puzlits, 1 repeats
INFO:root:11265:Chunked 87 in [6, 6, 6, 6, 6, 6, 6, 5, 5, 5, 5, 5, 5, 5, 5, 5]
INFO:root:11336:Considering 100 * 87 jobs for minsize=3
INFO:root:11354:Chunked 8700 in [544, 544, 544, 544, 544, 544, 544, 544, 544, 544, 544, 544, 543, 543, 543, 543]
INFO:root:18779:Considering 100 * 87 jobs for minsize=4
INFO:root:18795:Chunked 8700 in [544, 544, 544, 544, 544, 544, 544, 544, 544, 544, 544, 544, 543, 543, 543, 543]
INFO:root:28443:!! Found smaller !!!! 3 4
INFO:root:28443:XX found first (3, 5) is not 3 3
INFO:root:28443:!! Found smaller !!!! 3 4
INFO:root:28443:XX found first (9, 1) is not 6 3
INFO:root:28443:!! Found smaller !!!! 3 4
INFO:root:28443:XX found first (1, 3) is not 4 3
INFO:root:28443:!! Found smaller !!!! 3 4
INFO:root:28443:XX add new best (1, 3) is not 4 3 3
INFO:root:28443:!! Found smaller !!!! 3 4
INFO:root:28443:XX add new best (1, 3) is not 4 3 3
INFO:root:28443:!! Found smaller !!!! 3 4
INFO:root:28443:XX found first (8, 3) is not 6 3
INFO:root:28443:!! Found smaller !!!! 3 4
INFO:root:28444:XX add new best (3, 5) is not 3 3 3
INFO:root:28444:!! Found smaller !!!! 3 4
INFO:root:28444:XX add new best (3, 5) is not 3 3 3
INFO:root:28444:!! Found smaller !!!! 3 4
INFO:root:28444:XX add new best (9, 1) is not 6 3 3
INFO:root:28444:!! Found smaller !!!! 3 4
INFO:root:28444:XX add new best (3, 5) is not 3 3 3
INFO:root:28444:!! Found smaller !!!! 3 4
INFO:root:28444:XX add new best (1, 3) is not 4 3 3
INFO:root:28444:!! Found smaller !!!! 3 4
INFO:root:28444:XX add new best (8, 3) is not 6 3 3
INFO:root:28444:!! Found smaller !!!! 3 4
INFO:root:28444:XX add new best (3, 5) is not 3 3 3
INFO:root:28444:!! Found smaller !!!! 3 4
INFO:root:28444:XX add new best (9, 1) is not 6 3 3
INFO:root:28444:!! Found smaller !!!! 3 4
INFO:root:28445:XX add new best (3, 5) is not 3 3 3
INFO:root:28445:!! Found smaller !!!! 3 4
INFO:root:28445:XX add new best (8, 3) is not 6 3 3
INFO:root:28445:!! Found smaller !!!! 3 4
INFO:root:28445:XX add new best (9, 1) is not 6 3 3
INFO:root:28445:!! Found smaller !!!! 3 4
INFO:root:28445:XX add new best (3, 5) is not 3 3 3
INFO:root:28445:!! Found smaller !!!! 3 4
INFO:root:28445:XX add new best (3, 5) is not 3 3 3
INFO:root:28445:!! Found smaller !!!! 3 4
INFO:root:28445:XX add new best (1, 3) is not 4 3 3
INFO:root:28445:!! Found smaller !!!! 3 4
INFO:root:28445:XX add new best (8, 3) is not 6 3 3
INFO:root:28445:!! Found smaller !!!! 3 4
INFO:root:28445:XX add new best (3, 5) is not 3 3 3
INFO:root:28445:!! Found smaller !!!! 3 4
INFO:root:28445:XX add new best (1, 3) is not 4 3 3
INFO:root:28446:!! Found smaller !!!! 3 4
INFO:root:28446:XX add new best (1, 3) is not 4 3 3
INFO:root:28446:!! Found smaller !!!! 3 4
INFO:root:28446:XX add new best (1, 3) is not 4 3 3
INFO:root:28446:!! Found smaller !!!! 3 4
INFO:root:28446:XX add new best (3, 5) is not 3 3 3
INFO:root:28446:!! Found smaller !!!! 3 4
INFO:root:28446:XX add new best (1, 3) is not 4 3 3
INFO:root:28446:!! Found smaller !!!! 3 4
INFO:root:28446:XX add new best (1, 3) is not 4 3 3
INFO:root:28446:!! Found smaller !!!! 3 4
INFO:root:28446:XX add new best (3, 5) is not 3 3 3
INFO:root:28446:!! Found smaller !!!! 3 4
INFO:root:28446:XX add new best (8, 3) is not 6 3 3
INFO:root:28446:!! Found smaller !!!! 3 4
INFO:root:28446:XX add new best (3, 5) is not 3 3 3
INFO:root:28446:!! Found smaller !!!! 3 4
INFO:root:28446:XX add new best (9, 1) is not 6 3 3
INFO:root:28446:!! Found smaller !!!! 3 4
INFO:root:28447:XX add new best (9, 1) is not 6 3 3
INFO:root:28447:!! Found smaller !!!! 3 4
INFO:root:28447:XX add new best (8, 3) is not 6 3 3
INFO:root:28447:!! Found smaller !!!! 3 4
INFO:root:28447:XX add new best (3, 5) is not 3 3 3
INFO:root:28447:!! Found smaller !!!! 3 4
INFO:root:28447:XX add new best (1, 3) is not 4 3 3
INFO:root:28447:!! Found smaller !!!! 3 4
INFO:root:28447:XX add new best (8, 3) is not 6 3 3
INFO:root:28447:!! Found smaller !!!! 3 4
INFO:root:28447:XX add new best (3, 5) is not 3 3 3
INFO:root:28447:!! Found smaller !!!! 3 4
INFO:root:28447:XX add new best (8, 3) is not 6 3 3
INFO:root:28447:!! Found smaller !!!! 3 4
INFO:root:28447:XX add new best (9, 1) is not 6 3 3
INFO:root:28447:!! Found smaller !!!! 3 4
INFO:root:28447:XX add new best (1, 3) is not 4 3 3
INFO:root:28448:!! Found smaller !!!! 3 4
INFO:root:28448:XX add new best (1, 3) is not 4 3 3
INFO:root:28448:!! Found smaller !!!! 3 4
INFO:root:28448:XX add new best (3, 5) is not 3 3 3
INFO:root:28448:!! Found smaller !!!! 3 4
INFO:root:28448:XX add new best (1, 3) is not 4 3 3
INFO:root:28448:!! Found smaller !!!! 3 4
INFO:root:28448:XX add new best (9, 1) is not 6 3 3
INFO:root:28448:!! Found smaller !!!! 3 4
INFO:root:28448:XX add new best (9, 1) is not 6 3 3
INFO:root:28448:!! Found smaller !!!! 3 4
INFO:root:28448:XX add new best (8, 3) is not 6 3 3
INFO:root:28448:!! Found smaller !!!! 3 4
INFO:root:28448:XX add new best (9, 1) is not 6 3 3
INFO:root:28448:!! Found smaller !!!! 3 4
INFO:root:28448:XX add new best (8, 3) is not 6 3 3
INFO:root:28448:!! Found smaller !!!! 3 4
INFO:root:28448:XX add new best (3, 5) is not 3 3 3
INFO:root:28449:!! Found smaller !!!! 3 4
INFO:root:28449:XX add new best (9, 1) is not 6 3 3
INFO:root:28449:!! Found smaller !!!! 3 4
INFO:root:28449:XX add new best (1, 3) is not 4 3 3
INFO:root:28449:!! Found smaller !!!! 3 4
INFO:root:28449:XX add new best (8, 3) is not 6 3 3
INFO:root:28449:!! Found smaller !!!! 3 4
INFO:root:28449:XX add new best (3, 5) is not 3 3 3
INFO:root:28449:!! Found smaller !!!! 3 4
INFO:root:28449:XX add new best (1, 3) is not 4 3 3
INFO:root:28449:!! Found smaller !!!! 3 4
INFO:root:28449:XX add new best (9, 1) is not 6 3 3
INFO:root:28449:!! Found smaller !!!! 3 4
INFO:root:28449:XX add new best (9, 1) is not 6 3 3
INFO:root:28449:!! Found smaller !!!! 3 4
INFO:root:28449:XX add new best (1, 3) is not 4 3 3
INFO:root:28449:!! Found smaller !!!! 3 4
INFO:root:28450:XX add new best (1, 3) is not 4 3 3
INFO:root:28450:!! Found smaller !!!! 3 4
INFO:root:28450:XX add new best (1, 3) is not 4 3 3
INFO:root:28450:!! Found smaller !!!! 3 4
INFO:root:28450:XX add new best (1, 3) is not 4 3 3
INFO:root:28450:!! Found smaller !!!! 3 4
INFO:root:28450:XX add new best (8, 3) is not 6 3 3
INFO:root:28450:!! Found smaller !!!! 3 4
INFO:root:28450:XX add new best (3, 5) is not 3 3 3
INFO:root:28450:!! Found smaller !!!! 3 4
INFO:root:28450:XX add new best (8, 3) is not 6 3 3
INFO:root:28450:!! Found smaller !!!! 3 4
INFO:root:28450:XX add new best (3, 5) is not 3 3 3
INFO:root:28450:!! Found smaller !!!! 3 4
INFO:root:28450:XX add new best (3, 5) is not 3 3 3
INFO:root:28450:!! Found smaller !!!! 3 4
INFO:root:28450:XX add new best (8, 3) is not 6 3 3
INFO:root:28450:!! Found smaller !!!! 3 4
INFO:root:28451:XX add new best (1, 3) is not 4 3 3
INFO:root:28451:!! Found smaller !!!! 3 4
INFO:root:28451:XX add new best (9, 1) is not 6 3 3
INFO:root:28451:!! Found smaller !!!! 3 4
INFO:root:28451:XX add new best (9, 1) is not 6 3 3
INFO:root:28451:!! Found smaller !!!! 3 4
INFO:root:28451:XX add new best (3, 5) is not 3 3 3
INFO:root:28451:!! Found smaller !!!! 3 4
INFO:root:28451:XX add new best (3, 5) is not 3 3 3
INFO:root:28451:!! Found smaller !!!! 3 4
INFO:root:28451:XX add new best (1, 3) is not 4 3 3
INFO:root:28451:!! Found smaller !!!! 3 4
INFO:root:28451:XX add new best (3, 5) is not 3 3 3
INFO:root:28451:!! Found smaller !!!! 3 4
INFO:root:28451:XX add new best (8, 3) is not 6 3 3
INFO:root:28451:!! Found smaller !!!! 3 4
INFO:root:28451:XX add new best (8, 3) is not 6 3 3
INFO:root:28452:!! Found smaller !!!! 3 4
INFO:root:28452:XX add new best (1, 3) is not 4 3 3
INFO:root:28452:!! Found smaller !!!! 3 4
INFO:root:28452:XX add new best (1, 3) is not 4 3 3
INFO:root:28452:!! Found smaller !!!! 3 4
INFO:root:28452:XX add new best (1, 3) is not 4 3 3
INFO:root:28452:!! Found smaller !!!! 3 4
INFO:root:28452:XX add new best (8, 3) is not 6 3 3
INFO:root:28452:!! Found smaller !!!! 3 4
INFO:root:28452:XX add new best (3, 5) is not 3 3 3
INFO:root:28452:!! Found smaller !!!! 3 4
INFO:root:28452:XX add new best (3, 5) is not 3 3 3
INFO:root:28452:!! Found smaller !!!! 3 4
INFO:root:28452:XX add new best (8, 3) is not 6 3 3
INFO:root:28452:!! Found smaller !!!! 3 4
INFO:root:28452:XX add new best (8, 3) is not 6 3 3
INFO:root:28452:!! Found smaller !!!! 3 4
INFO:root:28453:XX add new best (1, 3) is not 4 3 3
INFO:root:28453:!! Found smaller !!!! 3 4
INFO:root:28453:XX add new best (3, 5) is not 3 3 3
INFO:root:28453:!! Found smaller !!!! 3 4
INFO:root:28453:XX add new best (1, 3) is not 4 3 3
INFO:root:28453:!! Found smaller !!!! 3 4
INFO:root:28453:XX add new best (3, 5) is not 3 3 3
INFO:root:28453:!! Found smaller !!!! 3 4
INFO:root:28453:XX add new best (1, 3) is not 4 3 3
INFO:root:28453:!! Found smaller !!!! 3 4
INFO:root:28453:XX add new best (1, 3) is not 4 3 3
INFO:root:28453:!! Found smaller !!!! 3 4
INFO:root:28453:XX add new best (8, 3) is not 6 3 3
INFO:root:28453:!! Found smaller !!!! 3 4
INFO:root:28453:XX add new best (1, 3) is not 4 3 3
INFO:root:28453:!! Found smaller !!!! 3 4
INFO:root:28453:XX add new best (3, 5) is not 3 3 3
INFO:root:28453:!! Found smaller !!!! 3 4
INFO:root:28454:XX add new best (1, 3) is not 4 3 3
INFO:root:28454:!! Found smaller !!!! 3 4
INFO:root:28454:XX add new best (3, 5) is not 3 3 3
INFO:root:28454:!! Found smaller !!!! 3 4
INFO:root:28454:XX add new best (3, 5) is not 3 3 3
INFO:root:28454:!! Found smaller !!!! 3 4
INFO:root:28454:XX add new best (3, 5) is not 3 3 3
INFO:root:28454:!! Found smaller !!!! 3 4
INFO:root:28454:XX add new best (8, 3) is not 6 3 3
INFO:root:28454:!! Found smaller !!!! 3 4
INFO:root:28454:XX add new best (1, 3) is not 4 3 3
INFO:root:28454:!! Found smaller !!!! 3 4
INFO:root:28454:XX add new best (3, 5) is not 3 3 3
INFO:root:28454:!! Found smaller !!!! 3 4
INFO:root:28454:XX add new best (9, 1) is not 6 3 3
INFO:root:28454:!! Found smaller !!!! 3 4
INFO:root:28454:XX add new best (3, 5) is not 3 3 3
INFO:root:28455:!! Found smaller !!!! 3 4
INFO:root:28455:XX add new best (3, 5) is not 3 3 3
INFO:root:28455:!! Found smaller !!!! 3 4
INFO:root:28455:XX add new best (8, 3) is not 6 3 3
INFO:root:28455:!! Found smaller !!!! 3 4
INFO:root:28455:XX add new best (1, 3) is not 4 3 3
INFO:root:28455:!! Found smaller !!!! 3 4
INFO:root:28455:XX add new best (9, 1) is not 6 3 3
INFO:root:28455:!! Found smaller !!!! 3 4
INFO:root:28455:XX add new best (8, 3) is not 6 3 3
INFO:root:28455:!! Found smaller !!!! 3 4
INFO:root:28455:XX add new best (3, 5) is not 3 3 3
INFO:root:28455:!! Found smaller !!!! 3 4
INFO:root:28455:XX add new best (3, 5) is not 3 3 3
INFO:root:28455:!! Found smaller !!!! 3 4
INFO:root:28455:XX add new best (8, 3) is not 6 3 3
INFO:root:28455:!! Found smaller !!!! 3 4
INFO:root:28455:XX add new best (1, 3) is not 4 3 3
INFO:root:28456:!! Found smaller !!!! 3 4
INFO:root:28456:XX add new best (3, 5) is not 3 3 3
INFO:root:28456:!! Found smaller !!!! 3 4
INFO:root:28456:XX add new best (8, 3) is not 6 3 3
INFO:root:28456:!! Found smaller !!!! 3 4
INFO:root:28456:XX add new best (3, 5) is not 3 3 3
INFO:root:28456:!! Found smaller !!!! 3 4
INFO:root:28456:XX add new best (8, 3) is not 6 3 3
INFO:root:28456:!! Found smaller !!!! 3 4
INFO:root:28456:XX add new best (1, 3) is not 4 3 3
INFO:root:28456:!! Found smaller !!!! 3 4
INFO:root:28456:XX add new best (1, 3) is not 4 3 3
INFO:root:28456:!! Found smaller !!!! 3 4
INFO:root:28456:XX add new best (9, 1) is not 6 3 3
INFO:root:28456:!! Found smaller !!!! 3 4
INFO:root:28456:XX add new best (3, 5) is not 3 3 3
INFO:root:28456:!! Found smaller !!!! 3 4
INFO:root:28456:XX add new best (1, 3) is not 4 3 3
INFO:root:28457:!! Found smaller !!!! 3 4
INFO:root:28457:XX add new best (3, 5) is not 3 3 3
INFO:root:28457:!! Found smaller !!!! 3 4
INFO:root:28457:XX add new best (8, 3) is not 6 3 3
INFO:root:28457:!! Found smaller !!!! 3 4
INFO:root:28457:XX add new best (1, 3) is not 4 3 3
INFO:root:28457:!! Found smaller !!!! 3 4
INFO:root:28457:XX add new best (1, 3) is not 4 3 3
INFO:root:28457:!! Found smaller !!!! 3 4
INFO:root:28457:XX add new best (3, 5) is not 3 3 3
INFO:root:28457:!! Found smaller !!!! 3 4
INFO:root:28457:XX add new best (1, 3) is not 4 3 3
INFO:root:28457:!! Found smaller !!!! 3 4
INFO:root:28457:XX add new best (8, 3) is not 6 3 3
INFO:root:28457:!! Found smaller !!!! 3 4
INFO:root:28457:XX add new best (8, 3) is not 6 3 3
INFO:root:28458:!! Found smaller !!!! 3 4
INFO:root:28458:XX add new best (3, 5) is not 3 3 3
INFO:root:28458:!! Found smaller !!!! 3 4
INFO:root:28458:XX add new best (9, 1) is not 6 3 3
INFO:root:28458:!! Found smaller !!!! 3 4
INFO:root:28458:XX add new best (3, 5) is not 3 3 3
INFO:root:28458:!! Found smaller !!!! 3 4
INFO:root:28458:XX add new best (1, 3) is not 4 3 3
INFO:root:28458:!! Found smaller !!!! 3 4
INFO:root:28458:XX add new best (3, 5) is not 3 3 3
INFO:root:28458:!! Found smaller !!!! 3 4
INFO:root:28458:XX add new best (3, 5) is not 3 3 3
INFO:root:28458:!! Found smaller !!!! 3 4
INFO:root:28458:XX add new best (3, 5) is not 3 3 3
INFO:root:28458:!! Found smaller !!!! 3 4
INFO:root:28458:XX add new best (1, 3) is not 4 3 3
INFO:root:28458:!! Found smaller !!!! 3 4
INFO:root:28458:XX add new best (1, 3) is not 4 3 3
INFO:root:28459:!! Found smaller !!!! 3 4
INFO:root:28459:XX add new best (9, 1) is not 6 3 3
INFO:root:28459:!! Found smaller !!!! 3 4
INFO:root:28459:XX add new best (1, 3) is not 4 3 3
INFO:root:28459:!! Found smaller !!!! 3 4
INFO:root:28459:XX add new best (8, 3) is not 6 3 3
INFO:root:28459:!! Found smaller !!!! 3 4
INFO:root:28459:XX add new best (9, 1) is not 6 3 3
INFO:root:28459:!! Found smaller !!!! 3 4
INFO:root:28459:XX add new best (9, 1) is not 6 3 3
INFO:root:28459:!! Found smaller !!!! 3 4
INFO:root:28459:XX add new best (3, 5) is not 3 3 3
INFO:root:28459:!! Found smaller !!!! 3 4
INFO:root:28459:XX add new best (1, 3) is not 4 3 3
INFO:root:28459:!! Found smaller !!!! 3 4
INFO:root:28459:XX add new best (9, 1) is not 6 3 3
INFO:root:28459:!! Found smaller !!!! 3 4
INFO:root:28460:XX add new best (1, 3) is not 4 3 3
INFO:root:28460:!! Found smaller !!!! 3 4
INFO:root:28460:XX add new best (3, 5) is not 3 3 3
INFO:root:28460:!! Found smaller !!!! 3 4
INFO:root:28460:XX add new best (8, 3) is not 6 3 3
INFO:root:28617:Minimal choices : 4 [(1, 3) is not 4, (3, 5) is not 3, (8, 3) is not 6, (9, 1) is not 6]
INFO:root:28618:Starting Step 11
INFO:root:29194:Current state [[[[8], [5], [4, 6, 7], [3, 4, 7], [2], [3, 4, 6, 7], [4, 7], [9], [1]], [[4, 6], [2], [1], [4, 7, 9], [4, 5, 7], [4, 6, 7, 9], [4, 5, 7], [8], [3]], [[3, 4], [3, 7], [9], [1], [4, 5, 7], [8], [2], [6], [4, 5]], [[7], [4], [2], [3, 9], [8], [3, 9], [1], [5], [6]], [[5, 6], [9], [5, 6], [4, 7], [1], [4, 7], [3], [2], [8]], [[1], [8], [3], [5], [6], [2], [4, 9], [7], [4, 9]], [[9], [3, 7], [4, 7], [6], [3, 4, 7], [5], [8], [1], [2]], [[2], [1, 6, 7], [4, 5, 6, 7], [8], [4, 7], [1, 4, 7], [5, 6, 9], [3], [5, 9]], [[3, 5, 6], [1, 3, 6], [8], [2], [9], [1, 3], [5, 6], [4], [7]]]]
INFO:root:29195:Doing checkSmall1
INFO:root:29195:Getting tiny MUSes, distance 1, for 86 puzlits, 1 repeats
INFO:root:29233:Chunked 86 in [6, 6, 6, 6, 6, 6, 5, 5, 5, 5, 5, 5, 5, 5, 5, 5]
INFO:root:29256:XX found first (7, 5) is 3 1
INFO:root:29268:Early exit from checkSmall1
INFO:root:29281:Starting Step 12
INFO:root:29863:Current state [[[[8], [5], [4, 6, 7], [3, 4, 7], [2], [3, 4, 6, 7], [4, 7], [9], [1]], [[4, 6], [2], [1], [4, 7, 9], [4, 5, 7], [4, 6, 7, 9], [4, 5, 7], [8], [3]], [[3, 4], [3, 7], [9], [1], [4, 5, 7], [8], [2], [6], [4, 5]], [[7], [4], [2], [3, 9], [8], [3, 9], [1], [5], [6]], [[5, 6], [9], [5, 6], [4, 7], [1], [4, 7], [3], [2], [8]], [[1], [8], [3], [5], [6], [2], [4, 9], [7], [4, 9]], [[9], [3, 7], [4, 7], [6], [3], [5], [8], [1], [2]], [[2], [1, 6, 7], [4, 5, 6, 7], [8], [4, 7], [1, 4, 7], [5, 6, 9], [3], [5, 9]], [[3, 5, 6], [1, 3, 6], [8], [2], [9], [1, 3], [5, 6], [4], [7]]]]
INFO:root:29863:Doing checkSmall1
INFO:root:29864:Getting tiny MUSes, distance 1, for 85 puzlits, 1 repeats
INFO:root:29900:Chunked 85 in [6, 6, 6, 6, 6, 5, 5, 5, 5, 5, 5, 5, 5, 5, 5, 5]
INFO:root:29922:XX found first (7, 2) is not 3 1
INFO:root:29922:XX found first (7, 5) is not 4 1
INFO:root:29922:XX found first (9, 6) is not 3 1
INFO:root:29922:XX found first (7, 5) is not 7 1
INFO:root:29935:Early exit from checkSmall1
INFO:root:29944:Starting Step 13
INFO:root:30523:Current state [[[[8], [5], [4, 6, 7], [3, 4, 7], [2], [3, 4, 6, 7], [4, 7], [9], [1]], [[4, 6], [2], [1], [4, 7, 9], [4, 5, 7], [4, 6, 7, 9], [4, 5, 7], [8], [3]], [[3, 4], [3, 7], [9], [1], [4, 5, 7], [8], [2], [6], [4, 5]], [[7], [4], [2], [3, 9], [8], [3, 9], [1], [5], [6]], [[5, 6], [9], [5, 6], [4, 7], [1], [4, 7], [3], [2], [8]], [[1], [8], [3], [5], [6], [2], [4, 9], [7], [4, 9]], [[9], [7], [4, 7], [6], [3], [5], [8], [1], [2]], [[2], [1, 6, 7], [4, 5, 6, 7], [8], [4, 7], [1, 4, 7], [5, 6, 9], [3], [5, 9]], [[3, 5, 6], [1, 3, 6], [8], [2], [9], [1], [5, 6], [4], [7]]]]
INFO:root:30523:Doing checkSmall1
INFO:root:30523:Getting tiny MUSes, distance 1, for 81 puzlits, 1 repeats
INFO:root:30560:Chunked 81 in [6, 5, 5, 5, 5, 5, 5, 5, 5, 5, 5, 5, 5, 5, 5, 5]
INFO:root:30580:XX found first (7, 2) is 7 1
INFO:root:30580:XX found first (7, 3) is 4 1
INFO:root:30580:XX found first (9, 6) is 1 1
INFO:root:30593:Early exit from checkSmall1
INFO:root:30612:Starting Step 14
INFO:root:31192:Current state [[[[8], [5], [4, 6, 7], [3, 4, 7], [2], [3, 4, 6, 7], [4, 7], [9], [1]], [[4, 6], [2], [1], [4, 7, 9], [4, 5, 7], [4, 6, 7, 9], [4, 5, 7], [8], [3]], [[3, 4], [3, 7], [9], [1], [4, 5, 7], [8], [2], [6], [4, 5]], [[7], [4], [2], [3, 9], [8], [3, 9], [1], [5], [6]], [[5, 6], [9], [5, 6], [4, 7], [1], [4, 7], [3], [2], [8]], [[1], [8], [3], [5], [6], [2], [4, 9], [7], [4, 9]], [[9], [7], [4], [6], [3], [5], [8], [1], [2]], [[2], [1, 6, 7], [4, 5, 6, 7], [8], [4, 7], [1, 4, 7], [5, 6, 9], [3], [5, 9]], [[3, 5, 6], [1, 3, 6], [8], [2], [9], [1], [5, 6], [4], [7]]]]
INFO:root:31192:Doing checkSmall1
INFO:root:31192:Getting tiny MUSes, distance 1, for 78 puzlits, 1 repeats
INFO:root:31228:Chunked 78 in [5, 5, 5, 5, 5, 5, 5, 5, 5, 5, 5, 5, 5, 5, 4, 4]
INFO:root:31250:XX found first (9, 2) is not 1 1
INFO:root:31250:XX found first (8, 3) is not 7 1
INFO:root:31250:XX found first (8, 2) is not 7 1
INFO:root:31250:XX found first (3, 2) is not 7 1
INFO:root:31250:XX found first (8, 6) is not 1 1
INFO:root:31250:XX found first (7, 3) is not 7 1
INFO:root:31250:XX found first (8, 3) is not 4 1
INFO:root:31251:XX found first (1, 3) is not 4 1
INFO:root:31263:Early exit from checkSmall1
INFO:root:31272:Starting Step 15
INFO:root:31859:Current state [[[[8], [5], [6, 7], [3, 4, 7], [2], [3, 4, 6, 7], [4, 7], [9], [1]], [[4, 6], [2], [1], [4, 7, 9], [4, 5, 7], [4, 6, 7, 9], [4, 5, 7], [8], [3]], [[3, 4], [3], [9], [1], [4, 5, 7], [8], [2], [6], [4, 5]], [[7], [4], [2], [3, 9], [8], [3, 9], [1], [5], [6]], [[5, 6], [9], [5, 6], [4, 7], [1], [4, 7], [3], [2], [8]], [[1], [8], [3], [5], [6], [2], [4, 9], [7], [4, 9]], [[9], [7], [4], [6], [3], [5], [8], [1], [2]], [[2], [1, 6], [5, 6], [8], [4, 7], [4, 7], [5, 6, 9], [3], [5, 9]], [[3, 5, 6], [3, 6], [8], [2], [9], [1], [5, 6], [4], [7]]]]
INFO:root:31859:Doing checkSmall1
INFO:root:31859:Getting tiny MUSes, distance 1, for 70 puzlits, 1 repeats
INFO:root:31895:Chunked 70 in [5, 5, 5, 5, 5, 5, 4, 4, 4, 4, 4, 4, 4, 4, 4, 4]
INFO:root:31916:XX found first (8, 2) is 1 1
INFO:root:31916:XX found first (3, 5) is 7 1
INFO:root:31917:XX found first (1, 3) is 7 1
INFO:root:31917:XX found first (3, 2) is 3 1
INFO:root:31929:Early exit from checkSmall1
INFO:root:31950:Starting Step 16
INFO:root:32545:Current state [[[[8], [5], [7], [3, 4, 7], [2], [3, 4, 6, 7], [4, 7], [9], [1]], [[4, 6], [2], [1], [4, 7, 9], [4, 5, 7], [4, 6, 7, 9], [4, 5, 7], [8], [3]], [[3, 4], [3], [9], [1], [7], [8], [2], [6], [4, 5]], [[7], [4], [2], [3, 9], [8], [3, 9], [1], [5], [6]], [[5, 6], [9], [5, 6], [4, 7], [1], [4, 7], [3], [2], [8]], [[1], [8], [3], [5], [6], [2], [4, 9], [7], [4, 9]], [[9], [7], [4], [6], [3], [5], [8], [1], [2]], [[2], [1], [5, 6], [8], [4, 7], [4, 7], [5, 6, 9], [3], [5, 9]], [[3, 5, 6], [3, 6], [8], [2], [9], [1], [5, 6], [4], [7]]]]
INFO:root:32545:Doing checkSmall1
INFO:root:32545:Getting tiny MUSes, distance 1, for 66 puzlits, 1 repeats
INFO:root:32581:Chunked 66 in [5, 5, 4, 4, 4, 4, 4, 4, 4, 4, 4, 4, 4, 4, 4, 4]
INFO:root:32599:XX found first (1, 6) is not 7 1
INFO:root:32599:XX found first (1, 7) is not 7 1
INFO:root:32599:XX found first (3, 5) is not 4 1
INFO:root:32599:XX found first (1, 3) is not 6 1
INFO:root:32599:XX found first (9, 2) is not 3 1
INFO:root:32599:XX found first (2, 4) is not 7 1
INFO:root:32599:XX found first (2, 5) is not 7 1
INFO:root:32600:XX found first (8, 5) is not 7 1
INFO:root:32600:XX found first (8, 2) is not 6 1
INFO:root:32600:XX found first (3, 1) is not 3 1
INFO:root:32600:XX found first (2, 6) is not 7 1
INFO:root:32600:XX found first (1, 4) is not 7 1
INFO:root:32600:XX found first (3, 5) is not 5 1
INFO:root:32613:Early exit from checkSmall1
INFO:root:32622:Starting Step 17
INFO:root:33223:Current state [[[[8], [5], [7], [3, 4], [2], [3, 4, 6], [4], [9], [1]], [[4, 6], [2], [1], [4, 9], [4, 5], [4, 6, 9], [4, 5, 7], [8], [3]], [[4], [3], [9], [1], [7], [8], [2], [6], [4, 5]], [[7], [4], [2], [3, 9], [8], [3, 9], [1], [5], [6]], [[5, 6], [9], [5, 6], [4, 7], [1], [4, 7], [3], [2], [8]], [[1], [8], [3], [5], [6], [2], [4, 9], [7], [4, 9]], [[9], [7], [4], [6], [3], [5], [8], [1], [2]], [[2], [1], [5, 6], [8], [4], [4, 7], [5, 6, 9], [3], [5, 9]], [[3, 5, 6], [6], [8], [2], [9], [1], [5, 6], [4], [7]]]]
INFO:root:33223:Doing checkSmall1
INFO:root:33223:Getting tiny MUSes, distance 1, for 53 puzlits, 1 repeats
INFO:root:33260:Chunked 53 in [4, 4, 4, 4, 4, 3, 3, 3, 3, 3, 3, 3, 3, 3, 3, 3]
INFO:root:33276:XX found first (9, 1) is 3 1
INFO:root:33276:XX found first (1, 6) is 6 1
INFO:root:33276:XX found first (3, 1) is 4 1
INFO:root:33276:XX found first (2, 5) is 5 1
INFO:root:33276:XX found first (8, 6) is 7 1
INFO:root:33276:XX found first (5, 4) is 7 1
INFO:root:33276:XX found first (1, 7) is 4 1
INFO:root:33276:XX found first (8, 5) is 4 1
INFO:root:33276:XX found first (2, 7) is 7 1
INFO:root:33276:XX found first (3, 9) is 5 1
INFO:root:33276:XX found first (2, 1) is 6 1
INFO:root:33276:XX found first (9, 2) is 6 1
INFO:root:33290:Early exit from checkSmall1
INFO:root:33338:Starting Step 18
INFO:root:33955:Current state [[[[8], [5], [7], [3, 4], [2], [6], [4], [9], [1]], [[6], [2], [1], [4, 9], [5], [4, 6, 9], [7], [8], [3]], [[4], [3], [9], [1], [7], [8], [2], [6], [5]], [[7], [4], [2], [3, 9], [8], [3, 9], [1], [5], [6]], [[5, 6], [9], [5, 6], [7], [1], [4, 7], [3], [2], [8]], [[1], [8], [3], [5], [6], [2], [4, 9], [7], [4, 9]], [[9], [7], [4], [6], [3], [5], [8], [1], [2]], [[2], [1], [5, 6], [8], [4], [7], [5, 6, 9], [3], [5, 9]], [[3], [6], [8], [2], [9], [1], [5, 6], [4], [7]]]]
INFO:root:33955:Doing checkSmall1
INFO:root:33956:Getting tiny MUSes, distance 1, for 41 puzlits, 1 repeats
INFO:root:33993:Chunked 41 in [3, 3, 3, 3, 3, 3, 3, 3, 3, 2, 2, 2, 2, 2, 2, 2]
INFO:root:34006:XX found first (1, 6) is not 3 1
INFO:root:34006:XX found first (3, 9) is not 4 1
INFO:root:34006:XX found first (5, 4) is not 4 1
INFO:root:34007:XX found first (2, 1) is not 4 1
INFO:root:34007:XX found first (2, 5) is not 4 1
INFO:root:34007:XX found first (2, 7) is not 4 1
INFO:root:34007:XX found first (1, 6) is not 4 1
INFO:root:34007:XX found first (9, 1) is not 6 1
INFO:root:34007:XX found first (9, 1) is not 5 1
INFO:root:34007:XX found first (5, 1) is not 6 1
INFO:root:34007:XX found first (2, 6) is not 6 1
INFO:root:34007:XX found first (1, 4) is not 4 1
INFO:root:34007:XX found first (8, 3) is not 6 1
INFO:root:34007:XX found first (9, 7) is not 6 1
INFO:root:34007:XX found first (8, 6) is not 4 1
INFO:root:34007:XX found first (8, 9) is not 5 1
INFO:root:34007:XX found first (5, 6) is not 7 1
INFO:root:34007:XX found first (2, 7) is not 5 1
INFO:root:34007:XX found first (6, 7) is not 4 1
INFO:root:34020:Early exit from checkSmall1
INFO:root:34030:Starting Step 19
INFO:root:34651:Current state [[[[8], [5], [7], [3], [2], [6], [4], [9], [1]], [[6], [2], [1], [4, 9], [5], [4, 9], [7], [8], [3]], [[4], [3], [9], [1], [7], [8], [2], [6], [5]], [[7], [4], [2], [3, 9], [8], [3, 9], [1], [5], [6]], [[5], [9], [5, 6], [7], [1], [4], [3], [2], [8]], [[1], [8], [3], [5], [6], [2], [9], [7], [4, 9]], [[9], [7], [4], [6], [3], [5], [8], [1], [2]], [[2], [1], [5], [8], [4], [7], [5, 6, 9], [3], [9]], [[3], [6], [8], [2], [9], [1], [5], [4], [7]]]]
INFO:root:34651:Doing checkSmall1
INFO:root:34651:Getting tiny MUSes, distance 1, for 22 puzlits, 1 repeats
INFO:root:34687:Chunked 22 in [2, 2, 2, 2, 2, 2, 1, 1, 1, 1, 1, 1, 1, 1, 1, 1]
INFO:root:34699:XX found first (5, 1) is 5 1
INFO:root:34699:XX found first (4, 6) is 3 1
INFO:root:34699:XX found first (8, 3) is 5 1
INFO:root:34699:XX found first (5, 3) is 6 1
INFO:root:34699:XX found first (6, 9) is 4 1
INFO:root:34699:XX found first (8, 7) is 6 1
INFO:root:34699:XX found first (2, 4) is 4 1
INFO:root:34699:XX found first (6, 7) is 9 1
INFO:root:34699:XX found first (9, 7) is 5 1
INFO:root:34699:XX found first (5, 6) is 4 1
INFO:root:34699:XX found first (1, 4) is 3 1
INFO:root:34699:XX found first (8, 9) is 9 1
INFO:root:34712:Early exit from checkSmall1
INFO:root:34764:Starting Step 20
INFO:root:35405:Current state [[[[8], [5], [7], [3], [2], [6], [4], [9], [1]], [[6], [2], [1], [4], [5], [4, 9], [7], [8], [3]], [[4], [3], [9], [1], [7], [8], [2], [6], [5]], [[7], [4], [2], [3, 9], [8], [3], [1], [5], [6]], [[5], [9], [6], [7], [1], [4], [3], [2], [8]], [[1], [8], [3], [5], [6], [2], [9], [7], [4]], [[9], [7], [4], [6], [3], [5], [8], [1], [2]], [[2], [1], [5], [8], [4], [7], [6], [3], [9]], [[3], [6], [8], [2], [9], [1], [5], [4], [7]]]]
INFO:root:35405:Doing checkSmall1
INFO:root:35405:Getting tiny MUSes, distance 1, for 10 puzlits, 1 repeats
INFO:root:35442:Chunked 10 in [1, 1, 1, 1, 1, 1, 1, 1, 1, 1, 0, 0, 0, 0, 0, 0]
INFO:root:35451:XX found first (2, 6) is not 4 1
INFO:root:35451:XX found first (8, 7) is not 5 1
INFO:root:35451:XX found first (4, 4) is not 3 1
INFO:root:35451:XX found first (2, 4) is not 9 1
INFO:root:35451:XX found first (4, 6) is not 9 1
INFO:root:35451:XX found first (5, 3) is not 5 1
INFO:root:35451:XX found first (6, 9) is not 9 1
INFO:root:35451:XX found first (8, 7) is not 9 1
INFO:root:35464:Early exit from checkSmall1
INFO:root:35473:Starting Step 21
INFO:root:36115:Current state [[[[8], [5], [7], [3], [2], [6], [4], [9], [1]], [[6], [2], [1], [4], [5], [9], [7], [8], [3]], [[4], [3], [9], [1], [7], [8], [2], [6], [5]], [[7], [4], [2], [9], [8], [3], [1], [5], [6]], [[5], [9], [6], [7], [1], [4], [3], [2], [8]], [[1], [8], [3], [5], [6], [2], [9], [7], [4]], [[9], [7], [4], [6], [3], [5], [8], [1], [2]], [[2], [1], [5], [8], [4], [7], [6], [3], [9]], [[3], [6], [8], [2], [9], [1], [5], [4], [7]]]]
INFO:root:36115:Doing checkSmall1
INFO:root:36115:Getting tiny MUSes, distance 1, for 2 puzlits, 1 repeats
INFO:root:36152:Chunked 2 in [1, 1, 0, 0, 0, 0, 0, 0, 0, 0, 0, 0, 0, 0, 0, 0]
INFO:root:36158:XX found first (2, 6) is 9 1
INFO:root:36158:XX found first (4, 4) is 9 1
INFO:root:36171:Early exit from checkSmall1
INFO:root:36187:Total Solver Calls 170958
INFO:root:36187:Trace: [(3, [(1, 3) is not 4])]
INFO:root:36187:Trace Quality: [(3, 1)]
INFO:root:36187:Trace Sorted: [(3, 1)]
INFO:root:36187:Finished
INFO:root:36188:Full Trace [(3, [(1, 3) is not 4])]

real	0m36.482s
user	4m38.149s
sys	0m10.526s
