INFO:root:6844:Starting Step 1
INFO:root:6875:Current state [[[[8], [5], [1, 2, 3, 4, 5, 6, 7, 8, 9], [1, 2, 3, 4, 5, 6, 7, 8, 9], [2], [1, 2, 3, 4, 5, 6, 7, 8, 9], [1, 2, 3, 4, 5, 6, 7, 8, 9], [1, 2, 3, 4, 5, 6, 7, 8, 9], [1, 2, 3, 4, 5, 6, 7, 8, 9]], [[1, 2, 3, 4, 5, 6, 7, 8, 9], [2], [1, 2, 3, 4, 5, 6, 7, 8, 9], [1, 2, 3, 4, 5, 6, 7, 8, 9], [1, 2, 3, 4, 5, 6, 7, 8, 9], [1, 2, 3, 4, 5, 6, 7, 8, 9], [1, 2, 3, 4, 5, 6, 7, 8, 9], [1, 2, 3, 4, 5, 6, 7, 8, 9], [3]], [[1, 2, 3, 4, 5, 6, 7, 8, 9], [1, 2, 3, 4, 5, 6, 7, 8, 9], [9], [1], [1, 2, 3, 4, 5, 6, 7, 8, 9], [8], [1, 2, 3, 4, 5, 6, 7, 8, 9], [1, 2, 3, 4, 5, 6, 7, 8, 9], [1, 2, 3, 4, 5, 6, 7, 8, 9]], [[1, 2, 3, 4, 5, 6, 7, 8, 9], [4], [1, 2, 3, 4, 5, 6, 7, 8, 9], [1, 2, 3, 4, 5, 6, 7, 8, 9], [8], [1, 2, 3, 4, 5, 6, 7, 8, 9], [1], [5], [1, 2, 3, 4, 5, 6, 7, 8, 9]], [[1, 2, 3, 4, 5, 6, 7, 8, 9], [9], [1, 2, 3, 4, 5, 6, 7, 8, 9], [1, 2, 3, 4, 5, 6, 7, 8, 9], [1], [1, 2, 3, 4, 5, 6, 7, 8, 9], [1, 2, 3, 4, 5, 6, 7, 8, 9], [2], [1, 2, 3, 4, 5, 6, 7, 8, 9]], [[1, 2, 3, 4, 5, 6, 7, 8, 9], [8], [3], [1, 2, 3, 4, 5, 6, 7, 8, 9], [6], [1, 2, 3, 4, 5, 6, 7, 8, 9], [1, 2, 3, 4, 5, 6, 7, 8, 9], [7], [1, 2, 3, 4, 5, 6, 7, 8, 9]], [[1, 2, 3, 4, 5, 6, 7, 8, 9], [1, 2, 3, 4, 5, 6, 7, 8, 9], [1, 2, 3, 4, 5, 6, 7, 8, 9], [6], [1, 2, 3, 4, 5, 6, 7, 8, 9], [5], [8], [1, 2, 3, 4, 5, 6, 7, 8, 9], [1, 2, 3, 4, 5, 6, 7, 8, 9]], [[2], [1, 2, 3, 4, 5, 6, 7, 8, 9], [1, 2, 3, 4, 5, 6, 7, 8, 9], [1, 2, 3, 4, 5, 6, 7, 8, 9], [1, 2, 3, 4, 5, 6, 7, 8, 9], [1, 2, 3, 4, 5, 6, 7, 8, 9], [1, 2, 3, 4, 5, 6, 7, 8, 9], [3], [1, 2, 3, 4, 5, 6, 7, 8, 9]], [[1, 2, 3, 4, 5, 6, 7, 8, 9], [1, 2, 3, 4, 5, 6, 7, 8, 9], [1, 2, 3, 4, 5, 6, 7, 8, 9], [1, 2, 3, 4, 5, 6, 7, 8, 9], [9], [1, 2, 3, 4, 5, 6, 7, 8, 9], [1, 2, 3, 4, 5, 6, 7, 8, 9], [4], [7]]]]
INFO:root:6875:Doing checkSmall1
INFO:root:6875:Getting tiny MUSes, distance 1, for 702 puzlits, 1 repeats
INFO:root:6929:Chunked 702 in [44, 44, 44, 44, 44, 44, 44, 44, 44, 44, 44, 44, 44, 44, 43, 43]
INFO:root:7149:XX found first (3, 3) is not 5 1
INFO:root:7149:XX found first (3, 6) is not 3 1
INFO:root:7149:XX found first (9, 6) is not 7 1
INFO:root:7149:XX found first (3, 3) is not 7 1
INFO:root:7149:XX found first (6, 8) is not 1 1
INFO:root:7149:XX found first (1, 7) is not 2 1
INFO:root:7149:XX found first (3, 6) is not 2 1
INFO:root:7149:XX found first (1, 7) is not 3 1
INFO:root:7150:XX found first (7, 8) is not 8 1
INFO:root:7150:XX found first (6, 7) is not 8 1
INFO:root:7150:XX found first (8, 4) is not 9 1
INFO:root:7150:XX found first (3, 8) is not 7 1
INFO:root:7150:XX found first (6, 7) is not 1 1
INFO:root:7150:XX found first (6, 5) is not 7 1
INFO:root:7150:XX found first (6, 5) is not 9 1
INFO:root:7150:XX found first (8, 1) is not 1 1
INFO:root:7150:XX found first (1, 7) is not 8 1
INFO:root:7150:XX found first (6, 1) is not 7 1
INFO:root:7150:XX found first (4, 1) is not 8 1
INFO:root:7150:XX found first (6, 2) is not 4 1
INFO:root:7150:XX found first (6, 9) is not 5 1
INFO:root:7150:XX found first (6, 3) is not 5 1
INFO:root:7150:XX found first (8, 6) is not 5 1
INFO:root:7150:XX found first (4, 2) is not 6 1
INFO:root:7150:XX found first (2, 4) is not 8 1
INFO:root:7150:XX found first (3, 7) is not 9 1
INFO:root:7150:XX found first (8, 8) is not 7 1
INFO:root:7150:XX found first (2, 7) is not 2 1
INFO:root:7150:XX found first (9, 9) is not 5 1
INFO:root:7150:XX found first (2, 4) is not 3 1
INFO:root:7150:XX found first (3, 1) is not 9 1
INFO:root:7150:XX found first (7, 4) is not 2 1
INFO:root:7151:XX found first (6, 6) is not 8 1
INFO:root:7151:XX found first (1, 9) is not 3 1
INFO:root:7151:XX found first (8, 3) is not 3 1
INFO:root:7151:XX found first (9, 6) is not 8 1
INFO:root:7151:XX found first (7, 9) is not 7 1
INFO:root:7151:XX found first (6, 7) is not 6 1
INFO:root:7151:XX found first (2, 9) is not 4 1
INFO:root:7151:XX found first (4, 2) is not 8 1
INFO:root:7151:XX found first (4, 8) is not 4 1
INFO:root:7151:XX found first (5, 8) is not 8 1
INFO:root:7151:XX found first (5, 6) is not 8 1
INFO:root:7151:XX found first (4, 4) is not 1 1
INFO:root:7151:XX found first (9, 9) is not 9 1
INFO:root:7151:XX found first (7, 9) is not 3 1
INFO:root:7151:XX found first (9, 2) is not 9 1
INFO:root:7151:XX found first (6, 1) is not 8 1
INFO:root:7151:XX found first (9, 6) is not 4 1
INFO:root:7151:XX found first (3, 4) is not 7 1
INFO:root:7151:XX found first (7, 5) is not 1 1
INFO:root:7151:XX found first (5, 7) is not 8 1
INFO:root:7151:XX found first (7, 5) is not 2 1
INFO:root:7152:XX found first (2, 9) is not 9 1
INFO:root:7152:XX found first (3, 9) is not 1 1
INFO:root:7152:XX found first (6, 5) is not 5 1
INFO:root:7152:XX found first (2, 5) is not 2 1
INFO:root:7152:XX found first (9, 8) is not 2 1
INFO:root:7152:XX found first (5, 5) is not 6 1
INFO:root:7152:XX found first (9, 9) is not 4 1
INFO:root:7152:XX found first (5, 8) is not 9 1
INFO:root:7152:XX found first (6, 8) is not 9 1
INFO:root:7152:XX found first (7, 5) is not 8 1
INFO:root:7152:XX found first (3, 6) is not 4 1
INFO:root:7152:XX found first (5, 5) is not 9 1
INFO:root:7152:XX found first (7, 3) is not 9 1
INFO:root:7152:XX found first (8, 9) is not 7 1
INFO:root:7152:XX found first (8, 8) is not 8 1
INFO:root:7152:XX found first (6, 4) is not 3 1
INFO:root:7152:XX found first (8, 8) is not 6 1
INFO:root:7152:XX found first (5, 5) is not 5 1
INFO:root:7152:XX found first (3, 7) is not 3 1
INFO:root:7152:XX found first (4, 8) is not 6 1
INFO:root:7152:XX found first (6, 8) is not 3 1
INFO:root:7152:XX found first (5, 6) is not 1 1
INFO:root:7152:XX found first (3, 5) is not 2 1
INFO:root:7152:XX found first (6, 6) is not 3 1
INFO:root:7153:XX found first (5, 4) is not 8 1
INFO:root:7153:XX found first (4, 6) is not 8 1
INFO:root:7153:XX found first (5, 2) is not 6 1
INFO:root:7153:XX found first (9, 1) is not 4 1
INFO:root:7153:XX found first (8, 1) is not 5 1
INFO:root:7153:XX found first (3, 6) is not 5 1
INFO:root:7153:XX found first (9, 7) is not 3 1
INFO:root:7153:XX found first (8, 8) is not 1 1
INFO:root:7153:XX found first (2, 6) is not 1 1
INFO:root:7153:XX found first (4, 8) is not 7 1
INFO:root:7153:XX found first (9, 7) is not 1 1
INFO:root:7153:XX found first (4, 1) is not 1 1
INFO:root:7153:XX found first (9, 3) is not 7 1
INFO:root:7153:XX found first (3, 9) is not 7 1
INFO:root:7153:XX found first (8, 8) is not 5 1
INFO:root:7153:XX found first (5, 3) is not 9 1
INFO:root:7153:XX found first (1, 9) is not 2 1
INFO:root:7153:XX found first (5, 6) is not 2 1
INFO:root:7153:XX found first (1, 8) is not 7 1
INFO:root:7153:XX found first (5, 9) is not 3 1
INFO:root:7153:XX found first (6, 4) is not 6 1
INFO:root:7153:XX found first (6, 3) is not 6 1
INFO:root:7153:XX found first (7, 7) is not 7 1
INFO:root:7153:XX found first (3, 2) is not 4 1
INFO:root:7154:XX found first (8, 7) is not 2 1
INFO:root:7154:XX found first (8, 7) is not 8 1
INFO:root:7154:XX found first (1, 2) is not 2 1
INFO:root:7154:XX found first (2, 8) is not 7 1
INFO:root:7154:XX found first (2, 1) is not 3 1
INFO:root:7154:XX found first (8, 5) is not 9 1
INFO:root:7154:XX found first (4, 8) is not 2 1
INFO:root:7154:XX found first (7, 7) is not 2 1
INFO:root:7154:XX found first (9, 7) is not 4 1
INFO:root:7154:XX found first (1, 2) is not 8 1
INFO:root:7154:XX found first (8, 1) is not 4 1
INFO:root:7154:XX found first (8, 1) is not 3 1
INFO:root:7154:XX found first (6, 9) is not 2 1
INFO:root:7154:XX found first (3, 6) is not 9 1
INFO:root:7154:XX found first (7, 9) is not 5 1
INFO:root:7154:XX found first (2, 2) is not 9 1
INFO:root:7154:XX found first (9, 8) is not 5 1
INFO:root:7154:XX found first (6, 9) is not 8 1
INFO:root:7154:XX found first (9, 5) is not 6 1
INFO:root:7154:XX found first (8, 2) is not 9 1
INFO:root:7154:XX found first (7, 9) is not 8 1
INFO:root:7154:XX found first (5, 5) is not 2 1
INFO:root:7154:XX found first (4, 5) is not 9 1
INFO:root:7154:XX found first (8, 1) is not 6 1
INFO:root:7155:XX found first (3, 5) is not 1 1
INFO:root:7155:XX found first (7, 6) is not 2 1
INFO:root:7155:XX found first (2, 7) is not 8 1
INFO:root:7155:XX found first (1, 9) is not 8 1
INFO:root:7155:XX found first (4, 1) is not 5 1
INFO:root:7155:XX found first (5, 4) is not 2 1
INFO:root:7155:XX found first (5, 2) is not 7 1
INFO:root:7155:XX found first (4, 7) is not 3 1
INFO:root:7155:XX found first (8, 2) is not 2 1
INFO:root:7155:XX found first (7, 4) is not 3 1
INFO:root:7155:XX found first (4, 1) is not 4 1
INFO:root:7155:XX found first (8, 8) is not 4 1
INFO:root:7155:XX found first (1, 1) is not 7 1
INFO:root:7155:XX found first (6, 5) is not 2 1
INFO:root:7155:XX found first (1, 2) is not 6 1
INFO:root:7155:XX found first (8, 5) is not 6 1
INFO:root:7155:XX found first (1, 5) is not 3 1
INFO:root:7155:XX found first (2, 4) is not 2 1
INFO:root:7155:XX found first (8, 5) is not 2 1
INFO:root:7155:XX found first (7, 5) is not 5 1
INFO:root:7155:XX found first (2, 3) is not 5 1
INFO:root:7155:XX found first (4, 5) is not 5 1
INFO:root:7155:XX found first (9, 5) is not 8 1
INFO:root:7156:XX found first (4, 1) is not 2 1
INFO:root:7156:XX found first (9, 1) is not 7 1
INFO:root:7156:XX found first (5, 7) is not 2 1
INFO:root:7156:XX found first (9, 9) is not 6 1
INFO:root:7156:XX found first (6, 5) is not 4 1
INFO:root:7156:XX found first (1, 5) is not 1 1
INFO:root:7156:XX found first (1, 3) is not 3 1
INFO:root:7156:XX found first (5, 3) is not 3 1
INFO:root:7156:XX found first (5, 1) is not 3 1
INFO:root:7156:XX found first (3, 4) is not 8 1
INFO:root:7156:XX found first (3, 3) is not 6 1
INFO:root:7156:XX found first (5, 5) is not 3 1
INFO:root:7156:XX found first (2, 5) is not 9 1
INFO:root:7156:XX found first (4, 7) is not 8 1
INFO:root:7156:XX found first (7, 4) is not 5 1
INFO:root:7156:XX found first (5, 4) is not 1 1
INFO:root:7156:XX found first (2, 9) is not 6 1
INFO:root:7156:XX found first (7, 8) is not 5 1
INFO:root:7156:XX found first (1, 4) is not 1 1
INFO:root:7156:XX found first (7, 1) is not 6 1
INFO:root:7156:XX found first (1, 8) is not 3 1
INFO:root:7156:XX found first (9, 5) is not 5 1
INFO:root:7156:XX found first (7, 8) is not 6 1
INFO:root:7156:XX found first (9, 2) is not 2 1
INFO:root:7157:XX found first (7, 4) is not 7 1
INFO:root:7157:XX found first (8, 9) is not 3 1
INFO:root:7157:XX found first (7, 6) is not 9 1
INFO:root:7157:XX found first (4, 9) is not 8 1
INFO:root:7157:XX found first (4, 3) is not 9 1
INFO:root:7157:XX found first (4, 2) is not 5 1
INFO:root:7157:XX found first (9, 8) is not 3 1
INFO:root:7157:XX found first (5, 5) is not 7 1
INFO:root:7157:XX found first (4, 7) is not 7 1
INFO:root:7157:XX found first (6, 4) is not 8 1
INFO:root:7157:XX found first (7, 2) is not 8 1
INFO:root:7157:XX found first (7, 6) is not 6 1
INFO:root:7157:XX found first (6, 1) is not 3 1
INFO:root:7157:XX found first (9, 4) is not 1 1
INFO:root:7157:XX found first (6, 3) is not 9 1
INFO:root:7157:XX found first (9, 3) is not 9 1
INFO:root:7157:XX found first (3, 2) is not 8 1
INFO:root:7157:XX found first (4, 4) is not 4 1
INFO:root:7157:XX found first (5, 4) is not 6 1
INFO:root:7157:XX found first (3, 4) is not 9 1
INFO:root:7157:XX found first (6, 6) is not 1 1
INFO:root:7157:XX found first (7, 2) is not 6 1
INFO:root:7158:XX found first (6, 9) is not 6 1
INFO:root:7158:XX found first (7, 7) is not 9 1
INFO:root:7158:XX found first (8, 3) is not 2 1
INFO:root:7158:XX found first (9, 4) is not 6 1
INFO:root:7158:XX found first (9, 8) is not 1 1
INFO:root:7158:XX found first (2, 6) is not 5 1
INFO:root:7158:XX found first (7, 3) is not 3 1
INFO:root:7158:XX found first (3, 4) is not 2 1
INFO:root:7158:XX found first (3, 8) is not 3 1
INFO:root:7158:XX found first (1, 2) is not 7 1
INFO:root:7158:XX found first (1, 5) is not 7 1
INFO:root:7158:XX found first (7, 6) is not 1 1
INFO:root:7158:XX found first (7, 5) is not 9 1
INFO:root:7158:XX found first (2, 4) is not 6 1
INFO:root:7158:XX found first (2, 9) is not 7 1
INFO:root:7158:XX found first (2, 3) is not 3 1
INFO:root:7158:XX found first (3, 6) is not 6 1
INFO:root:7158:XX found first (8, 7) is not 1 1
INFO:root:7158:XX found first (1, 4) is not 5 1
INFO:root:7158:XX found first (8, 8) is not 9 1
INFO:root:7158:XX found first (1, 9) is not 5 1
INFO:root:7158:XX found first (7, 8) is not 3 1
INFO:root:7158:XX found first (1, 2) is not 4 1
INFO:root:7158:XX found first (7, 6) is not 8 1
INFO:root:7159:XX found first (2, 8) is not 5 1
INFO:root:7159:XX found first (6, 3) is not 1 1
INFO:root:7159:XX found first (9, 1) is not 8 1
INFO:root:7159:XX found first (6, 6) is not 5 1
INFO:root:7159:XX found first (4, 2) is not 9 1
INFO:root:7159:XX found first (9, 7) is not 7 1
INFO:root:7159:XX found first (6, 2) is not 5 1
INFO:root:7159:XX found first (7, 7) is not 5 1
INFO:root:7159:XX found first (8, 4) is not 5 1
INFO:root:7159:XX found first (9, 8) is not 6 1
INFO:root:7159:XX found first (4, 5) is not 7 1
INFO:root:7159:XX found first (5, 8) is not 7 1
INFO:root:7159:XX found first (2, 3) is not 8 1
INFO:root:7159:XX found first (3, 8) is not 9 1
INFO:root:7159:XX found first (7, 3) is not 8 1
INFO:root:7159:XX found first (1, 3) is not 5 1
INFO:root:7159:XX found first (8, 6) is not 3 1
INFO:root:7159:XX found first (9, 2) is not 4 1
INFO:root:7159:XX found first (1, 6) is not 1 1
INFO:root:7159:XX found first (6, 6) is not 6 1
INFO:root:7159:XX found first (5, 4) is not 9 1
INFO:root:7159:XX found first (5, 9) is not 2 1
INFO:root:7159:XX found first (9, 5) is not 2 1
INFO:root:7159:XX found first (3, 4) is not 4 1
INFO:root:7160:XX found first (4, 5) is not 3 1
INFO:root:7160:XX found first (2, 6) is not 2 1
INFO:root:7160:XX found first (9, 5) is not 4 1
INFO:root:7160:XX found first (1, 5) is not 6 1
INFO:root:7160:XX found first (7, 9) is not 6 1
INFO:root:7160:XX found first (7, 8) is not 2 1
INFO:root:7160:XX found first (8, 4) is not 6 1
INFO:root:7160:XX found first (4, 4) is not 5 1
INFO:root:7160:XX found first (1, 7) is not 1 1
INFO:root:7160:XX found first (5, 3) is not 8 1
INFO:root:7160:XX found first (7, 3) is not 5 1
INFO:root:7160:XX found first (4, 3) is not 3 1
INFO:root:7160:XX found first (2, 7) is not 3 1
INFO:root:7160:XX found first (8, 6) is not 9 1
INFO:root:7160:XX found first (2, 5) is not 3 1
INFO:root:7160:XX found first (2, 1) is not 5 1
INFO:root:7160:XX found first (2, 2) is not 1 1
INFO:root:7160:XX found first (8, 7) is not 3 1
INFO:root:7160:XX found first (2, 5) is not 1 1
INFO:root:7160:XX found first (6, 8) is not 2 1
INFO:root:7160:XX found first (7, 6) is not 7 1
INFO:root:7160:XX found first (6, 9) is not 1 1
INFO:root:7160:XX found first (9, 4) is not 9 1
INFO:root:7161:XX found first (6, 7) is not 2 1
INFO:root:7161:XX found first (1, 8) is not 5 1
INFO:root:7161:XX found first (1, 1) is not 9 1
INFO:root:7161:XX found first (4, 8) is not 3 1
INFO:root:7161:XX found first (6, 2) is not 1 1
INFO:root:7161:XX found first (2, 6) is not 3 1
INFO:root:7161:XX found first (5, 8) is not 4 1
INFO:root:7161:XX found first (3, 2) is not 2 1
INFO:root:7161:XX found first (3, 5) is not 9 1
INFO:root:7161:XX found first (4, 3) is not 4 1
INFO:root:7161:XX found first (2, 8) is not 3 1
INFO:root:7161:XX found first (3, 8) is not 5 1
INFO:root:7161:XX found first (2, 1) is not 2 1
INFO:root:7161:XX found first (6, 2) is not 3 1
INFO:root:7161:XX found first (3, 4) is not 6 1
INFO:root:7161:XX found first (5, 1) is not 9 1
INFO:root:7161:XX found first (1, 1) is not 4 1
INFO:root:7161:XX found first (5, 7) is not 9 1
INFO:root:7161:XX found first (5, 7) is not 5 1
INFO:root:7161:XX found first (7, 1) is not 5 1
INFO:root:7161:XX found first (4, 3) is not 8 1
INFO:root:7161:XX found first (4, 3) is not 5 1
INFO:root:7161:XX found first (2, 1) is not 9 1
INFO:root:7161:XX found first (5, 3) is not 4 1
INFO:root:7161:XX found first (2, 9) is not 2 1
INFO:root:7162:XX found first (1, 1) is not 5 1
INFO:root:7162:XX found first (3, 7) is not 8 1
INFO:root:7162:XX found first (6, 3) is not 2 1
INFO:root:7162:XX found first (5, 7) is not 1 1
INFO:root:7162:XX found first (3, 3) is not 2 1
INFO:root:7162:XX found first (4, 7) is not 5 1
INFO:root:7162:XX found first (9, 9) is not 2 1
INFO:root:7162:XX found first (2, 3) is not 9 1
INFO:root:7162:XX found first (9, 9) is not 3 1
INFO:root:7162:XX found first (5, 2) is not 1 1
INFO:root:7162:XX found first (9, 2) is not 8 1
INFO:root:7162:XX found first (7, 7) is not 3 1
INFO:root:7162:XX found first (3, 3) is not 8 1
INFO:root:7162:XX found first (3, 1) is not 5 1
INFO:root:7162:XX found first (2, 2) is not 8 1
INFO:root:7162:XX found first (4, 5) is not 6 1
INFO:root:7162:XX found first (8, 1) is not 9 1
INFO:root:7162:XX found first (6, 1) is not 6 1
INFO:root:7162:XX found first (5, 6) is not 5 1
INFO:root:7162:XX found first (8, 2) is not 4 1
INFO:root:7162:XX found first (4, 2) is not 2 1
INFO:root:7162:XX found first (1, 3) is not 9 1
INFO:root:7163:XX found first (8, 6) is not 8 1
INFO:root:7163:XX found first (5, 9) is not 5 1
INFO:root:7163:XX found first (4, 4) is not 6 1
INFO:root:7163:XX found first (6, 7) is not 5 1
INFO:root:7163:XX found first (2, 5) is not 6 1
INFO:root:7163:XX found first (4, 4) is not 8 1
INFO:root:7163:XX found first (1, 8) is not 2 1
INFO:root:7163:XX found first (3, 9) is not 9 1
INFO:root:7163:XX found first (5, 2) is not 3 1
INFO:root:7163:XX found first (5, 9) is not 1 1
INFO:root:7163:XX found first (6, 5) is not 3 1
INFO:root:7163:XX found first (2, 2) is not 7 1
INFO:root:7163:XX found first (4, 7) is not 2 1
INFO:root:7163:XX found first (7, 2) is not 9 1
INFO:root:7163:XX found first (4, 1) is not 9 1
INFO:root:7163:XX found first (9, 1) is not 9 1
INFO:root:7163:XX found first (8, 1) is not 7 1
INFO:root:7163:XX found first (6, 7) is not 7 1
INFO:root:7163:XX found first (5, 7) is not 7 1
INFO:root:7163:XX found first (9, 7) is not 9 1
INFO:root:7163:XX found first (6, 9) is not 7 1
INFO:root:7163:XX found first (7, 5) is not 6 1
INFO:root:7163:XX found first (3, 8) is not 1 1
INFO:root:7163:XX found first (9, 8) is not 7 1
INFO:root:7164:XX found first (8, 7) is not 7 1
INFO:root:7164:XX found first (3, 6) is not 1 1
INFO:root:7164:XX found first (7, 2) is not 4 1
INFO:root:7164:XX found first (1, 5) is not 5 1
INFO:root:7164:XX found first (5, 2) is not 5 1
INFO:root:7164:XX found first (2, 9) is not 1 1
INFO:root:7164:XX found first (3, 8) is not 2 1
INFO:root:7164:XX found first (1, 2) is not 9 1
INFO:root:7164:XX found first (4, 7) is not 4 1
INFO:root:7164:XX found first (5, 8) is not 3 1
INFO:root:7164:XX found first (6, 3) is not 4 1
INFO:root:7164:XX found first (8, 6) is not 2 1
INFO:root:7164:XX found first (6, 3) is not 7 1
INFO:root:7164:XX found first (5, 2) is not 8 1
INFO:root:7164:XX found first (6, 8) is not 4 1
INFO:root:7164:XX found first (9, 4) is not 5 1
INFO:root:7164:XX found first (4, 7) is not 9 1
INFO:root:7164:XX found first (6, 8) is not 6 1
INFO:root:7164:XX found first (5, 8) is not 5 1
INFO:root:7164:XX found first (6, 4) is not 7 1
INFO:root:7164:XX found first (2, 3) is not 2 1
INFO:root:7164:XX found first (4, 8) is not 1 1
INFO:root:7164:XX found first (2, 9) is not 8 1
INFO:root:7164:XX found first (3, 1) is not 2 1
INFO:root:7165:XX found first (6, 1) is not 4 1
INFO:root:7165:XX found first (1, 6) is not 5 1
INFO:root:7165:XX found first (8, 2) is not 3 1
INFO:root:7165:XX found first (8, 5) is not 1 1
INFO:root:7165:XX found first (7, 4) is not 8 1
INFO:root:7165:XX found first (6, 6) is not 7 1
INFO:root:7165:XX found first (8, 3) is not 9 1
INFO:root:7165:XX found first (1, 3) is not 8 1
INFO:root:7165:XX found first (8, 5) is not 8 1
INFO:root:7165:XX found first (4, 8) is not 8 1
INFO:root:7165:XX found first (4, 9) is not 2 1
INFO:root:7165:XX found first (9, 4) is not 7 1
INFO:root:7165:XX found first (5, 9) is not 7 1
INFO:root:7165:XX found first (2, 2) is not 3 1
INFO:root:7165:XX found first (3, 7) is not 1 1
INFO:root:7165:XX found first (7, 6) is not 3 1
INFO:root:7165:XX found first (3, 5) is not 6 1
INFO:root:7165:XX found first (6, 3) is not 8 1
INFO:root:7165:XX found first (1, 1) is not 1 1
INFO:root:7165:XX found first (9, 6) is not 9 1
INFO:root:7165:XX found first (1, 2) is not 3 1
INFO:root:7165:XX found first (9, 5) is not 7 1
INFO:root:7165:XX found first (6, 4) is not 1 1
INFO:root:7165:XX found first (8, 2) is not 8 1
INFO:root:7166:XX found first (4, 9) is not 4 1
INFO:root:7166:XX found first (6, 5) is not 1 1
INFO:root:7166:XX found first (4, 3) is not 1 1
INFO:root:7166:XX found first (9, 6) is not 5 1
INFO:root:7166:XX found first (8, 4) is not 3 1
INFO:root:7166:XX found first (3, 5) is not 8 1
INFO:root:7166:XX found first (3, 2) is not 9 1
INFO:root:7166:XX found first (9, 8) is not 9 1
INFO:root:7166:XX found first (7, 8) is not 7 1
INFO:root:7166:XX found first (3, 1) is not 8 1
INFO:root:7166:XX found first (5, 1) is not 8 1
INFO:root:7166:XX found first (5, 5) is not 8 1
INFO:root:7166:XX found first (9, 5) is not 3 1
INFO:root:7166:XX found first (9, 9) is not 1 1
INFO:root:7166:XX found first (5, 3) is not 2 1
INFO:root:7166:XX found first (7, 4) is not 9 1
INFO:root:7166:XX found first (4, 9) is not 5 1
INFO:root:7166:XX found first (9, 5) is not 1 1
INFO:root:7166:XX found first (3, 3) is not 1 1
INFO:root:7166:XX found first (6, 2) is not 2 1
INFO:root:7166:XX found first (2, 9) is not 5 1
INFO:root:7166:XX found first (8, 6) is not 6 1
INFO:root:7167:XX found first (7, 4) is not 1 1
INFO:root:7167:XX found first (1, 9) is not 7 1
INFO:root:7167:XX found first (5, 6) is not 6 1
INFO:root:7167:XX found first (9, 2) is not 7 1
INFO:root:7167:XX found first (5, 5) is not 4 1
INFO:root:7167:XX found first (9, 1) is not 2 1
INFO:root:7167:XX found first (5, 1) is not 1 1
INFO:root:7167:XX found first (8, 5) is not 3 1
INFO:root:7167:XX found first (2, 4) is not 1 1
INFO:root:7167:XX found first (2, 1) is not 8 1
INFO:root:7167:XX found first (5, 8) is not 1 1
INFO:root:7167:XX found first (7, 4) is not 4 1
INFO:root:7167:XX found first (6, 2) is not 7 1
INFO:root:7167:XX found first (4, 8) is not 9 1
INFO:root:7167:XX found first (5, 3) is not 1 1
INFO:root:7167:XX found first (1, 8) is not 8 1
INFO:root:7167:XX found first (4, 5) is not 1 1
INFO:root:7167:XX found first (6, 7) is not 3 1
INFO:root:7167:XX found first (1, 1) is not 2 1
INFO:root:7167:XX found first (9, 8) is not 8 1
INFO:root:7167:XX found first (4, 6) is not 5 1
INFO:root:7167:XX found first (3, 9) is not 8 1
INFO:root:7167:XX found first (4, 2) is not 7 1
INFO:root:7167:XX found first (3, 2) is not 5 1
INFO:root:7167:XX found first (6, 8) is not 8 1
INFO:root:7168:XX found first (7, 8) is not 4 1
INFO:root:7168:XX found first (2, 2) is not 5 1
INFO:root:7168:XX found first (8, 4) is not 1 1
INFO:root:7168:XX found first (1, 7) is not 5 1
INFO:root:7168:XX found first (8, 8) is not 2 1
INFO:root:7168:XX found first (4, 9) is not 7 1
INFO:root:7168:XX found first (9, 3) is not 3 1
INFO:root:7168:XX found first (7, 2) is not 5 1
INFO:root:7168:XX found first (2, 5) is not 8 1
INFO:root:7168:XX found first (3, 8) is not 4 1
INFO:root:7168:XX found first (9, 4) is not 4 1
INFO:root:7168:XX found first (3, 1) is not 1 1
INFO:root:7168:XX found first (1, 1) is not 6 1
INFO:root:7168:XX found first (5, 6) is not 9 1
INFO:root:7168:XX found first (4, 6) is not 4 1
INFO:root:7168:XX found first (6, 2) is not 6 1
INFO:root:7168:XX found first (7, 3) is not 2 1
INFO:root:7168:XX found first (9, 3) is not 4 1
INFO:root:7168:XX found first (5, 2) is not 2 1
INFO:root:7168:XX found first (3, 4) is not 5 1
INFO:root:7168:XX found first (4, 2) is not 1 1
INFO:root:7168:XX found first (6, 8) is not 5 1
INFO:root:7168:XX found first (7, 3) is not 6 1
INFO:root:7169:XX found first (6, 1) is not 9 1
INFO:root:7169:XX found first (2, 2) is not 4 1
INFO:root:7169:XX found first (9, 2) is not 5 1
INFO:root:7169:XX found first (3, 6) is not 7 1
INFO:root:7169:XX found first (4, 2) is not 3 1
INFO:root:7169:XX found first (8, 9) is not 4 1
INFO:root:7169:XX found first (9, 9) is not 8 1
INFO:root:7169:XX found first (1, 5) is not 8 1
INFO:root:7169:XX found first (3, 8) is not 8 1
INFO:root:7169:XX found first (2, 6) is not 8 1
INFO:root:7169:XX found first (3, 3) is not 4 1
INFO:root:7169:XX found first (3, 4) is not 3 1
INFO:root:7169:XX found first (7, 7) is not 4 1
INFO:root:7169:XX found first (4, 7) is not 6 1
INFO:root:7169:XX found first (1, 6) is not 2 1
INFO:root:7169:XX found first (6, 5) is not 8 1
INFO:root:7169:XX found first (8, 2) is not 5 1
INFO:root:7169:XX found first (4, 9) is not 1 1
INFO:root:7169:XX found first (5, 1) is not 4 1
INFO:root:7169:XX found first (2, 7) is not 1 1
INFO:root:7169:XX found first (8, 7) is not 4 1
INFO:root:7169:XX found first (7, 7) is not 6 1
INFO:root:7169:XX found first (8, 9) is not 2 1
INFO:root:7170:XX found first (6, 1) is not 2 1
INFO:root:7170:XX found first (2, 8) is not 2 1
INFO:root:7170:XX found first (7, 9) is not 4 1
INFO:root:7170:XX found first (7, 2) is not 2 1
INFO:root:7170:XX found first (1, 5) is not 4 1
INFO:root:7170:XX found first (3, 9) is not 3 1
INFO:root:7170:XX found first (7, 1) is not 8 1
INFO:root:7170:XX found first (4, 5) is not 2 1
INFO:root:7170:XX found first (6, 9) is not 3 1
INFO:root:7170:XX found first (8, 5) is not 5 1
INFO:root:7170:XX found first (3, 3) is not 3 1
INFO:root:7170:XX found first (4, 9) is not 3 1
INFO:root:7170:XX found first (7, 6) is not 4 1
INFO:root:7170:XX found first (8, 9) is not 8 1
INFO:root:7170:XX found first (2, 2) is not 6 1
INFO:root:7170:XX found first (1, 4) is not 2 1
INFO:root:7170:XX found first (1, 8) is not 4 1
INFO:root:7170:XX found first (1, 2) is not 1 1
INFO:root:7170:XX found first (9, 6) is not 6 1
INFO:root:7170:XX found first (8, 4) is not 2 1
INFO:root:7170:XX found first (1, 6) is not 8 1
INFO:root:7170:XX found first (4, 6) is not 6 1
INFO:root:7170:XX found first (5, 8) is not 6 1
INFO:root:7170:XX found first (1, 1) is not 3 1
INFO:root:7170:XX found first (9, 7) is not 8 1
INFO:root:7171:XX found first (5, 9) is not 9 1
INFO:root:7171:XX found first (1, 4) is not 8 1
INFO:root:7171:XX found first (4, 1) is not 3 1
INFO:root:7171:XX found first (4, 5) is not 4 1
INFO:root:7171:XX found first (1, 4) is not 6 1
INFO:root:7171:XX found first (3, 2) is not 1 1
INFO:root:7171:XX found first (9, 3) is not 2 1
INFO:root:7171:XX found first (1, 5) is not 9 1
INFO:root:7171:XX found first (1, 3) is not 2 1
INFO:root:7171:XX found first (7, 7) is not 1 1
INFO:root:7171:XX found first (7, 1) is not 2 1
INFO:root:7171:XX found first (8, 1) is not 8 1
INFO:root:7171:XX found first (5, 2) is not 4 1
INFO:root:7171:XX found first (4, 6) is not 1 1
INFO:root:7171:XX found first (5, 1) is not 2 1
INFO:root:7171:XX found first (6, 2) is not 9 1
INFO:root:7171:XX found first (2, 8) is not 4 1
INFO:root:7184:Early exit from checkSmall1
INFO:root:7249:Starting Step 2
INFO:root:7765:Current state [[[[8], [5], [1, 4, 6, 7], [3, 4, 7, 9], [2], [3, 4, 6, 7, 9], [4, 6, 7, 9], [1, 6, 9], [1, 4, 6, 9]], [[1, 4, 6, 7], [2], [1, 4, 6, 7], [4, 5, 7, 9], [4, 5, 7], [4, 6, 7, 9], [4, 5, 6, 7, 9], [1, 6, 8, 9], [3]], [[3, 4, 6, 7], [3, 6, 7], [9], [1], [3, 4, 5, 7], [8], [2, 4, 5, 6, 7], [6], [2, 4, 5, 6]], [[6, 7], [4], [2, 6, 7], [2, 3, 7, 9], [8], [2, 3, 7, 9], [1], [5], [6, 9]], [[5, 6, 7], [9], [5, 6, 7], [3, 4, 5, 7], [1], [3, 4, 7], [3, 4, 6], [2], [4, 6, 8]], [[1, 5], [8], [3], [2, 4, 5, 9], [6], [2, 4, 9], [4, 9], [7], [4, 9]], [[1, 3, 4, 7, 9], [1, 3, 7], [1, 4, 7], [6], [3, 4, 7], [5], [8], [1, 9], [1, 2, 9]], [[2], [1, 6, 7], [1, 4, 5, 6, 7, 8], [4, 7, 8], [4, 7], [1, 4, 7], [5, 6, 9], [3], [1, 5, 6, 9]], [[1, 3, 5, 6], [1, 3, 6], [1, 5, 6, 8], [2, 3, 8], [9], [1, 2, 3], [2, 5, 6], [4], [7]]]]
INFO:root:7766:Doing checkSmall1
INFO:root:7766:Getting tiny MUSes, distance 1, for 183 puzlits, 1 repeats
INFO:root:7802:Chunked 183 in [12, 12, 12, 12, 12, 12, 12, 11, 11, 11, 11, 11, 11, 11, 11, 11]
INFO:root:7836:XX found first (2, 8) is 8 1
INFO:root:7836:XX found first (5, 7) is 3 1
INFO:root:7836:XX found first (4, 3) is 2 1
INFO:root:7836:XX found first (7, 1) is 9 1
INFO:root:7836:XX found first (6, 1) is 1 1
INFO:root:7836:XX found first (7, 9) is 2 1
INFO:root:7836:XX found first (5, 9) is 8 1
INFO:root:7836:XX found first (3, 8) is 6 1
INFO:root:7848:Early exit from checkSmall1
INFO:root:7876:Starting Step 3
INFO:root:8401:Current state [[[[8], [5], [1, 4, 6, 7], [3, 4, 7, 9], [2], [3, 4, 6, 7, 9], [4, 6, 7, 9], [1, 6, 9], [1, 4, 6, 9]], [[1, 4, 6, 7], [2], [1, 4, 6, 7], [4, 5, 7, 9], [4, 5, 7], [4, 6, 7, 9], [4, 5, 6, 7, 9], [8], [3]], [[3, 4, 6, 7], [3, 6, 7], [9], [1], [3, 4, 5, 7], [8], [2, 4, 5, 6, 7], [6], [2, 4, 5, 6]], [[6, 7], [4], [2], [2, 3, 7, 9], [8], [2, 3, 7, 9], [1], [5], [6, 9]], [[5, 6, 7], [9], [5, 6, 7], [3, 4, 5, 7], [1], [3, 4, 7], [3], [2], [8]], [[1], [8], [3], [2, 4, 5, 9], [6], [2, 4, 9], [4, 9], [7], [4, 9]], [[9], [1, 3, 7], [1, 4, 7], [6], [3, 4, 7], [5], [8], [1, 9], [2]], [[2], [1, 6, 7], [1, 4, 5, 6, 7, 8], [4, 7, 8], [4, 7], [1, 4, 7], [5, 6, 9], [3], [1, 5, 6, 9]], [[1, 3, 5, 6], [1, 3, 6], [1, 5, 6, 8], [2, 3, 8], [9], [1, 2, 3], [2, 5, 6], [4], [7]]]]
INFO:root:8401:Doing checkSmall1
INFO:root:8401:Getting tiny MUSes, distance 1, for 175 puzlits, 1 repeats
INFO:root:8436:Chunked 175 in [11, 11, 11, 11, 11, 11, 11, 11, 11, 11, 11, 11, 11, 11, 11, 10]
INFO:root:8478:XX found first (3, 7) is not 6 1
INFO:root:8479:XX found first (7, 9) is not 9 1
INFO:root:8479:XX found first (2, 8) is not 9 1
INFO:root:8479:XX found first (1, 7) is not 6 1
INFO:root:8479:XX found first (3, 9) is not 6 1
INFO:root:8479:XX found first (7, 8) is not 9 1
INFO:root:8479:XX found first (2, 7) is not 6 1
INFO:root:8479:XX found first (4, 3) is not 6 1
INFO:root:8479:XX found first (5, 4) is not 3 1
INFO:root:8479:XX found first (4, 6) is not 2 1
INFO:root:8479:XX found first (7, 1) is not 1 1
INFO:root:8479:XX found first (3, 9) is not 2 1
INFO:root:8479:XX found first (5, 9) is not 4 1
INFO:root:8479:XX found first (5, 9) is not 6 1
INFO:root:8479:XX found first (9, 7) is not 2 1
INFO:root:8479:XX found first (3, 2) is not 6 1
INFO:root:8479:XX found first (4, 3) is not 7 1
INFO:root:8479:XX found first (6, 1) is not 5 1
INFO:root:8479:XX found first (3, 1) is not 6 1
INFO:root:8479:XX found first (5, 7) is not 6 1
INFO:root:8479:XX found first (7, 1) is not 3 1
INFO:root:8479:XX found first (5, 6) is not 3 1
INFO:root:8479:XX found first (5, 7) is not 4 1
INFO:root:8479:XX found first (1, 9) is not 6 1
INFO:root:8480:XX found first (2, 8) is not 6 1
INFO:root:8480:XX found first (7, 9) is not 1 1
INFO:root:8480:XX found first (7, 1) is not 7 1
INFO:root:8480:XX found first (4, 4) is not 2 1
INFO:root:8480:XX found first (1, 8) is not 6 1
INFO:root:8480:XX found first (2, 1) is not 1 1
INFO:root:8480:XX found first (2, 8) is not 1 1
INFO:root:8480:XX found first (7, 1) is not 4 1
INFO:root:8480:XX found first (9, 1) is not 1 1
INFO:root:8492:Early exit from checkSmall1
INFO:root:8503:Starting Step 4
INFO:root:9053:Current state [[[[8], [5], [1, 4, 6, 7], [3, 4, 7, 9], [2], [3, 4, 6, 7, 9], [4, 7, 9], [1, 9], [1, 4, 9]], [[4, 6, 7], [2], [1, 4, 6, 7], [4, 5, 7, 9], [4, 5, 7], [4, 6, 7, 9], [4, 5, 7, 9], [8], [3]], [[3, 4, 7], [3, 7], [9], [1], [3, 4, 5, 7], [8], [2, 4, 5, 7], [6], [4, 5]], [[6, 7], [4], [2], [3, 7, 9], [8], [3, 7, 9], [1], [5], [6, 9]], [[5, 6, 7], [9], [5, 6, 7], [4, 5, 7], [1], [4, 7], [3], [2], [8]], [[1], [8], [3], [2, 4, 5, 9], [6], [2, 4, 9], [4, 9], [7], [4, 9]], [[9], [1, 3, 7], [1, 4, 7], [6], [3, 4, 7], [5], [8], [1], [2]], [[2], [1, 6, 7], [1, 4, 5, 6, 7, 8], [4, 7, 8], [4, 7], [1, 4, 7], [5, 6, 9], [3], [1, 5, 6, 9]], [[3, 5, 6], [1, 3, 6], [1, 5, 6, 8], [2, 3, 8], [9], [1, 2, 3], [5, 6], [4], [7]]]]
INFO:root:9053:Doing checkSmall1
INFO:root:9053:Getting tiny MUSes, distance 1, for 142 puzlits, 1 repeats
INFO:root:9089:Chunked 142 in [9, 9, 9, 9, 9, 9, 9, 9, 9, 9, 9, 9, 9, 9, 8, 8]
INFO:root:9117:XX found first (6, 4) is 5 1
INFO:root:9118:XX found first (1, 8) is 9 1
INFO:root:9118:XX found first (7, 8) is 1 1
INFO:root:9118:XX found first (3, 7) is 2 1
INFO:root:9118:XX found first (4, 9) is 6 1
INFO:root:9118:XX found first (2, 3) is 1 1
INFO:root:9129:Early exit from checkSmall1
INFO:root:9154:Starting Step 5
INFO:root:9699:Current state [[[[8], [5], [1, 4, 6, 7], [3, 4, 7, 9], [2], [3, 4, 6, 7, 9], [4, 7, 9], [9], [1, 4, 9]], [[4, 6, 7], [2], [1], [4, 5, 7, 9], [4, 5, 7], [4, 6, 7, 9], [4, 5, 7, 9], [8], [3]], [[3, 4, 7], [3, 7], [9], [1], [3, 4, 5, 7], [8], [2], [6], [4, 5]], [[6, 7], [4], [2], [3, 7, 9], [8], [3, 7, 9], [1], [5], [6]], [[5, 6, 7], [9], [5, 6, 7], [4, 5, 7], [1], [4, 7], [3], [2], [8]], [[1], [8], [3], [5], [6], [2, 4, 9], [4, 9], [7], [4, 9]], [[9], [1, 3, 7], [1, 4, 7], [6], [3, 4, 7], [5], [8], [1], [2]], [[2], [1, 6, 7], [1, 4, 5, 6, 7, 8], [4, 7, 8], [4, 7], [1, 4, 7], [5, 6, 9], [3], [1, 5, 6, 9]], [[3, 5, 6], [1, 3, 6], [1, 5, 6, 8], [2, 3, 8], [9], [1, 2, 3], [5, 6], [4], [7]]]]
INFO:root:9699:Doing checkSmall1
INFO:root:9700:Getting tiny MUSes, distance 1, for 136 puzlits, 1 repeats
INFO:root:9734:Chunked 136 in [9, 9, 9, 9, 9, 9, 9, 9, 8, 8, 8, 8, 8, 8, 8, 8]
INFO:root:9770:XX found first (4, 1) is not 6 1
INFO:root:9770:XX found first (6, 4) is not 9 1
INFO:root:9770:XX found first (2, 3) is not 7 1
INFO:root:9770:XX found first (2, 3) is not 4 1
INFO:root:9770:XX found first (5, 4) is not 5 1
INFO:root:9771:XX found first (2, 7) is not 9 1
INFO:root:9771:XX found first (8, 3) is not 1 1
INFO:root:9771:XX found first (8, 9) is not 6 1
INFO:root:9771:XX found first (3, 7) is not 4 1
INFO:root:9771:XX found first (1, 4) is not 9 1
INFO:root:9771:XX found first (2, 3) is not 6 1
INFO:root:9771:XX found first (7, 3) is not 1 1
INFO:root:9771:XX found first (1, 3) is not 1 1
INFO:root:9771:XX found first (6, 4) is not 4 1
INFO:root:9771:XX found first (8, 9) is not 1 1
INFO:root:9771:XX found first (1, 8) is not 1 1
INFO:root:9771:XX found first (1, 7) is not 9 1
INFO:root:9771:XX found first (9, 3) is not 1 1
INFO:root:9771:XX found first (7, 2) is not 1 1
INFO:root:9771:XX found first (1, 6) is not 9 1
INFO:root:9771:XX found first (1, 9) is not 9 1
INFO:root:9771:XX found first (6, 4) is not 2 1
INFO:root:9771:XX found first (2, 4) is not 5 1
INFO:root:9771:XX found first (4, 9) is not 9 1
INFO:root:9771:XX found first (3, 7) is not 7 1
INFO:root:9771:XX found first (3, 7) is not 5 1
INFO:root:9783:Early exit from checkSmall1
INFO:root:9793:Starting Step 6
INFO:root:10356:Current state [[[[8], [5], [4, 6, 7], [3, 4, 7], [2], [3, 4, 6, 7], [4, 7], [9], [1, 4]], [[4, 6, 7], [2], [1], [4, 7, 9], [4, 5, 7], [4, 6, 7, 9], [4, 5, 7], [8], [3]], [[3, 4, 7], [3, 7], [9], [1], [3, 4, 5, 7], [8], [2], [6], [4, 5]], [[7], [4], [2], [3, 7, 9], [8], [3, 7, 9], [1], [5], [6]], [[5, 6, 7], [9], [5, 6, 7], [4, 7], [1], [4, 7], [3], [2], [8]], [[1], [8], [3], [5], [6], [2, 4, 9], [4, 9], [7], [4, 9]], [[9], [3, 7], [4, 7], [6], [3, 4, 7], [5], [8], [1], [2]], [[2], [1, 6, 7], [4, 5, 6, 7, 8], [4, 7, 8], [4, 7], [1, 4, 7], [5, 6, 9], [3], [5, 9]], [[3, 5, 6], [1, 3, 6], [5, 6, 8], [2, 3, 8], [9], [1, 2, 3], [5, 6], [4], [7]]]]
INFO:root:10357:Doing checkSmall1
INFO:root:10357:Getting tiny MUSes, distance 1, for 110 puzlits, 1 repeats
INFO:root:10392:Chunked 110 in [7, 7, 7, 7, 7, 7, 7, 7, 7, 7, 7, 7, 7, 7, 6, 6]
INFO:root:10414:XX found first (6, 6) is 2 1
INFO:root:10415:XX found first (4, 1) is 7 1
INFO:root:10415:XX found first (9, 4) is 2 1
INFO:root:10415:XX found first (1, 9) is 1 1
INFO:root:10426:Early exit from checkSmall1
INFO:root:10445:Starting Step 7
INFO:root:11019:Current state [[[[8], [5], [4, 6, 7], [3, 4, 7], [2], [3, 4, 6, 7], [4, 7], [9], [1]], [[4, 6, 7], [2], [1], [4, 7, 9], [4, 5, 7], [4, 6, 7, 9], [4, 5, 7], [8], [3]], [[3, 4, 7], [3, 7], [9], [1], [3, 4, 5, 7], [8], [2], [6], [4, 5]], [[7], [4], [2], [3, 7, 9], [8], [3, 7, 9], [1], [5], [6]], [[5, 6, 7], [9], [5, 6, 7], [4, 7], [1], [4, 7], [3], [2], [8]], [[1], [8], [3], [5], [6], [2], [4, 9], [7], [4, 9]], [[9], [3, 7], [4, 7], [6], [3, 4, 7], [5], [8], [1], [2]], [[2], [1, 6, 7], [4, 5, 6, 7, 8], [4, 7, 8], [4, 7], [1, 4, 7], [5, 6, 9], [3], [5, 9]], [[3, 5, 6], [1, 3, 6], [5, 6, 8], [2], [9], [1, 2, 3], [5, 6], [4], [7]]]]
INFO:root:11019:Doing checkSmall1
INFO:root:11019:Getting tiny MUSes, distance 1, for 106 puzlits, 1 repeats
INFO:root:11055:Chunked 106 in [7, 7, 7, 7, 7, 7, 7, 7, 7, 7, 6, 6, 6, 6, 6, 6]
INFO:root:11084:XX found first (5, 1) is not 7 1
INFO:root:11084:XX found first (4, 4) is not 7 1
INFO:root:11084:XX found first (9, 4) is not 8 1
INFO:root:11084:XX found first (3, 1) is not 7 1
INFO:root:11084:XX found first (5, 3) is not 7 1
INFO:root:11084:XX found first (6, 6) is not 9 1
INFO:root:11084:XX found first (9, 4) is not 3 1
INFO:root:11084:XX found first (1, 9) is not 4 1
INFO:root:11084:XX found first (2, 1) is not 7 1
INFO:root:11084:XX found first (6, 6) is not 4 1
INFO:root:11084:XX found first (9, 6) is not 2 1
INFO:root:11084:XX found first (4, 6) is not 7 1
INFO:root:11096:Early exit from checkSmall1
INFO:root:11105:Starting Step 8
INFO:root:11682:Current state [[[[8], [5], [4, 6, 7], [3, 4, 7], [2], [3, 4, 6, 7], [4, 7], [9], [1]], [[4, 6], [2], [1], [4, 7, 9], [4, 5, 7], [4, 6, 7, 9], [4, 5, 7], [8], [3]], [[3, 4], [3, 7], [9], [1], [3, 4, 5, 7], [8], [2], [6], [4, 5]], [[7], [4], [2], [3, 9], [8], [3, 9], [1], [5], [6]], [[5, 6], [9], [5, 6], [4, 7], [1], [4, 7], [3], [2], [8]], [[1], [8], [3], [5], [6], [2], [4, 9], [7], [4, 9]], [[9], [3, 7], [4, 7], [6], [3, 4, 7], [5], [8], [1], [2]], [[2], [1, 6, 7], [4, 5, 6, 7, 8], [4, 7, 8], [4, 7], [1, 4, 7], [5, 6, 9], [3], [5, 9]], [[3, 5, 6], [1, 3, 6], [5, 6, 8], [2], [9], [1, 3], [5, 6], [4], [7]]]]
INFO:root:11682:Doing checkSmall1
INFO:root:11683:Getting tiny MUSes, distance 1, for 94 puzlits, 1 repeats
INFO:root:11718:Chunked 94 in [6, 6, 6, 6, 6, 6, 6, 6, 6, 6, 6, 6, 6, 6, 5, 5]
INFO:root:11739:XX found first (9, 3) is 8 1
INFO:root:11739:XX found first (8, 4) is 8 1
INFO:root:11751:Early exit from checkSmall1
INFO:root:11767:Starting Step 9
INFO:root:12343:Current state [[[[8], [5], [4, 6, 7], [3, 4, 7], [2], [3, 4, 6, 7], [4, 7], [9], [1]], [[4, 6], [2], [1], [4, 7, 9], [4, 5, 7], [4, 6, 7, 9], [4, 5, 7], [8], [3]], [[3, 4], [3, 7], [9], [1], [3, 4, 5, 7], [8], [2], [6], [4, 5]], [[7], [4], [2], [3, 9], [8], [3, 9], [1], [5], [6]], [[5, 6], [9], [5, 6], [4, 7], [1], [4, 7], [3], [2], [8]], [[1], [8], [3], [5], [6], [2], [4, 9], [7], [4, 9]], [[9], [3, 7], [4, 7], [6], [3, 4, 7], [5], [8], [1], [2]], [[2], [1, 6, 7], [4, 5, 6, 7, 8], [8], [4, 7], [1, 4, 7], [5, 6, 9], [3], [5, 9]], [[3, 5, 6], [1, 3, 6], [8], [2], [9], [1, 3], [5, 6], [4], [7]]]]
INFO:root:12343:Doing checkSmall1
INFO:root:12343:Getting tiny MUSes, distance 1, for 92 puzlits, 1 repeats
INFO:root:12378:Chunked 92 in [6, 6, 6, 6, 6, 6, 6, 6, 6, 6, 6, 6, 5, 5, 5, 5]
INFO:root:12404:XX found first (8, 4) is not 7 1
INFO:root:12404:XX found first (8, 4) is not 4 1
INFO:root:12404:XX found first (9, 3) is not 6 1
INFO:root:12404:XX found first (9, 3) is not 5 1
INFO:root:12404:XX found first (8, 3) is not 8 1
INFO:root:12416:Early exit from checkSmall1
INFO:root:12425:Starting Step 10
INFO:root:13013:Current state [[[[8], [5], [4, 6, 7], [3, 4, 7], [2], [3, 4, 6, 7], [4, 7], [9], [1]], [[4, 6], [2], [1], [4, 7, 9], [4, 5, 7], [4, 6, 7, 9], [4, 5, 7], [8], [3]], [[3, 4], [3, 7], [9], [1], [3, 4, 5, 7], [8], [2], [6], [4, 5]], [[7], [4], [2], [3, 9], [8], [3, 9], [1], [5], [6]], [[5, 6], [9], [5, 6], [4, 7], [1], [4, 7], [3], [2], [8]], [[1], [8], [3], [5], [6], [2], [4, 9], [7], [4, 9]], [[9], [3, 7], [4, 7], [6], [3, 4, 7], [5], [8], [1], [2]], [[2], [1, 6, 7], [4, 5, 6, 7], [8], [4, 7], [1, 4, 7], [5, 6, 9], [3], [5, 9]], [[3, 5, 6], [1, 3, 6], [8], [2], [9], [1, 3], [5, 6], [4], [7]]]]
INFO:root:13013:Doing checkSmall1
INFO:root:13013:Getting tiny MUSes, distance 1, for 87 puzlits, 1 repeats
INFO:root:13049:Chunked 87 in [6, 6, 6, 6, 6, 6, 6, 5, 5, 5, 5, 5, 5, 5, 5, 5]
INFO:root:13117:Considering 100 * 87 jobs for minsize=3
INFO:root:13135:Chunked 8700 in [544, 544, 544, 544, 544, 544, 544, 544, 544, 544, 544, 544, 543, 543, 543, 543]
INFO:root:1870097:Considering 100 * 87 jobs for minsize=4
INFO:root:1870113:Chunked 8700 in [544, 544, 544, 544, 544, 544, 544, 544, 544, 544, 544, 544, 543, 543, 543, 543]
INFO:root:4034653:!! Found smaller !!!! 3 4
INFO:root:4034653:XX found first (3, 5) is not 3 3
INFO:root:4034653:!! Found smaller !!!! 3 4
INFO:root:4034653:XX add new best (3, 5) is not 3 3 3
INFO:root:4034653:!! Found smaller !!!! 3 4
INFO:root:4034653:XX found first (1, 3) is not 4 3
INFO:root:4034653:!! Found smaller !!!! 3 4
INFO:root:4034653:XX add new best (3, 5) is not 3 3 3
INFO:root:4034654:!! Found smaller !!!! 3 4
INFO:root:4034654:XX add new best (3, 5) is not 3 3 3
INFO:root:4034654:!! Found smaller !!!! 3 4
INFO:root:4034654:XX add new best (1, 3) is not 4 3 3
INFO:root:4034654:!! Found smaller !!!! 3 4
INFO:root:4034654:XX found first (9, 1) is not 6 3
INFO:root:4034654:!! Found smaller !!!! 3 4
INFO:root:4034654:XX add new best (3, 5) is not 3 3 3
INFO:root:4034654:!! Found smaller !!!! 3 4
INFO:root:4034654:XX found first (8, 3) is not 6 3
INFO:root:4034654:!! Found smaller !!!! 3 4
INFO:root:4034654:XX add new best (3, 5) is not 3 3 3
INFO:root:4034654:!! Found smaller !!!! 3 4
INFO:root:4034654:XX add new best (3, 5) is not 3 3 3
INFO:root:4034654:!! Found smaller !!!! 3 4
INFO:root:4034654:XX add new best (8, 3) is not 6 3 3
INFO:root:4034654:!! Found smaller !!!! 3 4
INFO:root:4034655:XX add new best (1, 3) is not 4 3 3
INFO:root:4034655:!! Found smaller !!!! 3 4
INFO:root:4034655:XX add new best (1, 3) is not 4 3 3
INFO:root:4034655:!! Found smaller !!!! 3 4
INFO:root:4034655:XX add new best (1, 3) is not 4 3 3
INFO:root:4034655:!! Found smaller !!!! 3 4
INFO:root:4034655:XX add new best (1, 3) is not 4 3 3
INFO:root:4034655:!! Found smaller !!!! 3 4
INFO:root:4034655:XX add new best (1, 3) is not 4 3 3
INFO:root:4034655:!! Found smaller !!!! 3 4
INFO:root:4034655:XX add new best (9, 1) is not 6 3 3
INFO:root:4034655:!! Found smaller !!!! 3 4
INFO:root:4034655:XX add new best (8, 3) is not 6 3 3
INFO:root:4034655:!! Found smaller !!!! 3 4
INFO:root:4034655:XX add new best (8, 3) is not 6 3 3
INFO:root:4034655:!! Found smaller !!!! 3 4
INFO:root:4034656:XX add new best (3, 5) is not 3 3 3
INFO:root:4034656:!! Found smaller !!!! 3 4
INFO:root:4034656:XX add new best (3, 5) is not 3 3 3
INFO:root:4034656:!! Found smaller !!!! 3 4
INFO:root:4034656:XX add new best (3, 5) is not 3 3 3
INFO:root:4034656:!! Found smaller !!!! 3 4
INFO:root:4034656:XX add new best (9, 1) is not 6 3 3
INFO:root:4034656:!! Found smaller !!!! 3 4
INFO:root:4034656:XX add new best (9, 1) is not 6 3 3
INFO:root:4034656:!! Found smaller !!!! 3 4
INFO:root:4034656:XX add new best (8, 3) is not 6 3 3
INFO:root:4034656:!! Found smaller !!!! 3 4
INFO:root:4034656:XX add new best (3, 5) is not 3 3 3
INFO:root:4034656:!! Found smaller !!!! 3 4
INFO:root:4034656:XX add new best (1, 3) is not 4 3 3
INFO:root:4034656:!! Found smaller !!!! 3 4
INFO:root:4034656:XX add new best (3, 5) is not 3 3 3
INFO:root:4034656:!! Found smaller !!!! 3 4
INFO:root:4034656:XX add new best (3, 5) is not 3 3 3
INFO:root:4034657:!! Found smaller !!!! 3 4
INFO:root:4034657:XX add new best (1, 3) is not 4 3 3
INFO:root:4034657:!! Found smaller !!!! 3 4
INFO:root:4034657:XX add new best (3, 5) is not 3 3 3
INFO:root:4034657:!! Found smaller !!!! 3 4
INFO:root:4034657:XX add new best (8, 3) is not 6 3 3
INFO:root:4034657:!! Found smaller !!!! 3 4
INFO:root:4034657:XX add new best (3, 5) is not 3 3 3
INFO:root:4034657:!! Found smaller !!!! 3 4
INFO:root:4034657:XX add new best (1, 3) is not 4 3 3
INFO:root:4034657:!! Found smaller !!!! 3 4
INFO:root:4034657:XX add new best (3, 5) is not 3 3 3
INFO:root:4034657:!! Found smaller !!!! 3 4
INFO:root:4034657:XX add new best (1, 3) is not 4 3 3
INFO:root:4034657:!! Found smaller !!!! 3 4
INFO:root:4034657:XX add new best (1, 3) is not 4 3 3
INFO:root:4034657:!! Found smaller !!!! 3 4
INFO:root:4034657:XX add new best (1, 3) is not 4 3 3
INFO:root:4034658:!! Found smaller !!!! 3 4
INFO:root:4034658:XX add new best (3, 5) is not 3 3 3
INFO:root:4034658:!! Found smaller !!!! 3 4
INFO:root:4034658:XX add new best (8, 3) is not 6 3 3
INFO:root:4034658:!! Found smaller !!!! 3 4
INFO:root:4034658:XX add new best (9, 1) is not 6 3 3
INFO:root:4034658:!! Found smaller !!!! 3 4
INFO:root:4034658:XX add new best (8, 3) is not 6 3 3
INFO:root:4034658:!! Found smaller !!!! 3 4
INFO:root:4034658:XX add new best (3, 5) is not 3 3 3
INFO:root:4034658:!! Found smaller !!!! 3 4
INFO:root:4034658:XX add new best (8, 3) is not 6 3 3
INFO:root:4034658:!! Found smaller !!!! 3 4
INFO:root:4034658:XX add new best (1, 3) is not 4 3 3
INFO:root:4034658:!! Found smaller !!!! 3 4
INFO:root:4034658:XX add new best (1, 3) is not 4 3 3
INFO:root:4034658:!! Found smaller !!!! 3 4
INFO:root:4034658:XX add new best (3, 5) is not 3 3 3
INFO:root:4034659:!! Found smaller !!!! 3 4
INFO:root:4034659:XX add new best (3, 5) is not 3 3 3
INFO:root:4034659:!! Found smaller !!!! 3 4
INFO:root:4034659:XX add new best (3, 5) is not 3 3 3
INFO:root:4034659:!! Found smaller !!!! 3 4
INFO:root:4034659:XX add new best (8, 3) is not 6 3 3
INFO:root:4034659:!! Found smaller !!!! 3 4
INFO:root:4034659:XX add new best (8, 3) is not 6 3 3
INFO:root:4034659:!! Found smaller !!!! 3 4
INFO:root:4034659:XX add new best (1, 3) is not 4 3 3
INFO:root:4034659:!! Found smaller !!!! 3 4
INFO:root:4034659:XX add new best (1, 3) is not 4 3 3
INFO:root:4034659:!! Found smaller !!!! 3 4
INFO:root:4034659:XX add new best (9, 1) is not 6 3 3
INFO:root:4034659:!! Found smaller !!!! 3 4
INFO:root:4034659:XX add new best (3, 5) is not 3 3 3
INFO:root:4034659:!! Found smaller !!!! 3 4
INFO:root:4034659:XX add new best (8, 3) is not 6 3 3
INFO:root:4034660:!! Found smaller !!!! 3 4
INFO:root:4034660:XX add new best (9, 1) is not 6 3 3
INFO:root:4034660:!! Found smaller !!!! 3 4
INFO:root:4034660:XX add new best (3, 5) is not 3 3 3
INFO:root:4034660:!! Found smaller !!!! 3 4
INFO:root:4034660:XX add new best (8, 3) is not 6 3 3
INFO:root:4034660:!! Found smaller !!!! 3 4
INFO:root:4034660:XX add new best (1, 3) is not 4 3 3
INFO:root:4034660:!! Found smaller !!!! 3 4
INFO:root:4034660:XX add new best (9, 1) is not 6 3 3
INFO:root:4034660:!! Found smaller !!!! 3 4
INFO:root:4034660:XX add new best (1, 3) is not 4 3 3
INFO:root:4034660:!! Found smaller !!!! 3 4
INFO:root:4034660:XX add new best (1, 3) is not 4 3 3
INFO:root:4034660:!! Found smaller !!!! 3 4
INFO:root:4034660:XX add new best (3, 5) is not 3 3 3
INFO:root:4034660:!! Found smaller !!!! 3 4
INFO:root:4034660:XX add new best (1, 3) is not 4 3 3
INFO:root:4034661:!! Found smaller !!!! 3 4
INFO:root:4034661:XX add new best (3, 5) is not 3 3 3
INFO:root:4034661:!! Found smaller !!!! 3 4
INFO:root:4034661:XX add new best (1, 3) is not 4 3 3
INFO:root:4034661:!! Found smaller !!!! 3 4
INFO:root:4034661:XX add new best (1, 3) is not 4 3 3
INFO:root:4034661:!! Found smaller !!!! 3 4
INFO:root:4034661:XX add new best (3, 5) is not 3 3 3
INFO:root:4034661:!! Found smaller !!!! 3 4
INFO:root:4034661:XX add new best (9, 1) is not 6 3 3
INFO:root:4034661:!! Found smaller !!!! 3 4
INFO:root:4034661:XX add new best (9, 1) is not 6 3 3
INFO:root:4034661:!! Found smaller !!!! 3 4
INFO:root:4034661:XX add new best (9, 1) is not 6 3 3
INFO:root:4034661:!! Found smaller !!!! 3 4
INFO:root:4034661:XX add new best (3, 5) is not 3 3 3
INFO:root:4034661:!! Found smaller !!!! 3 4
INFO:root:4034662:XX add new best (1, 3) is not 4 3 3
INFO:root:4034662:!! Found smaller !!!! 3 4
INFO:root:4034662:XX add new best (3, 5) is not 3 3 3
INFO:root:4034662:!! Found smaller !!!! 3 4
INFO:root:4034662:XX add new best (9, 1) is not 6 3 3
INFO:root:4034662:!! Found smaller !!!! 3 4
INFO:root:4034662:XX add new best (8, 3) is not 6 3 3
INFO:root:4034662:!! Found smaller !!!! 3 4
INFO:root:4034662:XX add new best (3, 5) is not 3 3 3
INFO:root:4034662:!! Found smaller !!!! 3 4
INFO:root:4034662:XX add new best (3, 5) is not 3 3 3
INFO:root:4034662:!! Found smaller !!!! 3 4
INFO:root:4034662:XX add new best (1, 3) is not 4 3 3
INFO:root:4034662:!! Found smaller !!!! 3 4
INFO:root:4034662:XX add new best (3, 5) is not 3 3 3
INFO:root:4034662:!! Found smaller !!!! 3 4
INFO:root:4034662:XX add new best (1, 3) is not 4 3 3
INFO:root:4034662:!! Found smaller !!!! 3 4
INFO:root:4034663:XX add new best (8, 3) is not 6 3 3
INFO:root:4034663:!! Found smaller !!!! 3 4
INFO:root:4034663:XX add new best (3, 5) is not 3 3 3
INFO:root:4034663:!! Found smaller !!!! 3 4
INFO:root:4034663:XX add new best (3, 5) is not 3 3 3
INFO:root:4034663:!! Found smaller !!!! 3 4
INFO:root:4034663:XX add new best (3, 5) is not 3 3 3
INFO:root:4034663:!! Found smaller !!!! 3 4
INFO:root:4034663:XX add new best (3, 5) is not 3 3 3
INFO:root:4034663:!! Found smaller !!!! 3 4
INFO:root:4034663:XX add new best (3, 5) is not 3 3 3
INFO:root:4034663:!! Found smaller !!!! 3 4
INFO:root:4034663:XX add new best (8, 3) is not 6 3 3
INFO:root:4034663:!! Found smaller !!!! 3 4
INFO:root:4034663:XX add new best (3, 5) is not 3 3 3
INFO:root:4034663:!! Found smaller !!!! 3 4
INFO:root:4034663:XX add new best (3, 5) is not 3 3 3
INFO:root:4034663:!! Found smaller !!!! 3 4
INFO:root:4034664:XX add new best (3, 5) is not 3 3 3
INFO:root:4034664:!! Found smaller !!!! 3 4
INFO:root:4034664:XX add new best (8, 3) is not 6 3 3
INFO:root:4034664:!! Found smaller !!!! 3 4
INFO:root:4034664:XX add new best (9, 1) is not 6 3 3
INFO:root:4034664:!! Found smaller !!!! 3 4
INFO:root:4034664:XX add new best (3, 5) is not 3 3 3
INFO:root:4034664:!! Found smaller !!!! 3 4
INFO:root:4034664:XX add new best (9, 1) is not 6 3 3
INFO:root:4034664:!! Found smaller !!!! 3 4
INFO:root:4034664:XX add new best (8, 3) is not 6 3 3
INFO:root:4034664:!! Found smaller !!!! 3 4
INFO:root:4034664:XX add new best (3, 5) is not 3 3 3
INFO:root:4034664:!! Found smaller !!!! 3 4
INFO:root:4034664:XX add new best (8, 3) is not 6 3 3
INFO:root:4034664:!! Found smaller !!!! 3 4
INFO:root:4034665:XX add new best (3, 5) is not 3 3 3
INFO:root:4034665:!! Found smaller !!!! 3 4
INFO:root:4034665:XX add new best (1, 3) is not 4 3 3
INFO:root:4034665:!! Found smaller !!!! 3 4
INFO:root:4034665:XX add new best (1, 3) is not 4 3 3
INFO:root:4034665:!! Found smaller !!!! 3 4
INFO:root:4034665:XX add new best (9, 1) is not 6 3 3
INFO:root:4034665:!! Found smaller !!!! 3 4
INFO:root:4034665:XX add new best (8, 3) is not 6 3 3
INFO:root:4034665:!! Found smaller !!!! 3 4
INFO:root:4034665:XX add new best (8, 3) is not 6 3 3
INFO:root:4034665:!! Found smaller !!!! 3 4
INFO:root:4034665:XX add new best (3, 5) is not 3 3 3
INFO:root:4034665:!! Found smaller !!!! 3 4
INFO:root:4034665:XX add new best (8, 3) is not 6 3 3
INFO:root:4034665:!! Found smaller !!!! 3 4
INFO:root:4034665:XX add new best (1, 3) is not 4 3 3
INFO:root:4034665:!! Found smaller !!!! 3 4
INFO:root:4034666:XX add new best (3, 5) is not 3 3 3
INFO:root:4034666:!! Found smaller !!!! 3 4
INFO:root:4034666:XX add new best (9, 1) is not 6 3 3
INFO:root:4034666:!! Found smaller !!!! 3 4
INFO:root:4034666:XX add new best (1, 3) is not 4 3 3
INFO:root:4034666:!! Found smaller !!!! 3 4
INFO:root:4034666:XX add new best (1, 3) is not 4 3 3
INFO:root:4034666:!! Found smaller !!!! 3 4
INFO:root:4034666:XX add new best (1, 3) is not 4 3 3
INFO:root:4034666:!! Found smaller !!!! 3 4
INFO:root:4034666:XX add new best (3, 5) is not 3 3 3
INFO:root:4034666:!! Found smaller !!!! 3 4
INFO:root:4034666:XX add new best (3, 5) is not 3 3 3
INFO:root:4034666:!! Found smaller !!!! 3 4
INFO:root:4034666:XX add new best (1, 3) is not 4 3 3
INFO:root:4034666:!! Found smaller !!!! 3 4
INFO:root:4034666:XX add new best (1, 3) is not 4 3 3
INFO:root:4034666:!! Found smaller !!!! 3 4
INFO:root:4034666:XX add new best (8, 3) is not 6 3 3
INFO:root:4034667:!! Found smaller !!!! 3 4
INFO:root:4034667:XX add new best (3, 5) is not 3 3 3
INFO:root:4034667:!! Found smaller !!!! 3 4
INFO:root:4034667:XX add new best (9, 1) is not 6 3 3
INFO:root:4034667:!! Found smaller !!!! 3 4
INFO:root:4034667:XX add new best (3, 5) is not 3 3 3
INFO:root:4034667:!! Found smaller !!!! 3 4
INFO:root:4034667:XX add new best (1, 3) is not 4 3 3
INFO:root:4034667:!! Found smaller !!!! 3 4
INFO:root:4034667:XX add new best (8, 3) is not 6 3 3
INFO:root:4034667:!! Found smaller !!!! 3 4
INFO:root:4034667:XX add new best (9, 1) is not 6 3 3
INFO:root:4034667:!! Found smaller !!!! 3 4
INFO:root:4034667:XX add new best (1, 3) is not 4 3 3
INFO:root:4034667:!! Found smaller !!!! 3 4
INFO:root:4034667:XX add new best (1, 3) is not 4 3 3
INFO:root:4034667:!! Found smaller !!!! 3 4
INFO:root:4034667:XX add new best (9, 1) is not 6 3 3
INFO:root:4034668:!! Found smaller !!!! 3 4
INFO:root:4034668:XX add new best (1, 3) is not 4 3 3
INFO:root:4034668:!! Found smaller !!!! 3 4
INFO:root:4034668:XX add new best (3, 5) is not 3 3 3
INFO:root:4034668:!! Found smaller !!!! 3 4
INFO:root:4034668:XX add new best (8, 3) is not 6 3 3
INFO:root:4034668:!! Found smaller !!!! 3 4
INFO:root:4034668:XX add new best (1, 3) is not 4 3 3
INFO:root:4034668:!! Found smaller !!!! 3 4
INFO:root:4034668:XX add new best (1, 3) is not 4 3 3
INFO:root:4034668:!! Found smaller !!!! 3 4
INFO:root:4034668:XX add new best (1, 3) is not 4 3 3
INFO:root:4034668:!! Found smaller !!!! 3 4
INFO:root:4034668:XX add new best (1, 3) is not 4 3 3
INFO:root:4034668:!! Found smaller !!!! 3 4
INFO:root:4034668:XX add new best (9, 1) is not 6 3 3
INFO:root:4034668:!! Found smaller !!!! 3 4
INFO:root:4034668:XX add new best (3, 5) is not 3 3 3
INFO:root:4034669:!! Found smaller !!!! 3 4
INFO:root:4034669:XX add new best (1, 3) is not 4 3 3
INFO:root:4034822:Minimal choices : 4 [(1, 3) is not 4, (3, 5) is not 3, (8, 3) is not 6, (9, 1) is not 6]
INFO:root:4034823:Starting Step 11
INFO:root:4035400:Current state [[[[8], [5], [4, 6, 7], [3, 4, 7], [2], [3, 4, 6, 7], [4, 7], [9], [1]], [[4, 6], [2], [1], [4, 7, 9], [4, 5, 7], [4, 6, 7, 9], [4, 5, 7], [8], [3]], [[3, 4], [3, 7], [9], [1], [4, 5, 7], [8], [2], [6], [4, 5]], [[7], [4], [2], [3, 9], [8], [3, 9], [1], [5], [6]], [[5, 6], [9], [5, 6], [4, 7], [1], [4, 7], [3], [2], [8]], [[1], [8], [3], [5], [6], [2], [4, 9], [7], [4, 9]], [[9], [3, 7], [4, 7], [6], [3, 4, 7], [5], [8], [1], [2]], [[2], [1, 6, 7], [4, 5, 6, 7], [8], [4, 7], [1, 4, 7], [5, 6, 9], [3], [5, 9]], [[3, 5, 6], [1, 3, 6], [8], [2], [9], [1, 3], [5, 6], [4], [7]]]]
INFO:root:4035400:Doing checkSmall1
INFO:root:4035400:Getting tiny MUSes, distance 1, for 86 puzlits, 1 repeats
INFO:root:4035438:Chunked 86 in [6, 6, 6, 6, 6, 6, 5, 5, 5, 5, 5, 5, 5, 5, 5, 5]
INFO:root:4035460:XX found first (7, 5) is 3 1
INFO:root:4035473:Early exit from checkSmall1
INFO:root:4035485:Starting Step 12
INFO:root:4036073:Current state [[[[8], [5], [4, 6, 7], [3, 4, 7], [2], [3, 4, 6, 7], [4, 7], [9], [1]], [[4, 6], [2], [1], [4, 7, 9], [4, 5, 7], [4, 6, 7, 9], [4, 5, 7], [8], [3]], [[3, 4], [3, 7], [9], [1], [4, 5, 7], [8], [2], [6], [4, 5]], [[7], [4], [2], [3, 9], [8], [3, 9], [1], [5], [6]], [[5, 6], [9], [5, 6], [4, 7], [1], [4, 7], [3], [2], [8]], [[1], [8], [3], [5], [6], [2], [4, 9], [7], [4, 9]], [[9], [3, 7], [4, 7], [6], [3], [5], [8], [1], [2]], [[2], [1, 6, 7], [4, 5, 6, 7], [8], [4, 7], [1, 4, 7], [5, 6, 9], [3], [5, 9]], [[3, 5, 6], [1, 3, 6], [8], [2], [9], [1, 3], [5, 6], [4], [7]]]]
INFO:root:4036073:Doing checkSmall1
INFO:root:4036073:Getting tiny MUSes, distance 1, for 85 puzlits, 1 repeats
INFO:root:4036110:Chunked 85 in [6, 6, 6, 6, 6, 5, 5, 5, 5, 5, 5, 5, 5, 5, 5, 5]
INFO:root:4036133:XX found first (7, 2) is not 3 1
INFO:root:4036133:XX found first (7, 5) is not 4 1
INFO:root:4036133:XX found first (9, 6) is not 3 1
INFO:root:4036133:XX found first (7, 5) is not 7 1
INFO:root:4036146:Early exit from checkSmall1
INFO:root:4036155:Starting Step 13
INFO:root:4036741:Current state [[[[8], [5], [4, 6, 7], [3, 4, 7], [2], [3, 4, 6, 7], [4, 7], [9], [1]], [[4, 6], [2], [1], [4, 7, 9], [4, 5, 7], [4, 6, 7, 9], [4, 5, 7], [8], [3]], [[3, 4], [3, 7], [9], [1], [4, 5, 7], [8], [2], [6], [4, 5]], [[7], [4], [2], [3, 9], [8], [3, 9], [1], [5], [6]], [[5, 6], [9], [5, 6], [4, 7], [1], [4, 7], [3], [2], [8]], [[1], [8], [3], [5], [6], [2], [4, 9], [7], [4, 9]], [[9], [7], [4, 7], [6], [3], [5], [8], [1], [2]], [[2], [1, 6, 7], [4, 5, 6, 7], [8], [4, 7], [1, 4, 7], [5, 6, 9], [3], [5, 9]], [[3, 5, 6], [1, 3, 6], [8], [2], [9], [1], [5, 6], [4], [7]]]]
INFO:root:4036741:Doing checkSmall1
INFO:root:4036741:Getting tiny MUSes, distance 1, for 81 puzlits, 1 repeats
INFO:root:4036778:Chunked 81 in [6, 5, 5, 5, 5, 5, 5, 5, 5, 5, 5, 5, 5, 5, 5, 5]
INFO:root:4036803:XX found first (7, 2) is 7 1
INFO:root:4036803:XX found first (7, 3) is 4 1
INFO:root:4036804:XX found first (9, 6) is 1 1
INFO:root:4036816:Early exit from checkSmall1
INFO:root:4036836:Starting Step 14
INFO:root:4037425:Current state [[[[8], [5], [4, 6, 7], [3, 4, 7], [2], [3, 4, 6, 7], [4, 7], [9], [1]], [[4, 6], [2], [1], [4, 7, 9], [4, 5, 7], [4, 6, 7, 9], [4, 5, 7], [8], [3]], [[3, 4], [3, 7], [9], [1], [4, 5, 7], [8], [2], [6], [4, 5]], [[7], [4], [2], [3, 9], [8], [3, 9], [1], [5], [6]], [[5, 6], [9], [5, 6], [4, 7], [1], [4, 7], [3], [2], [8]], [[1], [8], [3], [5], [6], [2], [4, 9], [7], [4, 9]], [[9], [7], [4], [6], [3], [5], [8], [1], [2]], [[2], [1, 6, 7], [4, 5, 6, 7], [8], [4, 7], [1, 4, 7], [5, 6, 9], [3], [5, 9]], [[3, 5, 6], [1, 3, 6], [8], [2], [9], [1], [5, 6], [4], [7]]]]
INFO:root:4037425:Doing checkSmall1
INFO:root:4037425:Getting tiny MUSes, distance 1, for 78 puzlits, 1 repeats
INFO:root:4037462:Chunked 78 in [5, 5, 5, 5, 5, 5, 5, 5, 5, 5, 5, 5, 5, 5, 4, 4]
INFO:root:4037491:XX found first (9, 2) is not 1 1
INFO:root:4037491:XX found first (8, 3) is not 7 1
INFO:root:4037491:XX found first (8, 2) is not 7 1
INFO:root:4037491:XX found first (3, 2) is not 7 1
INFO:root:4037491:XX found first (8, 6) is not 1 1
INFO:root:4037491:XX found first (7, 3) is not 7 1
INFO:root:4037491:XX found first (8, 3) is not 4 1
INFO:root:4037491:XX found first (1, 3) is not 4 1
INFO:root:4037504:Early exit from checkSmall1
INFO:root:4037513:Starting Step 15
INFO:root:4038102:Current state [[[[8], [5], [6, 7], [3, 4, 7], [2], [3, 4, 6, 7], [4, 7], [9], [1]], [[4, 6], [2], [1], [4, 7, 9], [4, 5, 7], [4, 6, 7, 9], [4, 5, 7], [8], [3]], [[3, 4], [3], [9], [1], [4, 5, 7], [8], [2], [6], [4, 5]], [[7], [4], [2], [3, 9], [8], [3, 9], [1], [5], [6]], [[5, 6], [9], [5, 6], [4, 7], [1], [4, 7], [3], [2], [8]], [[1], [8], [3], [5], [6], [2], [4, 9], [7], [4, 9]], [[9], [7], [4], [6], [3], [5], [8], [1], [2]], [[2], [1, 6], [5, 6], [8], [4, 7], [4, 7], [5, 6, 9], [3], [5, 9]], [[3, 5, 6], [3, 6], [8], [2], [9], [1], [5, 6], [4], [7]]]]
INFO:root:4038102:Doing checkSmall1
INFO:root:4038102:Getting tiny MUSes, distance 1, for 70 puzlits, 1 repeats
INFO:root:4038139:Chunked 70 in [5, 5, 5, 5, 5, 5, 4, 4, 4, 4, 4, 4, 4, 4, 4, 4]
INFO:root:4038162:XX found first (8, 2) is 1 1
INFO:root:4038163:XX found first (3, 5) is 7 1
INFO:root:4038163:XX found first (1, 3) is 7 1
INFO:root:4038163:XX found first (3, 2) is 3 1
INFO:root:4038176:Early exit from checkSmall1
INFO:root:4038197:Starting Step 16
INFO:root:4038793:Current state [[[[8], [5], [7], [3, 4, 7], [2], [3, 4, 6, 7], [4, 7], [9], [1]], [[4, 6], [2], [1], [4, 7, 9], [4, 5, 7], [4, 6, 7, 9], [4, 5, 7], [8], [3]], [[3, 4], [3], [9], [1], [7], [8], [2], [6], [4, 5]], [[7], [4], [2], [3, 9], [8], [3, 9], [1], [5], [6]], [[5, 6], [9], [5, 6], [4, 7], [1], [4, 7], [3], [2], [8]], [[1], [8], [3], [5], [6], [2], [4, 9], [7], [4, 9]], [[9], [7], [4], [6], [3], [5], [8], [1], [2]], [[2], [1], [5, 6], [8], [4, 7], [4, 7], [5, 6, 9], [3], [5, 9]], [[3, 5, 6], [3, 6], [8], [2], [9], [1], [5, 6], [4], [7]]]]
INFO:root:4038793:Doing checkSmall1
INFO:root:4038793:Getting tiny MUSes, distance 1, for 66 puzlits, 1 repeats
INFO:root:4038829:Chunked 66 in [5, 5, 4, 4, 4, 4, 4, 4, 4, 4, 4, 4, 4, 4, 4, 4]
INFO:root:4038852:XX found first (1, 6) is not 7 1
INFO:root:4038852:XX found first (1, 7) is not 7 1
INFO:root:4038852:XX found first (3, 5) is not 4 1
INFO:root:4038852:XX found first (1, 3) is not 6 1
INFO:root:4038852:XX found first (9, 2) is not 3 1
INFO:root:4038853:XX found first (2, 4) is not 7 1
INFO:root:4038853:XX found first (2, 5) is not 7 1
INFO:root:4038853:XX found first (8, 5) is not 7 1
INFO:root:4038853:XX found first (8, 2) is not 6 1
INFO:root:4038853:XX found first (3, 1) is not 3 1
INFO:root:4038853:XX found first (2, 6) is not 7 1
INFO:root:4038853:XX found first (1, 4) is not 7 1
INFO:root:4038853:XX found first (3, 5) is not 5 1
INFO:root:4038866:Early exit from checkSmall1
INFO:root:4038875:Starting Step 17
INFO:root:4039480:Current state [[[[8], [5], [7], [3, 4], [2], [3, 4, 6], [4], [9], [1]], [[4, 6], [2], [1], [4, 9], [4, 5], [4, 6, 9], [4, 5, 7], [8], [3]], [[4], [3], [9], [1], [7], [8], [2], [6], [4, 5]], [[7], [4], [2], [3, 9], [8], [3, 9], [1], [5], [6]], [[5, 6], [9], [5, 6], [4, 7], [1], [4, 7], [3], [2], [8]], [[1], [8], [3], [5], [6], [2], [4, 9], [7], [4, 9]], [[9], [7], [4], [6], [3], [5], [8], [1], [2]], [[2], [1], [5, 6], [8], [4], [4, 7], [5, 6, 9], [3], [5, 9]], [[3, 5, 6], [6], [8], [2], [9], [1], [5, 6], [4], [7]]]]
INFO:root:4039480:Doing checkSmall1
INFO:root:4039481:Getting tiny MUSes, distance 1, for 53 puzlits, 1 repeats
INFO:root:4039517:Chunked 53 in [4, 4, 4, 4, 4, 3, 3, 3, 3, 3, 3, 3, 3, 3, 3, 3]
INFO:root:4039538:XX found first (9, 1) is 3 1
INFO:root:4039538:XX found first (1, 6) is 6 1
INFO:root:4039538:XX found first (3, 1) is 4 1
INFO:root:4039538:XX found first (2, 5) is 5 1
INFO:root:4039538:XX found first (8, 6) is 7 1
INFO:root:4039539:XX found first (5, 4) is 7 1
INFO:root:4039539:XX found first (1, 7) is 4 1
INFO:root:4039539:XX found first (8, 5) is 4 1
INFO:root:4039539:XX found first (2, 7) is 7 1
INFO:root:4039539:XX found first (3, 9) is 5 1
INFO:root:4039539:XX found first (2, 1) is 6 1
INFO:root:4039539:XX found first (9, 2) is 6 1
INFO:root:4039552:Early exit from checkSmall1
INFO:root:4039599:Starting Step 18
INFO:root:4040217:Current state [[[[8], [5], [7], [3, 4], [2], [6], [4], [9], [1]], [[6], [2], [1], [4, 9], [5], [4, 6, 9], [7], [8], [3]], [[4], [3], [9], [1], [7], [8], [2], [6], [5]], [[7], [4], [2], [3, 9], [8], [3, 9], [1], [5], [6]], [[5, 6], [9], [5, 6], [7], [1], [4, 7], [3], [2], [8]], [[1], [8], [3], [5], [6], [2], [4, 9], [7], [4, 9]], [[9], [7], [4], [6], [3], [5], [8], [1], [2]], [[2], [1], [5, 6], [8], [4], [7], [5, 6, 9], [3], [5, 9]], [[3], [6], [8], [2], [9], [1], [5, 6], [4], [7]]]]
INFO:root:4040217:Doing checkSmall1
INFO:root:4040217:Getting tiny MUSes, distance 1, for 41 puzlits, 1 repeats
INFO:root:4040254:Chunked 41 in [3, 3, 3, 3, 3, 3, 3, 3, 3, 2, 2, 2, 2, 2, 2, 2]
INFO:root:4040275:XX found first (1, 6) is not 3 1
INFO:root:4040275:XX found first (3, 9) is not 4 1
INFO:root:4040275:XX found first (5, 4) is not 4 1
INFO:root:4040275:XX found first (2, 1) is not 4 1
INFO:root:4040275:XX found first (2, 5) is not 4 1
INFO:root:4040275:XX found first (2, 7) is not 4 1
INFO:root:4040275:XX found first (1, 6) is not 4 1
INFO:root:4040275:XX found first (9, 1) is not 6 1
INFO:root:4040275:XX found first (9, 1) is not 5 1
INFO:root:4040275:XX found first (5, 1) is not 6 1
INFO:root:4040275:XX found first (2, 6) is not 6 1
INFO:root:4040276:XX found first (1, 4) is not 4 1
INFO:root:4040276:XX found first (8, 3) is not 6 1
INFO:root:4040276:XX found first (9, 7) is not 6 1
INFO:root:4040276:XX found first (8, 6) is not 4 1
INFO:root:4040276:XX found first (8, 9) is not 5 1
INFO:root:4040276:XX found first (5, 6) is not 7 1
INFO:root:4040276:XX found first (2, 7) is not 5 1
INFO:root:4040276:XX found first (6, 7) is not 4 1
INFO:root:4040289:Early exit from checkSmall1
INFO:root:4040298:Starting Step 19
INFO:root:4040933:Current state [[[[8], [5], [7], [3], [2], [6], [4], [9], [1]], [[6], [2], [1], [4, 9], [5], [4, 9], [7], [8], [3]], [[4], [3], [9], [1], [7], [8], [2], [6], [5]], [[7], [4], [2], [3, 9], [8], [3, 9], [1], [5], [6]], [[5], [9], [5, 6], [7], [1], [4], [3], [2], [8]], [[1], [8], [3], [5], [6], [2], [9], [7], [4, 9]], [[9], [7], [4], [6], [3], [5], [8], [1], [2]], [[2], [1], [5], [8], [4], [7], [5, 6, 9], [3], [9]], [[3], [6], [8], [2], [9], [1], [5], [4], [7]]]]
INFO:root:4040933:Doing checkSmall1
INFO:root:4040933:Getting tiny MUSes, distance 1, for 22 puzlits, 1 repeats
INFO:root:4040970:Chunked 22 in [2, 2, 2, 2, 2, 2, 1, 1, 1, 1, 1, 1, 1, 1, 1, 1]
INFO:root:4040982:XX found first (5, 1) is 5 1
INFO:root:4040982:XX found first (4, 6) is 3 1
INFO:root:4040983:XX found first (8, 3) is 5 1
INFO:root:4040983:XX found first (5, 3) is 6 1
INFO:root:4040983:XX found first (6, 9) is 4 1
INFO:root:4040983:XX found first (8, 7) is 6 1
INFO:root:4040983:XX found first (2, 4) is 4 1
INFO:root:4040983:XX found first (6, 7) is 9 1
INFO:root:4040983:XX found first (9, 7) is 5 1
INFO:root:4040983:XX found first (5, 6) is 4 1
INFO:root:4040983:XX found first (1, 4) is 3 1
INFO:root:4040983:XX found first (8, 9) is 9 1
INFO:root:4040996:Early exit from checkSmall1
INFO:root:4041045:Starting Step 20
INFO:root:4041681:Current state [[[[8], [5], [7], [3], [2], [6], [4], [9], [1]], [[6], [2], [1], [4], [5], [4, 9], [7], [8], [3]], [[4], [3], [9], [1], [7], [8], [2], [6], [5]], [[7], [4], [2], [3, 9], [8], [3], [1], [5], [6]], [[5], [9], [6], [7], [1], [4], [3], [2], [8]], [[1], [8], [3], [5], [6], [2], [9], [7], [4]], [[9], [7], [4], [6], [3], [5], [8], [1], [2]], [[2], [1], [5], [8], [4], [7], [6], [3], [9]], [[3], [6], [8], [2], [9], [1], [5], [4], [7]]]]
INFO:root:4041681:Doing checkSmall1
INFO:root:4041681:Getting tiny MUSes, distance 1, for 10 puzlits, 1 repeats
INFO:root:4041717:Chunked 10 in [1, 1, 1, 1, 1, 1, 1, 1, 1, 1, 0, 0, 0, 0, 0, 0]
INFO:root:4041730:XX found first (2, 6) is not 4 1
INFO:root:4041730:XX found first (8, 7) is not 5 1
INFO:root:4041730:XX found first (4, 4) is not 3 1
INFO:root:4041730:XX found first (2, 4) is not 9 1
INFO:root:4041730:XX found first (4, 6) is not 9 1
INFO:root:4041730:XX found first (5, 3) is not 5 1
INFO:root:4041730:XX found first (6, 9) is not 9 1
INFO:root:4041730:XX found first (8, 7) is not 9 1
INFO:root:4041744:Early exit from checkSmall1
INFO:root:4041753:Starting Step 21
INFO:root:4042392:Current state [[[[8], [5], [7], [3], [2], [6], [4], [9], [1]], [[6], [2], [1], [4], [5], [9], [7], [8], [3]], [[4], [3], [9], [1], [7], [8], [2], [6], [5]], [[7], [4], [2], [9], [8], [3], [1], [5], [6]], [[5], [9], [6], [7], [1], [4], [3], [2], [8]], [[1], [8], [3], [5], [6], [2], [9], [7], [4]], [[9], [7], [4], [6], [3], [5], [8], [1], [2]], [[2], [1], [5], [8], [4], [7], [6], [3], [9]], [[3], [6], [8], [2], [9], [1], [5], [4], [7]]]]
INFO:root:4042392:Doing checkSmall1
INFO:root:4042392:Getting tiny MUSes, distance 1, for 2 puzlits, 1 repeats
INFO:root:4042428:Chunked 2 in [1, 1, 0, 0, 0, 0, 0, 0, 0, 0, 0, 0, 0, 0, 0, 0]
INFO:root:4042436:XX found first (2, 6) is 9 1
INFO:root:4042436:XX found first (4, 4) is 9 1
INFO:root:4042449:Early exit from checkSmall1
INFO:root:4042463:Total Solver Calls 45748205
INFO:root:4042463:Trace: [(3, [(1, 3) is not 4])]
INFO:root:4042463:Trace Quality: [(3, 1)]
INFO:root:4042463:Trace Sorted: [(3, 1)]
INFO:root:4042463:Finished
INFO:root:4042463:Full Trace [(3, [(1, 3) is not 4])]

real	67m22.753s
user	1022m39.693s
sys	2m47.292s
