INFO:root:5936:Starting Step 1
INFO:root:5965:Current state [[[[8], [5], [1, 2, 3, 4, 5, 6, 7, 8, 9], [1, 2, 3, 4, 5, 6, 7, 8, 9], [2], [1, 2, 3, 4, 5, 6, 7, 8, 9], [1, 2, 3, 4, 5, 6, 7, 8, 9], [1, 2, 3, 4, 5, 6, 7, 8, 9], [1, 2, 3, 4, 5, 6, 7, 8, 9]], [[1, 2, 3, 4, 5, 6, 7, 8, 9], [2], [1, 2, 3, 4, 5, 6, 7, 8, 9], [1, 2, 3, 4, 5, 6, 7, 8, 9], [1, 2, 3, 4, 5, 6, 7, 8, 9], [1, 2, 3, 4, 5, 6, 7, 8, 9], [1, 2, 3, 4, 5, 6, 7, 8, 9], [1, 2, 3, 4, 5, 6, 7, 8, 9], [3]], [[1, 2, 3, 4, 5, 6, 7, 8, 9], [1, 2, 3, 4, 5, 6, 7, 8, 9], [9], [1], [1, 2, 3, 4, 5, 6, 7, 8, 9], [8], [1, 2, 3, 4, 5, 6, 7, 8, 9], [1, 2, 3, 4, 5, 6, 7, 8, 9], [1, 2, 3, 4, 5, 6, 7, 8, 9]], [[1, 2, 3, 4, 5, 6, 7, 8, 9], [4], [1, 2, 3, 4, 5, 6, 7, 8, 9], [1, 2, 3, 4, 5, 6, 7, 8, 9], [8], [1, 2, 3, 4, 5, 6, 7, 8, 9], [1], [5], [1, 2, 3, 4, 5, 6, 7, 8, 9]], [[1, 2, 3, 4, 5, 6, 7, 8, 9], [9], [1, 2, 3, 4, 5, 6, 7, 8, 9], [1, 2, 3, 4, 5, 6, 7, 8, 9], [1], [1, 2, 3, 4, 5, 6, 7, 8, 9], [1, 2, 3, 4, 5, 6, 7, 8, 9], [2], [1, 2, 3, 4, 5, 6, 7, 8, 9]], [[1, 2, 3, 4, 5, 6, 7, 8, 9], [8], [3], [1, 2, 3, 4, 5, 6, 7, 8, 9], [6], [1, 2, 3, 4, 5, 6, 7, 8, 9], [1, 2, 3, 4, 5, 6, 7, 8, 9], [7], [1, 2, 3, 4, 5, 6, 7, 8, 9]], [[1, 2, 3, 4, 5, 6, 7, 8, 9], [1, 2, 3, 4, 5, 6, 7, 8, 9], [1, 2, 3, 4, 5, 6, 7, 8, 9], [6], [1, 2, 3, 4, 5, 6, 7, 8, 9], [5], [8], [1, 2, 3, 4, 5, 6, 7, 8, 9], [1, 2, 3, 4, 5, 6, 7, 8, 9]], [[2], [1, 2, 3, 4, 5, 6, 7, 8, 9], [1, 2, 3, 4, 5, 6, 7, 8, 9], [1, 2, 3, 4, 5, 6, 7, 8, 9], [1, 2, 3, 4, 5, 6, 7, 8, 9], [1, 2, 3, 4, 5, 6, 7, 8, 9], [1, 2, 3, 4, 5, 6, 7, 8, 9], [3], [1, 2, 3, 4, 5, 6, 7, 8, 9]], [[1, 2, 3, 4, 5, 6, 7, 8, 9], [1, 2, 3, 4, 5, 6, 7, 8, 9], [1, 2, 3, 4, 5, 6, 7, 8, 9], [1, 2, 3, 4, 5, 6, 7, 8, 9], [9], [1, 2, 3, 4, 5, 6, 7, 8, 9], [1, 2, 3, 4, 5, 6, 7, 8, 9], [4], [7]]]]
INFO:root:5965:Doing checkSmall1
INFO:root:5965:Getting tiny MUSes, distance 1, for 702 puzlits, 1 repeats
INFO:root:6021:Chunked 702 in [44, 44, 44, 44, 44, 44, 44, 44, 44, 44, 44, 44, 44, 44, 43, 43]
INFO:root:6218:XX found first (3, 3) is not 5 1
INFO:root:6218:XX found first (3, 6) is not 3 1
INFO:root:6218:XX found first (9, 6) is not 7 1
INFO:root:6218:XX found first (3, 3) is not 7 1
INFO:root:6218:XX found first (6, 8) is not 1 1
INFO:root:6218:XX found first (1, 7) is not 2 1
INFO:root:6218:XX found first (3, 6) is not 2 1
INFO:root:6218:XX found first (1, 7) is not 3 1
INFO:root:6219:XX found first (7, 8) is not 8 1
INFO:root:6219:XX found first (6, 7) is not 8 1
INFO:root:6219:XX found first (8, 4) is not 9 1
INFO:root:6219:XX found first (3, 8) is not 7 1
INFO:root:6219:XX found first (6, 7) is not 1 1
INFO:root:6219:XX found first (6, 5) is not 7 1
INFO:root:6219:XX found first (6, 5) is not 9 1
INFO:root:6219:XX found first (8, 1) is not 1 1
INFO:root:6219:XX found first (1, 7) is not 8 1
INFO:root:6219:XX found first (6, 1) is not 7 1
INFO:root:6219:XX found first (4, 1) is not 8 1
INFO:root:6219:XX found first (6, 2) is not 4 1
INFO:root:6219:XX found first (6, 9) is not 5 1
INFO:root:6219:XX found first (6, 3) is not 5 1
INFO:root:6219:XX found first (8, 6) is not 5 1
INFO:root:6219:XX found first (4, 2) is not 6 1
INFO:root:6219:XX found first (2, 4) is not 8 1
INFO:root:6219:XX found first (3, 7) is not 9 1
INFO:root:6219:XX found first (8, 8) is not 7 1
INFO:root:6219:XX found first (2, 7) is not 2 1
INFO:root:6219:XX found first (9, 9) is not 5 1
INFO:root:6219:XX found first (2, 4) is not 3 1
INFO:root:6219:XX found first (3, 1) is not 9 1
INFO:root:6219:XX found first (7, 4) is not 2 1
INFO:root:6219:XX found first (6, 6) is not 8 1
INFO:root:6220:XX found first (1, 9) is not 3 1
INFO:root:6220:XX found first (8, 3) is not 3 1
INFO:root:6220:XX found first (9, 6) is not 8 1
INFO:root:6220:XX found first (7, 9) is not 7 1
INFO:root:6220:XX found first (6, 7) is not 6 1
INFO:root:6220:XX found first (2, 9) is not 4 1
INFO:root:6220:XX found first (4, 2) is not 8 1
INFO:root:6220:XX found first (4, 8) is not 4 1
INFO:root:6220:XX found first (5, 8) is not 8 1
INFO:root:6220:XX found first (5, 6) is not 8 1
INFO:root:6220:XX found first (4, 4) is not 1 1
INFO:root:6220:XX found first (9, 9) is not 9 1
INFO:root:6220:XX found first (7, 9) is not 3 1
INFO:root:6220:XX found first (9, 2) is not 9 1
INFO:root:6220:XX found first (6, 1) is not 8 1
INFO:root:6220:XX found first (9, 6) is not 4 1
INFO:root:6220:XX found first (3, 4) is not 7 1
INFO:root:6220:XX found first (7, 5) is not 1 1
INFO:root:6220:XX found first (5, 7) is not 8 1
INFO:root:6220:XX found first (7, 5) is not 2 1
INFO:root:6220:XX found first (2, 9) is not 9 1
INFO:root:6220:XX found first (3, 9) is not 1 1
INFO:root:6221:XX found first (6, 5) is not 5 1
INFO:root:6221:XX found first (2, 5) is not 2 1
INFO:root:6221:XX found first (9, 8) is not 2 1
INFO:root:6221:XX found first (5, 5) is not 6 1
INFO:root:6221:XX found first (9, 9) is not 4 1
INFO:root:6221:XX found first (5, 8) is not 9 1
INFO:root:6221:XX found first (6, 8) is not 9 1
INFO:root:6221:XX found first (7, 5) is not 8 1
INFO:root:6221:XX found first (3, 6) is not 4 1
INFO:root:6221:XX found first (5, 5) is not 9 1
INFO:root:6221:XX found first (7, 3) is not 9 1
INFO:root:6221:XX found first (8, 9) is not 7 1
INFO:root:6221:XX found first (8, 8) is not 8 1
INFO:root:6221:XX found first (6, 4) is not 3 1
INFO:root:6221:XX found first (8, 8) is not 6 1
INFO:root:6221:XX found first (5, 5) is not 5 1
INFO:root:6221:XX found first (3, 7) is not 3 1
INFO:root:6221:XX found first (4, 8) is not 6 1
INFO:root:6221:XX found first (6, 8) is not 3 1
INFO:root:6221:XX found first (5, 6) is not 1 1
INFO:root:6221:XX found first (3, 5) is not 2 1
INFO:root:6221:XX found first (6, 6) is not 3 1
INFO:root:6221:XX found first (5, 4) is not 8 1
INFO:root:6221:XX found first (4, 6) is not 8 1
INFO:root:6222:XX found first (5, 2) is not 6 1
INFO:root:6222:XX found first (9, 1) is not 4 1
INFO:root:6222:XX found first (8, 1) is not 5 1
INFO:root:6222:XX found first (3, 6) is not 5 1
INFO:root:6222:XX found first (9, 7) is not 3 1
INFO:root:6222:XX found first (8, 8) is not 1 1
INFO:root:6222:XX found first (2, 6) is not 1 1
INFO:root:6222:XX found first (4, 8) is not 7 1
INFO:root:6222:XX found first (9, 7) is not 1 1
INFO:root:6222:XX found first (4, 1) is not 1 1
INFO:root:6222:XX found first (9, 3) is not 7 1
INFO:root:6222:XX found first (3, 9) is not 7 1
INFO:root:6222:XX found first (8, 8) is not 5 1
INFO:root:6222:XX found first (5, 3) is not 9 1
INFO:root:6222:XX found first (1, 9) is not 2 1
INFO:root:6222:XX found first (5, 6) is not 2 1
INFO:root:6222:XX found first (1, 8) is not 7 1
INFO:root:6222:XX found first (5, 9) is not 3 1
INFO:root:6222:XX found first (6, 4) is not 6 1
INFO:root:6222:XX found first (6, 3) is not 6 1
INFO:root:6222:XX found first (7, 7) is not 7 1
INFO:root:6222:XX found first (3, 2) is not 4 1
INFO:root:6222:XX found first (8, 7) is not 2 1
INFO:root:6222:XX found first (8, 7) is not 8 1
INFO:root:6222:XX found first (1, 2) is not 2 1
INFO:root:6223:XX found first (2, 8) is not 7 1
INFO:root:6223:XX found first (2, 1) is not 3 1
INFO:root:6223:XX found first (8, 5) is not 9 1
INFO:root:6223:XX found first (4, 8) is not 2 1
INFO:root:6223:XX found first (7, 7) is not 2 1
INFO:root:6223:XX found first (9, 7) is not 4 1
INFO:root:6223:XX found first (1, 2) is not 8 1
INFO:root:6223:XX found first (8, 1) is not 4 1
INFO:root:6223:XX found first (8, 1) is not 3 1
INFO:root:6223:XX found first (6, 9) is not 2 1
INFO:root:6223:XX found first (3, 6) is not 9 1
INFO:root:6223:XX found first (7, 9) is not 5 1
INFO:root:6223:XX found first (2, 2) is not 9 1
INFO:root:6223:XX found first (9, 8) is not 5 1
INFO:root:6223:XX found first (6, 9) is not 8 1
INFO:root:6223:XX found first (9, 5) is not 6 1
INFO:root:6223:XX found first (8, 2) is not 9 1
INFO:root:6223:XX found first (7, 9) is not 8 1
INFO:root:6223:XX found first (5, 5) is not 2 1
INFO:root:6223:XX found first (4, 5) is not 9 1
INFO:root:6223:XX found first (8, 1) is not 6 1
INFO:root:6223:XX found first (3, 5) is not 1 1
INFO:root:6223:XX found first (7, 6) is not 2 1
INFO:root:6223:XX found first (2, 7) is not 8 1
INFO:root:6223:XX found first (1, 9) is not 8 1
INFO:root:6224:XX found first (4, 1) is not 5 1
INFO:root:6224:XX found first (5, 4) is not 2 1
INFO:root:6224:XX found first (5, 2) is not 7 1
INFO:root:6224:XX found first (4, 7) is not 3 1
INFO:root:6224:XX found first (8, 2) is not 2 1
INFO:root:6224:XX found first (7, 4) is not 3 1
INFO:root:6224:XX found first (4, 1) is not 4 1
INFO:root:6224:XX found first (8, 8) is not 4 1
INFO:root:6224:XX found first (1, 1) is not 7 1
INFO:root:6224:XX found first (6, 5) is not 2 1
INFO:root:6224:XX found first (1, 2) is not 6 1
INFO:root:6224:XX found first (8, 5) is not 6 1
INFO:root:6224:XX found first (1, 5) is not 3 1
INFO:root:6224:XX found first (2, 4) is not 2 1
INFO:root:6224:XX found first (8, 5) is not 2 1
INFO:root:6224:XX found first (7, 5) is not 5 1
INFO:root:6224:XX found first (2, 3) is not 5 1
INFO:root:6224:XX found first (4, 5) is not 5 1
INFO:root:6224:XX found first (9, 5) is not 8 1
INFO:root:6224:XX found first (4, 1) is not 2 1
INFO:root:6224:XX found first (9, 1) is not 7 1
INFO:root:6224:XX found first (5, 7) is not 2 1
INFO:root:6224:XX found first (9, 9) is not 6 1
INFO:root:6224:XX found first (6, 5) is not 4 1
INFO:root:6225:XX found first (1, 5) is not 1 1
INFO:root:6225:XX found first (1, 3) is not 3 1
INFO:root:6225:XX found first (5, 3) is not 3 1
INFO:root:6225:XX found first (5, 1) is not 3 1
INFO:root:6225:XX found first (3, 4) is not 8 1
INFO:root:6225:XX found first (3, 3) is not 6 1
INFO:root:6225:XX found first (5, 5) is not 3 1
INFO:root:6225:XX found first (2, 5) is not 9 1
INFO:root:6225:XX found first (4, 7) is not 8 1
INFO:root:6225:XX found first (7, 4) is not 5 1
INFO:root:6225:XX found first (5, 4) is not 1 1
INFO:root:6225:XX found first (2, 9) is not 6 1
INFO:root:6225:XX found first (7, 8) is not 5 1
INFO:root:6225:XX found first (1, 4) is not 1 1
INFO:root:6225:XX found first (7, 1) is not 6 1
INFO:root:6225:XX found first (1, 8) is not 3 1
INFO:root:6225:XX found first (9, 5) is not 5 1
INFO:root:6225:XX found first (7, 8) is not 6 1
INFO:root:6225:XX found first (9, 2) is not 2 1
INFO:root:6225:XX found first (7, 4) is not 7 1
INFO:root:6225:XX found first (8, 9) is not 3 1
INFO:root:6225:XX found first (7, 6) is not 9 1
INFO:root:6225:XX found first (4, 9) is not 8 1
INFO:root:6225:XX found first (4, 3) is not 9 1
INFO:root:6226:XX found first (4, 2) is not 5 1
INFO:root:6226:XX found first (9, 8) is not 3 1
INFO:root:6226:XX found first (5, 5) is not 7 1
INFO:root:6226:XX found first (4, 7) is not 7 1
INFO:root:6226:XX found first (6, 4) is not 8 1
INFO:root:6226:XX found first (7, 2) is not 8 1
INFO:root:6226:XX found first (7, 6) is not 6 1
INFO:root:6226:XX found first (6, 1) is not 3 1
INFO:root:6226:XX found first (9, 4) is not 1 1
INFO:root:6226:XX found first (6, 3) is not 9 1
INFO:root:6226:XX found first (9, 3) is not 9 1
INFO:root:6226:XX found first (3, 2) is not 8 1
INFO:root:6226:XX found first (4, 4) is not 4 1
INFO:root:6226:XX found first (5, 4) is not 6 1
INFO:root:6226:XX found first (3, 4) is not 9 1
INFO:root:6226:XX found first (6, 6) is not 1 1
INFO:root:6226:XX found first (7, 2) is not 6 1
INFO:root:6226:XX found first (6, 9) is not 6 1
INFO:root:6226:XX found first (7, 7) is not 9 1
INFO:root:6226:XX found first (8, 3) is not 2 1
INFO:root:6226:XX found first (9, 4) is not 6 1
INFO:root:6226:XX found first (9, 8) is not 1 1
INFO:root:6226:XX found first (2, 6) is not 5 1
INFO:root:6226:XX found first (7, 3) is not 3 1
INFO:root:6227:XX found first (3, 4) is not 2 1
INFO:root:6227:XX found first (3, 8) is not 3 1
INFO:root:6227:XX found first (1, 2) is not 7 1
INFO:root:6227:XX found first (1, 5) is not 7 1
INFO:root:6227:XX found first (7, 6) is not 1 1
INFO:root:6227:XX found first (7, 5) is not 9 1
INFO:root:6227:XX found first (2, 4) is not 6 1
INFO:root:6227:XX found first (2, 9) is not 7 1
INFO:root:6227:XX found first (2, 3) is not 3 1
INFO:root:6227:XX found first (3, 6) is not 6 1
INFO:root:6227:XX found first (8, 7) is not 1 1
INFO:root:6227:XX found first (1, 4) is not 5 1
INFO:root:6227:XX found first (8, 8) is not 9 1
INFO:root:6227:XX found first (1, 9) is not 5 1
INFO:root:6227:XX found first (7, 8) is not 3 1
INFO:root:6227:XX found first (1, 2) is not 4 1
INFO:root:6227:XX found first (7, 6) is not 8 1
INFO:root:6227:XX found first (2, 8) is not 5 1
INFO:root:6227:XX found first (6, 3) is not 1 1
INFO:root:6227:XX found first (9, 1) is not 8 1
INFO:root:6227:XX found first (6, 6) is not 5 1
INFO:root:6227:XX found first (4, 2) is not 9 1
INFO:root:6227:XX found first (9, 7) is not 7 1
INFO:root:6227:XX found first (6, 2) is not 5 1
INFO:root:6228:XX found first (7, 7) is not 5 1
INFO:root:6228:XX found first (8, 4) is not 5 1
INFO:root:6228:XX found first (9, 8) is not 6 1
INFO:root:6228:XX found first (4, 5) is not 7 1
INFO:root:6228:XX found first (5, 8) is not 7 1
INFO:root:6228:XX found first (2, 3) is not 8 1
INFO:root:6228:XX found first (3, 8) is not 9 1
INFO:root:6228:XX found first (7, 3) is not 8 1
INFO:root:6228:XX found first (1, 3) is not 5 1
INFO:root:6228:XX found first (8, 6) is not 3 1
INFO:root:6228:XX found first (9, 2) is not 4 1
INFO:root:6228:XX found first (1, 6) is not 1 1
INFO:root:6228:XX found first (6, 6) is not 6 1
INFO:root:6228:XX found first (5, 4) is not 9 1
INFO:root:6228:XX found first (5, 9) is not 2 1
INFO:root:6228:XX found first (9, 5) is not 2 1
INFO:root:6228:XX found first (3, 4) is not 4 1
INFO:root:6228:XX found first (4, 5) is not 3 1
INFO:root:6228:XX found first (2, 6) is not 2 1
INFO:root:6228:XX found first (9, 5) is not 4 1
INFO:root:6228:XX found first (1, 5) is not 6 1
INFO:root:6228:XX found first (7, 9) is not 6 1
INFO:root:6228:XX found first (7, 8) is not 2 1
INFO:root:6228:XX found first (8, 4) is not 6 1
INFO:root:6229:XX found first (4, 4) is not 5 1
INFO:root:6229:XX found first (1, 7) is not 1 1
INFO:root:6229:XX found first (5, 3) is not 8 1
INFO:root:6229:XX found first (7, 3) is not 5 1
INFO:root:6229:XX found first (4, 3) is not 3 1
INFO:root:6229:XX found first (2, 7) is not 3 1
INFO:root:6229:XX found first (8, 6) is not 9 1
INFO:root:6229:XX found first (2, 5) is not 3 1
INFO:root:6229:XX found first (2, 1) is not 5 1
INFO:root:6229:XX found first (2, 2) is not 1 1
INFO:root:6229:XX found first (8, 7) is not 3 1
INFO:root:6229:XX found first (2, 5) is not 1 1
INFO:root:6229:XX found first (6, 8) is not 2 1
INFO:root:6229:XX found first (7, 6) is not 7 1
INFO:root:6229:XX found first (6, 9) is not 1 1
INFO:root:6229:XX found first (9, 4) is not 9 1
INFO:root:6229:XX found first (6, 7) is not 2 1
INFO:root:6229:XX found first (1, 8) is not 5 1
INFO:root:6229:XX found first (1, 1) is not 9 1
INFO:root:6229:XX found first (4, 8) is not 3 1
INFO:root:6229:XX found first (6, 2) is not 1 1
INFO:root:6229:XX found first (2, 6) is not 3 1
INFO:root:6229:XX found first (5, 8) is not 4 1
INFO:root:6229:XX found first (3, 2) is not 2 1
INFO:root:6229:XX found first (3, 5) is not 9 1
INFO:root:6230:XX found first (4, 3) is not 4 1
INFO:root:6230:XX found first (2, 8) is not 3 1
INFO:root:6230:XX found first (3, 8) is not 5 1
INFO:root:6230:XX found first (2, 1) is not 2 1
INFO:root:6230:XX found first (6, 2) is not 3 1
INFO:root:6230:XX found first (3, 4) is not 6 1
INFO:root:6230:XX found first (5, 1) is not 9 1
INFO:root:6230:XX found first (1, 1) is not 4 1
INFO:root:6230:XX found first (5, 7) is not 9 1
INFO:root:6230:XX found first (5, 7) is not 5 1
INFO:root:6230:XX found first (7, 1) is not 5 1
INFO:root:6230:XX found first (4, 3) is not 8 1
INFO:root:6230:XX found first (4, 3) is not 5 1
INFO:root:6230:XX found first (2, 1) is not 9 1
INFO:root:6230:XX found first (5, 3) is not 4 1
INFO:root:6230:XX found first (2, 9) is not 2 1
INFO:root:6230:XX found first (1, 1) is not 5 1
INFO:root:6230:XX found first (3, 7) is not 8 1
INFO:root:6230:XX found first (6, 3) is not 2 1
INFO:root:6230:XX found first (5, 7) is not 1 1
INFO:root:6230:XX found first (3, 3) is not 2 1
INFO:root:6230:XX found first (4, 7) is not 5 1
INFO:root:6230:XX found first (9, 9) is not 2 1
INFO:root:6230:XX found first (2, 3) is not 9 1
INFO:root:6230:XX found first (9, 9) is not 3 1
INFO:root:6231:XX found first (5, 2) is not 1 1
INFO:root:6231:XX found first (9, 2) is not 8 1
INFO:root:6231:XX found first (7, 7) is not 3 1
INFO:root:6231:XX found first (3, 3) is not 8 1
INFO:root:6231:XX found first (3, 1) is not 5 1
INFO:root:6231:XX found first (2, 2) is not 8 1
INFO:root:6231:XX found first (4, 5) is not 6 1
INFO:root:6231:XX found first (8, 1) is not 9 1
INFO:root:6231:XX found first (6, 1) is not 6 1
INFO:root:6231:XX found first (5, 6) is not 5 1
INFO:root:6231:XX found first (8, 2) is not 4 1
INFO:root:6231:XX found first (4, 2) is not 2 1
INFO:root:6231:XX found first (1, 3) is not 9 1
INFO:root:6231:XX found first (8, 6) is not 8 1
INFO:root:6231:XX found first (5, 9) is not 5 1
INFO:root:6231:XX found first (4, 4) is not 6 1
INFO:root:6231:XX found first (6, 7) is not 5 1
INFO:root:6231:XX found first (2, 5) is not 6 1
INFO:root:6231:XX found first (4, 4) is not 8 1
INFO:root:6231:XX found first (1, 8) is not 2 1
INFO:root:6231:XX found first (3, 9) is not 9 1
INFO:root:6231:XX found first (5, 2) is not 3 1
INFO:root:6231:XX found first (5, 9) is not 1 1
INFO:root:6231:XX found first (6, 5) is not 3 1
INFO:root:6232:XX found first (2, 2) is not 7 1
INFO:root:6232:XX found first (4, 7) is not 2 1
INFO:root:6232:XX found first (7, 2) is not 9 1
INFO:root:6232:XX found first (4, 1) is not 9 1
INFO:root:6232:XX found first (9, 1) is not 9 1
INFO:root:6232:XX found first (8, 1) is not 7 1
INFO:root:6232:XX found first (6, 7) is not 7 1
INFO:root:6232:XX found first (5, 7) is not 7 1
INFO:root:6232:XX found first (9, 7) is not 9 1
INFO:root:6232:XX found first (6, 9) is not 7 1
INFO:root:6232:XX found first (7, 5) is not 6 1
INFO:root:6232:XX found first (3, 8) is not 1 1
INFO:root:6232:XX found first (9, 8) is not 7 1
INFO:root:6232:XX found first (8, 7) is not 7 1
INFO:root:6232:XX found first (3, 6) is not 1 1
INFO:root:6232:XX found first (7, 2) is not 4 1
INFO:root:6232:XX found first (1, 5) is not 5 1
INFO:root:6232:XX found first (5, 2) is not 5 1
INFO:root:6232:XX found first (2, 9) is not 1 1
INFO:root:6232:XX found first (3, 8) is not 2 1
INFO:root:6232:XX found first (1, 2) is not 9 1
INFO:root:6232:XX found first (4, 7) is not 4 1
INFO:root:6232:XX found first (5, 8) is not 3 1
INFO:root:6232:XX found first (6, 3) is not 4 1
INFO:root:6233:XX found first (8, 6) is not 2 1
INFO:root:6233:XX found first (6, 3) is not 7 1
INFO:root:6233:XX found first (5, 2) is not 8 1
INFO:root:6233:XX found first (6, 8) is not 4 1
INFO:root:6233:XX found first (9, 4) is not 5 1
INFO:root:6233:XX found first (4, 7) is not 9 1
INFO:root:6233:XX found first (6, 8) is not 6 1
INFO:root:6233:XX found first (5, 8) is not 5 1
INFO:root:6233:XX found first (6, 4) is not 7 1
INFO:root:6233:XX found first (2, 3) is not 2 1
INFO:root:6233:XX found first (4, 8) is not 1 1
INFO:root:6233:XX found first (2, 9) is not 8 1
INFO:root:6233:XX found first (3, 1) is not 2 1
INFO:root:6233:XX found first (6, 1) is not 4 1
INFO:root:6233:XX found first (1, 6) is not 5 1
INFO:root:6233:XX found first (8, 2) is not 3 1
INFO:root:6233:XX found first (8, 5) is not 1 1
INFO:root:6233:XX found first (7, 4) is not 8 1
INFO:root:6233:XX found first (6, 6) is not 7 1
INFO:root:6233:XX found first (8, 3) is not 9 1
INFO:root:6233:XX found first (1, 3) is not 8 1
INFO:root:6233:XX found first (8, 5) is not 8 1
INFO:root:6233:XX found first (4, 8) is not 8 1
INFO:root:6233:XX found first (4, 9) is not 2 1
INFO:root:6233:XX found first (9, 4) is not 7 1
INFO:root:6234:XX found first (5, 9) is not 7 1
INFO:root:6234:XX found first (2, 2) is not 3 1
INFO:root:6234:XX found first (3, 7) is not 1 1
INFO:root:6234:XX found first (7, 6) is not 3 1
INFO:root:6234:XX found first (3, 5) is not 6 1
INFO:root:6234:XX found first (6, 3) is not 8 1
INFO:root:6234:XX found first (1, 1) is not 1 1
INFO:root:6234:XX found first (9, 6) is not 9 1
INFO:root:6234:XX found first (1, 2) is not 3 1
INFO:root:6234:XX found first (9, 5) is not 7 1
INFO:root:6234:XX found first (6, 4) is not 1 1
INFO:root:6234:XX found first (8, 2) is not 8 1
INFO:root:6234:XX found first (4, 9) is not 4 1
INFO:root:6234:XX found first (6, 5) is not 1 1
INFO:root:6234:XX found first (4, 3) is not 1 1
INFO:root:6234:XX found first (9, 6) is not 5 1
INFO:root:6234:XX found first (8, 4) is not 3 1
INFO:root:6234:XX found first (3, 5) is not 8 1
INFO:root:6234:XX found first (3, 2) is not 9 1
INFO:root:6234:XX found first (9, 8) is not 9 1
INFO:root:6234:XX found first (7, 8) is not 7 1
INFO:root:6234:XX found first (3, 1) is not 8 1
INFO:root:6234:XX found first (5, 1) is not 8 1
INFO:root:6235:XX found first (5, 5) is not 8 1
INFO:root:6235:XX found first (9, 5) is not 3 1
INFO:root:6235:XX found first (9, 9) is not 1 1
INFO:root:6235:XX found first (5, 3) is not 2 1
INFO:root:6235:XX found first (7, 4) is not 9 1
INFO:root:6235:XX found first (4, 9) is not 5 1
INFO:root:6235:XX found first (9, 5) is not 1 1
INFO:root:6235:XX found first (3, 3) is not 1 1
INFO:root:6235:XX found first (6, 2) is not 2 1
INFO:root:6235:XX found first (2, 9) is not 5 1
INFO:root:6235:XX found first (8, 6) is not 6 1
INFO:root:6235:XX found first (7, 4) is not 1 1
INFO:root:6235:XX found first (1, 9) is not 7 1
INFO:root:6235:XX found first (5, 6) is not 6 1
INFO:root:6235:XX found first (9, 2) is not 7 1
INFO:root:6235:XX found first (5, 5) is not 4 1
INFO:root:6235:XX found first (9, 1) is not 2 1
INFO:root:6235:XX found first (5, 1) is not 1 1
INFO:root:6235:XX found first (8, 5) is not 3 1
INFO:root:6235:XX found first (2, 4) is not 1 1
INFO:root:6235:XX found first (2, 1) is not 8 1
INFO:root:6235:XX found first (5, 8) is not 1 1
INFO:root:6235:XX found first (7, 4) is not 4 1
INFO:root:6235:XX found first (6, 2) is not 7 1
INFO:root:6235:XX found first (4, 8) is not 9 1
INFO:root:6236:XX found first (5, 3) is not 1 1
INFO:root:6236:XX found first (1, 8) is not 8 1
INFO:root:6236:XX found first (4, 5) is not 1 1
INFO:root:6236:XX found first (6, 7) is not 3 1
INFO:root:6236:XX found first (1, 1) is not 2 1
INFO:root:6236:XX found first (9, 8) is not 8 1
INFO:root:6236:XX found first (4, 6) is not 5 1
INFO:root:6236:XX found first (3, 9) is not 8 1
INFO:root:6236:XX found first (4, 2) is not 7 1
INFO:root:6236:XX found first (3, 2) is not 5 1
INFO:root:6236:XX found first (6, 8) is not 8 1
INFO:root:6236:XX found first (7, 8) is not 4 1
INFO:root:6236:XX found first (2, 2) is not 5 1
INFO:root:6236:XX found first (8, 4) is not 1 1
INFO:root:6236:XX found first (1, 7) is not 5 1
INFO:root:6236:XX found first (8, 8) is not 2 1
INFO:root:6236:XX found first (4, 9) is not 7 1
INFO:root:6236:XX found first (9, 3) is not 3 1
INFO:root:6236:XX found first (7, 2) is not 5 1
INFO:root:6236:XX found first (2, 5) is not 8 1
INFO:root:6236:XX found first (3, 8) is not 4 1
INFO:root:6236:XX found first (9, 4) is not 4 1
INFO:root:6236:XX found first (3, 1) is not 1 1
INFO:root:6236:XX found first (1, 1) is not 6 1
INFO:root:6236:XX found first (5, 6) is not 9 1
INFO:root:6237:XX found first (4, 6) is not 4 1
INFO:root:6237:XX found first (6, 2) is not 6 1
INFO:root:6237:XX found first (7, 3) is not 2 1
INFO:root:6237:XX found first (9, 3) is not 4 1
INFO:root:6237:XX found first (5, 2) is not 2 1
INFO:root:6237:XX found first (3, 4) is not 5 1
INFO:root:6237:XX found first (4, 2) is not 1 1
INFO:root:6237:XX found first (6, 8) is not 5 1
INFO:root:6237:XX found first (7, 3) is not 6 1
INFO:root:6237:XX found first (6, 1) is not 9 1
INFO:root:6237:XX found first (2, 2) is not 4 1
INFO:root:6237:XX found first (9, 2) is not 5 1
INFO:root:6237:XX found first (3, 6) is not 7 1
INFO:root:6237:XX found first (4, 2) is not 3 1
INFO:root:6237:XX found first (8, 9) is not 4 1
INFO:root:6237:XX found first (9, 9) is not 8 1
INFO:root:6237:XX found first (1, 5) is not 8 1
INFO:root:6237:XX found first (3, 8) is not 8 1
INFO:root:6237:XX found first (2, 6) is not 8 1
INFO:root:6237:XX found first (3, 3) is not 4 1
INFO:root:6237:XX found first (3, 4) is not 3 1
INFO:root:6237:XX found first (7, 7) is not 4 1
INFO:root:6237:XX found first (4, 7) is not 6 1
INFO:root:6237:XX found first (1, 6) is not 2 1
INFO:root:6237:XX found first (6, 5) is not 8 1
INFO:root:6238:XX found first (8, 2) is not 5 1
INFO:root:6238:XX found first (4, 9) is not 1 1
INFO:root:6238:XX found first (5, 1) is not 4 1
INFO:root:6238:XX found first (2, 7) is not 1 1
INFO:root:6238:XX found first (8, 7) is not 4 1
INFO:root:6238:XX found first (7, 7) is not 6 1
INFO:root:6238:XX found first (8, 9) is not 2 1
INFO:root:6238:XX found first (6, 1) is not 2 1
INFO:root:6238:XX found first (2, 8) is not 2 1
INFO:root:6238:XX found first (7, 9) is not 4 1
INFO:root:6238:XX found first (7, 2) is not 2 1
INFO:root:6238:XX found first (1, 5) is not 4 1
INFO:root:6238:XX found first (3, 9) is not 3 1
INFO:root:6238:XX found first (7, 1) is not 8 1
INFO:root:6238:XX found first (4, 5) is not 2 1
INFO:root:6238:XX found first (6, 9) is not 3 1
INFO:root:6238:XX found first (8, 5) is not 5 1
INFO:root:6238:XX found first (3, 3) is not 3 1
INFO:root:6238:XX found first (4, 9) is not 3 1
INFO:root:6238:XX found first (7, 6) is not 4 1
INFO:root:6238:XX found first (8, 9) is not 8 1
INFO:root:6238:XX found first (2, 2) is not 6 1
INFO:root:6238:XX found first (1, 4) is not 2 1
INFO:root:6239:XX found first (1, 8) is not 4 1
INFO:root:6239:XX found first (1, 2) is not 1 1
INFO:root:6239:XX found first (9, 6) is not 6 1
INFO:root:6239:XX found first (8, 4) is not 2 1
INFO:root:6239:XX found first (1, 6) is not 8 1
INFO:root:6239:XX found first (4, 6) is not 6 1
INFO:root:6239:XX found first (5, 8) is not 6 1
INFO:root:6239:XX found first (1, 1) is not 3 1
INFO:root:6239:XX found first (9, 7) is not 8 1
INFO:root:6239:XX found first (5, 9) is not 9 1
INFO:root:6239:XX found first (1, 4) is not 8 1
INFO:root:6239:XX found first (4, 1) is not 3 1
INFO:root:6239:XX found first (4, 5) is not 4 1
INFO:root:6239:XX found first (1, 4) is not 6 1
INFO:root:6239:XX found first (3, 2) is not 1 1
INFO:root:6239:XX found first (9, 3) is not 2 1
INFO:root:6239:XX found first (1, 5) is not 9 1
INFO:root:6239:XX found first (1, 3) is not 2 1
INFO:root:6239:XX found first (7, 7) is not 1 1
INFO:root:6239:XX found first (7, 1) is not 2 1
INFO:root:6239:XX found first (8, 1) is not 8 1
INFO:root:6239:XX found first (5, 2) is not 4 1
INFO:root:6239:XX found first (4, 6) is not 1 1
INFO:root:6239:XX found first (5, 1) is not 2 1
INFO:root:6239:XX found first (6, 2) is not 9 1
INFO:root:6240:XX found first (2, 8) is not 4 1
INFO:root:6252:Early exit from checkSmall1
INFO:root:6314:Starting Step 2
INFO:root:6785:Current state [[[[8], [5], [1, 4, 6, 7], [3, 4, 7, 9], [2], [3, 4, 6, 7, 9], [4, 6, 7, 9], [1, 6, 9], [1, 4, 6, 9]], [[1, 4, 6, 7], [2], [1, 4, 6, 7], [4, 5, 7, 9], [4, 5, 7], [4, 6, 7, 9], [4, 5, 6, 7, 9], [1, 6, 8, 9], [3]], [[3, 4, 6, 7], [3, 6, 7], [9], [1], [3, 4, 5, 7], [8], [2, 4, 5, 6, 7], [6], [2, 4, 5, 6]], [[6, 7], [4], [2, 6, 7], [2, 3, 7, 9], [8], [2, 3, 7, 9], [1], [5], [6, 9]], [[5, 6, 7], [9], [5, 6, 7], [3, 4, 5, 7], [1], [3, 4, 7], [3, 4, 6], [2], [4, 6, 8]], [[1, 5], [8], [3], [2, 4, 5, 9], [6], [2, 4, 9], [4, 9], [7], [4, 9]], [[1, 3, 4, 7, 9], [1, 3, 7], [1, 4, 7], [6], [3, 4, 7], [5], [8], [1, 9], [1, 2, 9]], [[2], [1, 6, 7], [1, 4, 5, 6, 7, 8], [4, 7, 8], [4, 7], [1, 4, 7], [5, 6, 9], [3], [1, 5, 6, 9]], [[1, 3, 5, 6], [1, 3, 6], [1, 5, 6, 8], [2, 3, 8], [9], [1, 2, 3], [2, 5, 6], [4], [7]]]]
INFO:root:6785:Doing checkSmall1
INFO:root:6785:Getting tiny MUSes, distance 1, for 183 puzlits, 1 repeats
INFO:root:6821:Chunked 183 in [12, 12, 12, 12, 12, 12, 12, 11, 11, 11, 11, 11, 11, 11, 11, 11]
INFO:root:6866:XX found first (2, 8) is 8 1
INFO:root:6866:XX found first (5, 7) is 3 1
INFO:root:6866:XX found first (4, 3) is 2 1
INFO:root:6866:XX found first (7, 1) is 9 1
INFO:root:6866:XX found first (6, 1) is 1 1
INFO:root:6866:XX found first (7, 9) is 2 1
INFO:root:6866:XX found first (5, 9) is 8 1
INFO:root:6866:XX found first (3, 8) is 6 1
INFO:root:6878:Early exit from checkSmall1
INFO:root:6905:Starting Step 3
INFO:root:7384:Current state [[[[8], [5], [1, 4, 6, 7], [3, 4, 7, 9], [2], [3, 4, 6, 7, 9], [4, 6, 7, 9], [1, 6, 9], [1, 4, 6, 9]], [[1, 4, 6, 7], [2], [1, 4, 6, 7], [4, 5, 7, 9], [4, 5, 7], [4, 6, 7, 9], [4, 5, 6, 7, 9], [8], [3]], [[3, 4, 6, 7], [3, 6, 7], [9], [1], [3, 4, 5, 7], [8], [2, 4, 5, 6, 7], [6], [2, 4, 5, 6]], [[6, 7], [4], [2], [2, 3, 7, 9], [8], [2, 3, 7, 9], [1], [5], [6, 9]], [[5, 6, 7], [9], [5, 6, 7], [3, 4, 5, 7], [1], [3, 4, 7], [3], [2], [8]], [[1], [8], [3], [2, 4, 5, 9], [6], [2, 4, 9], [4, 9], [7], [4, 9]], [[9], [1, 3, 7], [1, 4, 7], [6], [3, 4, 7], [5], [8], [1, 9], [2]], [[2], [1, 6, 7], [1, 4, 5, 6, 7, 8], [4, 7, 8], [4, 7], [1, 4, 7], [5, 6, 9], [3], [1, 5, 6, 9]], [[1, 3, 5, 6], [1, 3, 6], [1, 5, 6, 8], [2, 3, 8], [9], [1, 2, 3], [2, 5, 6], [4], [7]]]]
INFO:root:7384:Doing checkSmall1
INFO:root:7384:Getting tiny MUSes, distance 1, for 175 puzlits, 1 repeats
INFO:root:7420:Chunked 175 in [11, 11, 11, 11, 11, 11, 11, 11, 11, 11, 11, 11, 11, 11, 11, 10]
INFO:root:7464:XX found first (3, 7) is not 6 1
INFO:root:7464:XX found first (7, 9) is not 9 1
INFO:root:7464:XX found first (2, 8) is not 9 1
INFO:root:7464:XX found first (1, 7) is not 6 1
INFO:root:7464:XX found first (3, 9) is not 6 1
INFO:root:7464:XX found first (7, 8) is not 9 1
INFO:root:7465:XX found first (2, 7) is not 6 1
INFO:root:7465:XX found first (4, 3) is not 6 1
INFO:root:7465:XX found first (5, 4) is not 3 1
INFO:root:7465:XX found first (4, 6) is not 2 1
INFO:root:7465:XX found first (7, 1) is not 1 1
INFO:root:7465:XX found first (3, 9) is not 2 1
INFO:root:7465:XX found first (5, 9) is not 4 1
INFO:root:7465:XX found first (5, 9) is not 6 1
INFO:root:7465:XX found first (9, 7) is not 2 1
INFO:root:7465:XX found first (3, 2) is not 6 1
INFO:root:7465:XX found first (4, 3) is not 7 1
INFO:root:7465:XX found first (6, 1) is not 5 1
INFO:root:7465:XX found first (3, 1) is not 6 1
INFO:root:7465:XX found first (5, 7) is not 6 1
INFO:root:7465:XX found first (7, 1) is not 3 1
INFO:root:7465:XX found first (5, 6) is not 3 1
INFO:root:7465:XX found first (5, 7) is not 4 1
INFO:root:7465:XX found first (1, 9) is not 6 1
INFO:root:7465:XX found first (2, 8) is not 6 1
INFO:root:7465:XX found first (7, 9) is not 1 1
INFO:root:7465:XX found first (7, 1) is not 7 1
INFO:root:7465:XX found first (4, 4) is not 2 1
INFO:root:7465:XX found first (1, 8) is not 6 1
INFO:root:7465:XX found first (2, 1) is not 1 1
INFO:root:7466:XX found first (2, 8) is not 1 1
INFO:root:7466:XX found first (7, 1) is not 4 1
INFO:root:7466:XX found first (9, 1) is not 1 1
INFO:root:7477:Early exit from checkSmall1
INFO:root:7488:Starting Step 4
INFO:root:7988:Current state [[[[8], [5], [1, 4, 6, 7], [3, 4, 7, 9], [2], [3, 4, 6, 7, 9], [4, 7, 9], [1, 9], [1, 4, 9]], [[4, 6, 7], [2], [1, 4, 6, 7], [4, 5, 7, 9], [4, 5, 7], [4, 6, 7, 9], [4, 5, 7, 9], [8], [3]], [[3, 4, 7], [3, 7], [9], [1], [3, 4, 5, 7], [8], [2, 4, 5, 7], [6], [4, 5]], [[6, 7], [4], [2], [3, 7, 9], [8], [3, 7, 9], [1], [5], [6, 9]], [[5, 6, 7], [9], [5, 6, 7], [4, 5, 7], [1], [4, 7], [3], [2], [8]], [[1], [8], [3], [2, 4, 5, 9], [6], [2, 4, 9], [4, 9], [7], [4, 9]], [[9], [1, 3, 7], [1, 4, 7], [6], [3, 4, 7], [5], [8], [1], [2]], [[2], [1, 6, 7], [1, 4, 5, 6, 7, 8], [4, 7, 8], [4, 7], [1, 4, 7], [5, 6, 9], [3], [1, 5, 6, 9]], [[3, 5, 6], [1, 3, 6], [1, 5, 6, 8], [2, 3, 8], [9], [1, 2, 3], [5, 6], [4], [7]]]]
INFO:root:7988:Doing checkSmall1
INFO:root:7988:Getting tiny MUSes, distance 1, for 142 puzlits, 1 repeats
INFO:root:8023:Chunked 142 in [9, 9, 9, 9, 9, 9, 9, 9, 9, 9, 9, 9, 9, 9, 8, 8]
INFO:root:8057:XX found first (6, 4) is 5 1
INFO:root:8057:XX found first (1, 8) is 9 1
INFO:root:8057:XX found first (7, 8) is 1 1
INFO:root:8057:XX found first (3, 7) is 2 1
INFO:root:8058:XX found first (4, 9) is 6 1
INFO:root:8058:XX found first (2, 3) is 1 1
INFO:root:8070:Early exit from checkSmall1
INFO:root:8093:Starting Step 5
INFO:root:8598:Current state [[[[8], [5], [1, 4, 6, 7], [3, 4, 7, 9], [2], [3, 4, 6, 7, 9], [4, 7, 9], [9], [1, 4, 9]], [[4, 6, 7], [2], [1], [4, 5, 7, 9], [4, 5, 7], [4, 6, 7, 9], [4, 5, 7, 9], [8], [3]], [[3, 4, 7], [3, 7], [9], [1], [3, 4, 5, 7], [8], [2], [6], [4, 5]], [[6, 7], [4], [2], [3, 7, 9], [8], [3, 7, 9], [1], [5], [6]], [[5, 6, 7], [9], [5, 6, 7], [4, 5, 7], [1], [4, 7], [3], [2], [8]], [[1], [8], [3], [5], [6], [2, 4, 9], [4, 9], [7], [4, 9]], [[9], [1, 3, 7], [1, 4, 7], [6], [3, 4, 7], [5], [8], [1], [2]], [[2], [1, 6, 7], [1, 4, 5, 6, 7, 8], [4, 7, 8], [4, 7], [1, 4, 7], [5, 6, 9], [3], [1, 5, 6, 9]], [[3, 5, 6], [1, 3, 6], [1, 5, 6, 8], [2, 3, 8], [9], [1, 2, 3], [5, 6], [4], [7]]]]
INFO:root:8598:Doing checkSmall1
INFO:root:8598:Getting tiny MUSes, distance 1, for 136 puzlits, 1 repeats
INFO:root:8634:Chunked 136 in [9, 9, 9, 9, 9, 9, 9, 9, 8, 8, 8, 8, 8, 8, 8, 8]
INFO:root:8682:XX found first (4, 1) is not 6 1
INFO:root:8682:XX found first (6, 4) is not 9 1
INFO:root:8682:XX found first (2, 3) is not 7 1
INFO:root:8682:XX found first (2, 3) is not 4 1
INFO:root:8682:XX found first (5, 4) is not 5 1
INFO:root:8682:XX found first (2, 7) is not 9 1
INFO:root:8683:XX found first (8, 3) is not 1 1
INFO:root:8683:XX found first (8, 9) is not 6 1
INFO:root:8683:XX found first (3, 7) is not 4 1
INFO:root:8683:XX found first (1, 4) is not 9 1
INFO:root:8683:XX found first (2, 3) is not 6 1
INFO:root:8683:XX found first (7, 3) is not 1 1
INFO:root:8683:XX found first (1, 3) is not 1 1
INFO:root:8683:XX found first (6, 4) is not 4 1
INFO:root:8683:XX found first (8, 9) is not 1 1
INFO:root:8683:XX found first (1, 8) is not 1 1
INFO:root:8683:XX found first (1, 7) is not 9 1
INFO:root:8683:XX found first (9, 3) is not 1 1
INFO:root:8683:XX found first (7, 2) is not 1 1
INFO:root:8683:XX found first (1, 6) is not 9 1
INFO:root:8683:XX found first (1, 9) is not 9 1
INFO:root:8683:XX found first (6, 4) is not 2 1
INFO:root:8683:XX found first (2, 4) is not 5 1
INFO:root:8683:XX found first (4, 9) is not 9 1
INFO:root:8683:XX found first (3, 7) is not 7 1
INFO:root:8683:XX found first (3, 7) is not 5 1
INFO:root:8695:Early exit from checkSmall1
INFO:root:8705:Starting Step 6
INFO:root:9232:Current state [[[[8], [5], [4, 6, 7], [3, 4, 7], [2], [3, 4, 6, 7], [4, 7], [9], [1, 4]], [[4, 6, 7], [2], [1], [4, 7, 9], [4, 5, 7], [4, 6, 7, 9], [4, 5, 7], [8], [3]], [[3, 4, 7], [3, 7], [9], [1], [3, 4, 5, 7], [8], [2], [6], [4, 5]], [[7], [4], [2], [3, 7, 9], [8], [3, 7, 9], [1], [5], [6]], [[5, 6, 7], [9], [5, 6, 7], [4, 7], [1], [4, 7], [3], [2], [8]], [[1], [8], [3], [5], [6], [2, 4, 9], [4, 9], [7], [4, 9]], [[9], [3, 7], [4, 7], [6], [3, 4, 7], [5], [8], [1], [2]], [[2], [1, 6, 7], [4, 5, 6, 7, 8], [4, 7, 8], [4, 7], [1, 4, 7], [5, 6, 9], [3], [5, 9]], [[3, 5, 6], [1, 3, 6], [5, 6, 8], [2, 3, 8], [9], [1, 2, 3], [5, 6], [4], [7]]]]
INFO:root:9232:Doing checkSmall1
INFO:root:9232:Getting tiny MUSes, distance 1, for 110 puzlits, 1 repeats
INFO:root:9267:Chunked 110 in [7, 7, 7, 7, 7, 7, 7, 7, 7, 7, 7, 7, 7, 7, 6, 6]
INFO:root:9289:XX found first (6, 6) is 2 1
INFO:root:9290:XX found first (4, 1) is 7 1
INFO:root:9290:XX found first (9, 4) is 2 1
INFO:root:9290:XX found first (1, 9) is 1 1
INFO:root:9301:Early exit from checkSmall1
INFO:root:9320:Starting Step 7
INFO:root:9852:Current state [[[[8], [5], [4, 6, 7], [3, 4, 7], [2], [3, 4, 6, 7], [4, 7], [9], [1]], [[4, 6, 7], [2], [1], [4, 7, 9], [4, 5, 7], [4, 6, 7, 9], [4, 5, 7], [8], [3]], [[3, 4, 7], [3, 7], [9], [1], [3, 4, 5, 7], [8], [2], [6], [4, 5]], [[7], [4], [2], [3, 7, 9], [8], [3, 7, 9], [1], [5], [6]], [[5, 6, 7], [9], [5, 6, 7], [4, 7], [1], [4, 7], [3], [2], [8]], [[1], [8], [3], [5], [6], [2], [4, 9], [7], [4, 9]], [[9], [3, 7], [4, 7], [6], [3, 4, 7], [5], [8], [1], [2]], [[2], [1, 6, 7], [4, 5, 6, 7, 8], [4, 7, 8], [4, 7], [1, 4, 7], [5, 6, 9], [3], [5, 9]], [[3, 5, 6], [1, 3, 6], [5, 6, 8], [2], [9], [1, 2, 3], [5, 6], [4], [7]]]]
INFO:root:9853:Doing checkSmall1
INFO:root:9853:Getting tiny MUSes, distance 1, for 106 puzlits, 1 repeats
INFO:root:9889:Chunked 106 in [7, 7, 7, 7, 7, 7, 7, 7, 7, 7, 6, 6, 6, 6, 6, 6]
INFO:root:9918:XX found first (5, 1) is not 7 1
INFO:root:9918:XX found first (4, 4) is not 7 1
INFO:root:9918:XX found first (9, 4) is not 8 1
INFO:root:9918:XX found first (3, 1) is not 7 1
INFO:root:9918:XX found first (5, 3) is not 7 1
INFO:root:9918:XX found first (6, 6) is not 9 1
INFO:root:9918:XX found first (9, 4) is not 3 1
INFO:root:9918:XX found first (1, 9) is not 4 1
INFO:root:9918:XX found first (2, 1) is not 7 1
INFO:root:9919:XX found first (6, 6) is not 4 1
INFO:root:9919:XX found first (9, 6) is not 2 1
INFO:root:9919:XX found first (4, 6) is not 7 1
INFO:root:9931:Early exit from checkSmall1
INFO:root:9940:Starting Step 8
INFO:root:10472:Current state [[[[8], [5], [4, 6, 7], [3, 4, 7], [2], [3, 4, 6, 7], [4, 7], [9], [1]], [[4, 6], [2], [1], [4, 7, 9], [4, 5, 7], [4, 6, 7, 9], [4, 5, 7], [8], [3]], [[3, 4], [3, 7], [9], [1], [3, 4, 5, 7], [8], [2], [6], [4, 5]], [[7], [4], [2], [3, 9], [8], [3, 9], [1], [5], [6]], [[5, 6], [9], [5, 6], [4, 7], [1], [4, 7], [3], [2], [8]], [[1], [8], [3], [5], [6], [2], [4, 9], [7], [4, 9]], [[9], [3, 7], [4, 7], [6], [3, 4, 7], [5], [8], [1], [2]], [[2], [1, 6, 7], [4, 5, 6, 7, 8], [4, 7, 8], [4, 7], [1, 4, 7], [5, 6, 9], [3], [5, 9]], [[3, 5, 6], [1, 3, 6], [5, 6, 8], [2], [9], [1, 3], [5, 6], [4], [7]]]]
INFO:root:10472:Doing checkSmall1
INFO:root:10472:Getting tiny MUSes, distance 1, for 94 puzlits, 1 repeats
INFO:root:10507:Chunked 94 in [6, 6, 6, 6, 6, 6, 6, 6, 6, 6, 6, 6, 6, 6, 5, 5]
INFO:root:10529:XX found first (9, 3) is 8 1
INFO:root:10529:XX found first (8, 4) is 8 1
INFO:root:10541:Early exit from checkSmall1
INFO:root:10557:Starting Step 9
INFO:root:11101:Current state [[[[8], [5], [4, 6, 7], [3, 4, 7], [2], [3, 4, 6, 7], [4, 7], [9], [1]], [[4, 6], [2], [1], [4, 7, 9], [4, 5, 7], [4, 6, 7, 9], [4, 5, 7], [8], [3]], [[3, 4], [3, 7], [9], [1], [3, 4, 5, 7], [8], [2], [6], [4, 5]], [[7], [4], [2], [3, 9], [8], [3, 9], [1], [5], [6]], [[5, 6], [9], [5, 6], [4, 7], [1], [4, 7], [3], [2], [8]], [[1], [8], [3], [5], [6], [2], [4, 9], [7], [4, 9]], [[9], [3, 7], [4, 7], [6], [3, 4, 7], [5], [8], [1], [2]], [[2], [1, 6, 7], [4, 5, 6, 7, 8], [8], [4, 7], [1, 4, 7], [5, 6, 9], [3], [5, 9]], [[3, 5, 6], [1, 3, 6], [8], [2], [9], [1, 3], [5, 6], [4], [7]]]]
INFO:root:11101:Doing checkSmall1
INFO:root:11101:Getting tiny MUSes, distance 1, for 92 puzlits, 1 repeats
INFO:root:11137:Chunked 92 in [6, 6, 6, 6, 6, 6, 6, 6, 6, 6, 6, 6, 5, 5, 5, 5]
INFO:root:11160:XX found first (8, 4) is not 7 1
INFO:root:11160:XX found first (8, 4) is not 4 1
INFO:root:11160:XX found first (9, 3) is not 6 1
INFO:root:11160:XX found first (9, 3) is not 5 1
INFO:root:11160:XX found first (8, 3) is not 8 1
INFO:root:11172:Early exit from checkSmall1
INFO:root:11180:Starting Step 10
INFO:root:11725:Current state [[[[8], [5], [4, 6, 7], [3, 4, 7], [2], [3, 4, 6, 7], [4, 7], [9], [1]], [[4, 6], [2], [1], [4, 7, 9], [4, 5, 7], [4, 6, 7, 9], [4, 5, 7], [8], [3]], [[3, 4], [3, 7], [9], [1], [3, 4, 5, 7], [8], [2], [6], [4, 5]], [[7], [4], [2], [3, 9], [8], [3, 9], [1], [5], [6]], [[5, 6], [9], [5, 6], [4, 7], [1], [4, 7], [3], [2], [8]], [[1], [8], [3], [5], [6], [2], [4, 9], [7], [4, 9]], [[9], [3, 7], [4, 7], [6], [3, 4, 7], [5], [8], [1], [2]], [[2], [1, 6, 7], [4, 5, 6, 7], [8], [4, 7], [1, 4, 7], [5, 6, 9], [3], [5, 9]], [[3, 5, 6], [1, 3, 6], [8], [2], [9], [1, 3], [5, 6], [4], [7]]]]
INFO:root:11725:Doing checkSmall1
INFO:root:11725:Getting tiny MUSes, distance 1, for 87 puzlits, 1 repeats
INFO:root:11761:Chunked 87 in [6, 6, 6, 6, 6, 6, 6, 5, 5, 5, 5, 5, 5, 5, 5, 5]
INFO:root:11827:Considering 100 * 87 jobs for minsize=3
INFO:root:11844:Chunked 8700 in [544, 544, 544, 544, 544, 544, 544, 544, 544, 544, 544, 544, 543, 543, 543, 543]
INFO:root:1713664:Considering 100 * 87 jobs for minsize=4
INFO:root:1713680:Chunked 8700 in [544, 544, 544, 544, 544, 544, 544, 544, 544, 544, 544, 544, 543, 543, 543, 543]
INFO:root:3732255:!! Found smaller !!!! 3 4
INFO:root:3732255:XX found first (3, 5) is not 3 3
INFO:root:3732255:!! Found smaller !!!! 3 4
INFO:root:3732255:XX found first (1, 3) is not 4 3
INFO:root:3732255:!! Found smaller !!!! 3 4
INFO:root:3732255:XX add new best (1, 3) is not 4 3 3
INFO:root:3732255:!! Found smaller !!!! 3 4
INFO:root:3732255:XX found first (9, 1) is not 6 3
INFO:root:3732255:!! Found smaller !!!! 3 4
INFO:root:3732255:XX add new best (3, 5) is not 3 3 3
INFO:root:3732255:!! Found smaller !!!! 3 4
INFO:root:3732255:XX add new best (1, 3) is not 4 3 3
INFO:root:3732256:!! Found smaller !!!! 3 4
INFO:root:3732256:XX add new best (3, 5) is not 3 3 3
INFO:root:3732256:!! Found smaller !!!! 3 4
INFO:root:3732256:XX add new best (3, 5) is not 3 3 3
INFO:root:3732256:!! Found smaller !!!! 3 4
INFO:root:3732256:XX add new best (1, 3) is not 4 3 3
INFO:root:3732256:!! Found smaller !!!! 3 4
INFO:root:3732256:XX add new best (3, 5) is not 3 3 3
INFO:root:3732256:!! Found smaller !!!! 3 4
INFO:root:3732256:XX add new best (3, 5) is not 3 3 3
INFO:root:3732256:!! Found smaller !!!! 3 4
INFO:root:3732256:XX add new best (1, 3) is not 4 3 3
INFO:root:3732256:!! Found smaller !!!! 3 4
INFO:root:3732256:XX add new best (1, 3) is not 4 3 3
INFO:root:3732256:!! Found smaller !!!! 3 4
INFO:root:3732256:XX add new best (3, 5) is not 3 3 3
INFO:root:3732257:!! Found smaller !!!! 3 4
INFO:root:3732257:XX add new best (1, 3) is not 4 3 3
INFO:root:3732257:!! Found smaller !!!! 3 4
INFO:root:3732257:XX found first (8, 3) is not 6 3
INFO:root:3732257:!! Found smaller !!!! 3 4
INFO:root:3732257:XX add new best (9, 1) is not 6 3 3
INFO:root:3732257:!! Found smaller !!!! 3 4
INFO:root:3732257:XX add new best (3, 5) is not 3 3 3
INFO:root:3732257:!! Found smaller !!!! 3 4
INFO:root:3732257:XX add new best (3, 5) is not 3 3 3
INFO:root:3732257:!! Found smaller !!!! 3 4
INFO:root:3732257:XX add new best (3, 5) is not 3 3 3
INFO:root:3732257:!! Found smaller !!!! 3 4
INFO:root:3732257:XX add new best (1, 3) is not 4 3 3
INFO:root:3732257:!! Found smaller !!!! 3 4
INFO:root:3732257:XX add new best (1, 3) is not 4 3 3
INFO:root:3732257:!! Found smaller !!!! 3 4
INFO:root:3732257:XX add new best (3, 5) is not 3 3 3
INFO:root:3732258:!! Found smaller !!!! 3 4
INFO:root:3732258:XX add new best (3, 5) is not 3 3 3
INFO:root:3732258:!! Found smaller !!!! 3 4
INFO:root:3732258:XX add new best (3, 5) is not 3 3 3
INFO:root:3732258:!! Found smaller !!!! 3 4
INFO:root:3732258:XX add new best (9, 1) is not 6 3 3
INFO:root:3732258:!! Found smaller !!!! 3 4
INFO:root:3732258:XX add new best (9, 1) is not 6 3 3
INFO:root:3732258:!! Found smaller !!!! 3 4
INFO:root:3732258:XX add new best (1, 3) is not 4 3 3
INFO:root:3732258:!! Found smaller !!!! 3 4
INFO:root:3732258:XX add new best (8, 3) is not 6 3 3
INFO:root:3732258:!! Found smaller !!!! 3 4
INFO:root:3732258:XX add new best (3, 5) is not 3 3 3
INFO:root:3732258:!! Found smaller !!!! 3 4
INFO:root:3732258:XX add new best (3, 5) is not 3 3 3
INFO:root:3732258:!! Found smaller !!!! 3 4
INFO:root:3732258:XX add new best (3, 5) is not 3 3 3
INFO:root:3732258:!! Found smaller !!!! 3 4
INFO:root:3732259:XX add new best (9, 1) is not 6 3 3
INFO:root:3732259:!! Found smaller !!!! 3 4
INFO:root:3732259:XX add new best (1, 3) is not 4 3 3
INFO:root:3732259:!! Found smaller !!!! 3 4
INFO:root:3732259:XX add new best (3, 5) is not 3 3 3
INFO:root:3732259:!! Found smaller !!!! 3 4
INFO:root:3732259:XX add new best (1, 3) is not 4 3 3
INFO:root:3732259:!! Found smaller !!!! 3 4
INFO:root:3732259:XX add new best (9, 1) is not 6 3 3
INFO:root:3732259:!! Found smaller !!!! 3 4
INFO:root:3732259:XX add new best (8, 3) is not 6 3 3
INFO:root:3732259:!! Found smaller !!!! 3 4
INFO:root:3732259:XX add new best (8, 3) is not 6 3 3
INFO:root:3732259:!! Found smaller !!!! 3 4
INFO:root:3732259:XX add new best (3, 5) is not 3 3 3
INFO:root:3732259:!! Found smaller !!!! 3 4
INFO:root:3732259:XX add new best (9, 1) is not 6 3 3
INFO:root:3732259:!! Found smaller !!!! 3 4
INFO:root:3732260:XX add new best (8, 3) is not 6 3 3
INFO:root:3732260:!! Found smaller !!!! 3 4
INFO:root:3732260:XX add new best (1, 3) is not 4 3 3
INFO:root:3732260:!! Found smaller !!!! 3 4
INFO:root:3732260:XX add new best (1, 3) is not 4 3 3
INFO:root:3732260:!! Found smaller !!!! 3 4
INFO:root:3732260:XX add new best (8, 3) is not 6 3 3
INFO:root:3732260:!! Found smaller !!!! 3 4
INFO:root:3732260:XX add new best (3, 5) is not 3 3 3
INFO:root:3732260:!! Found smaller !!!! 3 4
INFO:root:3732260:XX add new best (1, 3) is not 4 3 3
INFO:root:3732260:!! Found smaller !!!! 3 4
INFO:root:3732260:XX add new best (9, 1) is not 6 3 3
INFO:root:3732260:!! Found smaller !!!! 3 4
INFO:root:3732260:XX add new best (9, 1) is not 6 3 3
INFO:root:3732260:!! Found smaller !!!! 3 4
INFO:root:3732260:XX add new best (1, 3) is not 4 3 3
INFO:root:3732260:!! Found smaller !!!! 3 4
INFO:root:3732260:XX add new best (1, 3) is not 4 3 3
INFO:root:3732261:!! Found smaller !!!! 3 4
INFO:root:3732261:XX add new best (9, 1) is not 6 3 3
INFO:root:3732261:!! Found smaller !!!! 3 4
INFO:root:3732261:XX add new best (3, 5) is not 3 3 3
INFO:root:3732261:!! Found smaller !!!! 3 4
INFO:root:3732261:XX add new best (8, 3) is not 6 3 3
INFO:root:3732261:!! Found smaller !!!! 3 4
INFO:root:3732261:XX add new best (9, 1) is not 6 3 3
INFO:root:3732261:!! Found smaller !!!! 3 4
INFO:root:3732261:XX add new best (1, 3) is not 4 3 3
INFO:root:3732261:!! Found smaller !!!! 3 4
INFO:root:3732261:XX add new best (3, 5) is not 3 3 3
INFO:root:3732261:!! Found smaller !!!! 3 4
INFO:root:3732261:XX add new best (1, 3) is not 4 3 3
INFO:root:3732261:!! Found smaller !!!! 3 4
INFO:root:3732261:XX add new best (9, 1) is not 6 3 3
INFO:root:3732261:!! Found smaller !!!! 3 4
INFO:root:3732261:XX add new best (1, 3) is not 4 3 3
INFO:root:3732262:!! Found smaller !!!! 3 4
INFO:root:3732262:XX add new best (1, 3) is not 4 3 3
INFO:root:3732262:!! Found smaller !!!! 3 4
INFO:root:3732262:XX add new best (1, 3) is not 4 3 3
INFO:root:3732262:!! Found smaller !!!! 3 4
INFO:root:3732262:XX add new best (8, 3) is not 6 3 3
INFO:root:3732262:!! Found smaller !!!! 3 4
INFO:root:3732262:XX add new best (3, 5) is not 3 3 3
INFO:root:3732262:!! Found smaller !!!! 3 4
INFO:root:3732262:XX add new best (3, 5) is not 3 3 3
INFO:root:3732262:!! Found smaller !!!! 3 4
INFO:root:3732262:XX add new best (8, 3) is not 6 3 3
INFO:root:3732262:!! Found smaller !!!! 3 4
INFO:root:3732262:XX add new best (1, 3) is not 4 3 3
INFO:root:3732262:!! Found smaller !!!! 3 4
INFO:root:3732262:XX add new best (1, 3) is not 4 3 3
INFO:root:3732262:!! Found smaller !!!! 3 4
INFO:root:3732263:XX add new best (8, 3) is not 6 3 3
INFO:root:3732263:!! Found smaller !!!! 3 4
INFO:root:3732263:XX add new best (8, 3) is not 6 3 3
INFO:root:3732263:!! Found smaller !!!! 3 4
INFO:root:3732263:XX add new best (1, 3) is not 4 3 3
INFO:root:3732263:!! Found smaller !!!! 3 4
INFO:root:3732263:XX add new best (8, 3) is not 6 3 3
INFO:root:3732263:!! Found smaller !!!! 3 4
INFO:root:3732263:XX add new best (8, 3) is not 6 3 3
INFO:root:3732263:!! Found smaller !!!! 3 4
INFO:root:3732263:XX add new best (3, 5) is not 3 3 3
INFO:root:3732263:!! Found smaller !!!! 3 4
INFO:root:3732263:XX add new best (1, 3) is not 4 3 3
INFO:root:3732263:!! Found smaller !!!! 3 4
INFO:root:3732263:XX add new best (3, 5) is not 3 3 3
INFO:root:3732263:!! Found smaller !!!! 3 4
INFO:root:3732263:XX add new best (1, 3) is not 4 3 3
INFO:root:3732263:!! Found smaller !!!! 3 4
INFO:root:3732263:XX add new best (8, 3) is not 6 3 3
INFO:root:3732264:!! Found smaller !!!! 3 4
INFO:root:3732264:XX add new best (9, 1) is not 6 3 3
INFO:root:3732264:!! Found smaller !!!! 3 4
INFO:root:3732264:XX add new best (3, 5) is not 3 3 3
INFO:root:3732264:!! Found smaller !!!! 3 4
INFO:root:3732264:XX add new best (3, 5) is not 3 3 3
INFO:root:3732264:!! Found smaller !!!! 3 4
INFO:root:3732264:XX add new best (9, 1) is not 6 3 3
INFO:root:3732264:!! Found smaller !!!! 3 4
INFO:root:3732264:XX add new best (3, 5) is not 3 3 3
INFO:root:3732264:!! Found smaller !!!! 3 4
INFO:root:3732264:XX add new best (3, 5) is not 3 3 3
INFO:root:3732264:!! Found smaller !!!! 3 4
INFO:root:3732264:XX add new best (1, 3) is not 4 3 3
INFO:root:3732264:!! Found smaller !!!! 3 4
INFO:root:3732264:XX add new best (9, 1) is not 6 3 3
INFO:root:3732264:!! Found smaller !!!! 3 4
INFO:root:3732264:XX add new best (9, 1) is not 6 3 3
INFO:root:3732265:!! Found smaller !!!! 3 4
INFO:root:3732265:XX add new best (9, 1) is not 6 3 3
INFO:root:3732265:!! Found smaller !!!! 3 4
INFO:root:3732265:XX add new best (1, 3) is not 4 3 3
INFO:root:3732265:!! Found smaller !!!! 3 4
INFO:root:3732265:XX add new best (9, 1) is not 6 3 3
INFO:root:3732265:!! Found smaller !!!! 3 4
INFO:root:3732265:XX add new best (9, 1) is not 6 3 3
INFO:root:3732265:!! Found smaller !!!! 3 4
INFO:root:3732265:XX add new best (3, 5) is not 3 3 3
INFO:root:3732265:!! Found smaller !!!! 3 4
INFO:root:3732265:XX add new best (9, 1) is not 6 3 3
INFO:root:3732265:!! Found smaller !!!! 3 4
INFO:root:3732265:XX add new best (3, 5) is not 3 3 3
INFO:root:3732265:!! Found smaller !!!! 3 4
INFO:root:3732265:XX add new best (3, 5) is not 3 3 3
INFO:root:3732265:!! Found smaller !!!! 3 4
INFO:root:3732266:XX add new best (3, 5) is not 3 3 3
INFO:root:3732266:!! Found smaller !!!! 3 4
INFO:root:3732266:XX add new best (3, 5) is not 3 3 3
INFO:root:3732266:!! Found smaller !!!! 3 4
INFO:root:3732266:XX add new best (1, 3) is not 4 3 3
INFO:root:3732266:!! Found smaller !!!! 3 4
INFO:root:3732266:XX add new best (3, 5) is not 3 3 3
INFO:root:3732266:!! Found smaller !!!! 3 4
INFO:root:3732266:XX add new best (9, 1) is not 6 3 3
INFO:root:3732266:!! Found smaller !!!! 3 4
INFO:root:3732266:XX add new best (3, 5) is not 3 3 3
INFO:root:3732266:!! Found smaller !!!! 3 4
INFO:root:3732266:XX add new best (1, 3) is not 4 3 3
INFO:root:3732266:!! Found smaller !!!! 3 4
INFO:root:3732266:XX add new best (1, 3) is not 4 3 3
INFO:root:3732266:!! Found smaller !!!! 3 4
INFO:root:3732266:XX add new best (3, 5) is not 3 3 3
INFO:root:3732266:!! Found smaller !!!! 3 4
INFO:root:3732267:XX add new best (8, 3) is not 6 3 3
INFO:root:3732267:!! Found smaller !!!! 3 4
INFO:root:3732267:XX add new best (1, 3) is not 4 3 3
INFO:root:3732267:!! Found smaller !!!! 3 4
INFO:root:3732267:XX add new best (3, 5) is not 3 3 3
INFO:root:3732267:!! Found smaller !!!! 3 4
INFO:root:3732267:XX add new best (3, 5) is not 3 3 3
INFO:root:3732267:!! Found smaller !!!! 3 4
INFO:root:3732267:XX add new best (3, 5) is not 3 3 3
INFO:root:3732267:!! Found smaller !!!! 3 4
INFO:root:3732267:XX add new best (3, 5) is not 3 3 3
INFO:root:3732267:!! Found smaller !!!! 3 4
INFO:root:3732267:XX add new best (1, 3) is not 4 3 3
INFO:root:3732267:!! Found smaller !!!! 3 4
INFO:root:3732267:XX add new best (8, 3) is not 6 3 3
INFO:root:3732267:!! Found smaller !!!! 3 4
INFO:root:3732267:XX add new best (9, 1) is not 6 3 3
INFO:root:3732267:!! Found smaller !!!! 3 4
INFO:root:3732268:XX add new best (9, 1) is not 6 3 3
INFO:root:3732268:!! Found smaller !!!! 3 4
INFO:root:3732268:XX add new best (9, 1) is not 6 3 3
INFO:root:3732268:!! Found smaller !!!! 3 4
INFO:root:3732268:XX add new best (8, 3) is not 6 3 3
INFO:root:3732268:!! Found smaller !!!! 3 4
INFO:root:3732268:XX add new best (1, 3) is not 4 3 3
INFO:root:3732268:!! Found smaller !!!! 3 4
INFO:root:3732268:XX add new best (8, 3) is not 6 3 3
INFO:root:3732268:!! Found smaller !!!! 3 4
INFO:root:3732268:XX add new best (1, 3) is not 4 3 3
INFO:root:3732268:!! Found smaller !!!! 3 4
INFO:root:3732268:XX add new best (1, 3) is not 4 3 3
INFO:root:3732268:!! Found smaller !!!! 3 4
INFO:root:3732268:XX add new best (3, 5) is not 3 3 3
INFO:root:3732268:!! Found smaller !!!! 3 4
INFO:root:3732268:XX add new best (3, 5) is not 3 3 3
INFO:root:3732268:!! Found smaller !!!! 3 4
INFO:root:3732269:XX add new best (1, 3) is not 4 3 3
INFO:root:3732269:!! Found smaller !!!! 3 4
INFO:root:3732269:XX add new best (8, 3) is not 6 3 3
INFO:root:3732269:!! Found smaller !!!! 3 4
INFO:root:3732269:XX add new best (9, 1) is not 6 3 3
INFO:root:3732269:!! Found smaller !!!! 3 4
INFO:root:3732269:XX add new best (8, 3) is not 6 3 3
INFO:root:3732269:!! Found smaller !!!! 3 4
INFO:root:3732269:XX add new best (1, 3) is not 4 3 3
INFO:root:3732269:!! Found smaller !!!! 3 4
INFO:root:3732269:XX add new best (1, 3) is not 4 3 3
INFO:root:3732269:!! Found smaller !!!! 3 4
INFO:root:3732269:XX add new best (3, 5) is not 3 3 3
INFO:root:3732269:!! Found smaller !!!! 3 4
INFO:root:3732269:XX add new best (1, 3) is not 4 3 3
INFO:root:3732417:Minimal choices : 4 [(1, 3) is not 4, (3, 5) is not 3, (8, 3) is not 6, (9, 1) is not 6]
INFO:root:3732418:Starting Step 11
INFO:root:3732963:Current state [[[[8], [5], [4, 6, 7], [3, 4, 7], [2], [3, 4, 6, 7], [4, 7], [9], [1]], [[4, 6], [2], [1], [4, 7, 9], [4, 5, 7], [4, 6, 7, 9], [4, 5, 7], [8], [3]], [[3, 4], [3, 7], [9], [1], [4, 5, 7], [8], [2], [6], [4, 5]], [[7], [4], [2], [3, 9], [8], [3, 9], [1], [5], [6]], [[5, 6], [9], [5, 6], [4, 7], [1], [4, 7], [3], [2], [8]], [[1], [8], [3], [5], [6], [2], [4, 9], [7], [4, 9]], [[9], [3, 7], [4, 7], [6], [3, 4, 7], [5], [8], [1], [2]], [[2], [1, 6, 7], [4, 5, 6, 7], [8], [4, 7], [1, 4, 7], [5, 6, 9], [3], [5, 9]], [[3, 5, 6], [1, 3, 6], [8], [2], [9], [1, 3], [5, 6], [4], [7]]]]
INFO:root:3732963:Doing checkSmall1
INFO:root:3732963:Getting tiny MUSes, distance 1, for 86 puzlits, 1 repeats
INFO:root:3733002:Chunked 86 in [6, 6, 6, 6, 6, 6, 5, 5, 5, 5, 5, 5, 5, 5, 5, 5]
INFO:root:3733030:XX found first (7, 5) is 3 1
INFO:root:3733042:Early exit from checkSmall1
INFO:root:3733055:Starting Step 12
INFO:root:3733606:Current state [[[[8], [5], [4, 6, 7], [3, 4, 7], [2], [3, 4, 6, 7], [4, 7], [9], [1]], [[4, 6], [2], [1], [4, 7, 9], [4, 5, 7], [4, 6, 7, 9], [4, 5, 7], [8], [3]], [[3, 4], [3, 7], [9], [1], [4, 5, 7], [8], [2], [6], [4, 5]], [[7], [4], [2], [3, 9], [8], [3, 9], [1], [5], [6]], [[5, 6], [9], [5, 6], [4, 7], [1], [4, 7], [3], [2], [8]], [[1], [8], [3], [5], [6], [2], [4, 9], [7], [4, 9]], [[9], [3, 7], [4, 7], [6], [3], [5], [8], [1], [2]], [[2], [1, 6, 7], [4, 5, 6, 7], [8], [4, 7], [1, 4, 7], [5, 6, 9], [3], [5, 9]], [[3, 5, 6], [1, 3, 6], [8], [2], [9], [1, 3], [5, 6], [4], [7]]]]
INFO:root:3733606:Doing checkSmall1
INFO:root:3733606:Getting tiny MUSes, distance 1, for 85 puzlits, 1 repeats
INFO:root:3733644:Chunked 85 in [6, 6, 6, 6, 6, 5, 5, 5, 5, 5, 5, 5, 5, 5, 5, 5]
INFO:root:3733667:XX found first (7, 2) is not 3 1
INFO:root:3733667:XX found first (7, 5) is not 4 1
INFO:root:3733667:XX found first (9, 6) is not 3 1
INFO:root:3733667:XX found first (7, 5) is not 7 1
INFO:root:3733680:Early exit from checkSmall1
INFO:root:3733688:Starting Step 13
INFO:root:3734239:Current state [[[[8], [5], [4, 6, 7], [3, 4, 7], [2], [3, 4, 6, 7], [4, 7], [9], [1]], [[4, 6], [2], [1], [4, 7, 9], [4, 5, 7], [4, 6, 7, 9], [4, 5, 7], [8], [3]], [[3, 4], [3, 7], [9], [1], [4, 5, 7], [8], [2], [6], [4, 5]], [[7], [4], [2], [3, 9], [8], [3, 9], [1], [5], [6]], [[5, 6], [9], [5, 6], [4, 7], [1], [4, 7], [3], [2], [8]], [[1], [8], [3], [5], [6], [2], [4, 9], [7], [4, 9]], [[9], [7], [4, 7], [6], [3], [5], [8], [1], [2]], [[2], [1, 6, 7], [4, 5, 6, 7], [8], [4, 7], [1, 4, 7], [5, 6, 9], [3], [5, 9]], [[3, 5, 6], [1, 3, 6], [8], [2], [9], [1], [5, 6], [4], [7]]]]
INFO:root:3734239:Doing checkSmall1
INFO:root:3734239:Getting tiny MUSes, distance 1, for 81 puzlits, 1 repeats
INFO:root:3734277:Chunked 81 in [6, 5, 5, 5, 5, 5, 5, 5, 5, 5, 5, 5, 5, 5, 5, 5]
INFO:root:3734299:XX found first (7, 2) is 7 1
INFO:root:3734299:XX found first (7, 3) is 4 1
INFO:root:3734299:XX found first (9, 6) is 1 1
INFO:root:3734312:Early exit from checkSmall1
INFO:root:3734331:Starting Step 14
INFO:root:3734878:Current state [[[[8], [5], [4, 6, 7], [3, 4, 7], [2], [3, 4, 6, 7], [4, 7], [9], [1]], [[4, 6], [2], [1], [4, 7, 9], [4, 5, 7], [4, 6, 7, 9], [4, 5, 7], [8], [3]], [[3, 4], [3, 7], [9], [1], [4, 5, 7], [8], [2], [6], [4, 5]], [[7], [4], [2], [3, 9], [8], [3, 9], [1], [5], [6]], [[5, 6], [9], [5, 6], [4, 7], [1], [4, 7], [3], [2], [8]], [[1], [8], [3], [5], [6], [2], [4, 9], [7], [4, 9]], [[9], [7], [4], [6], [3], [5], [8], [1], [2]], [[2], [1, 6, 7], [4, 5, 6, 7], [8], [4, 7], [1, 4, 7], [5, 6, 9], [3], [5, 9]], [[3, 5, 6], [1, 3, 6], [8], [2], [9], [1], [5, 6], [4], [7]]]]
INFO:root:3734878:Doing checkSmall1
INFO:root:3734878:Getting tiny MUSes, distance 1, for 78 puzlits, 1 repeats
INFO:root:3734915:Chunked 78 in [5, 5, 5, 5, 5, 5, 5, 5, 5, 5, 5, 5, 5, 5, 4, 4]
INFO:root:3734945:XX found first (9, 2) is not 1 1
INFO:root:3734945:XX found first (8, 3) is not 7 1
INFO:root:3734945:XX found first (8, 2) is not 7 1
INFO:root:3734945:XX found first (3, 2) is not 7 1
INFO:root:3734945:XX found first (8, 6) is not 1 1
INFO:root:3734946:XX found first (7, 3) is not 7 1
INFO:root:3734946:XX found first (8, 3) is not 4 1
INFO:root:3734946:XX found first (1, 3) is not 4 1
INFO:root:3734958:Early exit from checkSmall1
INFO:root:3734967:Starting Step 15
INFO:root:3735516:Current state [[[[8], [5], [6, 7], [3, 4, 7], [2], [3, 4, 6, 7], [4, 7], [9], [1]], [[4, 6], [2], [1], [4, 7, 9], [4, 5, 7], [4, 6, 7, 9], [4, 5, 7], [8], [3]], [[3, 4], [3], [9], [1], [4, 5, 7], [8], [2], [6], [4, 5]], [[7], [4], [2], [3, 9], [8], [3, 9], [1], [5], [6]], [[5, 6], [9], [5, 6], [4, 7], [1], [4, 7], [3], [2], [8]], [[1], [8], [3], [5], [6], [2], [4, 9], [7], [4, 9]], [[9], [7], [4], [6], [3], [5], [8], [1], [2]], [[2], [1, 6], [5, 6], [8], [4, 7], [4, 7], [5, 6, 9], [3], [5, 9]], [[3, 5, 6], [3, 6], [8], [2], [9], [1], [5, 6], [4], [7]]]]
INFO:root:3735516:Doing checkSmall1
INFO:root:3735516:Getting tiny MUSes, distance 1, for 70 puzlits, 1 repeats
INFO:root:3735553:Chunked 70 in [5, 5, 5, 5, 5, 5, 4, 4, 4, 4, 4, 4, 4, 4, 4, 4]
INFO:root:3735574:XX found first (8, 2) is 1 1
INFO:root:3735575:XX found first (3, 5) is 7 1
INFO:root:3735575:XX found first (1, 3) is 7 1
INFO:root:3735575:XX found first (3, 2) is 3 1
INFO:root:3735587:Early exit from checkSmall1
INFO:root:3735609:Starting Step 16
INFO:root:3736168:Current state [[[[8], [5], [7], [3, 4, 7], [2], [3, 4, 6, 7], [4, 7], [9], [1]], [[4, 6], [2], [1], [4, 7, 9], [4, 5, 7], [4, 6, 7, 9], [4, 5, 7], [8], [3]], [[3, 4], [3], [9], [1], [7], [8], [2], [6], [4, 5]], [[7], [4], [2], [3, 9], [8], [3, 9], [1], [5], [6]], [[5, 6], [9], [5, 6], [4, 7], [1], [4, 7], [3], [2], [8]], [[1], [8], [3], [5], [6], [2], [4, 9], [7], [4, 9]], [[9], [7], [4], [6], [3], [5], [8], [1], [2]], [[2], [1], [5, 6], [8], [4, 7], [4, 7], [5, 6, 9], [3], [5, 9]], [[3, 5, 6], [3, 6], [8], [2], [9], [1], [5, 6], [4], [7]]]]
INFO:root:3736168:Doing checkSmall1
INFO:root:3736168:Getting tiny MUSes, distance 1, for 66 puzlits, 1 repeats
INFO:root:3736207:Chunked 66 in [5, 5, 4, 4, 4, 4, 4, 4, 4, 4, 4, 4, 4, 4, 4, 4]
INFO:root:3736229:XX found first (1, 6) is not 7 1
INFO:root:3736229:XX found first (1, 7) is not 7 1
INFO:root:3736229:XX found first (3, 5) is not 4 1
INFO:root:3736229:XX found first (1, 3) is not 6 1
INFO:root:3736229:XX found first (9, 2) is not 3 1
INFO:root:3736229:XX found first (2, 4) is not 7 1
INFO:root:3736229:XX found first (2, 5) is not 7 1
INFO:root:3736229:XX found first (8, 5) is not 7 1
INFO:root:3736229:XX found first (8, 2) is not 6 1
INFO:root:3736229:XX found first (3, 1) is not 3 1
INFO:root:3736229:XX found first (2, 6) is not 7 1
INFO:root:3736229:XX found first (1, 4) is not 7 1
INFO:root:3736229:XX found first (3, 5) is not 5 1
INFO:root:3736242:Early exit from checkSmall1
INFO:root:3736251:Starting Step 17
INFO:root:3736807:Current state [[[[8], [5], [7], [3, 4], [2], [3, 4, 6], [4], [9], [1]], [[4, 6], [2], [1], [4, 9], [4, 5], [4, 6, 9], [4, 5, 7], [8], [3]], [[4], [3], [9], [1], [7], [8], [2], [6], [4, 5]], [[7], [4], [2], [3, 9], [8], [3, 9], [1], [5], [6]], [[5, 6], [9], [5, 6], [4, 7], [1], [4, 7], [3], [2], [8]], [[1], [8], [3], [5], [6], [2], [4, 9], [7], [4, 9]], [[9], [7], [4], [6], [3], [5], [8], [1], [2]], [[2], [1], [5, 6], [8], [4], [4, 7], [5, 6, 9], [3], [5, 9]], [[3, 5, 6], [6], [8], [2], [9], [1], [5, 6], [4], [7]]]]
INFO:root:3736807:Doing checkSmall1
INFO:root:3736807:Getting tiny MUSes, distance 1, for 53 puzlits, 1 repeats
INFO:root:3736843:Chunked 53 in [4, 4, 4, 4, 4, 3, 3, 3, 3, 3, 3, 3, 3, 3, 3, 3]
INFO:root:3736862:XX found first (9, 1) is 3 1
INFO:root:3736862:XX found first (1, 6) is 6 1
INFO:root:3736862:XX found first (3, 1) is 4 1
INFO:root:3736862:XX found first (2, 5) is 5 1
INFO:root:3736862:XX found first (8, 6) is 7 1
INFO:root:3736862:XX found first (5, 4) is 7 1
INFO:root:3736862:XX found first (1, 7) is 4 1
INFO:root:3736862:XX found first (8, 5) is 4 1
INFO:root:3736862:XX found first (2, 7) is 7 1
INFO:root:3736862:XX found first (3, 9) is 5 1
INFO:root:3736862:XX found first (2, 1) is 6 1
INFO:root:3736862:XX found first (9, 2) is 6 1
INFO:root:3736875:Early exit from checkSmall1
INFO:root:3736919:Starting Step 18
INFO:root:3737484:Current state [[[[8], [5], [7], [3, 4], [2], [6], [4], [9], [1]], [[6], [2], [1], [4, 9], [5], [4, 6, 9], [7], [8], [3]], [[4], [3], [9], [1], [7], [8], [2], [6], [5]], [[7], [4], [2], [3, 9], [8], [3, 9], [1], [5], [6]], [[5, 6], [9], [5, 6], [7], [1], [4, 7], [3], [2], [8]], [[1], [8], [3], [5], [6], [2], [4, 9], [7], [4, 9]], [[9], [7], [4], [6], [3], [5], [8], [1], [2]], [[2], [1], [5, 6], [8], [4], [7], [5, 6, 9], [3], [5, 9]], [[3], [6], [8], [2], [9], [1], [5, 6], [4], [7]]]]
INFO:root:3737485:Doing checkSmall1
INFO:root:3737485:Getting tiny MUSes, distance 1, for 41 puzlits, 1 repeats
INFO:root:3737521:Chunked 41 in [3, 3, 3, 3, 3, 3, 3, 3, 3, 2, 2, 2, 2, 2, 2, 2]
INFO:root:3737542:XX found first (1, 6) is not 3 1
INFO:root:3737542:XX found first (3, 9) is not 4 1
INFO:root:3737542:XX found first (5, 4) is not 4 1
INFO:root:3737542:XX found first (2, 1) is not 4 1
INFO:root:3737542:XX found first (2, 5) is not 4 1
INFO:root:3737542:XX found first (2, 7) is not 4 1
INFO:root:3737542:XX found first (1, 6) is not 4 1
INFO:root:3737542:XX found first (9, 1) is not 6 1
INFO:root:3737543:XX found first (9, 1) is not 5 1
INFO:root:3737543:XX found first (5, 1) is not 6 1
INFO:root:3737543:XX found first (2, 6) is not 6 1
INFO:root:3737543:XX found first (1, 4) is not 4 1
INFO:root:3737543:XX found first (8, 3) is not 6 1
INFO:root:3737543:XX found first (9, 7) is not 6 1
INFO:root:3737543:XX found first (8, 6) is not 4 1
INFO:root:3737543:XX found first (8, 9) is not 5 1
INFO:root:3737543:XX found first (5, 6) is not 7 1
INFO:root:3737543:XX found first (2, 7) is not 5 1
INFO:root:3737543:XX found first (6, 7) is not 4 1
INFO:root:3737556:Early exit from checkSmall1
INFO:root:3737565:Starting Step 19
INFO:root:3738152:Current state [[[[8], [5], [7], [3], [2], [6], [4], [9], [1]], [[6], [2], [1], [4, 9], [5], [4, 9], [7], [8], [3]], [[4], [3], [9], [1], [7], [8], [2], [6], [5]], [[7], [4], [2], [3, 9], [8], [3, 9], [1], [5], [6]], [[5], [9], [5, 6], [7], [1], [4], [3], [2], [8]], [[1], [8], [3], [5], [6], [2], [9], [7], [4, 9]], [[9], [7], [4], [6], [3], [5], [8], [1], [2]], [[2], [1], [5], [8], [4], [7], [5, 6, 9], [3], [9]], [[3], [6], [8], [2], [9], [1], [5], [4], [7]]]]
INFO:root:3738152:Doing checkSmall1
INFO:root:3738152:Getting tiny MUSes, distance 1, for 22 puzlits, 1 repeats
INFO:root:3738189:Chunked 22 in [2, 2, 2, 2, 2, 2, 1, 1, 1, 1, 1, 1, 1, 1, 1, 1]
INFO:root:3738203:XX found first (5, 1) is 5 1
INFO:root:3738204:XX found first (4, 6) is 3 1
INFO:root:3738204:XX found first (8, 3) is 5 1
INFO:root:3738204:XX found first (5, 3) is 6 1
INFO:root:3738204:XX found first (6, 9) is 4 1
INFO:root:3738204:XX found first (8, 7) is 6 1
INFO:root:3738204:XX found first (2, 4) is 4 1
INFO:root:3738204:XX found first (6, 7) is 9 1
INFO:root:3738204:XX found first (9, 7) is 5 1
INFO:root:3738204:XX found first (5, 6) is 4 1
INFO:root:3738204:XX found first (1, 4) is 3 1
INFO:root:3738204:XX found first (8, 9) is 9 1
INFO:root:3738217:Early exit from checkSmall1
INFO:root:3738264:Starting Step 20
INFO:root:3738847:Current state [[[[8], [5], [7], [3], [2], [6], [4], [9], [1]], [[6], [2], [1], [4], [5], [4, 9], [7], [8], [3]], [[4], [3], [9], [1], [7], [8], [2], [6], [5]], [[7], [4], [2], [3, 9], [8], [3], [1], [5], [6]], [[5], [9], [6], [7], [1], [4], [3], [2], [8]], [[1], [8], [3], [5], [6], [2], [9], [7], [4]], [[9], [7], [4], [6], [3], [5], [8], [1], [2]], [[2], [1], [5], [8], [4], [7], [6], [3], [9]], [[3], [6], [8], [2], [9], [1], [5], [4], [7]]]]
INFO:root:3738848:Doing checkSmall1
INFO:root:3738848:Getting tiny MUSes, distance 1, for 10 puzlits, 1 repeats
INFO:root:3738884:Chunked 10 in [1, 1, 1, 1, 1, 1, 1, 1, 1, 1, 0, 0, 0, 0, 0, 0]
INFO:root:3738897:XX found first (2, 6) is not 4 1
INFO:root:3738897:XX found first (8, 7) is not 5 1
INFO:root:3738897:XX found first (4, 4) is not 3 1
INFO:root:3738897:XX found first (2, 4) is not 9 1
INFO:root:3738897:XX found first (4, 6) is not 9 1
INFO:root:3738897:XX found first (5, 3) is not 5 1
INFO:root:3738897:XX found first (6, 9) is not 9 1
INFO:root:3738897:XX found first (8, 7) is not 9 1
INFO:root:3738911:Early exit from checkSmall1
INFO:root:3738919:Starting Step 21
INFO:root:3739516:Current state [[[[8], [5], [7], [3], [2], [6], [4], [9], [1]], [[6], [2], [1], [4], [5], [9], [7], [8], [3]], [[4], [3], [9], [1], [7], [8], [2], [6], [5]], [[7], [4], [2], [9], [8], [3], [1], [5], [6]], [[5], [9], [6], [7], [1], [4], [3], [2], [8]], [[1], [8], [3], [5], [6], [2], [9], [7], [4]], [[9], [7], [4], [6], [3], [5], [8], [1], [2]], [[2], [1], [5], [8], [4], [7], [6], [3], [9]], [[3], [6], [8], [2], [9], [1], [5], [4], [7]]]]
INFO:root:3739516:Doing checkSmall1
INFO:root:3739516:Getting tiny MUSes, distance 1, for 2 puzlits, 1 repeats
INFO:root:3739553:Chunked 2 in [1, 1, 0, 0, 0, 0, 0, 0, 0, 0, 0, 0, 0, 0, 0, 0]
INFO:root:3739562:XX found first (2, 6) is 9 1
INFO:root:3739562:XX found first (4, 4) is 9 1
INFO:root:3739574:Early exit from checkSmall1
INFO:root:3739588:Total Solver Calls 42498876
INFO:root:3739588:Trace: [(3, [(1, 3) is not 4])]
INFO:root:3739588:Trace Quality: [(3, 1)]
INFO:root:3739588:Trace Sorted: [(3, 1)]
INFO:root:3739588:Finished
INFO:root:3739588:Full Trace [(3, [(1, 3) is not 4])]

real	62m19.872s
user	923m57.462s
sys	2m27.196s
