INFO:root:5996:Starting Step 1
INFO:root:6054:Current state [[[[8], [5], [1, 2, 3, 4, 5, 6, 7, 8, 9], [1, 2, 3, 4, 5, 6, 7, 8, 9], [2], [1, 2, 3, 4, 5, 6, 7, 8, 9], [1, 2, 3, 4, 5, 6, 7, 8, 9], [1, 2, 3, 4, 5, 6, 7, 8, 9], [1, 2, 3, 4, 5, 6, 7, 8, 9]], [[1, 2, 3, 4, 5, 6, 7, 8, 9], [2], [1, 2, 3, 4, 5, 6, 7, 8, 9], [1, 2, 3, 4, 5, 6, 7, 8, 9], [1, 2, 3, 4, 5, 6, 7, 8, 9], [1, 2, 3, 4, 5, 6, 7, 8, 9], [1, 2, 3, 4, 5, 6, 7, 8, 9], [1, 2, 3, 4, 5, 6, 7, 8, 9], [3]], [[1, 2, 3, 4, 5, 6, 7, 8, 9], [1, 2, 3, 4, 5, 6, 7, 8, 9], [9], [1], [1, 2, 3, 4, 5, 6, 7, 8, 9], [8], [1, 2, 3, 4, 5, 6, 7, 8, 9], [1, 2, 3, 4, 5, 6, 7, 8, 9], [1, 2, 3, 4, 5, 6, 7, 8, 9]], [[1, 2, 3, 4, 5, 6, 7, 8, 9], [4], [1, 2, 3, 4, 5, 6, 7, 8, 9], [1, 2, 3, 4, 5, 6, 7, 8, 9], [8], [1, 2, 3, 4, 5, 6, 7, 8, 9], [1], [5], [1, 2, 3, 4, 5, 6, 7, 8, 9]], [[1, 2, 3, 4, 5, 6, 7, 8, 9], [9], [1, 2, 3, 4, 5, 6, 7, 8, 9], [1, 2, 3, 4, 5, 6, 7, 8, 9], [1], [1, 2, 3, 4, 5, 6, 7, 8, 9], [1, 2, 3, 4, 5, 6, 7, 8, 9], [2], [1, 2, 3, 4, 5, 6, 7, 8, 9]], [[1, 2, 3, 4, 5, 6, 7, 8, 9], [8], [3], [1, 2, 3, 4, 5, 6, 7, 8, 9], [6], [1, 2, 3, 4, 5, 6, 7, 8, 9], [1, 2, 3, 4, 5, 6, 7, 8, 9], [7], [1, 2, 3, 4, 5, 6, 7, 8, 9]], [[1, 2, 3, 4, 5, 6, 7, 8, 9], [1, 2, 3, 4, 5, 6, 7, 8, 9], [1, 2, 3, 4, 5, 6, 7, 8, 9], [6], [1, 2, 3, 4, 5, 6, 7, 8, 9], [5], [8], [1, 2, 3, 4, 5, 6, 7, 8, 9], [1, 2, 3, 4, 5, 6, 7, 8, 9]], [[2], [1, 2, 3, 4, 5, 6, 7, 8, 9], [1, 2, 3, 4, 5, 6, 7, 8, 9], [1, 2, 3, 4, 5, 6, 7, 8, 9], [1, 2, 3, 4, 5, 6, 7, 8, 9], [1, 2, 3, 4, 5, 6, 7, 8, 9], [1, 2, 3, 4, 5, 6, 7, 8, 9], [3], [1, 2, 3, 4, 5, 6, 7, 8, 9]], [[1, 2, 3, 4, 5, 6, 7, 8, 9], [1, 2, 3, 4, 5, 6, 7, 8, 9], [1, 2, 3, 4, 5, 6, 7, 8, 9], [1, 2, 3, 4, 5, 6, 7, 8, 9], [9], [1, 2, 3, 4, 5, 6, 7, 8, 9], [1, 2, 3, 4, 5, 6, 7, 8, 9], [4], [7]]]]
INFO:root:6054:Doing checkSmall1
INFO:root:6054:Getting tiny MUSes, distance 1, for 702 puzlits, 1 repeats
INFO:root:6111:Chunked 702 in [44, 44, 44, 44, 44, 44, 44, 44, 44, 44, 44, 44, 44, 44, 43, 43]
INFO:root:6308:XX found first (3, 3) is not 5 1
INFO:root:6308:XX found first (3, 6) is not 3 1
INFO:root:6308:XX found first (9, 6) is not 7 1
INFO:root:6308:XX found first (3, 3) is not 7 1
INFO:root:6308:XX found first (6, 8) is not 1 1
INFO:root:6308:XX found first (1, 7) is not 2 1
INFO:root:6308:XX found first (3, 6) is not 2 1
INFO:root:6308:XX found first (1, 7) is not 3 1
INFO:root:6308:XX found first (7, 8) is not 8 1
INFO:root:6308:XX found first (6, 7) is not 8 1
INFO:root:6308:XX found first (8, 4) is not 9 1
INFO:root:6308:XX found first (3, 8) is not 7 1
INFO:root:6308:XX found first (6, 7) is not 1 1
INFO:root:6308:XX found first (6, 5) is not 7 1
INFO:root:6308:XX found first (6, 5) is not 9 1
INFO:root:6308:XX found first (8, 1) is not 1 1
INFO:root:6309:XX found first (1, 7) is not 8 1
INFO:root:6309:XX found first (6, 1) is not 7 1
INFO:root:6309:XX found first (4, 1) is not 8 1
INFO:root:6309:XX found first (6, 2) is not 4 1
INFO:root:6309:XX found first (6, 9) is not 5 1
INFO:root:6309:XX found first (6, 3) is not 5 1
INFO:root:6309:XX found first (8, 6) is not 5 1
INFO:root:6309:XX found first (4, 2) is not 6 1
INFO:root:6309:XX found first (2, 4) is not 8 1
INFO:root:6309:XX found first (3, 7) is not 9 1
INFO:root:6309:XX found first (8, 8) is not 7 1
INFO:root:6309:XX found first (2, 7) is not 2 1
INFO:root:6309:XX found first (9, 9) is not 5 1
INFO:root:6309:XX found first (2, 4) is not 3 1
INFO:root:6309:XX found first (3, 1) is not 9 1
INFO:root:6309:XX found first (7, 4) is not 2 1
INFO:root:6309:XX found first (6, 6) is not 8 1
INFO:root:6309:XX found first (1, 9) is not 3 1
INFO:root:6309:XX found first (8, 3) is not 3 1
INFO:root:6309:XX found first (9, 6) is not 8 1
INFO:root:6309:XX found first (7, 9) is not 7 1
INFO:root:6309:XX found first (6, 7) is not 6 1
INFO:root:6309:XX found first (2, 9) is not 4 1
INFO:root:6309:XX found first (4, 2) is not 8 1
INFO:root:6310:XX found first (4, 8) is not 4 1
INFO:root:6310:XX found first (5, 8) is not 8 1
INFO:root:6310:XX found first (5, 6) is not 8 1
INFO:root:6310:XX found first (4, 4) is not 1 1
INFO:root:6310:XX found first (9, 9) is not 9 1
INFO:root:6310:XX found first (7, 9) is not 3 1
INFO:root:6310:XX found first (9, 2) is not 9 1
INFO:root:6310:XX found first (6, 1) is not 8 1
INFO:root:6310:XX found first (9, 6) is not 4 1
INFO:root:6310:XX found first (3, 4) is not 7 1
INFO:root:6310:XX found first (7, 5) is not 1 1
INFO:root:6310:XX found first (5, 7) is not 8 1
INFO:root:6310:XX found first (7, 5) is not 2 1
INFO:root:6310:XX found first (2, 9) is not 9 1
INFO:root:6310:XX found first (3, 9) is not 1 1
INFO:root:6310:XX found first (6, 5) is not 5 1
INFO:root:6310:XX found first (2, 5) is not 2 1
INFO:root:6310:XX found first (9, 8) is not 2 1
INFO:root:6310:XX found first (5, 5) is not 6 1
INFO:root:6310:XX found first (9, 9) is not 4 1
INFO:root:6310:XX found first (5, 8) is not 9 1
INFO:root:6311:XX found first (6, 8) is not 9 1
INFO:root:6311:XX found first (7, 5) is not 8 1
INFO:root:6311:XX found first (3, 6) is not 4 1
INFO:root:6311:XX found first (5, 5) is not 9 1
INFO:root:6311:XX found first (7, 3) is not 9 1
INFO:root:6311:XX found first (8, 9) is not 7 1
INFO:root:6311:XX found first (8, 8) is not 8 1
INFO:root:6311:XX found first (6, 4) is not 3 1
INFO:root:6311:XX found first (8, 8) is not 6 1
INFO:root:6311:XX found first (5, 5) is not 5 1
INFO:root:6311:XX found first (3, 7) is not 3 1
INFO:root:6311:XX found first (4, 8) is not 6 1
INFO:root:6311:XX found first (6, 8) is not 3 1
INFO:root:6311:XX found first (5, 6) is not 1 1
INFO:root:6311:XX found first (3, 5) is not 2 1
INFO:root:6311:XX found first (6, 6) is not 3 1
INFO:root:6311:XX found first (5, 4) is not 8 1
INFO:root:6311:XX found first (4, 6) is not 8 1
INFO:root:6311:XX found first (5, 2) is not 6 1
INFO:root:6311:XX found first (9, 1) is not 4 1
INFO:root:6311:XX found first (8, 1) is not 5 1
INFO:root:6311:XX found first (3, 6) is not 5 1
INFO:root:6311:XX found first (9, 7) is not 3 1
INFO:root:6311:XX found first (8, 8) is not 1 1
INFO:root:6312:XX found first (2, 6) is not 1 1
INFO:root:6312:XX found first (4, 8) is not 7 1
INFO:root:6312:XX found first (9, 7) is not 1 1
INFO:root:6312:XX found first (4, 1) is not 1 1
INFO:root:6312:XX found first (9, 3) is not 7 1
INFO:root:6312:XX found first (3, 9) is not 7 1
INFO:root:6312:XX found first (8, 8) is not 5 1
INFO:root:6312:XX found first (5, 3) is not 9 1
INFO:root:6312:XX found first (1, 9) is not 2 1
INFO:root:6312:XX found first (5, 6) is not 2 1
INFO:root:6312:XX found first (1, 8) is not 7 1
INFO:root:6312:XX found first (5, 9) is not 3 1
INFO:root:6312:XX found first (6, 4) is not 6 1
INFO:root:6312:XX found first (6, 3) is not 6 1
INFO:root:6312:XX found first (7, 7) is not 7 1
INFO:root:6312:XX found first (3, 2) is not 4 1
INFO:root:6312:XX found first (8, 7) is not 2 1
INFO:root:6312:XX found first (8, 7) is not 8 1
INFO:root:6312:XX found first (1, 2) is not 2 1
INFO:root:6312:XX found first (2, 8) is not 7 1
INFO:root:6312:XX found first (2, 1) is not 3 1
INFO:root:6312:XX found first (8, 5) is not 9 1
INFO:root:6312:XX found first (4, 8) is not 2 1
INFO:root:6312:XX found first (7, 7) is not 2 1
INFO:root:6313:XX found first (9, 7) is not 4 1
INFO:root:6313:XX found first (1, 2) is not 8 1
INFO:root:6313:XX found first (8, 1) is not 4 1
INFO:root:6313:XX found first (8, 1) is not 3 1
INFO:root:6313:XX found first (6, 9) is not 2 1
INFO:root:6313:XX found first (3, 6) is not 9 1
INFO:root:6313:XX found first (7, 9) is not 5 1
INFO:root:6313:XX found first (2, 2) is not 9 1
INFO:root:6313:XX found first (9, 8) is not 5 1
INFO:root:6313:XX found first (6, 9) is not 8 1
INFO:root:6313:XX found first (9, 5) is not 6 1
INFO:root:6313:XX found first (8, 2) is not 9 1
INFO:root:6313:XX found first (7, 9) is not 8 1
INFO:root:6313:XX found first (5, 5) is not 2 1
INFO:root:6313:XX found first (4, 5) is not 9 1
INFO:root:6313:XX found first (8, 1) is not 6 1
INFO:root:6313:XX found first (3, 5) is not 1 1
INFO:root:6313:XX found first (7, 6) is not 2 1
INFO:root:6313:XX found first (2, 7) is not 8 1
INFO:root:6313:XX found first (1, 9) is not 8 1
INFO:root:6313:XX found first (4, 1) is not 5 1
INFO:root:6313:XX found first (5, 4) is not 2 1
INFO:root:6314:XX found first (5, 2) is not 7 1
INFO:root:6314:XX found first (4, 7) is not 3 1
INFO:root:6314:XX found first (8, 2) is not 2 1
INFO:root:6314:XX found first (7, 4) is not 3 1
INFO:root:6314:XX found first (4, 1) is not 4 1
INFO:root:6314:XX found first (8, 8) is not 4 1
INFO:root:6314:XX found first (1, 1) is not 7 1
INFO:root:6314:XX found first (6, 5) is not 2 1
INFO:root:6314:XX found first (1, 2) is not 6 1
INFO:root:6314:XX found first (8, 5) is not 6 1
INFO:root:6314:XX found first (1, 5) is not 3 1
INFO:root:6314:XX found first (2, 4) is not 2 1
INFO:root:6314:XX found first (8, 5) is not 2 1
INFO:root:6314:XX found first (7, 5) is not 5 1
INFO:root:6314:XX found first (2, 3) is not 5 1
INFO:root:6314:XX found first (4, 5) is not 5 1
INFO:root:6314:XX found first (9, 5) is not 8 1
INFO:root:6314:XX found first (4, 1) is not 2 1
INFO:root:6314:XX found first (9, 1) is not 7 1
INFO:root:6314:XX found first (5, 7) is not 2 1
INFO:root:6314:XX found first (9, 9) is not 6 1
INFO:root:6314:XX found first (6, 5) is not 4 1
INFO:root:6314:XX found first (1, 5) is not 1 1
INFO:root:6314:XX found first (1, 3) is not 3 1
INFO:root:6314:XX found first (5, 3) is not 3 1
INFO:root:6315:XX found first (5, 1) is not 3 1
INFO:root:6315:XX found first (3, 4) is not 8 1
INFO:root:6315:XX found first (3, 3) is not 6 1
INFO:root:6315:XX found first (5, 5) is not 3 1
INFO:root:6315:XX found first (2, 5) is not 9 1
INFO:root:6315:XX found first (4, 7) is not 8 1
INFO:root:6315:XX found first (7, 4) is not 5 1
INFO:root:6315:XX found first (5, 4) is not 1 1
INFO:root:6315:XX found first (2, 9) is not 6 1
INFO:root:6315:XX found first (7, 8) is not 5 1
INFO:root:6315:XX found first (1, 4) is not 1 1
INFO:root:6315:XX found first (7, 1) is not 6 1
INFO:root:6315:XX found first (1, 8) is not 3 1
INFO:root:6315:XX found first (9, 5) is not 5 1
INFO:root:6315:XX found first (7, 8) is not 6 1
INFO:root:6315:XX found first (9, 2) is not 2 1
INFO:root:6315:XX found first (7, 4) is not 7 1
INFO:root:6315:XX found first (8, 9) is not 3 1
INFO:root:6315:XX found first (7, 6) is not 9 1
INFO:root:6315:XX found first (4, 9) is not 8 1
INFO:root:6315:XX found first (4, 3) is not 9 1
INFO:root:6315:XX found first (4, 2) is not 5 1
INFO:root:6315:XX found first (9, 8) is not 3 1
INFO:root:6316:XX found first (5, 5) is not 7 1
INFO:root:6316:XX found first (4, 7) is not 7 1
INFO:root:6316:XX found first (6, 4) is not 8 1
INFO:root:6316:XX found first (7, 2) is not 8 1
INFO:root:6316:XX found first (7, 6) is not 6 1
INFO:root:6316:XX found first (6, 1) is not 3 1
INFO:root:6316:XX found first (9, 4) is not 1 1
INFO:root:6316:XX found first (6, 3) is not 9 1
INFO:root:6316:XX found first (9, 3) is not 9 1
INFO:root:6316:XX found first (3, 2) is not 8 1
INFO:root:6316:XX found first (4, 4) is not 4 1
INFO:root:6316:XX found first (5, 4) is not 6 1
INFO:root:6316:XX found first (3, 4) is not 9 1
INFO:root:6316:XX found first (6, 6) is not 1 1
INFO:root:6316:XX found first (7, 2) is not 6 1
INFO:root:6316:XX found first (6, 9) is not 6 1
INFO:root:6316:XX found first (7, 7) is not 9 1
INFO:root:6316:XX found first (8, 3) is not 2 1
INFO:root:6316:XX found first (9, 4) is not 6 1
INFO:root:6316:XX found first (9, 8) is not 1 1
INFO:root:6316:XX found first (2, 6) is not 5 1
INFO:root:6316:XX found first (7, 3) is not 3 1
INFO:root:6316:XX found first (3, 4) is not 2 1
INFO:root:6317:XX found first (3, 8) is not 3 1
INFO:root:6317:XX found first (1, 2) is not 7 1
INFO:root:6317:XX found first (1, 5) is not 7 1
INFO:root:6317:XX found first (7, 6) is not 1 1
INFO:root:6317:XX found first (7, 5) is not 9 1
INFO:root:6317:XX found first (2, 4) is not 6 1
INFO:root:6317:XX found first (2, 9) is not 7 1
INFO:root:6317:XX found first (2, 3) is not 3 1
INFO:root:6317:XX found first (3, 6) is not 6 1
INFO:root:6317:XX found first (8, 7) is not 1 1
INFO:root:6317:XX found first (1, 4) is not 5 1
INFO:root:6317:XX found first (8, 8) is not 9 1
INFO:root:6317:XX found first (1, 9) is not 5 1
INFO:root:6317:XX found first (7, 8) is not 3 1
INFO:root:6317:XX found first (1, 2) is not 4 1
INFO:root:6317:XX found first (7, 6) is not 8 1
INFO:root:6317:XX found first (2, 8) is not 5 1
INFO:root:6317:XX found first (6, 3) is not 1 1
INFO:root:6317:XX found first (9, 1) is not 8 1
INFO:root:6317:XX found first (6, 6) is not 5 1
INFO:root:6317:XX found first (4, 2) is not 9 1
INFO:root:6317:XX found first (9, 7) is not 7 1
INFO:root:6317:XX found first (6, 2) is not 5 1
INFO:root:6318:XX found first (7, 7) is not 5 1
INFO:root:6318:XX found first (8, 4) is not 5 1
INFO:root:6318:XX found first (9, 8) is not 6 1
INFO:root:6318:XX found first (4, 5) is not 7 1
INFO:root:6318:XX found first (5, 8) is not 7 1
INFO:root:6318:XX found first (2, 3) is not 8 1
INFO:root:6318:XX found first (3, 8) is not 9 1
INFO:root:6318:XX found first (7, 3) is not 8 1
INFO:root:6318:XX found first (1, 3) is not 5 1
INFO:root:6318:XX found first (8, 6) is not 3 1
INFO:root:6318:XX found first (9, 2) is not 4 1
INFO:root:6318:XX found first (1, 6) is not 1 1
INFO:root:6318:XX found first (6, 6) is not 6 1
INFO:root:6318:XX found first (5, 4) is not 9 1
INFO:root:6318:XX found first (5, 9) is not 2 1
INFO:root:6318:XX found first (9, 5) is not 2 1
INFO:root:6318:XX found first (3, 4) is not 4 1
INFO:root:6318:XX found first (4, 5) is not 3 1
INFO:root:6318:XX found first (2, 6) is not 2 1
INFO:root:6318:XX found first (9, 5) is not 4 1
INFO:root:6318:XX found first (1, 5) is not 6 1
INFO:root:6318:XX found first (7, 9) is not 6 1
INFO:root:6318:XX found first (7, 8) is not 2 1
INFO:root:6318:XX found first (8, 4) is not 6 1
INFO:root:6319:XX found first (4, 4) is not 5 1
INFO:root:6319:XX found first (1, 7) is not 1 1
INFO:root:6319:XX found first (5, 3) is not 8 1
INFO:root:6319:XX found first (7, 3) is not 5 1
INFO:root:6319:XX found first (4, 3) is not 3 1
INFO:root:6319:XX found first (2, 7) is not 3 1
INFO:root:6319:XX found first (8, 6) is not 9 1
INFO:root:6319:XX found first (2, 5) is not 3 1
INFO:root:6319:XX found first (2, 1) is not 5 1
INFO:root:6319:XX found first (2, 2) is not 1 1
INFO:root:6319:XX found first (8, 7) is not 3 1
INFO:root:6319:XX found first (2, 5) is not 1 1
INFO:root:6319:XX found first (6, 8) is not 2 1
INFO:root:6319:XX found first (7, 6) is not 7 1
INFO:root:6319:XX found first (6, 9) is not 1 1
INFO:root:6319:XX found first (9, 4) is not 9 1
INFO:root:6319:XX found first (6, 7) is not 2 1
INFO:root:6319:XX found first (1, 8) is not 5 1
INFO:root:6319:XX found first (1, 1) is not 9 1
INFO:root:6319:XX found first (4, 8) is not 3 1
INFO:root:6319:XX found first (6, 2) is not 1 1
INFO:root:6319:XX found first (2, 6) is not 3 1
INFO:root:6319:XX found first (5, 8) is not 4 1
INFO:root:6320:XX found first (3, 2) is not 2 1
INFO:root:6320:XX found first (3, 5) is not 9 1
INFO:root:6320:XX found first (4, 3) is not 4 1
INFO:root:6320:XX found first (2, 8) is not 3 1
INFO:root:6320:XX found first (3, 8) is not 5 1
INFO:root:6320:XX found first (2, 1) is not 2 1
INFO:root:6320:XX found first (6, 2) is not 3 1
INFO:root:6320:XX found first (3, 4) is not 6 1
INFO:root:6320:XX found first (5, 1) is not 9 1
INFO:root:6320:XX found first (1, 1) is not 4 1
INFO:root:6320:XX found first (5, 7) is not 9 1
INFO:root:6320:XX found first (5, 7) is not 5 1
INFO:root:6320:XX found first (7, 1) is not 5 1
INFO:root:6320:XX found first (4, 3) is not 8 1
INFO:root:6320:XX found first (4, 3) is not 5 1
INFO:root:6320:XX found first (2, 1) is not 9 1
INFO:root:6320:XX found first (5, 3) is not 4 1
INFO:root:6320:XX found first (2, 9) is not 2 1
INFO:root:6320:XX found first (1, 1) is not 5 1
INFO:root:6320:XX found first (3, 7) is not 8 1
INFO:root:6320:XX found first (6, 3) is not 2 1
INFO:root:6320:XX found first (5, 7) is not 1 1
INFO:root:6320:XX found first (3, 3) is not 2 1
INFO:root:6320:XX found first (4, 7) is not 5 1
INFO:root:6320:XX found first (9, 9) is not 2 1
INFO:root:6321:XX found first (2, 3) is not 9 1
INFO:root:6321:XX found first (9, 9) is not 3 1
INFO:root:6321:XX found first (5, 2) is not 1 1
INFO:root:6321:XX found first (9, 2) is not 8 1
INFO:root:6321:XX found first (7, 7) is not 3 1
INFO:root:6321:XX found first (3, 3) is not 8 1
INFO:root:6321:XX found first (3, 1) is not 5 1
INFO:root:6321:XX found first (2, 2) is not 8 1
INFO:root:6321:XX found first (4, 5) is not 6 1
INFO:root:6321:XX found first (8, 1) is not 9 1
INFO:root:6321:XX found first (6, 1) is not 6 1
INFO:root:6321:XX found first (5, 6) is not 5 1
INFO:root:6321:XX found first (8, 2) is not 4 1
INFO:root:6321:XX found first (4, 2) is not 2 1
INFO:root:6321:XX found first (1, 3) is not 9 1
INFO:root:6321:XX found first (8, 6) is not 8 1
INFO:root:6321:XX found first (5, 9) is not 5 1
INFO:root:6321:XX found first (4, 4) is not 6 1
INFO:root:6321:XX found first (6, 7) is not 5 1
INFO:root:6321:XX found first (2, 5) is not 6 1
INFO:root:6321:XX found first (4, 4) is not 8 1
INFO:root:6321:XX found first (1, 8) is not 2 1
INFO:root:6322:XX found first (3, 9) is not 9 1
INFO:root:6322:XX found first (5, 2) is not 3 1
INFO:root:6322:XX found first (5, 9) is not 1 1
INFO:root:6322:XX found first (6, 5) is not 3 1
INFO:root:6322:XX found first (2, 2) is not 7 1
INFO:root:6322:XX found first (4, 7) is not 2 1
INFO:root:6322:XX found first (7, 2) is not 9 1
INFO:root:6322:XX found first (4, 1) is not 9 1
INFO:root:6322:XX found first (9, 1) is not 9 1
INFO:root:6322:XX found first (8, 1) is not 7 1
INFO:root:6322:XX found first (6, 7) is not 7 1
INFO:root:6322:XX found first (5, 7) is not 7 1
INFO:root:6322:XX found first (9, 7) is not 9 1
INFO:root:6322:XX found first (6, 9) is not 7 1
INFO:root:6322:XX found first (7, 5) is not 6 1
INFO:root:6322:XX found first (3, 8) is not 1 1
INFO:root:6322:XX found first (9, 8) is not 7 1
INFO:root:6322:XX found first (8, 7) is not 7 1
INFO:root:6322:XX found first (3, 6) is not 1 1
INFO:root:6322:XX found first (7, 2) is not 4 1
INFO:root:6322:XX found first (1, 5) is not 5 1
INFO:root:6322:XX found first (5, 2) is not 5 1
INFO:root:6322:XX found first (2, 9) is not 1 1
INFO:root:6322:XX found first (3, 8) is not 2 1
INFO:root:6323:XX found first (1, 2) is not 9 1
INFO:root:6323:XX found first (4, 7) is not 4 1
INFO:root:6323:XX found first (5, 8) is not 3 1
INFO:root:6323:XX found first (6, 3) is not 4 1
INFO:root:6323:XX found first (8, 6) is not 2 1
INFO:root:6323:XX found first (6, 3) is not 7 1
INFO:root:6323:XX found first (5, 2) is not 8 1
INFO:root:6323:XX found first (6, 8) is not 4 1
INFO:root:6323:XX found first (9, 4) is not 5 1
INFO:root:6323:XX found first (4, 7) is not 9 1
INFO:root:6323:XX found first (6, 8) is not 6 1
INFO:root:6323:XX found first (5, 8) is not 5 1
INFO:root:6323:XX found first (6, 4) is not 7 1
INFO:root:6323:XX found first (2, 3) is not 2 1
INFO:root:6323:XX found first (4, 8) is not 1 1
INFO:root:6323:XX found first (2, 9) is not 8 1
INFO:root:6323:XX found first (3, 1) is not 2 1
INFO:root:6323:XX found first (6, 1) is not 4 1
INFO:root:6323:XX found first (1, 6) is not 5 1
INFO:root:6323:XX found first (8, 2) is not 3 1
INFO:root:6323:XX found first (8, 5) is not 1 1
INFO:root:6323:XX found first (7, 4) is not 8 1
INFO:root:6323:XX found first (6, 6) is not 7 1
INFO:root:6323:XX found first (8, 3) is not 9 1
INFO:root:6324:XX found first (1, 3) is not 8 1
INFO:root:6324:XX found first (8, 5) is not 8 1
INFO:root:6324:XX found first (4, 8) is not 8 1
INFO:root:6324:XX found first (4, 9) is not 2 1
INFO:root:6324:XX found first (9, 4) is not 7 1
INFO:root:6324:XX found first (5, 9) is not 7 1
INFO:root:6324:XX found first (2, 2) is not 3 1
INFO:root:6324:XX found first (3, 7) is not 1 1
INFO:root:6324:XX found first (7, 6) is not 3 1
INFO:root:6324:XX found first (3, 5) is not 6 1
INFO:root:6324:XX found first (6, 3) is not 8 1
INFO:root:6324:XX found first (1, 1) is not 1 1
INFO:root:6324:XX found first (9, 6) is not 9 1
INFO:root:6324:XX found first (1, 2) is not 3 1
INFO:root:6324:XX found first (9, 5) is not 7 1
INFO:root:6324:XX found first (6, 4) is not 1 1
INFO:root:6324:XX found first (8, 2) is not 8 1
INFO:root:6324:XX found first (4, 9) is not 4 1
INFO:root:6324:XX found first (6, 5) is not 1 1
INFO:root:6324:XX found first (4, 3) is not 1 1
INFO:root:6324:XX found first (9, 6) is not 5 1
INFO:root:6324:XX found first (8, 4) is not 3 1
INFO:root:6324:XX found first (3, 5) is not 8 1
INFO:root:6325:XX found first (3, 2) is not 9 1
INFO:root:6325:XX found first (9, 8) is not 9 1
INFO:root:6325:XX found first (7, 8) is not 7 1
INFO:root:6325:XX found first (3, 1) is not 8 1
INFO:root:6325:XX found first (5, 1) is not 8 1
INFO:root:6325:XX found first (5, 5) is not 8 1
INFO:root:6325:XX found first (9, 5) is not 3 1
INFO:root:6325:XX found first (9, 9) is not 1 1
INFO:root:6325:XX found first (5, 3) is not 2 1
INFO:root:6325:XX found first (7, 4) is not 9 1
INFO:root:6325:XX found first (4, 9) is not 5 1
INFO:root:6325:XX found first (9, 5) is not 1 1
INFO:root:6325:XX found first (3, 3) is not 1 1
INFO:root:6325:XX found first (6, 2) is not 2 1
INFO:root:6325:XX found first (2, 9) is not 5 1
INFO:root:6325:XX found first (8, 6) is not 6 1
INFO:root:6325:XX found first (7, 4) is not 1 1
INFO:root:6325:XX found first (1, 9) is not 7 1
INFO:root:6325:XX found first (5, 6) is not 6 1
INFO:root:6325:XX found first (9, 2) is not 7 1
INFO:root:6325:XX found first (5, 5) is not 4 1
INFO:root:6325:XX found first (9, 1) is not 2 1
INFO:root:6325:XX found first (5, 1) is not 1 1
INFO:root:6325:XX found first (8, 5) is not 3 1
INFO:root:6326:XX found first (2, 4) is not 1 1
INFO:root:6326:XX found first (2, 1) is not 8 1
INFO:root:6326:XX found first (5, 8) is not 1 1
INFO:root:6326:XX found first (7, 4) is not 4 1
INFO:root:6326:XX found first (6, 2) is not 7 1
INFO:root:6326:XX found first (4, 8) is not 9 1
INFO:root:6326:XX found first (5, 3) is not 1 1
INFO:root:6326:XX found first (1, 8) is not 8 1
INFO:root:6326:XX found first (4, 5) is not 1 1
INFO:root:6326:XX found first (6, 7) is not 3 1
INFO:root:6326:XX found first (1, 1) is not 2 1
INFO:root:6326:XX found first (9, 8) is not 8 1
INFO:root:6326:XX found first (4, 6) is not 5 1
INFO:root:6326:XX found first (3, 9) is not 8 1
INFO:root:6326:XX found first (4, 2) is not 7 1
INFO:root:6326:XX found first (3, 2) is not 5 1
INFO:root:6326:XX found first (6, 8) is not 8 1
INFO:root:6326:XX found first (7, 8) is not 4 1
INFO:root:6326:XX found first (2, 2) is not 5 1
INFO:root:6326:XX found first (8, 4) is not 1 1
INFO:root:6326:XX found first (1, 7) is not 5 1
INFO:root:6326:XX found first (8, 8) is not 2 1
INFO:root:6326:XX found first (4, 9) is not 7 1
INFO:root:6326:XX found first (9, 3) is not 3 1
INFO:root:6327:XX found first (7, 2) is not 5 1
INFO:root:6327:XX found first (2, 5) is not 8 1
INFO:root:6327:XX found first (3, 8) is not 4 1
INFO:root:6327:XX found first (9, 4) is not 4 1
INFO:root:6327:XX found first (3, 1) is not 1 1
INFO:root:6327:XX found first (1, 1) is not 6 1
INFO:root:6327:XX found first (5, 6) is not 9 1
INFO:root:6327:XX found first (4, 6) is not 4 1
INFO:root:6327:XX found first (6, 2) is not 6 1
INFO:root:6327:XX found first (7, 3) is not 2 1
INFO:root:6327:XX found first (9, 3) is not 4 1
INFO:root:6327:XX found first (5, 2) is not 2 1
INFO:root:6327:XX found first (3, 4) is not 5 1
INFO:root:6327:XX found first (4, 2) is not 1 1
INFO:root:6327:XX found first (6, 8) is not 5 1
INFO:root:6327:XX found first (7, 3) is not 6 1
INFO:root:6327:XX found first (6, 1) is not 9 1
INFO:root:6327:XX found first (2, 2) is not 4 1
INFO:root:6327:XX found first (9, 2) is not 5 1
INFO:root:6327:XX found first (3, 6) is not 7 1
INFO:root:6327:XX found first (4, 2) is not 3 1
INFO:root:6327:XX found first (8, 9) is not 4 1
INFO:root:6327:XX found first (9, 9) is not 8 1
INFO:root:6327:XX found first (1, 5) is not 8 1
INFO:root:6328:XX found first (3, 8) is not 8 1
INFO:root:6328:XX found first (2, 6) is not 8 1
INFO:root:6328:XX found first (3, 3) is not 4 1
INFO:root:6328:XX found first (3, 4) is not 3 1
INFO:root:6328:XX found first (7, 7) is not 4 1
INFO:root:6328:XX found first (4, 7) is not 6 1
INFO:root:6328:XX found first (1, 6) is not 2 1
INFO:root:6328:XX found first (6, 5) is not 8 1
INFO:root:6328:XX found first (8, 2) is not 5 1
INFO:root:6328:XX found first (4, 9) is not 1 1
INFO:root:6328:XX found first (5, 1) is not 4 1
INFO:root:6328:XX found first (2, 7) is not 1 1
INFO:root:6328:XX found first (8, 7) is not 4 1
INFO:root:6328:XX found first (7, 7) is not 6 1
INFO:root:6328:XX found first (8, 9) is not 2 1
INFO:root:6328:XX found first (6, 1) is not 2 1
INFO:root:6328:XX found first (2, 8) is not 2 1
INFO:root:6328:XX found first (7, 9) is not 4 1
INFO:root:6328:XX found first (7, 2) is not 2 1
INFO:root:6328:XX found first (1, 5) is not 4 1
INFO:root:6328:XX found first (3, 9) is not 3 1
INFO:root:6328:XX found first (7, 1) is not 8 1
INFO:root:6328:XX found first (4, 5) is not 2 1
INFO:root:6329:XX found first (6, 9) is not 3 1
INFO:root:6329:XX found first (8, 5) is not 5 1
INFO:root:6329:XX found first (3, 3) is not 3 1
INFO:root:6329:XX found first (4, 9) is not 3 1
INFO:root:6329:XX found first (7, 6) is not 4 1
INFO:root:6329:XX found first (8, 9) is not 8 1
INFO:root:6329:XX found first (2, 2) is not 6 1
INFO:root:6329:XX found first (1, 4) is not 2 1
INFO:root:6329:XX found first (1, 8) is not 4 1
INFO:root:6329:XX found first (1, 2) is not 1 1
INFO:root:6329:XX found first (9, 6) is not 6 1
INFO:root:6329:XX found first (8, 4) is not 2 1
INFO:root:6329:XX found first (1, 6) is not 8 1
INFO:root:6329:XX found first (4, 6) is not 6 1
INFO:root:6329:XX found first (5, 8) is not 6 1
INFO:root:6329:XX found first (1, 1) is not 3 1
INFO:root:6329:XX found first (9, 7) is not 8 1
INFO:root:6329:XX found first (5, 9) is not 9 1
INFO:root:6329:XX found first (1, 4) is not 8 1
INFO:root:6329:XX found first (4, 1) is not 3 1
INFO:root:6329:XX found first (4, 5) is not 4 1
INFO:root:6329:XX found first (1, 4) is not 6 1
INFO:root:6329:XX found first (3, 2) is not 1 1
INFO:root:6329:XX found first (9, 3) is not 2 1
INFO:root:6330:XX found first (1, 5) is not 9 1
INFO:root:6330:XX found first (1, 3) is not 2 1
INFO:root:6330:XX found first (7, 7) is not 1 1
INFO:root:6330:XX found first (7, 1) is not 2 1
INFO:root:6330:XX found first (8, 1) is not 8 1
INFO:root:6330:XX found first (5, 2) is not 4 1
INFO:root:6330:XX found first (4, 6) is not 1 1
INFO:root:6330:XX found first (5, 1) is not 2 1
INFO:root:6330:XX found first (6, 2) is not 9 1
INFO:root:6330:XX found first (2, 8) is not 4 1
INFO:root:6342:Early exit from checkSmall1
INFO:root:6408:Starting Step 2
INFO:root:6926:Current state [[[[8], [5], [1, 4, 6, 7], [3, 4, 7, 9], [2], [3, 4, 6, 7, 9], [4, 6, 7, 9], [1, 6, 9], [1, 4, 6, 9]], [[1, 4, 6, 7], [2], [1, 4, 6, 7], [4, 5, 7, 9], [4, 5, 7], [4, 6, 7, 9], [4, 5, 6, 7, 9], [1, 6, 8, 9], [3]], [[3, 4, 6, 7], [3, 6, 7], [9], [1], [3, 4, 5, 7], [8], [2, 4, 5, 6, 7], [6], [2, 4, 5, 6]], [[6, 7], [4], [2, 6, 7], [2, 3, 7, 9], [8], [2, 3, 7, 9], [1], [5], [6, 9]], [[5, 6, 7], [9], [5, 6, 7], [3, 4, 5, 7], [1], [3, 4, 7], [3, 4, 6], [2], [4, 6, 8]], [[1, 5], [8], [3], [2, 4, 5, 9], [6], [2, 4, 9], [4, 9], [7], [4, 9]], [[1, 3, 4, 7, 9], [1, 3, 7], [1, 4, 7], [6], [3, 4, 7], [5], [8], [1, 9], [1, 2, 9]], [[2], [1, 6, 7], [1, 4, 5, 6, 7, 8], [4, 7, 8], [4, 7], [1, 4, 7], [5, 6, 9], [3], [1, 5, 6, 9]], [[1, 3, 5, 6], [1, 3, 6], [1, 5, 6, 8], [2, 3, 8], [9], [1, 2, 3], [2, 5, 6], [4], [7]]]]
INFO:root:6926:Doing checkSmall1
INFO:root:6926:Getting tiny MUSes, distance 1, for 183 puzlits, 1 repeats
INFO:root:6962:Chunked 183 in [12, 12, 12, 12, 12, 12, 12, 11, 11, 11, 11, 11, 11, 11, 11, 11]
INFO:root:7009:XX found first (2, 8) is 8 1
INFO:root:7009:XX found first (5, 7) is 3 1
INFO:root:7009:XX found first (4, 3) is 2 1
INFO:root:7009:XX found first (7, 1) is 9 1
INFO:root:7009:XX found first (6, 1) is 1 1
INFO:root:7009:XX found first (7, 9) is 2 1
INFO:root:7010:XX found first (5, 9) is 8 1
INFO:root:7010:XX found first (3, 8) is 6 1
INFO:root:7022:Early exit from checkSmall1
INFO:root:7050:Starting Step 3
INFO:root:7569:Current state [[[[8], [5], [1, 4, 6, 7], [3, 4, 7, 9], [2], [3, 4, 6, 7, 9], [4, 6, 7, 9], [1, 6, 9], [1, 4, 6, 9]], [[1, 4, 6, 7], [2], [1, 4, 6, 7], [4, 5, 7, 9], [4, 5, 7], [4, 6, 7, 9], [4, 5, 6, 7, 9], [8], [3]], [[3, 4, 6, 7], [3, 6, 7], [9], [1], [3, 4, 5, 7], [8], [2, 4, 5, 6, 7], [6], [2, 4, 5, 6]], [[6, 7], [4], [2], [2, 3, 7, 9], [8], [2, 3, 7, 9], [1], [5], [6, 9]], [[5, 6, 7], [9], [5, 6, 7], [3, 4, 5, 7], [1], [3, 4, 7], [3], [2], [8]], [[1], [8], [3], [2, 4, 5, 9], [6], [2, 4, 9], [4, 9], [7], [4, 9]], [[9], [1, 3, 7], [1, 4, 7], [6], [3, 4, 7], [5], [8], [1, 9], [2]], [[2], [1, 6, 7], [1, 4, 5, 6, 7, 8], [4, 7, 8], [4, 7], [1, 4, 7], [5, 6, 9], [3], [1, 5, 6, 9]], [[1, 3, 5, 6], [1, 3, 6], [1, 5, 6, 8], [2, 3, 8], [9], [1, 2, 3], [2, 5, 6], [4], [7]]]]
INFO:root:7569:Doing checkSmall1
INFO:root:7569:Getting tiny MUSes, distance 1, for 175 puzlits, 1 repeats
INFO:root:7604:Chunked 175 in [11, 11, 11, 11, 11, 11, 11, 11, 11, 11, 11, 11, 11, 11, 11, 10]
INFO:root:7659:XX found first (3, 7) is not 6 1
INFO:root:7659:XX found first (7, 9) is not 9 1
INFO:root:7659:XX found first (2, 8) is not 9 1
INFO:root:7659:XX found first (1, 7) is not 6 1
INFO:root:7659:XX found first (3, 9) is not 6 1
INFO:root:7659:XX found first (7, 8) is not 9 1
INFO:root:7659:XX found first (2, 7) is not 6 1
INFO:root:7659:XX found first (4, 3) is not 6 1
INFO:root:7659:XX found first (5, 4) is not 3 1
INFO:root:7660:XX found first (4, 6) is not 2 1
INFO:root:7660:XX found first (7, 1) is not 1 1
INFO:root:7660:XX found first (3, 9) is not 2 1
INFO:root:7660:XX found first (5, 9) is not 4 1
INFO:root:7660:XX found first (5, 9) is not 6 1
INFO:root:7660:XX found first (9, 7) is not 2 1
INFO:root:7660:XX found first (3, 2) is not 6 1
INFO:root:7660:XX found first (4, 3) is not 7 1
INFO:root:7660:XX found first (6, 1) is not 5 1
INFO:root:7660:XX found first (3, 1) is not 6 1
INFO:root:7660:XX found first (5, 7) is not 6 1
INFO:root:7660:XX found first (7, 1) is not 3 1
INFO:root:7660:XX found first (5, 6) is not 3 1
INFO:root:7660:XX found first (5, 7) is not 4 1
INFO:root:7660:XX found first (1, 9) is not 6 1
INFO:root:7660:XX found first (2, 8) is not 6 1
INFO:root:7660:XX found first (7, 9) is not 1 1
INFO:root:7660:XX found first (7, 1) is not 7 1
INFO:root:7660:XX found first (4, 4) is not 2 1
INFO:root:7660:XX found first (1, 8) is not 6 1
INFO:root:7660:XX found first (2, 1) is not 1 1
INFO:root:7660:XX found first (2, 8) is not 1 1
INFO:root:7660:XX found first (7, 1) is not 4 1
INFO:root:7660:XX found first (9, 1) is not 1 1
INFO:root:7673:Early exit from checkSmall1
INFO:root:7684:Starting Step 4
INFO:root:8235:Current state [[[[8], [5], [1, 4, 6, 7], [3, 4, 7, 9], [2], [3, 4, 6, 7, 9], [4, 7, 9], [1, 9], [1, 4, 9]], [[4, 6, 7], [2], [1, 4, 6, 7], [4, 5, 7, 9], [4, 5, 7], [4, 6, 7, 9], [4, 5, 7, 9], [8], [3]], [[3, 4, 7], [3, 7], [9], [1], [3, 4, 5, 7], [8], [2, 4, 5, 7], [6], [4, 5]], [[6, 7], [4], [2], [3, 7, 9], [8], [3, 7, 9], [1], [5], [6, 9]], [[5, 6, 7], [9], [5, 6, 7], [4, 5, 7], [1], [4, 7], [3], [2], [8]], [[1], [8], [3], [2, 4, 5, 9], [6], [2, 4, 9], [4, 9], [7], [4, 9]], [[9], [1, 3, 7], [1, 4, 7], [6], [3, 4, 7], [5], [8], [1], [2]], [[2], [1, 6, 7], [1, 4, 5, 6, 7, 8], [4, 7, 8], [4, 7], [1, 4, 7], [5, 6, 9], [3], [1, 5, 6, 9]], [[3, 5, 6], [1, 3, 6], [1, 5, 6, 8], [2, 3, 8], [9], [1, 2, 3], [5, 6], [4], [7]]]]
INFO:root:8235:Doing checkSmall1
INFO:root:8235:Getting tiny MUSes, distance 1, for 142 puzlits, 1 repeats
INFO:root:8271:Chunked 142 in [9, 9, 9, 9, 9, 9, 9, 9, 9, 9, 9, 9, 9, 9, 8, 8]
INFO:root:8300:XX found first (6, 4) is 5 1
INFO:root:8300:XX found first (1, 8) is 9 1
INFO:root:8300:XX found first (7, 8) is 1 1
INFO:root:8300:XX found first (3, 7) is 2 1
INFO:root:8300:XX found first (4, 9) is 6 1
INFO:root:8300:XX found first (2, 3) is 1 1
INFO:root:8312:Early exit from checkSmall1
INFO:root:8336:Starting Step 5
INFO:root:8888:Current state [[[[8], [5], [1, 4, 6, 7], [3, 4, 7, 9], [2], [3, 4, 6, 7, 9], [4, 7, 9], [9], [1, 4, 9]], [[4, 6, 7], [2], [1], [4, 5, 7, 9], [4, 5, 7], [4, 6, 7, 9], [4, 5, 7, 9], [8], [3]], [[3, 4, 7], [3, 7], [9], [1], [3, 4, 5, 7], [8], [2], [6], [4, 5]], [[6, 7], [4], [2], [3, 7, 9], [8], [3, 7, 9], [1], [5], [6]], [[5, 6, 7], [9], [5, 6, 7], [4, 5, 7], [1], [4, 7], [3], [2], [8]], [[1], [8], [3], [5], [6], [2, 4, 9], [4, 9], [7], [4, 9]], [[9], [1, 3, 7], [1, 4, 7], [6], [3, 4, 7], [5], [8], [1], [2]], [[2], [1, 6, 7], [1, 4, 5, 6, 7, 8], [4, 7, 8], [4, 7], [1, 4, 7], [5, 6, 9], [3], [1, 5, 6, 9]], [[3, 5, 6], [1, 3, 6], [1, 5, 6, 8], [2, 3, 8], [9], [1, 2, 3], [5, 6], [4], [7]]]]
INFO:root:8888:Doing checkSmall1
INFO:root:8888:Getting tiny MUSes, distance 1, for 136 puzlits, 1 repeats
INFO:root:8923:Chunked 136 in [9, 9, 9, 9, 9, 9, 9, 9, 8, 8, 8, 8, 8, 8, 8, 8]
INFO:root:8969:XX found first (4, 1) is not 6 1
INFO:root:8969:XX found first (6, 4) is not 9 1
INFO:root:8969:XX found first (2, 3) is not 7 1
INFO:root:8969:XX found first (2, 3) is not 4 1
INFO:root:8969:XX found first (5, 4) is not 5 1
INFO:root:8969:XX found first (2, 7) is not 9 1
INFO:root:8969:XX found first (8, 3) is not 1 1
INFO:root:8969:XX found first (8, 9) is not 6 1
INFO:root:8969:XX found first (3, 7) is not 4 1
INFO:root:8969:XX found first (1, 4) is not 9 1
INFO:root:8969:XX found first (2, 3) is not 6 1
INFO:root:8969:XX found first (7, 3) is not 1 1
INFO:root:8969:XX found first (1, 3) is not 1 1
INFO:root:8969:XX found first (6, 4) is not 4 1
INFO:root:8969:XX found first (8, 9) is not 1 1
INFO:root:8970:XX found first (1, 8) is not 1 1
INFO:root:8970:XX found first (1, 7) is not 9 1
INFO:root:8970:XX found first (9, 3) is not 1 1
INFO:root:8970:XX found first (7, 2) is not 1 1
INFO:root:8970:XX found first (1, 6) is not 9 1
INFO:root:8970:XX found first (1, 9) is not 9 1
INFO:root:8970:XX found first (6, 4) is not 2 1
INFO:root:8970:XX found first (2, 4) is not 5 1
INFO:root:8970:XX found first (4, 9) is not 9 1
INFO:root:8970:XX found first (3, 7) is not 7 1
INFO:root:8970:XX found first (3, 7) is not 5 1
INFO:root:8982:Early exit from checkSmall1
INFO:root:8992:Starting Step 6
INFO:root:9568:Current state [[[[8], [5], [4, 6, 7], [3, 4, 7], [2], [3, 4, 6, 7], [4, 7], [9], [1, 4]], [[4, 6, 7], [2], [1], [4, 7, 9], [4, 5, 7], [4, 6, 7, 9], [4, 5, 7], [8], [3]], [[3, 4, 7], [3, 7], [9], [1], [3, 4, 5, 7], [8], [2], [6], [4, 5]], [[7], [4], [2], [3, 7, 9], [8], [3, 7, 9], [1], [5], [6]], [[5, 6, 7], [9], [5, 6, 7], [4, 7], [1], [4, 7], [3], [2], [8]], [[1], [8], [3], [5], [6], [2, 4, 9], [4, 9], [7], [4, 9]], [[9], [3, 7], [4, 7], [6], [3, 4, 7], [5], [8], [1], [2]], [[2], [1, 6, 7], [4, 5, 6, 7, 8], [4, 7, 8], [4, 7], [1, 4, 7], [5, 6, 9], [3], [5, 9]], [[3, 5, 6], [1, 3, 6], [5, 6, 8], [2, 3, 8], [9], [1, 2, 3], [5, 6], [4], [7]]]]
INFO:root:9568:Doing checkSmall1
INFO:root:9568:Getting tiny MUSes, distance 1, for 110 puzlits, 1 repeats
INFO:root:9604:Chunked 110 in [7, 7, 7, 7, 7, 7, 7, 7, 7, 7, 7, 7, 7, 7, 6, 6]
INFO:root:9628:XX found first (6, 6) is 2 1
INFO:root:9628:XX found first (4, 1) is 7 1
INFO:root:9628:XX found first (9, 4) is 2 1
INFO:root:9628:XX found first (1, 9) is 1 1
INFO:root:9640:Early exit from checkSmall1
INFO:root:9658:Starting Step 7
INFO:root:10232:Current state [[[[8], [5], [4, 6, 7], [3, 4, 7], [2], [3, 4, 6, 7], [4, 7], [9], [1]], [[4, 6, 7], [2], [1], [4, 7, 9], [4, 5, 7], [4, 6, 7, 9], [4, 5, 7], [8], [3]], [[3, 4, 7], [3, 7], [9], [1], [3, 4, 5, 7], [8], [2], [6], [4, 5]], [[7], [4], [2], [3, 7, 9], [8], [3, 7, 9], [1], [5], [6]], [[5, 6, 7], [9], [5, 6, 7], [4, 7], [1], [4, 7], [3], [2], [8]], [[1], [8], [3], [5], [6], [2], [4, 9], [7], [4, 9]], [[9], [3, 7], [4, 7], [6], [3, 4, 7], [5], [8], [1], [2]], [[2], [1, 6, 7], [4, 5, 6, 7, 8], [4, 7, 8], [4, 7], [1, 4, 7], [5, 6, 9], [3], [5, 9]], [[3, 5, 6], [1, 3, 6], [5, 6, 8], [2], [9], [1, 2, 3], [5, 6], [4], [7]]]]
INFO:root:10232:Doing checkSmall1
INFO:root:10232:Getting tiny MUSes, distance 1, for 106 puzlits, 1 repeats
INFO:root:10268:Chunked 106 in [7, 7, 7, 7, 7, 7, 7, 7, 7, 7, 6, 6, 6, 6, 6, 6]
INFO:root:10303:XX found first (5, 1) is not 7 1
INFO:root:10303:XX found first (4, 4) is not 7 1
INFO:root:10303:XX found first (9, 4) is not 8 1
INFO:root:10303:XX found first (3, 1) is not 7 1
INFO:root:10303:XX found first (5, 3) is not 7 1
INFO:root:10304:XX found first (6, 6) is not 9 1
INFO:root:10304:XX found first (9, 4) is not 3 1
INFO:root:10304:XX found first (1, 9) is not 4 1
INFO:root:10304:XX found first (2, 1) is not 7 1
INFO:root:10304:XX found first (6, 6) is not 4 1
INFO:root:10304:XX found first (9, 6) is not 2 1
INFO:root:10304:XX found first (4, 6) is not 7 1
INFO:root:10316:Early exit from checkSmall1
INFO:root:10325:Starting Step 8
INFO:root:10903:Current state [[[[8], [5], [4, 6, 7], [3, 4, 7], [2], [3, 4, 6, 7], [4, 7], [9], [1]], [[4, 6], [2], [1], [4, 7, 9], [4, 5, 7], [4, 6, 7, 9], [4, 5, 7], [8], [3]], [[3, 4], [3, 7], [9], [1], [3, 4, 5, 7], [8], [2], [6], [4, 5]], [[7], [4], [2], [3, 9], [8], [3, 9], [1], [5], [6]], [[5, 6], [9], [5, 6], [4, 7], [1], [4, 7], [3], [2], [8]], [[1], [8], [3], [5], [6], [2], [4, 9], [7], [4, 9]], [[9], [3, 7], [4, 7], [6], [3, 4, 7], [5], [8], [1], [2]], [[2], [1, 6, 7], [4, 5, 6, 7, 8], [4, 7, 8], [4, 7], [1, 4, 7], [5, 6, 9], [3], [5, 9]], [[3, 5, 6], [1, 3, 6], [5, 6, 8], [2], [9], [1, 3], [5, 6], [4], [7]]]]
INFO:root:10903:Doing checkSmall1
INFO:root:10903:Getting tiny MUSes, distance 1, for 94 puzlits, 1 repeats
INFO:root:10938:Chunked 94 in [6, 6, 6, 6, 6, 6, 6, 6, 6, 6, 6, 6, 6, 6, 5, 5]
INFO:root:10962:XX found first (9, 3) is 8 1
INFO:root:10963:XX found first (8, 4) is 8 1
INFO:root:10974:Early exit from checkSmall1
INFO:root:10990:Starting Step 9
INFO:root:11570:Current state [[[[8], [5], [4, 6, 7], [3, 4, 7], [2], [3, 4, 6, 7], [4, 7], [9], [1]], [[4, 6], [2], [1], [4, 7, 9], [4, 5, 7], [4, 6, 7, 9], [4, 5, 7], [8], [3]], [[3, 4], [3, 7], [9], [1], [3, 4, 5, 7], [8], [2], [6], [4, 5]], [[7], [4], [2], [3, 9], [8], [3, 9], [1], [5], [6]], [[5, 6], [9], [5, 6], [4, 7], [1], [4, 7], [3], [2], [8]], [[1], [8], [3], [5], [6], [2], [4, 9], [7], [4, 9]], [[9], [3, 7], [4, 7], [6], [3, 4, 7], [5], [8], [1], [2]], [[2], [1, 6, 7], [4, 5, 6, 7, 8], [8], [4, 7], [1, 4, 7], [5, 6, 9], [3], [5, 9]], [[3, 5, 6], [1, 3, 6], [8], [2], [9], [1, 3], [5, 6], [4], [7]]]]
INFO:root:11570:Doing checkSmall1
INFO:root:11570:Getting tiny MUSes, distance 1, for 92 puzlits, 1 repeats
INFO:root:11605:Chunked 92 in [6, 6, 6, 6, 6, 6, 6, 6, 6, 6, 6, 6, 5, 5, 5, 5]
INFO:root:11626:XX found first (8, 4) is not 7 1
INFO:root:11626:XX found first (8, 4) is not 4 1
INFO:root:11627:XX found first (9, 3) is not 6 1
INFO:root:11627:XX found first (9, 3) is not 5 1
INFO:root:11627:XX found first (8, 3) is not 8 1
INFO:root:11638:Early exit from checkSmall1
INFO:root:11647:Starting Step 10
INFO:root:12230:Current state [[[[8], [5], [4, 6, 7], [3, 4, 7], [2], [3, 4, 6, 7], [4, 7], [9], [1]], [[4, 6], [2], [1], [4, 7, 9], [4, 5, 7], [4, 6, 7, 9], [4, 5, 7], [8], [3]], [[3, 4], [3, 7], [9], [1], [3, 4, 5, 7], [8], [2], [6], [4, 5]], [[7], [4], [2], [3, 9], [8], [3, 9], [1], [5], [6]], [[5, 6], [9], [5, 6], [4, 7], [1], [4, 7], [3], [2], [8]], [[1], [8], [3], [5], [6], [2], [4, 9], [7], [4, 9]], [[9], [3, 7], [4, 7], [6], [3, 4, 7], [5], [8], [1], [2]], [[2], [1, 6, 7], [4, 5, 6, 7], [8], [4, 7], [1, 4, 7], [5, 6, 9], [3], [5, 9]], [[3, 5, 6], [1, 3, 6], [8], [2], [9], [1, 3], [5, 6], [4], [7]]]]
INFO:root:12230:Doing checkSmall1
INFO:root:12231:Getting tiny MUSes, distance 1, for 87 puzlits, 1 repeats
INFO:root:12265:Chunked 87 in [6, 6, 6, 6, 6, 6, 6, 5, 5, 5, 5, 5, 5, 5, 5, 5]
INFO:root:12335:Considering 100 * 87 jobs for minsize=3
INFO:root:12352:Chunked 8700 in [544, 544, 544, 544, 544, 544, 544, 544, 544, 544, 544, 544, 543, 543, 543, 543]
INFO:root:208621:Considering 100 * 87 jobs for minsize=4
INFO:root:208637:Chunked 8700 in [544, 544, 544, 544, 544, 544, 544, 544, 544, 544, 544, 544, 543, 543, 543, 543]
INFO:root:464043:!! Found smaller !!!! 3 4
INFO:root:464044:XX found first (3, 5) is not 3 3
INFO:root:464044:!! Found smaller !!!! 3 4
INFO:root:464044:XX found first (9, 1) is not 6 3
INFO:root:464044:!! Found smaller !!!! 3 4
INFO:root:464044:XX found first (1, 3) is not 4 3
INFO:root:464044:!! Found smaller !!!! 3 4
INFO:root:464044:XX add new best (1, 3) is not 4 3 3
INFO:root:464044:!! Found smaller !!!! 3 4
INFO:root:464044:XX add new best (1, 3) is not 4 3 3
INFO:root:464044:!! Found smaller !!!! 3 4
INFO:root:464044:XX found first (8, 3) is not 6 3
INFO:root:464044:!! Found smaller !!!! 3 4
INFO:root:464044:XX add new best (3, 5) is not 3 3 3
INFO:root:464044:!! Found smaller !!!! 3 4
INFO:root:464044:XX add new best (3, 5) is not 3 3 3
INFO:root:464044:!! Found smaller !!!! 3 4
INFO:root:464044:XX add new best (9, 1) is not 6 3 3
INFO:root:464045:!! Found smaller !!!! 3 4
INFO:root:464045:XX add new best (3, 5) is not 3 3 3
INFO:root:464045:!! Found smaller !!!! 3 4
INFO:root:464045:XX add new best (1, 3) is not 4 3 3
INFO:root:464045:!! Found smaller !!!! 3 4
INFO:root:464045:XX add new best (8, 3) is not 6 3 3
INFO:root:464045:!! Found smaller !!!! 3 4
INFO:root:464045:XX add new best (3, 5) is not 3 3 3
INFO:root:464045:!! Found smaller !!!! 3 4
INFO:root:464045:XX add new best (9, 1) is not 6 3 3
INFO:root:464045:!! Found smaller !!!! 3 4
INFO:root:464045:XX add new best (3, 5) is not 3 3 3
INFO:root:464045:!! Found smaller !!!! 3 4
INFO:root:464045:XX add new best (8, 3) is not 6 3 3
INFO:root:464045:!! Found smaller !!!! 3 4
INFO:root:464045:XX add new best (9, 1) is not 6 3 3
INFO:root:464045:!! Found smaller !!!! 3 4
INFO:root:464045:XX add new best (3, 5) is not 3 3 3
INFO:root:464045:!! Found smaller !!!! 3 4
INFO:root:464045:XX add new best (3, 5) is not 3 3 3
INFO:root:464046:!! Found smaller !!!! 3 4
INFO:root:464046:XX add new best (1, 3) is not 4 3 3
INFO:root:464046:!! Found smaller !!!! 3 4
INFO:root:464046:XX add new best (8, 3) is not 6 3 3
INFO:root:464046:!! Found smaller !!!! 3 4
INFO:root:464046:XX add new best (3, 5) is not 3 3 3
INFO:root:464046:!! Found smaller !!!! 3 4
INFO:root:464046:XX add new best (3, 5) is not 3 3 3
INFO:root:464046:!! Found smaller !!!! 3 4
INFO:root:464046:XX add new best (1, 3) is not 4 3 3
INFO:root:464046:!! Found smaller !!!! 3 4
INFO:root:464046:XX add new best (1, 3) is not 4 3 3
INFO:root:464046:!! Found smaller !!!! 3 4
INFO:root:464046:XX add new best (1, 3) is not 4 3 3
INFO:root:464046:!! Found smaller !!!! 3 4
INFO:root:464046:XX add new best (3, 5) is not 3 3 3
INFO:root:464046:!! Found smaller !!!! 3 4
INFO:root:464046:XX add new best (1, 3) is not 4 3 3
INFO:root:464047:!! Found smaller !!!! 3 4
INFO:root:464047:XX add new best (1, 3) is not 4 3 3
INFO:root:464047:!! Found smaller !!!! 3 4
INFO:root:464047:XX add new best (3, 5) is not 3 3 3
INFO:root:464047:!! Found smaller !!!! 3 4
INFO:root:464047:XX add new best (8, 3) is not 6 3 3
INFO:root:464047:!! Found smaller !!!! 3 4
INFO:root:464047:XX add new best (3, 5) is not 3 3 3
INFO:root:464047:!! Found smaller !!!! 3 4
INFO:root:464047:XX add new best (9, 1) is not 6 3 3
INFO:root:464047:!! Found smaller !!!! 3 4
INFO:root:464047:XX add new best (9, 1) is not 6 3 3
INFO:root:464047:!! Found smaller !!!! 3 4
INFO:root:464047:XX add new best (8, 3) is not 6 3 3
INFO:root:464047:!! Found smaller !!!! 3 4
INFO:root:464047:XX add new best (3, 5) is not 3 3 3
INFO:root:464047:!! Found smaller !!!! 3 4
INFO:root:464047:XX add new best (1, 3) is not 4 3 3
INFO:root:464047:!! Found smaller !!!! 3 4
INFO:root:464048:XX add new best (8, 3) is not 6 3 3
INFO:root:464048:!! Found smaller !!!! 3 4
INFO:root:464048:XX add new best (3, 5) is not 3 3 3
INFO:root:464048:!! Found smaller !!!! 3 4
INFO:root:464048:XX add new best (8, 3) is not 6 3 3
INFO:root:464048:!! Found smaller !!!! 3 4
INFO:root:464048:XX add new best (9, 1) is not 6 3 3
INFO:root:464048:!! Found smaller !!!! 3 4
INFO:root:464048:XX add new best (1, 3) is not 4 3 3
INFO:root:464048:!! Found smaller !!!! 3 4
INFO:root:464048:XX add new best (1, 3) is not 4 3 3
INFO:root:464048:!! Found smaller !!!! 3 4
INFO:root:464048:XX add new best (3, 5) is not 3 3 3
INFO:root:464048:!! Found smaller !!!! 3 4
INFO:root:464048:XX add new best (1, 3) is not 4 3 3
INFO:root:464048:!! Found smaller !!!! 3 4
INFO:root:464048:XX add new best (9, 1) is not 6 3 3
INFO:root:464048:!! Found smaller !!!! 3 4
INFO:root:464049:XX add new best (9, 1) is not 6 3 3
INFO:root:464049:!! Found smaller !!!! 3 4
INFO:root:464049:XX add new best (8, 3) is not 6 3 3
INFO:root:464049:!! Found smaller !!!! 3 4
INFO:root:464049:XX add new best (9, 1) is not 6 3 3
INFO:root:464049:!! Found smaller !!!! 3 4
INFO:root:464049:XX add new best (8, 3) is not 6 3 3
INFO:root:464049:!! Found smaller !!!! 3 4
INFO:root:464049:XX add new best (3, 5) is not 3 3 3
INFO:root:464049:!! Found smaller !!!! 3 4
INFO:root:464049:XX add new best (9, 1) is not 6 3 3
INFO:root:464049:!! Found smaller !!!! 3 4
INFO:root:464049:XX add new best (1, 3) is not 4 3 3
INFO:root:464049:!! Found smaller !!!! 3 4
INFO:root:464049:XX add new best (8, 3) is not 6 3 3
INFO:root:464049:!! Found smaller !!!! 3 4
INFO:root:464049:XX add new best (3, 5) is not 3 3 3
INFO:root:464049:!! Found smaller !!!! 3 4
INFO:root:464049:XX add new best (1, 3) is not 4 3 3
INFO:root:464050:!! Found smaller !!!! 3 4
INFO:root:464050:XX add new best (9, 1) is not 6 3 3
INFO:root:464050:!! Found smaller !!!! 3 4
INFO:root:464050:XX add new best (9, 1) is not 6 3 3
INFO:root:464050:!! Found smaller !!!! 3 4
INFO:root:464050:XX add new best (1, 3) is not 4 3 3
INFO:root:464050:!! Found smaller !!!! 3 4
INFO:root:464050:XX add new best (1, 3) is not 4 3 3
INFO:root:464050:!! Found smaller !!!! 3 4
INFO:root:464050:XX add new best (1, 3) is not 4 3 3
INFO:root:464050:!! Found smaller !!!! 3 4
INFO:root:464050:XX add new best (1, 3) is not 4 3 3
INFO:root:464050:!! Found smaller !!!! 3 4
INFO:root:464050:XX add new best (8, 3) is not 6 3 3
INFO:root:464050:!! Found smaller !!!! 3 4
INFO:root:464050:XX add new best (3, 5) is not 3 3 3
INFO:root:464050:!! Found smaller !!!! 3 4
INFO:root:464050:XX add new best (8, 3) is not 6 3 3
INFO:root:464050:!! Found smaller !!!! 3 4
INFO:root:464051:XX add new best (3, 5) is not 3 3 3
INFO:root:464051:!! Found smaller !!!! 3 4
INFO:root:464051:XX add new best (3, 5) is not 3 3 3
INFO:root:464051:!! Found smaller !!!! 3 4
INFO:root:464051:XX add new best (8, 3) is not 6 3 3
INFO:root:464051:!! Found smaller !!!! 3 4
INFO:root:464051:XX add new best (1, 3) is not 4 3 3
INFO:root:464051:!! Found smaller !!!! 3 4
INFO:root:464051:XX add new best (9, 1) is not 6 3 3
INFO:root:464051:!! Found smaller !!!! 3 4
INFO:root:464051:XX add new best (9, 1) is not 6 3 3
INFO:root:464051:!! Found smaller !!!! 3 4
INFO:root:464051:XX add new best (3, 5) is not 3 3 3
INFO:root:464051:!! Found smaller !!!! 3 4
INFO:root:464051:XX add new best (3, 5) is not 3 3 3
INFO:root:464051:!! Found smaller !!!! 3 4
INFO:root:464051:XX add new best (1, 3) is not 4 3 3
INFO:root:464051:!! Found smaller !!!! 3 4
INFO:root:464052:XX add new best (3, 5) is not 3 3 3
INFO:root:464052:!! Found smaller !!!! 3 4
INFO:root:464052:XX add new best (8, 3) is not 6 3 3
INFO:root:464052:!! Found smaller !!!! 3 4
INFO:root:464052:XX add new best (8, 3) is not 6 3 3
INFO:root:464052:!! Found smaller !!!! 3 4
INFO:root:464052:XX add new best (1, 3) is not 4 3 3
INFO:root:464052:!! Found smaller !!!! 3 4
INFO:root:464052:XX add new best (1, 3) is not 4 3 3
INFO:root:464052:!! Found smaller !!!! 3 4
INFO:root:464052:XX add new best (1, 3) is not 4 3 3
INFO:root:464052:!! Found smaller !!!! 3 4
INFO:root:464052:XX add new best (8, 3) is not 6 3 3
INFO:root:464052:!! Found smaller !!!! 3 4
INFO:root:464052:XX add new best (3, 5) is not 3 3 3
INFO:root:464052:!! Found smaller !!!! 3 4
INFO:root:464052:XX add new best (3, 5) is not 3 3 3
INFO:root:464052:!! Found smaller !!!! 3 4
INFO:root:464053:XX add new best (8, 3) is not 6 3 3
INFO:root:464053:!! Found smaller !!!! 3 4
INFO:root:464053:XX add new best (8, 3) is not 6 3 3
INFO:root:464053:!! Found smaller !!!! 3 4
INFO:root:464053:XX add new best (3, 5) is not 3 3 3
INFO:root:464053:!! Found smaller !!!! 3 4
INFO:root:464053:XX add new best (1, 3) is not 4 3 3
INFO:root:464053:!! Found smaller !!!! 3 4
INFO:root:464053:XX add new best (3, 5) is not 3 3 3
INFO:root:464053:!! Found smaller !!!! 3 4
INFO:root:464053:XX add new best (1, 3) is not 4 3 3
INFO:root:464053:!! Found smaller !!!! 3 4
INFO:root:464053:XX add new best (1, 3) is not 4 3 3
INFO:root:464053:!! Found smaller !!!! 3 4
INFO:root:464053:XX add new best (8, 3) is not 6 3 3
INFO:root:464053:!! Found smaller !!!! 3 4
INFO:root:464053:XX add new best (1, 3) is not 4 3 3
INFO:root:464053:!! Found smaller !!!! 3 4
INFO:root:464053:XX add new best (3, 5) is not 3 3 3
INFO:root:464054:!! Found smaller !!!! 3 4
INFO:root:464054:XX add new best (1, 3) is not 4 3 3
INFO:root:464054:!! Found smaller !!!! 3 4
INFO:root:464054:XX add new best (3, 5) is not 3 3 3
INFO:root:464054:!! Found smaller !!!! 3 4
INFO:root:464054:XX add new best (3, 5) is not 3 3 3
INFO:root:464054:!! Found smaller !!!! 3 4
INFO:root:464054:XX add new best (3, 5) is not 3 3 3
INFO:root:464054:!! Found smaller !!!! 3 4
INFO:root:464054:XX add new best (8, 3) is not 6 3 3
INFO:root:464054:!! Found smaller !!!! 3 4
INFO:root:464054:XX add new best (1, 3) is not 4 3 3
INFO:root:464054:!! Found smaller !!!! 3 4
INFO:root:464054:XX add new best (3, 5) is not 3 3 3
INFO:root:464054:!! Found smaller !!!! 3 4
INFO:root:464054:XX add new best (9, 1) is not 6 3 3
INFO:root:464054:!! Found smaller !!!! 3 4
INFO:root:464054:XX add new best (3, 5) is not 3 3 3
INFO:root:464055:!! Found smaller !!!! 3 4
INFO:root:464055:XX add new best (3, 5) is not 3 3 3
INFO:root:464055:!! Found smaller !!!! 3 4
INFO:root:464055:XX add new best (8, 3) is not 6 3 3
INFO:root:464055:!! Found smaller !!!! 3 4
INFO:root:464055:XX add new best (1, 3) is not 4 3 3
INFO:root:464055:!! Found smaller !!!! 3 4
INFO:root:464055:XX add new best (9, 1) is not 6 3 3
INFO:root:464055:!! Found smaller !!!! 3 4
INFO:root:464055:XX add new best (8, 3) is not 6 3 3
INFO:root:464055:!! Found smaller !!!! 3 4
INFO:root:464055:XX add new best (3, 5) is not 3 3 3
INFO:root:464055:!! Found smaller !!!! 3 4
INFO:root:464055:XX add new best (3, 5) is not 3 3 3
INFO:root:464055:!! Found smaller !!!! 3 4
INFO:root:464055:XX add new best (8, 3) is not 6 3 3
INFO:root:464055:!! Found smaller !!!! 3 4
INFO:root:464055:XX add new best (1, 3) is not 4 3 3
INFO:root:464055:!! Found smaller !!!! 3 4
INFO:root:464056:XX add new best (3, 5) is not 3 3 3
INFO:root:464056:!! Found smaller !!!! 3 4
INFO:root:464056:XX add new best (8, 3) is not 6 3 3
INFO:root:464056:!! Found smaller !!!! 3 4
INFO:root:464056:XX add new best (3, 5) is not 3 3 3
INFO:root:464056:!! Found smaller !!!! 3 4
INFO:root:464056:XX add new best (8, 3) is not 6 3 3
INFO:root:464056:!! Found smaller !!!! 3 4
INFO:root:464056:XX add new best (1, 3) is not 4 3 3
INFO:root:464056:!! Found smaller !!!! 3 4
INFO:root:464056:XX add new best (1, 3) is not 4 3 3
INFO:root:464056:!! Found smaller !!!! 3 4
INFO:root:464056:XX add new best (9, 1) is not 6 3 3
INFO:root:464056:!! Found smaller !!!! 3 4
INFO:root:464056:XX add new best (3, 5) is not 3 3 3
INFO:root:464056:!! Found smaller !!!! 3 4
INFO:root:464056:XX add new best (1, 3) is not 4 3 3
INFO:root:464056:!! Found smaller !!!! 3 4
INFO:root:464057:XX add new best (3, 5) is not 3 3 3
INFO:root:464057:!! Found smaller !!!! 3 4
INFO:root:464057:XX add new best (8, 3) is not 6 3 3
INFO:root:464057:!! Found smaller !!!! 3 4
INFO:root:464057:XX add new best (1, 3) is not 4 3 3
INFO:root:464057:!! Found smaller !!!! 3 4
INFO:root:464057:XX add new best (1, 3) is not 4 3 3
INFO:root:464057:!! Found smaller !!!! 3 4
INFO:root:464057:XX add new best (3, 5) is not 3 3 3
INFO:root:464057:!! Found smaller !!!! 3 4
INFO:root:464057:XX add new best (8, 3) is not 6 3 3
INFO:root:464057:!! Found smaller !!!! 3 4
INFO:root:464057:XX add new best (8, 3) is not 6 3 3
INFO:root:464057:!! Found smaller !!!! 3 4
INFO:root:464057:XX add new best (3, 5) is not 3 3 3
INFO:root:464057:!! Found smaller !!!! 3 4
INFO:root:464057:XX add new best (9, 1) is not 6 3 3
INFO:root:464057:!! Found smaller !!!! 3 4
INFO:root:464058:XX add new best (3, 5) is not 3 3 3
INFO:root:464058:!! Found smaller !!!! 3 4
INFO:root:464058:XX add new best (1, 3) is not 4 3 3
INFO:root:464058:!! Found smaller !!!! 3 4
INFO:root:464058:XX add new best (3, 5) is not 3 3 3
INFO:root:464058:!! Found smaller !!!! 3 4
INFO:root:464058:XX add new best (3, 5) is not 3 3 3
INFO:root:464058:!! Found smaller !!!! 3 4
INFO:root:464058:XX add new best (3, 5) is not 3 3 3
INFO:root:464058:!! Found smaller !!!! 3 4
INFO:root:464058:XX add new best (1, 3) is not 4 3 3
INFO:root:464058:!! Found smaller !!!! 3 4
INFO:root:464058:XX add new best (1, 3) is not 4 3 3
INFO:root:464058:!! Found smaller !!!! 3 4
INFO:root:464058:XX add new best (9, 1) is not 6 3 3
INFO:root:464058:!! Found smaller !!!! 3 4
INFO:root:464058:XX add new best (1, 3) is not 4 3 3
INFO:root:464058:!! Found smaller !!!! 3 4
INFO:root:464059:XX add new best (8, 3) is not 6 3 3
INFO:root:464059:!! Found smaller !!!! 3 4
INFO:root:464059:XX add new best (9, 1) is not 6 3 3
INFO:root:464059:!! Found smaller !!!! 3 4
INFO:root:464059:XX add new best (9, 1) is not 6 3 3
INFO:root:464059:!! Found smaller !!!! 3 4
INFO:root:464059:XX add new best (3, 5) is not 3 3 3
INFO:root:464059:!! Found smaller !!!! 3 4
INFO:root:464059:XX add new best (1, 3) is not 4 3 3
INFO:root:464059:!! Found smaller !!!! 3 4
INFO:root:464059:XX add new best (9, 1) is not 6 3 3
INFO:root:464059:!! Found smaller !!!! 3 4
INFO:root:464059:XX add new best (1, 3) is not 4 3 3
INFO:root:464059:!! Found smaller !!!! 3 4
INFO:root:464059:XX add new best (3, 5) is not 3 3 3
INFO:root:464059:!! Found smaller !!!! 3 4
INFO:root:464059:XX add new best (8, 3) is not 6 3 3
INFO:root:464217:Minimal choices : 4 [(1, 3) is not 4, (3, 5) is not 3, (8, 3) is not 6, (9, 1) is not 6]
INFO:root:464218:Starting Step 11
INFO:root:464801:Current state [[[[8], [5], [4, 6, 7], [3, 4, 7], [2], [3, 4, 6, 7], [4, 7], [9], [1]], [[4, 6], [2], [1], [4, 7, 9], [4, 5, 7], [4, 6, 7, 9], [4, 5, 7], [8], [3]], [[3, 4], [3, 7], [9], [1], [4, 5, 7], [8], [2], [6], [4, 5]], [[7], [4], [2], [3, 9], [8], [3, 9], [1], [5], [6]], [[5, 6], [9], [5, 6], [4, 7], [1], [4, 7], [3], [2], [8]], [[1], [8], [3], [5], [6], [2], [4, 9], [7], [4, 9]], [[9], [3, 7], [4, 7], [6], [3, 4, 7], [5], [8], [1], [2]], [[2], [1, 6, 7], [4, 5, 6, 7], [8], [4, 7], [1, 4, 7], [5, 6, 9], [3], [5, 9]], [[3, 5, 6], [1, 3, 6], [8], [2], [9], [1, 3], [5, 6], [4], [7]]]]
INFO:root:464801:Doing checkSmall1
INFO:root:464801:Getting tiny MUSes, distance 1, for 86 puzlits, 1 repeats
INFO:root:464838:Chunked 86 in [6, 6, 6, 6, 6, 6, 5, 5, 5, 5, 5, 5, 5, 5, 5, 5]
INFO:root:464864:XX found first (7, 5) is 3 1
INFO:root:464876:Early exit from checkSmall1
INFO:root:464889:Starting Step 12
INFO:root:465474:Current state [[[[8], [5], [4, 6, 7], [3, 4, 7], [2], [3, 4, 6, 7], [4, 7], [9], [1]], [[4, 6], [2], [1], [4, 7, 9], [4, 5, 7], [4, 6, 7, 9], [4, 5, 7], [8], [3]], [[3, 4], [3, 7], [9], [1], [4, 5, 7], [8], [2], [6], [4, 5]], [[7], [4], [2], [3, 9], [8], [3, 9], [1], [5], [6]], [[5, 6], [9], [5, 6], [4, 7], [1], [4, 7], [3], [2], [8]], [[1], [8], [3], [5], [6], [2], [4, 9], [7], [4, 9]], [[9], [3, 7], [4, 7], [6], [3], [5], [8], [1], [2]], [[2], [1, 6, 7], [4, 5, 6, 7], [8], [4, 7], [1, 4, 7], [5, 6, 9], [3], [5, 9]], [[3, 5, 6], [1, 3, 6], [8], [2], [9], [1, 3], [5, 6], [4], [7]]]]
INFO:root:465474:Doing checkSmall1
INFO:root:465474:Getting tiny MUSes, distance 1, for 85 puzlits, 1 repeats
INFO:root:465511:Chunked 85 in [6, 6, 6, 6, 6, 5, 5, 5, 5, 5, 5, 5, 5, 5, 5, 5]
INFO:root:465537:XX found first (7, 2) is not 3 1
INFO:root:465537:XX found first (7, 5) is not 4 1
INFO:root:465537:XX found first (9, 6) is not 3 1
INFO:root:465537:XX found first (7, 5) is not 7 1
INFO:root:465549:Early exit from checkSmall1
INFO:root:465558:Starting Step 13
INFO:root:466142:Current state [[[[8], [5], [4, 6, 7], [3, 4, 7], [2], [3, 4, 6, 7], [4, 7], [9], [1]], [[4, 6], [2], [1], [4, 7, 9], [4, 5, 7], [4, 6, 7, 9], [4, 5, 7], [8], [3]], [[3, 4], [3, 7], [9], [1], [4, 5, 7], [8], [2], [6], [4, 5]], [[7], [4], [2], [3, 9], [8], [3, 9], [1], [5], [6]], [[5, 6], [9], [5, 6], [4, 7], [1], [4, 7], [3], [2], [8]], [[1], [8], [3], [5], [6], [2], [4, 9], [7], [4, 9]], [[9], [7], [4, 7], [6], [3], [5], [8], [1], [2]], [[2], [1, 6, 7], [4, 5, 6, 7], [8], [4, 7], [1, 4, 7], [5, 6, 9], [3], [5, 9]], [[3, 5, 6], [1, 3, 6], [8], [2], [9], [1], [5, 6], [4], [7]]]]
INFO:root:466142:Doing checkSmall1
INFO:root:466142:Getting tiny MUSes, distance 1, for 81 puzlits, 1 repeats
INFO:root:466178:Chunked 81 in [6, 5, 5, 5, 5, 5, 5, 5, 5, 5, 5, 5, 5, 5, 5, 5]
INFO:root:466202:XX found first (7, 2) is 7 1
INFO:root:466202:XX found first (7, 3) is 4 1
INFO:root:466203:XX found first (9, 6) is 1 1
INFO:root:466215:Early exit from checkSmall1
INFO:root:466235:Starting Step 14
INFO:root:466821:Current state [[[[8], [5], [4, 6, 7], [3, 4, 7], [2], [3, 4, 6, 7], [4, 7], [9], [1]], [[4, 6], [2], [1], [4, 7, 9], [4, 5, 7], [4, 6, 7, 9], [4, 5, 7], [8], [3]], [[3, 4], [3, 7], [9], [1], [4, 5, 7], [8], [2], [6], [4, 5]], [[7], [4], [2], [3, 9], [8], [3, 9], [1], [5], [6]], [[5, 6], [9], [5, 6], [4, 7], [1], [4, 7], [3], [2], [8]], [[1], [8], [3], [5], [6], [2], [4, 9], [7], [4, 9]], [[9], [7], [4], [6], [3], [5], [8], [1], [2]], [[2], [1, 6, 7], [4, 5, 6, 7], [8], [4, 7], [1, 4, 7], [5, 6, 9], [3], [5, 9]], [[3, 5, 6], [1, 3, 6], [8], [2], [9], [1], [5, 6], [4], [7]]]]
INFO:root:466821:Doing checkSmall1
INFO:root:466821:Getting tiny MUSes, distance 1, for 78 puzlits, 1 repeats
INFO:root:466857:Chunked 78 in [5, 5, 5, 5, 5, 5, 5, 5, 5, 5, 5, 5, 5, 5, 4, 4]
INFO:root:466884:XX found first (9, 2) is not 1 1
INFO:root:466884:XX found first (8, 3) is not 7 1
INFO:root:466884:XX found first (8, 2) is not 7 1
INFO:root:466885:XX found first (3, 2) is not 7 1
INFO:root:466885:XX found first (8, 6) is not 1 1
INFO:root:466885:XX found first (7, 3) is not 7 1
INFO:root:466885:XX found first (8, 3) is not 4 1
INFO:root:466885:XX found first (1, 3) is not 4 1
INFO:root:466897:Early exit from checkSmall1
INFO:root:466906:Starting Step 15
INFO:root:467498:Current state [[[[8], [5], [6, 7], [3, 4, 7], [2], [3, 4, 6, 7], [4, 7], [9], [1]], [[4, 6], [2], [1], [4, 7, 9], [4, 5, 7], [4, 6, 7, 9], [4, 5, 7], [8], [3]], [[3, 4], [3], [9], [1], [4, 5, 7], [8], [2], [6], [4, 5]], [[7], [4], [2], [3, 9], [8], [3, 9], [1], [5], [6]], [[5, 6], [9], [5, 6], [4, 7], [1], [4, 7], [3], [2], [8]], [[1], [8], [3], [5], [6], [2], [4, 9], [7], [4, 9]], [[9], [7], [4], [6], [3], [5], [8], [1], [2]], [[2], [1, 6], [5, 6], [8], [4, 7], [4, 7], [5, 6, 9], [3], [5, 9]], [[3, 5, 6], [3, 6], [8], [2], [9], [1], [5, 6], [4], [7]]]]
INFO:root:467498:Doing checkSmall1
INFO:root:467498:Getting tiny MUSes, distance 1, for 70 puzlits, 1 repeats
INFO:root:467534:Chunked 70 in [5, 5, 5, 5, 5, 5, 4, 4, 4, 4, 4, 4, 4, 4, 4, 4]
INFO:root:467554:XX found first (8, 2) is 1 1
INFO:root:467554:XX found first (3, 5) is 7 1
INFO:root:467554:XX found first (1, 3) is 7 1
INFO:root:467554:XX found first (3, 2) is 3 1
INFO:root:467567:Early exit from checkSmall1
INFO:root:467588:Starting Step 16
INFO:root:468187:Current state [[[[8], [5], [7], [3, 4, 7], [2], [3, 4, 6, 7], [4, 7], [9], [1]], [[4, 6], [2], [1], [4, 7, 9], [4, 5, 7], [4, 6, 7, 9], [4, 5, 7], [8], [3]], [[3, 4], [3], [9], [1], [7], [8], [2], [6], [4, 5]], [[7], [4], [2], [3, 9], [8], [3, 9], [1], [5], [6]], [[5, 6], [9], [5, 6], [4, 7], [1], [4, 7], [3], [2], [8]], [[1], [8], [3], [5], [6], [2], [4, 9], [7], [4, 9]], [[9], [7], [4], [6], [3], [5], [8], [1], [2]], [[2], [1], [5, 6], [8], [4, 7], [4, 7], [5, 6, 9], [3], [5, 9]], [[3, 5, 6], [3, 6], [8], [2], [9], [1], [5, 6], [4], [7]]]]
INFO:root:468188:Doing checkSmall1
INFO:root:468188:Getting tiny MUSes, distance 1, for 66 puzlits, 1 repeats
INFO:root:468224:Chunked 66 in [5, 5, 4, 4, 4, 4, 4, 4, 4, 4, 4, 4, 4, 4, 4, 4]
INFO:root:468247:XX found first (1, 6) is not 7 1
INFO:root:468247:XX found first (1, 7) is not 7 1
INFO:root:468247:XX found first (3, 5) is not 4 1
INFO:root:468247:XX found first (1, 3) is not 6 1
INFO:root:468247:XX found first (9, 2) is not 3 1
INFO:root:468247:XX found first (2, 4) is not 7 1
INFO:root:468247:XX found first (2, 5) is not 7 1
INFO:root:468247:XX found first (8, 5) is not 7 1
INFO:root:468247:XX found first (8, 2) is not 6 1
INFO:root:468247:XX found first (3, 1) is not 3 1
INFO:root:468247:XX found first (2, 6) is not 7 1
INFO:root:468247:XX found first (1, 4) is not 7 1
INFO:root:468248:XX found first (3, 5) is not 5 1
INFO:root:468260:Early exit from checkSmall1
INFO:root:468269:Starting Step 17
INFO:root:468881:Current state [[[[8], [5], [7], [3, 4], [2], [3, 4, 6], [4], [9], [1]], [[4, 6], [2], [1], [4, 9], [4, 5], [4, 6, 9], [4, 5, 7], [8], [3]], [[4], [3], [9], [1], [7], [8], [2], [6], [4, 5]], [[7], [4], [2], [3, 9], [8], [3, 9], [1], [5], [6]], [[5, 6], [9], [5, 6], [4, 7], [1], [4, 7], [3], [2], [8]], [[1], [8], [3], [5], [6], [2], [4, 9], [7], [4, 9]], [[9], [7], [4], [6], [3], [5], [8], [1], [2]], [[2], [1], [5, 6], [8], [4], [4, 7], [5, 6, 9], [3], [5, 9]], [[3, 5, 6], [6], [8], [2], [9], [1], [5, 6], [4], [7]]]]
INFO:root:468881:Doing checkSmall1
INFO:root:468882:Getting tiny MUSes, distance 1, for 53 puzlits, 1 repeats
INFO:root:468918:Chunked 53 in [4, 4, 4, 4, 4, 3, 3, 3, 3, 3, 3, 3, 3, 3, 3, 3]
INFO:root:468936:XX found first (9, 1) is 3 1
INFO:root:468936:XX found first (1, 6) is 6 1
INFO:root:468936:XX found first (3, 1) is 4 1
INFO:root:468937:XX found first (2, 5) is 5 1
INFO:root:468937:XX found first (8, 6) is 7 1
INFO:root:468937:XX found first (5, 4) is 7 1
INFO:root:468937:XX found first (1, 7) is 4 1
INFO:root:468937:XX found first (8, 5) is 4 1
INFO:root:468937:XX found first (2, 7) is 7 1
INFO:root:468937:XX found first (3, 9) is 5 1
INFO:root:468937:XX found first (2, 1) is 6 1
INFO:root:468937:XX found first (9, 2) is 6 1
INFO:root:468950:Early exit from checkSmall1
INFO:root:468997:Starting Step 18
INFO:root:469620:Current state [[[[8], [5], [7], [3, 4], [2], [6], [4], [9], [1]], [[6], [2], [1], [4, 9], [5], [4, 6, 9], [7], [8], [3]], [[4], [3], [9], [1], [7], [8], [2], [6], [5]], [[7], [4], [2], [3, 9], [8], [3, 9], [1], [5], [6]], [[5, 6], [9], [5, 6], [7], [1], [4, 7], [3], [2], [8]], [[1], [8], [3], [5], [6], [2], [4, 9], [7], [4, 9]], [[9], [7], [4], [6], [3], [5], [8], [1], [2]], [[2], [1], [5, 6], [8], [4], [7], [5, 6, 9], [3], [5, 9]], [[3], [6], [8], [2], [9], [1], [5, 6], [4], [7]]]]
INFO:root:469620:Doing checkSmall1
INFO:root:469620:Getting tiny MUSes, distance 1, for 41 puzlits, 1 repeats
INFO:root:469657:Chunked 41 in [3, 3, 3, 3, 3, 3, 3, 3, 3, 2, 2, 2, 2, 2, 2, 2]
INFO:root:469678:XX found first (1, 6) is not 3 1
INFO:root:469678:XX found first (3, 9) is not 4 1
INFO:root:469678:XX found first (5, 4) is not 4 1
INFO:root:469678:XX found first (2, 1) is not 4 1
INFO:root:469679:XX found first (2, 5) is not 4 1
INFO:root:469679:XX found first (2, 7) is not 4 1
INFO:root:469679:XX found first (1, 6) is not 4 1
INFO:root:469679:XX found first (9, 1) is not 6 1
INFO:root:469679:XX found first (9, 1) is not 5 1
INFO:root:469679:XX found first (5, 1) is not 6 1
INFO:root:469679:XX found first (2, 6) is not 6 1
INFO:root:469679:XX found first (1, 4) is not 4 1
INFO:root:469679:XX found first (8, 3) is not 6 1
INFO:root:469679:XX found first (9, 7) is not 6 1
INFO:root:469679:XX found first (8, 6) is not 4 1
INFO:root:469679:XX found first (8, 9) is not 5 1
INFO:root:469679:XX found first (5, 6) is not 7 1
INFO:root:469679:XX found first (2, 7) is not 5 1
INFO:root:469679:XX found first (6, 7) is not 4 1
INFO:root:469692:Early exit from checkSmall1
INFO:root:469702:Starting Step 19
INFO:root:470335:Current state [[[[8], [5], [7], [3], [2], [6], [4], [9], [1]], [[6], [2], [1], [4, 9], [5], [4, 9], [7], [8], [3]], [[4], [3], [9], [1], [7], [8], [2], [6], [5]], [[7], [4], [2], [3, 9], [8], [3, 9], [1], [5], [6]], [[5], [9], [5, 6], [7], [1], [4], [3], [2], [8]], [[1], [8], [3], [5], [6], [2], [9], [7], [4, 9]], [[9], [7], [4], [6], [3], [5], [8], [1], [2]], [[2], [1], [5], [8], [4], [7], [5, 6, 9], [3], [9]], [[3], [6], [8], [2], [9], [1], [5], [4], [7]]]]
INFO:root:470335:Doing checkSmall1
INFO:root:470335:Getting tiny MUSes, distance 1, for 22 puzlits, 1 repeats
INFO:root:470372:Chunked 22 in [2, 2, 2, 2, 2, 2, 1, 1, 1, 1, 1, 1, 1, 1, 1, 1]
INFO:root:470386:XX found first (5, 1) is 5 1
INFO:root:470386:XX found first (4, 6) is 3 1
INFO:root:470386:XX found first (8, 3) is 5 1
INFO:root:470386:XX found first (5, 3) is 6 1
INFO:root:470386:XX found first (6, 9) is 4 1
INFO:root:470386:XX found first (8, 7) is 6 1
INFO:root:470386:XX found first (2, 4) is 4 1
INFO:root:470386:XX found first (6, 7) is 9 1
INFO:root:470387:XX found first (9, 7) is 5 1
INFO:root:470387:XX found first (5, 6) is 4 1
INFO:root:470387:XX found first (1, 4) is 3 1
INFO:root:470387:XX found first (8, 9) is 9 1
INFO:root:470399:Early exit from checkSmall1
INFO:root:470448:Starting Step 20
INFO:root:471077:Current state [[[[8], [5], [7], [3], [2], [6], [4], [9], [1]], [[6], [2], [1], [4], [5], [4, 9], [7], [8], [3]], [[4], [3], [9], [1], [7], [8], [2], [6], [5]], [[7], [4], [2], [3, 9], [8], [3], [1], [5], [6]], [[5], [9], [6], [7], [1], [4], [3], [2], [8]], [[1], [8], [3], [5], [6], [2], [9], [7], [4]], [[9], [7], [4], [6], [3], [5], [8], [1], [2]], [[2], [1], [5], [8], [4], [7], [6], [3], [9]], [[3], [6], [8], [2], [9], [1], [5], [4], [7]]]]
INFO:root:471077:Doing checkSmall1
INFO:root:471077:Getting tiny MUSes, distance 1, for 10 puzlits, 1 repeats
INFO:root:471114:Chunked 10 in [1, 1, 1, 1, 1, 1, 1, 1, 1, 1, 0, 0, 0, 0, 0, 0]
INFO:root:471127:XX found first (2, 6) is not 4 1
INFO:root:471127:XX found first (8, 7) is not 5 1
INFO:root:471127:XX found first (4, 4) is not 3 1
INFO:root:471127:XX found first (2, 4) is not 9 1
INFO:root:471127:XX found first (4, 6) is not 9 1
INFO:root:471127:XX found first (5, 3) is not 5 1
INFO:root:471127:XX found first (6, 9) is not 9 1
INFO:root:471127:XX found first (8, 7) is not 9 1
INFO:root:471140:Early exit from checkSmall1
INFO:root:471149:Starting Step 21
INFO:root:471784:Current state [[[[8], [5], [7], [3], [2], [6], [4], [9], [1]], [[6], [2], [1], [4], [5], [9], [7], [8], [3]], [[4], [3], [9], [1], [7], [8], [2], [6], [5]], [[7], [4], [2], [9], [8], [3], [1], [5], [6]], [[5], [9], [6], [7], [1], [4], [3], [2], [8]], [[1], [8], [3], [5], [6], [2], [9], [7], [4]], [[9], [7], [4], [6], [3], [5], [8], [1], [2]], [[2], [1], [5], [8], [4], [7], [6], [3], [9]], [[3], [6], [8], [2], [9], [1], [5], [4], [7]]]]
INFO:root:471784:Doing checkSmall1
INFO:root:471784:Getting tiny MUSes, distance 1, for 2 puzlits, 1 repeats
INFO:root:471820:Chunked 2 in [1, 1, 0, 0, 0, 0, 0, 0, 0, 0, 0, 0, 0, 0, 0, 0]
INFO:root:471828:XX found first (2, 6) is 9 1
INFO:root:471828:XX found first (4, 4) is 9 1
INFO:root:471841:Early exit from checkSmall1
INFO:root:471855:Total Solver Calls 7660385
INFO:root:471855:Trace: [(3, [(1, 3) is not 4])]
INFO:root:471855:Trace Quality: [(3, 1)]
INFO:root:471855:Trace Sorted: [(3, 1)]
INFO:root:471855:Finished
INFO:root:471855:Full Trace [(3, [(1, 3) is not 4])]

real	7m52.165s
user	107m11.645s
sys	0m33.137s
