INFO:root:7476:Starting Step 1
INFO:root:7506:Current state [[[[8], [5], [1, 2, 3, 4, 5, 6, 7, 8, 9], [1, 2, 3, 4, 5, 6, 7, 8, 9], [2], [1, 2, 3, 4, 5, 6, 7, 8, 9], [1, 2, 3, 4, 5, 6, 7, 8, 9], [1, 2, 3, 4, 5, 6, 7, 8, 9], [1, 2, 3, 4, 5, 6, 7, 8, 9]], [[1, 2, 3, 4, 5, 6, 7, 8, 9], [2], [1, 2, 3, 4, 5, 6, 7, 8, 9], [1, 2, 3, 4, 5, 6, 7, 8, 9], [1, 2, 3, 4, 5, 6, 7, 8, 9], [1, 2, 3, 4, 5, 6, 7, 8, 9], [1, 2, 3, 4, 5, 6, 7, 8, 9], [1, 2, 3, 4, 5, 6, 7, 8, 9], [3]], [[1, 2, 3, 4, 5, 6, 7, 8, 9], [1, 2, 3, 4, 5, 6, 7, 8, 9], [9], [1], [1, 2, 3, 4, 5, 6, 7, 8, 9], [8], [1, 2, 3, 4, 5, 6, 7, 8, 9], [1, 2, 3, 4, 5, 6, 7, 8, 9], [1, 2, 3, 4, 5, 6, 7, 8, 9]], [[1, 2, 3, 4, 5, 6, 7, 8, 9], [4], [1, 2, 3, 4, 5, 6, 7, 8, 9], [1, 2, 3, 4, 5, 6, 7, 8, 9], [8], [1, 2, 3, 4, 5, 6, 7, 8, 9], [1], [5], [1, 2, 3, 4, 5, 6, 7, 8, 9]], [[1, 2, 3, 4, 5, 6, 7, 8, 9], [9], [1, 2, 3, 4, 5, 6, 7, 8, 9], [1, 2, 3, 4, 5, 6, 7, 8, 9], [1], [1, 2, 3, 4, 5, 6, 7, 8, 9], [1, 2, 3, 4, 5, 6, 7, 8, 9], [2], [1, 2, 3, 4, 5, 6, 7, 8, 9]], [[1, 2, 3, 4, 5, 6, 7, 8, 9], [8], [3], [1, 2, 3, 4, 5, 6, 7, 8, 9], [6], [1, 2, 3, 4, 5, 6, 7, 8, 9], [1, 2, 3, 4, 5, 6, 7, 8, 9], [7], [1, 2, 3, 4, 5, 6, 7, 8, 9]], [[1, 2, 3, 4, 5, 6, 7, 8, 9], [1, 2, 3, 4, 5, 6, 7, 8, 9], [1, 2, 3, 4, 5, 6, 7, 8, 9], [6], [1, 2, 3, 4, 5, 6, 7, 8, 9], [5], [8], [1, 2, 3, 4, 5, 6, 7, 8, 9], [1, 2, 3, 4, 5, 6, 7, 8, 9]], [[2], [1, 2, 3, 4, 5, 6, 7, 8, 9], [1, 2, 3, 4, 5, 6, 7, 8, 9], [1, 2, 3, 4, 5, 6, 7, 8, 9], [1, 2, 3, 4, 5, 6, 7, 8, 9], [1, 2, 3, 4, 5, 6, 7, 8, 9], [1, 2, 3, 4, 5, 6, 7, 8, 9], [3], [1, 2, 3, 4, 5, 6, 7, 8, 9]], [[1, 2, 3, 4, 5, 6, 7, 8, 9], [1, 2, 3, 4, 5, 6, 7, 8, 9], [1, 2, 3, 4, 5, 6, 7, 8, 9], [1, 2, 3, 4, 5, 6, 7, 8, 9], [9], [1, 2, 3, 4, 5, 6, 7, 8, 9], [1, 2, 3, 4, 5, 6, 7, 8, 9], [4], [7]]]]
INFO:root:7507:Doing checkSmall1
INFO:root:7507:Getting tiny MUSes, distance 1, for 702 puzlits, 1 repeats
INFO:root:7607:Chunked 702 in [44, 44, 44, 44, 44, 44, 44, 44, 44, 44, 44, 44, 44, 44, 43, 43]
INFO:root:7806:XX found first (3, 3) is not 5 1
INFO:root:7806:XX found first (3, 6) is not 3 1
INFO:root:7806:XX found first (9, 6) is not 7 1
INFO:root:7806:XX found first (3, 3) is not 7 1
INFO:root:7806:XX found first (6, 8) is not 1 1
INFO:root:7806:XX found first (1, 7) is not 2 1
INFO:root:7806:XX found first (3, 6) is not 2 1
INFO:root:7806:XX found first (1, 7) is not 3 1
INFO:root:7806:XX found first (7, 8) is not 8 1
INFO:root:7806:XX found first (6, 7) is not 8 1
INFO:root:7806:XX found first (8, 4) is not 9 1
INFO:root:7806:XX found first (3, 8) is not 7 1
INFO:root:7806:XX found first (6, 7) is not 1 1
INFO:root:7806:XX found first (6, 5) is not 7 1
INFO:root:7806:XX found first (6, 5) is not 9 1
INFO:root:7806:XX found first (8, 1) is not 1 1
INFO:root:7806:XX found first (1, 7) is not 8 1
INFO:root:7806:XX found first (6, 1) is not 7 1
INFO:root:7806:XX found first (4, 1) is not 8 1
INFO:root:7806:XX found first (6, 2) is not 4 1
INFO:root:7806:XX found first (6, 9) is not 5 1
INFO:root:7806:XX found first (6, 3) is not 5 1
INFO:root:7807:XX found first (8, 6) is not 5 1
INFO:root:7807:XX found first (4, 2) is not 6 1
INFO:root:7807:XX found first (2, 4) is not 8 1
INFO:root:7807:XX found first (3, 7) is not 9 1
INFO:root:7807:XX found first (8, 8) is not 7 1
INFO:root:7807:XX found first (2, 7) is not 2 1
INFO:root:7807:XX found first (9, 9) is not 5 1
INFO:root:7807:XX found first (2, 4) is not 3 1
INFO:root:7807:XX found first (3, 1) is not 9 1
INFO:root:7807:XX found first (7, 4) is not 2 1
INFO:root:7807:XX found first (6, 6) is not 8 1
INFO:root:7807:XX found first (1, 9) is not 3 1
INFO:root:7807:XX found first (8, 3) is not 3 1
INFO:root:7807:XX found first (9, 6) is not 8 1
INFO:root:7807:XX found first (7, 9) is not 7 1
INFO:root:7807:XX found first (6, 7) is not 6 1
INFO:root:7807:XX found first (2, 9) is not 4 1
INFO:root:7807:XX found first (4, 2) is not 8 1
INFO:root:7807:XX found first (4, 8) is not 4 1
INFO:root:7807:XX found first (5, 8) is not 8 1
INFO:root:7807:XX found first (5, 6) is not 8 1
INFO:root:7807:XX found first (4, 4) is not 1 1
INFO:root:7807:XX found first (9, 9) is not 9 1
INFO:root:7808:XX found first (7, 9) is not 3 1
INFO:root:7808:XX found first (9, 2) is not 9 1
INFO:root:7808:XX found first (6, 1) is not 8 1
INFO:root:7808:XX found first (9, 6) is not 4 1
INFO:root:7808:XX found first (3, 4) is not 7 1
INFO:root:7808:XX found first (7, 5) is not 1 1
INFO:root:7808:XX found first (5, 7) is not 8 1
INFO:root:7808:XX found first (7, 5) is not 2 1
INFO:root:7808:XX found first (2, 9) is not 9 1
INFO:root:7808:XX found first (3, 9) is not 1 1
INFO:root:7808:XX found first (6, 5) is not 5 1
INFO:root:7808:XX found first (2, 5) is not 2 1
INFO:root:7808:XX found first (9, 8) is not 2 1
INFO:root:7808:XX found first (5, 5) is not 6 1
INFO:root:7808:XX found first (9, 9) is not 4 1
INFO:root:7808:XX found first (5, 8) is not 9 1
INFO:root:7808:XX found first (6, 8) is not 9 1
INFO:root:7808:XX found first (7, 5) is not 8 1
INFO:root:7808:XX found first (3, 6) is not 4 1
INFO:root:7808:XX found first (5, 5) is not 9 1
INFO:root:7808:XX found first (7, 3) is not 9 1
INFO:root:7808:XX found first (8, 9) is not 7 1
INFO:root:7809:XX found first (8, 8) is not 8 1
INFO:root:7809:XX found first (6, 4) is not 3 1
INFO:root:7809:XX found first (8, 8) is not 6 1
INFO:root:7809:XX found first (5, 5) is not 5 1
INFO:root:7809:XX found first (3, 7) is not 3 1
INFO:root:7809:XX found first (4, 8) is not 6 1
INFO:root:7809:XX found first (6, 8) is not 3 1
INFO:root:7809:XX found first (5, 6) is not 1 1
INFO:root:7809:XX found first (3, 5) is not 2 1
INFO:root:7809:XX found first (6, 6) is not 3 1
INFO:root:7809:XX found first (5, 4) is not 8 1
INFO:root:7809:XX found first (4, 6) is not 8 1
INFO:root:7809:XX found first (5, 2) is not 6 1
INFO:root:7809:XX found first (9, 1) is not 4 1
INFO:root:7809:XX found first (8, 1) is not 5 1
INFO:root:7809:XX found first (3, 6) is not 5 1
INFO:root:7809:XX found first (9, 7) is not 3 1
INFO:root:7809:XX found first (8, 8) is not 1 1
INFO:root:7809:XX found first (2, 6) is not 1 1
INFO:root:7809:XX found first (4, 8) is not 7 1
INFO:root:7809:XX found first (9, 7) is not 1 1
INFO:root:7809:XX found first (4, 1) is not 1 1
INFO:root:7809:XX found first (9, 3) is not 7 1
INFO:root:7809:XX found first (3, 9) is not 7 1
INFO:root:7810:XX found first (8, 8) is not 5 1
INFO:root:7810:XX found first (5, 3) is not 9 1
INFO:root:7810:XX found first (1, 9) is not 2 1
INFO:root:7810:XX found first (5, 6) is not 2 1
INFO:root:7810:XX found first (1, 8) is not 7 1
INFO:root:7810:XX found first (5, 9) is not 3 1
INFO:root:7810:XX found first (6, 4) is not 6 1
INFO:root:7810:XX found first (6, 3) is not 6 1
INFO:root:7810:XX found first (7, 7) is not 7 1
INFO:root:7810:XX found first (3, 2) is not 4 1
INFO:root:7810:XX found first (8, 7) is not 2 1
INFO:root:7810:XX found first (8, 7) is not 8 1
INFO:root:7810:XX found first (1, 2) is not 2 1
INFO:root:7810:XX found first (2, 8) is not 7 1
INFO:root:7810:XX found first (2, 1) is not 3 1
INFO:root:7810:XX found first (8, 5) is not 9 1
INFO:root:7810:XX found first (4, 8) is not 2 1
INFO:root:7810:XX found first (7, 7) is not 2 1
INFO:root:7810:XX found first (9, 7) is not 4 1
INFO:root:7810:XX found first (1, 2) is not 8 1
INFO:root:7810:XX found first (8, 1) is not 4 1
INFO:root:7810:XX found first (8, 1) is not 3 1
INFO:root:7810:XX found first (6, 9) is not 2 1
INFO:root:7810:XX found first (3, 6) is not 9 1
INFO:root:7811:XX found first (7, 9) is not 5 1
INFO:root:7811:XX found first (2, 2) is not 9 1
INFO:root:7811:XX found first (9, 8) is not 5 1
INFO:root:7811:XX found first (6, 9) is not 8 1
INFO:root:7811:XX found first (9, 5) is not 6 1
INFO:root:7811:XX found first (8, 2) is not 9 1
INFO:root:7811:XX found first (7, 9) is not 8 1
INFO:root:7811:XX found first (5, 5) is not 2 1
INFO:root:7811:XX found first (4, 5) is not 9 1
INFO:root:7811:XX found first (8, 1) is not 6 1
INFO:root:7811:XX found first (3, 5) is not 1 1
INFO:root:7811:XX found first (7, 6) is not 2 1
INFO:root:7811:XX found first (2, 7) is not 8 1
INFO:root:7811:XX found first (1, 9) is not 8 1
INFO:root:7811:XX found first (4, 1) is not 5 1
INFO:root:7811:XX found first (5, 4) is not 2 1
INFO:root:7811:XX found first (5, 2) is not 7 1
INFO:root:7811:XX found first (4, 7) is not 3 1
INFO:root:7811:XX found first (8, 2) is not 2 1
INFO:root:7811:XX found first (7, 4) is not 3 1
INFO:root:7811:XX found first (4, 1) is not 4 1
INFO:root:7811:XX found first (8, 8) is not 4 1
INFO:root:7811:XX found first (1, 1) is not 7 1
INFO:root:7812:XX found first (6, 5) is not 2 1
INFO:root:7812:XX found first (1, 2) is not 6 1
INFO:root:7812:XX found first (8, 5) is not 6 1
INFO:root:7812:XX found first (1, 5) is not 3 1
INFO:root:7812:XX found first (2, 4) is not 2 1
INFO:root:7812:XX found first (8, 5) is not 2 1
INFO:root:7812:XX found first (7, 5) is not 5 1
INFO:root:7812:XX found first (2, 3) is not 5 1
INFO:root:7812:XX found first (4, 5) is not 5 1
INFO:root:7812:XX found first (9, 5) is not 8 1
INFO:root:7812:XX found first (4, 1) is not 2 1
INFO:root:7812:XX found first (9, 1) is not 7 1
INFO:root:7812:XX found first (5, 7) is not 2 1
INFO:root:7812:XX found first (9, 9) is not 6 1
INFO:root:7812:XX found first (6, 5) is not 4 1
INFO:root:7812:XX found first (1, 5) is not 1 1
INFO:root:7812:XX found first (1, 3) is not 3 1
INFO:root:7812:XX found first (5, 3) is not 3 1
INFO:root:7812:XX found first (5, 1) is not 3 1
INFO:root:7812:XX found first (3, 4) is not 8 1
INFO:root:7812:XX found first (3, 3) is not 6 1
INFO:root:7812:XX found first (5, 5) is not 3 1
INFO:root:7812:XX found first (2, 5) is not 9 1
INFO:root:7812:XX found first (4, 7) is not 8 1
INFO:root:7813:XX found first (7, 4) is not 5 1
INFO:root:7813:XX found first (5, 4) is not 1 1
INFO:root:7813:XX found first (2, 9) is not 6 1
INFO:root:7813:XX found first (7, 8) is not 5 1
INFO:root:7813:XX found first (1, 4) is not 1 1
INFO:root:7813:XX found first (7, 1) is not 6 1
INFO:root:7813:XX found first (1, 8) is not 3 1
INFO:root:7813:XX found first (9, 5) is not 5 1
INFO:root:7813:XX found first (7, 8) is not 6 1
INFO:root:7813:XX found first (9, 2) is not 2 1
INFO:root:7813:XX found first (7, 4) is not 7 1
INFO:root:7813:XX found first (8, 9) is not 3 1
INFO:root:7813:XX found first (7, 6) is not 9 1
INFO:root:7813:XX found first (4, 9) is not 8 1
INFO:root:7813:XX found first (4, 3) is not 9 1
INFO:root:7813:XX found first (4, 2) is not 5 1
INFO:root:7813:XX found first (9, 8) is not 3 1
INFO:root:7813:XX found first (5, 5) is not 7 1
INFO:root:7813:XX found first (4, 7) is not 7 1
INFO:root:7813:XX found first (6, 4) is not 8 1
INFO:root:7813:XX found first (7, 2) is not 8 1
INFO:root:7813:XX found first (7, 6) is not 6 1
INFO:root:7814:XX found first (6, 1) is not 3 1
INFO:root:7814:XX found first (9, 4) is not 1 1
INFO:root:7814:XX found first (6, 3) is not 9 1
INFO:root:7814:XX found first (9, 3) is not 9 1
INFO:root:7814:XX found first (3, 2) is not 8 1
INFO:root:7814:XX found first (4, 4) is not 4 1
INFO:root:7814:XX found first (5, 4) is not 6 1
INFO:root:7814:XX found first (3, 4) is not 9 1
INFO:root:7814:XX found first (6, 6) is not 1 1
INFO:root:7814:XX found first (7, 2) is not 6 1
INFO:root:7814:XX found first (6, 9) is not 6 1
INFO:root:7814:XX found first (7, 7) is not 9 1
INFO:root:7814:XX found first (8, 3) is not 2 1
INFO:root:7814:XX found first (9, 4) is not 6 1
INFO:root:7814:XX found first (9, 8) is not 1 1
INFO:root:7814:XX found first (2, 6) is not 5 1
INFO:root:7814:XX found first (7, 3) is not 3 1
INFO:root:7814:XX found first (3, 4) is not 2 1
INFO:root:7814:XX found first (3, 8) is not 3 1
INFO:root:7814:XX found first (1, 2) is not 7 1
INFO:root:7814:XX found first (1, 5) is not 7 1
INFO:root:7814:XX found first (7, 6) is not 1 1
INFO:root:7814:XX found first (7, 5) is not 9 1
INFO:root:7814:XX found first (2, 4) is not 6 1
INFO:root:7814:XX found first (2, 9) is not 7 1
INFO:root:7815:XX found first (2, 3) is not 3 1
INFO:root:7815:XX found first (3, 6) is not 6 1
INFO:root:7815:XX found first (8, 7) is not 1 1
INFO:root:7815:XX found first (1, 4) is not 5 1
INFO:root:7815:XX found first (8, 8) is not 9 1
INFO:root:7815:XX found first (1, 9) is not 5 1
INFO:root:7815:XX found first (7, 8) is not 3 1
INFO:root:7815:XX found first (1, 2) is not 4 1
INFO:root:7815:XX found first (7, 6) is not 8 1
INFO:root:7815:XX found first (2, 8) is not 5 1
INFO:root:7815:XX found first (6, 3) is not 1 1
INFO:root:7815:XX found first (9, 1) is not 8 1
INFO:root:7815:XX found first (6, 6) is not 5 1
INFO:root:7815:XX found first (4, 2) is not 9 1
INFO:root:7815:XX found first (9, 7) is not 7 1
INFO:root:7815:XX found first (6, 2) is not 5 1
INFO:root:7815:XX found first (7, 7) is not 5 1
INFO:root:7815:XX found first (8, 4) is not 5 1
INFO:root:7815:XX found first (9, 8) is not 6 1
INFO:root:7815:XX found first (4, 5) is not 7 1
INFO:root:7815:XX found first (5, 8) is not 7 1
INFO:root:7815:XX found first (2, 3) is not 8 1
INFO:root:7816:XX found first (3, 8) is not 9 1
INFO:root:7816:XX found first (7, 3) is not 8 1
INFO:root:7816:XX found first (1, 3) is not 5 1
INFO:root:7816:XX found first (8, 6) is not 3 1
INFO:root:7816:XX found first (9, 2) is not 4 1
INFO:root:7816:XX found first (1, 6) is not 1 1
INFO:root:7816:XX found first (6, 6) is not 6 1
INFO:root:7816:XX found first (5, 4) is not 9 1
INFO:root:7816:XX found first (5, 9) is not 2 1
INFO:root:7816:XX found first (9, 5) is not 2 1
INFO:root:7816:XX found first (3, 4) is not 4 1
INFO:root:7816:XX found first (4, 5) is not 3 1
INFO:root:7816:XX found first (2, 6) is not 2 1
INFO:root:7816:XX found first (9, 5) is not 4 1
INFO:root:7816:XX found first (1, 5) is not 6 1
INFO:root:7816:XX found first (7, 9) is not 6 1
INFO:root:7816:XX found first (7, 8) is not 2 1
INFO:root:7816:XX found first (8, 4) is not 6 1
INFO:root:7816:XX found first (4, 4) is not 5 1
INFO:root:7816:XX found first (1, 7) is not 1 1
INFO:root:7816:XX found first (5, 3) is not 8 1
INFO:root:7816:XX found first (7, 3) is not 5 1
INFO:root:7816:XX found first (4, 3) is not 3 1
INFO:root:7816:XX found first (2, 7) is not 3 1
INFO:root:7817:XX found first (8, 6) is not 9 1
INFO:root:7817:XX found first (2, 5) is not 3 1
INFO:root:7817:XX found first (2, 1) is not 5 1
INFO:root:7817:XX found first (2, 2) is not 1 1
INFO:root:7817:XX found first (8, 7) is not 3 1
INFO:root:7817:XX found first (2, 5) is not 1 1
INFO:root:7817:XX found first (6, 8) is not 2 1
INFO:root:7817:XX found first (7, 6) is not 7 1
INFO:root:7817:XX found first (6, 9) is not 1 1
INFO:root:7817:XX found first (9, 4) is not 9 1
INFO:root:7817:XX found first (6, 7) is not 2 1
INFO:root:7817:XX found first (1, 8) is not 5 1
INFO:root:7817:XX found first (1, 1) is not 9 1
INFO:root:7817:XX found first (4, 8) is not 3 1
INFO:root:7817:XX found first (6, 2) is not 1 1
INFO:root:7817:XX found first (2, 6) is not 3 1
INFO:root:7817:XX found first (5, 8) is not 4 1
INFO:root:7817:XX found first (3, 2) is not 2 1
INFO:root:7817:XX found first (3, 5) is not 9 1
INFO:root:7817:XX found first (4, 3) is not 4 1
INFO:root:7817:XX found first (2, 8) is not 3 1
INFO:root:7817:XX found first (3, 8) is not 5 1
INFO:root:7817:XX found first (2, 1) is not 2 1
INFO:root:7817:XX found first (6, 2) is not 3 1
INFO:root:7818:XX found first (3, 4) is not 6 1
INFO:root:7818:XX found first (5, 1) is not 9 1
INFO:root:7818:XX found first (1, 1) is not 4 1
INFO:root:7818:XX found first (5, 7) is not 9 1
INFO:root:7818:XX found first (5, 7) is not 5 1
INFO:root:7818:XX found first (7, 1) is not 5 1
INFO:root:7818:XX found first (4, 3) is not 8 1
INFO:root:7818:XX found first (4, 3) is not 5 1
INFO:root:7818:XX found first (2, 1) is not 9 1
INFO:root:7818:XX found first (5, 3) is not 4 1
INFO:root:7818:XX found first (2, 9) is not 2 1
INFO:root:7818:XX found first (1, 1) is not 5 1
INFO:root:7818:XX found first (3, 7) is not 8 1
INFO:root:7818:XX found first (6, 3) is not 2 1
INFO:root:7818:XX found first (5, 7) is not 1 1
INFO:root:7818:XX found first (3, 3) is not 2 1
INFO:root:7818:XX found first (4, 7) is not 5 1
INFO:root:7818:XX found first (9, 9) is not 2 1
INFO:root:7818:XX found first (2, 3) is not 9 1
INFO:root:7818:XX found first (9, 9) is not 3 1
INFO:root:7818:XX found first (5, 2) is not 1 1
INFO:root:7818:XX found first (9, 2) is not 8 1
INFO:root:7818:XX found first (7, 7) is not 3 1
INFO:root:7818:XX found first (3, 3) is not 8 1
INFO:root:7819:XX found first (3, 1) is not 5 1
INFO:root:7819:XX found first (2, 2) is not 8 1
INFO:root:7819:XX found first (4, 5) is not 6 1
INFO:root:7819:XX found first (8, 1) is not 9 1
INFO:root:7819:XX found first (6, 1) is not 6 1
INFO:root:7819:XX found first (5, 6) is not 5 1
INFO:root:7819:XX found first (8, 2) is not 4 1
INFO:root:7819:XX found first (4, 2) is not 2 1
INFO:root:7819:XX found first (1, 3) is not 9 1
INFO:root:7819:XX found first (8, 6) is not 8 1
INFO:root:7819:XX found first (5, 9) is not 5 1
INFO:root:7819:XX found first (4, 4) is not 6 1
INFO:root:7819:XX found first (6, 7) is not 5 1
INFO:root:7819:XX found first (2, 5) is not 6 1
INFO:root:7819:XX found first (4, 4) is not 8 1
INFO:root:7819:XX found first (1, 8) is not 2 1
INFO:root:7819:XX found first (3, 9) is not 9 1
INFO:root:7819:XX found first (5, 2) is not 3 1
INFO:root:7819:XX found first (5, 9) is not 1 1
INFO:root:7819:XX found first (6, 5) is not 3 1
INFO:root:7819:XX found first (2, 2) is not 7 1
INFO:root:7819:XX found first (4, 7) is not 2 1
INFO:root:7819:XX found first (7, 2) is not 9 1
INFO:root:7819:XX found first (4, 1) is not 9 1
INFO:root:7820:XX found first (9, 1) is not 9 1
INFO:root:7820:XX found first (8, 1) is not 7 1
INFO:root:7820:XX found first (6, 7) is not 7 1
INFO:root:7820:XX found first (5, 7) is not 7 1
INFO:root:7820:XX found first (9, 7) is not 9 1
INFO:root:7820:XX found first (6, 9) is not 7 1
INFO:root:7820:XX found first (7, 5) is not 6 1
INFO:root:7820:XX found first (3, 8) is not 1 1
INFO:root:7820:XX found first (9, 8) is not 7 1
INFO:root:7820:XX found first (8, 7) is not 7 1
INFO:root:7820:XX found first (3, 6) is not 1 1
INFO:root:7820:XX found first (7, 2) is not 4 1
INFO:root:7820:XX found first (1, 5) is not 5 1
INFO:root:7820:XX found first (5, 2) is not 5 1
INFO:root:7820:XX found first (2, 9) is not 1 1
INFO:root:7820:XX found first (3, 8) is not 2 1
INFO:root:7820:XX found first (1, 2) is not 9 1
INFO:root:7820:XX found first (4, 7) is not 4 1
INFO:root:7820:XX found first (5, 8) is not 3 1
INFO:root:7820:XX found first (6, 3) is not 4 1
INFO:root:7820:XX found first (8, 6) is not 2 1
INFO:root:7820:XX found first (6, 3) is not 7 1
INFO:root:7820:XX found first (5, 2) is not 8 1
INFO:root:7821:XX found first (6, 8) is not 4 1
INFO:root:7821:XX found first (9, 4) is not 5 1
INFO:root:7821:XX found first (4, 7) is not 9 1
INFO:root:7821:XX found first (6, 8) is not 6 1
INFO:root:7821:XX found first (5, 8) is not 5 1
INFO:root:7821:XX found first (6, 4) is not 7 1
INFO:root:7821:XX found first (2, 3) is not 2 1
INFO:root:7821:XX found first (4, 8) is not 1 1
INFO:root:7821:XX found first (2, 9) is not 8 1
INFO:root:7821:XX found first (3, 1) is not 2 1
INFO:root:7821:XX found first (6, 1) is not 4 1
INFO:root:7821:XX found first (1, 6) is not 5 1
INFO:root:7821:XX found first (8, 2) is not 3 1
INFO:root:7821:XX found first (8, 5) is not 1 1
INFO:root:7821:XX found first (7, 4) is not 8 1
INFO:root:7821:XX found first (6, 6) is not 7 1
INFO:root:7821:XX found first (8, 3) is not 9 1
INFO:root:7821:XX found first (1, 3) is not 8 1
INFO:root:7821:XX found first (8, 5) is not 8 1
INFO:root:7821:XX found first (4, 8) is not 8 1
INFO:root:7821:XX found first (4, 9) is not 2 1
INFO:root:7821:XX found first (9, 4) is not 7 1
INFO:root:7821:XX found first (5, 9) is not 7 1
INFO:root:7821:XX found first (2, 2) is not 3 1
INFO:root:7821:XX found first (3, 7) is not 1 1
INFO:root:7822:XX found first (7, 6) is not 3 1
INFO:root:7822:XX found first (3, 5) is not 6 1
INFO:root:7822:XX found first (6, 3) is not 8 1
INFO:root:7822:XX found first (1, 1) is not 1 1
INFO:root:7822:XX found first (9, 6) is not 9 1
INFO:root:7822:XX found first (1, 2) is not 3 1
INFO:root:7822:XX found first (9, 5) is not 7 1
INFO:root:7822:XX found first (6, 4) is not 1 1
INFO:root:7822:XX found first (8, 2) is not 8 1
INFO:root:7822:XX found first (4, 9) is not 4 1
INFO:root:7822:XX found first (6, 5) is not 1 1
INFO:root:7822:XX found first (4, 3) is not 1 1
INFO:root:7822:XX found first (9, 6) is not 5 1
INFO:root:7822:XX found first (8, 4) is not 3 1
INFO:root:7822:XX found first (3, 5) is not 8 1
INFO:root:7822:XX found first (3, 2) is not 9 1
INFO:root:7822:XX found first (9, 8) is not 9 1
INFO:root:7822:XX found first (7, 8) is not 7 1
INFO:root:7822:XX found first (3, 1) is not 8 1
INFO:root:7822:XX found first (5, 1) is not 8 1
INFO:root:7822:XX found first (5, 5) is not 8 1
INFO:root:7822:XX found first (9, 5) is not 3 1
INFO:root:7822:XX found first (9, 9) is not 1 1
INFO:root:7823:XX found first (5, 3) is not 2 1
INFO:root:7823:XX found first (7, 4) is not 9 1
INFO:root:7823:XX found first (4, 9) is not 5 1
INFO:root:7823:XX found first (9, 5) is not 1 1
INFO:root:7823:XX found first (3, 3) is not 1 1
INFO:root:7823:XX found first (6, 2) is not 2 1
INFO:root:7823:XX found first (2, 9) is not 5 1
INFO:root:7823:XX found first (8, 6) is not 6 1
INFO:root:7823:XX found first (7, 4) is not 1 1
INFO:root:7823:XX found first (1, 9) is not 7 1
INFO:root:7823:XX found first (5, 6) is not 6 1
INFO:root:7823:XX found first (9, 2) is not 7 1
INFO:root:7823:XX found first (5, 5) is not 4 1
INFO:root:7823:XX found first (9, 1) is not 2 1
INFO:root:7823:XX found first (5, 1) is not 1 1
INFO:root:7823:XX found first (8, 5) is not 3 1
INFO:root:7823:XX found first (2, 4) is not 1 1
INFO:root:7823:XX found first (2, 1) is not 8 1
INFO:root:7823:XX found first (5, 8) is not 1 1
INFO:root:7823:XX found first (7, 4) is not 4 1
INFO:root:7823:XX found first (6, 2) is not 7 1
INFO:root:7823:XX found first (4, 8) is not 9 1
INFO:root:7823:XX found first (5, 3) is not 1 1
INFO:root:7823:XX found first (1, 8) is not 8 1
INFO:root:7824:XX found first (4, 5) is not 1 1
INFO:root:7824:XX found first (6, 7) is not 3 1
INFO:root:7824:XX found first (1, 1) is not 2 1
INFO:root:7824:XX found first (9, 8) is not 8 1
INFO:root:7824:XX found first (4, 6) is not 5 1
INFO:root:7824:XX found first (3, 9) is not 8 1
INFO:root:7824:XX found first (4, 2) is not 7 1
INFO:root:7824:XX found first (3, 2) is not 5 1
INFO:root:7824:XX found first (6, 8) is not 8 1
INFO:root:7824:XX found first (7, 8) is not 4 1
INFO:root:7824:XX found first (2, 2) is not 5 1
INFO:root:7824:XX found first (8, 4) is not 1 1
INFO:root:7824:XX found first (1, 7) is not 5 1
INFO:root:7824:XX found first (8, 8) is not 2 1
INFO:root:7824:XX found first (4, 9) is not 7 1
INFO:root:7824:XX found first (9, 3) is not 3 1
INFO:root:7824:XX found first (7, 2) is not 5 1
INFO:root:7824:XX found first (2, 5) is not 8 1
INFO:root:7824:XX found first (3, 8) is not 4 1
INFO:root:7824:XX found first (9, 4) is not 4 1
INFO:root:7824:XX found first (3, 1) is not 1 1
INFO:root:7824:XX found first (1, 1) is not 6 1
INFO:root:7824:XX found first (5, 6) is not 9 1
INFO:root:7824:XX found first (4, 6) is not 4 1
INFO:root:7824:XX found first (6, 2) is not 6 1
INFO:root:7825:XX found first (7, 3) is not 2 1
INFO:root:7825:XX found first (9, 3) is not 4 1
INFO:root:7825:XX found first (5, 2) is not 2 1
INFO:root:7825:XX found first (3, 4) is not 5 1
INFO:root:7825:XX found first (4, 2) is not 1 1
INFO:root:7825:XX found first (6, 8) is not 5 1
INFO:root:7825:XX found first (7, 3) is not 6 1
INFO:root:7825:XX found first (6, 1) is not 9 1
INFO:root:7825:XX found first (2, 2) is not 4 1
INFO:root:7825:XX found first (9, 2) is not 5 1
INFO:root:7825:XX found first (3, 6) is not 7 1
INFO:root:7825:XX found first (4, 2) is not 3 1
INFO:root:7825:XX found first (8, 9) is not 4 1
INFO:root:7825:XX found first (9, 9) is not 8 1
INFO:root:7825:XX found first (1, 5) is not 8 1
INFO:root:7825:XX found first (3, 8) is not 8 1
INFO:root:7825:XX found first (2, 6) is not 8 1
INFO:root:7825:XX found first (3, 3) is not 4 1
INFO:root:7825:XX found first (3, 4) is not 3 1
INFO:root:7825:XX found first (7, 7) is not 4 1
INFO:root:7825:XX found first (4, 7) is not 6 1
INFO:root:7825:XX found first (1, 6) is not 2 1
INFO:root:7825:XX found first (6, 5) is not 8 1
INFO:root:7825:XX found first (8, 2) is not 5 1
INFO:root:7826:XX found first (4, 9) is not 1 1
INFO:root:7826:XX found first (5, 1) is not 4 1
INFO:root:7826:XX found first (2, 7) is not 1 1
INFO:root:7826:XX found first (8, 7) is not 4 1
INFO:root:7826:XX found first (7, 7) is not 6 1
INFO:root:7826:XX found first (8, 9) is not 2 1
INFO:root:7826:XX found first (6, 1) is not 2 1
INFO:root:7826:XX found first (2, 8) is not 2 1
INFO:root:7826:XX found first (7, 9) is not 4 1
INFO:root:7826:XX found first (7, 2) is not 2 1
INFO:root:7826:XX found first (1, 5) is not 4 1
INFO:root:7826:XX found first (3, 9) is not 3 1
INFO:root:7826:XX found first (7, 1) is not 8 1
INFO:root:7826:XX found first (4, 5) is not 2 1
INFO:root:7826:XX found first (6, 9) is not 3 1
INFO:root:7826:XX found first (8, 5) is not 5 1
INFO:root:7826:XX found first (3, 3) is not 3 1
INFO:root:7826:XX found first (4, 9) is not 3 1
INFO:root:7826:XX found first (7, 6) is not 4 1
INFO:root:7826:XX found first (8, 9) is not 8 1
INFO:root:7826:XX found first (2, 2) is not 6 1
INFO:root:7826:XX found first (1, 4) is not 2 1
INFO:root:7826:XX found first (1, 8) is not 4 1
INFO:root:7827:XX found first (1, 2) is not 1 1
INFO:root:7827:XX found first (9, 6) is not 6 1
INFO:root:7827:XX found first (8, 4) is not 2 1
INFO:root:7827:XX found first (1, 6) is not 8 1
INFO:root:7827:XX found first (4, 6) is not 6 1
INFO:root:7827:XX found first (5, 8) is not 6 1
INFO:root:7827:XX found first (1, 1) is not 3 1
INFO:root:7827:XX found first (9, 7) is not 8 1
INFO:root:7827:XX found first (5, 9) is not 9 1
INFO:root:7827:XX found first (1, 4) is not 8 1
INFO:root:7827:XX found first (4, 1) is not 3 1
INFO:root:7827:XX found first (4, 5) is not 4 1
INFO:root:7827:XX found first (1, 4) is not 6 1
INFO:root:7827:XX found first (3, 2) is not 1 1
INFO:root:7827:XX found first (9, 3) is not 2 1
INFO:root:7827:XX found first (1, 5) is not 9 1
INFO:root:7827:XX found first (1, 3) is not 2 1
INFO:root:7827:XX found first (7, 7) is not 1 1
INFO:root:7827:XX found first (7, 1) is not 2 1
INFO:root:7827:XX found first (8, 1) is not 8 1
INFO:root:7827:XX found first (5, 2) is not 4 1
INFO:root:7827:XX found first (4, 6) is not 1 1
INFO:root:7827:XX found first (5, 1) is not 2 1
INFO:root:7827:XX found first (6, 2) is not 9 1
INFO:root:7827:XX found first (2, 8) is not 4 1
INFO:root:7840:Early exit from checkSmall1
INFO:root:7905:Starting Step 2
INFO:root:8414:Current state [[[[8], [5], [1, 4, 6, 7], [3, 4, 7, 9], [2], [3, 4, 6, 7, 9], [4, 6, 7, 9], [1, 6, 9], [1, 4, 6, 9]], [[1, 4, 6, 7], [2], [1, 4, 6, 7], [4, 5, 7, 9], [4, 5, 7], [4, 6, 7, 9], [4, 5, 6, 7, 9], [1, 6, 8, 9], [3]], [[3, 4, 6, 7], [3, 6, 7], [9], [1], [3, 4, 5, 7], [8], [2, 4, 5, 6, 7], [6], [2, 4, 5, 6]], [[6, 7], [4], [2, 6, 7], [2, 3, 7, 9], [8], [2, 3, 7, 9], [1], [5], [6, 9]], [[5, 6, 7], [9], [5, 6, 7], [3, 4, 5, 7], [1], [3, 4, 7], [3, 4, 6], [2], [4, 6, 8]], [[1, 5], [8], [3], [2, 4, 5, 9], [6], [2, 4, 9], [4, 9], [7], [4, 9]], [[1, 3, 4, 7, 9], [1, 3, 7], [1, 4, 7], [6], [3, 4, 7], [5], [8], [1, 9], [1, 2, 9]], [[2], [1, 6, 7], [1, 4, 5, 6, 7, 8], [4, 7, 8], [4, 7], [1, 4, 7], [5, 6, 9], [3], [1, 5, 6, 9]], [[1, 3, 5, 6], [1, 3, 6], [1, 5, 6, 8], [2, 3, 8], [9], [1, 2, 3], [2, 5, 6], [4], [7]]]]
INFO:root:8414:Doing checkSmall1
INFO:root:8414:Getting tiny MUSes, distance 1, for 183 puzlits, 1 repeats
INFO:root:8450:Chunked 183 in [12, 12, 12, 12, 12, 12, 12, 11, 11, 11, 11, 11, 11, 11, 11, 11]
INFO:root:8496:XX found first (2, 8) is 8 1
INFO:root:8496:XX found first (5, 7) is 3 1
INFO:root:8496:XX found first (4, 3) is 2 1
INFO:root:8496:XX found first (7, 1) is 9 1
INFO:root:8496:XX found first (6, 1) is 1 1
INFO:root:8496:XX found first (7, 9) is 2 1
INFO:root:8496:XX found first (5, 9) is 8 1
INFO:root:8496:XX found first (3, 8) is 6 1
INFO:root:8509:Early exit from checkSmall1
INFO:root:8536:Starting Step 3
INFO:root:9051:Current state [[[[8], [5], [1, 4, 6, 7], [3, 4, 7, 9], [2], [3, 4, 6, 7, 9], [4, 6, 7, 9], [1, 6, 9], [1, 4, 6, 9]], [[1, 4, 6, 7], [2], [1, 4, 6, 7], [4, 5, 7, 9], [4, 5, 7], [4, 6, 7, 9], [4, 5, 6, 7, 9], [8], [3]], [[3, 4, 6, 7], [3, 6, 7], [9], [1], [3, 4, 5, 7], [8], [2, 4, 5, 6, 7], [6], [2, 4, 5, 6]], [[6, 7], [4], [2], [2, 3, 7, 9], [8], [2, 3, 7, 9], [1], [5], [6, 9]], [[5, 6, 7], [9], [5, 6, 7], [3, 4, 5, 7], [1], [3, 4, 7], [3], [2], [8]], [[1], [8], [3], [2, 4, 5, 9], [6], [2, 4, 9], [4, 9], [7], [4, 9]], [[9], [1, 3, 7], [1, 4, 7], [6], [3, 4, 7], [5], [8], [1, 9], [2]], [[2], [1, 6, 7], [1, 4, 5, 6, 7, 8], [4, 7, 8], [4, 7], [1, 4, 7], [5, 6, 9], [3], [1, 5, 6, 9]], [[1, 3, 5, 6], [1, 3, 6], [1, 5, 6, 8], [2, 3, 8], [9], [1, 2, 3], [2, 5, 6], [4], [7]]]]
INFO:root:9051:Doing checkSmall1
INFO:root:9051:Getting tiny MUSes, distance 1, for 175 puzlits, 1 repeats
INFO:root:9086:Chunked 175 in [11, 11, 11, 11, 11, 11, 11, 11, 11, 11, 11, 11, 11, 11, 11, 10]
INFO:root:9130:XX found first (3, 7) is not 6 1
INFO:root:9130:XX found first (7, 9) is not 9 1
INFO:root:9130:XX found first (2, 8) is not 9 1
INFO:root:9130:XX found first (1, 7) is not 6 1
INFO:root:9130:XX found first (3, 9) is not 6 1
INFO:root:9130:XX found first (7, 8) is not 9 1
INFO:root:9130:XX found first (2, 7) is not 6 1
INFO:root:9130:XX found first (4, 3) is not 6 1
INFO:root:9130:XX found first (5, 4) is not 3 1
INFO:root:9130:XX found first (4, 6) is not 2 1
INFO:root:9130:XX found first (7, 1) is not 1 1
INFO:root:9130:XX found first (3, 9) is not 2 1
INFO:root:9130:XX found first (5, 9) is not 4 1
INFO:root:9130:XX found first (5, 9) is not 6 1
INFO:root:9130:XX found first (9, 7) is not 2 1
INFO:root:9131:XX found first (3, 2) is not 6 1
INFO:root:9131:XX found first (4, 3) is not 7 1
INFO:root:9131:XX found first (6, 1) is not 5 1
INFO:root:9131:XX found first (3, 1) is not 6 1
INFO:root:9131:XX found first (5, 7) is not 6 1
INFO:root:9131:XX found first (7, 1) is not 3 1
INFO:root:9131:XX found first (5, 6) is not 3 1
INFO:root:9131:XX found first (5, 7) is not 4 1
INFO:root:9131:XX found first (1, 9) is not 6 1
INFO:root:9131:XX found first (2, 8) is not 6 1
INFO:root:9131:XX found first (7, 9) is not 1 1
INFO:root:9131:XX found first (7, 1) is not 7 1
INFO:root:9131:XX found first (4, 4) is not 2 1
INFO:root:9131:XX found first (1, 8) is not 6 1
INFO:root:9131:XX found first (2, 1) is not 1 1
INFO:root:9131:XX found first (2, 8) is not 1 1
INFO:root:9131:XX found first (7, 1) is not 4 1
INFO:root:9131:XX found first (9, 1) is not 1 1
INFO:root:9144:Early exit from checkSmall1
INFO:root:9155:Starting Step 4
INFO:root:9692:Current state [[[[8], [5], [1, 4, 6, 7], [3, 4, 7, 9], [2], [3, 4, 6, 7, 9], [4, 7, 9], [1, 9], [1, 4, 9]], [[4, 6, 7], [2], [1, 4, 6, 7], [4, 5, 7, 9], [4, 5, 7], [4, 6, 7, 9], [4, 5, 7, 9], [8], [3]], [[3, 4, 7], [3, 7], [9], [1], [3, 4, 5, 7], [8], [2, 4, 5, 7], [6], [4, 5]], [[6, 7], [4], [2], [3, 7, 9], [8], [3, 7, 9], [1], [5], [6, 9]], [[5, 6, 7], [9], [5, 6, 7], [4, 5, 7], [1], [4, 7], [3], [2], [8]], [[1], [8], [3], [2, 4, 5, 9], [6], [2, 4, 9], [4, 9], [7], [4, 9]], [[9], [1, 3, 7], [1, 4, 7], [6], [3, 4, 7], [5], [8], [1], [2]], [[2], [1, 6, 7], [1, 4, 5, 6, 7, 8], [4, 7, 8], [4, 7], [1, 4, 7], [5, 6, 9], [3], [1, 5, 6, 9]], [[3, 5, 6], [1, 3, 6], [1, 5, 6, 8], [2, 3, 8], [9], [1, 2, 3], [5, 6], [4], [7]]]]
INFO:root:9692:Doing checkSmall1
INFO:root:9692:Getting tiny MUSes, distance 1, for 142 puzlits, 1 repeats
INFO:root:9727:Chunked 142 in [9, 9, 9, 9, 9, 9, 9, 9, 9, 9, 9, 9, 9, 9, 8, 8]
INFO:root:9763:XX found first (6, 4) is 5 1
INFO:root:9763:XX found first (1, 8) is 9 1
INFO:root:9763:XX found first (7, 8) is 1 1
INFO:root:9763:XX found first (3, 7) is 2 1
INFO:root:9763:XX found first (4, 9) is 6 1
INFO:root:9763:XX found first (2, 3) is 1 1
INFO:root:9775:Early exit from checkSmall1
INFO:root:9799:Starting Step 5
INFO:root:10343:Current state [[[[8], [5], [1, 4, 6, 7], [3, 4, 7, 9], [2], [3, 4, 6, 7, 9], [4, 7, 9], [9], [1, 4, 9]], [[4, 6, 7], [2], [1], [4, 5, 7, 9], [4, 5, 7], [4, 6, 7, 9], [4, 5, 7, 9], [8], [3]], [[3, 4, 7], [3, 7], [9], [1], [3, 4, 5, 7], [8], [2], [6], [4, 5]], [[6, 7], [4], [2], [3, 7, 9], [8], [3, 7, 9], [1], [5], [6]], [[5, 6, 7], [9], [5, 6, 7], [4, 5, 7], [1], [4, 7], [3], [2], [8]], [[1], [8], [3], [5], [6], [2, 4, 9], [4, 9], [7], [4, 9]], [[9], [1, 3, 7], [1, 4, 7], [6], [3, 4, 7], [5], [8], [1], [2]], [[2], [1, 6, 7], [1, 4, 5, 6, 7, 8], [4, 7, 8], [4, 7], [1, 4, 7], [5, 6, 9], [3], [1, 5, 6, 9]], [[3, 5, 6], [1, 3, 6], [1, 5, 6, 8], [2, 3, 8], [9], [1, 2, 3], [5, 6], [4], [7]]]]
INFO:root:10343:Doing checkSmall1
INFO:root:10344:Getting tiny MUSes, distance 1, for 136 puzlits, 1 repeats
INFO:root:10379:Chunked 136 in [9, 9, 9, 9, 9, 9, 9, 9, 8, 8, 8, 8, 8, 8, 8, 8]
INFO:root:10414:XX found first (4, 1) is not 6 1
INFO:root:10414:XX found first (6, 4) is not 9 1
INFO:root:10414:XX found first (2, 3) is not 7 1
INFO:root:10414:XX found first (2, 3) is not 4 1
INFO:root:10414:XX found first (5, 4) is not 5 1
INFO:root:10414:XX found first (2, 7) is not 9 1
INFO:root:10414:XX found first (8, 3) is not 1 1
INFO:root:10414:XX found first (8, 9) is not 6 1
INFO:root:10414:XX found first (3, 7) is not 4 1
INFO:root:10414:XX found first (1, 4) is not 9 1
INFO:root:10414:XX found first (2, 3) is not 6 1
INFO:root:10414:XX found first (7, 3) is not 1 1
INFO:root:10414:XX found first (1, 3) is not 1 1
INFO:root:10414:XX found first (6, 4) is not 4 1
INFO:root:10414:XX found first (8, 9) is not 1 1
INFO:root:10414:XX found first (1, 8) is not 1 1
INFO:root:10414:XX found first (1, 7) is not 9 1
INFO:root:10414:XX found first (9, 3) is not 1 1
INFO:root:10414:XX found first (7, 2) is not 1 1
INFO:root:10414:XX found first (1, 6) is not 9 1
INFO:root:10415:XX found first (1, 9) is not 9 1
INFO:root:10415:XX found first (6, 4) is not 2 1
INFO:root:10415:XX found first (2, 4) is not 5 1
INFO:root:10415:XX found first (4, 9) is not 9 1
INFO:root:10415:XX found first (3, 7) is not 7 1
INFO:root:10415:XX found first (3, 7) is not 5 1
INFO:root:10427:Early exit from checkSmall1
INFO:root:10437:Starting Step 6
INFO:root:11006:Current state [[[[8], [5], [4, 6, 7], [3, 4, 7], [2], [3, 4, 6, 7], [4, 7], [9], [1, 4]], [[4, 6, 7], [2], [1], [4, 7, 9], [4, 5, 7], [4, 6, 7, 9], [4, 5, 7], [8], [3]], [[3, 4, 7], [3, 7], [9], [1], [3, 4, 5, 7], [8], [2], [6], [4, 5]], [[7], [4], [2], [3, 7, 9], [8], [3, 7, 9], [1], [5], [6]], [[5, 6, 7], [9], [5, 6, 7], [4, 7], [1], [4, 7], [3], [2], [8]], [[1], [8], [3], [5], [6], [2, 4, 9], [4, 9], [7], [4, 9]], [[9], [3, 7], [4, 7], [6], [3, 4, 7], [5], [8], [1], [2]], [[2], [1, 6, 7], [4, 5, 6, 7, 8], [4, 7, 8], [4, 7], [1, 4, 7], [5, 6, 9], [3], [5, 9]], [[3, 5, 6], [1, 3, 6], [5, 6, 8], [2, 3, 8], [9], [1, 2, 3], [5, 6], [4], [7]]]]
INFO:root:11006:Doing checkSmall1
INFO:root:11006:Getting tiny MUSes, distance 1, for 110 puzlits, 1 repeats
INFO:root:11041:Chunked 110 in [7, 7, 7, 7, 7, 7, 7, 7, 7, 7, 7, 7, 7, 7, 6, 6]
INFO:root:11070:XX found first (6, 6) is 2 1
INFO:root:11070:XX found first (4, 1) is 7 1
INFO:root:11070:XX found first (9, 4) is 2 1
INFO:root:11071:XX found first (1, 9) is 1 1
INFO:root:11083:Early exit from checkSmall1
INFO:root:11101:Starting Step 7
INFO:root:11664:Current state [[[[8], [5], [4, 6, 7], [3, 4, 7], [2], [3, 4, 6, 7], [4, 7], [9], [1]], [[4, 6, 7], [2], [1], [4, 7, 9], [4, 5, 7], [4, 6, 7, 9], [4, 5, 7], [8], [3]], [[3, 4, 7], [3, 7], [9], [1], [3, 4, 5, 7], [8], [2], [6], [4, 5]], [[7], [4], [2], [3, 7, 9], [8], [3, 7, 9], [1], [5], [6]], [[5, 6, 7], [9], [5, 6, 7], [4, 7], [1], [4, 7], [3], [2], [8]], [[1], [8], [3], [5], [6], [2], [4, 9], [7], [4, 9]], [[9], [3, 7], [4, 7], [6], [3, 4, 7], [5], [8], [1], [2]], [[2], [1, 6, 7], [4, 5, 6, 7, 8], [4, 7, 8], [4, 7], [1, 4, 7], [5, 6, 9], [3], [5, 9]], [[3, 5, 6], [1, 3, 6], [5, 6, 8], [2], [9], [1, 2, 3], [5, 6], [4], [7]]]]
INFO:root:11664:Doing checkSmall1
INFO:root:11664:Getting tiny MUSes, distance 1, for 106 puzlits, 1 repeats
INFO:root:11700:Chunked 106 in [7, 7, 7, 7, 7, 7, 7, 7, 7, 7, 6, 6, 6, 6, 6, 6]
INFO:root:11731:XX found first (5, 1) is not 7 1
INFO:root:11732:XX found first (4, 4) is not 7 1
INFO:root:11732:XX found first (9, 4) is not 8 1
INFO:root:11732:XX found first (3, 1) is not 7 1
INFO:root:11732:XX found first (5, 3) is not 7 1
INFO:root:11732:XX found first (6, 6) is not 9 1
INFO:root:11732:XX found first (9, 4) is not 3 1
INFO:root:11732:XX found first (1, 9) is not 4 1
INFO:root:11732:XX found first (2, 1) is not 7 1
INFO:root:11732:XX found first (6, 6) is not 4 1
INFO:root:11732:XX found first (9, 6) is not 2 1
INFO:root:11732:XX found first (4, 6) is not 7 1
INFO:root:11744:Early exit from checkSmall1
INFO:root:11753:Starting Step 8
INFO:root:12323:Current state [[[[8], [5], [4, 6, 7], [3, 4, 7], [2], [3, 4, 6, 7], [4, 7], [9], [1]], [[4, 6], [2], [1], [4, 7, 9], [4, 5, 7], [4, 6, 7, 9], [4, 5, 7], [8], [3]], [[3, 4], [3, 7], [9], [1], [3, 4, 5, 7], [8], [2], [6], [4, 5]], [[7], [4], [2], [3, 9], [8], [3, 9], [1], [5], [6]], [[5, 6], [9], [5, 6], [4, 7], [1], [4, 7], [3], [2], [8]], [[1], [8], [3], [5], [6], [2], [4, 9], [7], [4, 9]], [[9], [3, 7], [4, 7], [6], [3, 4, 7], [5], [8], [1], [2]], [[2], [1, 6, 7], [4, 5, 6, 7, 8], [4, 7, 8], [4, 7], [1, 4, 7], [5, 6, 9], [3], [5, 9]], [[3, 5, 6], [1, 3, 6], [5, 6, 8], [2], [9], [1, 3], [5, 6], [4], [7]]]]
INFO:root:12324:Doing checkSmall1
INFO:root:12324:Getting tiny MUSes, distance 1, for 94 puzlits, 1 repeats
INFO:root:12359:Chunked 94 in [6, 6, 6, 6, 6, 6, 6, 6, 6, 6, 6, 6, 6, 6, 5, 5]
INFO:root:12380:XX found first (9, 3) is 8 1
INFO:root:12380:XX found first (8, 4) is 8 1
INFO:root:12393:Early exit from checkSmall1
INFO:root:12409:Starting Step 9
INFO:root:12987:Current state [[[[8], [5], [4, 6, 7], [3, 4, 7], [2], [3, 4, 6, 7], [4, 7], [9], [1]], [[4, 6], [2], [1], [4, 7, 9], [4, 5, 7], [4, 6, 7, 9], [4, 5, 7], [8], [3]], [[3, 4], [3, 7], [9], [1], [3, 4, 5, 7], [8], [2], [6], [4, 5]], [[7], [4], [2], [3, 9], [8], [3, 9], [1], [5], [6]], [[5, 6], [9], [5, 6], [4, 7], [1], [4, 7], [3], [2], [8]], [[1], [8], [3], [5], [6], [2], [4, 9], [7], [4, 9]], [[9], [3, 7], [4, 7], [6], [3, 4, 7], [5], [8], [1], [2]], [[2], [1, 6, 7], [4, 5, 6, 7, 8], [8], [4, 7], [1, 4, 7], [5, 6, 9], [3], [5, 9]], [[3, 5, 6], [1, 3, 6], [8], [2], [9], [1, 3], [5, 6], [4], [7]]]]
INFO:root:12987:Doing checkSmall1
INFO:root:12987:Getting tiny MUSes, distance 1, for 92 puzlits, 1 repeats
INFO:root:13023:Chunked 92 in [6, 6, 6, 6, 6, 6, 6, 6, 6, 6, 6, 6, 5, 5, 5, 5]
INFO:root:13051:XX found first (8, 4) is not 7 1
INFO:root:13051:XX found first (8, 4) is not 4 1
INFO:root:13051:XX found first (9, 3) is not 6 1
INFO:root:13051:XX found first (9, 3) is not 5 1
INFO:root:13051:XX found first (8, 3) is not 8 1
INFO:root:13063:Early exit from checkSmall1
INFO:root:13072:Starting Step 10
INFO:root:13650:Current state [[[[8], [5], [4, 6, 7], [3, 4, 7], [2], [3, 4, 6, 7], [4, 7], [9], [1]], [[4, 6], [2], [1], [4, 7, 9], [4, 5, 7], [4, 6, 7, 9], [4, 5, 7], [8], [3]], [[3, 4], [3, 7], [9], [1], [3, 4, 5, 7], [8], [2], [6], [4, 5]], [[7], [4], [2], [3, 9], [8], [3, 9], [1], [5], [6]], [[5, 6], [9], [5, 6], [4, 7], [1], [4, 7], [3], [2], [8]], [[1], [8], [3], [5], [6], [2], [4, 9], [7], [4, 9]], [[9], [3, 7], [4, 7], [6], [3, 4, 7], [5], [8], [1], [2]], [[2], [1, 6, 7], [4, 5, 6, 7], [8], [4, 7], [1, 4, 7], [5, 6, 9], [3], [5, 9]], [[3, 5, 6], [1, 3, 6], [8], [2], [9], [1, 3], [5, 6], [4], [7]]]]
INFO:root:13651:Doing checkSmall1
INFO:root:13651:Getting tiny MUSes, distance 1, for 87 puzlits, 1 repeats
INFO:root:13685:Chunked 87 in [6, 6, 6, 6, 6, 6, 6, 5, 5, 5, 5, 5, 5, 5, 5, 5]
INFO:root:13756:Considering 100 * 87 jobs for minsize=3
INFO:root:13774:Chunked 8700 in [544, 544, 544, 544, 544, 544, 544, 544, 544, 544, 544, 544, 543, 543, 543, 543]
INFO:root:4398826:Considering 100 * 87 jobs for minsize=4
INFO:root:4398841:Chunked 8700 in [544, 544, 544, 544, 544, 544, 544, 544, 544, 544, 544, 544, 543, 543, 543, 543]
INFO:root:9148074:!! Found smaller !!!! 3 4
INFO:root:9148074:XX found first (3, 5) is not 3 3
INFO:root:9148074:!! Found smaller !!!! 3 4
INFO:root:9148074:XX found first (9, 1) is not 6 3
INFO:root:9148074:!! Found smaller !!!! 3 4
INFO:root:9148074:XX found first (1, 3) is not 4 3
INFO:root:9148074:!! Found smaller !!!! 3 4
INFO:root:9148074:XX add new best (1, 3) is not 4 3 3
INFO:root:9148074:!! Found smaller !!!! 3 4
INFO:root:9148074:XX add new best (3, 5) is not 3 3 3
INFO:root:9148074:!! Found smaller !!!! 3 4
INFO:root:9148075:XX add new best (3, 5) is not 3 3 3
INFO:root:9148075:!! Found smaller !!!! 3 4
INFO:root:9148075:XX add new best (9, 1) is not 6 3 3
INFO:root:9148075:!! Found smaller !!!! 3 4
INFO:root:9148075:XX add new best (1, 3) is not 4 3 3
INFO:root:9148075:!! Found smaller !!!! 3 4
INFO:root:9148075:XX found first (8, 3) is not 6 3
INFO:root:9148075:!! Found smaller !!!! 3 4
INFO:root:9148075:XX add new best (3, 5) is not 3 3 3
INFO:root:9148075:!! Found smaller !!!! 3 4
INFO:root:9148075:XX add new best (9, 1) is not 6 3 3
INFO:root:9148075:!! Found smaller !!!! 3 4
INFO:root:9148075:XX add new best (3, 5) is not 3 3 3
INFO:root:9148075:!! Found smaller !!!! 3 4
INFO:root:9148075:XX add new best (8, 3) is not 6 3 3
INFO:root:9148075:!! Found smaller !!!! 3 4
INFO:root:9148075:XX add new best (9, 1) is not 6 3 3
INFO:root:9148075:!! Found smaller !!!! 3 4
INFO:root:9148076:XX add new best (3, 5) is not 3 3 3
INFO:root:9148076:!! Found smaller !!!! 3 4
INFO:root:9148076:XX add new best (3, 5) is not 3 3 3
INFO:root:9148076:!! Found smaller !!!! 3 4
INFO:root:9148076:XX add new best (1, 3) is not 4 3 3
INFO:root:9148076:!! Found smaller !!!! 3 4
INFO:root:9148076:XX add new best (3, 5) is not 3 3 3
INFO:root:9148076:!! Found smaller !!!! 3 4
INFO:root:9148076:XX add new best (3, 5) is not 3 3 3
INFO:root:9148076:!! Found smaller !!!! 3 4
INFO:root:9148076:XX add new best (1, 3) is not 4 3 3
INFO:root:9148076:!! Found smaller !!!! 3 4
INFO:root:9148076:XX add new best (1, 3) is not 4 3 3
INFO:root:9148076:!! Found smaller !!!! 3 4
INFO:root:9148076:XX add new best (1, 3) is not 4 3 3
INFO:root:9148076:!! Found smaller !!!! 3 4
INFO:root:9148076:XX add new best (3, 5) is not 3 3 3
INFO:root:9148077:!! Found smaller !!!! 3 4
INFO:root:9148077:XX add new best (8, 3) is not 6 3 3
INFO:root:9148077:!! Found smaller !!!! 3 4
INFO:root:9148077:XX add new best (3, 5) is not 3 3 3
INFO:root:9148077:!! Found smaller !!!! 3 4
INFO:root:9148077:XX add new best (9, 1) is not 6 3 3
INFO:root:9148077:!! Found smaller !!!! 3 4
INFO:root:9148077:XX add new best (9, 1) is not 6 3 3
INFO:root:9148077:!! Found smaller !!!! 3 4
INFO:root:9148077:XX add new best (8, 3) is not 6 3 3
INFO:root:9148077:!! Found smaller !!!! 3 4
INFO:root:9148077:XX add new best (3, 5) is not 3 3 3
INFO:root:9148077:!! Found smaller !!!! 3 4
INFO:root:9148077:XX add new best (1, 3) is not 4 3 3
INFO:root:9148077:!! Found smaller !!!! 3 4
INFO:root:9148077:XX add new best (3, 5) is not 3 3 3
INFO:root:9148077:!! Found smaller !!!! 3 4
INFO:root:9148078:XX add new best (8, 3) is not 6 3 3
INFO:root:9148078:!! Found smaller !!!! 3 4
INFO:root:9148078:XX add new best (8, 3) is not 6 3 3
INFO:root:9148078:!! Found smaller !!!! 3 4
INFO:root:9148078:XX add new best (9, 1) is not 6 3 3
INFO:root:9148078:!! Found smaller !!!! 3 4
INFO:root:9148078:XX add new best (1, 3) is not 4 3 3
INFO:root:9148078:!! Found smaller !!!! 3 4
INFO:root:9148078:XX add new best (1, 3) is not 4 3 3
INFO:root:9148078:!! Found smaller !!!! 3 4
INFO:root:9148078:XX add new best (3, 5) is not 3 3 3
INFO:root:9148078:!! Found smaller !!!! 3 4
INFO:root:9148078:XX add new best (9, 1) is not 6 3 3
INFO:root:9148078:!! Found smaller !!!! 3 4
INFO:root:9148078:XX add new best (9, 1) is not 6 3 3
INFO:root:9148078:!! Found smaller !!!! 3 4
INFO:root:9148078:XX add new best (8, 3) is not 6 3 3
INFO:root:9148079:!! Found smaller !!!! 3 4
INFO:root:9148079:XX add new best (3, 5) is not 3 3 3
INFO:root:9148079:!! Found smaller !!!! 3 4
INFO:root:9148079:XX add new best (3, 5) is not 3 3 3
INFO:root:9148079:!! Found smaller !!!! 3 4
INFO:root:9148079:XX add new best (1, 3) is not 4 3 3
INFO:root:9148079:!! Found smaller !!!! 3 4
INFO:root:9148079:XX add new best (8, 3) is not 6 3 3
INFO:root:9148079:!! Found smaller !!!! 3 4
INFO:root:9148079:XX add new best (9, 1) is not 6 3 3
INFO:root:9148079:!! Found smaller !!!! 3 4
INFO:root:9148079:XX add new best (9, 1) is not 6 3 3
INFO:root:9148079:!! Found smaller !!!! 3 4
INFO:root:9148079:XX add new best (1, 3) is not 4 3 3
INFO:root:9148079:!! Found smaller !!!! 3 4
INFO:root:9148079:XX add new best (1, 3) is not 4 3 3
INFO:root:9148079:!! Found smaller !!!! 3 4
INFO:root:9148080:XX add new best (1, 3) is not 4 3 3
INFO:root:9148080:!! Found smaller !!!! 3 4
INFO:root:9148080:XX add new best (8, 3) is not 6 3 3
INFO:root:9148080:!! Found smaller !!!! 3 4
INFO:root:9148080:XX add new best (3, 5) is not 3 3 3
INFO:root:9148080:!! Found smaller !!!! 3 4
INFO:root:9148080:XX add new best (8, 3) is not 6 3 3
INFO:root:9148080:!! Found smaller !!!! 3 4
INFO:root:9148080:XX add new best (3, 5) is not 3 3 3
INFO:root:9148080:!! Found smaller !!!! 3 4
INFO:root:9148080:XX add new best (1, 3) is not 4 3 3
INFO:root:9148080:!! Found smaller !!!! 3 4
INFO:root:9148080:XX add new best (9, 1) is not 6 3 3
INFO:root:9148080:!! Found smaller !!!! 3 4
INFO:root:9148080:XX add new best (9, 1) is not 6 3 3
INFO:root:9148080:!! Found smaller !!!! 3 4
INFO:root:9148080:XX add new best (3, 5) is not 3 3 3
INFO:root:9148081:!! Found smaller !!!! 3 4
INFO:root:9148081:XX add new best (3, 5) is not 3 3 3
INFO:root:9148081:!! Found smaller !!!! 3 4
INFO:root:9148081:XX add new best (8, 3) is not 6 3 3
INFO:root:9148081:!! Found smaller !!!! 3 4
INFO:root:9148081:XX add new best (1, 3) is not 4 3 3
INFO:root:9148081:!! Found smaller !!!! 3 4
INFO:root:9148081:XX add new best (1, 3) is not 4 3 3
INFO:root:9148081:!! Found smaller !!!! 3 4
INFO:root:9148081:XX add new best (3, 5) is not 3 3 3
INFO:root:9148081:!! Found smaller !!!! 3 4
INFO:root:9148081:XX add new best (1, 3) is not 4 3 3
INFO:root:9148081:!! Found smaller !!!! 3 4
INFO:root:9148081:XX add new best (8, 3) is not 6 3 3
INFO:root:9148081:!! Found smaller !!!! 3 4
INFO:root:9148081:XX add new best (3, 5) is not 3 3 3
INFO:root:9148082:!! Found smaller !!!! 3 4
INFO:root:9148082:XX add new best (3, 5) is not 3 3 3
INFO:root:9148082:!! Found smaller !!!! 3 4
INFO:root:9148082:XX add new best (8, 3) is not 6 3 3
INFO:root:9148082:!! Found smaller !!!! 3 4
INFO:root:9148082:XX add new best (8, 3) is not 6 3 3
INFO:root:9148082:!! Found smaller !!!! 3 4
INFO:root:9148082:XX add new best (1, 3) is not 4 3 3
INFO:root:9148082:!! Found smaller !!!! 3 4
INFO:root:9148082:XX add new best (1, 3) is not 4 3 3
INFO:root:9148082:!! Found smaller !!!! 3 4
INFO:root:9148082:XX add new best (1, 3) is not 4 3 3
INFO:root:9148082:!! Found smaller !!!! 3 4
INFO:root:9148082:XX add new best (1, 3) is not 4 3 3
INFO:root:9148082:!! Found smaller !!!! 3 4
INFO:root:9148082:XX add new best (1, 3) is not 4 3 3
INFO:root:9148082:!! Found smaller !!!! 3 4
INFO:root:9148082:XX add new best (3, 5) is not 3 3 3
INFO:root:9148083:!! Found smaller !!!! 3 4
INFO:root:9148083:XX add new best (1, 3) is not 4 3 3
INFO:root:9148083:!! Found smaller !!!! 3 4
INFO:root:9148083:XX add new best (3, 5) is not 3 3 3
INFO:root:9148083:!! Found smaller !!!! 3 4
INFO:root:9148083:XX add new best (3, 5) is not 3 3 3
INFO:root:9148083:!! Found smaller !!!! 3 4
INFO:root:9148083:XX add new best (3, 5) is not 3 3 3
INFO:root:9148083:!! Found smaller !!!! 3 4
INFO:root:9148083:XX add new best (8, 3) is not 6 3 3
INFO:root:9148083:!! Found smaller !!!! 3 4
INFO:root:9148083:XX add new best (1, 3) is not 4 3 3
INFO:root:9148083:!! Found smaller !!!! 3 4
INFO:root:9148083:XX add new best (3, 5) is not 3 3 3
INFO:root:9148083:!! Found smaller !!!! 3 4
INFO:root:9148083:XX add new best (9, 1) is not 6 3 3
INFO:root:9148083:!! Found smaller !!!! 3 4
INFO:root:9148084:XX add new best (3, 5) is not 3 3 3
INFO:root:9148084:!! Found smaller !!!! 3 4
INFO:root:9148084:XX add new best (8, 3) is not 6 3 3
INFO:root:9148084:!! Found smaller !!!! 3 4
INFO:root:9148084:XX add new best (1, 3) is not 4 3 3
INFO:root:9148084:!! Found smaller !!!! 3 4
INFO:root:9148084:XX add new best (8, 3) is not 6 3 3
INFO:root:9148084:!! Found smaller !!!! 3 4
INFO:root:9148084:XX add new best (3, 5) is not 3 3 3
INFO:root:9148084:!! Found smaller !!!! 3 4
INFO:root:9148084:XX add new best (8, 3) is not 6 3 3
INFO:root:9148084:!! Found smaller !!!! 3 4
INFO:root:9148084:XX add new best (3, 5) is not 3 3 3
INFO:root:9148084:!! Found smaller !!!! 3 4
INFO:root:9148084:XX add new best (3, 5) is not 3 3 3
INFO:root:9148084:!! Found smaller !!!! 3 4
INFO:root:9148084:XX add new best (8, 3) is not 6 3 3
INFO:root:9148085:!! Found smaller !!!! 3 4
INFO:root:9148085:XX add new best (1, 3) is not 4 3 3
INFO:root:9148085:!! Found smaller !!!! 3 4
INFO:root:9148085:XX add new best (9, 1) is not 6 3 3
INFO:root:9148085:!! Found smaller !!!! 3 4
INFO:root:9148085:XX add new best (1, 3) is not 4 3 3
INFO:root:9148085:!! Found smaller !!!! 3 4
INFO:root:9148085:XX add new best (3, 5) is not 3 3 3
INFO:root:9148085:!! Found smaller !!!! 3 4
INFO:root:9148085:XX add new best (3, 5) is not 3 3 3
INFO:root:9148085:!! Found smaller !!!! 3 4
INFO:root:9148085:XX add new best (8, 3) is not 6 3 3
INFO:root:9148085:!! Found smaller !!!! 3 4
INFO:root:9148085:XX add new best (1, 3) is not 4 3 3
INFO:root:9148085:!! Found smaller !!!! 3 4
INFO:root:9148085:XX add new best (1, 3) is not 4 3 3
INFO:root:9148085:!! Found smaller !!!! 3 4
INFO:root:9148086:XX add new best (8, 3) is not 6 3 3
INFO:root:9148086:!! Found smaller !!!! 3 4
INFO:root:9148086:XX add new best (8, 3) is not 6 3 3
INFO:root:9148086:!! Found smaller !!!! 3 4
INFO:root:9148086:XX add new best (3, 5) is not 3 3 3
INFO:root:9148086:!! Found smaller !!!! 3 4
INFO:root:9148086:XX add new best (1, 3) is not 4 3 3
INFO:root:9148086:!! Found smaller !!!! 3 4
INFO:root:9148086:XX add new best (3, 5) is not 3 3 3
INFO:root:9148086:!! Found smaller !!!! 3 4
INFO:root:9148086:XX add new best (3, 5) is not 3 3 3
INFO:root:9148086:!! Found smaller !!!! 3 4
INFO:root:9148086:XX add new best (1, 3) is not 4 3 3
INFO:root:9148086:!! Found smaller !!!! 3 4
INFO:root:9148086:XX add new best (1, 3) is not 4 3 3
INFO:root:9148086:!! Found smaller !!!! 3 4
INFO:root:9148086:XX add new best (9, 1) is not 6 3 3
INFO:root:9148087:!! Found smaller !!!! 3 4
INFO:root:9148087:XX add new best (1, 3) is not 4 3 3
INFO:root:9148087:!! Found smaller !!!! 3 4
INFO:root:9148087:XX add new best (3, 5) is not 3 3 3
INFO:root:9148087:!! Found smaller !!!! 3 4
INFO:root:9148087:XX add new best (9, 1) is not 6 3 3
INFO:root:9148087:!! Found smaller !!!! 3 4
INFO:root:9148087:XX add new best (9, 1) is not 6 3 3
INFO:root:9148087:!! Found smaller !!!! 3 4
INFO:root:9148087:XX add new best (3, 5) is not 3 3 3
INFO:root:9148087:!! Found smaller !!!! 3 4
INFO:root:9148087:XX add new best (1, 3) is not 4 3 3
INFO:root:9148087:!! Found smaller !!!! 3 4
INFO:root:9148087:XX add new best (9, 1) is not 6 3 3
INFO:root:9148087:!! Found smaller !!!! 3 4
INFO:root:9148087:XX add new best (1, 3) is not 4 3 3
INFO:root:9148233:Minimal choices : 4 [(1, 3) is not 4, (3, 5) is not 3, (8, 3) is not 6, (9, 1) is not 6]
INFO:root:9148234:Starting Step 11
INFO:root:9148819:Current state [[[[8], [5], [4, 6, 7], [3, 4, 7], [2], [3, 4, 6, 7], [4, 7], [9], [1]], [[4, 6], [2], [1], [4, 7, 9], [4, 5, 7], [4, 6, 7, 9], [4, 5, 7], [8], [3]], [[3, 4], [3, 7], [9], [1], [4, 5, 7], [8], [2], [6], [4, 5]], [[7], [4], [2], [3, 9], [8], [3, 9], [1], [5], [6]], [[5, 6], [9], [5, 6], [4, 7], [1], [4, 7], [3], [2], [8]], [[1], [8], [3], [5], [6], [2], [4, 9], [7], [4, 9]], [[9], [3, 7], [4, 7], [6], [3, 4, 7], [5], [8], [1], [2]], [[2], [1, 6, 7], [4, 5, 6, 7], [8], [4, 7], [1, 4, 7], [5, 6, 9], [3], [5, 9]], [[3, 5, 6], [1, 3, 6], [8], [2], [9], [1, 3], [5, 6], [4], [7]]]]
INFO:root:9148819:Doing checkSmall1
INFO:root:9148819:Getting tiny MUSes, distance 1, for 86 puzlits, 1 repeats
INFO:root:9148857:Chunked 86 in [6, 6, 6, 6, 6, 6, 5, 5, 5, 5, 5, 5, 5, 5, 5, 5]
INFO:root:9148883:XX found first (7, 5) is 3 1
INFO:root:9148895:Early exit from checkSmall1
INFO:root:9148908:Starting Step 12
INFO:root:9149485:Current state [[[[8], [5], [4, 6, 7], [3, 4, 7], [2], [3, 4, 6, 7], [4, 7], [9], [1]], [[4, 6], [2], [1], [4, 7, 9], [4, 5, 7], [4, 6, 7, 9], [4, 5, 7], [8], [3]], [[3, 4], [3, 7], [9], [1], [4, 5, 7], [8], [2], [6], [4, 5]], [[7], [4], [2], [3, 9], [8], [3, 9], [1], [5], [6]], [[5, 6], [9], [5, 6], [4, 7], [1], [4, 7], [3], [2], [8]], [[1], [8], [3], [5], [6], [2], [4, 9], [7], [4, 9]], [[9], [3, 7], [4, 7], [6], [3], [5], [8], [1], [2]], [[2], [1, 6, 7], [4, 5, 6, 7], [8], [4, 7], [1, 4, 7], [5, 6, 9], [3], [5, 9]], [[3, 5, 6], [1, 3, 6], [8], [2], [9], [1, 3], [5, 6], [4], [7]]]]
INFO:root:9149485:Doing checkSmall1
INFO:root:9149485:Getting tiny MUSes, distance 1, for 85 puzlits, 1 repeats
INFO:root:9149522:Chunked 85 in [6, 6, 6, 6, 6, 5, 5, 5, 5, 5, 5, 5, 5, 5, 5, 5]
INFO:root:9149548:XX found first (7, 2) is not 3 1
INFO:root:9149549:XX found first (7, 5) is not 4 1
INFO:root:9149549:XX found first (9, 6) is not 3 1
INFO:root:9149549:XX found first (7, 5) is not 7 1
INFO:root:9149562:Early exit from checkSmall1
INFO:root:9149571:Starting Step 13
INFO:root:9150150:Current state [[[[8], [5], [4, 6, 7], [3, 4, 7], [2], [3, 4, 6, 7], [4, 7], [9], [1]], [[4, 6], [2], [1], [4, 7, 9], [4, 5, 7], [4, 6, 7, 9], [4, 5, 7], [8], [3]], [[3, 4], [3, 7], [9], [1], [4, 5, 7], [8], [2], [6], [4, 5]], [[7], [4], [2], [3, 9], [8], [3, 9], [1], [5], [6]], [[5, 6], [9], [5, 6], [4, 7], [1], [4, 7], [3], [2], [8]], [[1], [8], [3], [5], [6], [2], [4, 9], [7], [4, 9]], [[9], [7], [4, 7], [6], [3], [5], [8], [1], [2]], [[2], [1, 6, 7], [4, 5, 6, 7], [8], [4, 7], [1, 4, 7], [5, 6, 9], [3], [5, 9]], [[3, 5, 6], [1, 3, 6], [8], [2], [9], [1], [5, 6], [4], [7]]]]
INFO:root:9150150:Doing checkSmall1
INFO:root:9150150:Getting tiny MUSes, distance 1, for 81 puzlits, 1 repeats
INFO:root:9150186:Chunked 81 in [6, 5, 5, 5, 5, 5, 5, 5, 5, 5, 5, 5, 5, 5, 5, 5]
INFO:root:9150210:XX found first (7, 2) is 7 1
INFO:root:9150210:XX found first (7, 3) is 4 1
INFO:root:9150210:XX found first (9, 6) is 1 1
INFO:root:9150223:Early exit from checkSmall1
INFO:root:9150243:Starting Step 14
INFO:root:9150835:Current state [[[[8], [5], [4, 6, 7], [3, 4, 7], [2], [3, 4, 6, 7], [4, 7], [9], [1]], [[4, 6], [2], [1], [4, 7, 9], [4, 5, 7], [4, 6, 7, 9], [4, 5, 7], [8], [3]], [[3, 4], [3, 7], [9], [1], [4, 5, 7], [8], [2], [6], [4, 5]], [[7], [4], [2], [3, 9], [8], [3, 9], [1], [5], [6]], [[5, 6], [9], [5, 6], [4, 7], [1], [4, 7], [3], [2], [8]], [[1], [8], [3], [5], [6], [2], [4, 9], [7], [4, 9]], [[9], [7], [4], [6], [3], [5], [8], [1], [2]], [[2], [1, 6, 7], [4, 5, 6, 7], [8], [4, 7], [1, 4, 7], [5, 6, 9], [3], [5, 9]], [[3, 5, 6], [1, 3, 6], [8], [2], [9], [1], [5, 6], [4], [7]]]]
INFO:root:9150835:Doing checkSmall1
INFO:root:9150835:Getting tiny MUSes, distance 1, for 78 puzlits, 1 repeats
INFO:root:9150872:Chunked 78 in [5, 5, 5, 5, 5, 5, 5, 5, 5, 5, 5, 5, 5, 5, 4, 4]
INFO:root:9150906:XX found first (9, 2) is not 1 1
INFO:root:9150906:XX found first (8, 3) is not 7 1
INFO:root:9150906:XX found first (8, 2) is not 7 1
INFO:root:9150907:XX found first (3, 2) is not 7 1
INFO:root:9150907:XX found first (8, 6) is not 1 1
INFO:root:9150907:XX found first (7, 3) is not 7 1
INFO:root:9150907:XX found first (8, 3) is not 4 1
INFO:root:9150907:XX found first (1, 3) is not 4 1
INFO:root:9150920:Early exit from checkSmall1
INFO:root:9150929:Starting Step 15
INFO:root:9151517:Current state [[[[8], [5], [6, 7], [3, 4, 7], [2], [3, 4, 6, 7], [4, 7], [9], [1]], [[4, 6], [2], [1], [4, 7, 9], [4, 5, 7], [4, 6, 7, 9], [4, 5, 7], [8], [3]], [[3, 4], [3], [9], [1], [4, 5, 7], [8], [2], [6], [4, 5]], [[7], [4], [2], [3, 9], [8], [3, 9], [1], [5], [6]], [[5, 6], [9], [5, 6], [4, 7], [1], [4, 7], [3], [2], [8]], [[1], [8], [3], [5], [6], [2], [4, 9], [7], [4, 9]], [[9], [7], [4], [6], [3], [5], [8], [1], [2]], [[2], [1, 6], [5, 6], [8], [4, 7], [4, 7], [5, 6, 9], [3], [5, 9]], [[3, 5, 6], [3, 6], [8], [2], [9], [1], [5, 6], [4], [7]]]]
INFO:root:9151517:Doing checkSmall1
INFO:root:9151517:Getting tiny MUSes, distance 1, for 70 puzlits, 1 repeats
INFO:root:9151553:Chunked 70 in [5, 5, 5, 5, 5, 5, 4, 4, 4, 4, 4, 4, 4, 4, 4, 4]
INFO:root:9151572:XX found first (8, 2) is 1 1
INFO:root:9151572:XX found first (3, 5) is 7 1
INFO:root:9151572:XX found first (1, 3) is 7 1
INFO:root:9151572:XX found first (3, 2) is 3 1
INFO:root:9151585:Early exit from checkSmall1
INFO:root:9151607:Starting Step 16
INFO:root:9152201:Current state [[[[8], [5], [7], [3, 4, 7], [2], [3, 4, 6, 7], [4, 7], [9], [1]], [[4, 6], [2], [1], [4, 7, 9], [4, 5, 7], [4, 6, 7, 9], [4, 5, 7], [8], [3]], [[3, 4], [3], [9], [1], [7], [8], [2], [6], [4, 5]], [[7], [4], [2], [3, 9], [8], [3, 9], [1], [5], [6]], [[5, 6], [9], [5, 6], [4, 7], [1], [4, 7], [3], [2], [8]], [[1], [8], [3], [5], [6], [2], [4, 9], [7], [4, 9]], [[9], [7], [4], [6], [3], [5], [8], [1], [2]], [[2], [1], [5, 6], [8], [4, 7], [4, 7], [5, 6, 9], [3], [5, 9]], [[3, 5, 6], [3, 6], [8], [2], [9], [1], [5, 6], [4], [7]]]]
INFO:root:9152201:Doing checkSmall1
INFO:root:9152201:Getting tiny MUSes, distance 1, for 66 puzlits, 1 repeats
INFO:root:9152238:Chunked 66 in [5, 5, 4, 4, 4, 4, 4, 4, 4, 4, 4, 4, 4, 4, 4, 4]
INFO:root:9152261:XX found first (1, 6) is not 7 1
INFO:root:9152261:XX found first (1, 7) is not 7 1
INFO:root:9152261:XX found first (3, 5) is not 4 1
INFO:root:9152261:XX found first (1, 3) is not 6 1
INFO:root:9152262:XX found first (9, 2) is not 3 1
INFO:root:9152262:XX found first (2, 4) is not 7 1
INFO:root:9152262:XX found first (2, 5) is not 7 1
INFO:root:9152262:XX found first (8, 5) is not 7 1
INFO:root:9152262:XX found first (8, 2) is not 6 1
INFO:root:9152262:XX found first (3, 1) is not 3 1
INFO:root:9152262:XX found first (2, 6) is not 7 1
INFO:root:9152262:XX found first (1, 4) is not 7 1
INFO:root:9152262:XX found first (3, 5) is not 5 1
INFO:root:9152275:Early exit from checkSmall1
INFO:root:9152284:Starting Step 17
INFO:root:9152891:Current state [[[[8], [5], [7], [3, 4], [2], [3, 4, 6], [4], [9], [1]], [[4, 6], [2], [1], [4, 9], [4, 5], [4, 6, 9], [4, 5, 7], [8], [3]], [[4], [3], [9], [1], [7], [8], [2], [6], [4, 5]], [[7], [4], [2], [3, 9], [8], [3, 9], [1], [5], [6]], [[5, 6], [9], [5, 6], [4, 7], [1], [4, 7], [3], [2], [8]], [[1], [8], [3], [5], [6], [2], [4, 9], [7], [4, 9]], [[9], [7], [4], [6], [3], [5], [8], [1], [2]], [[2], [1], [5, 6], [8], [4], [4, 7], [5, 6, 9], [3], [5, 9]], [[3, 5, 6], [6], [8], [2], [9], [1], [5, 6], [4], [7]]]]
INFO:root:9152891:Doing checkSmall1
INFO:root:9152891:Getting tiny MUSes, distance 1, for 53 puzlits, 1 repeats
INFO:root:9152928:Chunked 53 in [4, 4, 4, 4, 4, 3, 3, 3, 3, 3, 3, 3, 3, 3, 3, 3]
INFO:root:9152945:XX found first (9, 1) is 3 1
INFO:root:9152945:XX found first (1, 6) is 6 1
INFO:root:9152945:XX found first (3, 1) is 4 1
INFO:root:9152946:XX found first (2, 5) is 5 1
INFO:root:9152946:XX found first (8, 6) is 7 1
INFO:root:9152946:XX found first (5, 4) is 7 1
INFO:root:9152946:XX found first (1, 7) is 4 1
INFO:root:9152946:XX found first (8, 5) is 4 1
INFO:root:9152946:XX found first (2, 7) is 7 1
INFO:root:9152946:XX found first (3, 9) is 5 1
INFO:root:9152946:XX found first (2, 1) is 6 1
INFO:root:9152946:XX found first (9, 2) is 6 1
INFO:root:9152959:Early exit from checkSmall1
INFO:root:9153005:Starting Step 18
INFO:root:9153611:Current state [[[[8], [5], [7], [3, 4], [2], [6], [4], [9], [1]], [[6], [2], [1], [4, 9], [5], [4, 6, 9], [7], [8], [3]], [[4], [3], [9], [1], [7], [8], [2], [6], [5]], [[7], [4], [2], [3, 9], [8], [3, 9], [1], [5], [6]], [[5, 6], [9], [5, 6], [7], [1], [4, 7], [3], [2], [8]], [[1], [8], [3], [5], [6], [2], [4, 9], [7], [4, 9]], [[9], [7], [4], [6], [3], [5], [8], [1], [2]], [[2], [1], [5, 6], [8], [4], [7], [5, 6, 9], [3], [5, 9]], [[3], [6], [8], [2], [9], [1], [5, 6], [4], [7]]]]
INFO:root:9153611:Doing checkSmall1
INFO:root:9153611:Getting tiny MUSes, distance 1, for 41 puzlits, 1 repeats
INFO:root:9153648:Chunked 41 in [3, 3, 3, 3, 3, 3, 3, 3, 3, 2, 2, 2, 2, 2, 2, 2]
INFO:root:9153671:XX found first (1, 6) is not 3 1
INFO:root:9153671:XX found first (3, 9) is not 4 1
INFO:root:9153672:XX found first (5, 4) is not 4 1
INFO:root:9153672:XX found first (2, 1) is not 4 1
INFO:root:9153672:XX found first (2, 5) is not 4 1
INFO:root:9153672:XX found first (2, 7) is not 4 1
INFO:root:9153672:XX found first (1, 6) is not 4 1
INFO:root:9153672:XX found first (9, 1) is not 6 1
INFO:root:9153672:XX found first (9, 1) is not 5 1
INFO:root:9153672:XX found first (5, 1) is not 6 1
INFO:root:9153672:XX found first (2, 6) is not 6 1
INFO:root:9153672:XX found first (1, 4) is not 4 1
INFO:root:9153672:XX found first (8, 3) is not 6 1
INFO:root:9153672:XX found first (9, 7) is not 6 1
INFO:root:9153672:XX found first (8, 6) is not 4 1
INFO:root:9153672:XX found first (8, 9) is not 5 1
INFO:root:9153672:XX found first (5, 6) is not 7 1
INFO:root:9153672:XX found first (2, 7) is not 5 1
INFO:root:9153672:XX found first (6, 7) is not 4 1
INFO:root:9153686:Early exit from checkSmall1
INFO:root:9153695:Starting Step 19
INFO:root:9154317:Current state [[[[8], [5], [7], [3], [2], [6], [4], [9], [1]], [[6], [2], [1], [4, 9], [5], [4, 9], [7], [8], [3]], [[4], [3], [9], [1], [7], [8], [2], [6], [5]], [[7], [4], [2], [3, 9], [8], [3, 9], [1], [5], [6]], [[5], [9], [5, 6], [7], [1], [4], [3], [2], [8]], [[1], [8], [3], [5], [6], [2], [9], [7], [4, 9]], [[9], [7], [4], [6], [3], [5], [8], [1], [2]], [[2], [1], [5], [8], [4], [7], [5, 6, 9], [3], [9]], [[3], [6], [8], [2], [9], [1], [5], [4], [7]]]]
INFO:root:9154317:Doing checkSmall1
INFO:root:9154317:Getting tiny MUSes, distance 1, for 22 puzlits, 1 repeats
INFO:root:9154353:Chunked 22 in [2, 2, 2, 2, 2, 2, 1, 1, 1, 1, 1, 1, 1, 1, 1, 1]
INFO:root:9154366:XX found first (5, 1) is 5 1
INFO:root:9154366:XX found first (4, 6) is 3 1
INFO:root:9154366:XX found first (8, 3) is 5 1
INFO:root:9154366:XX found first (5, 3) is 6 1
INFO:root:9154366:XX found first (6, 9) is 4 1
INFO:root:9154366:XX found first (8, 7) is 6 1
INFO:root:9154366:XX found first (2, 4) is 4 1
INFO:root:9154366:XX found first (6, 7) is 9 1
INFO:root:9154366:XX found first (9, 7) is 5 1
INFO:root:9154366:XX found first (5, 6) is 4 1
INFO:root:9154366:XX found first (1, 4) is 3 1
INFO:root:9154366:XX found first (8, 9) is 9 1
INFO:root:9154380:Early exit from checkSmall1
INFO:root:9154429:Starting Step 20
INFO:root:9155052:Current state [[[[8], [5], [7], [3], [2], [6], [4], [9], [1]], [[6], [2], [1], [4], [5], [4, 9], [7], [8], [3]], [[4], [3], [9], [1], [7], [8], [2], [6], [5]], [[7], [4], [2], [3, 9], [8], [3], [1], [5], [6]], [[5], [9], [6], [7], [1], [4], [3], [2], [8]], [[1], [8], [3], [5], [6], [2], [9], [7], [4]], [[9], [7], [4], [6], [3], [5], [8], [1], [2]], [[2], [1], [5], [8], [4], [7], [6], [3], [9]], [[3], [6], [8], [2], [9], [1], [5], [4], [7]]]]
INFO:root:9155052:Doing checkSmall1
INFO:root:9155052:Getting tiny MUSes, distance 1, for 10 puzlits, 1 repeats
INFO:root:9155088:Chunked 10 in [1, 1, 1, 1, 1, 1, 1, 1, 1, 1, 0, 0, 0, 0, 0, 0]
INFO:root:9155105:XX found first (2, 6) is not 4 1
INFO:root:9155105:XX found first (8, 7) is not 5 1
INFO:root:9155105:XX found first (4, 4) is not 3 1
INFO:root:9155105:XX found first (2, 4) is not 9 1
INFO:root:9155105:XX found first (4, 6) is not 9 1
INFO:root:9155105:XX found first (5, 3) is not 5 1
INFO:root:9155105:XX found first (6, 9) is not 9 1
INFO:root:9155105:XX found first (8, 7) is not 9 1
INFO:root:9155118:Early exit from checkSmall1
INFO:root:9155127:Starting Step 21
INFO:root:9155763:Current state [[[[8], [5], [7], [3], [2], [6], [4], [9], [1]], [[6], [2], [1], [4], [5], [9], [7], [8], [3]], [[4], [3], [9], [1], [7], [8], [2], [6], [5]], [[7], [4], [2], [9], [8], [3], [1], [5], [6]], [[5], [9], [6], [7], [1], [4], [3], [2], [8]], [[1], [8], [3], [5], [6], [2], [9], [7], [4]], [[9], [7], [4], [6], [3], [5], [8], [1], [2]], [[2], [1], [5], [8], [4], [7], [6], [3], [9]], [[3], [6], [8], [2], [9], [1], [5], [4], [7]]]]
INFO:root:9155763:Doing checkSmall1
INFO:root:9155763:Getting tiny MUSes, distance 1, for 2 puzlits, 1 repeats
INFO:root:9155799:Chunked 2 in [1, 1, 0, 0, 0, 0, 0, 0, 0, 0, 0, 0, 0, 0, 0, 0]
INFO:root:9155807:XX found first (2, 6) is 9 1
INFO:root:9155807:XX found first (4, 4) is 9 1
INFO:root:9155820:Early exit from checkSmall1
INFO:root:9155834:Total Solver Calls 84990268
INFO:root:9155834:Trace: [(3, [(1, 3) is not 4])]
INFO:root:9155834:Trace Quality: [(3, 1)]
INFO:root:9155834:Trace Sorted: [(3, 1)]
INFO:root:9155835:Finished
INFO:root:9155835:Full Trace [(3, [(1, 3) is not 4])]

real	152m36.124s
user	2339m1.796s
sys	4m46.623s
