INFO:root:6419:Starting Step 1
INFO:root:6465:Current state [[[[8], [5], [1, 2, 3, 4, 5, 6, 7, 8, 9], [1, 2, 3, 4, 5, 6, 7, 8, 9], [2], [1, 2, 3, 4, 5, 6, 7, 8, 9], [1, 2, 3, 4, 5, 6, 7, 8, 9], [1, 2, 3, 4, 5, 6, 7, 8, 9], [1, 2, 3, 4, 5, 6, 7, 8, 9]], [[1, 2, 3, 4, 5, 6, 7, 8, 9], [2], [1, 2, 3, 4, 5, 6, 7, 8, 9], [1, 2, 3, 4, 5, 6, 7, 8, 9], [1, 2, 3, 4, 5, 6, 7, 8, 9], [1, 2, 3, 4, 5, 6, 7, 8, 9], [1, 2, 3, 4, 5, 6, 7, 8, 9], [1, 2, 3, 4, 5, 6, 7, 8, 9], [3]], [[1, 2, 3, 4, 5, 6, 7, 8, 9], [1, 2, 3, 4, 5, 6, 7, 8, 9], [9], [1], [1, 2, 3, 4, 5, 6, 7, 8, 9], [8], [1, 2, 3, 4, 5, 6, 7, 8, 9], [1, 2, 3, 4, 5, 6, 7, 8, 9], [1, 2, 3, 4, 5, 6, 7, 8, 9]], [[1, 2, 3, 4, 5, 6, 7, 8, 9], [4], [1, 2, 3, 4, 5, 6, 7, 8, 9], [1, 2, 3, 4, 5, 6, 7, 8, 9], [8], [1, 2, 3, 4, 5, 6, 7, 8, 9], [1], [5], [1, 2, 3, 4, 5, 6, 7, 8, 9]], [[1, 2, 3, 4, 5, 6, 7, 8, 9], [9], [1, 2, 3, 4, 5, 6, 7, 8, 9], [1, 2, 3, 4, 5, 6, 7, 8, 9], [1], [1, 2, 3, 4, 5, 6, 7, 8, 9], [1, 2, 3, 4, 5, 6, 7, 8, 9], [2], [1, 2, 3, 4, 5, 6, 7, 8, 9]], [[1, 2, 3, 4, 5, 6, 7, 8, 9], [8], [3], [1, 2, 3, 4, 5, 6, 7, 8, 9], [6], [1, 2, 3, 4, 5, 6, 7, 8, 9], [1, 2, 3, 4, 5, 6, 7, 8, 9], [7], [1, 2, 3, 4, 5, 6, 7, 8, 9]], [[1, 2, 3, 4, 5, 6, 7, 8, 9], [1, 2, 3, 4, 5, 6, 7, 8, 9], [1, 2, 3, 4, 5, 6, 7, 8, 9], [6], [1, 2, 3, 4, 5, 6, 7, 8, 9], [5], [8], [1, 2, 3, 4, 5, 6, 7, 8, 9], [1, 2, 3, 4, 5, 6, 7, 8, 9]], [[2], [1, 2, 3, 4, 5, 6, 7, 8, 9], [1, 2, 3, 4, 5, 6, 7, 8, 9], [1, 2, 3, 4, 5, 6, 7, 8, 9], [1, 2, 3, 4, 5, 6, 7, 8, 9], [1, 2, 3, 4, 5, 6, 7, 8, 9], [1, 2, 3, 4, 5, 6, 7, 8, 9], [3], [1, 2, 3, 4, 5, 6, 7, 8, 9]], [[1, 2, 3, 4, 5, 6, 7, 8, 9], [1, 2, 3, 4, 5, 6, 7, 8, 9], [1, 2, 3, 4, 5, 6, 7, 8, 9], [1, 2, 3, 4, 5, 6, 7, 8, 9], [9], [1, 2, 3, 4, 5, 6, 7, 8, 9], [1, 2, 3, 4, 5, 6, 7, 8, 9], [4], [7]]]]
INFO:root:6465:Doing checkSmall1
INFO:root:6465:Getting tiny MUSes, distance 1, for 702 puzlits, 1 repeats
INFO:root:6524:Chunked 702 in [44, 44, 44, 44, 44, 44, 44, 44, 44, 44, 44, 44, 44, 44, 43, 43]
INFO:root:6639:XX found first (3, 3) is not 5 1
INFO:root:6639:XX found first (3, 6) is not 3 1
INFO:root:6639:XX found first (9, 6) is not 7 1
INFO:root:6639:XX found first (3, 3) is not 7 1
INFO:root:6639:XX found first (6, 8) is not 1 1
INFO:root:6639:XX found first (1, 7) is not 2 1
INFO:root:6639:XX found first (3, 6) is not 2 1
INFO:root:6639:XX found first (1, 7) is not 3 1
INFO:root:6639:XX found first (7, 8) is not 8 1
INFO:root:6639:XX found first (6, 7) is not 8 1
INFO:root:6639:XX found first (8, 4) is not 9 1
INFO:root:6639:XX found first (3, 8) is not 7 1
INFO:root:6639:XX found first (6, 7) is not 1 1
INFO:root:6639:XX found first (6, 5) is not 7 1
INFO:root:6639:XX found first (6, 5) is not 9 1
INFO:root:6639:XX found first (8, 1) is not 1 1
INFO:root:6640:XX found first (1, 7) is not 8 1
INFO:root:6640:XX found first (6, 1) is not 7 1
INFO:root:6640:XX found first (4, 1) is not 8 1
INFO:root:6640:XX found first (6, 2) is not 4 1
INFO:root:6640:XX found first (6, 9) is not 5 1
INFO:root:6640:XX found first (6, 3) is not 5 1
INFO:root:6640:XX found first (8, 6) is not 5 1
INFO:root:6640:XX found first (4, 2) is not 6 1
INFO:root:6640:XX found first (2, 4) is not 8 1
INFO:root:6640:XX found first (3, 7) is not 9 1
INFO:root:6640:XX found first (8, 8) is not 7 1
INFO:root:6640:XX found first (2, 7) is not 2 1
INFO:root:6640:XX found first (9, 9) is not 5 1
INFO:root:6640:XX found first (2, 4) is not 3 1
INFO:root:6640:XX found first (3, 1) is not 9 1
INFO:root:6640:XX found first (7, 4) is not 2 1
INFO:root:6640:XX found first (6, 6) is not 8 1
INFO:root:6640:XX found first (1, 9) is not 3 1
INFO:root:6640:XX found first (8, 3) is not 3 1
INFO:root:6640:XX found first (9, 6) is not 8 1
INFO:root:6640:XX found first (7, 9) is not 7 1
INFO:root:6640:XX found first (6, 7) is not 6 1
INFO:root:6640:XX found first (2, 9) is not 4 1
INFO:root:6640:XX found first (4, 2) is not 8 1
INFO:root:6640:XX found first (4, 8) is not 4 1
INFO:root:6641:XX found first (5, 8) is not 8 1
INFO:root:6641:XX found first (5, 6) is not 8 1
INFO:root:6641:XX found first (4, 4) is not 1 1
INFO:root:6641:XX found first (9, 9) is not 9 1
INFO:root:6641:XX found first (7, 9) is not 3 1
INFO:root:6641:XX found first (9, 2) is not 9 1
INFO:root:6641:XX found first (6, 1) is not 8 1
INFO:root:6641:XX found first (9, 6) is not 4 1
INFO:root:6641:XX found first (3, 4) is not 7 1
INFO:root:6641:XX found first (7, 5) is not 1 1
INFO:root:6641:XX found first (5, 7) is not 8 1
INFO:root:6641:XX found first (7, 5) is not 2 1
INFO:root:6641:XX found first (2, 9) is not 9 1
INFO:root:6641:XX found first (3, 9) is not 1 1
INFO:root:6641:XX found first (6, 5) is not 5 1
INFO:root:6641:XX found first (2, 5) is not 2 1
INFO:root:6641:XX found first (9, 8) is not 2 1
INFO:root:6641:XX found first (5, 5) is not 6 1
INFO:root:6641:XX found first (9, 9) is not 4 1
INFO:root:6641:XX found first (5, 8) is not 9 1
INFO:root:6641:XX found first (6, 8) is not 9 1
INFO:root:6641:XX found first (7, 5) is not 8 1
INFO:root:6642:XX found first (3, 6) is not 4 1
INFO:root:6642:XX found first (5, 5) is not 9 1
INFO:root:6642:XX found first (7, 3) is not 9 1
INFO:root:6642:XX found first (8, 9) is not 7 1
INFO:root:6642:XX found first (8, 8) is not 8 1
INFO:root:6642:XX found first (6, 4) is not 3 1
INFO:root:6642:XX found first (8, 8) is not 6 1
INFO:root:6642:XX found first (5, 5) is not 5 1
INFO:root:6642:XX found first (3, 7) is not 3 1
INFO:root:6642:XX found first (4, 8) is not 6 1
INFO:root:6642:XX found first (6, 8) is not 3 1
INFO:root:6642:XX found first (5, 6) is not 1 1
INFO:root:6642:XX found first (3, 5) is not 2 1
INFO:root:6642:XX found first (6, 6) is not 3 1
INFO:root:6642:XX found first (5, 4) is not 8 1
INFO:root:6642:XX found first (4, 6) is not 8 1
INFO:root:6642:XX found first (5, 2) is not 6 1
INFO:root:6642:XX found first (9, 1) is not 4 1
INFO:root:6642:XX found first (8, 1) is not 5 1
INFO:root:6642:XX found first (3, 6) is not 5 1
INFO:root:6642:XX found first (9, 7) is not 3 1
INFO:root:6642:XX found first (8, 8) is not 1 1
INFO:root:6642:XX found first (2, 6) is not 1 1
INFO:root:6642:XX found first (4, 8) is not 7 1
INFO:root:6643:XX found first (9, 7) is not 1 1
INFO:root:6643:XX found first (4, 1) is not 1 1
INFO:root:6643:XX found first (9, 3) is not 7 1
INFO:root:6643:XX found first (3, 9) is not 7 1
INFO:root:6643:XX found first (8, 8) is not 5 1
INFO:root:6643:XX found first (5, 3) is not 9 1
INFO:root:6643:XX found first (1, 9) is not 2 1
INFO:root:6643:XX found first (5, 6) is not 2 1
INFO:root:6643:XX found first (1, 8) is not 7 1
INFO:root:6643:XX found first (5, 9) is not 3 1
INFO:root:6643:XX found first (6, 4) is not 6 1
INFO:root:6643:XX found first (6, 3) is not 6 1
INFO:root:6643:XX found first (7, 7) is not 7 1
INFO:root:6643:XX found first (3, 2) is not 4 1
INFO:root:6643:XX found first (8, 7) is not 2 1
INFO:root:6643:XX found first (8, 7) is not 8 1
INFO:root:6643:XX found first (1, 2) is not 2 1
INFO:root:6643:XX found first (2, 8) is not 7 1
INFO:root:6643:XX found first (2, 1) is not 3 1
INFO:root:6643:XX found first (8, 5) is not 9 1
INFO:root:6643:XX found first (4, 8) is not 2 1
INFO:root:6643:XX found first (7, 7) is not 2 1
INFO:root:6643:XX found first (9, 7) is not 4 1
INFO:root:6643:XX found first (1, 2) is not 8 1
INFO:root:6643:XX found first (8, 1) is not 4 1
INFO:root:6644:XX found first (8, 1) is not 3 1
INFO:root:6644:XX found first (6, 9) is not 2 1
INFO:root:6644:XX found first (3, 6) is not 9 1
INFO:root:6644:XX found first (7, 9) is not 5 1
INFO:root:6644:XX found first (2, 2) is not 9 1
INFO:root:6644:XX found first (9, 8) is not 5 1
INFO:root:6644:XX found first (6, 9) is not 8 1
INFO:root:6644:XX found first (9, 5) is not 6 1
INFO:root:6644:XX found first (8, 2) is not 9 1
INFO:root:6644:XX found first (7, 9) is not 8 1
INFO:root:6644:XX found first (5, 5) is not 2 1
INFO:root:6644:XX found first (4, 5) is not 9 1
INFO:root:6644:XX found first (8, 1) is not 6 1
INFO:root:6644:XX found first (3, 5) is not 1 1
INFO:root:6644:XX found first (7, 6) is not 2 1
INFO:root:6644:XX found first (2, 7) is not 8 1
INFO:root:6644:XX found first (1, 9) is not 8 1
INFO:root:6644:XX found first (4, 1) is not 5 1
INFO:root:6644:XX found first (5, 4) is not 2 1
INFO:root:6644:XX found first (5, 2) is not 7 1
INFO:root:6644:XX found first (4, 7) is not 3 1
INFO:root:6644:XX found first (8, 2) is not 2 1
INFO:root:6644:XX found first (7, 4) is not 3 1
INFO:root:6644:XX found first (4, 1) is not 4 1
INFO:root:6645:XX found first (8, 8) is not 4 1
INFO:root:6645:XX found first (1, 1) is not 7 1
INFO:root:6645:XX found first (6, 5) is not 2 1
INFO:root:6645:XX found first (1, 2) is not 6 1
INFO:root:6645:XX found first (8, 5) is not 6 1
INFO:root:6645:XX found first (1, 5) is not 3 1
INFO:root:6645:XX found first (2, 4) is not 2 1
INFO:root:6645:XX found first (8, 5) is not 2 1
INFO:root:6645:XX found first (7, 5) is not 5 1
INFO:root:6645:XX found first (2, 3) is not 5 1
INFO:root:6645:XX found first (4, 5) is not 5 1
INFO:root:6645:XX found first (9, 5) is not 8 1
INFO:root:6645:XX found first (4, 1) is not 2 1
INFO:root:6645:XX found first (9, 1) is not 7 1
INFO:root:6645:XX found first (5, 7) is not 2 1
INFO:root:6645:XX found first (9, 9) is not 6 1
INFO:root:6645:XX found first (6, 5) is not 4 1
INFO:root:6645:XX found first (1, 5) is not 1 1
INFO:root:6645:XX found first (1, 3) is not 3 1
INFO:root:6645:XX found first (5, 3) is not 3 1
INFO:root:6645:XX found first (5, 1) is not 3 1
INFO:root:6645:XX found first (3, 4) is not 8 1
INFO:root:6645:XX found first (3, 3) is not 6 1
INFO:root:6645:XX found first (5, 5) is not 3 1
INFO:root:6646:XX found first (2, 5) is not 9 1
INFO:root:6646:XX found first (4, 7) is not 8 1
INFO:root:6646:XX found first (7, 4) is not 5 1
INFO:root:6646:XX found first (5, 4) is not 1 1
INFO:root:6646:XX found first (2, 9) is not 6 1
INFO:root:6646:XX found first (7, 8) is not 5 1
INFO:root:6646:XX found first (1, 4) is not 1 1
INFO:root:6646:XX found first (7, 1) is not 6 1
INFO:root:6646:XX found first (1, 8) is not 3 1
INFO:root:6646:XX found first (9, 5) is not 5 1
INFO:root:6646:XX found first (7, 8) is not 6 1
INFO:root:6646:XX found first (9, 2) is not 2 1
INFO:root:6646:XX found first (7, 4) is not 7 1
INFO:root:6646:XX found first (8, 9) is not 3 1
INFO:root:6646:XX found first (7, 6) is not 9 1
INFO:root:6646:XX found first (4, 9) is not 8 1
INFO:root:6646:XX found first (4, 3) is not 9 1
INFO:root:6646:XX found first (4, 2) is not 5 1
INFO:root:6646:XX found first (9, 8) is not 3 1
INFO:root:6646:XX found first (5, 5) is not 7 1
INFO:root:6646:XX found first (4, 7) is not 7 1
INFO:root:6646:XX found first (6, 4) is not 8 1
INFO:root:6646:XX found first (7, 2) is not 8 1
INFO:root:6647:XX found first (7, 6) is not 6 1
INFO:root:6647:XX found first (6, 1) is not 3 1
INFO:root:6647:XX found first (9, 4) is not 1 1
INFO:root:6647:XX found first (6, 3) is not 9 1
INFO:root:6647:XX found first (9, 3) is not 9 1
INFO:root:6647:XX found first (3, 2) is not 8 1
INFO:root:6647:XX found first (4, 4) is not 4 1
INFO:root:6647:XX found first (5, 4) is not 6 1
INFO:root:6647:XX found first (3, 4) is not 9 1
INFO:root:6647:XX found first (6, 6) is not 1 1
INFO:root:6647:XX found first (7, 2) is not 6 1
INFO:root:6647:XX found first (6, 9) is not 6 1
INFO:root:6647:XX found first (7, 7) is not 9 1
INFO:root:6647:XX found first (8, 3) is not 2 1
INFO:root:6647:XX found first (9, 4) is not 6 1
INFO:root:6647:XX found first (9, 8) is not 1 1
INFO:root:6647:XX found first (2, 6) is not 5 1
INFO:root:6647:XX found first (7, 3) is not 3 1
INFO:root:6647:XX found first (3, 4) is not 2 1
INFO:root:6647:XX found first (3, 8) is not 3 1
INFO:root:6647:XX found first (1, 2) is not 7 1
INFO:root:6647:XX found first (1, 5) is not 7 1
INFO:root:6647:XX found first (7, 6) is not 1 1
INFO:root:6647:XX found first (7, 5) is not 9 1
INFO:root:6647:XX found first (2, 4) is not 6 1
INFO:root:6647:XX found first (2, 9) is not 7 1
INFO:root:6648:XX found first (2, 3) is not 3 1
INFO:root:6648:XX found first (3, 6) is not 6 1
INFO:root:6648:XX found first (8, 7) is not 1 1
INFO:root:6648:XX found first (1, 4) is not 5 1
INFO:root:6648:XX found first (8, 8) is not 9 1
INFO:root:6648:XX found first (1, 9) is not 5 1
INFO:root:6648:XX found first (7, 8) is not 3 1
INFO:root:6648:XX found first (1, 2) is not 4 1
INFO:root:6648:XX found first (7, 6) is not 8 1
INFO:root:6648:XX found first (2, 8) is not 5 1
INFO:root:6648:XX found first (6, 3) is not 1 1
INFO:root:6648:XX found first (9, 1) is not 8 1
INFO:root:6648:XX found first (6, 6) is not 5 1
INFO:root:6648:XX found first (4, 2) is not 9 1
INFO:root:6648:XX found first (9, 7) is not 7 1
INFO:root:6648:XX found first (6, 2) is not 5 1
INFO:root:6648:XX found first (7, 7) is not 5 1
INFO:root:6648:XX found first (8, 4) is not 5 1
INFO:root:6648:XX found first (9, 8) is not 6 1
INFO:root:6648:XX found first (4, 5) is not 7 1
INFO:root:6648:XX found first (5, 8) is not 7 1
INFO:root:6648:XX found first (2, 3) is not 8 1
INFO:root:6648:XX found first (3, 8) is not 9 1
INFO:root:6649:XX found first (7, 3) is not 8 1
INFO:root:6649:XX found first (1, 3) is not 5 1
INFO:root:6649:XX found first (8, 6) is not 3 1
INFO:root:6649:XX found first (9, 2) is not 4 1
INFO:root:6649:XX found first (1, 6) is not 1 1
INFO:root:6649:XX found first (6, 6) is not 6 1
INFO:root:6649:XX found first (5, 4) is not 9 1
INFO:root:6649:XX found first (5, 9) is not 2 1
INFO:root:6649:XX found first (9, 5) is not 2 1
INFO:root:6649:XX found first (3, 4) is not 4 1
INFO:root:6649:XX found first (4, 5) is not 3 1
INFO:root:6649:XX found first (2, 6) is not 2 1
INFO:root:6649:XX found first (9, 5) is not 4 1
INFO:root:6649:XX found first (1, 5) is not 6 1
INFO:root:6649:XX found first (7, 9) is not 6 1
INFO:root:6649:XX found first (7, 8) is not 2 1
INFO:root:6649:XX found first (8, 4) is not 6 1
INFO:root:6649:XX found first (4, 4) is not 5 1
INFO:root:6649:XX found first (1, 7) is not 1 1
INFO:root:6649:XX found first (5, 3) is not 8 1
INFO:root:6649:XX found first (7, 3) is not 5 1
INFO:root:6649:XX found first (4, 3) is not 3 1
INFO:root:6649:XX found first (2, 7) is not 3 1
INFO:root:6649:XX found first (8, 6) is not 9 1
INFO:root:6649:XX found first (2, 5) is not 3 1
INFO:root:6650:XX found first (2, 1) is not 5 1
INFO:root:6650:XX found first (2, 2) is not 1 1
INFO:root:6650:XX found first (8, 7) is not 3 1
INFO:root:6650:XX found first (2, 5) is not 1 1
INFO:root:6650:XX found first (6, 8) is not 2 1
INFO:root:6650:XX found first (7, 6) is not 7 1
INFO:root:6650:XX found first (6, 9) is not 1 1
INFO:root:6650:XX found first (9, 4) is not 9 1
INFO:root:6650:XX found first (6, 7) is not 2 1
INFO:root:6650:XX found first (1, 8) is not 5 1
INFO:root:6650:XX found first (1, 1) is not 9 1
INFO:root:6650:XX found first (4, 8) is not 3 1
INFO:root:6650:XX found first (6, 2) is not 1 1
INFO:root:6650:XX found first (2, 6) is not 3 1
INFO:root:6650:XX found first (5, 8) is not 4 1
INFO:root:6650:XX found first (3, 2) is not 2 1
INFO:root:6650:XX found first (3, 5) is not 9 1
INFO:root:6650:XX found first (4, 3) is not 4 1
INFO:root:6650:XX found first (2, 8) is not 3 1
INFO:root:6650:XX found first (3, 8) is not 5 1
INFO:root:6650:XX found first (2, 1) is not 2 1
INFO:root:6650:XX found first (6, 2) is not 3 1
INFO:root:6650:XX found first (3, 4) is not 6 1
INFO:root:6650:XX found first (5, 1) is not 9 1
INFO:root:6650:XX found first (1, 1) is not 4 1
INFO:root:6651:XX found first (5, 7) is not 9 1
INFO:root:6651:XX found first (5, 7) is not 5 1
INFO:root:6651:XX found first (7, 1) is not 5 1
INFO:root:6651:XX found first (4, 3) is not 8 1
INFO:root:6651:XX found first (4, 3) is not 5 1
INFO:root:6651:XX found first (2, 1) is not 9 1
INFO:root:6651:XX found first (5, 3) is not 4 1
INFO:root:6651:XX found first (2, 9) is not 2 1
INFO:root:6651:XX found first (1, 1) is not 5 1
INFO:root:6651:XX found first (3, 7) is not 8 1
INFO:root:6651:XX found first (6, 3) is not 2 1
INFO:root:6651:XX found first (5, 7) is not 1 1
INFO:root:6651:XX found first (3, 3) is not 2 1
INFO:root:6651:XX found first (4, 7) is not 5 1
INFO:root:6651:XX found first (9, 9) is not 2 1
INFO:root:6651:XX found first (2, 3) is not 9 1
INFO:root:6651:XX found first (9, 9) is not 3 1
INFO:root:6651:XX found first (5, 2) is not 1 1
INFO:root:6651:XX found first (9, 2) is not 8 1
INFO:root:6651:XX found first (7, 7) is not 3 1
INFO:root:6651:XX found first (3, 3) is not 8 1
INFO:root:6651:XX found first (3, 1) is not 5 1
INFO:root:6651:XX found first (2, 2) is not 8 1
INFO:root:6651:XX found first (4, 5) is not 6 1
INFO:root:6652:XX found first (8, 1) is not 9 1
INFO:root:6652:XX found first (6, 1) is not 6 1
INFO:root:6652:XX found first (5, 6) is not 5 1
INFO:root:6652:XX found first (8, 2) is not 4 1
INFO:root:6652:XX found first (4, 2) is not 2 1
INFO:root:6652:XX found first (1, 3) is not 9 1
INFO:root:6652:XX found first (8, 6) is not 8 1
INFO:root:6652:XX found first (5, 9) is not 5 1
INFO:root:6652:XX found first (4, 4) is not 6 1
INFO:root:6652:XX found first (6, 7) is not 5 1
INFO:root:6652:XX found first (2, 5) is not 6 1
INFO:root:6652:XX found first (4, 4) is not 8 1
INFO:root:6652:XX found first (1, 8) is not 2 1
INFO:root:6652:XX found first (3, 9) is not 9 1
INFO:root:6652:XX found first (5, 2) is not 3 1
INFO:root:6652:XX found first (5, 9) is not 1 1
INFO:root:6652:XX found first (6, 5) is not 3 1
INFO:root:6652:XX found first (2, 2) is not 7 1
INFO:root:6652:XX found first (4, 7) is not 2 1
INFO:root:6652:XX found first (7, 2) is not 9 1
INFO:root:6652:XX found first (4, 1) is not 9 1
INFO:root:6652:XX found first (9, 1) is not 9 1
INFO:root:6652:XX found first (8, 1) is not 7 1
INFO:root:6652:XX found first (6, 7) is not 7 1
INFO:root:6652:XX found first (5, 7) is not 7 1
INFO:root:6653:XX found first (9, 7) is not 9 1
INFO:root:6653:XX found first (6, 9) is not 7 1
INFO:root:6653:XX found first (7, 5) is not 6 1
INFO:root:6653:XX found first (3, 8) is not 1 1
INFO:root:6653:XX found first (9, 8) is not 7 1
INFO:root:6653:XX found first (8, 7) is not 7 1
INFO:root:6653:XX found first (3, 6) is not 1 1
INFO:root:6653:XX found first (7, 2) is not 4 1
INFO:root:6653:XX found first (1, 5) is not 5 1
INFO:root:6653:XX found first (5, 2) is not 5 1
INFO:root:6653:XX found first (2, 9) is not 1 1
INFO:root:6653:XX found first (3, 8) is not 2 1
INFO:root:6653:XX found first (1, 2) is not 9 1
INFO:root:6653:XX found first (4, 7) is not 4 1
INFO:root:6653:XX found first (5, 8) is not 3 1
INFO:root:6653:XX found first (6, 3) is not 4 1
INFO:root:6653:XX found first (8, 6) is not 2 1
INFO:root:6653:XX found first (6, 3) is not 7 1
INFO:root:6653:XX found first (5, 2) is not 8 1
INFO:root:6653:XX found first (6, 8) is not 4 1
INFO:root:6653:XX found first (9, 4) is not 5 1
INFO:root:6653:XX found first (4, 7) is not 9 1
INFO:root:6653:XX found first (6, 8) is not 6 1
INFO:root:6653:XX found first (5, 8) is not 5 1
INFO:root:6654:XX found first (6, 4) is not 7 1
INFO:root:6654:XX found first (2, 3) is not 2 1
INFO:root:6654:XX found first (4, 8) is not 1 1
INFO:root:6654:XX found first (2, 9) is not 8 1
INFO:root:6654:XX found first (3, 1) is not 2 1
INFO:root:6654:XX found first (6, 1) is not 4 1
INFO:root:6654:XX found first (1, 6) is not 5 1
INFO:root:6654:XX found first (8, 2) is not 3 1
INFO:root:6654:XX found first (8, 5) is not 1 1
INFO:root:6654:XX found first (7, 4) is not 8 1
INFO:root:6654:XX found first (6, 6) is not 7 1
INFO:root:6654:XX found first (8, 3) is not 9 1
INFO:root:6654:XX found first (1, 3) is not 8 1
INFO:root:6654:XX found first (8, 5) is not 8 1
INFO:root:6654:XX found first (4, 8) is not 8 1
INFO:root:6654:XX found first (4, 9) is not 2 1
INFO:root:6654:XX found first (9, 4) is not 7 1
INFO:root:6654:XX found first (5, 9) is not 7 1
INFO:root:6654:XX found first (2, 2) is not 3 1
INFO:root:6654:XX found first (3, 7) is not 1 1
INFO:root:6654:XX found first (7, 6) is not 3 1
INFO:root:6654:XX found first (3, 5) is not 6 1
INFO:root:6654:XX found first (6, 3) is not 8 1
INFO:root:6654:XX found first (1, 1) is not 1 1
INFO:root:6654:XX found first (9, 6) is not 9 1
INFO:root:6655:XX found first (1, 2) is not 3 1
INFO:root:6655:XX found first (9, 5) is not 7 1
INFO:root:6655:XX found first (6, 4) is not 1 1
INFO:root:6655:XX found first (8, 2) is not 8 1
INFO:root:6655:XX found first (4, 9) is not 4 1
INFO:root:6655:XX found first (6, 5) is not 1 1
INFO:root:6655:XX found first (4, 3) is not 1 1
INFO:root:6655:XX found first (9, 6) is not 5 1
INFO:root:6655:XX found first (8, 4) is not 3 1
INFO:root:6655:XX found first (3, 5) is not 8 1
INFO:root:6655:XX found first (3, 2) is not 9 1
INFO:root:6655:XX found first (9, 8) is not 9 1
INFO:root:6655:XX found first (7, 8) is not 7 1
INFO:root:6655:XX found first (3, 1) is not 8 1
INFO:root:6655:XX found first (5, 1) is not 8 1
INFO:root:6655:XX found first (5, 5) is not 8 1
INFO:root:6655:XX found first (9, 5) is not 3 1
INFO:root:6655:XX found first (9, 9) is not 1 1
INFO:root:6655:XX found first (5, 3) is not 2 1
INFO:root:6655:XX found first (7, 4) is not 9 1
INFO:root:6655:XX found first (4, 9) is not 5 1
INFO:root:6655:XX found first (9, 5) is not 1 1
INFO:root:6655:XX found first (3, 3) is not 1 1
INFO:root:6656:XX found first (6, 2) is not 2 1
INFO:root:6656:XX found first (2, 9) is not 5 1
INFO:root:6656:XX found first (8, 6) is not 6 1
INFO:root:6656:XX found first (7, 4) is not 1 1
INFO:root:6656:XX found first (1, 9) is not 7 1
INFO:root:6656:XX found first (5, 6) is not 6 1
INFO:root:6656:XX found first (9, 2) is not 7 1
INFO:root:6656:XX found first (5, 5) is not 4 1
INFO:root:6656:XX found first (9, 1) is not 2 1
INFO:root:6656:XX found first (5, 1) is not 1 1
INFO:root:6656:XX found first (8, 5) is not 3 1
INFO:root:6656:XX found first (2, 4) is not 1 1
INFO:root:6656:XX found first (2, 1) is not 8 1
INFO:root:6656:XX found first (5, 8) is not 1 1
INFO:root:6656:XX found first (7, 4) is not 4 1
INFO:root:6656:XX found first (6, 2) is not 7 1
INFO:root:6656:XX found first (4, 8) is not 9 1
INFO:root:6656:XX found first (5, 3) is not 1 1
INFO:root:6656:XX found first (1, 8) is not 8 1
INFO:root:6656:XX found first (4, 5) is not 1 1
INFO:root:6656:XX found first (6, 7) is not 3 1
INFO:root:6656:XX found first (1, 1) is not 2 1
INFO:root:6656:XX found first (9, 8) is not 8 1
INFO:root:6656:XX found first (4, 6) is not 5 1
INFO:root:6656:XX found first (3, 9) is not 8 1
INFO:root:6657:XX found first (4, 2) is not 7 1
INFO:root:6657:XX found first (3, 2) is not 5 1
INFO:root:6657:XX found first (6, 8) is not 8 1
INFO:root:6657:XX found first (7, 8) is not 4 1
INFO:root:6657:XX found first (2, 2) is not 5 1
INFO:root:6657:XX found first (8, 4) is not 1 1
INFO:root:6657:XX found first (1, 7) is not 5 1
INFO:root:6657:XX found first (8, 8) is not 2 1
INFO:root:6657:XX found first (4, 9) is not 7 1
INFO:root:6657:XX found first (9, 3) is not 3 1
INFO:root:6657:XX found first (7, 2) is not 5 1
INFO:root:6657:XX found first (2, 5) is not 8 1
INFO:root:6657:XX found first (3, 8) is not 4 1
INFO:root:6657:XX found first (9, 4) is not 4 1
INFO:root:6657:XX found first (3, 1) is not 1 1
INFO:root:6657:XX found first (1, 1) is not 6 1
INFO:root:6657:XX found first (5, 6) is not 9 1
INFO:root:6657:XX found first (4, 6) is not 4 1
INFO:root:6657:XX found first (6, 2) is not 6 1
INFO:root:6657:XX found first (7, 3) is not 2 1
INFO:root:6657:XX found first (9, 3) is not 4 1
INFO:root:6657:XX found first (5, 2) is not 2 1
INFO:root:6657:XX found first (3, 4) is not 5 1
INFO:root:6657:XX found first (4, 2) is not 1 1
INFO:root:6657:XX found first (6, 8) is not 5 1
INFO:root:6658:XX found first (7, 3) is not 6 1
INFO:root:6658:XX found first (6, 1) is not 9 1
INFO:root:6658:XX found first (2, 2) is not 4 1
INFO:root:6658:XX found first (9, 2) is not 5 1
INFO:root:6658:XX found first (3, 6) is not 7 1
INFO:root:6658:XX found first (4, 2) is not 3 1
INFO:root:6658:XX found first (8, 9) is not 4 1
INFO:root:6658:XX found first (9, 9) is not 8 1
INFO:root:6658:XX found first (1, 5) is not 8 1
INFO:root:6658:XX found first (3, 8) is not 8 1
INFO:root:6658:XX found first (2, 6) is not 8 1
INFO:root:6658:XX found first (3, 3) is not 4 1
INFO:root:6658:XX found first (3, 4) is not 3 1
INFO:root:6658:XX found first (7, 7) is not 4 1
INFO:root:6658:XX found first (4, 7) is not 6 1
INFO:root:6658:XX found first (1, 6) is not 2 1
INFO:root:6658:XX found first (6, 5) is not 8 1
INFO:root:6658:XX found first (8, 2) is not 5 1
INFO:root:6658:XX found first (4, 9) is not 1 1
INFO:root:6658:XX found first (5, 1) is not 4 1
INFO:root:6658:XX found first (2, 7) is not 1 1
INFO:root:6658:XX found first (8, 7) is not 4 1
INFO:root:6658:XX found first (7, 7) is not 6 1
INFO:root:6658:XX found first (8, 9) is not 2 1
INFO:root:6659:XX found first (6, 1) is not 2 1
INFO:root:6659:XX found first (2, 8) is not 2 1
INFO:root:6659:XX found first (7, 9) is not 4 1
INFO:root:6659:XX found first (7, 2) is not 2 1
INFO:root:6659:XX found first (1, 5) is not 4 1
INFO:root:6659:XX found first (3, 9) is not 3 1
INFO:root:6659:XX found first (7, 1) is not 8 1
INFO:root:6659:XX found first (4, 5) is not 2 1
INFO:root:6659:XX found first (6, 9) is not 3 1
INFO:root:6659:XX found first (8, 5) is not 5 1
INFO:root:6659:XX found first (3, 3) is not 3 1
INFO:root:6659:XX found first (4, 9) is not 3 1
INFO:root:6659:XX found first (7, 6) is not 4 1
INFO:root:6659:XX found first (8, 9) is not 8 1
INFO:root:6659:XX found first (2, 2) is not 6 1
INFO:root:6659:XX found first (1, 4) is not 2 1
INFO:root:6659:XX found first (1, 8) is not 4 1
INFO:root:6659:XX found first (1, 2) is not 1 1
INFO:root:6659:XX found first (9, 6) is not 6 1
INFO:root:6659:XX found first (8, 4) is not 2 1
INFO:root:6659:XX found first (1, 6) is not 8 1
INFO:root:6659:XX found first (4, 6) is not 6 1
INFO:root:6659:XX found first (5, 8) is not 6 1
INFO:root:6659:XX found first (1, 1) is not 3 1
INFO:root:6659:XX found first (9, 7) is not 8 1
INFO:root:6660:XX found first (5, 9) is not 9 1
INFO:root:6660:XX found first (1, 4) is not 8 1
INFO:root:6660:XX found first (4, 1) is not 3 1
INFO:root:6660:XX found first (4, 5) is not 4 1
INFO:root:6660:XX found first (1, 4) is not 6 1
INFO:root:6660:XX found first (3, 2) is not 1 1
INFO:root:6660:XX found first (9, 3) is not 2 1
INFO:root:6660:XX found first (1, 5) is not 9 1
INFO:root:6660:XX found first (1, 3) is not 2 1
INFO:root:6660:XX found first (7, 7) is not 1 1
INFO:root:6660:XX found first (7, 1) is not 2 1
INFO:root:6660:XX found first (8, 1) is not 8 1
INFO:root:6660:XX found first (5, 2) is not 4 1
INFO:root:6660:XX found first (4, 6) is not 1 1
INFO:root:6660:XX found first (5, 1) is not 2 1
INFO:root:6660:XX found first (6, 2) is not 9 1
INFO:root:6660:XX found first (2, 8) is not 4 1
INFO:root:6672:Early exit from checkSmall1
INFO:root:6737:Starting Step 2
INFO:root:7249:Current state [[[[8], [5], [1, 4, 6, 7], [3, 4, 7, 9], [2], [3, 4, 6, 7, 9], [4, 6, 7, 9], [1, 6, 9], [1, 4, 6, 9]], [[1, 4, 6, 7], [2], [1, 4, 6, 7], [4, 5, 7, 9], [4, 5, 7], [4, 6, 7, 9], [4, 5, 6, 7, 9], [1, 6, 8, 9], [3]], [[3, 4, 6, 7], [3, 6, 7], [9], [1], [3, 4, 5, 7], [8], [2, 4, 5, 6, 7], [6], [2, 4, 5, 6]], [[6, 7], [4], [2, 6, 7], [2, 3, 7, 9], [8], [2, 3, 7, 9], [1], [5], [6, 9]], [[5, 6, 7], [9], [5, 6, 7], [3, 4, 5, 7], [1], [3, 4, 7], [3, 4, 6], [2], [4, 6, 8]], [[1, 5], [8], [3], [2, 4, 5, 9], [6], [2, 4, 9], [4, 9], [7], [4, 9]], [[1, 3, 4, 7, 9], [1, 3, 7], [1, 4, 7], [6], [3, 4, 7], [5], [8], [1, 9], [1, 2, 9]], [[2], [1, 6, 7], [1, 4, 5, 6, 7, 8], [4, 7, 8], [4, 7], [1, 4, 7], [5, 6, 9], [3], [1, 5, 6, 9]], [[1, 3, 5, 6], [1, 3, 6], [1, 5, 6, 8], [2, 3, 8], [9], [1, 2, 3], [2, 5, 6], [4], [7]]]]
INFO:root:7249:Doing checkSmall1
INFO:root:7249:Getting tiny MUSes, distance 1, for 183 puzlits, 1 repeats
INFO:root:7287:Chunked 183 in [12, 12, 12, 12, 12, 12, 12, 11, 11, 11, 11, 11, 11, 11, 11, 11]
INFO:root:7326:XX found first (2, 8) is 8 1
INFO:root:7326:XX found first (5, 7) is 3 1
INFO:root:7326:XX found first (4, 3) is 2 1
INFO:root:7327:XX found first (7, 1) is 9 1
INFO:root:7327:XX found first (6, 1) is 1 1
INFO:root:7327:XX found first (7, 9) is 2 1
INFO:root:7327:XX found first (5, 9) is 8 1
INFO:root:7327:XX found first (3, 8) is 6 1
INFO:root:7339:Early exit from checkSmall1
INFO:root:7368:Starting Step 3
INFO:root:7891:Current state [[[[8], [5], [1, 4, 6, 7], [3, 4, 7, 9], [2], [3, 4, 6, 7, 9], [4, 6, 7, 9], [1, 6, 9], [1, 4, 6, 9]], [[1, 4, 6, 7], [2], [1, 4, 6, 7], [4, 5, 7, 9], [4, 5, 7], [4, 6, 7, 9], [4, 5, 6, 7, 9], [8], [3]], [[3, 4, 6, 7], [3, 6, 7], [9], [1], [3, 4, 5, 7], [8], [2, 4, 5, 6, 7], [6], [2, 4, 5, 6]], [[6, 7], [4], [2], [2, 3, 7, 9], [8], [2, 3, 7, 9], [1], [5], [6, 9]], [[5, 6, 7], [9], [5, 6, 7], [3, 4, 5, 7], [1], [3, 4, 7], [3], [2], [8]], [[1], [8], [3], [2, 4, 5, 9], [6], [2, 4, 9], [4, 9], [7], [4, 9]], [[9], [1, 3, 7], [1, 4, 7], [6], [3, 4, 7], [5], [8], [1, 9], [2]], [[2], [1, 6, 7], [1, 4, 5, 6, 7, 8], [4, 7, 8], [4, 7], [1, 4, 7], [5, 6, 9], [3], [1, 5, 6, 9]], [[1, 3, 5, 6], [1, 3, 6], [1, 5, 6, 8], [2, 3, 8], [9], [1, 2, 3], [2, 5, 6], [4], [7]]]]
INFO:root:7891:Doing checkSmall1
INFO:root:7891:Getting tiny MUSes, distance 1, for 175 puzlits, 1 repeats
INFO:root:7927:Chunked 175 in [11, 11, 11, 11, 11, 11, 11, 11, 11, 11, 11, 11, 11, 11, 11, 10]
INFO:root:7957:XX found first (3, 7) is not 6 1
INFO:root:7957:XX found first (7, 9) is not 9 1
INFO:root:7957:XX found first (2, 8) is not 9 1
INFO:root:7958:XX found first (1, 7) is not 6 1
INFO:root:7958:XX found first (3, 9) is not 6 1
INFO:root:7958:XX found first (7, 8) is not 9 1
INFO:root:7958:XX found first (2, 7) is not 6 1
INFO:root:7958:XX found first (4, 3) is not 6 1
INFO:root:7958:XX found first (5, 4) is not 3 1
INFO:root:7958:XX found first (4, 6) is not 2 1
INFO:root:7958:XX found first (7, 1) is not 1 1
INFO:root:7958:XX found first (3, 9) is not 2 1
INFO:root:7958:XX found first (5, 9) is not 4 1
INFO:root:7958:XX found first (5, 9) is not 6 1
INFO:root:7958:XX found first (9, 7) is not 2 1
INFO:root:7958:XX found first (3, 2) is not 6 1
INFO:root:7958:XX found first (4, 3) is not 7 1
INFO:root:7958:XX found first (6, 1) is not 5 1
INFO:root:7958:XX found first (3, 1) is not 6 1
INFO:root:7958:XX found first (5, 7) is not 6 1
INFO:root:7958:XX found first (7, 1) is not 3 1
INFO:root:7958:XX found first (5, 6) is not 3 1
INFO:root:7958:XX found first (5, 7) is not 4 1
INFO:root:7958:XX found first (1, 9) is not 6 1
INFO:root:7958:XX found first (2, 8) is not 6 1
INFO:root:7958:XX found first (7, 9) is not 1 1
INFO:root:7958:XX found first (7, 1) is not 7 1
INFO:root:7959:XX found first (4, 4) is not 2 1
INFO:root:7959:XX found first (1, 8) is not 6 1
INFO:root:7959:XX found first (2, 1) is not 1 1
INFO:root:7959:XX found first (2, 8) is not 1 1
INFO:root:7959:XX found first (7, 1) is not 4 1
INFO:root:7959:XX found first (9, 1) is not 1 1
INFO:root:7971:Early exit from checkSmall1
INFO:root:7982:Starting Step 4
INFO:root:8530:Current state [[[[8], [5], [1, 4, 6, 7], [3, 4, 7, 9], [2], [3, 4, 6, 7, 9], [4, 7, 9], [1, 9], [1, 4, 9]], [[4, 6, 7], [2], [1, 4, 6, 7], [4, 5, 7, 9], [4, 5, 7], [4, 6, 7, 9], [4, 5, 7, 9], [8], [3]], [[3, 4, 7], [3, 7], [9], [1], [3, 4, 5, 7], [8], [2, 4, 5, 7], [6], [4, 5]], [[6, 7], [4], [2], [3, 7, 9], [8], [3, 7, 9], [1], [5], [6, 9]], [[5, 6, 7], [9], [5, 6, 7], [4, 5, 7], [1], [4, 7], [3], [2], [8]], [[1], [8], [3], [2, 4, 5, 9], [6], [2, 4, 9], [4, 9], [7], [4, 9]], [[9], [1, 3, 7], [1, 4, 7], [6], [3, 4, 7], [5], [8], [1], [2]], [[2], [1, 6, 7], [1, 4, 5, 6, 7, 8], [4, 7, 8], [4, 7], [1, 4, 7], [5, 6, 9], [3], [1, 5, 6, 9]], [[3, 5, 6], [1, 3, 6], [1, 5, 6, 8], [2, 3, 8], [9], [1, 2, 3], [5, 6], [4], [7]]]]
INFO:root:8530:Doing checkSmall1
INFO:root:8530:Getting tiny MUSes, distance 1, for 142 puzlits, 1 repeats
INFO:root:8566:Chunked 142 in [9, 9, 9, 9, 9, 9, 9, 9, 9, 9, 9, 9, 9, 9, 8, 8]
INFO:root:8595:XX found first (6, 4) is 5 1
INFO:root:8595:XX found first (1, 8) is 9 1
INFO:root:8595:XX found first (7, 8) is 1 1
INFO:root:8595:XX found first (3, 7) is 2 1
INFO:root:8595:XX found first (4, 9) is 6 1
INFO:root:8595:XX found first (2, 3) is 1 1
INFO:root:8607:Early exit from checkSmall1
INFO:root:8631:Starting Step 5
INFO:root:9177:Current state [[[[8], [5], [1, 4, 6, 7], [3, 4, 7, 9], [2], [3, 4, 6, 7, 9], [4, 7, 9], [9], [1, 4, 9]], [[4, 6, 7], [2], [1], [4, 5, 7, 9], [4, 5, 7], [4, 6, 7, 9], [4, 5, 7, 9], [8], [3]], [[3, 4, 7], [3, 7], [9], [1], [3, 4, 5, 7], [8], [2], [6], [4, 5]], [[6, 7], [4], [2], [3, 7, 9], [8], [3, 7, 9], [1], [5], [6]], [[5, 6, 7], [9], [5, 6, 7], [4, 5, 7], [1], [4, 7], [3], [2], [8]], [[1], [8], [3], [5], [6], [2, 4, 9], [4, 9], [7], [4, 9]], [[9], [1, 3, 7], [1, 4, 7], [6], [3, 4, 7], [5], [8], [1], [2]], [[2], [1, 6, 7], [1, 4, 5, 6, 7, 8], [4, 7, 8], [4, 7], [1, 4, 7], [5, 6, 9], [3], [1, 5, 6, 9]], [[3, 5, 6], [1, 3, 6], [1, 5, 6, 8], [2, 3, 8], [9], [1, 2, 3], [5, 6], [4], [7]]]]
INFO:root:9178:Doing checkSmall1
INFO:root:9178:Getting tiny MUSes, distance 1, for 136 puzlits, 1 repeats
INFO:root:9213:Chunked 136 in [9, 9, 9, 9, 9, 9, 9, 9, 8, 8, 8, 8, 8, 8, 8, 8]
INFO:root:9243:XX found first (4, 1) is not 6 1
INFO:root:9243:XX found first (6, 4) is not 9 1
INFO:root:9243:XX found first (2, 3) is not 7 1
INFO:root:9243:XX found first (2, 3) is not 4 1
INFO:root:9243:XX found first (5, 4) is not 5 1
INFO:root:9243:XX found first (2, 7) is not 9 1
INFO:root:9243:XX found first (8, 3) is not 1 1
INFO:root:9243:XX found first (8, 9) is not 6 1
INFO:root:9243:XX found first (3, 7) is not 4 1
INFO:root:9243:XX found first (1, 4) is not 9 1
INFO:root:9243:XX found first (2, 3) is not 6 1
INFO:root:9244:XX found first (7, 3) is not 1 1
INFO:root:9244:XX found first (1, 3) is not 1 1
INFO:root:9244:XX found first (6, 4) is not 4 1
INFO:root:9244:XX found first (8, 9) is not 1 1
INFO:root:9244:XX found first (1, 8) is not 1 1
INFO:root:9244:XX found first (1, 7) is not 9 1
INFO:root:9244:XX found first (9, 3) is not 1 1
INFO:root:9244:XX found first (7, 2) is not 1 1
INFO:root:9244:XX found first (1, 6) is not 9 1
INFO:root:9244:XX found first (1, 9) is not 9 1
INFO:root:9244:XX found first (6, 4) is not 2 1
INFO:root:9244:XX found first (2, 4) is not 5 1
INFO:root:9244:XX found first (4, 9) is not 9 1
INFO:root:9244:XX found first (3, 7) is not 7 1
INFO:root:9244:XX found first (3, 7) is not 5 1
INFO:root:9256:Early exit from checkSmall1
INFO:root:9266:Starting Step 6
INFO:root:9831:Current state [[[[8], [5], [4, 6, 7], [3, 4, 7], [2], [3, 4, 6, 7], [4, 7], [9], [1, 4]], [[4, 6, 7], [2], [1], [4, 7, 9], [4, 5, 7], [4, 6, 7, 9], [4, 5, 7], [8], [3]], [[3, 4, 7], [3, 7], [9], [1], [3, 4, 5, 7], [8], [2], [6], [4, 5]], [[7], [4], [2], [3, 7, 9], [8], [3, 7, 9], [1], [5], [6]], [[5, 6, 7], [9], [5, 6, 7], [4, 7], [1], [4, 7], [3], [2], [8]], [[1], [8], [3], [5], [6], [2, 4, 9], [4, 9], [7], [4, 9]], [[9], [3, 7], [4, 7], [6], [3, 4, 7], [5], [8], [1], [2]], [[2], [1, 6, 7], [4, 5, 6, 7, 8], [4, 7, 8], [4, 7], [1, 4, 7], [5, 6, 9], [3], [5, 9]], [[3, 5, 6], [1, 3, 6], [5, 6, 8], [2, 3, 8], [9], [1, 2, 3], [5, 6], [4], [7]]]]
INFO:root:9831:Doing checkSmall1
INFO:root:9831:Getting tiny MUSes, distance 1, for 110 puzlits, 1 repeats
INFO:root:9866:Chunked 110 in [7, 7, 7, 7, 7, 7, 7, 7, 7, 7, 7, 7, 7, 7, 6, 6]
INFO:root:9894:XX found first (6, 6) is 2 1
INFO:root:9894:XX found first (4, 1) is 7 1
INFO:root:9894:XX found first (9, 4) is 2 1
INFO:root:9894:XX found first (1, 9) is 1 1
INFO:root:9906:Early exit from checkSmall1
INFO:root:9925:Starting Step 7
INFO:root:10490:Current state [[[[8], [5], [4, 6, 7], [3, 4, 7], [2], [3, 4, 6, 7], [4, 7], [9], [1]], [[4, 6, 7], [2], [1], [4, 7, 9], [4, 5, 7], [4, 6, 7, 9], [4, 5, 7], [8], [3]], [[3, 4, 7], [3, 7], [9], [1], [3, 4, 5, 7], [8], [2], [6], [4, 5]], [[7], [4], [2], [3, 7, 9], [8], [3, 7, 9], [1], [5], [6]], [[5, 6, 7], [9], [5, 6, 7], [4, 7], [1], [4, 7], [3], [2], [8]], [[1], [8], [3], [5], [6], [2], [4, 9], [7], [4, 9]], [[9], [3, 7], [4, 7], [6], [3, 4, 7], [5], [8], [1], [2]], [[2], [1, 6, 7], [4, 5, 6, 7, 8], [4, 7, 8], [4, 7], [1, 4, 7], [5, 6, 9], [3], [5, 9]], [[3, 5, 6], [1, 3, 6], [5, 6, 8], [2], [9], [1, 2, 3], [5, 6], [4], [7]]]]
INFO:root:10490:Doing checkSmall1
INFO:root:10490:Getting tiny MUSes, distance 1, for 106 puzlits, 1 repeats
INFO:root:10527:Chunked 106 in [7, 7, 7, 7, 7, 7, 7, 7, 7, 7, 6, 6, 6, 6, 6, 6]
INFO:root:10552:XX found first (5, 1) is not 7 1
INFO:root:10553:XX found first (4, 4) is not 7 1
INFO:root:10553:XX found first (9, 4) is not 8 1
INFO:root:10553:XX found first (3, 1) is not 7 1
INFO:root:10553:XX found first (5, 3) is not 7 1
INFO:root:10553:XX found first (6, 6) is not 9 1
INFO:root:10553:XX found first (9, 4) is not 3 1
INFO:root:10553:XX found first (1, 9) is not 4 1
INFO:root:10553:XX found first (2, 1) is not 7 1
INFO:root:10553:XX found first (6, 6) is not 4 1
INFO:root:10553:XX found first (9, 6) is not 2 1
INFO:root:10553:XX found first (4, 6) is not 7 1
INFO:root:10565:Early exit from checkSmall1
INFO:root:10574:Starting Step 8
INFO:root:11154:Current state [[[[8], [5], [4, 6, 7], [3, 4, 7], [2], [3, 4, 6, 7], [4, 7], [9], [1]], [[4, 6], [2], [1], [4, 7, 9], [4, 5, 7], [4, 6, 7, 9], [4, 5, 7], [8], [3]], [[3, 4], [3, 7], [9], [1], [3, 4, 5, 7], [8], [2], [6], [4, 5]], [[7], [4], [2], [3, 9], [8], [3, 9], [1], [5], [6]], [[5, 6], [9], [5, 6], [4, 7], [1], [4, 7], [3], [2], [8]], [[1], [8], [3], [5], [6], [2], [4, 9], [7], [4, 9]], [[9], [3, 7], [4, 7], [6], [3, 4, 7], [5], [8], [1], [2]], [[2], [1, 6, 7], [4, 5, 6, 7, 8], [4, 7, 8], [4, 7], [1, 4, 7], [5, 6, 9], [3], [5, 9]], [[3, 5, 6], [1, 3, 6], [5, 6, 8], [2], [9], [1, 3], [5, 6], [4], [7]]]]
INFO:root:11154:Doing checkSmall1
INFO:root:11154:Getting tiny MUSes, distance 1, for 94 puzlits, 1 repeats
INFO:root:11190:Chunked 94 in [6, 6, 6, 6, 6, 6, 6, 6, 6, 6, 6, 6, 6, 6, 5, 5]
INFO:root:11218:XX found first (9, 3) is 8 1
INFO:root:11218:XX found first (8, 4) is 8 1
INFO:root:11230:Early exit from checkSmall1
INFO:root:11246:Starting Step 9
INFO:root:11828:Current state [[[[8], [5], [4, 6, 7], [3, 4, 7], [2], [3, 4, 6, 7], [4, 7], [9], [1]], [[4, 6], [2], [1], [4, 7, 9], [4, 5, 7], [4, 6, 7, 9], [4, 5, 7], [8], [3]], [[3, 4], [3, 7], [9], [1], [3, 4, 5, 7], [8], [2], [6], [4, 5]], [[7], [4], [2], [3, 9], [8], [3, 9], [1], [5], [6]], [[5, 6], [9], [5, 6], [4, 7], [1], [4, 7], [3], [2], [8]], [[1], [8], [3], [5], [6], [2], [4, 9], [7], [4, 9]], [[9], [3, 7], [4, 7], [6], [3, 4, 7], [5], [8], [1], [2]], [[2], [1, 6, 7], [4, 5, 6, 7, 8], [8], [4, 7], [1, 4, 7], [5, 6, 9], [3], [5, 9]], [[3, 5, 6], [1, 3, 6], [8], [2], [9], [1, 3], [5, 6], [4], [7]]]]
INFO:root:11829:Doing checkSmall1
INFO:root:11829:Getting tiny MUSes, distance 1, for 92 puzlits, 1 repeats
INFO:root:11865:Chunked 92 in [6, 6, 6, 6, 6, 6, 6, 6, 6, 6, 6, 6, 5, 5, 5, 5]
INFO:root:11889:XX found first (8, 4) is not 7 1
INFO:root:11889:XX found first (8, 4) is not 4 1
INFO:root:11889:XX found first (9, 3) is not 6 1
INFO:root:11889:XX found first (9, 3) is not 5 1
INFO:root:11889:XX found first (8, 3) is not 8 1
INFO:root:11901:Early exit from checkSmall1
INFO:root:11910:Starting Step 10
INFO:root:12496:Current state [[[[8], [5], [4, 6, 7], [3, 4, 7], [2], [3, 4, 6, 7], [4, 7], [9], [1]], [[4, 6], [2], [1], [4, 7, 9], [4, 5, 7], [4, 6, 7, 9], [4, 5, 7], [8], [3]], [[3, 4], [3, 7], [9], [1], [3, 4, 5, 7], [8], [2], [6], [4, 5]], [[7], [4], [2], [3, 9], [8], [3, 9], [1], [5], [6]], [[5, 6], [9], [5, 6], [4, 7], [1], [4, 7], [3], [2], [8]], [[1], [8], [3], [5], [6], [2], [4, 9], [7], [4, 9]], [[9], [3, 7], [4, 7], [6], [3, 4, 7], [5], [8], [1], [2]], [[2], [1, 6, 7], [4, 5, 6, 7], [8], [4, 7], [1, 4, 7], [5, 6, 9], [3], [5, 9]], [[3, 5, 6], [1, 3, 6], [8], [2], [9], [1, 3], [5, 6], [4], [7]]]]
INFO:root:12496:Doing checkSmall1
INFO:root:12496:Getting tiny MUSes, distance 1, for 87 puzlits, 1 repeats
INFO:root:12532:Chunked 87 in [6, 6, 6, 6, 6, 6, 6, 5, 5, 5, 5, 5, 5, 5, 5, 5]
INFO:root:12599:Considering 100 * 87 jobs for minsize=3
INFO:root:12616:Chunked 8700 in [544, 544, 544, 544, 544, 544, 544, 544, 544, 544, 544, 544, 543, 543, 543, 543]
INFO:root:19693:Considering 100 * 87 jobs for minsize=4
INFO:root:19709:Chunked 8700 in [544, 544, 544, 544, 544, 544, 544, 544, 544, 544, 544, 544, 543, 543, 543, 543]
INFO:root:27883:!! Found smaller !!!! 3 4
INFO:root:27883:XX found first (3, 5) is not 3 3
INFO:root:27883:!! Found smaller !!!! 3 4
INFO:root:27883:XX found first (9, 1) is not 6 3
INFO:root:27883:!! Found smaller !!!! 3 4
INFO:root:27883:XX add new best (9, 1) is not 6 3 3
INFO:root:27883:!! Found smaller !!!! 3 4
INFO:root:27883:XX add new best (3, 5) is not 3 3 3
INFO:root:27883:!! Found smaller !!!! 3 4
INFO:root:27883:XX found first (8, 3) is not 6 3
INFO:root:27883:!! Found smaller !!!! 3 4
INFO:root:27883:XX add new best (8, 3) is not 6 3 3
INFO:root:27883:!! Found smaller !!!! 3 4
INFO:root:27884:XX add new best (3, 5) is not 3 3 3
INFO:root:27884:!! Found smaller !!!! 3 4
INFO:root:27884:XX add new best (3, 5) is not 3 3 3
INFO:root:27884:!! Found smaller !!!! 3 4
INFO:root:27884:XX add new best (8, 3) is not 6 3 3
INFO:root:27884:!! Found smaller !!!! 3 4
INFO:root:27884:XX add new best (9, 1) is not 6 3 3
INFO:root:27884:!! Found smaller !!!! 3 4
INFO:root:27884:XX add new best (3, 5) is not 3 3 3
INFO:root:27884:!! Found smaller !!!! 3 4
INFO:root:27884:XX add new best (3, 5) is not 3 3 3
INFO:root:27884:!! Found smaller !!!! 3 4
INFO:root:27884:XX add new best (9, 1) is not 6 3 3
INFO:root:27884:!! Found smaller !!!! 3 4
INFO:root:27884:XX add new best (8, 3) is not 6 3 3
INFO:root:27884:!! Found smaller !!!! 3 4
INFO:root:27884:XX add new best (9, 1) is not 6 3 3
INFO:root:27885:!! Found smaller !!!! 3 4
INFO:root:27885:XX add new best (8, 3) is not 6 3 3
INFO:root:27885:!! Found smaller !!!! 3 4
INFO:root:27885:XX add new best (3, 5) is not 3 3 3
INFO:root:27885:!! Found smaller !!!! 3 4
INFO:root:27885:XX add new best (9, 1) is not 6 3 3
INFO:root:27885:!! Found smaller !!!! 3 4
INFO:root:27885:XX add new best (9, 1) is not 6 3 3
INFO:root:27885:!! Found smaller !!!! 3 4
INFO:root:27885:XX add new best (8, 3) is not 6 3 3
INFO:root:27885:!! Found smaller !!!! 3 4
INFO:root:27885:XX add new best (9, 1) is not 6 3 3
INFO:root:27885:!! Found smaller !!!! 3 4
INFO:root:27885:XX add new best (8, 3) is not 6 3 3
INFO:root:27885:!! Found smaller !!!! 3 4
INFO:root:27885:XX add new best (3, 5) is not 3 3 3
INFO:root:27885:!! Found smaller !!!! 3 4
INFO:root:27885:XX add new best (3, 5) is not 3 3 3
INFO:root:27885:!! Found smaller !!!! 3 4
INFO:root:27886:XX add new best (3, 5) is not 3 3 3
INFO:root:27886:!! Found smaller !!!! 3 4
INFO:root:27886:XX add new best (3, 5) is not 3 3 3
INFO:root:27886:!! Found smaller !!!! 3 4
INFO:root:27886:XX add new best (9, 1) is not 6 3 3
INFO:root:27886:!! Found smaller !!!! 3 4
INFO:root:27886:XX add new best (8, 3) is not 6 3 3
INFO:root:27886:!! Found smaller !!!! 3 4
INFO:root:27886:XX add new best (9, 1) is not 6 3 3
INFO:root:27886:!! Found smaller !!!! 3 4
INFO:root:27886:XX add new best (3, 5) is not 3 3 3
INFO:root:27886:!! Found smaller !!!! 3 4
INFO:root:27886:XX add new best (9, 1) is not 6 3 3
INFO:root:27886:!! Found smaller !!!! 3 4
INFO:root:27886:XX add new best (8, 3) is not 6 3 3
INFO:root:27886:!! Found smaller !!!! 3 4
INFO:root:27886:XX add new best (3, 5) is not 3 3 3
INFO:root:27886:!! Found smaller !!!! 3 4
INFO:root:27886:XX add new best (8, 3) is not 6 3 3
INFO:root:27887:!! Found smaller !!!! 3 4
INFO:root:27887:XX add new best (3, 5) is not 3 3 3
INFO:root:27887:!! Found smaller !!!! 3 4
INFO:root:27887:XX add new best (8, 3) is not 6 3 3
INFO:root:27887:!! Found smaller !!!! 3 4
INFO:root:27887:XX add new best (9, 1) is not 6 3 3
INFO:root:27887:!! Found smaller !!!! 3 4
INFO:root:27887:XX add new best (8, 3) is not 6 3 3
INFO:root:27887:!! Found smaller !!!! 3 4
INFO:root:27887:XX add new best (9, 1) is not 6 3 3
INFO:root:27887:!! Found smaller !!!! 3 4
INFO:root:27887:XX add new best (3, 5) is not 3 3 3
INFO:root:27887:!! Found smaller !!!! 3 4
INFO:root:27887:XX add new best (8, 3) is not 6 3 3
INFO:root:27887:!! Found smaller !!!! 3 4
INFO:root:27887:XX add new best (3, 5) is not 3 3 3
INFO:root:27887:!! Found smaller !!!! 3 4
INFO:root:27887:XX add new best (9, 1) is not 6 3 3
INFO:root:27888:!! Found smaller !!!! 3 4
INFO:root:27888:XX add new best (9, 1) is not 6 3 3
INFO:root:27888:!! Found smaller !!!! 3 4
INFO:root:27888:XX add new best (8, 3) is not 6 3 3
INFO:root:27888:!! Found smaller !!!! 3 4
INFO:root:27888:XX add new best (8, 3) is not 6 3 3
INFO:root:27888:!! Found smaller !!!! 3 4
INFO:root:27888:XX add new best (3, 5) is not 3 3 3
INFO:root:27888:!! Found smaller !!!! 3 4
INFO:root:27888:XX add new best (8, 3) is not 6 3 3
INFO:root:27888:!! Found smaller !!!! 3 4
INFO:root:27888:XX add new best (9, 1) is not 6 3 3
INFO:root:27888:!! Found smaller !!!! 3 4
INFO:root:27888:XX add new best (8, 3) is not 6 3 3
INFO:root:27888:!! Found smaller !!!! 3 4
INFO:root:27888:XX add new best (9, 1) is not 6 3 3
INFO:root:27888:!! Found smaller !!!! 3 4
INFO:root:27888:XX add new best (3, 5) is not 3 3 3
INFO:root:27889:!! Found smaller !!!! 3 4
INFO:root:27889:XX add new best (3, 5) is not 3 3 3
INFO:root:27889:!! Found smaller !!!! 3 4
INFO:root:27889:XX add new best (3, 5) is not 3 3 3
INFO:root:27889:!! Found smaller !!!! 3 4
INFO:root:27889:XX add new best (3, 5) is not 3 3 3
INFO:root:27889:!! Found smaller !!!! 3 4
INFO:root:27889:XX add new best (3, 5) is not 3 3 3
INFO:root:27889:!! Found smaller !!!! 3 4
INFO:root:27889:XX add new best (3, 5) is not 3 3 3
INFO:root:27889:!! Found smaller !!!! 3 4
INFO:root:27889:XX add new best (8, 3) is not 6 3 3
INFO:root:27889:!! Found smaller !!!! 3 4
INFO:root:27889:XX add new best (3, 5) is not 3 3 3
INFO:root:27889:!! Found smaller !!!! 3 4
INFO:root:27889:XX add new best (3, 5) is not 3 3 3
INFO:root:27889:!! Found smaller !!!! 3 4
INFO:root:27889:XX add new best (9, 1) is not 6 3 3
INFO:root:27889:!! Found smaller !!!! 3 4
INFO:root:27890:XX add new best (3, 5) is not 3 3 3
INFO:root:27890:!! Found smaller !!!! 3 4
INFO:root:27890:XX add new best (3, 5) is not 3 3 3
INFO:root:27890:!! Found smaller !!!! 3 4
INFO:root:27890:XX add new best (8, 3) is not 6 3 3
INFO:root:27890:!! Found smaller !!!! 3 4
INFO:root:27890:XX add new best (3, 5) is not 3 3 3
INFO:root:27890:!! Found smaller !!!! 3 4
INFO:root:27890:XX add new best (9, 1) is not 6 3 3
INFO:root:27890:!! Found smaller !!!! 3 4
INFO:root:27890:XX add new best (3, 5) is not 3 3 3
INFO:root:27890:!! Found smaller !!!! 3 4
INFO:root:27890:XX add new best (3, 5) is not 3 3 3
INFO:root:27890:!! Found smaller !!!! 3 4
INFO:root:27890:XX add new best (3, 5) is not 3 3 3
INFO:root:27890:!! Found smaller !!!! 3 4
INFO:root:27890:XX add new best (9, 1) is not 6 3 3
INFO:root:27890:!! Found smaller !!!! 3 4
INFO:root:27890:XX add new best (3, 5) is not 3 3 3
INFO:root:27891:!! Found smaller !!!! 3 4
INFO:root:27891:XX add new best (9, 1) is not 6 3 3
INFO:root:27891:!! Found smaller !!!! 3 4
INFO:root:27891:XX add new best (8, 3) is not 6 3 3
INFO:root:27891:!! Found smaller !!!! 3 4
INFO:root:27891:XX add new best (8, 3) is not 6 3 3
INFO:root:27891:!! Found smaller !!!! 3 4
INFO:root:27891:XX add new best (8, 3) is not 6 3 3
INFO:root:27891:!! Found smaller !!!! 3 4
INFO:root:27891:XX add new best (9, 1) is not 6 3 3
INFO:root:27891:!! Found smaller !!!! 3 4
INFO:root:27891:XX add new best (3, 5) is not 3 3 3
INFO:root:27891:!! Found smaller !!!! 3 4
INFO:root:27891:XX add new best (3, 5) is not 3 3 3
INFO:root:27891:!! Found smaller !!!! 3 4
INFO:root:27891:XX add new best (3, 5) is not 3 3 3
INFO:root:27891:!! Found smaller !!!! 3 4
INFO:root:27891:XX add new best (9, 1) is not 6 3 3
INFO:root:27891:!! Found smaller !!!! 3 4
INFO:root:27892:XX add new best (3, 5) is not 3 3 3
INFO:root:27892:!! Found smaller !!!! 3 4
INFO:root:27892:XX add new best (9, 1) is not 6 3 3
INFO:root:27892:!! Found smaller !!!! 3 4
INFO:root:27892:XX add new best (8, 3) is not 6 3 3
INFO:root:27892:!! Found smaller !!!! 3 4
INFO:root:27892:XX add new best (8, 3) is not 6 3 3
INFO:root:27892:!! Found smaller !!!! 3 4
INFO:root:27892:XX add new best (8, 3) is not 6 3 3
INFO:root:27892:!! Found smaller !!!! 3 4
INFO:root:27892:XX add new best (3, 5) is not 3 3 3
INFO:root:27892:!! Found smaller !!!! 3 4
INFO:root:27892:XX add new best (3, 5) is not 3 3 3
INFO:root:27892:!! Found smaller !!!! 3 4
INFO:root:27892:XX add new best (8, 3) is not 6 3 3
INFO:root:27892:!! Found smaller !!!! 3 4
INFO:root:27892:XX add new best (9, 1) is not 6 3 3
INFO:root:27892:!! Found smaller !!!! 3 4
INFO:root:27892:XX add new best (9, 1) is not 6 3 3
INFO:root:27893:!! Found smaller !!!! 3 4
INFO:root:27893:XX add new best (3, 5) is not 3 3 3
INFO:root:27893:!! Found smaller !!!! 3 4
INFO:root:27893:XX add new best (8, 3) is not 6 3 3
INFO:root:27893:!! Found smaller !!!! 3 4
INFO:root:27893:XX add new best (8, 3) is not 6 3 3
INFO:root:27893:!! Found smaller !!!! 3 4
INFO:root:27893:XX add new best (8, 3) is not 6 3 3
INFO:root:27893:!! Found smaller !!!! 3 4
INFO:root:27893:XX add new best (9, 1) is not 6 3 3
INFO:root:27893:!! Found smaller !!!! 3 4
INFO:root:27893:XX add new best (8, 3) is not 6 3 3
INFO:root:27893:!! Found smaller !!!! 3 4
INFO:root:27893:XX add new best (9, 1) is not 6 3 3
INFO:root:27893:!! Found smaller !!!! 3 4
INFO:root:27893:XX add new best (8, 3) is not 6 3 3
INFO:root:27893:!! Found smaller !!!! 3 4
INFO:root:27893:XX add new best (9, 1) is not 6 3 3
INFO:root:27893:!! Found smaller !!!! 3 4
INFO:root:27894:XX add new best (9, 1) is not 6 3 3
INFO:root:27894:!! Found smaller !!!! 3 4
INFO:root:27894:XX add new best (3, 5) is not 3 3 3
INFO:root:27894:!! Found smaller !!!! 3 4
INFO:root:27894:XX add new best (3, 5) is not 3 3 3
INFO:root:27894:!! Found smaller !!!! 3 4
INFO:root:27894:XX add new best (3, 5) is not 3 3 3
INFO:root:27894:!! Found smaller !!!! 3 4
INFO:root:27894:XX add new best (8, 3) is not 6 3 3
INFO:root:27894:!! Found smaller !!!! 3 4
INFO:root:27894:XX add new best (8, 3) is not 6 3 3
INFO:root:27894:!! Found smaller !!!! 3 4
INFO:root:27894:XX add new best (8, 3) is not 6 3 3
INFO:root:27894:!! Found smaller !!!! 3 4
INFO:root:27894:XX add new best (9, 1) is not 6 3 3
INFO:root:27894:!! Found smaller !!!! 3 4
INFO:root:27894:XX add new best (9, 1) is not 6 3 3
INFO:root:27894:!! Found smaller !!!! 3 4
INFO:root:27894:XX add new best (3, 5) is not 3 3 3
INFO:root:27895:!! Found smaller !!!! 3 4
INFO:root:27895:XX add new best (3, 5) is not 3 3 3
INFO:root:27895:!! Found smaller !!!! 3 4
INFO:root:27895:XX add new best (8, 3) is not 6 3 3
INFO:root:27895:!! Found smaller !!!! 3 4
INFO:root:27895:XX add new best (9, 1) is not 6 3 3
INFO:root:27895:!! Found smaller !!!! 3 4
INFO:root:27895:XX add new best (9, 1) is not 6 3 3
INFO:root:27895:!! Found smaller !!!! 3 4
INFO:root:27895:XX add new best (9, 1) is not 6 3 3
INFO:root:27895:!! Found smaller !!!! 3 4
INFO:root:27895:XX add new best (3, 5) is not 3 3 3
INFO:root:27895:!! Found smaller !!!! 3 4
INFO:root:27895:XX add new best (3, 5) is not 3 3 3
INFO:root:27895:!! Found smaller !!!! 3 4
INFO:root:27895:XX add new best (3, 5) is not 3 3 3
INFO:root:27895:!! Found smaller !!!! 3 4
INFO:root:27895:XX add new best (8, 3) is not 6 3 3
INFO:root:27896:!! Found smaller !!!! 3 4
INFO:root:27896:XX add new best (3, 5) is not 3 3 3
INFO:root:27896:!! Found smaller !!!! 3 4
INFO:root:27896:XX add new best (3, 5) is not 3 3 3
INFO:root:27896:!! Found smaller !!!! 3 4
INFO:root:27896:XX add new best (8, 3) is not 6 3 3
INFO:root:27896:!! Found smaller !!!! 3 4
INFO:root:27896:XX add new best (9, 1) is not 6 3 3
INFO:root:27896:!! Found smaller !!!! 3 4
INFO:root:27896:XX add new best (9, 1) is not 6 3 3
INFO:root:27896:!! Found smaller !!!! 3 4
INFO:root:27896:XX add new best (8, 3) is not 6 3 3
INFO:root:27896:!! Found smaller !!!! 3 4
INFO:root:27896:XX add new best (8, 3) is not 6 3 3
INFO:root:27896:!! Found smaller !!!! 3 4
INFO:root:27896:XX add new best (9, 1) is not 6 3 3
INFO:root:27896:!! Found smaller !!!! 3 4
INFO:root:27896:XX add new best (3, 5) is not 3 3 3
INFO:root:27897:!! Found smaller !!!! 3 4
INFO:root:27897:XX add new best (8, 3) is not 6 3 3
INFO:root:27897:!! Found smaller !!!! 3 4
INFO:root:27897:XX add new best (3, 5) is not 3 3 3
INFO:root:27897:!! Found smaller !!!! 3 4
INFO:root:27897:XX add new best (3, 5) is not 3 3 3
INFO:root:27897:!! Found smaller !!!! 3 4
INFO:root:27897:XX add new best (9, 1) is not 6 3 3
INFO:root:27897:!! Found smaller !!!! 3 4
INFO:root:27897:XX add new best (8, 3) is not 6 3 3
INFO:root:27897:!! Found smaller !!!! 3 4
INFO:root:27897:XX add new best (8, 3) is not 6 3 3
INFO:root:27897:!! Found smaller !!!! 3 4
INFO:root:27897:XX add new best (8, 3) is not 6 3 3
INFO:root:27897:!! Found smaller !!!! 3 4
INFO:root:27897:XX add new best (8, 3) is not 6 3 3
INFO:root:27897:!! Found smaller !!!! 3 4
INFO:root:27897:XX add new best (9, 1) is not 6 3 3
INFO:root:27897:!! Found smaller !!!! 3 4
INFO:root:27898:XX add new best (3, 5) is not 3 3 3
INFO:root:27898:!! Found smaller !!!! 3 4
INFO:root:27898:XX add new best (8, 3) is not 6 3 3
INFO:root:27898:!! Found smaller !!!! 3 4
INFO:root:27898:XX add new best (3, 5) is not 3 3 3
INFO:root:27898:!! Found smaller !!!! 3 4
INFO:root:27898:XX add new best (3, 5) is not 3 3 3
INFO:root:27898:!! Found smaller !!!! 3 4
INFO:root:27898:XX add new best (8, 3) is not 6 3 3
INFO:root:27898:!! Found smaller !!!! 3 4
INFO:root:27898:XX add new best (9, 1) is not 6 3 3
INFO:root:27898:!! Found smaller !!!! 3 4
INFO:root:27898:XX add new best (3, 5) is not 3 3 3
INFO:root:27898:!! Found smaller !!!! 3 4
INFO:root:27898:XX add new best (3, 5) is not 3 3 3
INFO:root:27898:!! Found smaller !!!! 3 4
INFO:root:27898:XX add new best (8, 3) is not 6 3 3
INFO:root:27898:!! Found smaller !!!! 3 4
INFO:root:27899:XX add new best (3, 5) is not 3 3 3
INFO:root:27899:!! Found smaller !!!! 3 4
INFO:root:27899:XX add new best (3, 5) is not 3 3 3
INFO:root:27899:!! Found smaller !!!! 3 4
INFO:root:27899:XX add new best (3, 5) is not 3 3 3
INFO:root:27899:!! Found smaller !!!! 3 4
INFO:root:27899:XX add new best (3, 5) is not 3 3 3
INFO:root:27899:!! Found smaller !!!! 3 4
INFO:root:27899:XX add new best (3, 5) is not 3 3 3
INFO:root:27899:!! Found smaller !!!! 3 4
INFO:root:27899:XX add new best (3, 5) is not 3 3 3
INFO:root:27899:!! Found smaller !!!! 3 4
INFO:root:27899:XX add new best (3, 5) is not 3 3 3
INFO:root:27899:!! Found smaller !!!! 3 4
INFO:root:27899:XX add new best (8, 3) is not 6 3 3
INFO:root:27899:!! Found smaller !!!! 3 4
INFO:root:27899:XX add new best (8, 3) is not 6 3 3
INFO:root:27899:!! Found smaller !!!! 3 4
INFO:root:27899:XX add new best (3, 5) is not 3 3 3
INFO:root:27900:!! Found smaller !!!! 3 4
INFO:root:27900:XX add new best (8, 3) is not 6 3 3
INFO:root:27900:!! Found smaller !!!! 3 4
INFO:root:27900:XX add new best (9, 1) is not 6 3 3
INFO:root:27900:!! Found smaller !!!! 3 4
INFO:root:27900:XX add new best (8, 3) is not 6 3 3
INFO:root:27900:!! Found smaller !!!! 3 4
INFO:root:27900:XX add new best (9, 1) is not 6 3 3
INFO:root:27900:!! Found smaller !!!! 3 4
INFO:root:27900:XX add new best (3, 5) is not 3 3 3
INFO:root:27900:!! Found smaller !!!! 3 4
INFO:root:27900:XX add new best (3, 5) is not 3 3 3
INFO:root:27900:!! Found smaller !!!! 3 4
INFO:root:27900:XX add new best (3, 5) is not 3 3 3
INFO:root:27900:!! Found smaller !!!! 3 4
INFO:root:27900:XX add new best (3, 5) is not 3 3 3
INFO:root:27900:!! Found smaller !!!! 3 4
INFO:root:27900:XX add new best (8, 3) is not 6 3 3
INFO:root:27900:!! Found smaller !!!! 3 4
INFO:root:27901:XX add new best (8, 3) is not 6 3 3
INFO:root:27901:!! Found smaller !!!! 3 4
INFO:root:27901:XX add new best (9, 1) is not 6 3 3
INFO:root:27901:!! Found smaller !!!! 3 4
INFO:root:27901:XX add new best (8, 3) is not 6 3 3
INFO:root:27901:!! Found smaller !!!! 3 4
INFO:root:27901:XX add new best (9, 1) is not 6 3 3
INFO:root:27901:!! Found smaller !!!! 3 4
INFO:root:27901:XX add new best (9, 1) is not 6 3 3
INFO:root:27901:!! Found smaller !!!! 3 4
INFO:root:27901:XX add new best (3, 5) is not 3 3 3
INFO:root:27901:!! Found smaller !!!! 3 4
INFO:root:27901:XX add new best (9, 1) is not 6 3 3
INFO:root:27901:!! Found smaller !!!! 3 4
INFO:root:27901:XX add new best (9, 1) is not 6 3 3
INFO:root:27901:!! Found smaller !!!! 3 4
INFO:root:27901:XX add new best (8, 3) is not 6 3 3
INFO:root:27901:!! Found smaller !!!! 3 4
INFO:root:27901:XX add new best (9, 1) is not 6 3 3
INFO:root:27902:!! Found smaller !!!! 3 4
INFO:root:27902:XX add new best (8, 3) is not 6 3 3
INFO:root:27902:!! Found smaller !!!! 3 4
INFO:root:27902:XX add new best (3, 5) is not 3 3 3
INFO:root:27902:!! Found smaller !!!! 3 4
INFO:root:27902:XX add new best (3, 5) is not 3 3 3
INFO:root:27902:!! Found smaller !!!! 3 4
INFO:root:27902:XX add new best (8, 3) is not 6 3 3
INFO:root:27902:!! Found smaller !!!! 3 4
INFO:root:27902:XX add new best (3, 5) is not 3 3 3
INFO:root:27902:!! Found smaller !!!! 3 4
INFO:root:27902:XX add new best (8, 3) is not 6 3 3
INFO:root:27902:!! Found smaller !!!! 3 4
INFO:root:27902:XX add new best (9, 1) is not 6 3 3
INFO:root:27902:!! Found smaller !!!! 3 4
INFO:root:27902:XX add new best (3, 5) is not 3 3 3
INFO:root:27902:!! Found smaller !!!! 3 4
INFO:root:27902:XX add new best (9, 1) is not 6 3 3
INFO:root:27903:!! Found smaller !!!! 3 4
INFO:root:27903:XX add new best (3, 5) is not 3 3 3
INFO:root:27903:!! Found smaller !!!! 3 4
INFO:root:27903:XX add new best (8, 3) is not 6 3 3
INFO:root:27903:!! Found smaller !!!! 3 4
INFO:root:27903:XX add new best (3, 5) is not 3 3 3
INFO:root:27903:!! Found smaller !!!! 3 4
INFO:root:27903:XX add new best (3, 5) is not 3 3 3
INFO:root:27903:!! Found smaller !!!! 3 4
INFO:root:27903:XX add new best (9, 1) is not 6 3 3
INFO:root:27903:!! Found smaller !!!! 3 4
INFO:root:27903:XX add new best (3, 5) is not 3 3 3
INFO:root:27903:!! Found smaller !!!! 3 4
INFO:root:27903:XX add new best (8, 3) is not 6 3 3
INFO:root:27903:!! Found smaller !!!! 3 4
INFO:root:27903:XX add new best (9, 1) is not 6 3 3
INFO:root:27903:!! Found smaller !!!! 3 4
INFO:root:27904:XX add new best (9, 1) is not 6 3 3
INFO:root:27904:!! Found smaller !!!! 3 4
INFO:root:27904:XX add new best (3, 5) is not 3 3 3
INFO:root:27904:!! Found smaller !!!! 3 4
INFO:root:27904:XX add new best (8, 3) is not 6 3 3
INFO:root:27904:!! Found smaller !!!! 3 4
INFO:root:27904:XX add new best (3, 5) is not 3 3 3
INFO:root:27904:!! Found smaller !!!! 3 4
INFO:root:27904:XX add new best (3, 5) is not 3 3 3
INFO:root:27904:!! Found smaller !!!! 3 4
INFO:root:27904:XX add new best (3, 5) is not 3 3 3
INFO:root:27904:!! Found smaller !!!! 3 4
INFO:root:27904:XX add new best (3, 5) is not 3 3 3
INFO:root:27904:!! Found smaller !!!! 3 4
INFO:root:27904:XX add new best (8, 3) is not 6 3 3
INFO:root:27904:!! Found smaller !!!! 3 4
INFO:root:27904:XX add new best (9, 1) is not 6 3 3
INFO:root:27904:!! Found smaller !!!! 3 4
INFO:root:27904:XX add new best (3, 5) is not 3 3 3
INFO:root:27905:!! Found smaller !!!! 3 4
INFO:root:27905:XX add new best (8, 3) is not 6 3 3
INFO:root:27905:!! Found smaller !!!! 3 4
INFO:root:27905:XX add new best (3, 5) is not 3 3 3
INFO:root:27905:!! Found smaller !!!! 3 4
INFO:root:27905:XX add new best (3, 5) is not 3 3 3
INFO:root:27905:!! Found smaller !!!! 3 4
INFO:root:27905:XX add new best (3, 5) is not 3 3 3
INFO:root:27905:!! Found smaller !!!! 3 4
INFO:root:27905:XX add new best (3, 5) is not 3 3 3
INFO:root:27905:!! Found smaller !!!! 3 4
INFO:root:27905:XX add new best (8, 3) is not 6 3 3
INFO:root:27905:!! Found smaller !!!! 3 4
INFO:root:27905:XX add new best (8, 3) is not 6 3 3
INFO:root:27905:!! Found smaller !!!! 3 4
INFO:root:27905:XX add new best (9, 1) is not 6 3 3
INFO:root:27905:!! Found smaller !!!! 3 4
INFO:root:27905:XX add new best (8, 3) is not 6 3 3
INFO:root:27906:!! Found smaller !!!! 3 4
INFO:root:27906:XX add new best (9, 1) is not 6 3 3
INFO:root:27906:!! Found smaller !!!! 3 4
INFO:root:27906:XX add new best (9, 1) is not 6 3 3
INFO:root:27906:!! Found smaller !!!! 3 4
INFO:root:27906:XX add new best (3, 5) is not 3 3 3
INFO:root:27906:!! Found smaller !!!! 3 4
INFO:root:27906:XX add new best (9, 1) is not 6 3 3
INFO:root:27906:!! Found smaller !!!! 3 4
INFO:root:27906:XX add new best (9, 1) is not 6 3 3
INFO:root:27906:!! Found smaller !!!! 3 4
INFO:root:27906:XX add new best (9, 1) is not 6 3 3
INFO:root:27906:!! Found smaller !!!! 3 4
INFO:root:27906:XX add new best (3, 5) is not 3 3 3
INFO:root:27906:!! Found smaller !!!! 3 4
INFO:root:27906:XX add new best (9, 1) is not 6 3 3
INFO:root:27906:!! Found smaller !!!! 3 4
INFO:root:27906:XX add new best (8, 3) is not 6 3 3
INFO:root:27906:!! Found smaller !!!! 3 4
INFO:root:27906:XX add new best (3, 5) is not 3 3 3
INFO:root:27907:!! Found smaller !!!! 3 4
INFO:root:27907:XX add new best (8, 3) is not 6 3 3
INFO:root:27907:!! Found smaller !!!! 3 4
INFO:root:27907:XX add new best (3, 5) is not 3 3 3
INFO:root:27907:!! Found smaller !!!! 3 4
INFO:root:27907:XX add new best (8, 3) is not 6 3 3
INFO:root:27907:!! Found smaller !!!! 3 4
INFO:root:27907:XX add new best (8, 3) is not 6 3 3
INFO:root:27907:!! Found smaller !!!! 3 4
INFO:root:27907:XX add new best (8, 3) is not 6 3 3
INFO:root:27907:!! Found smaller !!!! 3 4
INFO:root:27907:XX add new best (3, 5) is not 3 3 3
INFO:root:27907:!! Found smaller !!!! 3 4
INFO:root:27907:XX add new best (9, 1) is not 6 3 3
INFO:root:27907:!! Found smaller !!!! 3 4
INFO:root:27907:XX add new best (3, 5) is not 3 3 3
INFO:root:27907:!! Found smaller !!!! 3 4
INFO:root:27908:XX add new best (8, 3) is not 6 3 3
INFO:root:27908:!! Found smaller !!!! 3 4
INFO:root:27908:XX add new best (3, 5) is not 3 3 3
INFO:root:27908:!! Found smaller !!!! 3 4
INFO:root:27908:XX add new best (3, 5) is not 3 3 3
INFO:root:27908:!! Found smaller !!!! 3 4
INFO:root:27908:XX add new best (8, 3) is not 6 3 3
INFO:root:27908:!! Found smaller !!!! 3 4
INFO:root:27908:XX add new best (8, 3) is not 6 3 3
INFO:root:27908:!! Found smaller !!!! 3 4
INFO:root:27908:XX add new best (8, 3) is not 6 3 3
INFO:root:27908:!! Found smaller !!!! 3 4
INFO:root:27908:XX add new best (9, 1) is not 6 3 3
INFO:root:27908:!! Found smaller !!!! 3 4
INFO:root:27908:XX add new best (3, 5) is not 3 3 3
INFO:root:27908:!! Found smaller !!!! 3 4
INFO:root:27908:XX add new best (8, 3) is not 6 3 3
INFO:root:27908:!! Found smaller !!!! 3 4
INFO:root:27908:XX add new best (9, 1) is not 6 3 3
INFO:root:27909:!! Found smaller !!!! 3 4
INFO:root:27909:XX add new best (9, 1) is not 6 3 3
INFO:root:27909:!! Found smaller !!!! 3 4
INFO:root:27909:XX add new best (3, 5) is not 3 3 3
INFO:root:27909:!! Found smaller !!!! 3 4
INFO:root:27909:XX add new best (3, 5) is not 3 3 3
INFO:root:27909:!! Found smaller !!!! 3 4
INFO:root:27909:XX add new best (9, 1) is not 6 3 3
INFO:root:27909:!! Found smaller !!!! 3 4
INFO:root:27909:XX add new best (8, 3) is not 6 3 3
INFO:root:27909:!! Found smaller !!!! 3 4
INFO:root:27909:XX add new best (9, 1) is not 6 3 3
INFO:root:27909:!! Found smaller !!!! 3 4
INFO:root:27909:XX add new best (3, 5) is not 3 3 3
INFO:root:27909:!! Found smaller !!!! 3 4
INFO:root:27909:XX add new best (9, 1) is not 6 3 3
INFO:root:27909:!! Found smaller !!!! 3 4
INFO:root:27909:XX add new best (8, 3) is not 6 3 3
INFO:root:27909:!! Found smaller !!!! 3 4
INFO:root:27910:XX add new best (9, 1) is not 6 3 3
INFO:root:28100:Minimal choices : 3 [(3, 5) is not 3, (8, 3) is not 6, (9, 1) is not 6]
INFO:root:28101:Starting Step 11
INFO:root:28686:Current state [[[[8], [5], [4, 6, 7], [3, 4, 7], [2], [3, 4, 6, 7], [4, 7], [9], [1]], [[4, 6], [2], [1], [4, 7, 9], [4, 5, 7], [4, 6, 7, 9], [4, 5, 7], [8], [3]], [[3, 4], [3, 7], [9], [1], [4, 5, 7], [8], [2], [6], [4, 5]], [[7], [4], [2], [3, 9], [8], [3, 9], [1], [5], [6]], [[5, 6], [9], [5, 6], [4, 7], [1], [4, 7], [3], [2], [8]], [[1], [8], [3], [5], [6], [2], [4, 9], [7], [4, 9]], [[9], [3, 7], [4, 7], [6], [3, 4, 7], [5], [8], [1], [2]], [[2], [1, 6, 7], [4, 5, 6, 7], [8], [4, 7], [1, 4, 7], [5, 6, 9], [3], [5, 9]], [[3, 5, 6], [1, 3, 6], [8], [2], [9], [1, 3], [5, 6], [4], [7]]]]
INFO:root:28686:Doing checkSmall1
INFO:root:28687:Getting tiny MUSes, distance 1, for 86 puzlits, 1 repeats
INFO:root:28773:Chunked 86 in [6, 6, 6, 6, 6, 6, 5, 5, 5, 5, 5, 5, 5, 5, 5, 5]
INFO:root:28793:XX found first (7, 5) is 3 1
INFO:root:28805:Early exit from checkSmall1
INFO:root:28819:Starting Step 12
INFO:root:29409:Current state [[[[8], [5], [4, 6, 7], [3, 4, 7], [2], [3, 4, 6, 7], [4, 7], [9], [1]], [[4, 6], [2], [1], [4, 7, 9], [4, 5, 7], [4, 6, 7, 9], [4, 5, 7], [8], [3]], [[3, 4], [3, 7], [9], [1], [4, 5, 7], [8], [2], [6], [4, 5]], [[7], [4], [2], [3, 9], [8], [3, 9], [1], [5], [6]], [[5, 6], [9], [5, 6], [4, 7], [1], [4, 7], [3], [2], [8]], [[1], [8], [3], [5], [6], [2], [4, 9], [7], [4, 9]], [[9], [3, 7], [4, 7], [6], [3], [5], [8], [1], [2]], [[2], [1, 6, 7], [4, 5, 6, 7], [8], [4, 7], [1, 4, 7], [5, 6, 9], [3], [5, 9]], [[3, 5, 6], [1, 3, 6], [8], [2], [9], [1, 3], [5, 6], [4], [7]]]]
INFO:root:29409:Doing checkSmall1
INFO:root:29409:Getting tiny MUSes, distance 1, for 85 puzlits, 1 repeats
INFO:root:29447:Chunked 85 in [6, 6, 6, 6, 6, 5, 5, 5, 5, 5, 5, 5, 5, 5, 5, 5]
INFO:root:29469:XX found first (7, 2) is not 3 1
INFO:root:29469:XX found first (7, 5) is not 4 1
INFO:root:29469:XX found first (9, 6) is not 3 1
INFO:root:29469:XX found first (7, 5) is not 7 1
INFO:root:29482:Early exit from checkSmall1
INFO:root:29491:Starting Step 13
INFO:root:30077:Current state [[[[8], [5], [4, 6, 7], [3, 4, 7], [2], [3, 4, 6, 7], [4, 7], [9], [1]], [[4, 6], [2], [1], [4, 7, 9], [4, 5, 7], [4, 6, 7, 9], [4, 5, 7], [8], [3]], [[3, 4], [3, 7], [9], [1], [4, 5, 7], [8], [2], [6], [4, 5]], [[7], [4], [2], [3, 9], [8], [3, 9], [1], [5], [6]], [[5, 6], [9], [5, 6], [4, 7], [1], [4, 7], [3], [2], [8]], [[1], [8], [3], [5], [6], [2], [4, 9], [7], [4, 9]], [[9], [7], [4, 7], [6], [3], [5], [8], [1], [2]], [[2], [1, 6, 7], [4, 5, 6, 7], [8], [4, 7], [1, 4, 7], [5, 6, 9], [3], [5, 9]], [[3, 5, 6], [1, 3, 6], [8], [2], [9], [1], [5, 6], [4], [7]]]]
INFO:root:30077:Doing checkSmall1
INFO:root:30077:Getting tiny MUSes, distance 1, for 81 puzlits, 1 repeats
INFO:root:30115:Chunked 81 in [6, 5, 5, 5, 5, 5, 5, 5, 5, 5, 5, 5, 5, 5, 5, 5]
INFO:root:30140:XX found first (7, 2) is 7 1
INFO:root:30140:XX found first (7, 3) is 4 1
INFO:root:30140:XX found first (9, 6) is 1 1
INFO:root:30153:Early exit from checkSmall1
INFO:root:30173:Starting Step 14
INFO:root:30758:Current state [[[[8], [5], [4, 6, 7], [3, 4, 7], [2], [3, 4, 6, 7], [4, 7], [9], [1]], [[4, 6], [2], [1], [4, 7, 9], [4, 5, 7], [4, 6, 7, 9], [4, 5, 7], [8], [3]], [[3, 4], [3, 7], [9], [1], [4, 5, 7], [8], [2], [6], [4, 5]], [[7], [4], [2], [3, 9], [8], [3, 9], [1], [5], [6]], [[5, 6], [9], [5, 6], [4, 7], [1], [4, 7], [3], [2], [8]], [[1], [8], [3], [5], [6], [2], [4, 9], [7], [4, 9]], [[9], [7], [4], [6], [3], [5], [8], [1], [2]], [[2], [1, 6, 7], [4, 5, 6, 7], [8], [4, 7], [1, 4, 7], [5, 6, 9], [3], [5, 9]], [[3, 5, 6], [1, 3, 6], [8], [2], [9], [1], [5, 6], [4], [7]]]]
INFO:root:30758:Doing checkSmall1
INFO:root:30758:Getting tiny MUSes, distance 1, for 78 puzlits, 1 repeats
INFO:root:30796:Chunked 78 in [5, 5, 5, 5, 5, 5, 5, 5, 5, 5, 5, 5, 5, 5, 4, 4]
INFO:root:30817:XX found first (9, 2) is not 1 1
INFO:root:30818:XX found first (8, 3) is not 7 1
INFO:root:30818:XX found first (8, 2) is not 7 1
INFO:root:30818:XX found first (3, 2) is not 7 1
INFO:root:30818:XX found first (8, 6) is not 1 1
INFO:root:30818:XX found first (7, 3) is not 7 1
INFO:root:30818:XX found first (8, 3) is not 4 1
INFO:root:30818:XX found first (1, 3) is not 4 1
INFO:root:30831:Early exit from checkSmall1
INFO:root:30840:Starting Step 15
INFO:root:31435:Current state [[[[8], [5], [6, 7], [3, 4, 7], [2], [3, 4, 6, 7], [4, 7], [9], [1]], [[4, 6], [2], [1], [4, 7, 9], [4, 5, 7], [4, 6, 7, 9], [4, 5, 7], [8], [3]], [[3, 4], [3], [9], [1], [4, 5, 7], [8], [2], [6], [4, 5]], [[7], [4], [2], [3, 9], [8], [3, 9], [1], [5], [6]], [[5, 6], [9], [5, 6], [4, 7], [1], [4, 7], [3], [2], [8]], [[1], [8], [3], [5], [6], [2], [4, 9], [7], [4, 9]], [[9], [7], [4], [6], [3], [5], [8], [1], [2]], [[2], [1, 6], [5, 6], [8], [4, 7], [4, 7], [5, 6, 9], [3], [5, 9]], [[3, 5, 6], [3, 6], [8], [2], [9], [1], [5, 6], [4], [7]]]]
INFO:root:31435:Doing checkSmall1
INFO:root:31435:Getting tiny MUSes, distance 1, for 70 puzlits, 1 repeats
INFO:root:31472:Chunked 70 in [5, 5, 5, 5, 5, 5, 4, 4, 4, 4, 4, 4, 4, 4, 4, 4]
INFO:root:31493:XX found first (8, 2) is 1 1
INFO:root:31493:XX found first (3, 5) is 7 1
INFO:root:31493:XX found first (1, 3) is 7 1
INFO:root:31493:XX found first (3, 2) is 3 1
INFO:root:31506:Early exit from checkSmall1
INFO:root:31527:Starting Step 16
INFO:root:32125:Current state [[[[8], [5], [7], [3, 4, 7], [2], [3, 4, 6, 7], [4, 7], [9], [1]], [[4, 6], [2], [1], [4, 7, 9], [4, 5, 7], [4, 6, 7, 9], [4, 5, 7], [8], [3]], [[3, 4], [3], [9], [1], [7], [8], [2], [6], [4, 5]], [[7], [4], [2], [3, 9], [8], [3, 9], [1], [5], [6]], [[5, 6], [9], [5, 6], [4, 7], [1], [4, 7], [3], [2], [8]], [[1], [8], [3], [5], [6], [2], [4, 9], [7], [4, 9]], [[9], [7], [4], [6], [3], [5], [8], [1], [2]], [[2], [1], [5, 6], [8], [4, 7], [4, 7], [5, 6, 9], [3], [5, 9]], [[3, 5, 6], [3, 6], [8], [2], [9], [1], [5, 6], [4], [7]]]]
INFO:root:32125:Doing checkSmall1
INFO:root:32125:Getting tiny MUSes, distance 1, for 66 puzlits, 1 repeats
INFO:root:32163:Chunked 66 in [5, 5, 4, 4, 4, 4, 4, 4, 4, 4, 4, 4, 4, 4, 4, 4]
INFO:root:32181:XX found first (1, 6) is not 7 1
INFO:root:32181:XX found first (1, 7) is not 7 1
INFO:root:32181:XX found first (3, 5) is not 4 1
INFO:root:32181:XX found first (1, 3) is not 6 1
INFO:root:32181:XX found first (9, 2) is not 3 1
INFO:root:32182:XX found first (2, 4) is not 7 1
INFO:root:32182:XX found first (2, 5) is not 7 1
INFO:root:32182:XX found first (8, 5) is not 7 1
INFO:root:32182:XX found first (8, 2) is not 6 1
INFO:root:32182:XX found first (3, 1) is not 3 1
INFO:root:32182:XX found first (2, 6) is not 7 1
INFO:root:32182:XX found first (1, 4) is not 7 1
INFO:root:32182:XX found first (3, 5) is not 5 1
INFO:root:32195:Early exit from checkSmall1
INFO:root:32204:Starting Step 17
INFO:root:32805:Current state [[[[8], [5], [7], [3, 4], [2], [3, 4, 6], [4], [9], [1]], [[4, 6], [2], [1], [4, 9], [4, 5], [4, 6, 9], [4, 5, 7], [8], [3]], [[4], [3], [9], [1], [7], [8], [2], [6], [4, 5]], [[7], [4], [2], [3, 9], [8], [3, 9], [1], [5], [6]], [[5, 6], [9], [5, 6], [4, 7], [1], [4, 7], [3], [2], [8]], [[1], [8], [3], [5], [6], [2], [4, 9], [7], [4, 9]], [[9], [7], [4], [6], [3], [5], [8], [1], [2]], [[2], [1], [5, 6], [8], [4], [4, 7], [5, 6, 9], [3], [5, 9]], [[3, 5, 6], [6], [8], [2], [9], [1], [5, 6], [4], [7]]]]
INFO:root:32806:Doing checkSmall1
INFO:root:32806:Getting tiny MUSes, distance 1, for 53 puzlits, 1 repeats
INFO:root:32843:Chunked 53 in [4, 4, 4, 4, 4, 3, 3, 3, 3, 3, 3, 3, 3, 3, 3, 3]
INFO:root:32861:XX found first (9, 1) is 3 1
INFO:root:32861:XX found first (1, 6) is 6 1
INFO:root:32861:XX found first (3, 1) is 4 1
INFO:root:32861:XX found first (2, 5) is 5 1
INFO:root:32861:XX found first (8, 6) is 7 1
INFO:root:32861:XX found first (5, 4) is 7 1
INFO:root:32861:XX found first (1, 7) is 4 1
INFO:root:32861:XX found first (8, 5) is 4 1
INFO:root:32861:XX found first (2, 7) is 7 1
INFO:root:32861:XX found first (3, 9) is 5 1
INFO:root:32861:XX found first (2, 1) is 6 1
INFO:root:32861:XX found first (9, 2) is 6 1
INFO:root:32875:Early exit from checkSmall1
INFO:root:32923:Starting Step 18
INFO:root:33542:Current state [[[[8], [5], [7], [3, 4], [2], [6], [4], [9], [1]], [[6], [2], [1], [4, 9], [5], [4, 6, 9], [7], [8], [3]], [[4], [3], [9], [1], [7], [8], [2], [6], [5]], [[7], [4], [2], [3, 9], [8], [3, 9], [1], [5], [6]], [[5, 6], [9], [5, 6], [7], [1], [4, 7], [3], [2], [8]], [[1], [8], [3], [5], [6], [2], [4, 9], [7], [4, 9]], [[9], [7], [4], [6], [3], [5], [8], [1], [2]], [[2], [1], [5, 6], [8], [4], [7], [5, 6, 9], [3], [5, 9]], [[3], [6], [8], [2], [9], [1], [5, 6], [4], [7]]]]
INFO:root:33543:Doing checkSmall1
INFO:root:33543:Getting tiny MUSes, distance 1, for 41 puzlits, 1 repeats
INFO:root:33581:Chunked 41 in [3, 3, 3, 3, 3, 3, 3, 3, 3, 2, 2, 2, 2, 2, 2, 2]
INFO:root:33594:XX found first (1, 6) is not 3 1
INFO:root:33594:XX found first (3, 9) is not 4 1
INFO:root:33595:XX found first (5, 4) is not 4 1
INFO:root:33595:XX found first (2, 1) is not 4 1
INFO:root:33595:XX found first (2, 5) is not 4 1
INFO:root:33595:XX found first (2, 7) is not 4 1
INFO:root:33595:XX found first (1, 6) is not 4 1
INFO:root:33595:XX found first (9, 1) is not 6 1
INFO:root:33595:XX found first (9, 1) is not 5 1
INFO:root:33595:XX found first (5, 1) is not 6 1
INFO:root:33595:XX found first (2, 6) is not 6 1
INFO:root:33595:XX found first (1, 4) is not 4 1
INFO:root:33595:XX found first (8, 3) is not 6 1
INFO:root:33595:XX found first (9, 7) is not 6 1
INFO:root:33595:XX found first (8, 6) is not 4 1
INFO:root:33595:XX found first (8, 9) is not 5 1
INFO:root:33595:XX found first (5, 6) is not 7 1
INFO:root:33595:XX found first (2, 7) is not 5 1
INFO:root:33595:XX found first (6, 7) is not 4 1
INFO:root:33608:Early exit from checkSmall1
INFO:root:33617:Starting Step 19
INFO:root:34244:Current state [[[[8], [5], [7], [3], [2], [6], [4], [9], [1]], [[6], [2], [1], [4, 9], [5], [4, 9], [7], [8], [3]], [[4], [3], [9], [1], [7], [8], [2], [6], [5]], [[7], [4], [2], [3, 9], [8], [3, 9], [1], [5], [6]], [[5], [9], [5, 6], [7], [1], [4], [3], [2], [8]], [[1], [8], [3], [5], [6], [2], [9], [7], [4, 9]], [[9], [7], [4], [6], [3], [5], [8], [1], [2]], [[2], [1], [5], [8], [4], [7], [5, 6, 9], [3], [9]], [[3], [6], [8], [2], [9], [1], [5], [4], [7]]]]
INFO:root:34244:Doing checkSmall1
INFO:root:34244:Getting tiny MUSes, distance 1, for 22 puzlits, 1 repeats
INFO:root:34281:Chunked 22 in [2, 2, 2, 2, 2, 2, 1, 1, 1, 1, 1, 1, 1, 1, 1, 1]
INFO:root:34293:XX found first (5, 1) is 5 1
INFO:root:34294:XX found first (4, 6) is 3 1
INFO:root:34294:XX found first (8, 3) is 5 1
INFO:root:34294:XX found first (5, 3) is 6 1
INFO:root:34294:XX found first (6, 9) is 4 1
INFO:root:34294:XX found first (8, 7) is 6 1
INFO:root:34294:XX found first (2, 4) is 4 1
INFO:root:34294:XX found first (6, 7) is 9 1
INFO:root:34294:XX found first (9, 7) is 5 1
INFO:root:34294:XX found first (5, 6) is 4 1
INFO:root:34294:XX found first (1, 4) is 3 1
INFO:root:34294:XX found first (8, 9) is 9 1
INFO:root:34307:Early exit from checkSmall1
INFO:root:34358:Starting Step 20
INFO:root:34996:Current state [[[[8], [5], [7], [3], [2], [6], [4], [9], [1]], [[6], [2], [1], [4], [5], [4, 9], [7], [8], [3]], [[4], [3], [9], [1], [7], [8], [2], [6], [5]], [[7], [4], [2], [3, 9], [8], [3], [1], [5], [6]], [[5], [9], [6], [7], [1], [4], [3], [2], [8]], [[1], [8], [3], [5], [6], [2], [9], [7], [4]], [[9], [7], [4], [6], [3], [5], [8], [1], [2]], [[2], [1], [5], [8], [4], [7], [6], [3], [9]], [[3], [6], [8], [2], [9], [1], [5], [4], [7]]]]
INFO:root:34996:Doing checkSmall1
INFO:root:34996:Getting tiny MUSes, distance 1, for 10 puzlits, 1 repeats
INFO:root:35034:Chunked 10 in [1, 1, 1, 1, 1, 1, 1, 1, 1, 1, 0, 0, 0, 0, 0, 0]
INFO:root:35043:XX found first (2, 6) is not 4 1
INFO:root:35043:XX found first (8, 7) is not 5 1
INFO:root:35043:XX found first (4, 4) is not 3 1
INFO:root:35043:XX found first (2, 4) is not 9 1
INFO:root:35043:XX found first (4, 6) is not 9 1
INFO:root:35043:XX found first (5, 3) is not 5 1
INFO:root:35043:XX found first (6, 9) is not 9 1
INFO:root:35043:XX found first (8, 7) is not 9 1
INFO:root:35057:Early exit from checkSmall1
INFO:root:35066:Starting Step 21
INFO:root:35703:Current state [[[[8], [5], [7], [3], [2], [6], [4], [9], [1]], [[6], [2], [1], [4], [5], [9], [7], [8], [3]], [[4], [3], [9], [1], [7], [8], [2], [6], [5]], [[7], [4], [2], [9], [8], [3], [1], [5], [6]], [[5], [9], [6], [7], [1], [4], [3], [2], [8]], [[1], [8], [3], [5], [6], [2], [9], [7], [4]], [[9], [7], [4], [6], [3], [5], [8], [1], [2]], [[2], [1], [5], [8], [4], [7], [6], [3], [9]], [[3], [6], [8], [2], [9], [1], [5], [4], [7]]]]
INFO:root:35703:Doing checkSmall1
INFO:root:35703:Getting tiny MUSes, distance 1, for 2 puzlits, 1 repeats
INFO:root:35741:Chunked 2 in [1, 1, 0, 0, 0, 0, 0, 0, 0, 0, 0, 0, 0, 0, 0, 0]
INFO:root:35748:XX found first (2, 6) is 9 1
INFO:root:35748:XX found first (4, 4) is 9 1
INFO:root:35762:Early exit from checkSmall1
INFO:root:35777:Total Solver Calls 302451
INFO:root:35777:Trace: [(3, [(3, 5) is not 3])]
INFO:root:35777:Trace Quality: [(3, 1)]
INFO:root:35777:Trace Sorted: [(3, 1)]
INFO:root:35778:Finished
INFO:root:35778:Full Trace [(3, [(3, 5) is not 3])]

real	0m36.081s
user	4m10.788s
sys	0m10.677s
