DEBUG:/Users/matthewmcilree/URAS/Demystify/demystify/demystify/parse.py:124:root:Found VAR: 'grid'
DEBUG:/Users/matthewmcilree/URAS/Demystify/demystify/demystify/parse.py:131:root:$#CON vertalldiff "The vertical block starting at {a[0], a[1]} is all different"

DEBUG:/Users/matthewmcilree/URAS/Demystify/demystify/demystify/parse.py:136:root:Found CON: 'vertalldiff' 'The vertical block starting at {a[0], a[1]} is all different'
DEBUG:/Users/matthewmcilree/URAS/Demystify/demystify/demystify/parse.py:131:root:$#CON vertsum "The vertical block starting at {a[0], a[1]} sums to {params['vertsums'][a[0]][a[1]]}"

DEBUG:/Users/matthewmcilree/URAS/Demystify/demystify/demystify/parse.py:136:root:Found CON: 'vertsum' 'The vertical block starting at {a[0], a[1]} sums to {params['vertsums'][a[0]][a[1]]}'
DEBUG:/Users/matthewmcilree/URAS/Demystify/demystify/demystify/parse.py:131:root:$#CON horzalldiff "The horizontal block starting at {a[0], a[1]} is all different"

DEBUG:/Users/matthewmcilree/URAS/Demystify/demystify/demystify/parse.py:136:root:Found CON: 'horzalldiff' 'The horizontal block starting at {a[0], a[1]} is all different'
DEBUG:/Users/matthewmcilree/URAS/Demystify/demystify/demystify/parse.py:131:root:$#CON horzsum "The horizontal block starting at {a[0], a[1]} sums to {params['horzsums'][a[0]][a[1]]}"

DEBUG:/Users/matthewmcilree/URAS/Demystify/demystify/demystify/parse.py:136:root:Found CON: 'horzsum' 'The horizontal block starting at {a[0], a[1]} sums to {params['horzsums'][a[0]][a[1]]}'
DEBUG:/Users/matthewmcilree/URAS/Demystify/demystify/demystify/parse.py:184:root:{'grid': {('1', '1'): {0: 2}, ('1', '2'): {0: 3}, ('1', '3'): {0: 4}, ('1', '4'): {0: 5}, ('1', '5'): {0: 6}, ('2', '1'): {0: 7}, ('2', '2'): {0: 8}, ('2', '3'): {1: 9, 2: 10, 3: 11, 4: 12, 5: 13, 6: 14, 7: 15, 8: 16, 9: 17}, ('2', '4'): {1: 24, 2: 25, 3: 26, 4: 27, 5: 28, 6: 29, 7: 30, 8: 31, 9: 32}, ('2', '5'): {0: 39}, ('3', '1'): {0: 40}, ('3', '2'): {1: 41, 2: 42, 3: 43, 4: 44, 5: 45, 6: 46, 7: 47, 8: 48, 9: 49}, ('3', '3'): {1: 56, 2: 58, 3: 60, 4: 62, 5: 64, 6: 66, 7: 68, 8: 70, 9: -69}, ('3', '4'): {1: 71, 2: 73, 3: 75, 4: 77, 5: 79, 6: 81, 7: 83, 8: 85, 9: -84}, ('3', '5'): {1: 86, 2: 88, 3: 90, 4: 92, 5: 94, 6: 96, 7: 98, 8: 100, 9: -99}, ('4', '1'): {0: 101}, ('4', '2'): {1: 102, 2: 103, 3: 104, 4: 105, 5: 106, 6: 107, 7: 108, 8: 109, 9: 110}, ('4', '3'): {1: 117, 2: 119, 3: 121, 4: 123, 5: 125, 6: 127, 7: 129, 8: 131, 9: -130}, ('4', '4'): {1: 132, 2: 134, 3: 136, 4: 138, 5: 140, 6: 142, 7: 144, 8: 146, 9: -145}, ('4', '5'): {1: 147, 2: 149, 3: 151, 4: 153, 5: 155, 6: 157, 7: 159, 8: 161, 9: -160}, ('5', '1'): {0: 162}, ('5', '2'): {0: 163}, ('5', '3'): {1: 164, 2: 165, 3: 166, 4: 167, 5: 168, 6: 169, 7: 170, 8: 171, 9: 172}, ('5', '4'): {1: 179, 2: 181, 3: 183, 4: 185, 5: 187, 6: 189, 7: 191, 8: 193, 9: -192}, ('5', '5'): {0: 194}}, 'vertalldiff': {('1', '1'): {0: -195, 1: 195}, ('1', '2'): {0: -196, 1: 196}, ('1', '3'): {0: -197, 1: 197}, ('1', '4'): {0: -198, 1: 198}, ('1', '5'): {0: -199, 1: 199}, ('2', '1'): {0: -200, 1: 200}, ('2', '2'): {0: -201, 1: 201}, ('2', '3'): {0: -202, 1: 202}, ('2', '4'): {0: -203, 1: 203}, ('2', '5'): {0: -204, 1: 204}, ('3', '1'): {0: -205, 1: 205}, ('3', '2'): {0: -206, 1: 206}, ('3', '3'): {0: -207, 1: 207}, ('3', '4'): {0: -208, 1: 208}, ('3', '5'): {0: -209, 1: 209}, ('4', '1'): {0: -210, 1: 210}, ('4', '2'): {0: -211, 1: 211}, ('4', '3'): {0: -212, 1: 212}, ('4', '4'): {0: -213, 1: 213}, ('4', '5'): {0: -214, 1: 214}, ('5', '1'): {0: -215, 1: 215}, ('5', '2'): {0: -216, 1: 216}, ('5', '3'): {0: -217, 1: 217}, ('5', '4'): {0: -218, 1: 218}, ('5', '5'): {0: -219, 1: 219}}, 'vertsum': {('1', '1'): {0: -220, 1: 220}, ('1', '2'): {0: -221, 1: 221}, ('1', '3'): {0: 222}, ('1', '4'): {0: -223, 1: 223}, ('1', '5'): {0: -224, 1: 224}, ('2', '1'): {0: -225, 1: 225}, ('2', '2'): {0: -226, 1: 226}, ('2', '3'): {0: -227, 1: 227}, ('2', '4'): {0: -228, 1: 228}, ('2', '5'): {0: -229, 1: 229}, ('3', '1'): {0: -230, 1: 230}, ('3', '2'): {0: -231, 1: 231}, ('3', '3'): {0: -232, 1: 232}, ('3', '4'): {0: -233, 1: 233}, ('3', '5'): {0: -234, 1: 234}, ('4', '1'): {0: -235, 1: 235}, ('4', '2'): {0: -236, 1: 236}, ('4', '3'): {0: -237, 1: 237}, ('4', '4'): {0: -238, 1: 238}, ('4', '5'): {0: -239, 1: 239}, ('5', '1'): {0: -240, 1: 240}, ('5', '2'): {0: -241, 1: 241}, ('5', '3'): {0: -242, 1: 242}, ('5', '4'): {0: -243, 1: 243}, ('5', '5'): {0: -244, 1: 244}}, 'horzalldiff': {('1', '1'): {0: -245, 1: 245}, ('1', '2'): {0: -246, 1: 246}, ('1', '3'): {0: -247, 1: 247}, ('1', '4'): {0: -248, 1: 248}, ('1', '5'): {0: -249, 1: 249}, ('2', '1'): {0: -250, 1: 250}, ('2', '2'): {0: -251, 1: 251}, ('2', '3'): {0: -252, 1: 252}, ('2', '4'): {0: -253, 1: 253}, ('2', '5'): {0: -254, 1: 254}, ('3', '1'): {0: -255, 1: 255}, ('3', '2'): {0: -256, 1: 256}, ('3', '3'): {0: -257, 1: 257}, ('3', '4'): {0: -258, 1: 258}, ('3', '5'): {0: -259, 1: 259}, ('4', '1'): {0: -260, 1: 260}, ('4', '2'): {0: -261, 1: 261}, ('4', '3'): {0: -262, 1: 262}, ('4', '4'): {0: -263, 1: 263}, ('4', '5'): {0: -264, 1: 264}, ('5', '1'): {0: -265, 1: 265}, ('5', '2'): {0: -266, 1: 266}, ('5', '3'): {0: -267, 1: 267}, ('5', '4'): {0: -268, 1: 268}, ('5', '5'): {0: -269, 1: 269}}, 'horzsum': {('1', '1'): {0: -270, 1: 270}, ('1', '2'): {0: -271, 1: 271}, ('1', '3'): {0: -272, 1: 272}, ('1', '4'): {0: -273, 1: 273}, ('1', '5'): {0: -274, 1: 274}, ('2', '1'): {0: -275, 1: 275}, ('2', '2'): {0: 276}, ('2', '3'): {0: -277, 1: 277}, ('2', '4'): {0: -278, 1: 278}, ('2', '5'): {0: -279, 1: 279}, ('3', '1'): {0: -280, 1: 280}, ('3', '2'): {0: -281, 1: 281}, ('3', '3'): {0: -282, 1: 282}, ('3', '4'): {0: -283, 1: 283}, ('3', '5'): {0: -284, 1: 284}, ('4', '1'): {0: -285, 1: 285}, ('4', '2'): {0: -286, 1: 286}, ('4', '3'): {0: -287, 1: 287}, ('4', '4'): {0: -288, 1: 288}, ('4', '5'): {0: -289, 1: 289}, ('5', '1'): {0: -290, 1: 290}, ('5', '2'): {0: -291, 1: 291}, ('5', '3'): {0: -292, 1: 292}, ('5', '4'): {0: -293, 1: 293}, ('5', '5'): {0: -294, 1: 294}}}
DEBUG:/Users/matthewmcilree/URAS/Demystify/demystify/demystify/parse.py:256:root:The horizontal block starting at ('1', '2') is all different
DEBUG:/Users/matthewmcilree/URAS/Demystify/demystify/demystify/parse.py:256:root:The horizontal block starting at ('3', '5') is all different
DEBUG:/Users/matthewmcilree/URAS/Demystify/demystify/demystify/parse.py:256:root:The horizontal block starting at ('4', '2') is all different
DEBUG:/Users/matthewmcilree/URAS/Demystify/demystify/demystify/parse.py:256:root:The horizontal block starting at ('1', '1') is all different
DEBUG:/Users/matthewmcilree/URAS/Demystify/demystify/demystify/parse.py:256:root:The horizontal block starting at ('2', '1') is all different
DEBUG:/Users/matthewmcilree/URAS/Demystify/demystify/demystify/parse.py:256:root:The horizontal block starting at ('2', '2') is all different
DEBUG:/Users/matthewmcilree/URAS/Demystify/demystify/demystify/parse.py:256:root:The horizontal block starting at ('3', '1') is all different
DEBUG:/Users/matthewmcilree/URAS/Demystify/demystify/demystify/parse.py:256:root:The horizontal block starting at ('5', '1') is all different
DEBUG:/Users/matthewmcilree/URAS/Demystify/demystify/demystify/parse.py:256:root:The horizontal block starting at ('3', '4') is all different
DEBUG:/Users/matthewmcilree/URAS/Demystify/demystify/demystify/parse.py:256:root:The horizontal block starting at ('5', '5') is all different
DEBUG:/Users/matthewmcilree/URAS/Demystify/demystify/demystify/parse.py:256:root:The horizontal block starting at ('2', '3') is all different
DEBUG:/Users/matthewmcilree/URAS/Demystify/demystify/demystify/parse.py:256:root:The horizontal block starting at ('4', '5') is all different
DEBUG:/Users/matthewmcilree/URAS/Demystify/demystify/demystify/parse.py:256:root:The horizontal block starting at ('1', '3') is all different
DEBUG:/Users/matthewmcilree/URAS/Demystify/demystify/demystify/parse.py:256:root:The horizontal block starting at ('3', '3') is all different
DEBUG:/Users/matthewmcilree/URAS/Demystify/demystify/demystify/parse.py:256:root:The horizontal block starting at ('4', '1') is all different
DEBUG:/Users/matthewmcilree/URAS/Demystify/demystify/demystify/parse.py:256:root:The horizontal block starting at ('3', '2') is all different
DEBUG:/Users/matthewmcilree/URAS/Demystify/demystify/demystify/parse.py:256:root:The horizontal block starting at ('5', '2') is all different
DEBUG:/Users/matthewmcilree/URAS/Demystify/demystify/demystify/parse.py:256:root:The horizontal block starting at ('2', '4') is all different
DEBUG:/Users/matthewmcilree/URAS/Demystify/demystify/demystify/parse.py:256:root:The horizontal block starting at ('4', '4') is all different
DEBUG:/Users/matthewmcilree/URAS/Demystify/demystify/demystify/parse.py:256:root:The horizontal block starting at ('1', '4') is all different
DEBUG:/Users/matthewmcilree/URAS/Demystify/demystify/demystify/parse.py:256:root:The horizontal block starting at ('5', '3') is all different
DEBUG:/Users/matthewmcilree/URAS/Demystify/demystify/demystify/parse.py:256:root:The horizontal block starting at ('4', '3') is all different
DEBUG:/Users/matthewmcilree/URAS/Demystify/demystify/demystify/parse.py:256:root:The horizontal block starting at ('1', '5') is all different
DEBUG:/Users/matthewmcilree/URAS/Demystify/demystify/demystify/parse.py:256:root:The horizontal block starting at ('5', '4') is all different
DEBUG:/Users/matthewmcilree/URAS/Demystify/demystify/demystify/parse.py:256:root:The horizontal block starting at ('2', '5') is all different
DEBUG:/Users/matthewmcilree/URAS/Demystify/demystify/demystify/parse.py:256:root:The horizontal block starting at ('1', '2') sums to 0
DEBUG:/Users/matthewmcilree/URAS/Demystify/demystify/demystify/parse.py:256:root:The horizontal block starting at ('3', '5') sums to 0
DEBUG:/Users/matthewmcilree/URAS/Demystify/demystify/demystify/parse.py:256:root:The horizontal block starting at ('4', '2') sums to 0
DEBUG:/Users/matthewmcilree/URAS/Demystify/demystify/demystify/parse.py:256:root:The horizontal block starting at ('1', '1') sums to 0
DEBUG:/Users/matthewmcilree/URAS/Demystify/demystify/demystify/parse.py:256:root:The horizontal block starting at ('2', '1') sums to 0
Traceback (most recent call last):
  File "/Library/Frameworks/Python.framework/Versions/3.7/lib/python3.7/runpy.py", line 193, in _run_module_as_main
    "__main__", mod_spec)
  File "/Library/Frameworks/Python.framework/Versions/3.7/lib/python3.7/runpy.py", line 85, in _run_code
    exec(code, run_globals)
  File "demystify/__main__.py", line 124, in <module>
    explainer.init_from_essence(args.eprime, args.eprimeparam)
  File "/Users/matthewmcilree/URAS/Demystify/demystify/demystify/explain.py", line 45, in init_from_essence
    eprime, eprimeparam
  File "/Users/matthewmcilree/URAS/Demystify/demystify/demystify/parse.py", line 245, in parse_essence
    f"ERROR: Constraint {v}{k} cannot be satisfied.."
demystify.parse.ParseError: ERROR: Constraint horzsum('2', '2') cannot be satisfied..
